{"obj": {"type": "AssignString", "path": ["sys", "name"], "value": "Untitled"}, "version": 1}
{"obj": {"type": "AssignString", "path": ["sys", "description"], "value": ""}, "version": 2}
{"obj": {"type": "AssignString", "path": ["sys", "hostname"], "value": "node6"}, "version": 3}
{"obj": {"type": "AssignBool", "path": ["sys", "failed"], "value": false}, "version": 4}
{"obj": {"type": "ClearStringLog", "path": ["monitoring", "stdout"]}, "version": 5}
{"obj": {"type": "ClearStringLog", "path": ["monitoring", "stderr"]}, "version": 6}
{"obj": {"type": "UploadFileSet", "path": ["source_code", "files"], "file_globs": ["/home/aron/BCM_activity_classification/train_model.ipynb", "/home/aron/BCM_activity_classification/model.py", "/home/aron/BCM_activity_classification/BCM_dataset_v2.py"], "reset": "False"}, "version": 7}
{"obj": {"type": "ConfigFloatSeries", "path": ["monitoring", "cpu"], "min": 0.0, "max": 100.0, "unit": "%"}, "version": 8}
{"obj": {"type": "ClearFloatLog", "path": ["monitoring", "cpu"]}, "version": 9}
{"obj": {"type": "ConfigFloatSeries", "path": ["monitoring", "memory"], "min": 0.0, "max": 62.711673736572266, "unit": "GB"}, "version": 10}
{"obj": {"type": "ClearFloatLog", "path": ["monitoring", "memory"]}, "version": 11}
{"obj": {"type": "ConfigFloatSeries", "path": ["monitoring", "gpu_0"], "min": 0.0, "max": 100.0, "unit": "%"}, "version": 12}
{"obj": {"type": "ClearFloatLog", "path": ["monitoring", "gpu_0"]}, "version": 13}
{"obj": {"type": "ConfigFloatSeries", "path": ["monitoring", "gpu_1"], "min": 0.0, "max": 100.0, "unit": "%"}, "version": 14}
{"obj": {"type": "ClearFloatLog", "path": ["monitoring", "gpu_1"]}, "version": 15}
{"obj": {"type": "ConfigFloatSeries", "path": ["monitoring", "gpu_memory_0"], "min": 0.0, "max": 12.0, "unit": "GB"}, "version": 16}
{"obj": {"type": "ClearFloatLog", "path": ["monitoring", "gpu_memory_0"]}, "version": 17}
{"obj": {"type": "ConfigFloatSeries", "path": ["monitoring", "gpu_memory_1"], "min": 0.0, "max": 12.0, "unit": "GB"}, "version": 18}
{"obj": {"type": "ClearFloatLog", "path": ["monitoring", "gpu_memory_1"]}, "version": 19}
{"obj": {"type": "LogStrings", "path": ["monitoring", "stdout"], "values": [{"value": "", "step": null, "ts": 1667651354.3009515}]}, "version": 20}
{"obj": {"type": "LogFloats", "path": ["monitoring", "cpu"], "values": [{"value": 21.9, "step": null, "ts": 1667651354.2991872}]}, "version": 21}
{"obj": {"type": "LogStrings", "path": ["monitoring", "stdout"], "values": [{"value": "Remember to stop your run once you\u2019ve finished logging your metadata (https://docs.neptune.ai/api-reference/run#.stop). It will be stopped automatically only when the notebook kernel/interactive console is terminated.\n", "step": null, "ts": 1667651354.3063161}]}, "version": 22}
{"obj": {"type": "LogFloats", "path": ["monitoring", "memory"], "values": [{"value": 9.797866821289062, "step": null, "ts": 1667651354.2991872}]}, "version": 23}
{"obj": {"type": "LogFloats", "path": ["monitoring", "gpu_memory_0"], "values": [{"value": 1.33013916015625, "step": null, "ts": 1667651354.2991872}]}, "version": 24}
{"obj": {"type": "LogFloats", "path": ["monitoring", "gpu_memory_1"], "values": [{"value": 0.232177734375, "step": null, "ts": 1667651354.2991872}]}, "version": 25}
{"obj": {"type": "AssignString", "path": ["source_code", "integrations", "pytorch-lightning"], "value": "1.7.5"}, "version": 26}
{"obj": {"type": "LogStrings", "path": ["metadata", "file_path"], "values": [{"value": "data/bcm/", "step": null, "ts": 1667651355.0387175}]}, "version": 27}
{"obj": {"type": "LogFloats", "path": ["metadata", "window_size"], "values": [{"value": 3.0, "step": null, "ts": 1667651355.042081}]}, "version": 28}
{"obj": {"type": "LogFloats", "path": ["metadata", "stride"], "values": [{"value": 3.0, "step": null, "ts": 1667651355.0450647}]}, "version": 29}
{"obj": {"type": "LogFloats", "path": ["metadata", "MFCC_stride"], "values": [{"value": 0.032, "step": null, "ts": 1667651355.0482252}]}, "version": 30}
{"obj": {"type": "LogFloats", "path": ["metadata", "mfccs_pr_window"], "values": [{"value": 93.0, "step": null, "ts": 1667651355.0509531}]}, "version": 31}
{"obj": {"type": "LogFloats", "path": ["metadata", "lr"], "values": [{"value": 0.001, "step": null, "ts": 1667651355.0537848}]}, "version": 32}
{"obj": {"type": "LogFloats", "path": ["metadata", "batch_size"], "values": [{"value": 32.0, "step": null, "ts": 1667651355.056597}]}, "version": 33}
{"obj": {"type": "LogFloats", "path": ["metadata", "lstm_layers"], "values": [{"value": 1.0, "step": null, "ts": 1667651355.0591824}]}, "version": 34}
{"obj": {"type": "LogFloats", "path": ["metadata", "lstm_hidden_size"], "values": [{"value": 128.0, "step": null, "ts": 1667651355.0618281}]}, "version": 35}
{"obj": {"type": "LogFloats", "path": ["metadata", "weight_decay"], "values": [{"value": 0.0, "step": null, "ts": 1667651355.064471}]}, "version": 36}
{"obj": {"type": "LogFloats", "path": ["metadata", "occlusion"], "values": [{"value": 0.0, "step": null, "ts": 1667651355.0670774}]}, "version": 37}
{"obj": {"type": "LogFloats", "path": ["metadata", "seed"], "values": [{"value": 9.0, "step": null, "ts": 1667651355.069617}]}, "version": 38}
{"obj": {"type": "LogFloats", "path": ["metadata", "train_set_length"], "values": [{"value": 1805.0, "step": null, "ts": 1667651355.0722084}]}, "version": 39}
{"obj": {"type": "LogFloats", "path": ["metadata", "val_set_length"], "values": [{"value": 595.0, "step": null, "ts": 1667651355.074854}]}, "version": 40}
{"obj": {"type": "LogStrings", "path": ["monitoring", "stderr"], "values": [{"value": "/home/aron/.local/lib/python3.9/site-packages/pytorch_lightning/core/module.py:555: UserWarning: To copy construct from a tensor, it is recommended to use sourceTensor.clone().detach() or sourceTensor.clone().detach().requires_grad_(True), rather than torch.tensor(sourceTensor).\n  value = torch.tensor(value, device=self.device)\n", "step": null, "ts": 1667651355.405677}]}, "version": 41}
{"obj": {"type": "LogStrings", "path": ["monitoring", "stdout"], "values": [{"value": "{'progress_bar': {'val_loss': 1.6219801902770996}, 'log': {'val_loss': 1.6219801902770996}, 'val_loss': 1.6219801902770996}", "step": null, "ts": 1667651355.4186537}]}, "version": 42}
{"obj": {"type": "LogStrings", "path": ["monitoring", "stdout"], "values": [{"value": "\n", "step": null, "ts": 1667651355.4216967}]}, "version": 43}
{"obj": {"type": "LogStrings", "path": ["monitoring", "stdout"], "values": [{"value": "Accuracy: 0.0", "step": null, "ts": 1667651355.424986}]}, "version": 44}
{"obj": {"type": "LogStrings", "path": ["monitoring", "stdout"], "values": [{"value": "\n", "step": null, "ts": 1667651355.4279616}]}, "version": 45}
{"obj": {"type": "LogFloats", "path": ["training", "train_acc_step"], "values": [{"value": 0.8125, "step": null, "ts": 1667651356.0432842}]}, "version": 46}
{"obj": {"type": "LogFloats", "path": ["training", "train_loss"], "values": [{"value": 1.4781299829483032, "step": null, "ts": 1667651356.0460052}]}, "version": 47}
{"obj": {"type": "LogFloats", "path": ["training", "epoch"], "values": [{"value": 0.0, "step": null, "ts": 1667651356.0483217}]}, "version": 48}
{"obj": {"type": "LogStrings", "path": ["monitoring", "stdout"], "values": [{"value": "{'progress_bar': {'val_loss': 1.4609442949295044}, 'log': {'val_loss': 1.4609442949295044}, 'val_loss': 1.4609442949295044}", "step": null, "ts": 1667651356.575526}]}, "version": 49}
{"obj": {"type": "LogStrings", "path": ["monitoring", "stdout"], "values": [{"value": "\n", "step": null, "ts": 1667651356.5788083}]}, "version": 50}
{"obj": {"type": "LogStrings", "path": ["monitoring", "stdout"], "values": [{"value": "Accuracy: 0.8285714387893677", "step": null, "ts": 1667651356.5819209}]}, "version": 51}
{"obj": {"type": "LogStrings", "path": ["monitoring", "stdout"], "values": [{"value": "\n", "step": null, "ts": 1667651356.5846806}]}, "version": 52}
{"obj": {"type": "LogFloats", "path": ["training", "val_loss"], "values": [{"value": 1.4617689847946167, "step": null, "ts": 1667651356.58787}]}, "version": 53}
{"obj": {"type": "LogFloats", "path": ["training", "val_acc_step"], "values": [{"value": 0.8285714387893677, "step": null, "ts": 1667651356.590573}]}, "version": 54}
{"obj": {"type": "LogFloats", "path": ["training", "val_acc_epoch"], "values": [{"value": 0.8285714387893677, "step": null, "ts": 1667651356.5932357}]}, "version": 55}
{"obj": {"type": "LogFloats", "path": ["training", "epoch"], "values": [{"value": 0.0, "step": null, "ts": 1667651356.5958812}]}, "version": 56}
{"obj": {"type": "LogStrings", "path": ["monitoring", "stdout"], "values": [{"value": "Accuracy: 0.6637119054794312", "step": null, "ts": 1667651356.601012}]}, "version": 57}
{"obj": {"type": "LogStrings", "path": ["monitoring", "stdout"], "values": [{"value": "\n", "step": null, "ts": 1667651356.6038065}]}, "version": 58}
{"obj": {"type": "LogFloats", "path": ["training", "train_acc_epoch"], "values": [{"value": 0.6637119054794312, "step": null, "ts": 1667651356.6101904}]}, "version": 59}
{"obj": {"type": "LogFloats", "path": ["training", "epoch"], "values": [{"value": 0.0, "step": null, "ts": 1667651356.6129138}]}, "version": 60}
{"obj": {"type": "LogFloats", "path": ["training", "train_acc_step"], "values": [{"value": 0.65625, "step": null, "ts": 1667651357.256813}]}, "version": 61}
{"obj": {"type": "LogFloats", "path": ["training", "train_loss"], "values": [{"value": 1.4682981967926025, "step": null, "ts": 1667651357.260457}]}, "version": 62}
{"obj": {"type": "LogFloats", "path": ["training", "epoch"], "values": [{"value": 1.0, "step": null, "ts": 1667651357.2632983}]}, "version": 63}
{"obj": {"type": "LogStrings", "path": ["monitoring", "stdout"], "values": [{"value": "{'progress_bar': {'val_loss': 1.4569282531738281}, 'log': {'val_loss': 1.4569282531738281}, 'val_loss': 1.4569282531738281}", "step": null, "ts": 1667651357.846661}]}, "version": 64}
{"obj": {"type": "LogStrings", "path": ["monitoring", "stdout"], "values": [{"value": "\n", "step": null, "ts": 1667651357.849843}]}, "version": 65}
{"obj": {"type": "LogStrings", "path": ["monitoring", "stdout"], "values": [{"value": "Accuracy: 0.7579832077026367", "step": null, "ts": 1667651357.8530784}]}, "version": 66}
{"obj": {"type": "LogStrings", "path": ["monitoring", "stdout"], "values": [{"value": "\n", "step": null, "ts": 1667651357.8557596}]}, "version": 67}
{"obj": {"type": "LogFloats", "path": ["training", "val_loss"], "values": [{"value": 1.4577701091766357, "step": null, "ts": 1667651357.8587208}]}, "version": 68}
{"obj": {"type": "LogFloats", "path": ["training", "val_acc_step"], "values": [{"value": 0.7579832077026367, "step": null, "ts": 1667651357.8612907}]}, "version": 69}
{"obj": {"type": "LogFloats", "path": ["training", "val_acc_epoch"], "values": [{"value": 0.7579832077026367, "step": null, "ts": 1667651357.8637178}]}, "version": 70}
{"obj": {"type": "LogFloats", "path": ["training", "epoch"], "values": [{"value": 1.0, "step": null, "ts": 1667651357.8661988}]}, "version": 71}
{"obj": {"type": "LogStrings", "path": ["monitoring", "stdout"], "values": [{"value": "Accuracy: 0.7756232619285583", "step": null, "ts": 1667651357.8708405}]}, "version": 72}
{"obj": {"type": "LogStrings", "path": ["monitoring", "stdout"], "values": [{"value": "\n", "step": null, "ts": 1667651357.8733675}]}, "version": 73}
{"obj": {"type": "LogFloats", "path": ["training", "train_acc_epoch"], "values": [{"value": 0.7756232619285583, "step": null, "ts": 1667651357.879671}]}, "version": 74}
{"obj": {"type": "LogFloats", "path": ["training", "epoch"], "values": [{"value": 1.0, "step": null, "ts": 1667651357.882316}]}, "version": 75}
{"obj": {"type": "LogFloats", "path": ["training", "train_acc_step"], "values": [{"value": 0.78125, "step": null, "ts": 1667651358.4947803}]}, "version": 76}
{"obj": {"type": "LogFloats", "path": ["training", "train_loss"], "values": [{"value": 1.4509990215301514, "step": null, "ts": 1667651358.4982772}]}, "version": 77}
{"obj": {"type": "LogFloats", "path": ["training", "epoch"], "values": [{"value": 2.0, "step": null, "ts": 1667651358.5011735}]}, "version": 78}
{"obj": {"type": "LogStrings", "path": ["monitoring", "stdout"], "values": [{"value": "{'progress_bar': {'val_loss': 1.4485663175582886}, 'log': {'val_loss': 1.4485663175582886}, 'val_loss': 1.4485663175582886}", "step": null, "ts": 1667651359.1159182}]}, "version": 79}
{"obj": {"type": "LogStrings", "path": ["monitoring", "stdout"], "values": [{"value": "\n", "step": null, "ts": 1667651359.1191552}]}, "version": 80}
{"obj": {"type": "LogStrings", "path": ["monitoring", "stdout"], "values": [{"value": "Accuracy: 0.7815126180648804", "step": null, "ts": 1667651359.1220574}]}, "version": 81}
{"obj": {"type": "LogStrings", "path": ["monitoring", "stdout"], "values": [{"value": "\n", "step": null, "ts": 1667651359.1248038}]}, "version": 82}
{"obj": {"type": "LogFloats", "path": ["training", "val_loss"], "values": [{"value": 1.4493377208709717, "step": null, "ts": 1667651359.127852}]}, "version": 83}
{"obj": {"type": "LogFloats", "path": ["training", "val_acc_step"], "values": [{"value": 0.7815126180648804, "step": null, "ts": 1667651359.1303525}]}, "version": 84}
{"obj": {"type": "LogFloats", "path": ["training", "val_acc_epoch"], "values": [{"value": 0.7815126180648804, "step": null, "ts": 1667651359.132828}]}, "version": 85}
{"obj": {"type": "LogFloats", "path": ["training", "epoch"], "values": [{"value": 2.0, "step": null, "ts": 1667651359.1352904}]}, "version": 86}
{"obj": {"type": "LogStrings", "path": ["monitoring", "stdout"], "values": [{"value": "Accuracy: 0.7590027451515198", "step": null, "ts": 1667651359.139757}]}, "version": 87}
{"obj": {"type": "LogStrings", "path": ["monitoring", "stdout"], "values": [{"value": "\n", "step": null, "ts": 1667651359.1424713}]}, "version": 88}
{"obj": {"type": "LogFloats", "path": ["training", "train_acc_epoch"], "values": [{"value": 0.7590027451515198, "step": null, "ts": 1667651359.1486933}]}, "version": 89}
{"obj": {"type": "LogFloats", "path": ["training", "epoch"], "values": [{"value": 2.0, "step": null, "ts": 1667651359.151466}]}, "version": 90}
{"obj": {"type": "LogFloats", "path": ["training", "train_acc_step"], "values": [{"value": 0.84375, "step": null, "ts": 1667651359.7068605}]}, "version": 91}
{"obj": {"type": "LogFloats", "path": ["training", "train_loss"], "values": [{"value": 1.4550135135650635, "step": null, "ts": 1667651359.7101765}]}, "version": 92}
{"obj": {"type": "LogFloats", "path": ["training", "epoch"], "values": [{"value": 3.0, "step": null, "ts": 1667651359.7129772}]}, "version": 93}
{"obj": {"type": "LogStrings", "path": ["monitoring", "stdout"], "values": [{"value": "{'progress_bar': {'val_loss': 1.4472849369049072}, 'log': {'val_loss': 1.4472849369049072}, 'val_loss': 1.4472849369049072}", "step": null, "ts": 1667651360.366022}]}, "version": 94}
{"obj": {"type": "LogStrings", "path": ["monitoring", "stdout"], "values": [{"value": "\n", "step": null, "ts": 1667651360.3727014}]}, "version": 95}
{"obj": {"type": "LogStrings", "path": ["monitoring", "stdout"], "values": [{"value": "Accuracy: 0.7848739624023438", "step": null, "ts": 1667651360.3755589}]}, "version": 96}
{"obj": {"type": "LogStrings", "path": ["monitoring", "stdout"], "values": [{"value": "\n", "step": null, "ts": 1667651360.3781724}]}, "version": 97}
{"obj": {"type": "LogFloats", "path": ["training", "val_loss"], "values": [{"value": 1.448049545288086, "step": null, "ts": 1667651360.3811817}]}, "version": 98}
{"obj": {"type": "LogFloats", "path": ["training", "val_acc_step"], "values": [{"value": 0.7848739624023438, "step": null, "ts": 1667651360.383664}]}, "version": 99}
{"obj": {"type": "LogFloats", "path": ["training", "val_acc_epoch"], "values": [{"value": 0.7848739624023438, "step": null, "ts": 1667651360.3861299}]}, "version": 100}
{"obj": {"type": "LogFloats", "path": ["training", "epoch"], "values": [{"value": 3.0, "step": null, "ts": 1667651360.3885949}]}, "version": 101}
{"obj": {"type": "LogStrings", "path": ["monitoring", "stdout"], "values": [{"value": "Accuracy: 0.7623268961906433", "step": null, "ts": 1667651360.3931296}]}, "version": 102}
{"obj": {"type": "LogStrings", "path": ["monitoring", "stdout"], "values": [{"value": "\n", "step": null, "ts": 1667651360.3956985}]}, "version": 103}
{"obj": {"type": "LogFloats", "path": ["training", "train_acc_epoch"], "values": [{"value": 0.7623268961906433, "step": null, "ts": 1667651360.4020767}]}, "version": 104}
{"obj": {"type": "LogFloats", "path": ["training", "epoch"], "values": [{"value": 3.0, "step": null, "ts": 1667651360.4046335}]}, "version": 105}
{"obj": {"type": "LogFloats", "path": ["training", "train_acc_step"], "values": [{"value": 0.8125, "step": null, "ts": 1667651360.9543304}]}, "version": 106}
{"obj": {"type": "LogFloats", "path": ["training", "train_loss"], "values": [{"value": 1.4568185806274414, "step": null, "ts": 1667651360.9578323}]}, "version": 107}
{"obj": {"type": "LogFloats", "path": ["training", "epoch"], "values": [{"value": 4.0, "step": null, "ts": 1667651360.960857}]}, "version": 108}
{"obj": {"type": "LogStrings", "path": ["monitoring", "stdout"], "values": [{"value": "{'progress_bar': {'val_loss': 1.4492350816726685}, 'log': {'val_loss': 1.4492350816726685}, 'val_loss': 1.4492350816726685}", "step": null, "ts": 1667651361.6796598}]}, "version": 109}
{"obj": {"type": "LogStrings", "path": ["monitoring", "stdout"], "values": [{"value": "\n", "step": null, "ts": 1667651361.6832032}]}, "version": 110}
{"obj": {"type": "LogStrings", "path": ["monitoring", "stdout"], "values": [{"value": "Accuracy: 0.7747899293899536", "step": null, "ts": 1667651361.6865182}]}, "version": 111}
{"obj": {"type": "LogStrings", "path": ["monitoring", "stdout"], "values": [{"value": "\n", "step": null, "ts": 1667651361.6893122}]}, "version": 112}
{"obj": {"type": "LogFloats", "path": ["training", "val_loss"], "values": [{"value": 1.4500600099563599, "step": null, "ts": 1667651361.6924648}]}, "version": 113}
{"obj": {"type": "LogFloats", "path": ["training", "val_acc_step"], "values": [{"value": 0.7747899293899536, "step": null, "ts": 1667651361.69497}]}, "version": 114}
{"obj": {"type": "LogFloats", "path": ["training", "val_acc_epoch"], "values": [{"value": 0.7747899293899536, "step": null, "ts": 1667651361.6975293}]}, "version": 115}
{"obj": {"type": "LogFloats", "path": ["training", "epoch"], "values": [{"value": 4.0, "step": null, "ts": 1667651361.7000597}]}, "version": 116}
{"obj": {"type": "LogStrings", "path": ["monitoring", "stdout"], "values": [{"value": "Accuracy: 0.7739612460136414", "step": null, "ts": 1667651361.7048192}]}, "version": 117}
{"obj": {"type": "LogStrings", "path": ["monitoring", "stdout"], "values": [{"value": "\n", "step": null, "ts": 1667651361.707466}]}, "version": 118}
{"obj": {"type": "LogFloats", "path": ["training", "train_acc_epoch"], "values": [{"value": 0.7739612460136414, "step": null, "ts": 1667651361.713871}]}, "version": 119}
{"obj": {"type": "LogFloats", "path": ["training", "epoch"], "values": [{"value": 4.0, "step": null, "ts": 1667651361.71654}]}, "version": 120}
{"obj": {"type": "LogFloats", "path": ["training", "train_acc_step"], "values": [{"value": 0.90625, "step": null, "ts": 1667651362.2066083}]}, "version": 121}
{"obj": {"type": "LogFloats", "path": ["training", "train_loss"], "values": [{"value": 1.4355101585388184, "step": null, "ts": 1667651362.2098107}]}, "version": 122}
{"obj": {"type": "LogFloats", "path": ["training", "epoch"], "values": [{"value": 5.0, "step": null, "ts": 1667651362.2126517}]}, "version": 123}
{"obj": {"type": "LogStrings", "path": ["monitoring", "stdout"], "values": [{"value": "{'progress_bar': {'val_loss': 1.451897144317627}, 'log': {'val_loss': 1.451897144317627}, 'val_loss': 1.451897144317627}", "step": null, "ts": 1667651362.939703}]}, "version": 124}
{"obj": {"type": "LogStrings", "path": ["monitoring", "stdout"], "values": [{"value": "\n", "step": null, "ts": 1667651362.9431674}]}, "version": 125}
{"obj": {"type": "LogStrings", "path": ["monitoring", "stdout"], "values": [{"value": "Accuracy: 0.7630252242088318", "step": null, "ts": 1667651362.9461753}]}, "version": 126}
{"obj": {"type": "LogStrings", "path": ["monitoring", "stdout"], "values": [{"value": "\n", "step": null, "ts": 1667651362.9490225}]}, "version": 127}
{"obj": {"type": "LogFloats", "path": ["training", "val_loss"], "values": [{"value": 1.4527841806411743, "step": null, "ts": 1667651362.9522388}]}, "version": 128}
{"obj": {"type": "LogFloats", "path": ["training", "val_acc_step"], "values": [{"value": 0.7630252242088318, "step": null, "ts": 1667651362.954822}]}, "version": 129}
{"obj": {"type": "LogFloats", "path": ["training", "val_acc_epoch"], "values": [{"value": 0.7630252242088318, "step": null, "ts": 1667651362.9573307}]}, "version": 130}
{"obj": {"type": "LogFloats", "path": ["training", "epoch"], "values": [{"value": 5.0, "step": null, "ts": 1667651362.9598331}]}, "version": 131}
{"obj": {"type": "LogStrings", "path": ["monitoring", "stdout"], "values": [{"value": "Accuracy: 0.7772853374481201", "step": null, "ts": 1667651362.9645302}]}, "version": 132}
{"obj": {"type": "LogStrings", "path": ["monitoring", "stdout"], "values": [{"value": "\n", "step": null, "ts": 1667651362.9671092}]}, "version": 133}
{"obj": {"type": "LogFloats", "path": ["training", "train_acc_epoch"], "values": [{"value": 0.7772853374481201, "step": null, "ts": 1667651362.9734356}]}, "version": 134}
{"obj": {"type": "LogFloats", "path": ["training", "epoch"], "values": [{"value": 5.0, "step": null, "ts": 1667651362.9759798}]}, "version": 135}
{"obj": {"type": "LogFloats", "path": ["training", "train_acc_step"], "values": [{"value": 0.84375, "step": null, "ts": 1667651363.4565868}]}, "version": 136}
{"obj": {"type": "LogFloats", "path": ["training", "train_loss"], "values": [{"value": 1.4473929405212402, "step": null, "ts": 1667651363.459624}]}, "version": 137}
{"obj": {"type": "LogFloats", "path": ["training", "epoch"], "values": [{"value": 6.0, "step": null, "ts": 1667651363.4622905}]}, "version": 138}
{"obj": {"type": "LogStrings", "path": ["monitoring", "stdout"], "values": [{"value": "{'progress_bar': {'val_loss': 1.4513388872146606}, 'log': {'val_loss': 1.4513388872146606}, 'val_loss': 1.4513388872146606}", "step": null, "ts": 1667651364.233633}]}, "version": 139}
{"obj": {"type": "LogStrings", "path": ["monitoring", "stdout"], "values": [{"value": "\n", "step": null, "ts": 1667651364.2372806}]}, "version": 140}
{"obj": {"type": "LogStrings", "path": ["monitoring", "stdout"], "values": [{"value": "Accuracy: 0.7865546345710754", "step": null, "ts": 1667651364.2403367}]}, "version": 141}
{"obj": {"type": "LogStrings", "path": ["monitoring", "stdout"], "values": [{"value": "\n", "step": null, "ts": 1667651364.2430038}]}, "version": 142}
{"obj": {"type": "LogFloats", "path": ["training", "val_loss"], "values": [{"value": 1.4520289897918701, "step": null, "ts": 1667651364.245961}]}, "version": 143}
{"obj": {"type": "LogFloats", "path": ["training", "val_acc_step"], "values": [{"value": 0.7865546345710754, "step": null, "ts": 1667651364.2485151}]}, "version": 144}
{"obj": {"type": "LogFloats", "path": ["training", "val_acc_epoch"], "values": [{"value": 0.7865546345710754, "step": null, "ts": 1667651364.2509117}]}, "version": 145}
{"obj": {"type": "LogFloats", "path": ["training", "epoch"], "values": [{"value": 6.0, "step": null, "ts": 1667651364.2532105}]}, "version": 146}
{"obj": {"type": "LogStrings", "path": ["monitoring", "stdout"], "values": [{"value": "Accuracy: 0.7673130035400391", "step": null, "ts": 1667651364.2575188}]}, "version": 147}
{"obj": {"type": "LogStrings", "path": ["monitoring", "stdout"], "values": [{"value": "\n", "step": null, "ts": 1667651364.2599366}]}, "version": 148}
{"obj": {"type": "LogFloats", "path": ["training", "train_acc_epoch"], "values": [{"value": 0.7673130035400391, "step": null, "ts": 1667651364.2660239}]}, "version": 149}
{"obj": {"type": "LogFloats", "path": ["training", "epoch"], "values": [{"value": 6.0, "step": null, "ts": 1667651364.2685473}]}, "version": 150}
{"obj": {"type": "LogFloats", "path": ["monitoring", "cpu"], "values": [{"value": 25.6, "step": null, "ts": 1667651364.3165727}]}, "version": 151}
{"obj": {"type": "LogFloats", "path": ["monitoring", "memory"], "values": [{"value": 10.190048217773438, "step": null, "ts": 1667651364.3165727}]}, "version": 152}
{"obj": {"type": "LogFloats", "path": ["monitoring", "gpu_0"], "values": [{"value": 8.0, "step": null, "ts": 1667651364.3165727}]}, "version": 153}
{"obj": {"type": "LogFloats", "path": ["monitoring", "gpu_memory_0"], "values": [{"value": 1.46490478515625, "step": null, "ts": 1667651364.3165727}]}, "version": 154}
{"obj": {"type": "LogFloats", "path": ["monitoring", "gpu_memory_1"], "values": [{"value": 0.232177734375, "step": null, "ts": 1667651364.3165727}]}, "version": 155}
{"obj": {"type": "LogFloats", "path": ["training", "train_acc_step"], "values": [{"value": 0.90625, "step": null, "ts": 1667651364.686371}]}, "version": 156}
{"obj": {"type": "LogFloats", "path": ["training", "train_loss"], "values": [{"value": 1.4414284229278564, "step": null, "ts": 1667651364.6894789}]}, "version": 157}
{"obj": {"type": "LogFloats", "path": ["training", "epoch"], "values": [{"value": 7.0, "step": null, "ts": 1667651364.692183}]}, "version": 158}
{"obj": {"type": "LogFloats", "path": ["training", "train_acc_step"], "values": [{"value": 0.84375, "step": null, "ts": 1667651364.9638357}]}, "version": 159}
{"obj": {"type": "LogFloats", "path": ["training", "train_loss"], "values": [{"value": 1.4367625713348389, "step": null, "ts": 1667651364.9668474}]}, "version": 160}
{"obj": {"type": "LogFloats", "path": ["training", "epoch"], "values": [{"value": 7.0, "step": null, "ts": 1667651364.969637}]}, "version": 161}
{"obj": {"type": "LogStrings", "path": ["monitoring", "stdout"], "values": [{"value": "{'progress_bar': {'val_loss': 1.4458673000335693}, 'log': {'val_loss': 1.4458673000335693}, 'val_loss': 1.4458673000335693}", "step": null, "ts": 1667651365.5189536}]}, "version": 162}
{"obj": {"type": "LogStrings", "path": ["monitoring", "stdout"], "values": [{"value": "\n", "step": null, "ts": 1667651365.5223825}]}, "version": 163}
{"obj": {"type": "LogStrings", "path": ["monitoring", "stdout"], "values": [{"value": "Accuracy: 0.7882353067398071", "step": null, "ts": 1667651365.5254855}]}, "version": 164}
{"obj": {"type": "LogStrings", "path": ["monitoring", "stdout"], "values": [{"value": "\n", "step": null, "ts": 1667651365.528149}]}, "version": 165}
{"obj": {"type": "LogFloats", "path": ["training", "val_loss"], "values": [{"value": 1.4466208219528198, "step": null, "ts": 1667651365.5309978}]}, "version": 166}
{"obj": {"type": "LogFloats", "path": ["training", "val_acc_step"], "values": [{"value": 0.7882353067398071, "step": null, "ts": 1667651365.5334654}]}, "version": 167}
{"obj": {"type": "LogFloats", "path": ["training", "val_acc_epoch"], "values": [{"value": 0.7882353067398071, "step": null, "ts": 1667651365.5358133}]}, "version": 168}
{"obj": {"type": "LogFloats", "path": ["training", "epoch"], "values": [{"value": 7.0, "step": null, "ts": 1667651365.5381143}]}, "version": 169}
{"obj": {"type": "LogStrings", "path": ["monitoring", "stdout"], "values": [{"value": "Accuracy: 0.7761772871017456", "step": null, "ts": 1667651365.5425649}]}, "version": 170}
{"obj": {"type": "LogStrings", "path": ["monitoring", "stdout"], "values": [{"value": "\n", "step": null, "ts": 1667651365.544998}]}, "version": 171}
{"obj": {"type": "LogFloats", "path": ["training", "train_acc_epoch"], "values": [{"value": 0.7761772871017456, "step": null, "ts": 1667651365.55121}]}, "version": 172}
{"obj": {"type": "LogFloats", "path": ["training", "epoch"], "values": [{"value": 7.0, "step": null, "ts": 1667651365.5536587}]}, "version": 173}
{"obj": {"type": "LogFloats", "path": ["training", "train_acc_step"], "values": [{"value": 0.71875, "step": null, "ts": 1667651366.191526}]}, "version": 174}
{"obj": {"type": "LogFloats", "path": ["training", "train_loss"], "values": [{"value": 1.4561740159988403, "step": null, "ts": 1667651366.1951823}]}, "version": 175}
{"obj": {"type": "LogFloats", "path": ["training", "epoch"], "values": [{"value": 8.0, "step": null, "ts": 1667651366.198004}]}, "version": 176}
{"obj": {"type": "LogStrings", "path": ["monitoring", "stdout"], "values": [{"value": "{'progress_bar': {'val_loss': 1.5439003705978394}, 'log': {'val_loss': 1.5439003705978394}, 'val_loss': 1.5439003705978394}", "step": null, "ts": 1667651366.762503}]}, "version": 177}
{"obj": {"type": "LogStrings", "path": ["monitoring", "stdout"], "values": [{"value": "\n", "step": null, "ts": 1667651366.765689}]}, "version": 178}
{"obj": {"type": "LogStrings", "path": ["monitoring", "stdout"], "values": [{"value": "Accuracy: 0.3949579894542694", "step": null, "ts": 1667651366.7683644}]}, "version": 179}
{"obj": {"type": "LogStrings", "path": ["monitoring", "stdout"], "values": [{"value": "\n", "step": null, "ts": 1667651366.7709413}]}, "version": 180}
{"obj": {"type": "LogFloats", "path": ["training", "val_loss"], "values": [{"value": 1.5467908382415771, "step": null, "ts": 1667651366.7738194}]}, "version": 181}
{"obj": {"type": "LogFloats", "path": ["training", "val_acc_step"], "values": [{"value": 0.3949579894542694, "step": null, "ts": 1667651366.7764144}]}, "version": 182}
{"obj": {"type": "LogFloats", "path": ["training", "val_acc_epoch"], "values": [{"value": 0.3949579894542694, "step": null, "ts": 1667651366.7786176}]}, "version": 183}
{"obj": {"type": "LogFloats", "path": ["training", "epoch"], "values": [{"value": 8.0, "step": null, "ts": 1667651366.7809227}]}, "version": 184}
{"obj": {"type": "LogStrings", "path": ["monitoring", "stdout"], "values": [{"value": "Accuracy: 0.7711911201477051", "step": null, "ts": 1667651366.785268}]}, "version": 185}
{"obj": {"type": "LogStrings", "path": ["monitoring", "stdout"], "values": [{"value": "\n", "step": null, "ts": 1667651366.787621}]}, "version": 186}
{"obj": {"type": "LogFloats", "path": ["training", "train_acc_epoch"], "values": [{"value": 0.7711911201477051, "step": null, "ts": 1667651366.7937222}]}, "version": 187}
{"obj": {"type": "LogFloats", "path": ["training", "epoch"], "values": [{"value": 8.0, "step": null, "ts": 1667651366.7963147}]}, "version": 188}
{"obj": {"type": "LogFloats", "path": ["training", "train_acc_step"], "values": [{"value": 0.84375, "step": null, "ts": 1667651367.4037027}]}, "version": 189}
{"obj": {"type": "LogFloats", "path": ["training", "train_loss"], "values": [{"value": 1.4539990425109863, "step": null, "ts": 1667651367.4071085}]}, "version": 190}
{"obj": {"type": "LogFloats", "path": ["training", "epoch"], "values": [{"value": 9.0, "step": null, "ts": 1667651367.409866}]}, "version": 191}
{"obj": {"type": "LogStrings", "path": ["monitoring", "stdout"], "values": [{"value": "{'progress_bar': {'val_loss': 1.459242820739746}, 'log': {'val_loss': 1.459242820739746}, 'val_loss': 1.459242820739746}", "step": null, "ts": 1667651368.0260742}]}, "version": 192}
{"obj": {"type": "LogStrings", "path": ["monitoring", "stdout"], "values": [{"value": "\n", "step": null, "ts": 1667651368.0293424}]}, "version": 193}
{"obj": {"type": "LogStrings", "path": ["monitoring", "stdout"], "values": [{"value": "Accuracy: 0.88067227602005", "step": null, "ts": 1667651368.032487}]}, "version": 194}
{"obj": {"type": "LogStrings", "path": ["monitoring", "stdout"], "values": [{"value": "\n", "step": null, "ts": 1667651368.0352921}]}, "version": 195}
{"obj": {"type": "LogFloats", "path": ["training", "val_loss"], "values": [{"value": 1.4602214097976685, "step": null, "ts": 1667651368.0382462}]}, "version": 196}
{"obj": {"type": "LogFloats", "path": ["training", "val_acc_step"], "values": [{"value": 0.88067227602005, "step": null, "ts": 1667651368.0409224}]}, "version": 197}
{"obj": {"type": "LogFloats", "path": ["training", "val_acc_epoch"], "values": [{"value": 0.88067227602005, "step": null, "ts": 1667651368.0436099}]}, "version": 198}
{"obj": {"type": "LogFloats", "path": ["training", "epoch"], "values": [{"value": 9.0, "step": null, "ts": 1667651368.0461724}]}, "version": 199}
{"obj": {"type": "LogStrings", "path": ["monitoring", "stdout"], "values": [{"value": "Accuracy: 0.7024930715560913", "step": null, "ts": 1667651368.0507324}]}, "version": 200}
{"obj": {"type": "LogStrings", "path": ["monitoring", "stdout"], "values": [{"value": "\n", "step": null, "ts": 1667651368.0534358}]}, "version": 201}
{"obj": {"type": "LogFloats", "path": ["training", "train_acc_epoch"], "values": [{"value": 0.7024930715560913, "step": null, "ts": 1667651368.05995}]}, "version": 202}
{"obj": {"type": "LogFloats", "path": ["training", "epoch"], "values": [{"value": 9.0, "step": null, "ts": 1667651368.062861}]}, "version": 203}
{"obj": {"type": "LogFloats", "path": ["training", "train_acc_step"], "values": [{"value": 0.84375, "step": null, "ts": 1667651368.643765}]}, "version": 204}
{"obj": {"type": "LogFloats", "path": ["training", "train_loss"], "values": [{"value": 1.4404014348983765, "step": null, "ts": 1667651368.6469822}]}, "version": 205}
{"obj": {"type": "LogFloats", "path": ["training", "epoch"], "values": [{"value": 10.0, "step": null, "ts": 1667651368.6495857}]}, "version": 206}
{"obj": {"type": "LogStrings", "path": ["monitoring", "stdout"], "values": [{"value": "{'progress_bar': {'val_loss': 1.448721170425415}, 'log': {'val_loss': 1.448721170425415}, 'val_loss': 1.448721170425415}", "step": null, "ts": 1667651369.3011093}]}, "version": 207}
{"obj": {"type": "LogStrings", "path": ["monitoring", "stdout"], "values": [{"value": "\n", "step": null, "ts": 1667651369.304429}]}, "version": 208}
{"obj": {"type": "LogStrings", "path": ["monitoring", "stdout"], "values": [{"value": "Accuracy: 0.7899159789085388", "step": null, "ts": 1667651369.3072495}]}, "version": 209}
{"obj": {"type": "LogStrings", "path": ["monitoring", "stdout"], "values": [{"value": "\n", "step": null, "ts": 1667651369.3100262}]}, "version": 210}
{"obj": {"type": "LogFloats", "path": ["training", "val_loss"], "values": [{"value": 1.4495090246200562, "step": null, "ts": 1667651369.3127775}]}, "version": 211}
{"obj": {"type": "LogFloats", "path": ["training", "val_acc_step"], "values": [{"value": 0.7899159789085388, "step": null, "ts": 1667651369.3151095}]}, "version": 212}
{"obj": {"type": "LogFloats", "path": ["training", "val_acc_epoch"], "values": [{"value": 0.7899159789085388, "step": null, "ts": 1667651369.3173468}]}, "version": 213}
{"obj": {"type": "LogFloats", "path": ["training", "epoch"], "values": [{"value": 10.0, "step": null, "ts": 1667651369.3196545}]}, "version": 214}
{"obj": {"type": "LogStrings", "path": ["monitoring", "stdout"], "values": [{"value": "Accuracy: 0.7867035865783691", "step": null, "ts": 1667651369.3238962}]}, "version": 215}
{"obj": {"type": "LogStrings", "path": ["monitoring", "stdout"], "values": [{"value": "\n", "step": null, "ts": 1667651369.326151}]}, "version": 216}
{"obj": {"type": "LogFloats", "path": ["training", "train_acc_epoch"], "values": [{"value": 0.7867035865783691, "step": null, "ts": 1667651369.332154}]}, "version": 217}
{"obj": {"type": "LogFloats", "path": ["training", "epoch"], "values": [{"value": 10.0, "step": null, "ts": 1667651369.3344815}]}, "version": 218}
{"obj": {"type": "LogFloats", "path": ["training", "train_acc_step"], "values": [{"value": 0.71875, "step": null, "ts": 1667651369.8467426}]}, "version": 219}
{"obj": {"type": "LogFloats", "path": ["training", "train_loss"], "values": [{"value": 1.448521614074707, "step": null, "ts": 1667651369.849868}]}, "version": 220}
{"obj": {"type": "LogFloats", "path": ["training", "epoch"], "values": [{"value": 11.0, "step": null, "ts": 1667651369.8526106}]}, "version": 221}
{"obj": {"type": "LogStrings", "path": ["monitoring", "stdout"], "values": [{"value": "{'progress_bar': {'val_loss': 1.4491621255874634}, 'log': {'val_loss': 1.4491621255874634}, 'val_loss': 1.4491621255874634}", "step": null, "ts": 1667651370.533011}]}, "version": 222}
{"obj": {"type": "LogStrings", "path": ["monitoring", "stdout"], "values": [{"value": "\n", "step": null, "ts": 1667651370.5364351}]}, "version": 223}
{"obj": {"type": "LogStrings", "path": ["monitoring", "stdout"], "values": [{"value": "Accuracy: 0.7747899293899536", "step": null, "ts": 1667651370.5393646}]}, "version": 224}
{"obj": {"type": "LogStrings", "path": ["monitoring", "stdout"], "values": [{"value": "\n", "step": null, "ts": 1667651370.5419433}]}, "version": 225}
{"obj": {"type": "LogFloats", "path": ["training", "val_loss"], "values": [{"value": 1.449932336807251, "step": null, "ts": 1667651370.5447092}]}, "version": 226}
{"obj": {"type": "LogFloats", "path": ["training", "val_acc_step"], "values": [{"value": 0.7747899293899536, "step": null, "ts": 1667651370.5470023}]}, "version": 227}
{"obj": {"type": "LogFloats", "path": ["training", "val_acc_epoch"], "values": [{"value": 0.7747899293899536, "step": null, "ts": 1667651370.5492377}]}, "version": 228}
{"obj": {"type": "LogFloats", "path": ["training", "epoch"], "values": [{"value": 11.0, "step": null, "ts": 1667651370.5514097}]}, "version": 229}
{"obj": {"type": "LogStrings", "path": ["monitoring", "stdout"], "values": [{"value": "Accuracy: 0.7722991704940796", "step": null, "ts": 1667651370.5558999}]}, "version": 230}
{"obj": {"type": "LogStrings", "path": ["monitoring", "stdout"], "values": [{"value": "\n", "step": null, "ts": 1667651370.558269}]}, "version": 231}
{"obj": {"type": "LogFloats", "path": ["training", "train_acc_epoch"], "values": [{"value": 0.7722991704940796, "step": null, "ts": 1667651370.5645711}]}, "version": 232}
{"obj": {"type": "LogFloats", "path": ["training", "epoch"], "values": [{"value": 11.0, "step": null, "ts": 1667651370.5669096}]}, "version": 233}
{"obj": {"type": "LogFloats", "path": ["training", "train_acc_step"], "values": [{"value": 0.78125, "step": null, "ts": 1667651371.0642235}]}, "version": 234}
{"obj": {"type": "LogFloats", "path": ["training", "train_loss"], "values": [{"value": 1.4515399932861328, "step": null, "ts": 1667651371.067341}]}, "version": 235}
{"obj": {"type": "LogFloats", "path": ["training", "epoch"], "values": [{"value": 12.0, "step": null, "ts": 1667651371.0697856}]}, "version": 236}
{"obj": {"type": "LogStrings", "path": ["monitoring", "stdout"], "values": [{"value": "{'progress_bar': {'val_loss': 1.4466867446899414}, 'log': {'val_loss': 1.4466867446899414}, 'val_loss': 1.4466867446899414}", "step": null, "ts": 1667651371.8011394}]}, "version": 237}
{"obj": {"type": "LogStrings", "path": ["monitoring", "stdout"], "values": [{"value": "\n", "step": null, "ts": 1667651371.8045082}]}, "version": 238}
{"obj": {"type": "LogStrings", "path": ["monitoring", "stdout"], "values": [{"value": "Accuracy: 0.7815126180648804", "step": null, "ts": 1667651371.8072572}]}, "version": 239}
{"obj": {"type": "LogStrings", "path": ["monitoring", "stdout"], "values": [{"value": "\n", "step": null, "ts": 1667651371.8096044}]}, "version": 240}
{"obj": {"type": "LogFloats", "path": ["training", "val_loss"], "values": [{"value": 1.447459101676941, "step": null, "ts": 1667651371.8121448}]}, "version": 241}
{"obj": {"type": "LogFloats", "path": ["training", "val_acc_step"], "values": [{"value": 0.7815126180648804, "step": null, "ts": 1667651371.8142967}]}, "version": 242}
{"obj": {"type": "LogFloats", "path": ["training", "val_acc_epoch"], "values": [{"value": 0.7815126180648804, "step": null, "ts": 1667651371.8164246}]}, "version": 243}
{"obj": {"type": "LogFloats", "path": ["training", "epoch"], "values": [{"value": 12.0, "step": null, "ts": 1667651371.8186002}]}, "version": 244}
{"obj": {"type": "LogStrings", "path": ["monitoring", "stdout"], "values": [{"value": "Accuracy: 0.7717451453208923", "step": null, "ts": 1667651371.822944}]}, "version": 245}
{"obj": {"type": "LogStrings", "path": ["monitoring", "stdout"], "values": [{"value": "\n", "step": null, "ts": 1667651371.825196}]}, "version": 246}
{"obj": {"type": "LogFloats", "path": ["training", "train_acc_epoch"], "values": [{"value": 0.7717451453208923, "step": null, "ts": 1667651371.8313403}]}, "version": 247}
{"obj": {"type": "LogFloats", "path": ["training", "epoch"], "values": [{"value": 12.0, "step": null, "ts": 1667651371.8337154}]}, "version": 248}
{"obj": {"type": "LogFloats", "path": ["training", "train_acc_step"], "values": [{"value": 0.6875, "step": null, "ts": 1667651372.2842324}]}, "version": 249}
{"obj": {"type": "LogFloats", "path": ["training", "train_loss"], "values": [{"value": 1.4520725011825562, "step": null, "ts": 1667651372.287501}]}, "version": 250}
{"obj": {"type": "LogFloats", "path": ["training", "epoch"], "values": [{"value": 13.0, "step": null, "ts": 1667651372.290346}]}, "version": 251}
{"obj": {"type": "LogStrings", "path": ["monitoring", "stdout"], "values": [{"value": "{'progress_bar': {'val_loss': 1.4457305669784546}, 'log': {'val_loss': 1.4457305669784546}, 'val_loss': 1.4457305669784546}", "step": null, "ts": 1667651373.0380583}]}, "version": 252}
{"obj": {"type": "LogStrings", "path": ["monitoring", "stdout"], "values": [{"value": "\n", "step": null, "ts": 1667651373.0412633}]}, "version": 253}
{"obj": {"type": "LogStrings", "path": ["monitoring", "stdout"], "values": [{"value": "Accuracy: 0.7848739624023438", "step": null, "ts": 1667651373.0444186}]}, "version": 254}
{"obj": {"type": "LogStrings", "path": ["monitoring", "stdout"], "values": [{"value": "\n", "step": null, "ts": 1667651373.0469732}]}, "version": 255}
{"obj": {"type": "LogFloats", "path": ["training", "val_loss"], "values": [{"value": 1.4464895725250244, "step": null, "ts": 1667651373.0497863}]}, "version": 256}
{"obj": {"type": "LogFloats", "path": ["training", "val_acc_step"], "values": [{"value": 0.7848739624023438, "step": null, "ts": 1667651373.0521576}]}, "version": 257}
{"obj": {"type": "LogFloats", "path": ["training", "val_acc_epoch"], "values": [{"value": 0.7848739624023438, "step": null, "ts": 1667651373.054583}]}, "version": 258}
{"obj": {"type": "LogFloats", "path": ["training", "epoch"], "values": [{"value": 13.0, "step": null, "ts": 1667651373.0569003}]}, "version": 259}
{"obj": {"type": "LogStrings", "path": ["monitoring", "stdout"], "values": [{"value": "Accuracy: 0.7717451453208923", "step": null, "ts": 1667651373.0613656}]}, "version": 260}
{"obj": {"type": "LogStrings", "path": ["monitoring", "stdout"], "values": [{"value": "\n", "step": null, "ts": 1667651373.063756}]}, "version": 261}
{"obj": {"type": "LogFloats", "path": ["training", "train_acc_epoch"], "values": [{"value": 0.7717451453208923, "step": null, "ts": 1667651373.0697198}]}, "version": 262}
{"obj": {"type": "LogFloats", "path": ["training", "epoch"], "values": [{"value": 13.0, "step": null, "ts": 1667651373.072033}]}, "version": 263}
{"obj": {"type": "LogFloats", "path": ["training", "train_acc_step"], "values": [{"value": 0.71875, "step": null, "ts": 1667651373.5142114}]}, "version": 264}
{"obj": {"type": "LogFloats", "path": ["training", "train_loss"], "values": [{"value": 1.467071771621704, "step": null, "ts": 1667651373.517535}]}, "version": 265}
{"obj": {"type": "LogFloats", "path": ["training", "epoch"], "values": [{"value": 14.0, "step": null, "ts": 1667651373.5201285}]}, "version": 266}
{"obj": {"type": "LogFloats", "path": ["training", "train_acc_step"], "values": [{"value": 0.8125, "step": null, "ts": 1667651373.8107166}]}, "version": 267}
{"obj": {"type": "LogFloats", "path": ["training", "train_loss"], "values": [{"value": 1.4370293617248535, "step": null, "ts": 1667651373.8138316}]}, "version": 268}
{"obj": {"type": "LogFloats", "path": ["training", "epoch"], "values": [{"value": 14.0, "step": null, "ts": 1667651373.8168976}]}, "version": 269}
{"obj": {"type": "LogFloats", "path": ["monitoring", "cpu"], "values": [{"value": 27.0, "step": null, "ts": 1667651374.332465}]}, "version": 270}
{"obj": {"type": "LogFloats", "path": ["monitoring", "memory"], "values": [{"value": 10.18661880493164, "step": null, "ts": 1667651374.332465}]}, "version": 271}
{"obj": {"type": "LogFloats", "path": ["monitoring", "gpu_memory_0"], "values": [{"value": 1.46685791015625, "step": null, "ts": 1667651374.332465}]}, "version": 272}
{"obj": {"type": "LogFloats", "path": ["monitoring", "gpu_memory_1"], "values": [{"value": 0.232177734375, "step": null, "ts": 1667651374.332465}]}, "version": 273}
{"obj": {"type": "LogStrings", "path": ["monitoring", "stdout"], "values": [{"value": "{'progress_bar': {'val_loss': 1.447994351387024}, 'log': {'val_loss': 1.447994351387024}, 'val_loss': 1.447994351387024}", "step": null, "ts": 1667651374.3493197}]}, "version": 274}
{"obj": {"type": "LogStrings", "path": ["monitoring", "stdout"], "values": [{"value": "\n", "step": null, "ts": 1667651374.3521981}]}, "version": 275}
{"obj": {"type": "LogStrings", "path": ["monitoring", "stdout"], "values": [{"value": "Accuracy: 0.7831932902336121", "step": null, "ts": 1667651374.3549182}]}, "version": 276}
{"obj": {"type": "LogStrings", "path": ["monitoring", "stdout"], "values": [{"value": "\n", "step": null, "ts": 1667651374.3574538}]}, "version": 277}
{"obj": {"type": "LogFloats", "path": ["training", "val_loss"], "values": [{"value": 1.4488085508346558, "step": null, "ts": 1667651374.360235}]}, "version": 278}
{"obj": {"type": "LogFloats", "path": ["training", "val_acc_step"], "values": [{"value": 0.7831932902336121, "step": null, "ts": 1667651374.362571}]}, "version": 279}
{"obj": {"type": "LogFloats", "path": ["training", "val_acc_epoch"], "values": [{"value": 0.7831932902336121, "step": null, "ts": 1667651374.364787}]}, "version": 280}
{"obj": {"type": "LogFloats", "path": ["training", "epoch"], "values": [{"value": 14.0, "step": null, "ts": 1667651374.3671591}]}, "version": 281}
{"obj": {"type": "LogStrings", "path": ["monitoring", "stdout"], "values": [{"value": "Accuracy: 0.7739612460136414", "step": null, "ts": 1667651374.3713577}]}, "version": 282}
{"obj": {"type": "LogStrings", "path": ["monitoring", "stdout"], "values": [{"value": "\n", "step": null, "ts": 1667651374.3737519}]}, "version": 283}
{"obj": {"type": "LogFloats", "path": ["training", "train_acc_epoch"], "values": [{"value": 0.7739612460136414, "step": null, "ts": 1667651374.3798404}]}, "version": 284}
{"obj": {"type": "LogFloats", "path": ["training", "epoch"], "values": [{"value": 14.0, "step": null, "ts": 1667651374.3822477}]}, "version": 285}
{"obj": {"type": "LogFloats", "path": ["training", "train_acc_step"], "values": [{"value": 0.71875, "step": null, "ts": 1667651375.042431}]}, "version": 286}
{"obj": {"type": "LogFloats", "path": ["training", "train_loss"], "values": [{"value": 1.4632353782653809, "step": null, "ts": 1667651375.045651}]}, "version": 287}
{"obj": {"type": "LogFloats", "path": ["training", "epoch"], "values": [{"value": 15.0, "step": null, "ts": 1667651375.0480926}]}, "version": 288}
{"obj": {"type": "LogStrings", "path": ["monitoring", "stdout"], "values": [{"value": "{'progress_bar': {'val_loss': 1.4477732181549072}, 'log': {'val_loss': 1.4477732181549072}, 'val_loss': 1.4477732181549072}", "step": null, "ts": 1667651375.6340716}]}, "version": 289}
{"obj": {"type": "LogStrings", "path": ["monitoring", "stdout"], "values": [{"value": "\n", "step": null, "ts": 1667651375.6374526}]}, "version": 290}
{"obj": {"type": "LogStrings", "path": ["monitoring", "stdout"], "values": [{"value": "Accuracy: 0.7798319458961487", "step": null, "ts": 1667651375.6403105}]}, "version": 291}
{"obj": {"type": "LogStrings", "path": ["monitoring", "stdout"], "values": [{"value": "\n", "step": null, "ts": 1667651375.6431243}]}, "version": 292}
{"obj": {"type": "LogFloats", "path": ["training", "val_loss"], "values": [{"value": 1.4485845565795898, "step": null, "ts": 1667651375.6460872}]}, "version": 293}
{"obj": {"type": "LogFloats", "path": ["training", "val_acc_step"], "values": [{"value": 0.7798319458961487, "step": null, "ts": 1667651375.6485827}]}, "version": 294}
{"obj": {"type": "LogFloats", "path": ["training", "val_acc_epoch"], "values": [{"value": 0.7798319458961487, "step": null, "ts": 1667651375.6509392}]}, "version": 295}
{"obj": {"type": "LogFloats", "path": ["training", "epoch"], "values": [{"value": 15.0, "step": null, "ts": 1667651375.653168}]}, "version": 296}
{"obj": {"type": "LogStrings", "path": ["monitoring", "stdout"], "values": [{"value": "Accuracy: 0.7584487795829773", "step": null, "ts": 1667651375.657575}]}, "version": 297}
{"obj": {"type": "LogStrings", "path": ["monitoring", "stdout"], "values": [{"value": "\n", "step": null, "ts": 1667651375.659836}]}, "version": 298}
{"obj": {"type": "LogFloats", "path": ["training", "train_acc_epoch"], "values": [{"value": 0.7584487795829773, "step": null, "ts": 1667651375.6660259}]}, "version": 299}
{"obj": {"type": "LogFloats", "path": ["training", "epoch"], "values": [{"value": 15.0, "step": null, "ts": 1667651375.668457}]}, "version": 300}
{"obj": {"type": "LogFloats", "path": ["training", "train_acc_step"], "values": [{"value": 0.875, "step": null, "ts": 1667651376.312736}]}, "version": 301}
{"obj": {"type": "LogFloats", "path": ["training", "train_loss"], "values": [{"value": 1.4311717748641968, "step": null, "ts": 1667651376.316172}]}, "version": 302}
{"obj": {"type": "LogFloats", "path": ["training", "epoch"], "values": [{"value": 16.0, "step": null, "ts": 1667651376.318892}]}, "version": 303}
{"obj": {"type": "LogStrings", "path": ["monitoring", "stdout"], "values": [{"value": "{'progress_bar': {'val_loss': 1.4443715810775757}, 'log': {'val_loss': 1.4443715810775757}, 'val_loss': 1.4443715810775757}", "step": null, "ts": 1667651376.9252295}]}, "version": 304}
{"obj": {"type": "LogStrings", "path": ["monitoring", "stdout"], "values": [{"value": "\n", "step": null, "ts": 1667651376.9286346}]}, "version": 305}
{"obj": {"type": "LogStrings", "path": ["monitoring", "stdout"], "values": [{"value": "Accuracy: 0.7915966510772705", "step": null, "ts": 1667651376.9317975}]}, "version": 306}
{"obj": {"type": "LogStrings", "path": ["monitoring", "stdout"], "values": [{"value": "\n", "step": null, "ts": 1667651376.934558}]}, "version": 307}
{"obj": {"type": "LogFloats", "path": ["training", "val_loss"], "values": [{"value": 1.4451050758361816, "step": null, "ts": 1667651376.9374156}]}, "version": 308}
{"obj": {"type": "LogFloats", "path": ["training", "val_acc_step"], "values": [{"value": 0.7915966510772705, "step": null, "ts": 1667651376.9400961}]}, "version": 309}
{"obj": {"type": "LogFloats", "path": ["training", "val_acc_epoch"], "values": [{"value": 0.7915966510772705, "step": null, "ts": 1667651376.9424698}]}, "version": 310}
{"obj": {"type": "LogFloats", "path": ["training", "epoch"], "values": [{"value": 16.0, "step": null, "ts": 1667651376.944718}]}, "version": 311}
{"obj": {"type": "LogStrings", "path": ["monitoring", "stdout"], "values": [{"value": "Accuracy: 0.7761772871017456", "step": null, "ts": 1667651376.9490266}]}, "version": 312}
{"obj": {"type": "LogStrings", "path": ["monitoring", "stdout"], "values": [{"value": "\n", "step": null, "ts": 1667651376.9513981}]}, "version": 313}
{"obj": {"type": "LogFloats", "path": ["training", "train_acc_epoch"], "values": [{"value": 0.7761772871017456, "step": null, "ts": 1667651376.957495}]}, "version": 314}
{"obj": {"type": "LogFloats", "path": ["training", "epoch"], "values": [{"value": 16.0, "step": null, "ts": 1667651376.9601228}]}, "version": 315}
{"obj": {"type": "LogFloats", "path": ["training", "train_acc_step"], "values": [{"value": 0.71875, "step": null, "ts": 1667651377.5313032}]}, "version": 316}
{"obj": {"type": "LogFloats", "path": ["training", "train_loss"], "values": [{"value": 1.452633261680603, "step": null, "ts": 1667651377.5352724}]}, "version": 317}
{"obj": {"type": "LogFloats", "path": ["training", "epoch"], "values": [{"value": 17.0, "step": null, "ts": 1667651377.538151}]}, "version": 318}
{"obj": {"type": "LogStrings", "path": ["monitoring", "stdout"], "values": [{"value": "{'progress_bar': {'val_loss': 1.4451828002929688}, 'log': {'val_loss': 1.4451828002929688}, 'val_loss': 1.4451828002929688}", "step": null, "ts": 1667651378.1989374}]}, "version": 319}
{"obj": {"type": "LogStrings", "path": ["monitoring", "stdout"], "values": [{"value": "\n", "step": null, "ts": 1667651378.2026343}]}, "version": 320}
{"obj": {"type": "LogStrings", "path": ["monitoring", "stdout"], "values": [{"value": "Accuracy: 0.7798319458961487", "step": null, "ts": 1667651378.2061014}]}, "version": 321}
{"obj": {"type": "LogStrings", "path": ["monitoring", "stdout"], "values": [{"value": "\n", "step": null, "ts": 1667651378.209035}]}, "version": 322}
{"obj": {"type": "LogFloats", "path": ["training", "val_loss"], "values": [{"value": 1.4459336996078491, "step": null, "ts": 1667651378.212394}]}, "version": 323}
{"obj": {"type": "LogFloats", "path": ["training", "val_acc_step"], "values": [{"value": 0.7798319458961487, "step": null, "ts": 1667651378.2150857}]}, "version": 324}
{"obj": {"type": "LogFloats", "path": ["training", "val_acc_epoch"], "values": [{"value": 0.7798319458961487, "step": null, "ts": 1667651378.2174995}]}, "version": 325}
{"obj": {"type": "LogFloats", "path": ["training", "epoch"], "values": [{"value": 17.0, "step": null, "ts": 1667651378.2201476}]}, "version": 326}
{"obj": {"type": "LogStrings", "path": ["monitoring", "stdout"], "values": [{"value": "Accuracy: 0.7811634540557861", "step": null, "ts": 1667651378.2247708}]}, "version": 327}
{"obj": {"type": "LogStrings", "path": ["monitoring", "stdout"], "values": [{"value": "\n", "step": null, "ts": 1667651378.2276638}]}, "version": 328}
{"obj": {"type": "LogFloats", "path": ["training", "train_acc_epoch"], "values": [{"value": 0.7811634540557861, "step": null, "ts": 1667651378.234271}]}, "version": 329}
{"obj": {"type": "LogFloats", "path": ["training", "epoch"], "values": [{"value": 17.0, "step": null, "ts": 1667651378.237092}]}, "version": 330}
{"obj": {"type": "LogFloats", "path": ["training", "train_acc_step"], "values": [{"value": 0.65625, "step": null, "ts": 1667651378.7726617}]}, "version": 331}
{"obj": {"type": "LogFloats", "path": ["training", "train_loss"], "values": [{"value": 1.4628316164016724, "step": null, "ts": 1667651378.7761903}]}, "version": 332}
{"obj": {"type": "LogFloats", "path": ["training", "epoch"], "values": [{"value": 18.0, "step": null, "ts": 1667651378.7788231}]}, "version": 333}
{"obj": {"type": "LogStrings", "path": ["monitoring", "stdout"], "values": [{"value": "{'progress_bar': {'val_loss': 1.4456700086593628}, 'log': {'val_loss': 1.4456700086593628}, 'val_loss': 1.4456700086593628}", "step": null, "ts": 1667651379.4703033}]}, "version": 334}
{"obj": {"type": "LogStrings", "path": ["monitoring", "stdout"], "values": [{"value": "\n", "step": null, "ts": 1667651379.4738567}]}, "version": 335}
{"obj": {"type": "LogStrings", "path": ["monitoring", "stdout"], "values": [{"value": "Accuracy: 0.7848739624023438", "step": null, "ts": 1667651379.4772215}]}, "version": 336}
{"obj": {"type": "LogStrings", "path": ["monitoring", "stdout"], "values": [{"value": "\n", "step": null, "ts": 1667651379.4802017}]}, "version": 337}
{"obj": {"type": "LogFloats", "path": ["training", "val_loss"], "values": [{"value": 1.4464370012283325, "step": null, "ts": 1667651379.4833527}]}, "version": 338}
{"obj": {"type": "LogFloats", "path": ["training", "val_acc_step"], "values": [{"value": 0.7848739624023438, "step": null, "ts": 1667651379.486104}]}, "version": 339}
{"obj": {"type": "LogFloats", "path": ["training", "val_acc_epoch"], "values": [{"value": 0.7848739624023438, "step": null, "ts": 1667651379.4887269}]}, "version": 340}
{"obj": {"type": "LogFloats", "path": ["training", "epoch"], "values": [{"value": 18.0, "step": null, "ts": 1667651379.4910438}]}, "version": 341}
{"obj": {"type": "LogStrings", "path": ["monitoring", "stdout"], "values": [{"value": "Accuracy: 0.7822714447975159", "step": null, "ts": 1667651379.4959342}]}, "version": 342}
{"obj": {"type": "LogStrings", "path": ["monitoring", "stdout"], "values": [{"value": "\n", "step": null, "ts": 1667651379.498532}]}, "version": 343}
{"obj": {"type": "LogFloats", "path": ["training", "train_acc_epoch"], "values": [{"value": 0.7822714447975159, "step": null, "ts": 1667651379.505099}]}, "version": 344}
{"obj": {"type": "LogFloats", "path": ["training", "epoch"], "values": [{"value": 18.0, "step": null, "ts": 1667651379.508106}]}, "version": 345}
{"obj": {"type": "LogFloats", "path": ["training", "train_acc_step"], "values": [{"value": 0.84375, "step": null, "ts": 1667651380.001214}]}, "version": 346}
{"obj": {"type": "LogFloats", "path": ["training", "train_loss"], "values": [{"value": 1.4379839897155762, "step": null, "ts": 1667651380.0046978}]}, "version": 347}
{"obj": {"type": "LogFloats", "path": ["training", "epoch"], "values": [{"value": 19.0, "step": null, "ts": 1667651380.0075881}]}, "version": 348}
{"obj": {"type": "LogStrings", "path": ["monitoring", "stdout"], "values": [{"value": "{'progress_bar': {'val_loss': 1.446429967880249}, 'log': {'val_loss': 1.446429967880249}, 'val_loss': 1.446429967880249}", "step": null, "ts": 1667651380.7270825}]}, "version": 349}
{"obj": {"type": "LogStrings", "path": ["monitoring", "stdout"], "values": [{"value": "\n", "step": null, "ts": 1667651380.7305114}]}, "version": 350}
{"obj": {"type": "LogStrings", "path": ["monitoring", "stdout"], "values": [{"value": "Accuracy: 0.7764706015586853", "step": null, "ts": 1667651380.7335665}]}, "version": 351}
{"obj": {"type": "LogStrings", "path": ["monitoring", "stdout"], "values": [{"value": "\n", "step": null, "ts": 1667651380.7360404}]}, "version": 352}
{"obj": {"type": "LogFloats", "path": ["training", "val_loss"], "values": [{"value": 1.4472129344940186, "step": null, "ts": 1667651380.738806}]}, "version": 353}
{"obj": {"type": "LogFloats", "path": ["training", "val_acc_step"], "values": [{"value": 0.7764706015586853, "step": null, "ts": 1667651380.741153}]}, "version": 354}
{"obj": {"type": "LogFloats", "path": ["training", "val_acc_epoch"], "values": [{"value": 0.7764706015586853, "step": null, "ts": 1667651380.7434099}]}, "version": 355}
{"obj": {"type": "LogFloats", "path": ["training", "epoch"], "values": [{"value": 19.0, "step": null, "ts": 1667651380.7456403}]}, "version": 356}
{"obj": {"type": "LogStrings", "path": ["monitoring", "stdout"], "values": [{"value": "Accuracy: 0.7806094288825989", "step": null, "ts": 1667651380.7499006}]}, "version": 357}
{"obj": {"type": "LogStrings", "path": ["monitoring", "stdout"], "values": [{"value": "\n", "step": null, "ts": 1667651380.7522826}]}, "version": 358}
{"obj": {"type": "LogFloats", "path": ["training", "train_acc_epoch"], "values": [{"value": 0.7806094288825989, "step": null, "ts": 1667651380.7584076}]}, "version": 359}
{"obj": {"type": "LogFloats", "path": ["training", "epoch"], "values": [{"value": 19.0, "step": null, "ts": 1667651380.7608194}]}, "version": 360}
{"obj": {"type": "AssignString", "path": ["training", "status"], "value": "success"}, "version": 361}
{"obj": {"type": "LogStrings", "path": ["monitoring", "stdout"], "values": [{"value": "Shutting down background jobs, please wait a moment...\n", "step": null, "ts": 1667651380.9553523}]}, "version": 362}
