{"obj": {"type": "AssignString", "path": ["sys", "name"], "value": "Untitled"}, "version": 1}
{"obj": {"type": "AssignString", "path": ["sys", "description"], "value": ""}, "version": 2}
{"obj": {"type": "AssignString", "path": ["sys", "hostname"], "value": "node6"}, "version": 3}
{"obj": {"type": "AssignBool", "path": ["sys", "failed"], "value": false}, "version": 4}
{"obj": {"type": "ClearStringLog", "path": ["monitoring", "stdout"]}, "version": 5}
{"obj": {"type": "ClearStringLog", "path": ["monitoring", "stderr"]}, "version": 6}
{"obj": {"type": "UploadFileSet", "path": ["source_code", "files"], "file_globs": ["/home/aron/BCM_activity_classification/train_model.ipynb", "/home/aron/BCM_activity_classification/model.py", "/home/aron/BCM_activity_classification/BCM_dataset_v2.py"], "reset": "False"}, "version": 7}
{"obj": {"type": "ConfigFloatSeries", "path": ["monitoring", "cpu"], "min": 0.0, "max": 100.0, "unit": "%"}, "version": 8}
{"obj": {"type": "ClearFloatLog", "path": ["monitoring", "cpu"]}, "version": 9}
{"obj": {"type": "ConfigFloatSeries", "path": ["monitoring", "memory"], "min": 0.0, "max": 62.711673736572266, "unit": "GB"}, "version": 10}
{"obj": {"type": "ClearFloatLog", "path": ["monitoring", "memory"]}, "version": 11}
{"obj": {"type": "ConfigFloatSeries", "path": ["monitoring", "gpu_0"], "min": 0.0, "max": 100.0, "unit": "%"}, "version": 12}
{"obj": {"type": "ClearFloatLog", "path": ["monitoring", "gpu_0"]}, "version": 13}
{"obj": {"type": "ConfigFloatSeries", "path": ["monitoring", "gpu_1"], "min": 0.0, "max": 100.0, "unit": "%"}, "version": 14}
{"obj": {"type": "ClearFloatLog", "path": ["monitoring", "gpu_1"]}, "version": 15}
{"obj": {"type": "ConfigFloatSeries", "path": ["monitoring", "gpu_memory_0"], "min": 0.0, "max": 12.0, "unit": "GB"}, "version": 16}
{"obj": {"type": "ClearFloatLog", "path": ["monitoring", "gpu_memory_0"]}, "version": 17}
{"obj": {"type": "ConfigFloatSeries", "path": ["monitoring", "gpu_memory_1"], "min": 0.0, "max": 12.0, "unit": "GB"}, "version": 18}
{"obj": {"type": "ClearFloatLog", "path": ["monitoring", "gpu_memory_1"]}, "version": 19}
{"obj": {"type": "LogFloats", "path": ["monitoring", "cpu"], "values": [{"value": 7.3, "step": null, "ts": 1667482040.8237698}]}, "version": 20}
{"obj": {"type": "LogStrings", "path": ["monitoring", "stdout"], "values": [{"value": "", "step": null, "ts": 1667482040.831994}]}, "version": 21}
{"obj": {"type": "LogFloats", "path": ["monitoring", "memory"], "values": [{"value": 4.905384063720703, "step": null, "ts": 1667482040.8237698}]}, "version": 22}
{"obj": {"type": "LogFloats", "path": ["monitoring", "gpu_memory_0"], "values": [{"value": 1.33013916015625, "step": null, "ts": 1667482040.8237698}]}, "version": 23}
{"obj": {"type": "LogStrings", "path": ["monitoring", "stdout"], "values": [{"value": "Remember to stop your run once you\u2019ve finished logging your metadata (https://docs.neptune.ai/api-reference/run#.stop). It will be stopped automatically only when the notebook kernel/interactive console is terminated.\n", "step": null, "ts": 1667482040.8402016}]}, "version": 24}
{"obj": {"type": "LogFloats", "path": ["monitoring", "gpu_memory_1"], "values": [{"value": 0.232177734375, "step": null, "ts": 1667482040.8237698}]}, "version": 25}
{"obj": {"type": "AssignString", "path": ["source_code", "integrations", "pytorch-lightning"], "value": "1.7.5"}, "version": 26}
{"obj": {"type": "LogStrings", "path": ["metadata", "file_path"], "values": [{"value": "data/bcm/", "step": null, "ts": 1667482041.5525918}]}, "version": 27}
{"obj": {"type": "LogFloats", "path": ["metadata", "window_size"], "values": [{"value": 3.0, "step": null, "ts": 1667482041.5551624}]}, "version": 28}
{"obj": {"type": "LogFloats", "path": ["metadata", "stride"], "values": [{"value": 0.032, "step": null, "ts": 1667482041.5572567}]}, "version": 29}
{"obj": {"type": "LogFloats", "path": ["metadata", "MFCC_stride"], "values": [{"value": 0.032, "step": null, "ts": 1667482041.5592396}]}, "version": 30}
{"obj": {"type": "LogFloats", "path": ["metadata", "mfccs_pr_window"], "values": [{"value": 93.0, "step": null, "ts": 1667482041.5611174}]}, "version": 31}
{"obj": {"type": "LogFloats", "path": ["metadata", "lr"], "values": [{"value": 0.001, "step": null, "ts": 1667482041.562903}]}, "version": 32}
{"obj": {"type": "LogFloats", "path": ["metadata", "batch_size"], "values": [{"value": 32.0, "step": null, "ts": 1667482041.564605}]}, "version": 33}
{"obj": {"type": "LogFloats", "path": ["metadata", "lstm_layers"], "values": [{"value": 1.0, "step": null, "ts": 1667482041.56636}]}, "version": 34}
{"obj": {"type": "LogFloats", "path": ["metadata", "lstm_hidden_size"], "values": [{"value": 8.0, "step": null, "ts": 1667482041.5680628}]}, "version": 35}
{"obj": {"type": "LogFloats", "path": ["metadata", "weight_decay"], "values": [{"value": 0.0, "step": null, "ts": 1667482041.5698106}]}, "version": 36}
{"obj": {"type": "LogFloats", "path": ["metadata", "occlusion"], "values": [{"value": 0.0, "step": null, "ts": 1667482041.5715046}]}, "version": 37}
{"obj": {"type": "LogFloats", "path": ["metadata", "seed"], "values": [{"value": 2.0, "step": null, "ts": 1667482041.5731714}]}, "version": 38}
{"obj": {"type": "LogFloats", "path": ["metadata", "train_set_length"], "values": [{"value": 168285.0, "step": null, "ts": 1667482041.574873}]}, "version": 39}
{"obj": {"type": "LogFloats", "path": ["metadata", "val_set_length"], "values": [{"value": 55785.0, "step": null, "ts": 1667482041.576545}]}, "version": 40}
{"obj": {"type": "LogStrings", "path": ["monitoring", "stderr"], "values": [{"value": "/home/aron/.local/lib/python3.9/site-packages/pytorch_lightning/core/module.py:555: UserWarning: To copy construct from a tensor, it is recommended to use sourceTensor.clone().detach() or sourceTensor.clone().detach().requires_grad_(True), rather than torch.tensor(sourceTensor).\n  value = torch.tensor(value, device=self.device)\n", "step": null, "ts": 1667482041.8596354}]}, "version": 41}
{"obj": {"type": "LogStrings", "path": ["monitoring", "stdout"], "values": [{"value": "{'progress_bar': {'val_loss': 1.6032172441482544}, 'log': {'val_loss': 1.6032172441482544}, 'val_loss': 1.6032172441482544}", "step": null, "ts": 1667482041.887249}]}, "version": 42}
{"obj": {"type": "LogStrings", "path": ["monitoring", "stdout"], "values": [{"value": "\n", "step": null, "ts": 1667482041.8933022}]}, "version": 43}
{"obj": {"type": "LogStrings", "path": ["monitoring", "stdout"], "values": [{"value": "Accuracy: 0.03125", "step": null, "ts": 1667482041.899581}]}, "version": 44}
{"obj": {"type": "LogStrings", "path": ["monitoring", "stdout"], "values": [{"value": "\n", "step": null, "ts": 1667482041.9051416}]}, "version": 45}
{"obj": {"type": "LogFloats", "path": ["training", "train_acc_step"], "values": [{"value": 0.15625, "step": null, "ts": 1667482042.463633}]}, "version": 46}
{"obj": {"type": "LogFloats", "path": ["training", "train_loss"], "values": [{"value": 1.6045044660568237, "step": null, "ts": 1667482042.4667299}]}, "version": 47}
{"obj": {"type": "LogFloats", "path": ["training", "epoch"], "values": [{"value": 0.0, "step": null, "ts": 1667482042.4695828}]}, "version": 48}
{"obj": {"type": "LogFloats", "path": ["training", "train_acc_step"], "values": [{"value": 0.375, "step": null, "ts": 1667482042.7073076}]}, "version": 49}
{"obj": {"type": "LogFloats", "path": ["training", "train_loss"], "values": [{"value": 1.5925767421722412, "step": null, "ts": 1667482042.7103024}]}, "version": 50}
{"obj": {"type": "LogFloats", "path": ["training", "epoch"], "values": [{"value": 0.0, "step": null, "ts": 1667482042.713355}]}, "version": 51}
{"obj": {"type": "LogFloats", "path": ["training", "train_acc_step"], "values": [{"value": 0.40625, "step": null, "ts": 1667482042.946271}]}, "version": 52}
{"obj": {"type": "LogFloats", "path": ["training", "train_loss"], "values": [{"value": 1.5777409076690674, "step": null, "ts": 1667482042.9495938}]}, "version": 53}
{"obj": {"type": "LogFloats", "path": ["training", "epoch"], "values": [{"value": 0.0, "step": null, "ts": 1667482042.952385}]}, "version": 54}
{"obj": {"type": "LogFloats", "path": ["training", "train_acc_step"], "values": [{"value": 0.65625, "step": null, "ts": 1667482043.1849751}]}, "version": 55}
{"obj": {"type": "LogFloats", "path": ["training", "train_loss"], "values": [{"value": 1.5602524280548096, "step": null, "ts": 1667482043.1879463}]}, "version": 56}
{"obj": {"type": "LogFloats", "path": ["training", "epoch"], "values": [{"value": 0.0, "step": null, "ts": 1667482043.1907327}]}, "version": 57}
{"obj": {"type": "LogFloats", "path": ["training", "train_acc_step"], "values": [{"value": 0.71875, "step": null, "ts": 1667482043.4230673}]}, "version": 58}
{"obj": {"type": "LogFloats", "path": ["training", "train_loss"], "values": [{"value": 1.54829740524292, "step": null, "ts": 1667482043.4262614}]}, "version": 59}
{"obj": {"type": "LogFloats", "path": ["training", "epoch"], "values": [{"value": 0.0, "step": null, "ts": 1667482043.429207}]}, "version": 60}
{"obj": {"type": "LogFloats", "path": ["training", "train_acc_step"], "values": [{"value": 0.8125, "step": null, "ts": 1667482043.6608338}]}, "version": 61}
{"obj": {"type": "LogFloats", "path": ["training", "train_loss"], "values": [{"value": 1.5325689315795898, "step": null, "ts": 1667482043.6640468}]}, "version": 62}
{"obj": {"type": "LogFloats", "path": ["training", "epoch"], "values": [{"value": 0.0, "step": null, "ts": 1667482043.666935}]}, "version": 63}
{"obj": {"type": "LogFloats", "path": ["training", "train_acc_step"], "values": [{"value": 0.875, "step": null, "ts": 1667482043.9010491}]}, "version": 64}
{"obj": {"type": "LogFloats", "path": ["training", "train_loss"], "values": [{"value": 1.521208643913269, "step": null, "ts": 1667482043.9041836}]}, "version": 65}
{"obj": {"type": "LogFloats", "path": ["training", "epoch"], "values": [{"value": 0.0, "step": null, "ts": 1667482043.9067988}]}, "version": 66}
{"obj": {"type": "LogFloats", "path": ["training", "train_acc_step"], "values": [{"value": 0.65625, "step": null, "ts": 1667482044.1396933}]}, "version": 67}
{"obj": {"type": "LogFloats", "path": ["training", "train_loss"], "values": [{"value": 1.5318448543548584, "step": null, "ts": 1667482044.1427903}]}, "version": 68}
{"obj": {"type": "LogFloats", "path": ["training", "epoch"], "values": [{"value": 0.0, "step": null, "ts": 1667482044.1458607}]}, "version": 69}
{"obj": {"type": "LogFloats", "path": ["training", "train_acc_step"], "values": [{"value": 0.84375, "step": null, "ts": 1667482044.3792753}]}, "version": 70}
{"obj": {"type": "LogFloats", "path": ["training", "train_loss"], "values": [{"value": 1.5126049518585205, "step": null, "ts": 1667482044.3824332}]}, "version": 71}
{"obj": {"type": "LogFloats", "path": ["training", "epoch"], "values": [{"value": 0.0, "step": null, "ts": 1667482044.3848286}]}, "version": 72}
{"obj": {"type": "LogFloats", "path": ["training", "train_acc_step"], "values": [{"value": 0.84375, "step": null, "ts": 1667482044.6205168}]}, "version": 73}
{"obj": {"type": "LogFloats", "path": ["training", "train_loss"], "values": [{"value": 1.5020966529846191, "step": null, "ts": 1667482044.6237652}]}, "version": 74}
{"obj": {"type": "LogFloats", "path": ["training", "epoch"], "values": [{"value": 0.0, "step": null, "ts": 1667482044.6267333}]}, "version": 75}
{"obj": {"type": "LogFloats", "path": ["training", "train_acc_step"], "values": [{"value": 0.875, "step": null, "ts": 1667482044.8604813}]}, "version": 76}
{"obj": {"type": "LogFloats", "path": ["training", "train_loss"], "values": [{"value": 1.491339921951294, "step": null, "ts": 1667482044.86362}]}, "version": 77}
{"obj": {"type": "LogFloats", "path": ["training", "epoch"], "values": [{"value": 0.0, "step": null, "ts": 1667482044.865988}]}, "version": 78}
{"obj": {"type": "LogFloats", "path": ["training", "train_acc_step"], "values": [{"value": 0.8125, "step": null, "ts": 1667482045.0984674}]}, "version": 79}
{"obj": {"type": "LogFloats", "path": ["training", "train_loss"], "values": [{"value": 1.4912850856781006, "step": null, "ts": 1667482045.1016757}]}, "version": 80}
{"obj": {"type": "LogFloats", "path": ["training", "epoch"], "values": [{"value": 0.0, "step": null, "ts": 1667482045.103876}]}, "version": 81}
{"obj": {"type": "LogFloats", "path": ["training", "train_acc_step"], "values": [{"value": 0.65625, "step": null, "ts": 1667482045.3364944}]}, "version": 82}
{"obj": {"type": "LogFloats", "path": ["training", "train_loss"], "values": [{"value": 1.498976230621338, "step": null, "ts": 1667482045.339781}]}, "version": 83}
{"obj": {"type": "LogFloats", "path": ["training", "epoch"], "values": [{"value": 0.0, "step": null, "ts": 1667482045.342029}]}, "version": 84}
{"obj": {"type": "LogFloats", "path": ["training", "train_acc_step"], "values": [{"value": 0.78125, "step": null, "ts": 1667482045.575495}]}, "version": 85}
{"obj": {"type": "LogFloats", "path": ["training", "train_loss"], "values": [{"value": 1.4868526458740234, "step": null, "ts": 1667482045.5784113}]}, "version": 86}
{"obj": {"type": "LogFloats", "path": ["training", "epoch"], "values": [{"value": 0.0, "step": null, "ts": 1667482045.5805779}]}, "version": 87}
{"obj": {"type": "LogFloats", "path": ["training", "train_acc_step"], "values": [{"value": 0.71875, "step": null, "ts": 1667482045.8136606}]}, "version": 88}
{"obj": {"type": "LogFloats", "path": ["training", "train_loss"], "values": [{"value": 1.4735852479934692, "step": null, "ts": 1667482045.8165116}]}, "version": 89}
{"obj": {"type": "LogFloats", "path": ["training", "epoch"], "values": [{"value": 0.0, "step": null, "ts": 1667482045.8188076}]}, "version": 90}
{"obj": {"type": "LogFloats", "path": ["training", "train_acc_step"], "values": [{"value": 0.6875, "step": null, "ts": 1667482046.0522168}]}, "version": 91}
{"obj": {"type": "LogFloats", "path": ["training", "train_loss"], "values": [{"value": 1.492410659790039, "step": null, "ts": 1667482046.0551922}]}, "version": 92}
{"obj": {"type": "LogFloats", "path": ["training", "epoch"], "values": [{"value": 0.0, "step": null, "ts": 1667482046.0580122}]}, "version": 93}
{"obj": {"type": "LogFloats", "path": ["training", "train_acc_step"], "values": [{"value": 0.78125, "step": null, "ts": 1667482046.2935913}]}, "version": 94}
{"obj": {"type": "LogFloats", "path": ["training", "train_loss"], "values": [{"value": 1.4696269035339355, "step": null, "ts": 1667482046.2964444}]}, "version": 95}
{"obj": {"type": "LogFloats", "path": ["training", "epoch"], "values": [{"value": 0.0, "step": null, "ts": 1667482046.298592}]}, "version": 96}
{"obj": {"type": "LogFloats", "path": ["training", "train_acc_step"], "values": [{"value": 0.71875, "step": null, "ts": 1667482046.5354233}]}, "version": 97}
{"obj": {"type": "LogFloats", "path": ["training", "train_loss"], "values": [{"value": 1.4684661626815796, "step": null, "ts": 1667482046.5383575}]}, "version": 98}
{"obj": {"type": "LogFloats", "path": ["training", "epoch"], "values": [{"value": 0.0, "step": null, "ts": 1667482046.5405881}]}, "version": 99}
{"obj": {"type": "LogFloats", "path": ["training", "train_acc_step"], "values": [{"value": 0.78125, "step": null, "ts": 1667482046.7763078}]}, "version": 100}
{"obj": {"type": "LogFloats", "path": ["training", "train_loss"], "values": [{"value": 1.473937749862671, "step": null, "ts": 1667482046.7781477}]}, "version": 101}
{"obj": {"type": "LogFloats", "path": ["training", "epoch"], "values": [{"value": 0.0, "step": null, "ts": 1667482046.7797463}]}, "version": 102}
{"obj": {"type": "LogFloats", "path": ["training", "train_acc_step"], "values": [{"value": 0.8125, "step": null, "ts": 1667482047.022107}]}, "version": 103}
{"obj": {"type": "LogFloats", "path": ["training", "train_loss"], "values": [{"value": 1.4650202989578247, "step": null, "ts": 1667482047.0239012}]}, "version": 104}
{"obj": {"type": "LogFloats", "path": ["training", "epoch"], "values": [{"value": 0.0, "step": null, "ts": 1667482047.025569}]}, "version": 105}
{"obj": {"type": "LogFloats", "path": ["training", "train_acc_step"], "values": [{"value": 0.71875, "step": null, "ts": 1667482047.2692492}]}, "version": 106}
{"obj": {"type": "LogFloats", "path": ["training", "train_loss"], "values": [{"value": 1.465700387954712, "step": null, "ts": 1667482047.2716827}]}, "version": 107}
{"obj": {"type": "LogFloats", "path": ["training", "epoch"], "values": [{"value": 0.0, "step": null, "ts": 1667482047.273889}]}, "version": 108}
{"obj": {"type": "LogFloats", "path": ["training", "train_acc_step"], "values": [{"value": 0.78125, "step": null, "ts": 1667482047.513158}]}, "version": 109}
{"obj": {"type": "LogFloats", "path": ["training", "train_loss"], "values": [{"value": 1.4665871858596802, "step": null, "ts": 1667482047.515239}]}, "version": 110}
{"obj": {"type": "LogFloats", "path": ["training", "epoch"], "values": [{"value": 0.0, "step": null, "ts": 1667482047.5173333}]}, "version": 111}
{"obj": {"type": "LogFloats", "path": ["training", "train_acc_step"], "values": [{"value": 0.78125, "step": null, "ts": 1667482047.7580469}]}, "version": 112}
{"obj": {"type": "LogFloats", "path": ["training", "train_loss"], "values": [{"value": 1.4650503396987915, "step": null, "ts": 1667482047.760429}]}, "version": 113}
{"obj": {"type": "LogFloats", "path": ["training", "epoch"], "values": [{"value": 0.0, "step": null, "ts": 1667482047.76268}]}, "version": 114}
{"obj": {"type": "LogFloats", "path": ["training", "train_acc_step"], "values": [{"value": 0.875, "step": null, "ts": 1667482047.993072}]}, "version": 115}
{"obj": {"type": "LogFloats", "path": ["training", "train_loss"], "values": [{"value": 1.4538710117340088, "step": null, "ts": 1667482047.9951992}]}, "version": 116}
{"obj": {"type": "LogFloats", "path": ["training", "epoch"], "values": [{"value": 0.0, "step": null, "ts": 1667482047.9971426}]}, "version": 117}
{"obj": {"type": "LogFloats", "path": ["training", "train_acc_step"], "values": [{"value": 0.875, "step": null, "ts": 1667482048.2262006}]}, "version": 118}
{"obj": {"type": "LogFloats", "path": ["training", "train_loss"], "values": [{"value": 1.4465477466583252, "step": null, "ts": 1667482048.2285066}]}, "version": 119}
{"obj": {"type": "LogFloats", "path": ["training", "epoch"], "values": [{"value": 0.0, "step": null, "ts": 1667482048.2307272}]}, "version": 120}
{"obj": {"type": "LogFloats", "path": ["training", "train_acc_step"], "values": [{"value": 0.78125, "step": null, "ts": 1667482048.4590616}]}, "version": 121}
{"obj": {"type": "LogFloats", "path": ["training", "train_loss"], "values": [{"value": 1.4573602676391602, "step": null, "ts": 1667482048.4622777}]}, "version": 122}
{"obj": {"type": "LogFloats", "path": ["training", "epoch"], "values": [{"value": 0.0, "step": null, "ts": 1667482048.4650784}]}, "version": 123}
{"obj": {"type": "LogFloats", "path": ["training", "train_acc_step"], "values": [{"value": 0.6875, "step": null, "ts": 1667482048.69451}]}, "version": 124}
{"obj": {"type": "LogFloats", "path": ["training", "train_loss"], "values": [{"value": 1.4806430339813232, "step": null, "ts": 1667482048.6978977}]}, "version": 125}
{"obj": {"type": "LogFloats", "path": ["training", "epoch"], "values": [{"value": 0.0, "step": null, "ts": 1667482048.700708}]}, "version": 126}
{"obj": {"type": "LogFloats", "path": ["training", "train_acc_step"], "values": [{"value": 0.8125, "step": null, "ts": 1667482048.9300082}]}, "version": 127}
{"obj": {"type": "LogFloats", "path": ["training", "train_loss"], "values": [{"value": 1.4607068300247192, "step": null, "ts": 1667482048.9337068}]}, "version": 128}
{"obj": {"type": "LogFloats", "path": ["training", "epoch"], "values": [{"value": 0.0, "step": null, "ts": 1667482048.9506757}]}, "version": 129}
{"obj": {"type": "LogFloats", "path": ["training", "train_acc_step"], "values": [{"value": 0.6875, "step": null, "ts": 1667482049.1806188}]}, "version": 130}
{"obj": {"type": "LogFloats", "path": ["training", "train_loss"], "values": [{"value": 1.4750385284423828, "step": null, "ts": 1667482049.1838508}]}, "version": 131}
{"obj": {"type": "LogFloats", "path": ["training", "epoch"], "values": [{"value": 0.0, "step": null, "ts": 1667482049.1866615}]}, "version": 132}
{"obj": {"type": "LogFloats", "path": ["training", "train_acc_step"], "values": [{"value": 0.71875, "step": null, "ts": 1667482049.415147}]}, "version": 133}
{"obj": {"type": "LogFloats", "path": ["training", "train_loss"], "values": [{"value": 1.4670820236206055, "step": null, "ts": 1667482049.418417}]}, "version": 134}
{"obj": {"type": "LogFloats", "path": ["training", "epoch"], "values": [{"value": 0.0, "step": null, "ts": 1667482049.4213398}]}, "version": 135}
{"obj": {"type": "LogFloats", "path": ["training", "train_acc_step"], "values": [{"value": 0.78125, "step": null, "ts": 1667482049.650594}]}, "version": 136}
{"obj": {"type": "LogFloats", "path": ["training", "train_loss"], "values": [{"value": 1.4556846618652344, "step": null, "ts": 1667482049.6536913}]}, "version": 137}
{"obj": {"type": "LogFloats", "path": ["training", "epoch"], "values": [{"value": 0.0, "step": null, "ts": 1667482049.6563525}]}, "version": 138}
{"obj": {"type": "LogFloats", "path": ["training", "train_acc_step"], "values": [{"value": 0.84375, "step": null, "ts": 1667482049.8861175}]}, "version": 139}
{"obj": {"type": "LogFloats", "path": ["training", "train_loss"], "values": [{"value": 1.4456292390823364, "step": null, "ts": 1667482049.8895588}]}, "version": 140}
{"obj": {"type": "LogFloats", "path": ["training", "epoch"], "values": [{"value": 0.0, "step": null, "ts": 1667482049.8924518}]}, "version": 141}
{"obj": {"type": "LogFloats", "path": ["training", "train_acc_step"], "values": [{"value": 0.71875, "step": null, "ts": 1667482050.1226892}]}, "version": 142}
{"obj": {"type": "LogFloats", "path": ["training", "train_loss"], "values": [{"value": 1.4570876359939575, "step": null, "ts": 1667482050.1258981}]}, "version": 143}
{"obj": {"type": "LogFloats", "path": ["training", "epoch"], "values": [{"value": 0.0, "step": null, "ts": 1667482050.1287904}]}, "version": 144}
{"obj": {"type": "LogFloats", "path": ["training", "train_acc_step"], "values": [{"value": 0.8125, "step": null, "ts": 1667482050.359224}]}, "version": 145}
{"obj": {"type": "LogFloats", "path": ["training", "train_loss"], "values": [{"value": 1.452275037765503, "step": null, "ts": 1667482050.362522}]}, "version": 146}
{"obj": {"type": "LogFloats", "path": ["training", "epoch"], "values": [{"value": 0.0, "step": null, "ts": 1667482050.3656743}]}, "version": 147}
{"obj": {"type": "LogFloats", "path": ["training", "train_acc_step"], "values": [{"value": 0.875, "step": null, "ts": 1667482050.5954306}]}, "version": 148}
{"obj": {"type": "LogFloats", "path": ["training", "train_loss"], "values": [{"value": 1.4431092739105225, "step": null, "ts": 1667482050.5985494}]}, "version": 149}
{"obj": {"type": "LogFloats", "path": ["training", "epoch"], "values": [{"value": 0.0, "step": null, "ts": 1667482050.6015124}]}, "version": 150}
{"obj": {"type": "LogFloats", "path": ["training", "train_acc_step"], "values": [{"value": 0.8125, "step": null, "ts": 1667482050.8328068}]}, "version": 151}
{"obj": {"type": "LogFloats", "path": ["training", "train_loss"], "values": [{"value": 1.4562594890594482, "step": null, "ts": 1667482050.836078}]}, "version": 152}
{"obj": {"type": "LogFloats", "path": ["training", "epoch"], "values": [{"value": 0.0, "step": null, "ts": 1667482050.8389814}]}, "version": 153}
{"obj": {"type": "LogFloats", "path": ["monitoring", "cpu"], "values": [{"value": 6.6, "step": null, "ts": 1667482050.845084}]}, "version": 154}
{"obj": {"type": "LogFloats", "path": ["monitoring", "memory"], "values": [{"value": 5.226970672607422, "step": null, "ts": 1667482050.845084}]}, "version": 155}
{"obj": {"type": "LogFloats", "path": ["monitoring", "gpu_0"], "values": [{"value": 16.0, "step": null, "ts": 1667482050.845084}]}, "version": 156}
{"obj": {"type": "LogFloats", "path": ["monitoring", "gpu_memory_0"], "values": [{"value": 1.35357666015625, "step": null, "ts": 1667482050.845084}]}, "version": 157}
{"obj": {"type": "LogFloats", "path": ["monitoring", "gpu_memory_1"], "values": [{"value": 0.232177734375, "step": null, "ts": 1667482050.845084}]}, "version": 158}
{"obj": {"type": "LogFloats", "path": ["training", "train_acc_step"], "values": [{"value": 0.65625, "step": null, "ts": 1667482051.0727594}]}, "version": 159}
{"obj": {"type": "LogFloats", "path": ["training", "train_loss"], "values": [{"value": 1.4749082326889038, "step": null, "ts": 1667482051.0760565}]}, "version": 160}
{"obj": {"type": "LogFloats", "path": ["training", "epoch"], "values": [{"value": 0.0, "step": null, "ts": 1667482051.0792453}]}, "version": 161}
{"obj": {"type": "LogFloats", "path": ["training", "train_acc_step"], "values": [{"value": 0.8125, "step": null, "ts": 1667482051.3098764}]}, "version": 162}
{"obj": {"type": "LogFloats", "path": ["training", "train_loss"], "values": [{"value": 1.4496078491210938, "step": null, "ts": 1667482051.3134077}]}, "version": 163}
{"obj": {"type": "LogFloats", "path": ["training", "epoch"], "values": [{"value": 0.0, "step": null, "ts": 1667482051.3163922}]}, "version": 164}
{"obj": {"type": "LogFloats", "path": ["training", "train_acc_step"], "values": [{"value": 0.875, "step": null, "ts": 1667482051.5471084}]}, "version": 165}
{"obj": {"type": "LogFloats", "path": ["training", "train_loss"], "values": [{"value": 1.4376945495605469, "step": null, "ts": 1667482051.550083}]}, "version": 166}
{"obj": {"type": "LogFloats", "path": ["training", "epoch"], "values": [{"value": 0.0, "step": null, "ts": 1667482051.5529668}]}, "version": 167}
{"obj": {"type": "LogFloats", "path": ["training", "train_acc_step"], "values": [{"value": 0.71875, "step": null, "ts": 1667482051.7829566}]}, "version": 168}
{"obj": {"type": "LogFloats", "path": ["training", "train_loss"], "values": [{"value": 1.4604990482330322, "step": null, "ts": 1667482051.786357}]}, "version": 169}
{"obj": {"type": "LogFloats", "path": ["training", "epoch"], "values": [{"value": 0.0, "step": null, "ts": 1667482051.7895348}]}, "version": 170}
{"obj": {"type": "LogFloats", "path": ["training", "train_acc_step"], "values": [{"value": 0.75, "step": null, "ts": 1667482052.0257823}]}, "version": 171}
{"obj": {"type": "LogFloats", "path": ["training", "train_loss"], "values": [{"value": 1.4551951885223389, "step": null, "ts": 1667482052.0289602}]}, "version": 172}
{"obj": {"type": "LogFloats", "path": ["training", "epoch"], "values": [{"value": 0.0, "step": null, "ts": 1667482052.031378}]}, "version": 173}
{"obj": {"type": "LogFloats", "path": ["training", "train_acc_step"], "values": [{"value": 0.71875, "step": null, "ts": 1667482052.2613053}]}, "version": 174}
{"obj": {"type": "LogFloats", "path": ["training", "train_loss"], "values": [{"value": 1.4676976203918457, "step": null, "ts": 1667482052.2643473}]}, "version": 175}
{"obj": {"type": "LogFloats", "path": ["training", "epoch"], "values": [{"value": 0.0, "step": null, "ts": 1667482052.2672539}]}, "version": 176}
{"obj": {"type": "LogFloats", "path": ["training", "train_acc_step"], "values": [{"value": 0.8125, "step": null, "ts": 1667482052.4993963}]}, "version": 177}
{"obj": {"type": "LogFloats", "path": ["training", "train_loss"], "values": [{"value": 1.4458684921264648, "step": null, "ts": 1667482052.5021362}]}, "version": 178}
{"obj": {"type": "LogFloats", "path": ["training", "epoch"], "values": [{"value": 0.0, "step": null, "ts": 1667482052.504469}]}, "version": 179}
{"obj": {"type": "LogFloats", "path": ["training", "train_acc_step"], "values": [{"value": 0.84375, "step": null, "ts": 1667482052.7351363}]}, "version": 180}
{"obj": {"type": "LogFloats", "path": ["training", "train_loss"], "values": [{"value": 1.4310399293899536, "step": null, "ts": 1667482052.7374008}]}, "version": 181}
{"obj": {"type": "LogFloats", "path": ["training", "epoch"], "values": [{"value": 0.0, "step": null, "ts": 1667482052.7394514}]}, "version": 182}
{"obj": {"type": "LogFloats", "path": ["training", "train_acc_step"], "values": [{"value": 0.75, "step": null, "ts": 1667482052.9690547}]}, "version": 183}
{"obj": {"type": "LogFloats", "path": ["training", "train_loss"], "values": [{"value": 1.452864408493042, "step": null, "ts": 1667482052.9721673}]}, "version": 184}
{"obj": {"type": "LogFloats", "path": ["training", "epoch"], "values": [{"value": 0.0, "step": null, "ts": 1667482052.9747174}]}, "version": 185}
{"obj": {"type": "LogFloats", "path": ["training", "train_acc_step"], "values": [{"value": 0.8125, "step": null, "ts": 1667482053.2049375}]}, "version": 186}
{"obj": {"type": "LogFloats", "path": ["training", "train_loss"], "values": [{"value": 1.4520856142044067, "step": null, "ts": 1667482053.208066}]}, "version": 187}
{"obj": {"type": "LogFloats", "path": ["training", "epoch"], "values": [{"value": 0.0, "step": null, "ts": 1667482053.2110431}]}, "version": 188}
{"obj": {"type": "LogFloats", "path": ["training", "train_acc_step"], "values": [{"value": 0.75, "step": null, "ts": 1667482053.4408138}]}, "version": 189}
{"obj": {"type": "LogFloats", "path": ["training", "train_loss"], "values": [{"value": 1.447143793106079, "step": null, "ts": 1667482053.4439137}]}, "version": 190}
{"obj": {"type": "LogFloats", "path": ["training", "epoch"], "values": [{"value": 0.0, "step": null, "ts": 1667482053.4468644}]}, "version": 191}
{"obj": {"type": "LogFloats", "path": ["training", "train_acc_step"], "values": [{"value": 0.78125, "step": null, "ts": 1667482053.6749613}]}, "version": 192}
{"obj": {"type": "LogFloats", "path": ["training", "train_loss"], "values": [{"value": 1.445791244506836, "step": null, "ts": 1667482053.6780465}]}, "version": 193}
{"obj": {"type": "LogFloats", "path": ["training", "epoch"], "values": [{"value": 0.0, "step": null, "ts": 1667482053.680878}]}, "version": 194}
{"obj": {"type": "LogFloats", "path": ["training", "train_acc_step"], "values": [{"value": 0.875, "step": null, "ts": 1667482053.9104397}]}, "version": 195}
{"obj": {"type": "LogFloats", "path": ["training", "train_loss"], "values": [{"value": 1.44313383102417, "step": null, "ts": 1667482053.9137833}]}, "version": 196}
{"obj": {"type": "LogFloats", "path": ["training", "epoch"], "values": [{"value": 0.0, "step": null, "ts": 1667482053.9168274}]}, "version": 197}
{"obj": {"type": "LogFloats", "path": ["training", "train_acc_step"], "values": [{"value": 0.875, "step": null, "ts": 1667482054.1473334}]}, "version": 198}
{"obj": {"type": "LogFloats", "path": ["training", "train_loss"], "values": [{"value": 1.4423274993896484, "step": null, "ts": 1667482054.1505475}]}, "version": 199}
{"obj": {"type": "LogFloats", "path": ["training", "epoch"], "values": [{"value": 0.0, "step": null, "ts": 1667482054.1535878}]}, "version": 200}
{"obj": {"type": "LogFloats", "path": ["training", "train_acc_step"], "values": [{"value": 0.8125, "step": null, "ts": 1667482054.3833833}]}, "version": 201}
{"obj": {"type": "LogFloats", "path": ["training", "train_loss"], "values": [{"value": 1.4421521425247192, "step": null, "ts": 1667482054.3864393}]}, "version": 202}
{"obj": {"type": "LogFloats", "path": ["training", "epoch"], "values": [{"value": 0.0, "step": null, "ts": 1667482054.3897235}]}, "version": 203}
{"obj": {"type": "LogFloats", "path": ["training", "train_acc_step"], "values": [{"value": 0.65625, "step": null, "ts": 1667482054.620457}]}, "version": 204}
{"obj": {"type": "LogFloats", "path": ["training", "train_loss"], "values": [{"value": 1.4662432670593262, "step": null, "ts": 1667482054.6236823}]}, "version": 205}
{"obj": {"type": "LogFloats", "path": ["training", "epoch"], "values": [{"value": 0.0, "step": null, "ts": 1667482054.626708}]}, "version": 206}
{"obj": {"type": "LogFloats", "path": ["training", "train_acc_step"], "values": [{"value": 0.78125, "step": null, "ts": 1667482054.858639}]}, "version": 207}
{"obj": {"type": "LogFloats", "path": ["training", "train_loss"], "values": [{"value": 1.4511876106262207, "step": null, "ts": 1667482054.8618066}]}, "version": 208}
{"obj": {"type": "LogFloats", "path": ["training", "epoch"], "values": [{"value": 0.0, "step": null, "ts": 1667482054.8647683}]}, "version": 209}
{"obj": {"type": "LogFloats", "path": ["training", "train_acc_step"], "values": [{"value": 0.65625, "step": null, "ts": 1667482055.0946515}]}, "version": 210}
{"obj": {"type": "LogFloats", "path": ["training", "train_loss"], "values": [{"value": 1.468637466430664, "step": null, "ts": 1667482055.0980241}]}, "version": 211}
{"obj": {"type": "LogFloats", "path": ["training", "epoch"], "values": [{"value": 0.0, "step": null, "ts": 1667482055.1010985}]}, "version": 212}
{"obj": {"type": "LogFloats", "path": ["training", "train_acc_step"], "values": [{"value": 0.875, "step": null, "ts": 1667482055.3315673}]}, "version": 213}
{"obj": {"type": "LogFloats", "path": ["training", "train_loss"], "values": [{"value": 1.4323883056640625, "step": null, "ts": 1667482055.3347518}]}, "version": 214}
{"obj": {"type": "LogFloats", "path": ["training", "epoch"], "values": [{"value": 0.0, "step": null, "ts": 1667482055.337854}]}, "version": 215}
{"obj": {"type": "LogFloats", "path": ["training", "train_acc_step"], "values": [{"value": 0.75, "step": null, "ts": 1667482055.675634}]}, "version": 216}
{"obj": {"type": "LogFloats", "path": ["training", "train_loss"], "values": [{"value": 1.4546328783035278, "step": null, "ts": 1667482055.6789966}]}, "version": 217}
{"obj": {"type": "LogFloats", "path": ["training", "epoch"], "values": [{"value": 0.0, "step": null, "ts": 1667482055.6820319}]}, "version": 218}
{"obj": {"type": "LogFloats", "path": ["training", "train_acc_step"], "values": [{"value": 0.78125, "step": null, "ts": 1667482055.9116762}]}, "version": 219}
{"obj": {"type": "LogFloats", "path": ["training", "train_loss"], "values": [{"value": 1.454653263092041, "step": null, "ts": 1667482055.9147604}]}, "version": 220}
{"obj": {"type": "LogFloats", "path": ["training", "epoch"], "values": [{"value": 0.0, "step": null, "ts": 1667482055.9179068}]}, "version": 221}
{"obj": {"type": "LogFloats", "path": ["training", "train_acc_step"], "values": [{"value": 0.75, "step": null, "ts": 1667482056.1488724}]}, "version": 222}
{"obj": {"type": "LogFloats", "path": ["training", "train_loss"], "values": [{"value": 1.4623934030532837, "step": null, "ts": 1667482056.1521106}]}, "version": 223}
{"obj": {"type": "LogFloats", "path": ["training", "epoch"], "values": [{"value": 0.0, "step": null, "ts": 1667482056.1550689}]}, "version": 224}
{"obj": {"type": "LogFloats", "path": ["training", "train_acc_step"], "values": [{"value": 0.84375, "step": null, "ts": 1667482056.385563}]}, "version": 225}
{"obj": {"type": "LogFloats", "path": ["training", "train_loss"], "values": [{"value": 1.4437568187713623, "step": null, "ts": 1667482056.3886213}]}, "version": 226}
{"obj": {"type": "LogFloats", "path": ["training", "epoch"], "values": [{"value": 0.0, "step": null, "ts": 1667482056.3914266}]}, "version": 227}
{"obj": {"type": "LogFloats", "path": ["training", "train_acc_step"], "values": [{"value": 0.75, "step": null, "ts": 1667482056.6215506}]}, "version": 228}
{"obj": {"type": "LogFloats", "path": ["training", "train_loss"], "values": [{"value": 1.4454870223999023, "step": null, "ts": 1667482056.6246586}]}, "version": 229}
{"obj": {"type": "LogFloats", "path": ["training", "epoch"], "values": [{"value": 0.0, "step": null, "ts": 1667482056.6274395}]}, "version": 230}
{"obj": {"type": "LogFloats", "path": ["training", "train_acc_step"], "values": [{"value": 0.78125, "step": null, "ts": 1667482056.8566558}]}, "version": 231}
{"obj": {"type": "LogFloats", "path": ["training", "train_loss"], "values": [{"value": 1.4521721601486206, "step": null, "ts": 1667482056.8599815}]}, "version": 232}
{"obj": {"type": "LogFloats", "path": ["training", "epoch"], "values": [{"value": 0.0, "step": null, "ts": 1667482056.863064}]}, "version": 233}
{"obj": {"type": "LogFloats", "path": ["training", "train_acc_step"], "values": [{"value": 0.59375, "step": null, "ts": 1667482057.0974514}]}, "version": 234}
{"obj": {"type": "LogFloats", "path": ["training", "train_loss"], "values": [{"value": 1.468599557876587, "step": null, "ts": 1667482057.1007943}]}, "version": 235}
{"obj": {"type": "LogFloats", "path": ["training", "epoch"], "values": [{"value": 0.0, "step": null, "ts": 1667482057.1038346}]}, "version": 236}
{"obj": {"type": "LogFloats", "path": ["training", "train_acc_step"], "values": [{"value": 0.75, "step": null, "ts": 1667482057.3330824}]}, "version": 237}
{"obj": {"type": "LogFloats", "path": ["training", "train_loss"], "values": [{"value": 1.4495840072631836, "step": null, "ts": 1667482057.3363955}]}, "version": 238}
{"obj": {"type": "LogFloats", "path": ["training", "epoch"], "values": [{"value": 0.0, "step": null, "ts": 1667482057.3395758}]}, "version": 239}
{"obj": {"type": "LogFloats", "path": ["training", "train_acc_step"], "values": [{"value": 0.75, "step": null, "ts": 1667482057.5690775}]}, "version": 240}
{"obj": {"type": "LogFloats", "path": ["training", "train_loss"], "values": [{"value": 1.4433380365371704, "step": null, "ts": 1667482057.5724058}]}, "version": 241}
{"obj": {"type": "LogFloats", "path": ["training", "epoch"], "values": [{"value": 0.0, "step": null, "ts": 1667482057.5755394}]}, "version": 242}
{"obj": {"type": "LogFloats", "path": ["training", "train_acc_step"], "values": [{"value": 0.84375, "step": null, "ts": 1667482057.805481}]}, "version": 243}
{"obj": {"type": "LogFloats", "path": ["training", "train_loss"], "values": [{"value": 1.4391117095947266, "step": null, "ts": 1667482057.808832}]}, "version": 244}
{"obj": {"type": "LogFloats", "path": ["training", "epoch"], "values": [{"value": 0.0, "step": null, "ts": 1667482057.8116958}]}, "version": 245}
{"obj": {"type": "LogFloats", "path": ["training", "train_acc_step"], "values": [{"value": 0.8125, "step": null, "ts": 1667482058.0438209}]}, "version": 246}
{"obj": {"type": "LogFloats", "path": ["training", "train_loss"], "values": [{"value": 1.4359941482543945, "step": null, "ts": 1667482058.0467436}]}, "version": 247}
{"obj": {"type": "LogFloats", "path": ["training", "epoch"], "values": [{"value": 0.0, "step": null, "ts": 1667482058.0494878}]}, "version": 248}
{"obj": {"type": "LogFloats", "path": ["training", "train_acc_step"], "values": [{"value": 0.875, "step": null, "ts": 1667482058.2760935}]}, "version": 249}
{"obj": {"type": "LogFloats", "path": ["training", "train_loss"], "values": [{"value": 1.4355816841125488, "step": null, "ts": 1667482058.2793238}]}, "version": 250}
{"obj": {"type": "LogFloats", "path": ["training", "epoch"], "values": [{"value": 0.0, "step": null, "ts": 1667482058.2821739}]}, "version": 251}
{"obj": {"type": "LogFloats", "path": ["training", "train_acc_step"], "values": [{"value": 0.75, "step": null, "ts": 1667482058.50863}]}, "version": 252}
{"obj": {"type": "LogFloats", "path": ["training", "train_loss"], "values": [{"value": 1.4544165134429932, "step": null, "ts": 1667482058.5117886}]}, "version": 253}
{"obj": {"type": "LogFloats", "path": ["training", "epoch"], "values": [{"value": 0.0, "step": null, "ts": 1667482058.5148542}]}, "version": 254}
{"obj": {"type": "LogFloats", "path": ["training", "train_acc_step"], "values": [{"value": 0.78125, "step": null, "ts": 1667482058.740122}]}, "version": 255}
{"obj": {"type": "LogFloats", "path": ["training", "train_loss"], "values": [{"value": 1.454275131225586, "step": null, "ts": 1667482058.7430532}]}, "version": 256}
{"obj": {"type": "LogFloats", "path": ["training", "epoch"], "values": [{"value": 0.0, "step": null, "ts": 1667482058.7457042}]}, "version": 257}
{"obj": {"type": "LogFloats", "path": ["training", "train_acc_step"], "values": [{"value": 0.875, "step": null, "ts": 1667482058.9711325}]}, "version": 258}
{"obj": {"type": "LogFloats", "path": ["training", "train_loss"], "values": [{"value": 1.4409143924713135, "step": null, "ts": 1667482058.974152}]}, "version": 259}
{"obj": {"type": "LogFloats", "path": ["training", "epoch"], "values": [{"value": 0.0, "step": null, "ts": 1667482058.9769557}]}, "version": 260}
{"obj": {"type": "LogFloats", "path": ["training", "train_acc_step"], "values": [{"value": 0.875, "step": null, "ts": 1667482059.2025616}]}, "version": 261}
{"obj": {"type": "LogFloats", "path": ["training", "train_loss"], "values": [{"value": 1.445162057876587, "step": null, "ts": 1667482059.205854}]}, "version": 262}
{"obj": {"type": "LogFloats", "path": ["training", "epoch"], "values": [{"value": 0.0, "step": null, "ts": 1667482059.2088819}]}, "version": 263}
{"obj": {"type": "LogFloats", "path": ["training", "train_acc_step"], "values": [{"value": 0.84375, "step": null, "ts": 1667482059.4339747}]}, "version": 264}
{"obj": {"type": "LogFloats", "path": ["training", "train_loss"], "values": [{"value": 1.4362993240356445, "step": null, "ts": 1667482059.4367945}]}, "version": 265}
{"obj": {"type": "LogFloats", "path": ["training", "epoch"], "values": [{"value": 0.0, "step": null, "ts": 1667482059.4393337}]}, "version": 266}
{"obj": {"type": "LogFloats", "path": ["training", "train_acc_step"], "values": [{"value": 0.9375, "step": null, "ts": 1667482059.6654344}]}, "version": 267}
{"obj": {"type": "LogFloats", "path": ["training", "train_loss"], "values": [{"value": 1.4324424266815186, "step": null, "ts": 1667482059.6686277}]}, "version": 268}
{"obj": {"type": "LogFloats", "path": ["training", "epoch"], "values": [{"value": 0.0, "step": null, "ts": 1667482059.6714447}]}, "version": 269}
{"obj": {"type": "LogFloats", "path": ["training", "train_acc_step"], "values": [{"value": 0.84375, "step": null, "ts": 1667482059.8974028}]}, "version": 270}
{"obj": {"type": "LogFloats", "path": ["training", "train_loss"], "values": [{"value": 1.44933021068573, "step": null, "ts": 1667482059.9006352}]}, "version": 271}
{"obj": {"type": "LogFloats", "path": ["training", "epoch"], "values": [{"value": 0.0, "step": null, "ts": 1667482059.903652}]}, "version": 272}
{"obj": {"type": "LogFloats", "path": ["training", "train_acc_step"], "values": [{"value": 0.8125, "step": null, "ts": 1667482060.1283147}]}, "version": 273}
{"obj": {"type": "LogFloats", "path": ["training", "train_loss"], "values": [{"value": 1.4408879280090332, "step": null, "ts": 1667482060.13087}]}, "version": 274}
{"obj": {"type": "LogFloats", "path": ["training", "epoch"], "values": [{"value": 0.0, "step": null, "ts": 1667482060.1335113}]}, "version": 275}
{"obj": {"type": "LogFloats", "path": ["training", "train_acc_step"], "values": [{"value": 0.78125, "step": null, "ts": 1667482060.3570201}]}, "version": 276}
{"obj": {"type": "LogFloats", "path": ["training", "train_loss"], "values": [{"value": 1.4480047225952148, "step": null, "ts": 1667482060.360322}]}, "version": 277}
{"obj": {"type": "LogFloats", "path": ["training", "epoch"], "values": [{"value": 0.0, "step": null, "ts": 1667482060.3630328}]}, "version": 278}
{"obj": {"type": "LogFloats", "path": ["training", "train_acc_step"], "values": [{"value": 0.78125, "step": null, "ts": 1667482060.5871253}]}, "version": 279}
{"obj": {"type": "LogFloats", "path": ["training", "train_loss"], "values": [{"value": 1.4568649530410767, "step": null, "ts": 1667482060.590329}]}, "version": 280}
{"obj": {"type": "LogFloats", "path": ["training", "epoch"], "values": [{"value": 0.0, "step": null, "ts": 1667482060.593342}]}, "version": 281}
{"obj": {"type": "LogFloats", "path": ["training", "train_acc_step"], "values": [{"value": 0.84375, "step": null, "ts": 1667482060.8189087}]}, "version": 282}
{"obj": {"type": "LogFloats", "path": ["training", "train_loss"], "values": [{"value": 1.4358298778533936, "step": null, "ts": 1667482060.821946}]}, "version": 283}
{"obj": {"type": "LogFloats", "path": ["training", "epoch"], "values": [{"value": 0.0, "step": null, "ts": 1667482060.824851}]}, "version": 284}
{"obj": {"type": "LogFloats", "path": ["monitoring", "cpu"], "values": [{"value": 6.5, "step": null, "ts": 1667482060.8615448}]}, "version": 285}
{"obj": {"type": "LogFloats", "path": ["monitoring", "memory"], "values": [{"value": 5.315334320068359, "step": null, "ts": 1667482060.8615448}]}, "version": 286}
{"obj": {"type": "LogFloats", "path": ["monitoring", "gpu_0"], "values": [{"value": 16.0, "step": null, "ts": 1667482060.8615448}]}, "version": 287}
{"obj": {"type": "LogFloats", "path": ["monitoring", "gpu_memory_0"], "values": [{"value": 1.35552978515625, "step": null, "ts": 1667482060.8615448}]}, "version": 288}
{"obj": {"type": "LogFloats", "path": ["monitoring", "gpu_memory_1"], "values": [{"value": 0.232177734375, "step": null, "ts": 1667482060.8615448}]}, "version": 289}
{"obj": {"type": "LogFloats", "path": ["training", "train_acc_step"], "values": [{"value": 0.84375, "step": null, "ts": 1667482061.0535505}]}, "version": 290}
{"obj": {"type": "LogFloats", "path": ["training", "train_loss"], "values": [{"value": 1.441572666168213, "step": null, "ts": 1667482061.0568013}]}, "version": 291}
{"obj": {"type": "LogFloats", "path": ["training", "epoch"], "values": [{"value": 0.0, "step": null, "ts": 1667482061.0596843}]}, "version": 292}
{"obj": {"type": "LogFloats", "path": ["training", "train_acc_step"], "values": [{"value": 0.90625, "step": null, "ts": 1667482061.2851365}]}, "version": 293}
{"obj": {"type": "LogFloats", "path": ["training", "train_loss"], "values": [{"value": 1.4412992000579834, "step": null, "ts": 1667482061.2882662}]}, "version": 294}
{"obj": {"type": "LogFloats", "path": ["training", "epoch"], "values": [{"value": 0.0, "step": null, "ts": 1667482061.2909374}]}, "version": 295}
{"obj": {"type": "LogFloats", "path": ["training", "train_acc_step"], "values": [{"value": 0.78125, "step": null, "ts": 1667482061.5158653}]}, "version": 296}
{"obj": {"type": "LogFloats", "path": ["training", "train_loss"], "values": [{"value": 1.4532537460327148, "step": null, "ts": 1667482061.5192327}]}, "version": 297}
{"obj": {"type": "LogFloats", "path": ["training", "epoch"], "values": [{"value": 0.0, "step": null, "ts": 1667482061.5223916}]}, "version": 298}
{"obj": {"type": "LogFloats", "path": ["training", "train_acc_step"], "values": [{"value": 0.875, "step": null, "ts": 1667482061.7478936}]}, "version": 299}
{"obj": {"type": "LogFloats", "path": ["training", "train_loss"], "values": [{"value": 1.4333254098892212, "step": null, "ts": 1667482061.751081}]}, "version": 300}
{"obj": {"type": "LogFloats", "path": ["training", "epoch"], "values": [{"value": 0.0, "step": null, "ts": 1667482061.7541091}]}, "version": 301}
{"obj": {"type": "LogFloats", "path": ["training", "train_acc_step"], "values": [{"value": 0.90625, "step": null, "ts": 1667482061.9797966}]}, "version": 302}
{"obj": {"type": "LogFloats", "path": ["training", "train_loss"], "values": [{"value": 1.437404751777649, "step": null, "ts": 1667482061.9830384}]}, "version": 303}
{"obj": {"type": "LogFloats", "path": ["training", "epoch"], "values": [{"value": 0.0, "step": null, "ts": 1667482061.9860346}]}, "version": 304}
{"obj": {"type": "LogFloats", "path": ["training", "train_acc_step"], "values": [{"value": 0.9375, "step": null, "ts": 1667482062.2160964}]}, "version": 305}
{"obj": {"type": "LogFloats", "path": ["training", "train_loss"], "values": [{"value": 1.4414132833480835, "step": null, "ts": 1667482062.2194586}]}, "version": 306}
{"obj": {"type": "LogFloats", "path": ["training", "epoch"], "values": [{"value": 0.0, "step": null, "ts": 1667482062.2224255}]}, "version": 307}
{"obj": {"type": "LogFloats", "path": ["training", "train_acc_step"], "values": [{"value": 0.875, "step": null, "ts": 1667482062.4491525}]}, "version": 308}
{"obj": {"type": "LogFloats", "path": ["training", "train_loss"], "values": [{"value": 1.4328330755233765, "step": null, "ts": 1667482062.4520888}]}, "version": 309}
{"obj": {"type": "LogFloats", "path": ["training", "epoch"], "values": [{"value": 0.0, "step": null, "ts": 1667482062.4548743}]}, "version": 310}
{"obj": {"type": "LogFloats", "path": ["training", "train_acc_step"], "values": [{"value": 0.8125, "step": null, "ts": 1667482062.6861207}]}, "version": 311}
{"obj": {"type": "LogFloats", "path": ["training", "train_loss"], "values": [{"value": 1.4538264274597168, "step": null, "ts": 1667482062.68935}]}, "version": 312}
{"obj": {"type": "LogFloats", "path": ["training", "epoch"], "values": [{"value": 0.0, "step": null, "ts": 1667482062.6921294}]}, "version": 313}
{"obj": {"type": "LogFloats", "path": ["training", "train_acc_step"], "values": [{"value": 0.96875, "step": null, "ts": 1667482062.9206748}]}, "version": 314}
{"obj": {"type": "LogFloats", "path": ["training", "train_loss"], "values": [{"value": 1.436535120010376, "step": null, "ts": 1667482062.9238565}]}, "version": 315}
{"obj": {"type": "LogFloats", "path": ["training", "epoch"], "values": [{"value": 0.0, "step": null, "ts": 1667482062.926964}]}, "version": 316}
{"obj": {"type": "LogFloats", "path": ["training", "train_acc_step"], "values": [{"value": 0.8125, "step": null, "ts": 1667482063.156856}]}, "version": 317}
{"obj": {"type": "LogFloats", "path": ["training", "train_loss"], "values": [{"value": 1.449704647064209, "step": null, "ts": 1667482063.1598384}]}, "version": 318}
{"obj": {"type": "LogFloats", "path": ["training", "epoch"], "values": [{"value": 0.0, "step": null, "ts": 1667482063.162289}]}, "version": 319}
{"obj": {"type": "LogFloats", "path": ["training", "train_acc_step"], "values": [{"value": 0.9375, "step": null, "ts": 1667482063.391471}]}, "version": 320}
{"obj": {"type": "LogFloats", "path": ["training", "train_loss"], "values": [{"value": 1.4378132820129395, "step": null, "ts": 1667482063.394332}]}, "version": 321}
{"obj": {"type": "LogFloats", "path": ["training", "epoch"], "values": [{"value": 0.0, "step": null, "ts": 1667482063.3972178}]}, "version": 322}
{"obj": {"type": "LogFloats", "path": ["training", "train_acc_step"], "values": [{"value": 0.84375, "step": null, "ts": 1667482063.6246686}]}, "version": 323}
{"obj": {"type": "LogFloats", "path": ["training", "train_loss"], "values": [{"value": 1.444995641708374, "step": null, "ts": 1667482063.6278856}]}, "version": 324}
{"obj": {"type": "LogFloats", "path": ["training", "epoch"], "values": [{"value": 0.0, "step": null, "ts": 1667482063.6309752}]}, "version": 325}
{"obj": {"type": "LogFloats", "path": ["training", "train_acc_step"], "values": [{"value": 0.875, "step": null, "ts": 1667482063.8598742}]}, "version": 326}
{"obj": {"type": "LogFloats", "path": ["training", "train_loss"], "values": [{"value": 1.454124927520752, "step": null, "ts": 1667482063.8630733}]}, "version": 327}
{"obj": {"type": "LogFloats", "path": ["training", "epoch"], "values": [{"value": 0.0, "step": null, "ts": 1667482063.8661132}]}, "version": 328}
{"obj": {"type": "LogFloats", "path": ["training", "train_acc_step"], "values": [{"value": 0.9375, "step": null, "ts": 1667482064.0951812}]}, "version": 329}
{"obj": {"type": "LogFloats", "path": ["training", "train_loss"], "values": [{"value": 1.4355905055999756, "step": null, "ts": 1667482064.0984123}]}, "version": 330}
{"obj": {"type": "LogFloats", "path": ["training", "epoch"], "values": [{"value": 0.0, "step": null, "ts": 1667482064.1013236}]}, "version": 331}
{"obj": {"type": "LogFloats", "path": ["training", "train_acc_step"], "values": [{"value": 0.875, "step": null, "ts": 1667482064.3289278}]}, "version": 332}
{"obj": {"type": "LogFloats", "path": ["training", "train_loss"], "values": [{"value": 1.455068588256836, "step": null, "ts": 1667482064.3324335}]}, "version": 333}
{"obj": {"type": "LogFloats", "path": ["training", "epoch"], "values": [{"value": 0.0, "step": null, "ts": 1667482064.335493}]}, "version": 334}
{"obj": {"type": "LogFloats", "path": ["training", "train_acc_step"], "values": [{"value": 0.78125, "step": null, "ts": 1667482064.5607848}]}, "version": 335}
{"obj": {"type": "LogFloats", "path": ["training", "train_loss"], "values": [{"value": 1.4642832279205322, "step": null, "ts": 1667482064.5638804}]}, "version": 336}
{"obj": {"type": "LogFloats", "path": ["training", "epoch"], "values": [{"value": 0.0, "step": null, "ts": 1667482064.5665836}]}, "version": 337}
{"obj": {"type": "LogFloats", "path": ["training", "train_acc_step"], "values": [{"value": 0.90625, "step": null, "ts": 1667482064.793289}]}, "version": 338}
{"obj": {"type": "LogFloats", "path": ["training", "train_loss"], "values": [{"value": 1.442383050918579, "step": null, "ts": 1667482064.7965004}]}, "version": 339}
{"obj": {"type": "LogFloats", "path": ["training", "epoch"], "values": [{"value": 0.0, "step": null, "ts": 1667482064.7994792}]}, "version": 340}
{"obj": {"type": "LogFloats", "path": ["training", "train_acc_step"], "values": [{"value": 0.96875, "step": null, "ts": 1667482065.0262046}]}, "version": 341}
{"obj": {"type": "LogFloats", "path": ["training", "train_loss"], "values": [{"value": 1.4394737482070923, "step": null, "ts": 1667482065.0292194}]}, "version": 342}
{"obj": {"type": "LogFloats", "path": ["training", "epoch"], "values": [{"value": 0.0, "step": null, "ts": 1667482065.0319808}]}, "version": 343}
{"obj": {"type": "LogFloats", "path": ["training", "train_acc_step"], "values": [{"value": 0.8125, "step": null, "ts": 1667482065.2571383}]}, "version": 344}
{"obj": {"type": "LogFloats", "path": ["training", "train_loss"], "values": [{"value": 1.4537832736968994, "step": null, "ts": 1667482065.2602448}]}, "version": 345}
{"obj": {"type": "LogFloats", "path": ["training", "epoch"], "values": [{"value": 0.0, "step": null, "ts": 1667482065.263443}]}, "version": 346}
{"obj": {"type": "LogFloats", "path": ["training", "train_acc_step"], "values": [{"value": 0.875, "step": null, "ts": 1667482065.489761}]}, "version": 347}
{"obj": {"type": "LogFloats", "path": ["training", "train_loss"], "values": [{"value": 1.4419357776641846, "step": null, "ts": 1667482065.4930215}]}, "version": 348}
{"obj": {"type": "LogFloats", "path": ["training", "epoch"], "values": [{"value": 0.0, "step": null, "ts": 1667482065.495782}]}, "version": 349}
{"obj": {"type": "LogFloats", "path": ["training", "train_acc_step"], "values": [{"value": 0.9375, "step": null, "ts": 1667482065.720829}]}, "version": 350}
{"obj": {"type": "LogFloats", "path": ["training", "train_loss"], "values": [{"value": 1.4447438716888428, "step": null, "ts": 1667482065.7240963}]}, "version": 351}
{"obj": {"type": "LogFloats", "path": ["training", "epoch"], "values": [{"value": 0.0, "step": null, "ts": 1667482065.7273452}]}, "version": 352}
{"obj": {"type": "LogFloats", "path": ["training", "train_acc_step"], "values": [{"value": 0.90625, "step": null, "ts": 1667482065.97053}]}, "version": 353}
{"obj": {"type": "LogFloats", "path": ["training", "train_loss"], "values": [{"value": 1.4486948251724243, "step": null, "ts": 1667482065.9740252}]}, "version": 354}
{"obj": {"type": "LogFloats", "path": ["training", "epoch"], "values": [{"value": 0.0, "step": null, "ts": 1667482065.9770741}]}, "version": 355}
{"obj": {"type": "LogFloats", "path": ["training", "train_acc_step"], "values": [{"value": 0.875, "step": null, "ts": 1667482066.2263114}]}, "version": 356}
{"obj": {"type": "LogFloats", "path": ["training", "train_loss"], "values": [{"value": 1.455025553703308, "step": null, "ts": 1667482066.2296028}]}, "version": 357}
{"obj": {"type": "LogFloats", "path": ["training", "epoch"], "values": [{"value": 0.0, "step": null, "ts": 1667482066.2321482}]}, "version": 358}
{"obj": {"type": "LogFloats", "path": ["training", "train_acc_step"], "values": [{"value": 0.75, "step": null, "ts": 1667482066.4821103}]}, "version": 359}
{"obj": {"type": "LogFloats", "path": ["training", "train_loss"], "values": [{"value": 1.4517555236816406, "step": null, "ts": 1667482066.48535}]}, "version": 360}
{"obj": {"type": "LogFloats", "path": ["training", "epoch"], "values": [{"value": 0.0, "step": null, "ts": 1667482066.4876773}]}, "version": 361}
{"obj": {"type": "LogFloats", "path": ["training", "train_acc_step"], "values": [{"value": 0.90625, "step": null, "ts": 1667482066.7364762}]}, "version": 362}
{"obj": {"type": "LogFloats", "path": ["training", "train_loss"], "values": [{"value": 1.4450736045837402, "step": null, "ts": 1667482066.7397041}]}, "version": 363}
{"obj": {"type": "LogFloats", "path": ["training", "epoch"], "values": [{"value": 0.0, "step": null, "ts": 1667482066.7420795}]}, "version": 364}
{"obj": {"type": "LogFloats", "path": ["training", "train_acc_step"], "values": [{"value": 0.875, "step": null, "ts": 1667482066.9892833}]}, "version": 365}
{"obj": {"type": "LogFloats", "path": ["training", "train_loss"], "values": [{"value": 1.4523664712905884, "step": null, "ts": 1667482066.992206}]}, "version": 366}
{"obj": {"type": "LogFloats", "path": ["training", "epoch"], "values": [{"value": 0.0, "step": null, "ts": 1667482066.9944544}]}, "version": 367}
{"obj": {"type": "LogFloats", "path": ["training", "train_acc_step"], "values": [{"value": 0.96875, "step": null, "ts": 1667482067.2625954}]}, "version": 368}
{"obj": {"type": "LogFloats", "path": ["training", "train_loss"], "values": [{"value": 1.4223718643188477, "step": null, "ts": 1667482067.2657266}]}, "version": 369}
{"obj": {"type": "LogFloats", "path": ["training", "epoch"], "values": [{"value": 0.0, "step": null, "ts": 1667482067.268461}]}, "version": 370}
{"obj": {"type": "LogFloats", "path": ["monitoring", "cpu"], "values": [{"value": 11.9, "step": null, "ts": 1667482070.8791015}]}, "version": 371}
{"obj": {"type": "LogFloats", "path": ["monitoring", "memory"], "values": [{"value": 5.361217498779297, "step": null, "ts": 1667482070.8791015}]}, "version": 372}
{"obj": {"type": "LogFloats", "path": ["monitoring", "gpu_0"], "values": [{"value": 13.0, "step": null, "ts": 1667482070.8791015}]}, "version": 373}
{"obj": {"type": "LogFloats", "path": ["monitoring", "gpu_memory_0"], "values": [{"value": 1.35552978515625, "step": null, "ts": 1667482070.8791015}]}, "version": 374}
{"obj": {"type": "LogFloats", "path": ["monitoring", "gpu_memory_1"], "values": [{"value": 0.232177734375, "step": null, "ts": 1667482070.8791015}]}, "version": 375}
{"obj": {"type": "LogStrings", "path": ["monitoring", "stdout"], "values": [{"value": "{'progress_bar': {'val_loss': 1.449341058731079}, 'log': {'val_loss': 1.449341058731079}, 'val_loss': 1.449341058731079}", "step": null, "ts": 1667482073.3468459}]}, "version": 376}
{"obj": {"type": "LogStrings", "path": ["monitoring", "stdout"], "values": [{"value": "\n", "step": null, "ts": 1667482073.3536413}]}, "version": 377}
{"obj": {"type": "LogStrings", "path": ["monitoring", "stdout"], "values": [{"value": "Accuracy: 0.8648561239242554", "step": null, "ts": 1667482073.3604972}]}, "version": 378}
{"obj": {"type": "LogStrings", "path": ["monitoring", "stdout"], "values": [{"value": "\n", "step": null, "ts": 1667482073.3671353}]}, "version": 379}
{"obj": {"type": "LogFloats", "path": ["training", "val_loss"], "values": [{"value": 1.4493495225906372, "step": null, "ts": 1667482073.3709686}]}, "version": 380}
{"obj": {"type": "LogFloats", "path": ["training", "val_acc_step"], "values": [{"value": 0.8648561239242554, "step": null, "ts": 1667482073.37325}]}, "version": 381}
{"obj": {"type": "LogFloats", "path": ["training", "val_acc_epoch"], "values": [{"value": 0.8648561239242554, "step": null, "ts": 1667482073.375438}]}, "version": 382}
{"obj": {"type": "LogFloats", "path": ["training", "epoch"], "values": [{"value": 0.0, "step": null, "ts": 1667482073.3776176}]}, "version": 383}
{"obj": {"type": "LogStrings", "path": ["monitoring", "stdout"], "values": [{"value": "Accuracy: 0.8012241125106812", "step": null, "ts": 1667482073.4133396}]}, "version": 384}
{"obj": {"type": "LogStrings", "path": ["monitoring", "stdout"], "values": [{"value": "\n", "step": null, "ts": 1667482073.4211197}]}, "version": 385}
{"obj": {"type": "LogFloats", "path": ["training", "train_acc_epoch"], "values": [{"value": 0.8012241125106812, "step": null, "ts": 1667482073.4675138}]}, "version": 386}
{"obj": {"type": "LogFloats", "path": ["training", "epoch"], "values": [{"value": 0.0, "step": null, "ts": 1667482073.4709425}]}, "version": 387}
{"obj": {"type": "AssignString", "path": ["training", "status"], "value": "success"}, "version": 388}
{"obj": {"type": "LogStrings", "path": ["monitoring", "stdout"], "values": [{"value": "Using cuda device", "step": null, "ts": 1667482073.631926}]}, "version": 389}
{"obj": {"type": "LogStrings", "path": ["monitoring", "stdout"], "values": [{"value": "\n", "step": null, "ts": 1667482073.6406138}]}, "version": 390}
{"obj": {"type": "LogStrings", "path": ["monitoring", "stdout"], "values": [{"value": "Validation set", "step": null, "ts": 1667482073.649187}]}, "version": 391}
{"obj": {"type": "LogStrings", "path": ["monitoring", "stdout"], "values": [{"value": "\n", "step": null, "ts": 1667482073.6565256}]}, "version": 392}
{"obj": {"type": "LogStrings", "path": ["monitoring", "stdout"], "values": [{"value": "data/bcm//validation/0.npy", "step": null, "ts": 1667482073.664836}]}, "version": 393}
{"obj": {"type": "LogStrings", "path": ["monitoring", "stdout"], "values": [{"value": "\n", "step": null, "ts": 1667482073.6717603}]}, "version": 394}
{"obj": {"type": "LogStrings", "path": ["monitoring", "stdout"], "values": [{"value": "data/bcm//validation/1.npy", "step": null, "ts": 1667482073.6796415}]}, "version": 395}
{"obj": {"type": "LogStrings", "path": ["monitoring", "stdout"], "values": [{"value": "\n", "step": null, "ts": 1667482073.6865954}]}, "version": 396}
{"obj": {"type": "LogStrings", "path": ["monitoring", "stdout"], "values": [{"value": "data/bcm//validation/2.npy", "step": null, "ts": 1667482073.6943202}]}, "version": 397}
{"obj": {"type": "LogStrings", "path": ["monitoring", "stdout"], "values": [{"value": "\n", "step": null, "ts": 1667482073.7012446}]}, "version": 398}
{"obj": {"type": "LogStrings", "path": ["monitoring", "stdout"], "values": [{"value": "data/bcm//validation/3.npy", "step": null, "ts": 1667482073.7088895}]}, "version": 399}
{"obj": {"type": "LogStrings", "path": ["monitoring", "stdout"], "values": [{"value": "\n", "step": null, "ts": 1667482073.7159815}]}, "version": 400}
{"obj": {"type": "LogStrings", "path": ["monitoring", "stdout"], "values": [{"value": "data/bcm//validation/4.npy", "step": null, "ts": 1667482073.7235487}]}, "version": 401}
{"obj": {"type": "LogStrings", "path": ["monitoring", "stdout"], "values": [{"value": "\n", "step": null, "ts": 1667482073.730037}]}, "version": 402}
{"obj": {"type": "LogStrings", "path": ["monitoring", "stdout"], "values": [{"value": "Training set", "step": null, "ts": 1667482073.7356462}]}, "version": 403}
{"obj": {"type": "LogStrings", "path": ["monitoring", "stdout"], "values": [{"value": "\n", "step": null, "ts": 1667482073.7413008}]}, "version": 404}
{"obj": {"type": "LogStrings", "path": ["monitoring", "stdout"], "values": [{"value": "data/bcm//train/0.npy", "step": null, "ts": 1667482073.7489944}]}, "version": 405}
{"obj": {"type": "LogStrings", "path": ["monitoring", "stdout"], "values": [{"value": "\n", "step": null, "ts": 1667482073.7557895}]}, "version": 406}
{"obj": {"type": "LogStrings", "path": ["monitoring", "stdout"], "values": [{"value": "data/bcm//train/1.npy", "step": null, "ts": 1667482073.764194}]}, "version": 407}
{"obj": {"type": "LogStrings", "path": ["monitoring", "stdout"], "values": [{"value": "\n", "step": null, "ts": 1667482073.7708561}]}, "version": 408}
{"obj": {"type": "LogStrings", "path": ["monitoring", "stdout"], "values": [{"value": "data/bcm//train/2.npy", "step": null, "ts": 1667482073.778799}]}, "version": 409}
{"obj": {"type": "LogStrings", "path": ["monitoring", "stdout"], "values": [{"value": "\n", "step": null, "ts": 1667482073.7855098}]}, "version": 410}
{"obj": {"type": "LogStrings", "path": ["monitoring", "stdout"], "values": [{"value": "data/bcm//train/3.npy", "step": null, "ts": 1667482073.794387}]}, "version": 411}
{"obj": {"type": "LogStrings", "path": ["monitoring", "stdout"], "values": [{"value": "\n", "step": null, "ts": 1667482073.80129}]}, "version": 412}
{"obj": {"type": "LogStrings", "path": ["monitoring", "stdout"], "values": [{"value": "data/bcm//train/4.npy", "step": null, "ts": 1667482073.809542}]}, "version": 413}
{"obj": {"type": "LogStrings", "path": ["monitoring", "stdout"], "values": [{"value": "\n", "step": null, "ts": 1667482073.8163106}]}, "version": 414}
{"obj": {"type": "LogStrings", "path": ["monitoring", "stdout"], "values": [{"value": "https://app.neptune.ai/NTLAB/BCM-activity-classification/e/BCMAC-43\n", "step": null, "ts": 1667482074.7962322}]}, "version": 415}
{"obj": {"type": "LogStrings", "path": ["monitoring", "stdout"], "values": [{"value": "", "step": null, "ts": 1667482074.83807}]}, "version": 416}
{"obj": {"type": "LogStrings", "path": ["monitoring", "stdout"], "values": [{"value": "Remember to stop your run once you\u2019ve finished logging your metadata (https://docs.neptune.ai/api-reference/run#.stop). It will be stopped automatically only when the notebook kernel/interactive console is terminated.\n", "step": null, "ts": 1667482074.8488557}]}, "version": 417}
{"obj": {"type": "LogStrings", "path": ["monitoring", "stderr"], "values": [{"value": "/home/aron/.local/lib/python3.9/site-packages/pytorch_lightning/core/module.py:555: UserWarning: To copy construct from a tensor, it is recommended to use sourceTensor.clone().detach() or sourceTensor.clone().detach().requires_grad_(True), rather than torch.tensor(sourceTensor).\n  value = torch.tensor(value, device=self.device)\n", "step": null, "ts": 1667482075.8397167}]}, "version": 418}
{"obj": {"type": "LogStrings", "path": ["monitoring", "stdout"], "values": [{"value": "{'progress_bar': {'val_loss': 1.6236329078674316}, 'log': {'val_loss': 1.6236329078674316}, 'val_loss': 1.6236329078674316}", "step": null, "ts": 1667482075.8628278}]}, "version": 419}
{"obj": {"type": "LogStrings", "path": ["monitoring", "stdout"], "values": [{"value": "\n", "step": null, "ts": 1667482075.8725321}]}, "version": 420}
{"obj": {"type": "LogStrings", "path": ["monitoring", "stdout"], "values": [{"value": "Accuracy: 0.0", "step": null, "ts": 1667482075.8829718}]}, "version": 421}
{"obj": {"type": "LogStrings", "path": ["monitoring", "stdout"], "values": [{"value": "\n", "step": null, "ts": 1667482075.8924344}]}, "version": 422}
{"obj": {"type": "LogFloats", "path": ["monitoring", "cpu"], "values": [{"value": 10.1, "step": null, "ts": 1667482080.8986976}]}, "version": 423}
{"obj": {"type": "LogFloats", "path": ["monitoring", "memory"], "values": [{"value": 5.195018768310547, "step": null, "ts": 1667482080.8986976}]}, "version": 424}
{"obj": {"type": "LogFloats", "path": ["monitoring", "gpu_0"], "values": [{"value": 15.0, "step": null, "ts": 1667482080.8986976}]}, "version": 425}
{"obj": {"type": "LogFloats", "path": ["monitoring", "gpu_memory_0"], "values": [{"value": 1.35162353515625, "step": null, "ts": 1667482080.8986976}]}, "version": 426}
{"obj": {"type": "LogFloats", "path": ["monitoring", "gpu_memory_1"], "values": [{"value": 0.232177734375, "step": null, "ts": 1667482080.8986976}]}, "version": 427}
{"obj": {"type": "LogFloats", "path": ["monitoring", "cpu"], "values": [{"value": 7.1, "step": null, "ts": 1667482090.9134629}]}, "version": 428}
{"obj": {"type": "LogFloats", "path": ["monitoring", "memory"], "values": [{"value": 5.22662353515625, "step": null, "ts": 1667482090.9134629}]}, "version": 429}
{"obj": {"type": "LogFloats", "path": ["monitoring", "gpu_0"], "values": [{"value": 15.0, "step": null, "ts": 1667482090.9134629}]}, "version": 430}
{"obj": {"type": "LogFloats", "path": ["monitoring", "gpu_memory_0"], "values": [{"value": 1.35357666015625, "step": null, "ts": 1667482090.9134629}]}, "version": 431}
{"obj": {"type": "LogFloats", "path": ["monitoring", "gpu_memory_1"], "values": [{"value": 0.232177734375, "step": null, "ts": 1667482090.9134629}]}, "version": 432}
{"obj": {"type": "LogStrings", "path": ["monitoring", "stderr"], "values": [{"value": "/home/aron/.local/lib/python3.9/site-packages/pytorch_lightning/trainer/trainer.py:653: UserWarning: Detected KeyboardInterrupt, attempting graceful shutdown...\n  rank_zero_warn(\"Detected KeyboardInterrupt, attempting graceful shutdown...\")\n", "step": null, "ts": 1667482099.738795}]}, "version": 433}
{"obj": {"type": "LogStrings", "path": ["monitoring", "stdout"], "values": [{"value": "Using cuda device", "step": null, "ts": 1667482099.7489626}]}, "version": 434}
{"obj": {"type": "LogStrings", "path": ["monitoring", "stdout"], "values": [{"value": "\n", "step": null, "ts": 1667482099.7582705}]}, "version": 435}
{"obj": {"type": "LogStrings", "path": ["monitoring", "stdout"], "values": [{"value": "Validation set", "step": null, "ts": 1667482099.769582}]}, "version": 436}
{"obj": {"type": "LogStrings", "path": ["monitoring", "stdout"], "values": [{"value": "\n", "step": null, "ts": 1667482099.7788742}]}, "version": 437}
{"obj": {"type": "LogStrings", "path": ["monitoring", "stdout"], "values": [{"value": "data/bcm//validation/0.npy", "step": null, "ts": 1667482099.7907822}]}, "version": 438}
{"obj": {"type": "LogStrings", "path": ["monitoring", "stdout"], "values": [{"value": "\n", "step": null, "ts": 1667482099.800632}]}, "version": 439}
{"obj": {"type": "LogStrings", "path": ["monitoring", "stdout"], "values": [{"value": "data/bcm//validation/1.npy", "step": null, "ts": 1667482099.8116627}]}, "version": 440}
{"obj": {"type": "LogStrings", "path": ["monitoring", "stdout"], "values": [{"value": "\n", "step": null, "ts": 1667482099.8210652}]}, "version": 441}
{"obj": {"type": "LogStrings", "path": ["monitoring", "stdout"], "values": [{"value": "data/bcm//validation/2.npy", "step": null, "ts": 1667482099.831179}]}, "version": 442}
{"obj": {"type": "LogStrings", "path": ["monitoring", "stdout"], "values": [{"value": "\n", "step": null, "ts": 1667482099.8393774}]}, "version": 443}
{"obj": {"type": "LogStrings", "path": ["monitoring", "stdout"], "values": [{"value": "data/bcm//validation/3.npy", "step": null, "ts": 1667482099.8476007}]}, "version": 444}
{"obj": {"type": "LogStrings", "path": ["monitoring", "stdout"], "values": [{"value": "\n", "step": null, "ts": 1667482099.8550036}]}, "version": 445}
{"obj": {"type": "LogStrings", "path": ["monitoring", "stdout"], "values": [{"value": "data/bcm//validation/4.npy", "step": null, "ts": 1667482099.8634624}]}, "version": 446}
{"obj": {"type": "LogStrings", "path": ["monitoring", "stdout"], "values": [{"value": "\n", "step": null, "ts": 1667482099.871831}]}, "version": 447}
{"obj": {"type": "LogStrings", "path": ["monitoring", "stdout"], "values": [{"value": "Training set", "step": null, "ts": 1667482099.8798397}]}, "version": 448}
{"obj": {"type": "LogStrings", "path": ["monitoring", "stdout"], "values": [{"value": "\n", "step": null, "ts": 1667482099.8876133}]}, "version": 449}
{"obj": {"type": "LogStrings", "path": ["monitoring", "stdout"], "values": [{"value": "data/bcm//train/0.npy", "step": null, "ts": 1667482099.8979428}]}, "version": 450}
{"obj": {"type": "LogStrings", "path": ["monitoring", "stdout"], "values": [{"value": "\n", "step": null, "ts": 1667482099.907203}]}, "version": 451}
{"obj": {"type": "LogStrings", "path": ["monitoring", "stdout"], "values": [{"value": "data/bcm//train/1.npy", "step": null, "ts": 1667482099.9163187}]}, "version": 452}
{"obj": {"type": "LogStrings", "path": ["monitoring", "stdout"], "values": [{"value": "\n", "step": null, "ts": 1667482099.9242125}]}, "version": 453}
{"obj": {"type": "LogStrings", "path": ["monitoring", "stdout"], "values": [{"value": "data/bcm//train/2.npy", "step": null, "ts": 1667482099.9342766}]}, "version": 454}
{"obj": {"type": "LogStrings", "path": ["monitoring", "stdout"], "values": [{"value": "\n", "step": null, "ts": 1667482099.9427629}]}, "version": 455}
{"obj": {"type": "LogStrings", "path": ["monitoring", "stdout"], "values": [{"value": "data/bcm//train/3.npy", "step": null, "ts": 1667482099.9534643}]}, "version": 456}
{"obj": {"type": "LogStrings", "path": ["monitoring", "stdout"], "values": [{"value": "\n", "step": null, "ts": 1667482099.9631124}]}, "version": 457}
{"obj": {"type": "LogStrings", "path": ["monitoring", "stdout"], "values": [{"value": "data/bcm//train/4.npy", "step": null, "ts": 1667482099.974282}]}, "version": 458}
{"obj": {"type": "LogStrings", "path": ["monitoring", "stdout"], "values": [{"value": "\n", "step": null, "ts": 1667482099.9837987}]}, "version": 459}
{"obj": {"type": "LogFloats", "path": ["monitoring", "cpu"], "values": [{"value": 7.0, "step": null, "ts": 1667482100.9306138}]}, "version": 460}
{"obj": {"type": "LogFloats", "path": ["monitoring", "memory"], "values": [{"value": 4.948001861572266, "step": null, "ts": 1667482100.9306138}]}, "version": 461}
{"obj": {"type": "LogFloats", "path": ["monitoring", "gpu_memory_0"], "values": [{"value": 1.33404541015625, "step": null, "ts": 1667482100.9306138}]}, "version": 462}
{"obj": {"type": "LogFloats", "path": ["monitoring", "gpu_memory_1"], "values": [{"value": 0.232177734375, "step": null, "ts": 1667482100.9306138}]}, "version": 463}
{"obj": {"type": "LogStrings", "path": ["monitoring", "stdout"], "values": [{"value": "https://app.neptune.ai/NTLAB/BCM-activity-classification/e/BCMAC-44\n", "step": null, "ts": 1667482101.07263}]}, "version": 464}
{"obj": {"type": "LogStrings", "path": ["monitoring", "stdout"], "values": [{"value": "", "step": null, "ts": 1667482101.1169858}]}, "version": 465}
{"obj": {"type": "LogStrings", "path": ["monitoring", "stdout"], "values": [{"value": "Remember to stop your run once you\u2019ve finished logging your metadata (https://docs.neptune.ai/api-reference/run#.stop). It will be stopped automatically only when the notebook kernel/interactive console is terminated.\n", "step": null, "ts": 1667482101.1305344}]}, "version": 466}
{"obj": {"type": "LogStrings", "path": ["monitoring", "stderr"], "values": [{"value": "/home/aron/.local/lib/python3.9/site-packages/pytorch_lightning/core/module.py:555: UserWarning: To copy construct from a tensor, it is recommended to use sourceTensor.clone().detach() or sourceTensor.clone().detach().requires_grad_(True), rather than torch.tensor(sourceTensor).\n  value = torch.tensor(value, device=self.device)\n", "step": null, "ts": 1667482102.1902308}]}, "version": 467}
{"obj": {"type": "LogStrings", "path": ["monitoring", "stdout"], "values": [{"value": "{'progress_bar': {'val_loss': 1.6037204265594482}, 'log': {'val_loss': 1.6037204265594482}, 'val_loss': 1.6037204265594482}", "step": null, "ts": 1667482102.2097638}]}, "version": 468}
{"obj": {"type": "LogStrings", "path": ["monitoring", "stdout"], "values": [{"value": "\n", "step": null, "ts": 1667482102.2219374}]}, "version": 469}
{"obj": {"type": "LogStrings", "path": ["monitoring", "stdout"], "values": [{"value": "Accuracy: 0.203125", "step": null, "ts": 1667482102.2328322}]}, "version": 470}
{"obj": {"type": "LogStrings", "path": ["monitoring", "stdout"], "values": [{"value": "\n", "step": null, "ts": 1667482102.2422187}]}, "version": 471}
{"obj": {"type": "LogFloats", "path": ["monitoring", "cpu"], "values": [{"value": 7.4, "step": null, "ts": 1667482110.945134}]}, "version": 472}
{"obj": {"type": "LogFloats", "path": ["monitoring", "memory"], "values": [{"value": 5.258190155029297, "step": null, "ts": 1667482110.945134}]}, "version": 473}
{"obj": {"type": "LogFloats", "path": ["monitoring", "gpu_0"], "values": [{"value": 16.0, "step": null, "ts": 1667482110.945134}]}, "version": 474}
{"obj": {"type": "LogFloats", "path": ["monitoring", "gpu_memory_0"], "values": [{"value": 1.35748291015625, "step": null, "ts": 1667482110.945134}]}, "version": 475}
{"obj": {"type": "LogFloats", "path": ["monitoring", "gpu_memory_1"], "values": [{"value": 0.232177734375, "step": null, "ts": 1667482110.945134}]}, "version": 476}
{"obj": {"type": "LogFloats", "path": ["monitoring", "cpu"], "values": [{"value": 7.1, "step": null, "ts": 1667482120.9630136}]}, "version": 477}
{"obj": {"type": "LogFloats", "path": ["monitoring", "memory"], "values": [{"value": 5.290035247802734, "step": null, "ts": 1667482120.9630136}]}, "version": 478}
{"obj": {"type": "LogFloats", "path": ["monitoring", "gpu_0"], "values": [{"value": 16.0, "step": null, "ts": 1667482120.9630136}]}, "version": 479}
{"obj": {"type": "LogFloats", "path": ["monitoring", "gpu_memory_0"], "values": [{"value": 1.35943603515625, "step": null, "ts": 1667482120.9630136}]}, "version": 480}
{"obj": {"type": "LogFloats", "path": ["monitoring", "gpu_memory_1"], "values": [{"value": 0.232177734375, "step": null, "ts": 1667482120.9630136}]}, "version": 481}
{"obj": {"type": "LogStrings", "path": ["monitoring", "stderr"], "values": [{"value": "/home/aron/.local/lib/python3.9/site-packages/pytorch_lightning/trainer/trainer.py:653: UserWarning: Detected KeyboardInterrupt, attempting graceful shutdown...\n  rank_zero_warn(\"Detected KeyboardInterrupt, attempting graceful shutdown...\")\n", "step": null, "ts": 1667482127.5120306}]}, "version": 482}
{"obj": {"type": "LogStrings", "path": ["monitoring", "stdout"], "values": [{"value": "Using cuda device", "step": null, "ts": 1667482127.524889}]}, "version": 483}
{"obj": {"type": "LogStrings", "path": ["monitoring", "stdout"], "values": [{"value": "\n", "step": null, "ts": 1667482127.5375392}]}, "version": 484}
{"obj": {"type": "LogStrings", "path": ["monitoring", "stdout"], "values": [{"value": "Validation set", "step": null, "ts": 1667482127.5502207}]}, "version": 485}
{"obj": {"type": "LogStrings", "path": ["monitoring", "stdout"], "values": [{"value": "\n", "step": null, "ts": 1667482127.5614214}]}, "version": 486}
{"obj": {"type": "LogStrings", "path": ["monitoring", "stdout"], "values": [{"value": "data/bcm//validation/0.npy", "step": null, "ts": 1667482127.5745022}]}, "version": 487}
{"obj": {"type": "LogStrings", "path": ["monitoring", "stdout"], "values": [{"value": "\n", "step": null, "ts": 1667482127.5862894}]}, "version": 488}
{"obj": {"type": "LogStrings", "path": ["monitoring", "stdout"], "values": [{"value": "data/bcm//validation/1.npy", "step": null, "ts": 1667482127.5985117}]}, "version": 489}
{"obj": {"type": "LogStrings", "path": ["monitoring", "stdout"], "values": [{"value": "\n", "step": null, "ts": 1667482127.6098418}]}, "version": 490}
{"obj": {"type": "LogStrings", "path": ["monitoring", "stdout"], "values": [{"value": "data/bcm//validation/2.npy", "step": null, "ts": 1667482127.621718}]}, "version": 491}
{"obj": {"type": "LogStrings", "path": ["monitoring", "stdout"], "values": [{"value": "\n", "step": null, "ts": 1667482127.6324673}]}, "version": 492}
{"obj": {"type": "LogStrings", "path": ["monitoring", "stdout"], "values": [{"value": "data/bcm//validation/3.npy", "step": null, "ts": 1667482127.6447456}]}, "version": 493}
{"obj": {"type": "LogStrings", "path": ["monitoring", "stdout"], "values": [{"value": "\n", "step": null, "ts": 1667482127.6563935}]}, "version": 494}
{"obj": {"type": "LogStrings", "path": ["monitoring", "stdout"], "values": [{"value": "data/bcm//validation/4.npy", "step": null, "ts": 1667482127.6684558}]}, "version": 495}
{"obj": {"type": "LogStrings", "path": ["monitoring", "stdout"], "values": [{"value": "\n", "step": null, "ts": 1667482127.6798027}]}, "version": 496}
{"obj": {"type": "LogStrings", "path": ["monitoring", "stdout"], "values": [{"value": "Training set", "step": null, "ts": 1667482127.6907644}]}, "version": 497}
{"obj": {"type": "LogStrings", "path": ["monitoring", "stdout"], "values": [{"value": "\n", "step": null, "ts": 1667482127.7015488}]}, "version": 498}
{"obj": {"type": "LogStrings", "path": ["monitoring", "stdout"], "values": [{"value": "data/bcm//train/0.npy", "step": null, "ts": 1667482127.7144392}]}, "version": 499}
{"obj": {"type": "LogStrings", "path": ["monitoring", "stdout"], "values": [{"value": "\n", "step": null, "ts": 1667482127.7255385}]}, "version": 500}
{"obj": {"type": "LogStrings", "path": ["monitoring", "stdout"], "values": [{"value": "data/bcm//train/1.npy", "step": null, "ts": 1667482127.7384934}]}, "version": 501}
{"obj": {"type": "LogStrings", "path": ["monitoring", "stdout"], "values": [{"value": "\n", "step": null, "ts": 1667482127.749357}]}, "version": 502}
{"obj": {"type": "LogStrings", "path": ["monitoring", "stdout"], "values": [{"value": "data/bcm//train/2.npy", "step": null, "ts": 1667482127.7619762}]}, "version": 503}
{"obj": {"type": "LogStrings", "path": ["monitoring", "stdout"], "values": [{"value": "\n", "step": null, "ts": 1667482127.7730122}]}, "version": 504}
{"obj": {"type": "LogStrings", "path": ["monitoring", "stdout"], "values": [{"value": "data/bcm//train/3.npy", "step": null, "ts": 1667482127.78578}]}, "version": 505}
{"obj": {"type": "LogStrings", "path": ["monitoring", "stdout"], "values": [{"value": "\n", "step": null, "ts": 1667482127.7968922}]}, "version": 506}
{"obj": {"type": "LogStrings", "path": ["monitoring", "stdout"], "values": [{"value": "data/bcm//train/4.npy", "step": null, "ts": 1667482127.8099144}]}, "version": 507}
{"obj": {"type": "LogStrings", "path": ["monitoring", "stdout"], "values": [{"value": "\n", "step": null, "ts": 1667482127.8209043}]}, "version": 508}
{"obj": {"type": "LogStrings", "path": ["monitoring", "stdout"], "values": [{"value": "https://app.neptune.ai/NTLAB/BCM-activity-classification/e/BCMAC-45\n", "step": null, "ts": 1667482128.982804}]}, "version": 509}
{"obj": {"type": "LogStrings", "path": ["monitoring", "stdout"], "values": [{"value": "", "step": null, "ts": 1667482129.02347}]}, "version": 510}
{"obj": {"type": "LogStrings", "path": ["monitoring", "stdout"], "values": [{"value": "Remember to stop your run once you\u2019ve finished logging your metadata (https://docs.neptune.ai/api-reference/run#.stop). It will be stopped automatically only when the notebook kernel/interactive console is terminated.\n", "step": null, "ts": 1667482129.036201}]}, "version": 511}
{"obj": {"type": "LogStrings", "path": ["monitoring", "stderr"], "values": [{"value": "/home/aron/.local/lib/python3.9/site-packages/pytorch_lightning/trainer/trainer.py:653: UserWarning: Detected KeyboardInterrupt, attempting graceful shutdown...\n  rank_zero_warn(\"Detected KeyboardInterrupt, attempting graceful shutdown...\")\n", "step": null, "ts": 1667482129.5342956}]}, "version": 512}
{"obj": {"type": "LogStrings", "path": ["monitoring", "stdout"], "values": [{"value": "Using cuda device", "step": null, "ts": 1667482129.548257}]}, "version": 513}
{"obj": {"type": "LogStrings", "path": ["monitoring", "stdout"], "values": [{"value": "\n", "step": null, "ts": 1667482129.5602965}]}, "version": 514}
{"obj": {"type": "LogStrings", "path": ["monitoring", "stdout"], "values": [{"value": "Validation set", "step": null, "ts": 1667482129.5753849}]}, "version": 515}
{"obj": {"type": "LogStrings", "path": ["monitoring", "stdout"], "values": [{"value": "\n", "step": null, "ts": 1667482129.5890815}]}, "version": 516}
{"obj": {"type": "LogStrings", "path": ["monitoring", "stdout"], "values": [{"value": "data/bcm//validation/0.npy", "step": null, "ts": 1667482129.6039932}]}, "version": 517}
{"obj": {"type": "LogStrings", "path": ["monitoring", "stdout"], "values": [{"value": "\n", "step": null, "ts": 1667482129.6151788}]}, "version": 518}
{"obj": {"type": "LogStrings", "path": ["monitoring", "stdout"], "values": [{"value": "data/bcm//validation/1.npy", "step": null, "ts": 1667482129.6284087}]}, "version": 519}
{"obj": {"type": "LogStrings", "path": ["monitoring", "stdout"], "values": [{"value": "\n", "step": null, "ts": 1667482129.6393824}]}, "version": 520}
{"obj": {"type": "LogStrings", "path": ["monitoring", "stdout"], "values": [{"value": "data/bcm//validation/2.npy", "step": null, "ts": 1667482129.6510212}]}, "version": 521}
{"obj": {"type": "LogStrings", "path": ["monitoring", "stdout"], "values": [{"value": "\n", "step": null, "ts": 1667482129.6617975}]}, "version": 522}
{"obj": {"type": "LogStrings", "path": ["monitoring", "stdout"], "values": [{"value": "data/bcm//validation/3.npy", "step": null, "ts": 1667482129.6734145}]}, "version": 523}
{"obj": {"type": "LogStrings", "path": ["monitoring", "stdout"], "values": [{"value": "\n", "step": null, "ts": 1667482129.68442}]}, "version": 524}
{"obj": {"type": "LogStrings", "path": ["monitoring", "stdout"], "values": [{"value": "data/bcm//validation/4.npy", "step": null, "ts": 1667482129.6963544}]}, "version": 525}
{"obj": {"type": "LogStrings", "path": ["monitoring", "stdout"], "values": [{"value": "\n", "step": null, "ts": 1667482129.7076015}]}, "version": 526}
{"obj": {"type": "LogStrings", "path": ["monitoring", "stdout"], "values": [{"value": "Training set", "step": null, "ts": 1667482129.7188091}]}, "version": 527}
{"obj": {"type": "LogStrings", "path": ["monitoring", "stdout"], "values": [{"value": "\n", "step": null, "ts": 1667482129.7296312}]}, "version": 528}
{"obj": {"type": "LogStrings", "path": ["monitoring", "stdout"], "values": [{"value": "data/bcm//train/0.npy", "step": null, "ts": 1667482129.7419362}]}, "version": 529}
{"obj": {"type": "LogStrings", "path": ["monitoring", "stdout"], "values": [{"value": "\n", "step": null, "ts": 1667482129.7529762}]}, "version": 530}
{"obj": {"type": "LogStrings", "path": ["monitoring", "stdout"], "values": [{"value": "data/bcm//train/1.npy", "step": null, "ts": 1667482129.7652774}]}, "version": 531}
{"obj": {"type": "LogStrings", "path": ["monitoring", "stdout"], "values": [{"value": "\n", "step": null, "ts": 1667482129.7760246}]}, "version": 532}
{"obj": {"type": "LogStrings", "path": ["monitoring", "stdout"], "values": [{"value": "data/bcm//train/2.npy", "step": null, "ts": 1667482129.7881627}]}, "version": 533}
{"obj": {"type": "LogStrings", "path": ["monitoring", "stdout"], "values": [{"value": "\n", "step": null, "ts": 1667482129.7988806}]}, "version": 534}
{"obj": {"type": "LogStrings", "path": ["monitoring", "stdout"], "values": [{"value": "data/bcm//train/3.npy", "step": null, "ts": 1667482129.8109944}]}, "version": 535}
{"obj": {"type": "LogStrings", "path": ["monitoring", "stdout"], "values": [{"value": "\n", "step": null, "ts": 1667482129.8219538}]}, "version": 536}
{"obj": {"type": "LogStrings", "path": ["monitoring", "stdout"], "values": [{"value": "data/bcm//train/4.npy", "step": null, "ts": 1667482129.834232}]}, "version": 537}
{"obj": {"type": "LogStrings", "path": ["monitoring", "stdout"], "values": [{"value": "\n", "step": null, "ts": 1667482129.845057}]}, "version": 538}
{"obj": {"type": "LogStrings", "path": ["monitoring", "stdout"], "values": [{"value": "https://app.neptune.ai/NTLAB/BCM-activity-classification/e/BCMAC-46\n", "step": null, "ts": 1667482130.834186}]}, "version": 539}
{"obj": {"type": "LogStrings", "path": ["monitoring", "stdout"], "values": [{"value": "", "step": null, "ts": 1667482130.8891275}]}, "version": 540}
{"obj": {"type": "LogStrings", "path": ["monitoring", "stdout"], "values": [{"value": "Remember to stop your run once you\u2019ve finished logging your metadata (https://docs.neptune.ai/api-reference/run#.stop). It will be stopped automatically only when the notebook kernel/interactive console is terminated.\n", "step": null, "ts": 1667482130.9072716}]}, "version": 541}
{"obj": {"type": "LogFloats", "path": ["monitoring", "cpu"], "values": [{"value": 0.9, "step": null, "ts": 1667482130.9797225}]}, "version": 542}
{"obj": {"type": "LogFloats", "path": ["monitoring", "memory"], "values": [{"value": 4.991569519042969, "step": null, "ts": 1667482130.9797225}]}, "version": 543}
{"obj": {"type": "LogFloats", "path": ["monitoring", "gpu_memory_0"], "values": [{"value": 1.33795166015625, "step": null, "ts": 1667482130.9797225}]}, "version": 544}
{"obj": {"type": "LogFloats", "path": ["monitoring", "gpu_memory_1"], "values": [{"value": 0.232177734375, "step": null, "ts": 1667482130.9797225}]}, "version": 545}
{"obj": {"type": "LogStrings", "path": ["monitoring", "stderr"], "values": [{"value": "/home/aron/.local/lib/python3.9/site-packages/pytorch_lightning/core/module.py:555: UserWarning: To copy construct from a tensor, it is recommended to use sourceTensor.clone().detach() or sourceTensor.clone().detach().requires_grad_(True), rather than torch.tensor(sourceTensor).\n  value = torch.tensor(value, device=self.device)\n", "step": null, "ts": 1667482131.9017684}]}, "version": 546}
{"obj": {"type": "LogStrings", "path": ["monitoring", "stdout"], "values": [{"value": "{'progress_bar': {'val_loss': 1.597535252571106}, 'log': {'val_loss': 1.597535252571106}, 'val_loss': 1.597535252571106}", "step": null, "ts": 1667482131.9271367}]}, "version": 547}
{"obj": {"type": "LogStrings", "path": ["monitoring", "stdout"], "values": [{"value": "\n", "step": null, "ts": 1667482131.9421542}]}, "version": 548}
{"obj": {"type": "LogStrings", "path": ["monitoring", "stdout"], "values": [{"value": "Accuracy: 0.0", "step": null, "ts": 1667482131.9554734}]}, "version": 549}
{"obj": {"type": "LogStrings", "path": ["monitoring", "stdout"], "values": [{"value": "\n", "step": null, "ts": 1667482131.9678288}]}, "version": 550}
{"obj": {"type": "LogStrings", "path": ["monitoring", "stderr"], "values": [{"value": "/home/aron/.local/lib/python3.9/site-packages/pytorch_lightning/trainer/trainer.py:653: UserWarning: Detected KeyboardInterrupt, attempting graceful shutdown...\n  rank_zero_warn(\"Detected KeyboardInterrupt, attempting graceful shutdown...\")\n", "step": null, "ts": 1667482132.9305303}]}, "version": 551}
{"obj": {"type": "LogStrings", "path": ["monitoring", "stdout"], "values": [{"value": "Using cuda device", "step": null, "ts": 1667482132.949591}]}, "version": 552}
{"obj": {"type": "LogStrings", "path": ["monitoring", "stdout"], "values": [{"value": "\n", "step": null, "ts": 1667482132.9669013}]}, "version": 553}
{"obj": {"type": "LogStrings", "path": ["monitoring", "stdout"], "values": [{"value": "Validation set", "step": null, "ts": 1667482132.986266}]}, "version": 554}
{"obj": {"type": "LogStrings", "path": ["monitoring", "stdout"], "values": [{"value": "\n", "step": null, "ts": 1667482133.003178}]}, "version": 555}
{"obj": {"type": "LogStrings", "path": ["monitoring", "stdout"], "values": [{"value": "data/bcm//validation/0.npy", "step": null, "ts": 1667482133.0206947}]}, "version": 556}
{"obj": {"type": "LogStrings", "path": ["monitoring", "stdout"], "values": [{"value": "\n", "step": null, "ts": 1667482133.0366955}]}, "version": 557}
{"obj": {"type": "LogStrings", "path": ["monitoring", "stdout"], "values": [{"value": "data/bcm//validation/1.npy", "step": null, "ts": 1667482133.0526607}]}, "version": 558}
{"obj": {"type": "LogStrings", "path": ["monitoring", "stdout"], "values": [{"value": "\n", "step": null, "ts": 1667482133.0676389}]}, "version": 559}
{"obj": {"type": "LogStrings", "path": ["monitoring", "stdout"], "values": [{"value": "data/bcm//validation/2.npy", "step": null, "ts": 1667482133.083181}]}, "version": 560}
{"obj": {"type": "LogStrings", "path": ["monitoring", "stdout"], "values": [{"value": "\n", "step": null, "ts": 1667482133.098385}]}, "version": 561}
{"obj": {"type": "LogStrings", "path": ["monitoring", "stdout"], "values": [{"value": "data/bcm//validation/3.npy", "step": null, "ts": 1667482133.1146789}]}, "version": 562}
{"obj": {"type": "LogStrings", "path": ["monitoring", "stdout"], "values": [{"value": "\n", "step": null, "ts": 1667482133.1299555}]}, "version": 563}
{"obj": {"type": "LogStrings", "path": ["monitoring", "stdout"], "values": [{"value": "data/bcm//validation/4.npy", "step": null, "ts": 1667482133.1456587}]}, "version": 564}
{"obj": {"type": "LogStrings", "path": ["monitoring", "stdout"], "values": [{"value": "\n", "step": null, "ts": 1667482133.1611497}]}, "version": 565}
{"obj": {"type": "LogStrings", "path": ["monitoring", "stdout"], "values": [{"value": "Training set", "step": null, "ts": 1667482133.1762822}]}, "version": 566}
{"obj": {"type": "LogStrings", "path": ["monitoring", "stdout"], "values": [{"value": "\n", "step": null, "ts": 1667482133.1914923}]}, "version": 567}
{"obj": {"type": "LogStrings", "path": ["monitoring", "stdout"], "values": [{"value": "data/bcm//train/0.npy", "step": null, "ts": 1667482133.2087965}]}, "version": 568}
{"obj": {"type": "LogStrings", "path": ["monitoring", "stdout"], "values": [{"value": "\n", "step": null, "ts": 1667482133.2240436}]}, "version": 569}
{"obj": {"type": "LogStrings", "path": ["monitoring", "stdout"], "values": [{"value": "data/bcm//train/1.npy", "step": null, "ts": 1667482133.2408307}]}, "version": 570}
{"obj": {"type": "LogStrings", "path": ["monitoring", "stdout"], "values": [{"value": "\n", "step": null, "ts": 1667482133.2559838}]}, "version": 571}
{"obj": {"type": "LogStrings", "path": ["monitoring", "stdout"], "values": [{"value": "data/bcm//train/2.npy", "step": null, "ts": 1667482133.2727714}]}, "version": 572}
{"obj": {"type": "LogStrings", "path": ["monitoring", "stdout"], "values": [{"value": "\n", "step": null, "ts": 1667482133.2878287}]}, "version": 573}
{"obj": {"type": "LogStrings", "path": ["monitoring", "stdout"], "values": [{"value": "data/bcm//train/3.npy", "step": null, "ts": 1667482133.3043137}]}, "version": 574}
{"obj": {"type": "LogStrings", "path": ["monitoring", "stdout"], "values": [{"value": "\n", "step": null, "ts": 1667482133.319526}]}, "version": 575}
{"obj": {"type": "LogStrings", "path": ["monitoring", "stdout"], "values": [{"value": "data/bcm//train/4.npy", "step": null, "ts": 1667482133.3366137}]}, "version": 576}
{"obj": {"type": "LogStrings", "path": ["monitoring", "stdout"], "values": [{"value": "\n", "step": null, "ts": 1667482133.3520138}]}, "version": 577}
