{"obj": {"type": "AssignString", "path": ["sys", "name"], "value": "Untitled"}, "version": 1}
{"obj": {"type": "AssignString", "path": ["sys", "description"], "value": ""}, "version": 2}
{"obj": {"type": "AssignString", "path": ["sys", "hostname"], "value": "node6"}, "version": 3}
{"obj": {"type": "AssignBool", "path": ["sys", "failed"], "value": false}, "version": 4}
{"obj": {"type": "ClearStringLog", "path": ["monitoring", "stdout"]}, "version": 5}
{"obj": {"type": "ClearStringLog", "path": ["monitoring", "stderr"]}, "version": 6}
{"obj": {"type": "UploadFileSet", "path": ["source_code", "files"], "file_globs": ["/home/aron/BCM_activity_classification/train_model.ipynb", "/home/aron/BCM_activity_classification/model.py", "/home/aron/BCM_activity_classification/BCM_dataset_v2.py"], "reset": "False"}, "version": 7}
{"obj": {"type": "ConfigFloatSeries", "path": ["monitoring", "cpu"], "min": 0.0, "max": 100.0, "unit": "%"}, "version": 8}
{"obj": {"type": "ClearFloatLog", "path": ["monitoring", "cpu"]}, "version": 9}
{"obj": {"type": "ConfigFloatSeries", "path": ["monitoring", "memory"], "min": 0.0, "max": 62.711673736572266, "unit": "GB"}, "version": 10}
{"obj": {"type": "ClearFloatLog", "path": ["monitoring", "memory"]}, "version": 11}
{"obj": {"type": "ConfigFloatSeries", "path": ["monitoring", "gpu_0"], "min": 0.0, "max": 100.0, "unit": "%"}, "version": 12}
{"obj": {"type": "ClearFloatLog", "path": ["monitoring", "gpu_0"]}, "version": 13}
{"obj": {"type": "ConfigFloatSeries", "path": ["monitoring", "gpu_1"], "min": 0.0, "max": 100.0, "unit": "%"}, "version": 14}
{"obj": {"type": "ClearFloatLog", "path": ["monitoring", "gpu_1"]}, "version": 15}
{"obj": {"type": "ConfigFloatSeries", "path": ["monitoring", "gpu_memory_0"], "min": 0.0, "max": 12.0, "unit": "GB"}, "version": 16}
{"obj": {"type": "ClearFloatLog", "path": ["monitoring", "gpu_memory_0"]}, "version": 17}
{"obj": {"type": "ConfigFloatSeries", "path": ["monitoring", "gpu_memory_1"], "min": 0.0, "max": 12.0, "unit": "GB"}, "version": 18}
{"obj": {"type": "ClearFloatLog", "path": ["monitoring", "gpu_memory_1"]}, "version": 19}
{"obj": {"type": "LogStrings", "path": ["monitoring", "stdout"], "values": [{"value": "", "step": null, "ts": 1667650910.5928261}]}, "version": 20}
{"obj": {"type": "LogFloats", "path": ["monitoring", "cpu"], "values": [{"value": 15.2, "step": null, "ts": 1667650910.590183}]}, "version": 21}
{"obj": {"type": "LogStrings", "path": ["monitoring", "stdout"], "values": [{"value": "Remember to stop your run once you\u2019ve finished logging your metadata (https://docs.neptune.ai/api-reference/run#.stop). It will be stopped automatically only when the notebook kernel/interactive console is terminated.\n", "step": null, "ts": 1667650910.5969684}]}, "version": 22}
{"obj": {"type": "LogFloats", "path": ["monitoring", "memory"], "values": [{"value": 9.392780303955078, "step": null, "ts": 1667650910.590183}]}, "version": 23}
{"obj": {"type": "LogFloats", "path": ["monitoring", "gpu_memory_0"], "values": [{"value": 1.33013916015625, "step": null, "ts": 1667650910.590183}]}, "version": 24}
{"obj": {"type": "LogFloats", "path": ["monitoring", "gpu_memory_1"], "values": [{"value": 0.232177734375, "step": null, "ts": 1667650910.590183}]}, "version": 25}
{"obj": {"type": "AssignString", "path": ["source_code", "integrations", "pytorch-lightning"], "value": "1.7.5"}, "version": 26}
{"obj": {"type": "LogStrings", "path": ["metadata", "file_path"], "values": [{"value": "data/bcm/", "step": null, "ts": 1667650911.2868643}]}, "version": 27}
{"obj": {"type": "LogFloats", "path": ["metadata", "window_size"], "values": [{"value": 3.0, "step": null, "ts": 1667650911.2907019}]}, "version": 28}
{"obj": {"type": "LogFloats", "path": ["metadata", "stride"], "values": [{"value": 1.0, "step": null, "ts": 1667650911.2940645}]}, "version": 29}
{"obj": {"type": "LogFloats", "path": ["metadata", "MFCC_stride"], "values": [{"value": 0.032, "step": null, "ts": 1667650911.2972403}]}, "version": 30}
{"obj": {"type": "LogFloats", "path": ["metadata", "mfccs_pr_window"], "values": [{"value": 93.0, "step": null, "ts": 1667650911.300229}]}, "version": 31}
{"obj": {"type": "LogFloats", "path": ["metadata", "lr"], "values": [{"value": 0.001, "step": null, "ts": 1667650911.3030827}]}, "version": 32}
{"obj": {"type": "LogFloats", "path": ["metadata", "batch_size"], "values": [{"value": 32.0, "step": null, "ts": 1667650911.3058422}]}, "version": 33}
{"obj": {"type": "LogFloats", "path": ["metadata", "lstm_layers"], "values": [{"value": 1.0, "step": null, "ts": 1667650911.3086915}]}, "version": 34}
{"obj": {"type": "LogFloats", "path": ["metadata", "lstm_hidden_size"], "values": [{"value": 128.0, "step": null, "ts": 1667650911.3114383}]}, "version": 35}
{"obj": {"type": "LogFloats", "path": ["metadata", "weight_decay"], "values": [{"value": 0.0, "step": null, "ts": 1667650911.3140073}]}, "version": 36}
{"obj": {"type": "LogFloats", "path": ["metadata", "occlusion"], "values": [{"value": 0.0, "step": null, "ts": 1667650911.3165476}]}, "version": 37}
{"obj": {"type": "LogFloats", "path": ["metadata", "seed"], "values": [{"value": 5.0, "step": null, "ts": 1667650911.3190713}]}, "version": 38}
{"obj": {"type": "LogFloats", "path": ["metadata", "train_set_length"], "values": [{"value": 5425.0, "step": null, "ts": 1667650911.3214736}]}, "version": 39}
{"obj": {"type": "LogFloats", "path": ["metadata", "val_set_length"], "values": [{"value": 1795.0, "step": null, "ts": 1667650911.323988}]}, "version": 40}
{"obj": {"type": "LogStrings", "path": ["monitoring", "stderr"], "values": [{"value": "/home/aron/.local/lib/python3.9/site-packages/pytorch_lightning/core/module.py:555: UserWarning: To copy construct from a tensor, it is recommended to use sourceTensor.clone().detach() or sourceTensor.clone().detach().requires_grad_(True), rather than torch.tensor(sourceTensor).\n  value = torch.tensor(value, device=self.device)\n", "step": null, "ts": 1667650911.6503925}]}, "version": 41}
{"obj": {"type": "LogStrings", "path": ["monitoring", "stdout"], "values": [{"value": "{'progress_bar': {'val_loss': 1.6102479696273804}, 'log': {'val_loss': 1.6102479696273804}, 'val_loss': 1.6102479696273804}", "step": null, "ts": 1667650911.6643574}]}, "version": 42}
{"obj": {"type": "LogStrings", "path": ["monitoring", "stdout"], "values": [{"value": "\n", "step": null, "ts": 1667650911.6674643}]}, "version": 43}
{"obj": {"type": "LogStrings", "path": ["monitoring", "stdout"], "values": [{"value": "Accuracy: 0.046875", "step": null, "ts": 1667650911.6711195}]}, "version": 44}
{"obj": {"type": "LogStrings", "path": ["monitoring", "stdout"], "values": [{"value": "\n", "step": null, "ts": 1667650911.6740708}]}, "version": 45}
{"obj": {"type": "LogFloats", "path": ["training", "train_acc_step"], "values": [{"value": 0.875, "step": null, "ts": 1667650912.2530582}]}, "version": 46}
{"obj": {"type": "LogFloats", "path": ["training", "train_loss"], "values": [{"value": 1.4816584587097168, "step": null, "ts": 1667650912.256496}]}, "version": 47}
{"obj": {"type": "LogFloats", "path": ["training", "epoch"], "values": [{"value": 0.0, "step": null, "ts": 1667650912.2593532}]}, "version": 48}
{"obj": {"type": "LogFloats", "path": ["training", "train_acc_step"], "values": [{"value": 0.84375, "step": null, "ts": 1667650912.5214415}]}, "version": 49}
{"obj": {"type": "LogFloats", "path": ["training", "train_loss"], "values": [{"value": 1.4536170959472656, "step": null, "ts": 1667650912.5246546}]}, "version": 50}
{"obj": {"type": "LogFloats", "path": ["training", "epoch"], "values": [{"value": 0.0, "step": null, "ts": 1667650912.5276725}]}, "version": 51}
{"obj": {"type": "LogFloats", "path": ["training", "train_acc_step"], "values": [{"value": 0.78125, "step": null, "ts": 1667650912.7883623}]}, "version": 52}
{"obj": {"type": "LogFloats", "path": ["training", "train_loss"], "values": [{"value": 1.4553873538970947, "step": null, "ts": 1667650912.7917309}]}, "version": 53}
{"obj": {"type": "LogFloats", "path": ["training", "epoch"], "values": [{"value": 0.0, "step": null, "ts": 1667650912.7947083}]}, "version": 54}
{"obj": {"type": "LogStrings", "path": ["monitoring", "stdout"], "values": [{"value": "{'progress_bar': {'val_loss': 1.451231837272644}, 'log': {'val_loss': 1.451231837272644}, 'val_loss': 1.451231837272644}", "step": null, "ts": 1667650913.5815687}]}, "version": 55}
{"obj": {"type": "LogStrings", "path": ["monitoring", "stdout"], "values": [{"value": "\n", "step": null, "ts": 1667650913.5848496}]}, "version": 56}
{"obj": {"type": "LogStrings", "path": ["monitoring", "stdout"], "values": [{"value": "Accuracy: 0.7777158617973328", "step": null, "ts": 1667650913.5881274}]}, "version": 57}
{"obj": {"type": "LogStrings", "path": ["monitoring", "stdout"], "values": [{"value": "\n", "step": null, "ts": 1667650913.5913694}]}, "version": 58}
{"obj": {"type": "LogFloats", "path": ["training", "val_loss"], "values": [{"value": 1.451859951019287, "step": null, "ts": 1667650913.594745}]}, "version": 59}
{"obj": {"type": "LogFloats", "path": ["training", "val_acc_step"], "values": [{"value": 0.7777158617973328, "step": null, "ts": 1667650913.5975733}]}, "version": 60}
{"obj": {"type": "LogFloats", "path": ["training", "val_acc_epoch"], "values": [{"value": 0.7777158617973328, "step": null, "ts": 1667650913.6003344}]}, "version": 61}
{"obj": {"type": "LogFloats", "path": ["training", "epoch"], "values": [{"value": 0.0, "step": null, "ts": 1667650913.6029022}]}, "version": 62}
{"obj": {"type": "LogStrings", "path": ["monitoring", "stdout"], "values": [{"value": "Accuracy: 0.7712442278862", "step": null, "ts": 1667650913.6083722}]}, "version": 63}
{"obj": {"type": "LogStrings", "path": ["monitoring", "stdout"], "values": [{"value": "\n", "step": null, "ts": 1667650913.611215}]}, "version": 64}
{"obj": {"type": "LogFloats", "path": ["training", "train_acc_epoch"], "values": [{"value": 0.7712442278862, "step": null, "ts": 1667650913.6199434}]}, "version": 65}
{"obj": {"type": "LogFloats", "path": ["training", "epoch"], "values": [{"value": 0.0, "step": null, "ts": 1667650913.622769}]}, "version": 66}
{"obj": {"type": "LogFloats", "path": ["training", "train_acc_step"], "values": [{"value": 0.6875, "step": null, "ts": 1667650914.1695461}]}, "version": 67}
{"obj": {"type": "LogFloats", "path": ["training", "train_loss"], "values": [{"value": 1.464660406112671, "step": null, "ts": 1667650914.172995}]}, "version": 68}
{"obj": {"type": "LogFloats", "path": ["training", "epoch"], "values": [{"value": 1.0, "step": null, "ts": 1667650914.1757364}]}, "version": 69}
{"obj": {"type": "LogFloats", "path": ["training", "train_acc_step"], "values": [{"value": 0.65625, "step": null, "ts": 1667650914.4380772}]}, "version": 70}
{"obj": {"type": "LogFloats", "path": ["training", "train_loss"], "values": [{"value": 1.4615931510925293, "step": null, "ts": 1667650914.4411352}]}, "version": 71}
{"obj": {"type": "LogFloats", "path": ["training", "epoch"], "values": [{"value": 1.0, "step": null, "ts": 1667650914.4442897}]}, "version": 72}
{"obj": {"type": "LogFloats", "path": ["training", "train_acc_step"], "values": [{"value": 0.875, "step": null, "ts": 1667650914.7119074}]}, "version": 73}
{"obj": {"type": "LogFloats", "path": ["training", "train_loss"], "values": [{"value": 1.440818190574646, "step": null, "ts": 1667650914.7149694}]}, "version": 74}
{"obj": {"type": "LogFloats", "path": ["training", "epoch"], "values": [{"value": 1.0, "step": null, "ts": 1667650914.7177994}]}, "version": 75}
{"obj": {"type": "LogStrings", "path": ["monitoring", "stdout"], "values": [{"value": "{'progress_bar': {'val_loss': 1.446529746055603}, 'log': {'val_loss': 1.446529746055603}, 'val_loss': 1.446529746055603}", "step": null, "ts": 1667650915.5778883}]}, "version": 76}
{"obj": {"type": "LogStrings", "path": ["monitoring", "stdout"], "values": [{"value": "\n", "step": null, "ts": 1667650915.5814078}]}, "version": 77}
{"obj": {"type": "LogStrings", "path": ["monitoring", "stdout"], "values": [{"value": "Accuracy: 0.7832869291305542", "step": null, "ts": 1667650915.5846922}]}, "version": 78}
{"obj": {"type": "LogStrings", "path": ["monitoring", "stdout"], "values": [{"value": "\n", "step": null, "ts": 1667650915.5875318}]}, "version": 79}
{"obj": {"type": "LogFloats", "path": ["training", "val_loss"], "values": [{"value": 1.4471029043197632, "step": null, "ts": 1667650915.5907457}]}, "version": 80}
{"obj": {"type": "LogFloats", "path": ["training", "val_acc_step"], "values": [{"value": 0.7832869291305542, "step": null, "ts": 1667650915.5935788}]}, "version": 81}
{"obj": {"type": "LogFloats", "path": ["training", "val_acc_epoch"], "values": [{"value": 0.7832869291305542, "step": null, "ts": 1667650915.5959578}]}, "version": 82}
{"obj": {"type": "LogFloats", "path": ["training", "epoch"], "values": [{"value": 1.0, "step": null, "ts": 1667650915.5982344}]}, "version": 83}
{"obj": {"type": "LogStrings", "path": ["monitoring", "stdout"], "values": [{"value": "Accuracy: 0.7671889662742615", "step": null, "ts": 1667650915.6033597}]}, "version": 84}
{"obj": {"type": "LogStrings", "path": ["monitoring", "stdout"], "values": [{"value": "\n", "step": null, "ts": 1667650915.6058023}]}, "version": 85}
{"obj": {"type": "LogFloats", "path": ["training", "train_acc_epoch"], "values": [{"value": 0.7671889662742615, "step": null, "ts": 1667650915.6141007}]}, "version": 86}
{"obj": {"type": "LogFloats", "path": ["training", "epoch"], "values": [{"value": 1.0, "step": null, "ts": 1667650915.6167939}]}, "version": 87}
{"obj": {"type": "LogFloats", "path": ["training", "train_acc_step"], "values": [{"value": 0.625, "step": null, "ts": 1667650916.0745249}]}, "version": 88}
{"obj": {"type": "LogFloats", "path": ["training", "train_loss"], "values": [{"value": 1.476142406463623, "step": null, "ts": 1667650916.077864}]}, "version": 89}
{"obj": {"type": "LogFloats", "path": ["training", "epoch"], "values": [{"value": 2.0, "step": null, "ts": 1667650916.0807605}]}, "version": 90}
{"obj": {"type": "LogFloats", "path": ["training", "train_acc_step"], "values": [{"value": 0.625, "step": null, "ts": 1667650916.3601444}]}, "version": 91}
{"obj": {"type": "LogFloats", "path": ["training", "train_loss"], "values": [{"value": 1.455091118812561, "step": null, "ts": 1667650916.363054}]}, "version": 92}
{"obj": {"type": "LogFloats", "path": ["training", "epoch"], "values": [{"value": 2.0, "step": null, "ts": 1667650916.3659601}]}, "version": 93}
{"obj": {"type": "LogFloats", "path": ["training", "train_acc_step"], "values": [{"value": 0.8125, "step": null, "ts": 1667650916.6415303}]}, "version": 94}
{"obj": {"type": "LogFloats", "path": ["training", "train_loss"], "values": [{"value": 1.451045036315918, "step": null, "ts": 1667650916.6449199}]}, "version": 95}
{"obj": {"type": "LogFloats", "path": ["training", "epoch"], "values": [{"value": 2.0, "step": null, "ts": 1667650916.6478484}]}, "version": 96}
{"obj": {"type": "LogFloats", "path": ["training", "train_acc_step"], "values": [{"value": 0.75, "step": null, "ts": 1667650916.9222825}]}, "version": 97}
{"obj": {"type": "LogFloats", "path": ["training", "train_loss"], "values": [{"value": 1.4615365266799927, "step": null, "ts": 1667650916.9255555}]}, "version": 98}
{"obj": {"type": "LogFloats", "path": ["training", "epoch"], "values": [{"value": 2.0, "step": null, "ts": 1667650916.9285934}]}, "version": 99}
{"obj": {"type": "LogStrings", "path": ["monitoring", "stdout"], "values": [{"value": "{'progress_bar': {'val_loss': 1.4463633298873901}, 'log': {'val_loss': 1.4463633298873901}, 'val_loss': 1.4463633298873901}", "step": null, "ts": 1667650917.6463585}]}, "version": 100}
{"obj": {"type": "LogStrings", "path": ["monitoring", "stdout"], "values": [{"value": "\n", "step": null, "ts": 1667650917.6499612}]}, "version": 101}
{"obj": {"type": "LogStrings", "path": ["monitoring", "stdout"], "values": [{"value": "Accuracy: 0.7844011187553406", "step": null, "ts": 1667650917.6534472}]}, "version": 102}
{"obj": {"type": "LogStrings", "path": ["monitoring", "stdout"], "values": [{"value": "\n", "step": null, "ts": 1667650917.6564937}]}, "version": 103}
{"obj": {"type": "LogFloats", "path": ["training", "val_loss"], "values": [{"value": 1.4469385147094727, "step": null, "ts": 1667650917.6599164}]}, "version": 104}
{"obj": {"type": "LogFloats", "path": ["training", "val_acc_step"], "values": [{"value": 0.7844011187553406, "step": null, "ts": 1667650917.6627762}]}, "version": 105}
{"obj": {"type": "LogFloats", "path": ["training", "val_acc_epoch"], "values": [{"value": 0.7844011187553406, "step": null, "ts": 1667650917.6656747}]}, "version": 106}
{"obj": {"type": "LogFloats", "path": ["training", "epoch"], "values": [{"value": 2.0, "step": null, "ts": 1667650917.6685908}]}, "version": 107}
{"obj": {"type": "LogStrings", "path": ["monitoring", "stdout"], "values": [{"value": "Accuracy: 0.774193525314331", "step": null, "ts": 1667650917.6739542}]}, "version": 108}
{"obj": {"type": "LogStrings", "path": ["monitoring", "stdout"], "values": [{"value": "\n", "step": null, "ts": 1667650917.6770048}]}, "version": 109}
{"obj": {"type": "LogFloats", "path": ["training", "train_acc_epoch"], "values": [{"value": 0.774193525314331, "step": null, "ts": 1667650917.6862726}]}, "version": 110}
{"obj": {"type": "LogFloats", "path": ["training", "epoch"], "values": [{"value": 2.0, "step": null, "ts": 1667650917.689318}]}, "version": 111}
{"obj": {"type": "LogFloats", "path": ["training", "train_acc_step"], "values": [{"value": 0.75, "step": null, "ts": 1667650918.3104613}]}, "version": 112}
{"obj": {"type": "LogFloats", "path": ["training", "train_loss"], "values": [{"value": 1.4502524137496948, "step": null, "ts": 1667650918.313815}]}, "version": 113}
{"obj": {"type": "LogFloats", "path": ["training", "epoch"], "values": [{"value": 3.0, "step": null, "ts": 1667650918.3168814}]}, "version": 114}
{"obj": {"type": "LogFloats", "path": ["training", "train_acc_step"], "values": [{"value": 0.78125, "step": null, "ts": 1667650918.5846684}]}, "version": 115}
{"obj": {"type": "LogFloats", "path": ["training", "train_loss"], "values": [{"value": 1.4477839469909668, "step": null, "ts": 1667650918.5880854}]}, "version": 116}
{"obj": {"type": "LogFloats", "path": ["training", "epoch"], "values": [{"value": 3.0, "step": null, "ts": 1667650918.590986}]}, "version": 117}
{"obj": {"type": "LogFloats", "path": ["training", "train_acc_step"], "values": [{"value": 0.875, "step": null, "ts": 1667650918.8587787}]}, "version": 118}
{"obj": {"type": "LogFloats", "path": ["training", "train_loss"], "values": [{"value": 1.4403141736984253, "step": null, "ts": 1667650918.8622272}]}, "version": 119}
{"obj": {"type": "LogFloats", "path": ["training", "epoch"], "values": [{"value": 3.0, "step": null, "ts": 1667650918.8652391}]}, "version": 120}
{"obj": {"type": "LogStrings", "path": ["monitoring", "stdout"], "values": [{"value": "{'progress_bar': {'val_loss': 1.4466348886489868}, 'log': {'val_loss': 1.4466348886489868}, 'val_loss': 1.4466348886489868}", "step": null, "ts": 1667650919.6790705}]}, "version": 121}
{"obj": {"type": "LogStrings", "path": ["monitoring", "stdout"], "values": [{"value": "\n", "step": null, "ts": 1667650919.6829045}]}, "version": 122}
{"obj": {"type": "LogStrings", "path": ["monitoring", "stdout"], "values": [{"value": "Accuracy: 0.7816156148910522", "step": null, "ts": 1667650919.6864576}]}, "version": 123}
{"obj": {"type": "LogStrings", "path": ["monitoring", "stdout"], "values": [{"value": "\n", "step": null, "ts": 1667650919.6897187}]}, "version": 124}
{"obj": {"type": "LogFloats", "path": ["training", "val_loss"], "values": [{"value": 1.4472087621688843, "step": null, "ts": 1667650919.6934698}]}, "version": 125}
{"obj": {"type": "LogFloats", "path": ["training", "val_acc_step"], "values": [{"value": 0.7816156148910522, "step": null, "ts": 1667650919.6965399}]}, "version": 126}
{"obj": {"type": "LogFloats", "path": ["training", "val_acc_epoch"], "values": [{"value": 0.7816156148910522, "step": null, "ts": 1667650919.6995134}]}, "version": 127}
{"obj": {"type": "LogFloats", "path": ["training", "epoch"], "values": [{"value": 3.0, "step": null, "ts": 1667650919.7023928}]}, "version": 128}
{"obj": {"type": "LogStrings", "path": ["monitoring", "stdout"], "values": [{"value": "Accuracy: 0.7752995491027832", "step": null, "ts": 1667650919.7078788}]}, "version": 129}
{"obj": {"type": "LogStrings", "path": ["monitoring", "stdout"], "values": [{"value": "\n", "step": null, "ts": 1667650919.711004}]}, "version": 130}
{"obj": {"type": "LogFloats", "path": ["training", "train_acc_epoch"], "values": [{"value": 0.7752995491027832, "step": null, "ts": 1667650919.7199318}]}, "version": 131}
{"obj": {"type": "LogFloats", "path": ["training", "epoch"], "values": [{"value": 3.0, "step": null, "ts": 1667650919.7230523}]}, "version": 132}
{"obj": {"type": "LogFloats", "path": ["training", "train_acc_step"], "values": [{"value": 0.84375, "step": null, "ts": 1667650920.226077}]}, "version": 133}
{"obj": {"type": "LogFloats", "path": ["training", "train_loss"], "values": [{"value": 1.4501380920410156, "step": null, "ts": 1667650920.229458}]}, "version": 134}
{"obj": {"type": "LogFloats", "path": ["training", "epoch"], "values": [{"value": 4.0, "step": null, "ts": 1667650920.2323465}]}, "version": 135}
{"obj": {"type": "LogFloats", "path": ["training", "train_acc_step"], "values": [{"value": 0.8125, "step": null, "ts": 1667650920.5060732}]}, "version": 136}
{"obj": {"type": "LogFloats", "path": ["training", "train_loss"], "values": [{"value": 1.4375386238098145, "step": null, "ts": 1667650920.5091865}]}, "version": 137}
{"obj": {"type": "LogFloats", "path": ["training", "epoch"], "values": [{"value": 4.0, "step": null, "ts": 1667650920.5123298}]}, "version": 138}
{"obj": {"type": "LogFloats", "path": ["monitoring", "cpu"], "values": [{"value": 18.3, "step": null, "ts": 1667650920.6050854}]}, "version": 139}
{"obj": {"type": "LogFloats", "path": ["monitoring", "memory"], "values": [{"value": 9.769763946533203, "step": null, "ts": 1667650920.6050854}]}, "version": 140}
{"obj": {"type": "LogFloats", "path": ["monitoring", "gpu_0"], "values": [{"value": 44.0, "step": null, "ts": 1667650920.6050854}]}, "version": 141}
{"obj": {"type": "LogFloats", "path": ["monitoring", "gpu_memory_0"], "values": [{"value": 1.46685791015625, "step": null, "ts": 1667650920.6050854}]}, "version": 142}
{"obj": {"type": "LogFloats", "path": ["monitoring", "gpu_memory_1"], "values": [{"value": 0.232177734375, "step": null, "ts": 1667650920.6050854}]}, "version": 143}
{"obj": {"type": "LogFloats", "path": ["training", "train_acc_step"], "values": [{"value": 0.75, "step": null, "ts": 1667650920.788153}]}, "version": 144}
{"obj": {"type": "LogFloats", "path": ["training", "train_loss"], "values": [{"value": 1.448943853378296, "step": null, "ts": 1667650920.7913444}]}, "version": 145}
{"obj": {"type": "LogFloats", "path": ["training", "epoch"], "values": [{"value": 4.0, "step": null, "ts": 1667650920.794433}]}, "version": 146}
{"obj": {"type": "LogFloats", "path": ["training", "train_acc_step"], "values": [{"value": 0.6470588445663452, "step": null, "ts": 1667650921.065988}]}, "version": 147}
{"obj": {"type": "LogFloats", "path": ["training", "train_loss"], "values": [{"value": 1.4596292972564697, "step": null, "ts": 1667650921.0691707}]}, "version": 148}
{"obj": {"type": "LogFloats", "path": ["training", "epoch"], "values": [{"value": 4.0, "step": null, "ts": 1667650921.0721998}]}, "version": 149}
{"obj": {"type": "LogStrings", "path": ["monitoring", "stdout"], "values": [{"value": "{'progress_bar': {'val_loss': 1.4474937915802002}, 'log': {'val_loss': 1.4474937915802002}, 'val_loss': 1.4474937915802002}", "step": null, "ts": 1667650921.7494674}]}, "version": 150}
{"obj": {"type": "LogStrings", "path": ["monitoring", "stdout"], "values": [{"value": "\n", "step": null, "ts": 1667650921.7527606}]}, "version": 151}
{"obj": {"type": "LogStrings", "path": ["monitoring", "stdout"], "values": [{"value": "Accuracy: 0.7832869291305542", "step": null, "ts": 1667650921.7557807}]}, "version": 152}
{"obj": {"type": "LogStrings", "path": ["monitoring", "stdout"], "values": [{"value": "\n", "step": null, "ts": 1667650921.7586231}]}, "version": 153}
{"obj": {"type": "LogFloats", "path": ["training", "val_loss"], "values": [{"value": 1.448090672492981, "step": null, "ts": 1667650921.7619393}]}, "version": 154}
{"obj": {"type": "LogFloats", "path": ["training", "val_acc_step"], "values": [{"value": 0.7832869291305542, "step": null, "ts": 1667650921.769214}]}, "version": 155}
{"obj": {"type": "LogFloats", "path": ["training", "val_acc_epoch"], "values": [{"value": 0.7832869291305542, "step": null, "ts": 1667650921.7720802}]}, "version": 156}
{"obj": {"type": "LogFloats", "path": ["training", "epoch"], "values": [{"value": 4.0, "step": null, "ts": 1667650921.77472}]}, "version": 157}
{"obj": {"type": "LogStrings", "path": ["monitoring", "stdout"], "values": [{"value": "Accuracy: 0.7769585251808167", "step": null, "ts": 1667650921.7801416}]}, "version": 158}
{"obj": {"type": "LogStrings", "path": ["monitoring", "stdout"], "values": [{"value": "\n", "step": null, "ts": 1667650921.7828565}]}, "version": 159}
{"obj": {"type": "LogFloats", "path": ["training", "train_acc_epoch"], "values": [{"value": 0.7769585251808167, "step": null, "ts": 1667650921.7918153}]}, "version": 160}
{"obj": {"type": "LogFloats", "path": ["training", "epoch"], "values": [{"value": 4.0, "step": null, "ts": 1667650921.7948558}]}, "version": 161}
{"obj": {"type": "LogFloats", "path": ["training", "train_acc_step"], "values": [{"value": 0.71875, "step": null, "ts": 1667650922.4678357}]}, "version": 162}
{"obj": {"type": "LogFloats", "path": ["training", "train_loss"], "values": [{"value": 1.4480781555175781, "step": null, "ts": 1667650922.4713812}]}, "version": 163}
{"obj": {"type": "LogFloats", "path": ["training", "epoch"], "values": [{"value": 5.0, "step": null, "ts": 1667650922.474562}]}, "version": 164}
{"obj": {"type": "LogFloats", "path": ["training", "train_acc_step"], "values": [{"value": 0.65625, "step": null, "ts": 1667650922.7448895}]}, "version": 165}
{"obj": {"type": "LogFloats", "path": ["training", "train_loss"], "values": [{"value": 1.459465742111206, "step": null, "ts": 1667650922.7482574}]}, "version": 166}
{"obj": {"type": "LogFloats", "path": ["training", "epoch"], "values": [{"value": 5.0, "step": null, "ts": 1667650922.7513423}]}, "version": 167}
{"obj": {"type": "LogFloats", "path": ["training", "train_acc_step"], "values": [{"value": 0.8125, "step": null, "ts": 1667650923.0222943}]}, "version": 168}
{"obj": {"type": "LogFloats", "path": ["training", "train_loss"], "values": [{"value": 1.4450939893722534, "step": null, "ts": 1667650923.0255237}]}, "version": 169}
{"obj": {"type": "LogFloats", "path": ["training", "epoch"], "values": [{"value": 5.0, "step": null, "ts": 1667650923.0285435}]}, "version": 170}
{"obj": {"type": "LogStrings", "path": ["monitoring", "stdout"], "values": [{"value": "{'progress_bar': {'val_loss': 1.441968321800232}, 'log': {'val_loss': 1.441968321800232}, 'val_loss': 1.441968321800232}", "step": null, "ts": 1667650923.8172972}]}, "version": 171}
{"obj": {"type": "LogStrings", "path": ["monitoring", "stdout"], "values": [{"value": "\n", "step": null, "ts": 1667650923.8212051}]}, "version": 172}
{"obj": {"type": "LogStrings", "path": ["monitoring", "stdout"], "values": [{"value": "Accuracy: 0.7910863757133484", "step": null, "ts": 1667650923.8248236}]}, "version": 173}
{"obj": {"type": "LogStrings", "path": ["monitoring", "stdout"], "values": [{"value": "\n", "step": null, "ts": 1667650923.82808}]}, "version": 174}
{"obj": {"type": "LogFloats", "path": ["training", "val_loss"], "values": [{"value": 1.4424774646759033, "step": null, "ts": 1667650923.831492}]}, "version": 175}
{"obj": {"type": "LogFloats", "path": ["training", "val_acc_step"], "values": [{"value": 0.7910863757133484, "step": null, "ts": 1667650923.8343875}]}, "version": 176}
{"obj": {"type": "LogFloats", "path": ["training", "val_acc_epoch"], "values": [{"value": 0.7910863757133484, "step": null, "ts": 1667650923.837378}]}, "version": 177}
{"obj": {"type": "LogFloats", "path": ["training", "epoch"], "values": [{"value": 5.0, "step": null, "ts": 1667650923.8403046}]}, "version": 178}
{"obj": {"type": "LogStrings", "path": ["monitoring", "stdout"], "values": [{"value": "Accuracy: 0.7810138463973999", "step": null, "ts": 1667650923.846063}]}, "version": 179}
{"obj": {"type": "LogStrings", "path": ["monitoring", "stdout"], "values": [{"value": "\n", "step": null, "ts": 1667650923.8491812}]}, "version": 180}
{"obj": {"type": "LogFloats", "path": ["training", "train_acc_epoch"], "values": [{"value": 0.7810138463973999, "step": null, "ts": 1667650923.8585494}]}, "version": 181}
{"obj": {"type": "LogFloats", "path": ["training", "epoch"], "values": [{"value": 5.0, "step": null, "ts": 1667650923.8616362}]}, "version": 182}
{"obj": {"type": "LogFloats", "path": ["training", "train_acc_step"], "values": [{"value": 0.78125, "step": null, "ts": 1667650924.4332776}]}, "version": 183}
{"obj": {"type": "LogFloats", "path": ["training", "train_loss"], "values": [{"value": 1.4510481357574463, "step": null, "ts": 1667650924.4367294}]}, "version": 184}
{"obj": {"type": "LogFloats", "path": ["training", "epoch"], "values": [{"value": 6.0, "step": null, "ts": 1667650924.4396262}]}, "version": 185}
{"obj": {"type": "LogFloats", "path": ["training", "train_acc_step"], "values": [{"value": 0.875, "step": null, "ts": 1667650924.7045567}]}, "version": 186}
{"obj": {"type": "LogFloats", "path": ["training", "train_loss"], "values": [{"value": 1.4441418647766113, "step": null, "ts": 1667650924.7080767}]}, "version": 187}
{"obj": {"type": "LogFloats", "path": ["training", "epoch"], "values": [{"value": 6.0, "step": null, "ts": 1667650924.711249}]}, "version": 188}
{"obj": {"type": "LogFloats", "path": ["training", "train_acc_step"], "values": [{"value": 0.78125, "step": null, "ts": 1667650924.9757879}]}, "version": 189}
{"obj": {"type": "LogFloats", "path": ["training", "train_loss"], "values": [{"value": 1.4510595798492432, "step": null, "ts": 1667650924.9792259}]}, "version": 190}
{"obj": {"type": "LogFloats", "path": ["training", "epoch"], "values": [{"value": 6.0, "step": null, "ts": 1667650924.9824603}]}, "version": 191}
{"obj": {"type": "LogStrings", "path": ["monitoring", "stdout"], "values": [{"value": "{'progress_bar': {'val_loss': 1.4439873695373535}, 'log': {'val_loss': 1.4439873695373535}, 'val_loss': 1.4439873695373535}", "step": null, "ts": 1667650925.8645484}]}, "version": 192}
{"obj": {"type": "LogStrings", "path": ["monitoring", "stdout"], "values": [{"value": "\n", "step": null, "ts": 1667650925.8683298}]}, "version": 193}
{"obj": {"type": "LogStrings", "path": ["monitoring", "stdout"], "values": [{"value": "Accuracy: 0.783843994140625", "step": null, "ts": 1667650925.8715634}]}, "version": 194}
{"obj": {"type": "LogStrings", "path": ["monitoring", "stdout"], "values": [{"value": "\n", "step": null, "ts": 1667650925.87454}]}, "version": 195}
{"obj": {"type": "LogFloats", "path": ["training", "val_loss"], "values": [{"value": 1.4445288181304932, "step": null, "ts": 1667650925.8778164}]}, "version": 196}
{"obj": {"type": "LogFloats", "path": ["training", "val_acc_step"], "values": [{"value": 0.783843994140625, "step": null, "ts": 1667650925.8809693}]}, "version": 197}
{"obj": {"type": "LogFloats", "path": ["training", "val_acc_epoch"], "values": [{"value": 0.783843994140625, "step": null, "ts": 1667650925.8838935}]}, "version": 198}
{"obj": {"type": "LogFloats", "path": ["training", "epoch"], "values": [{"value": 6.0, "step": null, "ts": 1667650925.8867524}]}, "version": 199}
{"obj": {"type": "LogStrings", "path": ["monitoring", "stdout"], "values": [{"value": "Accuracy: 0.7775115370750427", "step": null, "ts": 1667650925.8922212}]}, "version": 200}
{"obj": {"type": "LogStrings", "path": ["monitoring", "stdout"], "values": [{"value": "\n", "step": null, "ts": 1667650925.8952975}]}, "version": 201}
{"obj": {"type": "LogFloats", "path": ["training", "train_acc_epoch"], "values": [{"value": 0.7775115370750427, "step": null, "ts": 1667650925.9045458}]}, "version": 202}
{"obj": {"type": "LogFloats", "path": ["training", "epoch"], "values": [{"value": 6.0, "step": null, "ts": 1667650925.9082472}]}, "version": 203}
{"obj": {"type": "LogFloats", "path": ["training", "train_acc_step"], "values": [{"value": 0.71875, "step": null, "ts": 1667650926.3411517}]}, "version": 204}
{"obj": {"type": "LogFloats", "path": ["training", "train_loss"], "values": [{"value": 1.453625202178955, "step": null, "ts": 1667650926.3447177}]}, "version": 205}
{"obj": {"type": "LogFloats", "path": ["training", "epoch"], "values": [{"value": 7.0, "step": null, "ts": 1667650926.3477309}]}, "version": 206}
{"obj": {"type": "LogFloats", "path": ["training", "train_acc_step"], "values": [{"value": 0.8125, "step": null, "ts": 1667650926.6076086}]}, "version": 207}
{"obj": {"type": "LogFloats", "path": ["training", "train_loss"], "values": [{"value": 1.4396717548370361, "step": null, "ts": 1667650926.6108277}]}, "version": 208}
{"obj": {"type": "LogFloats", "path": ["training", "epoch"], "values": [{"value": 7.0, "step": null, "ts": 1667650926.6138096}]}, "version": 209}
{"obj": {"type": "LogFloats", "path": ["training", "train_acc_step"], "values": [{"value": 0.75, "step": null, "ts": 1667650926.8785396}]}, "version": 210}
{"obj": {"type": "LogFloats", "path": ["training", "train_loss"], "values": [{"value": 1.4624106884002686, "step": null, "ts": 1667650926.8819473}]}, "version": 211}
{"obj": {"type": "LogFloats", "path": ["training", "epoch"], "values": [{"value": 7.0, "step": null, "ts": 1667650926.8849645}]}, "version": 212}
{"obj": {"type": "LogFloats", "path": ["training", "train_acc_step"], "values": [{"value": 0.84375, "step": null, "ts": 1667650927.1516142}]}, "version": 213}
{"obj": {"type": "LogFloats", "path": ["training", "train_loss"], "values": [{"value": 1.4438848495483398, "step": null, "ts": 1667650927.1555076}]}, "version": 214}
{"obj": {"type": "LogFloats", "path": ["training", "epoch"], "values": [{"value": 7.0, "step": null, "ts": 1667650927.1590545}]}, "version": 215}
{"obj": {"type": "LogStrings", "path": ["monitoring", "stdout"], "values": [{"value": "{'progress_bar': {'val_loss': 1.4419245719909668}, 'log': {'val_loss': 1.4419245719909668}, 'val_loss': 1.4419245719909668}", "step": null, "ts": 1667650927.8758922}]}, "version": 216}
{"obj": {"type": "LogStrings", "path": ["monitoring", "stdout"], "values": [{"value": "\n", "step": null, "ts": 1667650927.879337}]}, "version": 217}
{"obj": {"type": "LogStrings", "path": ["monitoring", "stdout"], "values": [{"value": "Accuracy: 0.7871866226196289", "step": null, "ts": 1667650927.8828442}]}, "version": 218}
{"obj": {"type": "LogStrings", "path": ["monitoring", "stdout"], "values": [{"value": "\n", "step": null, "ts": 1667650927.8859403}]}, "version": 219}
{"obj": {"type": "LogFloats", "path": ["training", "val_loss"], "values": [{"value": 1.4424329996109009, "step": null, "ts": 1667650927.8894672}]}, "version": 220}
{"obj": {"type": "LogFloats", "path": ["training", "val_acc_step"], "values": [{"value": 0.7871866226196289, "step": null, "ts": 1667650927.892458}]}, "version": 221}
{"obj": {"type": "LogFloats", "path": ["training", "val_acc_epoch"], "values": [{"value": 0.7871866226196289, "step": null, "ts": 1667650927.8954406}]}, "version": 222}
{"obj": {"type": "LogFloats", "path": ["training", "epoch"], "values": [{"value": 7.0, "step": null, "ts": 1667650927.8982406}]}, "version": 223}
{"obj": {"type": "LogStrings", "path": ["monitoring", "stdout"], "values": [{"value": "Accuracy: 0.7743778824806213", "step": null, "ts": 1667650927.9037392}]}, "version": 224}
{"obj": {"type": "LogStrings", "path": ["monitoring", "stdout"], "values": [{"value": "\n", "step": null, "ts": 1667650927.9068615}]}, "version": 225}
{"obj": {"type": "LogFloats", "path": ["training", "train_acc_epoch"], "values": [{"value": 0.7743778824806213, "step": null, "ts": 1667650927.915989}]}, "version": 226}
{"obj": {"type": "LogFloats", "path": ["training", "epoch"], "values": [{"value": 7.0, "step": null, "ts": 1667650927.919473}]}, "version": 227}
{"obj": {"type": "LogFloats", "path": ["training", "train_acc_step"], "values": [{"value": 0.78125, "step": null, "ts": 1667650928.540166}]}, "version": 228}
{"obj": {"type": "LogFloats", "path": ["training", "train_loss"], "values": [{"value": 1.45630943775177, "step": null, "ts": 1667650928.5433724}]}, "version": 229}
{"obj": {"type": "LogFloats", "path": ["training", "epoch"], "values": [{"value": 8.0, "step": null, "ts": 1667650928.5462298}]}, "version": 230}
{"obj": {"type": "LogFloats", "path": ["training", "train_acc_step"], "values": [{"value": 0.6875, "step": null, "ts": 1667650928.810731}]}, "version": 231}
{"obj": {"type": "LogFloats", "path": ["training", "train_loss"], "values": [{"value": 1.4506940841674805, "step": null, "ts": 1667650928.814445}]}, "version": 232}
{"obj": {"type": "LogFloats", "path": ["training", "epoch"], "values": [{"value": 8.0, "step": null, "ts": 1667650928.817379}]}, "version": 233}
{"obj": {"type": "LogFloats", "path": ["training", "train_acc_step"], "values": [{"value": 0.8125, "step": null, "ts": 1667650929.0801277}]}, "version": 234}
{"obj": {"type": "LogFloats", "path": ["training", "train_loss"], "values": [{"value": 1.4444022178649902, "step": null, "ts": 1667650929.0833933}]}, "version": 235}
{"obj": {"type": "LogFloats", "path": ["training", "epoch"], "values": [{"value": 8.0, "step": null, "ts": 1667650929.0860322}]}, "version": 236}
{"obj": {"type": "LogStrings", "path": ["monitoring", "stdout"], "values": [{"value": "{'progress_bar': {'val_loss': 1.440073847770691}, 'log': {'val_loss': 1.440073847770691}, 'val_loss': 1.440073847770691}", "step": null, "ts": 1667650929.9033802}]}, "version": 237}
{"obj": {"type": "LogStrings", "path": ["monitoring", "stdout"], "values": [{"value": "\n", "step": null, "ts": 1667650929.9071758}]}, "version": 238}
{"obj": {"type": "LogStrings", "path": ["monitoring", "stdout"], "values": [{"value": "Accuracy: 0.7871866226196289", "step": null, "ts": 1667650929.910686}]}, "version": 239}
{"obj": {"type": "LogStrings", "path": ["monitoring", "stdout"], "values": [{"value": "\n", "step": null, "ts": 1667650929.9138494}]}, "version": 240}
{"obj": {"type": "LogFloats", "path": ["training", "val_loss"], "values": [{"value": 1.440549373626709, "step": null, "ts": 1667650929.917458}]}, "version": 241}
{"obj": {"type": "LogFloats", "path": ["training", "val_acc_step"], "values": [{"value": 0.7871866226196289, "step": null, "ts": 1667650929.9204736}]}, "version": 242}
{"obj": {"type": "LogFloats", "path": ["training", "val_acc_epoch"], "values": [{"value": 0.7871866226196289, "step": null, "ts": 1667650929.9233992}]}, "version": 243}
{"obj": {"type": "LogFloats", "path": ["training", "epoch"], "values": [{"value": 8.0, "step": null, "ts": 1667650929.9262767}]}, "version": 244}
{"obj": {"type": "LogStrings", "path": ["monitoring", "stdout"], "values": [{"value": "Accuracy: 0.7819355130195618", "step": null, "ts": 1667650929.9317625}]}, "version": 245}
{"obj": {"type": "LogStrings", "path": ["monitoring", "stdout"], "values": [{"value": "\n", "step": null, "ts": 1667650929.934815}]}, "version": 246}
{"obj": {"type": "LogFloats", "path": ["training", "train_acc_epoch"], "values": [{"value": 0.7819355130195618, "step": null, "ts": 1667650929.9440632}]}, "version": 247}
{"obj": {"type": "LogFloats", "path": ["training", "epoch"], "values": [{"value": 8.0, "step": null, "ts": 1667650929.9473367}]}, "version": 248}
{"obj": {"type": "LogFloats", "path": ["training", "train_acc_step"], "values": [{"value": 0.8125, "step": null, "ts": 1667650930.4395084}]}, "version": 249}
{"obj": {"type": "LogFloats", "path": ["training", "train_loss"], "values": [{"value": 1.4476531744003296, "step": null, "ts": 1667650930.4428449}]}, "version": 250}
{"obj": {"type": "LogFloats", "path": ["training", "epoch"], "values": [{"value": 9.0, "step": null, "ts": 1667650930.4457366}]}, "version": 251}
{"obj": {"type": "LogFloats", "path": ["monitoring", "cpu"], "values": [{"value": 19.6, "step": null, "ts": 1667650930.6244326}]}, "version": 252}
{"obj": {"type": "LogFloats", "path": ["monitoring", "memory"], "values": [{"value": 9.77669906616211, "step": null, "ts": 1667650930.6244326}]}, "version": 253}
{"obj": {"type": "LogFloats", "path": ["monitoring", "gpu_0"], "values": [{"value": 41.0, "step": null, "ts": 1667650930.6244326}]}, "version": 254}
{"obj": {"type": "LogFloats", "path": ["monitoring", "gpu_memory_0"], "values": [{"value": 1.46685791015625, "step": null, "ts": 1667650930.6244326}]}, "version": 255}
{"obj": {"type": "LogFloats", "path": ["monitoring", "gpu_memory_1"], "values": [{"value": 0.232177734375, "step": null, "ts": 1667650930.6244326}]}, "version": 256}
{"obj": {"type": "LogFloats", "path": ["training", "train_acc_step"], "values": [{"value": 0.8125, "step": null, "ts": 1667650930.7215066}]}, "version": 257}
{"obj": {"type": "LogFloats", "path": ["training", "train_loss"], "values": [{"value": 1.439668893814087, "step": null, "ts": 1667650930.7248676}]}, "version": 258}
{"obj": {"type": "LogFloats", "path": ["training", "epoch"], "values": [{"value": 9.0, "step": null, "ts": 1667650930.7279515}]}, "version": 259}
{"obj": {"type": "LogFloats", "path": ["training", "train_acc_step"], "values": [{"value": 0.78125, "step": null, "ts": 1667650931.0007322}]}, "version": 260}
{"obj": {"type": "LogFloats", "path": ["training", "train_loss"], "values": [{"value": 1.4392578601837158, "step": null, "ts": 1667650931.0041125}]}, "version": 261}
{"obj": {"type": "LogFloats", "path": ["training", "epoch"], "values": [{"value": 9.0, "step": null, "ts": 1667650931.0071404}]}, "version": 262}
{"obj": {"type": "LogFloats", "path": ["training", "train_acc_step"], "values": [{"value": 0.7058823704719543, "step": null, "ts": 1667650931.2770603}]}, "version": 263}
{"obj": {"type": "LogFloats", "path": ["training", "train_loss"], "values": [{"value": 1.4586942195892334, "step": null, "ts": 1667650931.2806456}]}, "version": 264}
{"obj": {"type": "LogFloats", "path": ["training", "epoch"], "values": [{"value": 9.0, "step": null, "ts": 1667650931.2837446}]}, "version": 265}
{"obj": {"type": "LogStrings", "path": ["monitoring", "stdout"], "values": [{"value": "{'progress_bar': {'val_loss': 1.4354662895202637}, 'log': {'val_loss': 1.4354662895202637}, 'val_loss': 1.4354662895202637}", "step": null, "ts": 1667650931.9637198}]}, "version": 266}
{"obj": {"type": "LogStrings", "path": ["monitoring", "stdout"], "values": [{"value": "\n", "step": null, "ts": 1667650931.9673555}]}, "version": 267}
{"obj": {"type": "LogStrings", "path": ["monitoring", "stdout"], "values": [{"value": "Accuracy: 0.7910863757133484", "step": null, "ts": 1667650931.9710348}]}, "version": 268}
{"obj": {"type": "LogStrings", "path": ["monitoring", "stdout"], "values": [{"value": "\n", "step": null, "ts": 1667650931.9744153}]}, "version": 269}
{"obj": {"type": "LogFloats", "path": ["training", "val_loss"], "values": [{"value": 1.4358680248260498, "step": null, "ts": 1667650931.9780679}]}, "version": 270}
{"obj": {"type": "LogFloats", "path": ["training", "val_acc_step"], "values": [{"value": 0.7910863757133484, "step": null, "ts": 1667650931.981197}]}, "version": 271}
{"obj": {"type": "LogFloats", "path": ["training", "val_acc_epoch"], "values": [{"value": 0.7910863757133484, "step": null, "ts": 1667650931.984415}]}, "version": 272}
{"obj": {"type": "LogFloats", "path": ["training", "epoch"], "values": [{"value": 9.0, "step": null, "ts": 1667650931.9874609}]}, "version": 273}
{"obj": {"type": "LogStrings", "path": ["monitoring", "stdout"], "values": [{"value": "Accuracy: 0.787834107875824", "step": null, "ts": 1667650931.9928598}]}, "version": 274}
{"obj": {"type": "LogStrings", "path": ["monitoring", "stdout"], "values": [{"value": "\n", "step": null, "ts": 1667650931.9960346}]}, "version": 275}
{"obj": {"type": "LogFloats", "path": ["training", "train_acc_epoch"], "values": [{"value": 0.787834107875824, "step": null, "ts": 1667650932.004983}]}, "version": 276}
{"obj": {"type": "LogFloats", "path": ["training", "epoch"], "values": [{"value": 9.0, "step": null, "ts": 1667650932.008458}]}, "version": 277}
{"obj": {"type": "LogFloats", "path": ["training", "train_acc_step"], "values": [{"value": 0.6875, "step": null, "ts": 1667650932.6790118}]}, "version": 278}
{"obj": {"type": "LogFloats", "path": ["training", "train_loss"], "values": [{"value": 1.450803279876709, "step": null, "ts": 1667650932.6829112}]}, "version": 279}
{"obj": {"type": "LogFloats", "path": ["training", "epoch"], "values": [{"value": 10.0, "step": null, "ts": 1667650932.6863706}]}, "version": 280}
{"obj": {"type": "LogFloats", "path": ["training", "train_acc_step"], "values": [{"value": 0.8125, "step": null, "ts": 1667650932.971562}]}, "version": 281}
{"obj": {"type": "LogFloats", "path": ["training", "train_loss"], "values": [{"value": 1.4338667392730713, "step": null, "ts": 1667650932.975001}]}, "version": 282}
{"obj": {"type": "LogFloats", "path": ["training", "epoch"], "values": [{"value": 10.0, "step": null, "ts": 1667650932.9782207}]}, "version": 283}
{"obj": {"type": "LogFloats", "path": ["training", "train_acc_step"], "values": [{"value": 0.84375, "step": null, "ts": 1667650933.2681124}]}, "version": 284}
{"obj": {"type": "LogFloats", "path": ["training", "train_loss"], "values": [{"value": 1.4346214532852173, "step": null, "ts": 1667650933.2711942}]}, "version": 285}
{"obj": {"type": "LogFloats", "path": ["training", "epoch"], "values": [{"value": 10.0, "step": null, "ts": 1667650933.27438}]}, "version": 286}
{"obj": {"type": "LogStrings", "path": ["monitoring", "stdout"], "values": [{"value": "{'progress_bar': {'val_loss': 1.4355679750442505}, 'log': {'val_loss': 1.4355679750442505}, 'val_loss': 1.4355679750442505}", "step": null, "ts": 1667650934.0522094}]}, "version": 287}
{"obj": {"type": "LogStrings", "path": ["monitoring", "stdout"], "values": [{"value": "\n", "step": null, "ts": 1667650934.055804}]}, "version": 288}
{"obj": {"type": "LogStrings", "path": ["monitoring", "stdout"], "values": [{"value": "Accuracy: 0.7888579368591309", "step": null, "ts": 1667650934.0591187}]}, "version": 289}
{"obj": {"type": "LogStrings", "path": ["monitoring", "stdout"], "values": [{"value": "\n", "step": null, "ts": 1667650934.0623403}]}, "version": 290}
{"obj": {"type": "LogFloats", "path": ["training", "val_loss"], "values": [{"value": 1.4359737634658813, "step": null, "ts": 1667650934.0657597}]}, "version": 291}
{"obj": {"type": "LogFloats", "path": ["training", "val_acc_step"], "values": [{"value": 0.7888579368591309, "step": null, "ts": 1667650934.068861}]}, "version": 292}
{"obj": {"type": "LogFloats", "path": ["training", "val_acc_epoch"], "values": [{"value": 0.7888579368591309, "step": null, "ts": 1667650934.0718973}]}, "version": 293}
{"obj": {"type": "LogFloats", "path": ["training", "epoch"], "values": [{"value": 10.0, "step": null, "ts": 1667650934.0744958}]}, "version": 294}
{"obj": {"type": "LogStrings", "path": ["monitoring", "stdout"], "values": [{"value": "Accuracy: 0.7880184054374695", "step": null, "ts": 1667650934.0797617}]}, "version": 295}
{"obj": {"type": "LogStrings", "path": ["monitoring", "stdout"], "values": [{"value": "\n", "step": null, "ts": 1667650934.0825438}]}, "version": 296}
{"obj": {"type": "LogFloats", "path": ["training", "train_acc_epoch"], "values": [{"value": 0.7880184054374695, "step": null, "ts": 1667650934.0916872}]}, "version": 297}
{"obj": {"type": "LogFloats", "path": ["training", "epoch"], "values": [{"value": 10.0, "step": null, "ts": 1667650934.09477}]}, "version": 298}
{"obj": {"type": "LogFloats", "path": ["training", "train_acc_step"], "values": [{"value": 0.8125, "step": null, "ts": 1667650934.8433774}]}, "version": 299}
{"obj": {"type": "LogFloats", "path": ["training", "train_loss"], "values": [{"value": 1.4333361387252808, "step": null, "ts": 1667650934.8470523}]}, "version": 300}
{"obj": {"type": "LogFloats", "path": ["training", "epoch"], "values": [{"value": 11.0, "step": null, "ts": 1667650934.85046}]}, "version": 301}
{"obj": {"type": "LogFloats", "path": ["training", "train_acc_step"], "values": [{"value": 0.78125, "step": null, "ts": 1667650935.1065345}]}, "version": 302}
{"obj": {"type": "LogFloats", "path": ["training", "train_loss"], "values": [{"value": 1.4370403289794922, "step": null, "ts": 1667650935.1098394}]}, "version": 303}
{"obj": {"type": "LogFloats", "path": ["training", "epoch"], "values": [{"value": 11.0, "step": null, "ts": 1667650935.1129448}]}, "version": 304}
{"obj": {"type": "LogFloats", "path": ["training", "train_acc_step"], "values": [{"value": 0.84375, "step": null, "ts": 1667650935.369003}]}, "version": 305}
{"obj": {"type": "LogFloats", "path": ["training", "train_loss"], "values": [{"value": 1.4365826845169067, "step": null, "ts": 1667650935.3723438}]}, "version": 306}
{"obj": {"type": "LogFloats", "path": ["training", "epoch"], "values": [{"value": 11.0, "step": null, "ts": 1667650935.375491}]}, "version": 307}
{"obj": {"type": "LogStrings", "path": ["monitoring", "stdout"], "values": [{"value": "{'progress_bar': {'val_loss': 1.4340027570724487}, 'log': {'val_loss': 1.4340027570724487}, 'val_loss': 1.4340027570724487}", "step": null, "ts": 1667650936.2303762}]}, "version": 308}
{"obj": {"type": "LogStrings", "path": ["monitoring", "stdout"], "values": [{"value": "\n", "step": null, "ts": 1667650936.2335956}]}, "version": 309}
{"obj": {"type": "LogStrings", "path": ["monitoring", "stdout"], "values": [{"value": "Accuracy: 0.7877437472343445", "step": null, "ts": 1667650936.2365162}]}, "version": 310}
{"obj": {"type": "LogStrings", "path": ["monitoring", "stdout"], "values": [{"value": "\n", "step": null, "ts": 1667650936.2389932}]}, "version": 311}
{"obj": {"type": "LogFloats", "path": ["training", "val_loss"], "values": [{"value": 1.434383511543274, "step": null, "ts": 1667650936.2417314}]}, "version": 312}
{"obj": {"type": "LogFloats", "path": ["training", "val_acc_step"], "values": [{"value": 0.7877437472343445, "step": null, "ts": 1667650936.2440832}]}, "version": 313}
{"obj": {"type": "LogFloats", "path": ["training", "val_acc_epoch"], "values": [{"value": 0.7877437472343445, "step": null, "ts": 1667650936.2463684}]}, "version": 314}
{"obj": {"type": "LogFloats", "path": ["training", "epoch"], "values": [{"value": 11.0, "step": null, "ts": 1667650936.2489913}]}, "version": 315}
{"obj": {"type": "LogStrings", "path": ["monitoring", "stdout"], "values": [{"value": "Accuracy: 0.7858064770698547", "step": null, "ts": 1667650936.2545629}]}, "version": 316}
{"obj": {"type": "LogStrings", "path": ["monitoring", "stdout"], "values": [{"value": "\n", "step": null, "ts": 1667650936.2575018}]}, "version": 317}
{"obj": {"type": "LogFloats", "path": ["training", "train_acc_epoch"], "values": [{"value": 0.7858064770698547, "step": null, "ts": 1667650936.2673671}]}, "version": 318}
{"obj": {"type": "LogFloats", "path": ["training", "epoch"], "values": [{"value": 11.0, "step": null, "ts": 1667650936.270422}]}, "version": 319}
{"obj": {"type": "LogFloats", "path": ["training", "train_acc_step"], "values": [{"value": 0.75, "step": null, "ts": 1667650936.7337058}]}, "version": 320}
{"obj": {"type": "LogFloats", "path": ["training", "train_loss"], "values": [{"value": 1.4411752223968506, "step": null, "ts": 1667650936.7372143}]}, "version": 321}
{"obj": {"type": "LogFloats", "path": ["training", "epoch"], "values": [{"value": 12.0, "step": null, "ts": 1667650936.7402675}]}, "version": 322}
{"obj": {"type": "LogFloats", "path": ["training", "train_acc_step"], "values": [{"value": 0.90625, "step": null, "ts": 1667650937.0164137}]}, "version": 323}
{"obj": {"type": "LogFloats", "path": ["training", "train_loss"], "values": [{"value": 1.4271066188812256, "step": null, "ts": 1667650937.0199854}]}, "version": 324}
{"obj": {"type": "LogFloats", "path": ["training", "epoch"], "values": [{"value": 12.0, "step": null, "ts": 1667650937.0230677}]}, "version": 325}
{"obj": {"type": "LogFloats", "path": ["training", "train_acc_step"], "values": [{"value": 0.75, "step": null, "ts": 1667650937.3233817}]}, "version": 326}
{"obj": {"type": "LogFloats", "path": ["training", "train_loss"], "values": [{"value": 1.4429917335510254, "step": null, "ts": 1667650937.32664}]}, "version": 327}
{"obj": {"type": "LogFloats", "path": ["training", "epoch"], "values": [{"value": 12.0, "step": null, "ts": 1667650937.3296654}]}, "version": 328}
{"obj": {"type": "LogFloats", "path": ["training", "train_acc_step"], "values": [{"value": 0.6875, "step": null, "ts": 1667650937.6225889}]}, "version": 329}
{"obj": {"type": "LogFloats", "path": ["training", "train_loss"], "values": [{"value": 1.4516067504882812, "step": null, "ts": 1667650937.6255844}]}, "version": 330}
{"obj": {"type": "LogFloats", "path": ["training", "epoch"], "values": [{"value": 12.0, "step": null, "ts": 1667650937.6283572}]}, "version": 331}
{"obj": {"type": "LogStrings", "path": ["monitoring", "stdout"], "values": [{"value": "{'progress_bar': {'val_loss': 1.433107614517212}, 'log': {'val_loss': 1.433107614517212}, 'val_loss': 1.433107614517212}", "step": null, "ts": 1667650938.3735812}]}, "version": 332}
{"obj": {"type": "LogStrings", "path": ["monitoring", "stdout"], "values": [{"value": "\n", "step": null, "ts": 1667650938.3772705}]}, "version": 333}
{"obj": {"type": "LogStrings", "path": ["monitoring", "stdout"], "values": [{"value": "Accuracy: 0.7899721264839172", "step": null, "ts": 1667650938.3806176}]}, "version": 334}
{"obj": {"type": "LogStrings", "path": ["monitoring", "stdout"], "values": [{"value": "\n", "step": null, "ts": 1667650938.3837097}]}, "version": 335}
{"obj": {"type": "LogFloats", "path": ["training", "val_loss"], "values": [{"value": 1.4334744215011597, "step": null, "ts": 1667650938.3870077}]}, "version": 336}
{"obj": {"type": "LogFloats", "path": ["training", "val_acc_step"], "values": [{"value": 0.7899721264839172, "step": null, "ts": 1667650938.3897562}]}, "version": 337}
{"obj": {"type": "LogFloats", "path": ["training", "val_acc_epoch"], "values": [{"value": 0.7899721264839172, "step": null, "ts": 1667650938.3931031}]}, "version": 338}
{"obj": {"type": "LogFloats", "path": ["training", "epoch"], "values": [{"value": 12.0, "step": null, "ts": 1667650938.395922}]}, "version": 339}
{"obj": {"type": "LogStrings", "path": ["monitoring", "stdout"], "values": [{"value": "Accuracy: 0.7889400720596313", "step": null, "ts": 1667650938.4012094}]}, "version": 340}
{"obj": {"type": "LogStrings", "path": ["monitoring", "stdout"], "values": [{"value": "\n", "step": null, "ts": 1667650938.4039898}]}, "version": 341}
{"obj": {"type": "LogFloats", "path": ["training", "train_acc_epoch"], "values": [{"value": 0.7889400720596313, "step": null, "ts": 1667650938.4133832}]}, "version": 342}
{"obj": {"type": "LogFloats", "path": ["training", "epoch"], "values": [{"value": 12.0, "step": null, "ts": 1667650938.416475}]}, "version": 343}
{"obj": {"type": "LogFloats", "path": ["training", "train_acc_step"], "values": [{"value": 0.8125, "step": null, "ts": 1667650939.0535536}]}, "version": 344}
{"obj": {"type": "LogFloats", "path": ["training", "train_loss"], "values": [{"value": 1.4310302734375, "step": null, "ts": 1667650939.057085}]}, "version": 345}
{"obj": {"type": "LogFloats", "path": ["training", "epoch"], "values": [{"value": 13.0, "step": null, "ts": 1667650939.060308}]}, "version": 346}
{"obj": {"type": "LogFloats", "path": ["training", "train_acc_step"], "values": [{"value": 0.875, "step": null, "ts": 1667650939.3353193}]}, "version": 347}
{"obj": {"type": "LogFloats", "path": ["training", "train_loss"], "values": [{"value": 1.4284814596176147, "step": null, "ts": 1667650939.3387158}]}, "version": 348}
{"obj": {"type": "LogFloats", "path": ["training", "epoch"], "values": [{"value": 13.0, "step": null, "ts": 1667650939.3417387}]}, "version": 349}
{"obj": {"type": "LogFloats", "path": ["training", "train_acc_step"], "values": [{"value": 0.84375, "step": null, "ts": 1667650939.6164374}]}, "version": 350}
{"obj": {"type": "LogFloats", "path": ["training", "train_loss"], "values": [{"value": 1.4349603652954102, "step": null, "ts": 1667650939.6196198}]}, "version": 351}
{"obj": {"type": "LogFloats", "path": ["training", "epoch"], "values": [{"value": 13.0, "step": null, "ts": 1667650939.622247}]}, "version": 352}
{"obj": {"type": "LogStrings", "path": ["monitoring", "stdout"], "values": [{"value": "{'progress_bar': {'val_loss': 1.4326473474502563}, 'log': {'val_loss': 1.4326473474502563}, 'val_loss': 1.4326473474502563}", "step": null, "ts": 1667650940.4657257}]}, "version": 353}
{"obj": {"type": "LogStrings", "path": ["monitoring", "stdout"], "values": [{"value": "\n", "step": null, "ts": 1667650940.4692376}]}, "version": 354}
{"obj": {"type": "LogStrings", "path": ["monitoring", "stdout"], "values": [{"value": "Accuracy: 0.7916434407234192", "step": null, "ts": 1667650940.47229}]}, "version": 355}
{"obj": {"type": "LogStrings", "path": ["monitoring", "stdout"], "values": [{"value": "\n", "step": null, "ts": 1667650940.4749343}]}, "version": 356}
{"obj": {"type": "LogFloats", "path": ["training", "val_loss"], "values": [{"value": 1.4330081939697266, "step": null, "ts": 1667650940.4778926}]}, "version": 357}
{"obj": {"type": "LogFloats", "path": ["training", "val_acc_step"], "values": [{"value": 0.7916434407234192, "step": null, "ts": 1667650940.4804149}]}, "version": 358}
{"obj": {"type": "LogFloats", "path": ["training", "val_acc_epoch"], "values": [{"value": 0.7916434407234192, "step": null, "ts": 1667650940.482907}]}, "version": 359}
{"obj": {"type": "LogFloats", "path": ["training", "epoch"], "values": [{"value": 13.0, "step": null, "ts": 1667650940.4853973}]}, "version": 360}
{"obj": {"type": "LogStrings", "path": ["monitoring", "stdout"], "values": [{"value": "Accuracy: 0.7894930839538574", "step": null, "ts": 1667650940.4905703}]}, "version": 361}
{"obj": {"type": "LogStrings", "path": ["monitoring", "stdout"], "values": [{"value": "\n", "step": null, "ts": 1667650940.493106}]}, "version": 362}
{"obj": {"type": "LogFloats", "path": ["training", "train_acc_epoch"], "values": [{"value": 0.7894930839538574, "step": null, "ts": 1667650940.5022054}]}, "version": 363}
{"obj": {"type": "LogFloats", "path": ["training", "epoch"], "values": [{"value": 13.0, "step": null, "ts": 1667650940.5052557}]}, "version": 364}
{"obj": {"type": "LogFloats", "path": ["monitoring", "cpu"], "values": [{"value": 18.8, "step": null, "ts": 1667650940.652952}]}, "version": 365}
{"obj": {"type": "LogFloats", "path": ["monitoring", "memory"], "values": [{"value": 9.638240814208984, "step": null, "ts": 1667650940.652952}]}, "version": 366}
{"obj": {"type": "LogFloats", "path": ["monitoring", "gpu_0"], "values": [{"value": 32.0, "step": null, "ts": 1667650940.652952}]}, "version": 367}
{"obj": {"type": "LogFloats", "path": ["monitoring", "gpu_memory_0"], "values": [{"value": 1.46685791015625, "step": null, "ts": 1667650940.652952}]}, "version": 368}
{"obj": {"type": "LogFloats", "path": ["monitoring", "gpu_memory_1"], "values": [{"value": 0.232177734375, "step": null, "ts": 1667650940.652952}]}, "version": 369}
{"obj": {"type": "LogFloats", "path": ["training", "train_acc_step"], "values": [{"value": 0.75, "step": null, "ts": 1667650941.007583}]}, "version": 370}
{"obj": {"type": "LogFloats", "path": ["training", "train_loss"], "values": [{"value": 1.4387505054473877, "step": null, "ts": 1667650941.01104}]}, "version": 371}
{"obj": {"type": "LogFloats", "path": ["training", "epoch"], "values": [{"value": 14.0, "step": null, "ts": 1667650941.0141835}]}, "version": 372}
{"obj": {"type": "LogFloats", "path": ["training", "train_acc_step"], "values": [{"value": 0.78125, "step": null, "ts": 1667650941.2947626}]}, "version": 373}
{"obj": {"type": "LogFloats", "path": ["training", "train_loss"], "values": [{"value": 1.434861421585083, "step": null, "ts": 1667650941.297863}]}, "version": 374}
{"obj": {"type": "LogFloats", "path": ["training", "epoch"], "values": [{"value": 14.0, "step": null, "ts": 1667650941.3009977}]}, "version": 375}
{"obj": {"type": "LogFloats", "path": ["training", "train_acc_step"], "values": [{"value": 0.78125, "step": null, "ts": 1667650941.5803967}]}, "version": 376}
{"obj": {"type": "LogFloats", "path": ["training", "train_loss"], "values": [{"value": 1.4343252182006836, "step": null, "ts": 1667650941.5835698}]}, "version": 377}
{"obj": {"type": "LogFloats", "path": ["training", "epoch"], "values": [{"value": 14.0, "step": null, "ts": 1667650941.5864377}]}, "version": 378}
{"obj": {"type": "LogFloats", "path": ["training", "train_acc_step"], "values": [{"value": 0.6470588445663452, "step": null, "ts": 1667650941.8634245}]}, "version": 379}
{"obj": {"type": "LogFloats", "path": ["training", "train_loss"], "values": [{"value": 1.4456932544708252, "step": null, "ts": 1667650941.8668876}]}, "version": 380}
{"obj": {"type": "LogFloats", "path": ["training", "epoch"], "values": [{"value": 14.0, "step": null, "ts": 1667650941.8699508}]}, "version": 381}
{"obj": {"type": "LogStrings", "path": ["monitoring", "stdout"], "values": [{"value": "{'progress_bar': {'val_loss': 1.4339573383331299}, 'log': {'val_loss': 1.4339573383331299}, 'val_loss': 1.4339573383331299}", "step": null, "ts": 1667650942.5455437}]}, "version": 382}
{"obj": {"type": "LogStrings", "path": ["monitoring", "stdout"], "values": [{"value": "\n", "step": null, "ts": 1667650942.5489604}]}, "version": 383}
{"obj": {"type": "LogStrings", "path": ["monitoring", "stdout"], "values": [{"value": "Accuracy: 0.7894150614738464", "step": null, "ts": 1667650942.5520284}]}, "version": 384}
{"obj": {"type": "LogStrings", "path": ["monitoring", "stdout"], "values": [{"value": "\n", "step": null, "ts": 1667650942.5547388}]}, "version": 385}
{"obj": {"type": "LogFloats", "path": ["training", "val_loss"], "values": [{"value": 1.4343384504318237, "step": null, "ts": 1667650942.5576346}]}, "version": 386}
{"obj": {"type": "LogFloats", "path": ["training", "val_acc_step"], "values": [{"value": 0.7894150614738464, "step": null, "ts": 1667650942.5601463}]}, "version": 387}
{"obj": {"type": "LogFloats", "path": ["training", "val_acc_epoch"], "values": [{"value": 0.7894150614738464, "step": null, "ts": 1667650942.562666}]}, "version": 388}
{"obj": {"type": "LogFloats", "path": ["training", "epoch"], "values": [{"value": 14.0, "step": null, "ts": 1667650942.565176}]}, "version": 389}
{"obj": {"type": "LogStrings", "path": ["monitoring", "stdout"], "values": [{"value": "Accuracy: 0.7920737266540527", "step": null, "ts": 1667650942.5705972}]}, "version": 390}
{"obj": {"type": "LogStrings", "path": ["monitoring", "stdout"], "values": [{"value": "\n", "step": null, "ts": 1667650942.5731254}]}, "version": 391}
{"obj": {"type": "LogFloats", "path": ["training", "train_acc_epoch"], "values": [{"value": 0.7920737266540527, "step": null, "ts": 1667650942.582418}]}, "version": 392}
{"obj": {"type": "LogFloats", "path": ["training", "epoch"], "values": [{"value": 14.0, "step": null, "ts": 1667650942.585454}]}, "version": 393}
{"obj": {"type": "LogFloats", "path": ["training", "train_acc_step"], "values": [{"value": 0.71875, "step": null, "ts": 1667650943.2441096}]}, "version": 394}
{"obj": {"type": "LogFloats", "path": ["training", "train_loss"], "values": [{"value": 1.4561928510665894, "step": null, "ts": 1667650943.247508}]}, "version": 395}
{"obj": {"type": "LogFloats", "path": ["training", "epoch"], "values": [{"value": 15.0, "step": null, "ts": 1667650943.250551}]}, "version": 396}
{"obj": {"type": "LogFloats", "path": ["training", "train_acc_step"], "values": [{"value": 0.84375, "step": null, "ts": 1667650943.509414}]}, "version": 397}
{"obj": {"type": "LogFloats", "path": ["training", "train_loss"], "values": [{"value": 1.4308347702026367, "step": null, "ts": 1667650943.5125468}]}, "version": 398}
{"obj": {"type": "LogFloats", "path": ["training", "epoch"], "values": [{"value": 15.0, "step": null, "ts": 1667650943.5151181}]}, "version": 399}
{"obj": {"type": "LogFloats", "path": ["training", "train_acc_step"], "values": [{"value": 0.8125, "step": null, "ts": 1667650943.7745435}]}, "version": 400}
{"obj": {"type": "LogFloats", "path": ["training", "train_loss"], "values": [{"value": 1.4340561628341675, "step": null, "ts": 1667650943.7777019}]}, "version": 401}
{"obj": {"type": "LogFloats", "path": ["training", "epoch"], "values": [{"value": 15.0, "step": null, "ts": 1667650943.7808223}]}, "version": 402}
{"obj": {"type": "LogStrings", "path": ["monitoring", "stdout"], "values": [{"value": "{'progress_bar': {'val_loss': 1.4360452890396118}, 'log': {'val_loss': 1.4360452890396118}, 'val_loss': 1.4360452890396118}", "step": null, "ts": 1667650944.5499907}]}, "version": 403}
{"obj": {"type": "LogStrings", "path": ["monitoring", "stdout"], "values": [{"value": "\n", "step": null, "ts": 1667650944.5534103}]}, "version": 404}
{"obj": {"type": "LogStrings", "path": ["monitoring", "stdout"], "values": [{"value": "Accuracy: 0.7832869291305542", "step": null, "ts": 1667650944.556549}]}, "version": 405}
{"obj": {"type": "LogStrings", "path": ["monitoring", "stdout"], "values": [{"value": "\n", "step": null, "ts": 1667650944.5595276}]}, "version": 406}
{"obj": {"type": "LogFloats", "path": ["training", "val_loss"], "values": [{"value": 1.4364596605300903, "step": null, "ts": 1667650944.5626278}]}, "version": 407}
{"obj": {"type": "LogFloats", "path": ["training", "val_acc_step"], "values": [{"value": 0.7832869291305542, "step": null, "ts": 1667650944.5651617}]}, "version": 408}
{"obj": {"type": "LogFloats", "path": ["training", "val_acc_epoch"], "values": [{"value": 0.7832869291305542, "step": null, "ts": 1667650944.5675795}]}, "version": 409}
{"obj": {"type": "LogFloats", "path": ["training", "epoch"], "values": [{"value": 15.0, "step": null, "ts": 1667650944.570027}]}, "version": 410}
{"obj": {"type": "LogStrings", "path": ["monitoring", "stdout"], "values": [{"value": "Accuracy: 0.7852534651756287", "step": null, "ts": 1667650944.5753024}]}, "version": 411}
{"obj": {"type": "LogStrings", "path": ["monitoring", "stdout"], "values": [{"value": "\n", "step": null, "ts": 1667650944.5819736}]}, "version": 412}
{"obj": {"type": "LogFloats", "path": ["training", "train_acc_epoch"], "values": [{"value": 0.7852534651756287, "step": null, "ts": 1667650944.5920188}]}, "version": 413}
{"obj": {"type": "LogFloats", "path": ["training", "epoch"], "values": [{"value": 15.0, "step": null, "ts": 1667650944.6008828}]}, "version": 414}
{"obj": {"type": "LogFloats", "path": ["training", "train_acc_step"], "values": [{"value": 0.78125, "step": null, "ts": 1667650945.1769829}]}, "version": 415}
{"obj": {"type": "LogFloats", "path": ["training", "train_loss"], "values": [{"value": 1.4360439777374268, "step": null, "ts": 1667650945.1845033}]}, "version": 416}
{"obj": {"type": "LogFloats", "path": ["training", "epoch"], "values": [{"value": 16.0, "step": null, "ts": 1667650945.1911905}]}, "version": 417}
{"obj": {"type": "LogFloats", "path": ["training", "train_acc_step"], "values": [{"value": 0.6875, "step": null, "ts": 1667650945.4658575}]}, "version": 418}
{"obj": {"type": "LogFloats", "path": ["training", "train_loss"], "values": [{"value": 1.4485323429107666, "step": null, "ts": 1667650945.4699562}]}, "version": 419}
{"obj": {"type": "LogFloats", "path": ["training", "epoch"], "values": [{"value": 16.0, "step": null, "ts": 1667650945.4729428}]}, "version": 420}
{"obj": {"type": "LogFloats", "path": ["training", "train_acc_step"], "values": [{"value": 0.75, "step": null, "ts": 1667650945.7387216}]}, "version": 421}
{"obj": {"type": "LogFloats", "path": ["training", "train_loss"], "values": [{"value": 1.437140941619873, "step": null, "ts": 1667650945.7418227}]}, "version": 422}
{"obj": {"type": "LogFloats", "path": ["training", "epoch"], "values": [{"value": 16.0, "step": null, "ts": 1667650945.744863}]}, "version": 423}
{"obj": {"type": "LogStrings", "path": ["monitoring", "stdout"], "values": [{"value": "{'progress_bar': {'val_loss': 1.4327460527420044}, 'log': {'val_loss': 1.4327460527420044}, 'val_loss': 1.4327460527420044}", "step": null, "ts": 1667650946.6097326}]}, "version": 424}
{"obj": {"type": "LogStrings", "path": ["monitoring", "stdout"], "values": [{"value": "\n", "step": null, "ts": 1667650946.6129663}]}, "version": 425}
{"obj": {"type": "LogStrings", "path": ["monitoring", "stdout"], "values": [{"value": "Accuracy: 0.7910863757133484", "step": null, "ts": 1667650946.6159568}]}, "version": 426}
{"obj": {"type": "LogStrings", "path": ["monitoring", "stdout"], "values": [{"value": "\n", "step": null, "ts": 1667650946.6186445}]}, "version": 427}
{"obj": {"type": "LogFloats", "path": ["training", "val_loss"], "values": [{"value": 1.4331079721450806, "step": null, "ts": 1667650946.6217268}]}, "version": 428}
{"obj": {"type": "LogFloats", "path": ["training", "val_acc_step"], "values": [{"value": 0.7910863757133484, "step": null, "ts": 1667650946.6241841}]}, "version": 429}
{"obj": {"type": "LogFloats", "path": ["training", "val_acc_epoch"], "values": [{"value": 0.7910863757133484, "step": null, "ts": 1667650946.626526}]}, "version": 430}
{"obj": {"type": "LogFloats", "path": ["training", "epoch"], "values": [{"value": 16.0, "step": null, "ts": 1667650946.628949}]}, "version": 431}
{"obj": {"type": "LogStrings", "path": ["monitoring", "stdout"], "values": [{"value": "Accuracy: 0.7891244292259216", "step": null, "ts": 1667650946.634233}]}, "version": 432}
{"obj": {"type": "LogStrings", "path": ["monitoring", "stdout"], "values": [{"value": "\n", "step": null, "ts": 1667650946.6366508}]}, "version": 433}
{"obj": {"type": "LogFloats", "path": ["training", "train_acc_epoch"], "values": [{"value": 0.7891244292259216, "step": null, "ts": 1667650946.6460695}]}, "version": 434}
{"obj": {"type": "LogFloats", "path": ["training", "epoch"], "values": [{"value": 16.0, "step": null, "ts": 1667650946.648976}]}, "version": 435}
{"obj": {"type": "LogFloats", "path": ["training", "train_acc_step"], "values": [{"value": 0.84375, "step": null, "ts": 1667650947.104189}]}, "version": 436}
{"obj": {"type": "LogFloats", "path": ["training", "train_loss"], "values": [{"value": 1.4313344955444336, "step": null, "ts": 1667650947.107446}]}, "version": 437}
{"obj": {"type": "LogFloats", "path": ["training", "epoch"], "values": [{"value": 17.0, "step": null, "ts": 1667650947.1102073}]}, "version": 438}
{"obj": {"type": "LogFloats", "path": ["training", "train_acc_step"], "values": [{"value": 0.78125, "step": null, "ts": 1667650947.3687682}]}, "version": 439}
{"obj": {"type": "LogFloats", "path": ["training", "train_loss"], "values": [{"value": 1.428727388381958, "step": null, "ts": 1667650947.3721337}]}, "version": 440}
{"obj": {"type": "LogFloats", "path": ["training", "epoch"], "values": [{"value": 17.0, "step": null, "ts": 1667650947.3749733}]}, "version": 441}
{"obj": {"type": "LogFloats", "path": ["training", "train_acc_step"], "values": [{"value": 0.84375, "step": null, "ts": 1667650947.6440845}]}, "version": 442}
{"obj": {"type": "LogFloats", "path": ["training", "train_loss"], "values": [{"value": 1.4380054473876953, "step": null, "ts": 1667650947.64709}]}, "version": 443}
{"obj": {"type": "LogFloats", "path": ["training", "epoch"], "values": [{"value": 17.0, "step": null, "ts": 1667650947.6498096}]}, "version": 444}
{"obj": {"type": "LogFloats", "path": ["training", "train_acc_step"], "values": [{"value": 0.8125, "step": null, "ts": 1667650947.9089723}]}, "version": 445}
{"obj": {"type": "LogFloats", "path": ["training", "train_loss"], "values": [{"value": 1.4342803955078125, "step": null, "ts": 1667650947.9125414}]}, "version": 446}
{"obj": {"type": "LogFloats", "path": ["training", "epoch"], "values": [{"value": 17.0, "step": null, "ts": 1667650947.9155874}]}, "version": 447}
{"obj": {"type": "LogStrings", "path": ["monitoring", "stdout"], "values": [{"value": "{'progress_bar': {'val_loss': 1.4326796531677246}, 'log': {'val_loss': 1.4326796531677246}, 'val_loss': 1.4326796531677246}", "step": null, "ts": 1667650948.6231763}]}, "version": 448}
{"obj": {"type": "LogStrings", "path": ["monitoring", "stdout"], "values": [{"value": "\n", "step": null, "ts": 1667650948.6266003}]}, "version": 449}
{"obj": {"type": "LogStrings", "path": ["monitoring", "stdout"], "values": [{"value": "Accuracy: 0.7910863757133484", "step": null, "ts": 1667650948.62986}]}, "version": 450}
{"obj": {"type": "LogStrings", "path": ["monitoring", "stdout"], "values": [{"value": "\n", "step": null, "ts": 1667650948.6326318}]}, "version": 451}
{"obj": {"type": "LogFloats", "path": ["training", "val_loss"], "values": [{"value": 1.4330400228500366, "step": null, "ts": 1667650948.6356509}]}, "version": 452}
{"obj": {"type": "LogFloats", "path": ["training", "val_acc_step"], "values": [{"value": 0.7910863757133484, "step": null, "ts": 1667650948.6381698}]}, "version": 453}
{"obj": {"type": "LogFloats", "path": ["training", "val_acc_epoch"], "values": [{"value": 0.7910863757133484, "step": null, "ts": 1667650948.6406684}]}, "version": 454}
{"obj": {"type": "LogFloats", "path": ["training", "epoch"], "values": [{"value": 17.0, "step": null, "ts": 1667650948.6430776}]}, "version": 455}
{"obj": {"type": "LogStrings", "path": ["monitoring", "stdout"], "values": [{"value": "Accuracy: 0.7865437865257263", "step": null, "ts": 1667650948.6487284}]}, "version": 456}
{"obj": {"type": "LogStrings", "path": ["monitoring", "stdout"], "values": [{"value": "\n", "step": null, "ts": 1667650948.6511514}]}, "version": 457}
{"obj": {"type": "LogFloats", "path": ["training", "train_acc_epoch"], "values": [{"value": 0.7865437865257263, "step": null, "ts": 1667650948.6606047}]}, "version": 458}
{"obj": {"type": "LogFloats", "path": ["training", "epoch"], "values": [{"value": 17.0, "step": null, "ts": 1667650948.6638596}]}, "version": 459}
{"obj": {"type": "LogFloats", "path": ["training", "train_acc_step"], "values": [{"value": 0.71875, "step": null, "ts": 1667650949.2941046}]}, "version": 460}
{"obj": {"type": "LogFloats", "path": ["training", "train_loss"], "values": [{"value": 1.4393681287765503, "step": null, "ts": 1667650949.2975385}]}, "version": 461}
{"obj": {"type": "LogFloats", "path": ["training", "epoch"], "values": [{"value": 18.0, "step": null, "ts": 1667650949.300651}]}, "version": 462}
{"obj": {"type": "LogFloats", "path": ["training", "train_acc_step"], "values": [{"value": 0.84375, "step": null, "ts": 1667650949.5784671}]}, "version": 463}
{"obj": {"type": "LogFloats", "path": ["training", "train_loss"], "values": [{"value": 1.4275071620941162, "step": null, "ts": 1667650949.581403}]}, "version": 464}
{"obj": {"type": "LogFloats", "path": ["training", "epoch"], "values": [{"value": 18.0, "step": null, "ts": 1667650949.584285}]}, "version": 465}
{"obj": {"type": "LogFloats", "path": ["training", "train_acc_step"], "values": [{"value": 0.71875, "step": null, "ts": 1667650949.860391}]}, "version": 466}
{"obj": {"type": "LogFloats", "path": ["training", "train_loss"], "values": [{"value": 1.4430040121078491, "step": null, "ts": 1667650949.8637512}]}, "version": 467}
{"obj": {"type": "LogFloats", "path": ["training", "epoch"], "values": [{"value": 18.0, "step": null, "ts": 1667650949.8667612}]}, "version": 468}
{"obj": {"type": "LogStrings", "path": ["monitoring", "stdout"], "values": [{"value": "{'progress_bar': {'val_loss': 1.4339754581451416}, 'log': {'val_loss': 1.4339754581451416}, 'val_loss': 1.4339754581451416}", "step": null, "ts": 1667650950.6858075}]}, "version": 469}
{"obj": {"type": "LogStrings", "path": ["monitoring", "stdout"], "values": [{"value": "\n", "step": null, "ts": 1667650950.6892622}]}, "version": 470}
{"obj": {"type": "LogStrings", "path": ["monitoring", "stdout"], "values": [{"value": "Accuracy: 0.7894150614738464", "step": null, "ts": 1667650950.6926286}]}, "version": 471}
{"obj": {"type": "LogStrings", "path": ["monitoring", "stdout"], "values": [{"value": "\n", "step": null, "ts": 1667650950.695718}]}, "version": 472}
{"obj": {"type": "LogFloats", "path": ["training", "val_loss"], "values": [{"value": 1.4343563318252563, "step": null, "ts": 1667650950.6989565}]}, "version": 473}
{"obj": {"type": "LogFloats", "path": ["training", "val_acc_step"], "values": [{"value": 0.7894150614738464, "step": null, "ts": 1667650950.7017777}]}, "version": 474}
{"obj": {"type": "LogFloats", "path": ["training", "val_acc_epoch"], "values": [{"value": 0.7894150614738464, "step": null, "ts": 1667650950.7043214}]}, "version": 475}
{"obj": {"type": "LogFloats", "path": ["training", "epoch"], "values": [{"value": 18.0, "step": null, "ts": 1667650950.7068028}]}, "version": 476}
{"obj": {"type": "LogStrings", "path": ["monitoring", "stdout"], "values": [{"value": "Accuracy: 0.7900460958480835", "step": null, "ts": 1667650950.712584}]}, "version": 477}
{"obj": {"type": "LogStrings", "path": ["monitoring", "stdout"], "values": [{"value": "\n", "step": null, "ts": 1667650950.715528}]}, "version": 478}
{"obj": {"type": "LogFloats", "path": ["training", "train_acc_epoch"], "values": [{"value": 0.7900460958480835, "step": null, "ts": 1667650950.725117}]}, "version": 479}
{"obj": {"type": "LogFloats", "path": ["training", "epoch"], "values": [{"value": 18.0, "step": null, "ts": 1667650950.7282448}]}, "version": 480}
{"obj": {"type": "LogFloats", "path": ["monitoring", "cpu"], "values": [{"value": 19.1, "step": null, "ts": 1667650950.879661}]}, "version": 481}
{"obj": {"type": "LogFloats", "path": ["monitoring", "memory"], "values": [{"value": 9.651161193847656, "step": null, "ts": 1667650950.879661}]}, "version": 482}
{"obj": {"type": "LogFloats", "path": ["monitoring", "gpu_memory_0"], "values": [{"value": 1.46685791015625, "step": null, "ts": 1667650950.879661}]}, "version": 483}
{"obj": {"type": "LogFloats", "path": ["monitoring", "gpu_memory_1"], "values": [{"value": 0.232177734375, "step": null, "ts": 1667650950.879661}]}, "version": 484}
{"obj": {"type": "LogFloats", "path": ["training", "train_acc_step"], "values": [{"value": 0.8125, "step": null, "ts": 1667650951.2210915}]}, "version": 485}
{"obj": {"type": "LogFloats", "path": ["training", "train_loss"], "values": [{"value": 1.4322805404663086, "step": null, "ts": 1667650951.2246776}]}, "version": 486}
{"obj": {"type": "LogFloats", "path": ["training", "epoch"], "values": [{"value": 19.0, "step": null, "ts": 1667650951.2275152}]}, "version": 487}
{"obj": {"type": "LogFloats", "path": ["training", "train_acc_step"], "values": [{"value": 0.78125, "step": null, "ts": 1667650951.494957}]}, "version": 488}
{"obj": {"type": "LogFloats", "path": ["training", "train_loss"], "values": [{"value": 1.436611294746399, "step": null, "ts": 1667650951.4982946}]}, "version": 489}
{"obj": {"type": "LogFloats", "path": ["training", "epoch"], "values": [{"value": 19.0, "step": null, "ts": 1667650951.500972}]}, "version": 490}
{"obj": {"type": "LogFloats", "path": ["training", "train_acc_step"], "values": [{"value": 0.6875, "step": null, "ts": 1667650951.7684088}]}, "version": 491}
{"obj": {"type": "LogFloats", "path": ["training", "train_loss"], "values": [{"value": 1.445623755455017, "step": null, "ts": 1667650951.7716615}]}, "version": 492}
{"obj": {"type": "LogFloats", "path": ["training", "epoch"], "values": [{"value": 19.0, "step": null, "ts": 1667650951.7745132}]}, "version": 493}
{"obj": {"type": "LogFloats", "path": ["training", "train_acc_step"], "values": [{"value": 0.7058823704719543, "step": null, "ts": 1667650952.0390463}]}, "version": 494}
{"obj": {"type": "LogFloats", "path": ["training", "train_loss"], "values": [{"value": 1.4401878118515015, "step": null, "ts": 1667650952.0423558}]}, "version": 495}
{"obj": {"type": "LogFloats", "path": ["training", "epoch"], "values": [{"value": 19.0, "step": null, "ts": 1667650952.0452669}]}, "version": 496}
{"obj": {"type": "LogStrings", "path": ["monitoring", "stdout"], "values": [{"value": "{'progress_bar': {'val_loss': 1.4335569143295288}, 'log': {'val_loss': 1.4335569143295288}, 'val_loss': 1.4335569143295288}", "step": null, "ts": 1667650952.7207613}]}, "version": 497}
{"obj": {"type": "LogStrings", "path": ["monitoring", "stdout"], "values": [{"value": "\n", "step": null, "ts": 1667650952.7240725}]}, "version": 498}
{"obj": {"type": "LogStrings", "path": ["monitoring", "stdout"], "values": [{"value": "Accuracy: 0.7899721264839172", "step": null, "ts": 1667650952.727247}]}, "version": 499}
{"obj": {"type": "LogStrings", "path": ["monitoring", "stdout"], "values": [{"value": "\n", "step": null, "ts": 1667650952.7299132}]}, "version": 500}
{"obj": {"type": "LogFloats", "path": ["training", "val_loss"], "values": [{"value": 1.4339320659637451, "step": null, "ts": 1667650952.7332513}]}, "version": 501}
{"obj": {"type": "LogFloats", "path": ["training", "val_acc_step"], "values": [{"value": 0.7899721264839172, "step": null, "ts": 1667650952.7361472}]}, "version": 502}
{"obj": {"type": "LogFloats", "path": ["training", "val_acc_epoch"], "values": [{"value": 0.7899721264839172, "step": null, "ts": 1667650952.7387264}]}, "version": 503}
{"obj": {"type": "LogFloats", "path": ["training", "epoch"], "values": [{"value": 19.0, "step": null, "ts": 1667650952.741244}]}, "version": 504}
{"obj": {"type": "LogStrings", "path": ["monitoring", "stdout"], "values": [{"value": "Accuracy: 0.7896774411201477", "step": null, "ts": 1667650952.746519}]}, "version": 505}
{"obj": {"type": "LogStrings", "path": ["monitoring", "stdout"], "values": [{"value": "\n", "step": null, "ts": 1667650952.7495346}]}, "version": 506}
{"obj": {"type": "LogFloats", "path": ["training", "train_acc_epoch"], "values": [{"value": 0.7896774411201477, "step": null, "ts": 1667650952.7585623}]}, "version": 507}
{"obj": {"type": "LogFloats", "path": ["training", "epoch"], "values": [{"value": 19.0, "step": null, "ts": 1667650952.761541}]}, "version": 508}
{"obj": {"type": "LogFloats", "path": ["training", "train_acc_step"], "values": [{"value": 0.90625, "step": null, "ts": 1667650953.4224787}]}, "version": 509}
{"obj": {"type": "LogFloats", "path": ["training", "train_loss"], "values": [{"value": 1.4233365058898926, "step": null, "ts": 1667650953.4260674}]}, "version": 510}
{"obj": {"type": "LogFloats", "path": ["training", "epoch"], "values": [{"value": 20.0, "step": null, "ts": 1667650953.4293077}]}, "version": 511}
{"obj": {"type": "LogFloats", "path": ["training", "train_acc_step"], "values": [{"value": 0.8125, "step": null, "ts": 1667650953.721635}]}, "version": 512}
{"obj": {"type": "LogFloats", "path": ["training", "train_loss"], "values": [{"value": 1.439277172088623, "step": null, "ts": 1667650953.724798}]}, "version": 513}
{"obj": {"type": "LogFloats", "path": ["training", "epoch"], "values": [{"value": 20.0, "step": null, "ts": 1667650953.7276082}]}, "version": 514}
{"obj": {"type": "LogFloats", "path": ["training", "train_acc_step"], "values": [{"value": 0.78125, "step": null, "ts": 1667650954.009202}]}, "version": 515}
{"obj": {"type": "LogFloats", "path": ["training", "train_loss"], "values": [{"value": 1.4381730556488037, "step": null, "ts": 1667650954.012724}]}, "version": 516}
{"obj": {"type": "LogFloats", "path": ["training", "epoch"], "values": [{"value": 20.0, "step": null, "ts": 1667650954.0157554}]}, "version": 517}
{"obj": {"type": "LogStrings", "path": ["monitoring", "stdout"], "values": [{"value": "{'progress_bar': {'val_loss': 1.4333984851837158}, 'log': {'val_loss': 1.4333984851837158}, 'val_loss': 1.4333984851837158}", "step": null, "ts": 1667650954.7780743}]}, "version": 518}
{"obj": {"type": "LogStrings", "path": ["monitoring", "stdout"], "values": [{"value": "\n", "step": null, "ts": 1667650954.7815661}]}, "version": 519}
{"obj": {"type": "LogStrings", "path": ["monitoring", "stdout"], "values": [{"value": "Accuracy: 0.7905292510986328", "step": null, "ts": 1667650954.7847629}]}, "version": 520}
{"obj": {"type": "LogStrings", "path": ["monitoring", "stdout"], "values": [{"value": "\n", "step": null, "ts": 1667650954.7874773}]}, "version": 521}
{"obj": {"type": "LogFloats", "path": ["training", "val_loss"], "values": [{"value": 1.4337701797485352, "step": null, "ts": 1667650954.7903676}]}, "version": 522}
{"obj": {"type": "LogFloats", "path": ["training", "val_acc_step"], "values": [{"value": 0.7905292510986328, "step": null, "ts": 1667650954.7928708}]}, "version": 523}
{"obj": {"type": "LogFloats", "path": ["training", "val_acc_epoch"], "values": [{"value": 0.7905292510986328, "step": null, "ts": 1667650954.7953777}]}, "version": 524}
{"obj": {"type": "LogFloats", "path": ["training", "epoch"], "values": [{"value": 20.0, "step": null, "ts": 1667650954.7978628}]}, "version": 525}
{"obj": {"type": "LogStrings", "path": ["monitoring", "stdout"], "values": [{"value": "Accuracy: 0.7907834053039551", "step": null, "ts": 1667650954.8031187}]}, "version": 526}
{"obj": {"type": "LogStrings", "path": ["monitoring", "stdout"], "values": [{"value": "\n", "step": null, "ts": 1667650954.8056636}]}, "version": 527}
{"obj": {"type": "LogFloats", "path": ["training", "train_acc_epoch"], "values": [{"value": 0.7907834053039551, "step": null, "ts": 1667650954.8152256}]}, "version": 528}
{"obj": {"type": "LogFloats", "path": ["training", "epoch"], "values": [{"value": 20.0, "step": null, "ts": 1667650954.8181896}]}, "version": 529}
{"obj": {"type": "LogFloats", "path": ["training", "train_acc_step"], "values": [{"value": 0.75, "step": null, "ts": 1667650955.380589}]}, "version": 530}
{"obj": {"type": "LogFloats", "path": ["training", "train_loss"], "values": [{"value": 1.445953130722046, "step": null, "ts": 1667650955.3840559}]}, "version": 531}
{"obj": {"type": "LogFloats", "path": ["training", "epoch"], "values": [{"value": 21.0, "step": null, "ts": 1667650955.3868265}]}, "version": 532}
{"obj": {"type": "LogFloats", "path": ["training", "train_acc_step"], "values": [{"value": 0.75, "step": null, "ts": 1667650955.6626618}]}, "version": 533}
{"obj": {"type": "LogFloats", "path": ["training", "train_loss"], "values": [{"value": 1.4319484233856201, "step": null, "ts": 1667650955.665827}]}, "version": 534}
{"obj": {"type": "LogFloats", "path": ["training", "epoch"], "values": [{"value": 21.0, "step": null, "ts": 1667650955.6688888}]}, "version": 535}
{"obj": {"type": "LogFloats", "path": ["training", "train_acc_step"], "values": [{"value": 0.90625, "step": null, "ts": 1667650955.943181}]}, "version": 536}
{"obj": {"type": "LogFloats", "path": ["training", "train_loss"], "values": [{"value": 1.423507571220398, "step": null, "ts": 1667650955.94663}]}, "version": 537}
{"obj": {"type": "LogFloats", "path": ["training", "epoch"], "values": [{"value": 21.0, "step": null, "ts": 1667650955.9496372}]}, "version": 538}
{"obj": {"type": "LogStrings", "path": ["monitoring", "stdout"], "values": [{"value": "{'progress_bar': {'val_loss': 1.4352302551269531}, 'log': {'val_loss': 1.4352302551269531}, 'val_loss': 1.4352302551269531}", "step": null, "ts": 1667650956.8359625}]}, "version": 539}
{"obj": {"type": "LogStrings", "path": ["monitoring", "stdout"], "values": [{"value": "\n", "step": null, "ts": 1667650956.8394287}]}, "version": 540}
{"obj": {"type": "LogStrings", "path": ["monitoring", "stdout"], "values": [{"value": "Accuracy: 0.7899721264839172", "step": null, "ts": 1667650956.8425477}]}, "version": 541}
{"obj": {"type": "LogStrings", "path": ["monitoring", "stdout"], "values": [{"value": "\n", "step": null, "ts": 1667650956.8455298}]}, "version": 542}
{"obj": {"type": "LogFloats", "path": ["training", "val_loss"], "values": [{"value": 1.4356316328048706, "step": null, "ts": 1667650956.8485084}]}, "version": 543}
{"obj": {"type": "LogFloats", "path": ["training", "val_acc_step"], "values": [{"value": 0.7899721264839172, "step": null, "ts": 1667650956.8508694}]}, "version": 544}
{"obj": {"type": "LogFloats", "path": ["training", "val_acc_epoch"], "values": [{"value": 0.7899721264839172, "step": null, "ts": 1667650956.8533149}]}, "version": 545}
{"obj": {"type": "LogFloats", "path": ["training", "epoch"], "values": [{"value": 21.0, "step": null, "ts": 1667650956.8556342}]}, "version": 546}
{"obj": {"type": "LogStrings", "path": ["monitoring", "stdout"], "values": [{"value": "Accuracy: 0.7917050719261169", "step": null, "ts": 1667650956.8607163}]}, "version": 547}
{"obj": {"type": "LogStrings", "path": ["monitoring", "stdout"], "values": [{"value": "\n", "step": null, "ts": 1667650956.8630457}]}, "version": 548}
{"obj": {"type": "LogFloats", "path": ["training", "train_acc_epoch"], "values": [{"value": 0.7917050719261169, "step": null, "ts": 1667650956.8724055}]}, "version": 549}
{"obj": {"type": "LogFloats", "path": ["training", "epoch"], "values": [{"value": 21.0, "step": null, "ts": 1667650956.8750582}]}, "version": 550}
{"obj": {"type": "LogFloats", "path": ["training", "train_acc_step"], "values": [{"value": 0.875, "step": null, "ts": 1667650957.3209422}]}, "version": 551}
{"obj": {"type": "LogFloats", "path": ["training", "train_loss"], "values": [{"value": 1.4266420602798462, "step": null, "ts": 1667650957.324371}]}, "version": 552}
{"obj": {"type": "LogFloats", "path": ["training", "epoch"], "values": [{"value": 22.0, "step": null, "ts": 1667650957.3271403}]}, "version": 553}
{"obj": {"type": "LogFloats", "path": ["training", "train_acc_step"], "values": [{"value": 0.8125, "step": null, "ts": 1667650957.594117}]}, "version": 554}
{"obj": {"type": "LogFloats", "path": ["training", "train_loss"], "values": [{"value": 1.4324231147766113, "step": null, "ts": 1667650957.5971234}]}, "version": 555}
{"obj": {"type": "LogFloats", "path": ["training", "epoch"], "values": [{"value": 22.0, "step": null, "ts": 1667650957.5999398}]}, "version": 556}
{"obj": {"type": "LogFloats", "path": ["training", "train_acc_step"], "values": [{"value": 0.875, "step": null, "ts": 1667650957.8728824}]}, "version": 557}
{"obj": {"type": "LogFloats", "path": ["training", "train_loss"], "values": [{"value": 1.4262498617172241, "step": null, "ts": 1667650957.8761585}]}, "version": 558}
{"obj": {"type": "LogFloats", "path": ["training", "epoch"], "values": [{"value": 22.0, "step": null, "ts": 1667650957.8789327}]}, "version": 559}
{"obj": {"type": "LogFloats", "path": ["training", "train_acc_step"], "values": [{"value": 0.78125, "step": null, "ts": 1667650958.146614}]}, "version": 560}
{"obj": {"type": "LogFloats", "path": ["training", "train_loss"], "values": [{"value": 1.4359238147735596, "step": null, "ts": 1667650958.1498194}]}, "version": 561}
{"obj": {"type": "LogFloats", "path": ["training", "epoch"], "values": [{"value": 22.0, "step": null, "ts": 1667650958.1525636}]}, "version": 562}
{"obj": {"type": "LogStrings", "path": ["monitoring", "stdout"], "values": [{"value": "{'progress_bar': {'val_loss': 1.4372111558914185}, 'log': {'val_loss': 1.4372111558914185}, 'val_loss': 1.4372111558914185}", "step": null, "ts": 1667650958.8930686}]}, "version": 563}
{"obj": {"type": "LogStrings", "path": ["monitoring", "stdout"], "values": [{"value": "\n", "step": null, "ts": 1667650958.8967063}]}, "version": 564}
{"obj": {"type": "LogStrings", "path": ["monitoring", "stdout"], "values": [{"value": "Accuracy: 0.7894150614738464", "step": null, "ts": 1667650958.8998313}]}, "version": 565}
{"obj": {"type": "LogStrings", "path": ["monitoring", "stdout"], "values": [{"value": "\n", "step": null, "ts": 1667650958.902954}]}, "version": 566}
{"obj": {"type": "LogFloats", "path": ["training", "val_loss"], "values": [{"value": 1.4376449584960938, "step": null, "ts": 1667650958.9061837}]}, "version": 567}
{"obj": {"type": "LogFloats", "path": ["training", "val_acc_step"], "values": [{"value": 0.7894150614738464, "step": null, "ts": 1667650958.9090338}]}, "version": 568}
{"obj": {"type": "LogFloats", "path": ["training", "val_acc_epoch"], "values": [{"value": 0.7894150614738464, "step": null, "ts": 1667650958.9118078}]}, "version": 569}
{"obj": {"type": "LogFloats", "path": ["training", "epoch"], "values": [{"value": 22.0, "step": null, "ts": 1667650958.9144475}]}, "version": 570}
{"obj": {"type": "LogStrings", "path": ["monitoring", "stdout"], "values": [{"value": "Accuracy: 0.7911520600318909", "step": null, "ts": 1667650958.9197717}]}, "version": 571}
{"obj": {"type": "LogStrings", "path": ["monitoring", "stdout"], "values": [{"value": "\n", "step": null, "ts": 1667650958.922494}]}, "version": 572}
{"obj": {"type": "LogFloats", "path": ["training", "train_acc_epoch"], "values": [{"value": 0.7911520600318909, "step": null, "ts": 1667650958.9321716}]}, "version": 573}
{"obj": {"type": "LogFloats", "path": ["training", "epoch"], "values": [{"value": 22.0, "step": null, "ts": 1667650958.9353526}]}, "version": 574}
{"obj": {"type": "LogFloats", "path": ["training", "train_acc_step"], "values": [{"value": 0.84375, "step": null, "ts": 1667650959.567626}]}, "version": 575}
{"obj": {"type": "LogFloats", "path": ["training", "train_loss"], "values": [{"value": 1.4265551567077637, "step": null, "ts": 1667650959.5708127}]}, "version": 576}
{"obj": {"type": "LogFloats", "path": ["training", "epoch"], "values": [{"value": 23.0, "step": null, "ts": 1667650959.5737495}]}, "version": 577}
{"obj": {"type": "LogFloats", "path": ["training", "train_acc_step"], "values": [{"value": 0.65625, "step": null, "ts": 1667650959.842346}]}, "version": 578}
{"obj": {"type": "LogFloats", "path": ["training", "train_loss"], "values": [{"value": 1.4466025829315186, "step": null, "ts": 1667650959.8456357}]}, "version": 579}
{"obj": {"type": "LogFloats", "path": ["training", "epoch"], "values": [{"value": 23.0, "step": null, "ts": 1667650959.8489194}]}, "version": 580}
{"obj": {"type": "LogFloats", "path": ["training", "train_acc_step"], "values": [{"value": 0.8125, "step": null, "ts": 1667650960.1193175}]}, "version": 581}
{"obj": {"type": "LogFloats", "path": ["training", "train_loss"], "values": [{"value": 1.431069016456604, "step": null, "ts": 1667650960.1226764}]}, "version": 582}
{"obj": {"type": "LogFloats", "path": ["training", "epoch"], "values": [{"value": 23.0, "step": null, "ts": 1667650960.1256523}]}, "version": 583}
{"obj": {"type": "LogStrings", "path": ["monitoring", "stdout"], "values": [{"value": "{'progress_bar': {'val_loss': 1.4333562850952148}, 'log': {'val_loss': 1.4333562850952148}, 'val_loss': 1.4333562850952148}", "step": null, "ts": 1667650960.9680903}]}, "version": 584}
{"obj": {"type": "LogStrings", "path": ["monitoring", "stdout"], "values": [{"value": "\n", "step": null, "ts": 1667650960.9712968}]}, "version": 585}
{"obj": {"type": "LogStrings", "path": ["monitoring", "stdout"], "values": [{"value": "Accuracy: 0.7894150614738464", "step": null, "ts": 1667650960.9747424}]}, "version": 586}
{"obj": {"type": "LogStrings", "path": ["monitoring", "stdout"], "values": [{"value": "\n", "step": null, "ts": 1667650960.9777193}]}, "version": 587}
{"obj": {"type": "LogFloats", "path": ["training", "val_loss"], "values": [{"value": 1.433727502822876, "step": null, "ts": 1667650960.98124}]}, "version": 588}
{"obj": {"type": "LogFloats", "path": ["training", "val_acc_step"], "values": [{"value": 0.7894150614738464, "step": null, "ts": 1667650960.9843307}]}, "version": 589}
{"obj": {"type": "LogFloats", "path": ["training", "val_acc_epoch"], "values": [{"value": 0.7894150614738464, "step": null, "ts": 1667650960.9871047}]}, "version": 590}
{"obj": {"type": "LogFloats", "path": ["training", "epoch"], "values": [{"value": 23.0, "step": null, "ts": 1667650960.9898372}]}, "version": 591}
{"obj": {"type": "LogStrings", "path": ["monitoring", "stdout"], "values": [{"value": "Accuracy: 0.7915207147598267", "step": null, "ts": 1667650960.9954731}]}, "version": 592}
{"obj": {"type": "LogStrings", "path": ["monitoring", "stdout"], "values": [{"value": "\n", "step": null, "ts": 1667650960.99852}]}, "version": 593}
{"obj": {"type": "LogFloats", "path": ["training", "train_acc_epoch"], "values": [{"value": 0.7915207147598267, "step": null, "ts": 1667650961.0080132}]}, "version": 594}
{"obj": {"type": "LogFloats", "path": ["training", "epoch"], "values": [{"value": 23.0, "step": null, "ts": 1667650961.0109255}]}, "version": 595}
{"obj": {"type": "LogFloats", "path": ["monitoring", "cpu"], "values": [{"value": 18.7, "step": null, "ts": 1667650961.099415}]}, "version": 596}
{"obj": {"type": "LogFloats", "path": ["monitoring", "memory"], "values": [{"value": 9.704658508300781, "step": null, "ts": 1667650961.099415}]}, "version": 597}
{"obj": {"type": "LogFloats", "path": ["monitoring", "gpu_0"], "values": [{"value": 44.0, "step": null, "ts": 1667650961.099415}]}, "version": 598}
{"obj": {"type": "LogFloats", "path": ["monitoring", "gpu_memory_0"], "values": [{"value": 1.33013916015625, "step": null, "ts": 1667650961.099415}]}, "version": 599}
{"obj": {"type": "LogFloats", "path": ["monitoring", "gpu_memory_1"], "values": [{"value": 0.232177734375, "step": null, "ts": 1667650961.099415}]}, "version": 600}
{"obj": {"type": "AssignString", "path": ["training", "status"], "value": "success"}, "version": 601}
{"obj": {"type": "LogStrings", "path": ["monitoring", "stdout"], "values": [{"value": "Shutting down background jobs, please wait a moment...\n", "step": null, "ts": 1667650961.2015963}]}, "version": 602}
