{"obj": {"type": "AssignString", "path": ["sys", "name"], "value": "Untitled"}, "version": 1}
{"obj": {"type": "AssignString", "path": ["sys", "description"], "value": ""}, "version": 2}
{"obj": {"type": "AssignString", "path": ["sys", "hostname"], "value": "node6"}, "version": 3}
{"obj": {"type": "AssignBool", "path": ["sys", "failed"], "value": false}, "version": 4}
{"obj": {"type": "ClearStringLog", "path": ["monitoring", "stdout"]}, "version": 5}
{"obj": {"type": "ClearStringLog", "path": ["monitoring", "stderr"]}, "version": 6}
{"obj": {"type": "UploadFileSet", "path": ["source_code", "files"], "file_globs": ["/home/aron/BCM_activity_classification/train_model.ipynb", "/home/aron/BCM_activity_classification/model.py", "/home/aron/BCM_activity_classification/BCM_dataset_v2.py"], "reset": "False"}, "version": 7}
{"obj": {"type": "ConfigFloatSeries", "path": ["monitoring", "cpu"], "min": 0.0, "max": 100.0, "unit": "%"}, "version": 8}
{"obj": {"type": "ClearFloatLog", "path": ["monitoring", "cpu"]}, "version": 9}
{"obj": {"type": "ConfigFloatSeries", "path": ["monitoring", "memory"], "min": 0.0, "max": 62.711673736572266, "unit": "GB"}, "version": 10}
{"obj": {"type": "ClearFloatLog", "path": ["monitoring", "memory"]}, "version": 11}
{"obj": {"type": "ConfigFloatSeries", "path": ["monitoring", "gpu_0"], "min": 0.0, "max": 100.0, "unit": "%"}, "version": 12}
{"obj": {"type": "ClearFloatLog", "path": ["monitoring", "gpu_0"]}, "version": 13}
{"obj": {"type": "ConfigFloatSeries", "path": ["monitoring", "gpu_1"], "min": 0.0, "max": 100.0, "unit": "%"}, "version": 14}
{"obj": {"type": "ClearFloatLog", "path": ["monitoring", "gpu_1"]}, "version": 15}
{"obj": {"type": "ConfigFloatSeries", "path": ["monitoring", "gpu_memory_0"], "min": 0.0, "max": 12.0, "unit": "GB"}, "version": 16}
{"obj": {"type": "ClearFloatLog", "path": ["monitoring", "gpu_memory_0"]}, "version": 17}
{"obj": {"type": "ConfigFloatSeries", "path": ["monitoring", "gpu_memory_1"], "min": 0.0, "max": 12.0, "unit": "GB"}, "version": 18}
{"obj": {"type": "ClearFloatLog", "path": ["monitoring", "gpu_memory_1"]}, "version": 19}
{"obj": {"type": "LogStrings", "path": ["monitoring", "stdout"], "values": [{"value": "", "step": null, "ts": 1668463214.497621}]}, "version": 20}
{"obj": {"type": "LogFloats", "path": ["monitoring", "cpu"], "values": [{"value": 8.3, "step": null, "ts": 1668463214.4958663}]}, "version": 21}
{"obj": {"type": "LogStrings", "path": ["monitoring", "stdout"], "values": [{"value": "Remember to stop your run once you\u2019ve finished logging your metadata (https://docs.neptune.ai/api-reference/run#.stop). It will be stopped automatically only when the notebook kernel/interactive console is terminated.\n", "step": null, "ts": 1668463214.5026083}]}, "version": 22}
{"obj": {"type": "LogFloats", "path": ["monitoring", "memory"], "values": [{"value": 5.540531158447266, "step": null, "ts": 1668463214.4958663}]}, "version": 23}
{"obj": {"type": "LogFloats", "path": ["monitoring", "gpu_memory_0"], "values": [{"value": 1.33013916015625, "step": null, "ts": 1668463214.4958663}]}, "version": 24}
{"obj": {"type": "LogFloats", "path": ["monitoring", "gpu_memory_1"], "values": [{"value": 0.232177734375, "step": null, "ts": 1668463214.4958663}]}, "version": 25}
{"obj": {"type": "AssignString", "path": ["source_code", "integrations", "pytorch-lightning"], "value": "1.7.5"}, "version": 26}
{"obj": {"type": "LogStrings", "path": ["metadata", "file_path"], "values": [{"value": "['bcm_behaviour_data_multi_subject/subject2/2022-11-09_14-34-16', 'bcm_behaviour_data_multi_subject/subject2/2022-11-09_14-52-7', 'bcm_behaviour_data_multi_subject/subject2/2022-11-09_14-15-6', 'bcm_behaviour_data_multi_subject/subject2/2022-11-09_13-56-0', 'bcm_behaviour_data_multi_subject/subject3/2022-11-09_15-47-1', 'bcm_behaviour_data_multi_subject/subject3/2022-11-09_16-26-13', 'bcm_behaviour_data_multi_subject/subject3/2022-11-09_15-27-14', 'bcm_behaviour_data_multi_subject/subject3/2022-11-09_16-7-9']", "step": null, "ts": 1668463215.2005098}, {"value": "['bcm_behaviour_data_multi_subject/subject1/2022-09-20_15-38-11'\n 'bcm_behaviour_data_multi_subject/subject1/2022-09-20_14-58-39'\n 'bcm_behaviour_data_multi_subject/subject1/2022-09-20_15-57-37']", "step": null, "ts": 1668463215.2005098}, {"value": "['bcm_behaviour_data_multi_subject/subject1/2022-09-20_15-18-27']", "step": null, "ts": 1668463215.2005098}]}, "version": 27}
{"obj": {"type": "LogFloats", "path": ["metadata", "window_size"], "values": [{"value": 3.0, "step": null, "ts": 1668463215.2041562}]}, "version": 28}
{"obj": {"type": "LogFloats", "path": ["metadata", "stride"], "values": [{"value": 1.0, "step": null, "ts": 1668463215.2078426}]}, "version": 29}
{"obj": {"type": "LogFloats", "path": ["metadata", "MFCC_stride"], "values": [{"value": 0.032, "step": null, "ts": 1668463215.2116697}]}, "version": 30}
{"obj": {"type": "LogFloats", "path": ["metadata", "mfccs_pr_window"], "values": [{"value": 93.0, "step": null, "ts": 1668463215.2155669}]}, "version": 31}
{"obj": {"type": "LogFloats", "path": ["metadata", "lr"], "values": [{"value": 0.001, "step": null, "ts": 1668463215.2191925}]}, "version": 32}
{"obj": {"type": "LogFloats", "path": ["metadata", "batch_size"], "values": [{"value": 32.0, "step": null, "ts": 1668463215.2222116}]}, "version": 33}
{"obj": {"type": "LogFloats", "path": ["metadata", "lstm_layers"], "values": [{"value": 1.0, "step": null, "ts": 1668463215.225067}]}, "version": 34}
{"obj": {"type": "LogFloats", "path": ["metadata", "lstm_hidden_size"], "values": [{"value": 128.0, "step": null, "ts": 1668463215.2278054}]}, "version": 35}
{"obj": {"type": "LogFloats", "path": ["metadata", "weight_decay"], "values": [{"value": 0.0, "step": null, "ts": 1668463215.2304657}]}, "version": 36}
{"obj": {"type": "LogFloats", "path": ["metadata", "occlusion"], "values": [{"value": 0.0, "step": null, "ts": 1668463215.2333508}]}, "version": 37}
{"obj": {"type": "LogFloats", "path": ["metadata", "seed"], "values": [{"value": 100.0, "step": null, "ts": 1668463215.2360783}]}, "version": 38}
{"obj": {"type": "LogFloats", "path": ["metadata", "train_set_length"], "values": [{"value": 14360.0, "step": null, "ts": 1668463215.2387724}]}, "version": 39}
{"obj": {"type": "LogFloats", "path": ["metadata", "val_set_length"], "values": [{"value": 5385.0, "step": null, "ts": 1668463215.2416592}]}, "version": 40}
{"obj": {"type": "LogStrings", "path": ["monitoring", "stderr"], "values": [{"value": "/home/aron/.local/lib/python3.9/site-packages/pytorch_lightning/core/module.py:555: UserWarning: To copy construct from a tensor, it is recommended to use sourceTensor.clone().detach() or sourceTensor.clone().detach().requires_grad_(True), rather than torch.tensor(sourceTensor).\n  value = torch.tensor(value, device=self.device)\n", "step": null, "ts": 1668463215.5308142}]}, "version": 41}
{"obj": {"type": "LogStrings", "path": ["monitoring", "stdout"], "values": [{"value": "{'progress_bar': {'val_loss': 1.6103551387786865}, 'log': {'val_loss': 1.6103551387786865}, 'val_loss': 1.6103551387786865}", "step": null, "ts": 1668463215.5425975}]}, "version": 42}
{"obj": {"type": "LogStrings", "path": ["monitoring", "stdout"], "values": [{"value": "\n", "step": null, "ts": 1668463215.5456104}]}, "version": 43}
{"obj": {"type": "LogStrings", "path": ["monitoring", "stdout"], "values": [{"value": "Accuracy: 0.015625", "step": null, "ts": 1668463215.5490348}]}, "version": 44}
{"obj": {"type": "LogStrings", "path": ["monitoring", "stdout"], "values": [{"value": "\n", "step": null, "ts": 1668463215.5517874}]}, "version": 45}
{"obj": {"type": "LogFloats", "path": ["training", "train_acc_step"], "values": [{"value": 0.6875, "step": null, "ts": 1668463216.046672}]}, "version": 46}
{"obj": {"type": "LogFloats", "path": ["training", "train_loss"], "values": [{"value": 1.4950337409973145, "step": null, "ts": 1668463216.0500848}]}, "version": 47}
{"obj": {"type": "LogFloats", "path": ["training", "epoch"], "values": [{"value": 0.0, "step": null, "ts": 1668463216.0529418}]}, "version": 48}
{"obj": {"type": "LogFloats", "path": ["training", "train_acc_step"], "values": [{"value": 0.75, "step": null, "ts": 1668463216.3121777}]}, "version": 49}
{"obj": {"type": "LogFloats", "path": ["training", "train_loss"], "values": [{"value": 1.4827864170074463, "step": null, "ts": 1668463216.315441}]}, "version": 50}
{"obj": {"type": "LogFloats", "path": ["training", "epoch"], "values": [{"value": 0.0, "step": null, "ts": 1668463216.318368}]}, "version": 51}
{"obj": {"type": "LogFloats", "path": ["training", "train_acc_step"], "values": [{"value": 0.78125, "step": null, "ts": 1668463216.5781374}]}, "version": 52}
{"obj": {"type": "LogFloats", "path": ["training", "train_loss"], "values": [{"value": 1.4678884744644165, "step": null, "ts": 1668463216.581088}]}, "version": 53}
{"obj": {"type": "LogFloats", "path": ["training", "epoch"], "values": [{"value": 0.0, "step": null, "ts": 1668463216.5837934}]}, "version": 54}
{"obj": {"type": "LogFloats", "path": ["training", "train_acc_step"], "values": [{"value": 0.65625, "step": null, "ts": 1668463216.8463125}]}, "version": 55}
{"obj": {"type": "LogFloats", "path": ["training", "train_loss"], "values": [{"value": 1.4728928804397583, "step": null, "ts": 1668463216.8494172}]}, "version": 56}
{"obj": {"type": "LogFloats", "path": ["training", "epoch"], "values": [{"value": 0.0, "step": null, "ts": 1668463216.8521414}]}, "version": 57}
{"obj": {"type": "LogFloats", "path": ["training", "train_acc_step"], "values": [{"value": 0.59375, "step": null, "ts": 1668463217.115933}]}, "version": 58}
{"obj": {"type": "LogFloats", "path": ["training", "train_loss"], "values": [{"value": 1.4699225425720215, "step": null, "ts": 1668463217.1192923}]}, "version": 59}
{"obj": {"type": "LogFloats", "path": ["training", "epoch"], "values": [{"value": 0.0, "step": null, "ts": 1668463217.1221123}]}, "version": 60}
{"obj": {"type": "LogFloats", "path": ["training", "train_acc_step"], "values": [{"value": 0.8125, "step": null, "ts": 1668463217.3862212}]}, "version": 61}
{"obj": {"type": "LogFloats", "path": ["training", "train_loss"], "values": [{"value": 1.462418794631958, "step": null, "ts": 1668463217.3890982}]}, "version": 62}
{"obj": {"type": "LogFloats", "path": ["training", "epoch"], "values": [{"value": 0.0, "step": null, "ts": 1668463217.3917384}]}, "version": 63}
{"obj": {"type": "LogFloats", "path": ["training", "train_acc_step"], "values": [{"value": 0.78125, "step": null, "ts": 1668463217.6539817}]}, "version": 64}
{"obj": {"type": "LogFloats", "path": ["training", "train_loss"], "values": [{"value": 1.456087589263916, "step": null, "ts": 1668463217.6571202}]}, "version": 65}
{"obj": {"type": "LogFloats", "path": ["training", "epoch"], "values": [{"value": 0.0, "step": null, "ts": 1668463217.6598735}]}, "version": 66}
{"obj": {"type": "LogFloats", "path": ["training", "train_acc_step"], "values": [{"value": 0.71875, "step": null, "ts": 1668463217.9218178}]}, "version": 67}
{"obj": {"type": "LogFloats", "path": ["training", "train_loss"], "values": [{"value": 1.4507091045379639, "step": null, "ts": 1668463217.9250786}]}, "version": 68}
{"obj": {"type": "LogFloats", "path": ["training", "epoch"], "values": [{"value": 0.0, "step": null, "ts": 1668463217.9282317}]}, "version": 69}
{"obj": {"type": "LogStrings", "path": ["monitoring", "stdout"], "values": [{"value": "{'progress_bar': {'val_loss': 1.4601227045059204}, 'log': {'val_loss': 1.4601227045059204}, 'val_loss': 1.4601227045059204}", "step": null, "ts": 1668463219.278063}]}, "version": 70}
{"obj": {"type": "LogStrings", "path": ["monitoring", "stdout"], "values": [{"value": "\n", "step": null, "ts": 1668463219.2813473}]}, "version": 71}
{"obj": {"type": "LogStrings", "path": ["monitoring", "stdout"], "values": [{"value": "Accuracy: 0.7708449363708496", "step": null, "ts": 1668463219.2841504}]}, "version": 72}
{"obj": {"type": "LogStrings", "path": ["monitoring", "stdout"], "values": [{"value": "\n", "step": null, "ts": 1668463219.2866657}]}, "version": 73}
{"obj": {"type": "LogFloats", "path": ["training", "val_loss"], "values": [{"value": 1.460330843925476, "step": null, "ts": 1668463219.2897887}]}, "version": 74}
{"obj": {"type": "LogFloats", "path": ["training", "val_acc_step"], "values": [{"value": 0.7708449363708496, "step": null, "ts": 1668463219.2923617}]}, "version": 75}
{"obj": {"type": "LogFloats", "path": ["training", "val_acc_epoch"], "values": [{"value": 0.7708449363708496, "step": null, "ts": 1668463219.294748}]}, "version": 76}
{"obj": {"type": "LogFloats", "path": ["training", "epoch"], "values": [{"value": 0.0, "step": null, "ts": 1668463219.2972915}]}, "version": 77}
{"obj": {"type": "LogStrings", "path": ["monitoring", "stdout"], "values": [{"value": "Accuracy: 0.7252785563468933", "step": null, "ts": 1668463219.304431}]}, "version": 78}
{"obj": {"type": "LogStrings", "path": ["monitoring", "stdout"], "values": [{"value": "\n", "step": null, "ts": 1668463219.307148}]}, "version": 79}
{"obj": {"type": "AssignString", "path": ["training", "model", "best_model_path"], "value": "/home/aron/BCM_activity_classification/checkpoints/latest_checkpoint-v12.ckpt"}, "version": 80}
{"obj": {"type": "UploadFile", "path": ["training", "model", "checkpoints", "latest_checkpoint-v12"], "ext": "ckpt", "file_path": "/home/aron/BCM_activity_classification/checkpoints/latest_checkpoint-v12.ckpt"}, "version": 81}
{"obj": {"type": "LogFloats", "path": ["training", "train_acc_epoch"], "values": [{"value": 0.7252785563468933, "step": null, "ts": 1668463219.3385167}]}, "version": 82}
{"obj": {"type": "LogFloats", "path": ["training", "epoch"], "values": [{"value": 0.0, "step": null, "ts": 1668463219.3408568}]}, "version": 83}
{"obj": {"type": "LogFloats", "path": ["training", "train_acc_step"], "values": [{"value": 0.6875, "step": null, "ts": 1668463219.6649833}]}, "version": 84}
{"obj": {"type": "LogFloats", "path": ["training", "train_loss"], "values": [{"value": 1.468514084815979, "step": null, "ts": 1668463219.667588}]}, "version": 85}
{"obj": {"type": "LogFloats", "path": ["training", "epoch"], "values": [{"value": 1.0, "step": null, "ts": 1668463219.6701083}]}, "version": 86}
{"obj": {"type": "LogFloats", "path": ["training", "train_acc_step"], "values": [{"value": 0.75, "step": null, "ts": 1668463219.9378226}]}, "version": 87}
{"obj": {"type": "LogFloats", "path": ["training", "train_loss"], "values": [{"value": 1.4693210124969482, "step": null, "ts": 1668463219.9407392}]}, "version": 88}
{"obj": {"type": "LogFloats", "path": ["training", "epoch"], "values": [{"value": 1.0, "step": null, "ts": 1668463219.9431918}]}, "version": 89}
{"obj": {"type": "LogFloats", "path": ["training", "train_acc_step"], "values": [{"value": 0.90625, "step": null, "ts": 1668463220.2149937}]}, "version": 90}
{"obj": {"type": "LogFloats", "path": ["training", "train_loss"], "values": [{"value": 1.4572945833206177, "step": null, "ts": 1668463220.21731}]}, "version": 91}
{"obj": {"type": "LogFloats", "path": ["training", "epoch"], "values": [{"value": 1.0, "step": null, "ts": 1668463220.2196012}]}, "version": 92}
{"obj": {"type": "LogFloats", "path": ["training", "train_acc_step"], "values": [{"value": 0.75, "step": null, "ts": 1668463220.4880552}]}, "version": 93}
{"obj": {"type": "LogFloats", "path": ["training", "train_loss"], "values": [{"value": 1.4582421779632568, "step": null, "ts": 1668463220.4905534}]}, "version": 94}
{"obj": {"type": "LogFloats", "path": ["training", "epoch"], "values": [{"value": 1.0, "step": null, "ts": 1668463220.4927855}]}, "version": 95}
{"obj": {"type": "LogFloats", "path": ["training", "train_acc_step"], "values": [{"value": 0.75, "step": null, "ts": 1668463220.7589703}]}, "version": 96}
{"obj": {"type": "LogFloats", "path": ["training", "train_loss"], "values": [{"value": 1.4662249088287354, "step": null, "ts": 1668463220.7615678}]}, "version": 97}
{"obj": {"type": "LogFloats", "path": ["training", "epoch"], "values": [{"value": 1.0, "step": null, "ts": 1668463220.7641194}]}, "version": 98}
{"obj": {"type": "LogFloats", "path": ["training", "train_acc_step"], "values": [{"value": 0.875, "step": null, "ts": 1668463221.0354793}]}, "version": 99}
{"obj": {"type": "LogFloats", "path": ["training", "train_loss"], "values": [{"value": 1.448707103729248, "step": null, "ts": 1668463221.0378685}]}, "version": 100}
{"obj": {"type": "LogFloats", "path": ["training", "epoch"], "values": [{"value": 1.0, "step": null, "ts": 1668463221.0401902}]}, "version": 101}
{"obj": {"type": "LogFloats", "path": ["training", "train_acc_step"], "values": [{"value": 0.78125, "step": null, "ts": 1668463221.322047}]}, "version": 102}
{"obj": {"type": "LogFloats", "path": ["training", "train_loss"], "values": [{"value": 1.450630784034729, "step": null, "ts": 1668463221.3254557}]}, "version": 103}
{"obj": {"type": "LogFloats", "path": ["training", "epoch"], "values": [{"value": 1.0, "step": null, "ts": 1668463221.3279295}]}, "version": 104}
{"obj": {"type": "LogFloats", "path": ["training", "train_acc_step"], "values": [{"value": 0.65625, "step": null, "ts": 1668463221.594631}]}, "version": 105}
{"obj": {"type": "LogFloats", "path": ["training", "train_loss"], "values": [{"value": 1.4627487659454346, "step": null, "ts": 1668463221.5967844}]}, "version": 106}
{"obj": {"type": "LogFloats", "path": ["training", "epoch"], "values": [{"value": 1.0, "step": null, "ts": 1668463221.5986478}]}, "version": 107}
{"obj": {"type": "LogFloats", "path": ["training", "train_acc_step"], "values": [{"value": 0.78125, "step": null, "ts": 1668463221.8688467}]}, "version": 108}
{"obj": {"type": "LogFloats", "path": ["training", "train_loss"], "values": [{"value": 1.4529759883880615, "step": null, "ts": 1668463221.8712595}]}, "version": 109}
{"obj": {"type": "LogFloats", "path": ["training", "epoch"], "values": [{"value": 1.0, "step": null, "ts": 1668463221.87352}]}, "version": 110}
{"obj": {"type": "LogStrings", "path": ["monitoring", "stdout"], "values": [{"value": "{'progress_bar': {'val_loss': 1.45455801486969}, 'log': {'val_loss': 1.45455801486969}, 'val_loss': 1.45455801486969}", "step": null, "ts": 1668463223.2188501}]}, "version": 111}
{"obj": {"type": "LogStrings", "path": ["monitoring", "stdout"], "values": [{"value": "\n", "step": null, "ts": 1668463223.2214727}]}, "version": 112}
{"obj": {"type": "LogStrings", "path": ["monitoring", "stdout"], "values": [{"value": "Accuracy: 0.7831012010574341", "step": null, "ts": 1668463223.2241535}]}, "version": 113}
{"obj": {"type": "LogStrings", "path": ["monitoring", "stdout"], "values": [{"value": "\n", "step": null, "ts": 1668463223.2264812}]}, "version": 114}
{"obj": {"type": "LogFloats", "path": ["training", "val_loss"], "values": [{"value": 1.454743504524231, "step": null, "ts": 1668463223.2292407}]}, "version": 115}
{"obj": {"type": "LogFloats", "path": ["training", "val_acc_step"], "values": [{"value": 0.7831012010574341, "step": null, "ts": 1668463223.2315595}]}, "version": 116}
{"obj": {"type": "LogFloats", "path": ["training", "val_acc_epoch"], "values": [{"value": 0.7831012010574341, "step": null, "ts": 1668463223.2341647}]}, "version": 117}
{"obj": {"type": "LogFloats", "path": ["training", "epoch"], "values": [{"value": 1.0, "step": null, "ts": 1668463223.236849}]}, "version": 118}
{"obj": {"type": "LogStrings", "path": ["monitoring", "stdout"], "values": [{"value": "Accuracy: 0.7633704543113708", "step": null, "ts": 1668463223.2436013}]}, "version": 119}
{"obj": {"type": "LogStrings", "path": ["monitoring", "stdout"], "values": [{"value": "\n", "step": null, "ts": 1668463223.2462807}]}, "version": 120}
{"obj": {"type": "AssignString", "path": ["training", "model", "best_model_path"], "value": "/home/aron/BCM_activity_classification/checkpoints/latest_checkpoint-v13.ckpt"}, "version": 121}
{"obj": {"type": "UploadFile", "path": ["training", "model", "checkpoints", "latest_checkpoint-v13"], "ext": "ckpt", "file_path": "/home/aron/BCM_activity_classification/checkpoints/latest_checkpoint-v13.ckpt"}, "version": 122}
{"obj": {"type": "DeleteAttribute", "path": ["training", "model", "checkpoints", "latest_checkpoint-v12"]}, "version": 123}
{"obj": {"type": "LogFloats", "path": ["training", "train_acc_epoch"], "values": [{"value": 0.7633704543113708, "step": null, "ts": 1668463223.2826786}]}, "version": 124}
{"obj": {"type": "LogFloats", "path": ["training", "epoch"], "values": [{"value": 1.0, "step": null, "ts": 1668463223.2850506}]}, "version": 125}
{"obj": {"type": "LogFloats", "path": ["training", "train_acc_step"], "values": [{"value": 0.625, "step": null, "ts": 1668463223.6134832}]}, "version": 126}
{"obj": {"type": "LogFloats", "path": ["training", "train_loss"], "values": [{"value": 1.457858681678772, "step": null, "ts": 1668463223.6166513}]}, "version": 127}
{"obj": {"type": "LogFloats", "path": ["training", "epoch"], "values": [{"value": 2.0, "step": null, "ts": 1668463223.6193376}]}, "version": 128}
{"obj": {"type": "LogFloats", "path": ["training", "train_acc_step"], "values": [{"value": 0.8125, "step": null, "ts": 1668463223.884135}]}, "version": 129}
{"obj": {"type": "LogFloats", "path": ["training", "train_loss"], "values": [{"value": 1.446286916732788, "step": null, "ts": 1668463223.8872602}]}, "version": 130}
{"obj": {"type": "LogFloats", "path": ["training", "epoch"], "values": [{"value": 2.0, "step": null, "ts": 1668463223.8900347}]}, "version": 131}
{"obj": {"type": "LogFloats", "path": ["training", "train_acc_step"], "values": [{"value": 0.8125, "step": null, "ts": 1668463224.156346}]}, "version": 132}
{"obj": {"type": "LogFloats", "path": ["training", "train_loss"], "values": [{"value": 1.4387516975402832, "step": null, "ts": 1668463224.1591852}]}, "version": 133}
{"obj": {"type": "LogFloats", "path": ["training", "epoch"], "values": [{"value": 2.0, "step": null, "ts": 1668463224.1617393}]}, "version": 134}
{"obj": {"type": "LogFloats", "path": ["training", "train_acc_step"], "values": [{"value": 0.625, "step": null, "ts": 1668463224.427198}]}, "version": 135}
{"obj": {"type": "LogFloats", "path": ["training", "train_loss"], "values": [{"value": 1.4700592756271362, "step": null, "ts": 1668463224.4303112}]}, "version": 136}
{"obj": {"type": "LogFloats", "path": ["training", "epoch"], "values": [{"value": 2.0, "step": null, "ts": 1668463224.4329908}]}, "version": 137}
{"obj": {"type": "LogFloats", "path": ["monitoring", "cpu"], "values": [{"value": 12.8, "step": null, "ts": 1668463224.5122757}]}, "version": 138}
{"obj": {"type": "LogFloats", "path": ["monitoring", "memory"], "values": [{"value": 5.855098724365234, "step": null, "ts": 1668463224.5122757}]}, "version": 139}
{"obj": {"type": "LogFloats", "path": ["monitoring", "gpu_0"], "values": [{"value": 45.0, "step": null, "ts": 1668463224.5122757}]}, "version": 140}
{"obj": {"type": "LogFloats", "path": ["monitoring", "gpu_memory_0"], "values": [{"value": 1.46685791015625, "step": null, "ts": 1668463224.5122757}]}, "version": 141}
{"obj": {"type": "LogFloats", "path": ["monitoring", "gpu_memory_1"], "values": [{"value": 0.232177734375, "step": null, "ts": 1668463224.5122757}]}, "version": 142}
{"obj": {"type": "LogFloats", "path": ["training", "train_acc_step"], "values": [{"value": 0.78125, "step": null, "ts": 1668463224.7024522}]}, "version": 143}
{"obj": {"type": "LogFloats", "path": ["training", "train_loss"], "values": [{"value": 1.4476442337036133, "step": null, "ts": 1668463224.7054698}]}, "version": 144}
{"obj": {"type": "LogFloats", "path": ["training", "epoch"], "values": [{"value": 2.0, "step": null, "ts": 1668463224.7080712}]}, "version": 145}
{"obj": {"type": "LogFloats", "path": ["training", "train_acc_step"], "values": [{"value": 0.78125, "step": null, "ts": 1668463224.9734857}]}, "version": 146}
{"obj": {"type": "LogFloats", "path": ["training", "train_loss"], "values": [{"value": 1.4478251934051514, "step": null, "ts": 1668463224.9766417}]}, "version": 147}
{"obj": {"type": "LogFloats", "path": ["training", "epoch"], "values": [{"value": 2.0, "step": null, "ts": 1668463224.9797845}]}, "version": 148}
{"obj": {"type": "LogFloats", "path": ["training", "train_acc_step"], "values": [{"value": 0.75, "step": null, "ts": 1668463225.245501}]}, "version": 149}
{"obj": {"type": "LogFloats", "path": ["training", "train_loss"], "values": [{"value": 1.4435315132141113, "step": null, "ts": 1668463225.2487123}]}, "version": 150}
{"obj": {"type": "LogFloats", "path": ["training", "epoch"], "values": [{"value": 2.0, "step": null, "ts": 1668463225.251669}]}, "version": 151}
{"obj": {"type": "LogFloats", "path": ["training", "train_acc_step"], "values": [{"value": 0.8125, "step": null, "ts": 1668463225.5175107}]}, "version": 152}
{"obj": {"type": "LogFloats", "path": ["training", "train_loss"], "values": [{"value": 1.4433813095092773, "step": null, "ts": 1668463225.520648}]}, "version": 153}
{"obj": {"type": "LogFloats", "path": ["training", "epoch"], "values": [{"value": 2.0, "step": null, "ts": 1668463225.523641}]}, "version": 154}
{"obj": {"type": "LogFloats", "path": ["training", "train_acc_step"], "values": [{"value": 0.78125, "step": null, "ts": 1668463225.794233}]}, "version": 155}
{"obj": {"type": "LogFloats", "path": ["training", "train_loss"], "values": [{"value": 1.4459220170974731, "step": null, "ts": 1668463225.7967901}]}, "version": 156}
{"obj": {"type": "LogFloats", "path": ["training", "epoch"], "values": [{"value": 2.0, "step": null, "ts": 1668463225.7993078}]}, "version": 157}
{"obj": {"type": "LogStrings", "path": ["monitoring", "stdout"], "values": [{"value": "{'progress_bar': {'val_loss': 1.4530633687973022}, 'log': {'val_loss': 1.4530633687973022}, 'val_loss': 1.4530633687973022}", "step": null, "ts": 1668463227.1535907}]}, "version": 158}
{"obj": {"type": "LogStrings", "path": ["monitoring", "stdout"], "values": [{"value": "\n", "step": null, "ts": 1668463227.156617}]}, "version": 159}
{"obj": {"type": "LogStrings", "path": ["monitoring", "stdout"], "values": [{"value": "Accuracy: 0.7786443829536438", "step": null, "ts": 1668463227.1594276}]}, "version": 160}
{"obj": {"type": "LogStrings", "path": ["monitoring", "stdout"], "values": [{"value": "\n", "step": null, "ts": 1668463227.1619306}]}, "version": 161}
{"obj": {"type": "LogFloats", "path": ["training", "val_loss"], "values": [{"value": 1.4532430171966553, "step": null, "ts": 1668463227.165159}]}, "version": 162}
{"obj": {"type": "LogFloats", "path": ["training", "val_acc_step"], "values": [{"value": 0.7786443829536438, "step": null, "ts": 1668463227.1675766}]}, "version": 163}
{"obj": {"type": "LogFloats", "path": ["training", "val_acc_epoch"], "values": [{"value": 0.7786443829536438, "step": null, "ts": 1668463227.1700099}]}, "version": 164}
{"obj": {"type": "LogFloats", "path": ["training", "epoch"], "values": [{"value": 2.0, "step": null, "ts": 1668463227.1724355}]}, "version": 165}
{"obj": {"type": "LogStrings", "path": ["monitoring", "stdout"], "values": [{"value": "Accuracy: 0.765668511390686", "step": null, "ts": 1668463227.1790044}]}, "version": 166}
{"obj": {"type": "LogStrings", "path": ["monitoring", "stdout"], "values": [{"value": "\n", "step": null, "ts": 1668463227.1814113}]}, "version": 167}
{"obj": {"type": "AssignString", "path": ["training", "model", "best_model_path"], "value": "/home/aron/BCM_activity_classification/checkpoints/latest_checkpoint-v12.ckpt"}, "version": 168}
{"obj": {"type": "UploadFile", "path": ["training", "model", "checkpoints", "latest_checkpoint-v12"], "ext": "ckpt", "file_path": "/home/aron/BCM_activity_classification/checkpoints/latest_checkpoint-v12.ckpt"}, "version": 169}
{"obj": {"type": "DeleteAttribute", "path": ["training", "model", "checkpoints", "latest_checkpoint-v13"]}, "version": 170}
{"obj": {"type": "LogFloats", "path": ["training", "train_acc_epoch"], "values": [{"value": 0.765668511390686, "step": null, "ts": 1668463227.2165568}]}, "version": 171}
{"obj": {"type": "LogFloats", "path": ["training", "epoch"], "values": [{"value": 2.0, "step": null, "ts": 1668463227.2188225}]}, "version": 172}
{"obj": {"type": "LogFloats", "path": ["training", "train_acc_step"], "values": [{"value": 0.84375, "step": null, "ts": 1668463227.5390522}]}, "version": 173}
{"obj": {"type": "LogFloats", "path": ["training", "train_loss"], "values": [{"value": 1.4336297512054443, "step": null, "ts": 1668463227.5420785}]}, "version": 174}
{"obj": {"type": "LogFloats", "path": ["training", "epoch"], "values": [{"value": 3.0, "step": null, "ts": 1668463227.5445688}]}, "version": 175}
{"obj": {"type": "LogFloats", "path": ["training", "train_acc_step"], "values": [{"value": 0.8125, "step": null, "ts": 1668463227.8058693}]}, "version": 176}
{"obj": {"type": "LogFloats", "path": ["training", "train_loss"], "values": [{"value": 1.4464635848999023, "step": null, "ts": 1668463227.8093333}]}, "version": 177}
{"obj": {"type": "LogFloats", "path": ["training", "epoch"], "values": [{"value": 3.0, "step": null, "ts": 1668463227.8124413}]}, "version": 178}
{"obj": {"type": "LogFloats", "path": ["training", "train_acc_step"], "values": [{"value": 0.78125, "step": null, "ts": 1668463228.0886006}]}, "version": 179}
{"obj": {"type": "LogFloats", "path": ["training", "train_loss"], "values": [{"value": 1.440929651260376, "step": null, "ts": 1668463228.0917113}]}, "version": 180}
{"obj": {"type": "LogFloats", "path": ["training", "epoch"], "values": [{"value": 3.0, "step": null, "ts": 1668463228.0943146}]}, "version": 181}
{"obj": {"type": "LogFloats", "path": ["training", "train_acc_step"], "values": [{"value": 0.78125, "step": null, "ts": 1668463228.378107}]}, "version": 182}
{"obj": {"type": "LogFloats", "path": ["training", "train_loss"], "values": [{"value": 1.4498372077941895, "step": null, "ts": 1668463228.381096}]}, "version": 183}
{"obj": {"type": "LogFloats", "path": ["training", "epoch"], "values": [{"value": 3.0, "step": null, "ts": 1668463228.3841178}]}, "version": 184}
{"obj": {"type": "LogFloats", "path": ["training", "train_acc_step"], "values": [{"value": 0.8125, "step": null, "ts": 1668463228.6663454}]}, "version": 185}
{"obj": {"type": "LogFloats", "path": ["training", "train_loss"], "values": [{"value": 1.4350671768188477, "step": null, "ts": 1668463228.6694505}]}, "version": 186}
{"obj": {"type": "LogFloats", "path": ["training", "epoch"], "values": [{"value": 3.0, "step": null, "ts": 1668463228.672184}]}, "version": 187}
{"obj": {"type": "LogFloats", "path": ["training", "train_acc_step"], "values": [{"value": 0.84375, "step": null, "ts": 1668463228.9504447}]}, "version": 188}
{"obj": {"type": "LogFloats", "path": ["training", "train_loss"], "values": [{"value": 1.447746753692627, "step": null, "ts": 1668463228.953653}]}, "version": 189}
{"obj": {"type": "LogFloats", "path": ["training", "epoch"], "values": [{"value": 3.0, "step": null, "ts": 1668463228.9566913}]}, "version": 190}
{"obj": {"type": "LogFloats", "path": ["training", "train_acc_step"], "values": [{"value": 0.71875, "step": null, "ts": 1668463229.2285962}]}, "version": 191}
{"obj": {"type": "LogFloats", "path": ["training", "train_loss"], "values": [{"value": 1.4625097513198853, "step": null, "ts": 1668463229.231845}]}, "version": 192}
{"obj": {"type": "LogFloats", "path": ["training", "epoch"], "values": [{"value": 3.0, "step": null, "ts": 1668463229.2347496}]}, "version": 193}
{"obj": {"type": "LogFloats", "path": ["training", "train_acc_step"], "values": [{"value": 0.65625, "step": null, "ts": 1668463229.5059664}]}, "version": 194}
{"obj": {"type": "LogFloats", "path": ["training", "train_loss"], "values": [{"value": 1.4535781145095825, "step": null, "ts": 1668463229.5090997}]}, "version": 195}
{"obj": {"type": "LogFloats", "path": ["training", "epoch"], "values": [{"value": 3.0, "step": null, "ts": 1668463229.5119448}]}, "version": 196}
{"obj": {"type": "LogFloats", "path": ["training", "train_acc_step"], "values": [{"value": 0.75, "step": null, "ts": 1668463229.7828698}]}, "version": 197}
{"obj": {"type": "LogFloats", "path": ["training", "train_loss"], "values": [{"value": 1.4362425804138184, "step": null, "ts": 1668463229.7851892}]}, "version": 198}
{"obj": {"type": "LogFloats", "path": ["training", "epoch"], "values": [{"value": 3.0, "step": null, "ts": 1668463229.7872705}]}, "version": 199}
{"obj": {"type": "LogStrings", "path": ["monitoring", "stdout"], "values": [{"value": "{'progress_bar': {'val_loss': 1.455113172531128}, 'log': {'val_loss': 1.455113172531128}, 'val_loss': 1.455113172531128}", "step": null, "ts": 1668463231.140969}]}, "version": 200}
{"obj": {"type": "LogStrings", "path": ["monitoring", "stdout"], "values": [{"value": "\n", "step": null, "ts": 1668463231.1431105}]}, "version": 201}
{"obj": {"type": "LogStrings", "path": ["monitoring", "stdout"], "values": [{"value": "Accuracy: 0.7727019786834717", "step": null, "ts": 1668463231.1453218}]}, "version": 202}
{"obj": {"type": "LogStrings", "path": ["monitoring", "stdout"], "values": [{"value": "\n", "step": null, "ts": 1668463231.1471806}]}, "version": 203}
{"obj": {"type": "LogFloats", "path": ["training", "val_loss"], "values": [{"value": 1.4552991390228271, "step": null, "ts": 1668463231.1494517}]}, "version": 204}
{"obj": {"type": "LogFloats", "path": ["training", "val_acc_step"], "values": [{"value": 0.7727019786834717, "step": null, "ts": 1668463231.1513515}]}, "version": 205}
{"obj": {"type": "LogFloats", "path": ["training", "val_acc_epoch"], "values": [{"value": 0.7727019786834717, "step": null, "ts": 1668463231.1531868}]}, "version": 206}
{"obj": {"type": "LogFloats", "path": ["training", "epoch"], "values": [{"value": 3.0, "step": null, "ts": 1668463231.155111}]}, "version": 207}
{"obj": {"type": "LogStrings", "path": ["monitoring", "stdout"], "values": [{"value": "Accuracy: 0.7669219970703125", "step": null, "ts": 1668463231.1610956}]}, "version": 208}
{"obj": {"type": "LogStrings", "path": ["monitoring", "stdout"], "values": [{"value": "\n", "step": null, "ts": 1668463231.1629558}]}, "version": 209}
{"obj": {"type": "AssignString", "path": ["training", "model", "best_model_path"], "value": "/home/aron/BCM_activity_classification/checkpoints/latest_checkpoint-v13.ckpt"}, "version": 210}
{"obj": {"type": "UploadFile", "path": ["training", "model", "checkpoints", "latest_checkpoint-v13"], "ext": "ckpt", "file_path": "/home/aron/BCM_activity_classification/checkpoints/latest_checkpoint-v13.ckpt"}, "version": 211}
{"obj": {"type": "DeleteAttribute", "path": ["training", "model", "checkpoints", "latest_checkpoint-v12"]}, "version": 212}
{"obj": {"type": "LogFloats", "path": ["training", "train_acc_epoch"], "values": [{"value": 0.7669219970703125, "step": null, "ts": 1668463231.193556}]}, "version": 213}
{"obj": {"type": "LogFloats", "path": ["training", "epoch"], "values": [{"value": 3.0, "step": null, "ts": 1668463231.1953704}]}, "version": 214}
{"obj": {"type": "LogFloats", "path": ["training", "train_acc_step"], "values": [{"value": 0.6875, "step": null, "ts": 1668463231.544411}]}, "version": 215}
{"obj": {"type": "LogFloats", "path": ["training", "train_loss"], "values": [{"value": 1.459429144859314, "step": null, "ts": 1668463231.5466592}]}, "version": 216}
{"obj": {"type": "LogFloats", "path": ["training", "epoch"], "values": [{"value": 4.0, "step": null, "ts": 1668463231.5487127}]}, "version": 217}
{"obj": {"type": "LogStrings", "path": ["monitoring", "stderr"], "values": [{"value": "Error occurred during asynchronous operation processing: Cannot upload file /home/aron/BCM_activity_classification/checkpoints/latest_checkpoint-v12.ckpt: Path not found or is a not a file.\n", "step": null, "ts": 1668463231.650965}]}, "version": 218}
{"obj": {"type": "LogStrings", "path": ["monitoring", "stderr"], "values": [{"value": "Error occurred during asynchronous operation processing: Cannot delete training/model/checkpoints/latest_checkpoint-v12: Attribute does not exist\n", "step": null, "ts": 1668463231.6540136}]}, "version": 219}
{"obj": {"type": "LogFloats", "path": ["training", "train_acc_step"], "values": [{"value": 0.78125, "step": null, "ts": 1668463231.8105543}]}, "version": 220}
{"obj": {"type": "LogFloats", "path": ["training", "train_loss"], "values": [{"value": 1.4378674030303955, "step": null, "ts": 1668463231.812911}]}, "version": 221}
{"obj": {"type": "LogFloats", "path": ["training", "epoch"], "values": [{"value": 4.0, "step": null, "ts": 1668463231.8150952}]}, "version": 222}
{"obj": {"type": "LogFloats", "path": ["training", "train_acc_step"], "values": [{"value": 0.71875, "step": null, "ts": 1668463232.072935}]}, "version": 223}
{"obj": {"type": "LogFloats", "path": ["training", "train_loss"], "values": [{"value": 1.447582721710205, "step": null, "ts": 1668463232.0757542}]}, "version": 224}
{"obj": {"type": "LogFloats", "path": ["training", "epoch"], "values": [{"value": 4.0, "step": null, "ts": 1668463232.0784845}]}, "version": 225}
{"obj": {"type": "LogFloats", "path": ["training", "train_acc_step"], "values": [{"value": 0.9375, "step": null, "ts": 1668463232.3361068}]}, "version": 226}
{"obj": {"type": "LogFloats", "path": ["training", "train_loss"], "values": [{"value": 1.4327943325042725, "step": null, "ts": 1668463232.3391237}]}, "version": 227}
{"obj": {"type": "LogFloats", "path": ["training", "epoch"], "values": [{"value": 4.0, "step": null, "ts": 1668463232.3418288}]}, "version": 228}
{"obj": {"type": "LogFloats", "path": ["training", "train_acc_step"], "values": [{"value": 0.75, "step": null, "ts": 1668463232.5989594}]}, "version": 229}
{"obj": {"type": "LogFloats", "path": ["training", "train_loss"], "values": [{"value": 1.4362826347351074, "step": null, "ts": 1668463232.6029878}]}, "version": 230}
{"obj": {"type": "LogFloats", "path": ["training", "epoch"], "values": [{"value": 4.0, "step": null, "ts": 1668463232.6055334}]}, "version": 231}
{"obj": {"type": "LogFloats", "path": ["training", "train_acc_step"], "values": [{"value": 0.84375, "step": null, "ts": 1668463232.8628595}]}, "version": 232}
{"obj": {"type": "LogFloats", "path": ["training", "train_loss"], "values": [{"value": 1.438896656036377, "step": null, "ts": 1668463232.865532}]}, "version": 233}
{"obj": {"type": "LogFloats", "path": ["training", "epoch"], "values": [{"value": 4.0, "step": null, "ts": 1668463232.8679137}]}, "version": 234}
{"obj": {"type": "LogFloats", "path": ["training", "train_acc_step"], "values": [{"value": 0.875, "step": null, "ts": 1668463233.1247215}]}, "version": 235}
{"obj": {"type": "LogFloats", "path": ["training", "train_loss"], "values": [{"value": 1.4446449279785156, "step": null, "ts": 1668463233.1272726}]}, "version": 236}
{"obj": {"type": "LogFloats", "path": ["training", "epoch"], "values": [{"value": 4.0, "step": null, "ts": 1668463233.1297567}]}, "version": 237}
{"obj": {"type": "LogFloats", "path": ["training", "train_acc_step"], "values": [{"value": 0.90625, "step": null, "ts": 1668463233.3861587}]}, "version": 238}
{"obj": {"type": "LogFloats", "path": ["training", "train_loss"], "values": [{"value": 1.4283294677734375, "step": null, "ts": 1668463233.389364}]}, "version": 239}
{"obj": {"type": "LogFloats", "path": ["training", "epoch"], "values": [{"value": 4.0, "step": null, "ts": 1668463233.3923643}]}, "version": 240}
{"obj": {"type": "LogFloats", "path": ["training", "train_acc_step"], "values": [{"value": 0.75, "step": null, "ts": 1668463233.6497319}]}, "version": 241}
{"obj": {"type": "LogFloats", "path": ["training", "train_loss"], "values": [{"value": 1.4529051780700684, "step": null, "ts": 1668463233.6529565}]}, "version": 242}
{"obj": {"type": "LogFloats", "path": ["training", "epoch"], "values": [{"value": 4.0, "step": null, "ts": 1668463233.6556964}]}, "version": 243}
{"obj": {"type": "LogFloats", "path": ["monitoring", "cpu"], "values": [{"value": 12.9, "step": null, "ts": 1668463234.5281518}]}, "version": 244}
{"obj": {"type": "LogFloats", "path": ["monitoring", "memory"], "values": [{"value": 5.872032165527344, "step": null, "ts": 1668463234.5281518}]}, "version": 245}
{"obj": {"type": "LogFloats", "path": ["monitoring", "gpu_0"], "values": [{"value": 44.0, "step": null, "ts": 1668463234.5281518}]}, "version": 246}
{"obj": {"type": "LogFloats", "path": ["monitoring", "gpu_memory_0"], "values": [{"value": 1.46685791015625, "step": null, "ts": 1668463234.5281518}]}, "version": 247}
{"obj": {"type": "LogFloats", "path": ["monitoring", "gpu_memory_1"], "values": [{"value": 0.232177734375, "step": null, "ts": 1668463234.5281518}]}, "version": 248}
{"obj": {"type": "LogStrings", "path": ["monitoring", "stderr"], "values": [{"value": "/home/aron/.local/lib/python3.9/site-packages/pytorch_lightning/trainer/trainer.py:653: UserWarning: Detected KeyboardInterrupt, attempting graceful shutdown...\n  rank_zero_warn(\"Detected KeyboardInterrupt, attempting graceful shutdown...\")\n", "step": null, "ts": 1668463234.6515052}]}, "version": 249}
{"obj": {"type": "LogStrings", "path": ["monitoring", "stdout"], "values": [{"value": "checkpoints/latest_checkpoint-v13.ckpt", "step": null, "ts": 1668463234.657406}]}, "version": 250}
{"obj": {"type": "LogStrings", "path": ["monitoring", "stdout"], "values": [{"value": "\n", "step": null, "ts": 1668463234.6602755}]}, "version": 251}
{"obj": {"type": "LogStrings", "path": ["monitoring", "stderr"], "values": [{"value": "/home/aron/.local/lib/python3.9/site-packages/pytorch_lightning/trainer/connectors/checkpoint_connector.py:52: LightningDeprecationWarning: Setting `Trainer(resume_from_checkpoint=)` is deprecated in v1.5 and will be removed in v1.7. Please pass `Trainer.fit(ckpt_path=)` directly instead.\n  rank_zero_deprecation(\n", "step": null, "ts": 1668463234.9186418}]}, "version": 252}
{"obj": {"type": "LogStrings", "path": ["monitoring", "stdout"], "values": [{"value": "_____________________", "step": null, "ts": 1668463235.1072075}]}, "version": 253}
{"obj": {"type": "LogStrings", "path": ["monitoring", "stdout"], "values": [{"value": "\n", "step": null, "ts": 1668463235.1122513}]}, "version": 254}
{"obj": {"type": "LogStrings", "path": ["monitoring", "stdout"], "values": [{"value": "<class 'list'>", "step": null, "ts": 1668463235.116222}]}, "version": 255}
{"obj": {"type": "LogStrings", "path": ["monitoring", "stdout"], "values": [{"value": "\n", "step": null, "ts": 1668463235.1195858}]}, "version": 256}
{"obj": {"type": "LogStrings", "path": ["monitoring", "stdout"], "values": [{"value": "_____________________", "step": null, "ts": 1668463235.1226804}]}, "version": 257}
{"obj": {"type": "LogStrings", "path": ["monitoring", "stdout"], "values": [{"value": "\n", "step": null, "ts": 1668463235.1253245}]}, "version": 258}
{"obj": {"type": "LogStrings", "path": ["monitoring", "stdout"], "values": [{"value": "Validation set", "step": null, "ts": 1668463235.1279736}]}, "version": 259}
{"obj": {"type": "LogStrings", "path": ["monitoring", "stdout"], "values": [{"value": "\n", "step": null, "ts": 1668463235.1307292}]}, "version": 260}
{"obj": {"type": "LogStrings", "path": ["monitoring", "stdout"], "values": [{"value": "bcm_behaviour_data_multi_subject/subject1/2022-09-20_15-18-27/0.npy", "step": null, "ts": 1668463235.1348882}]}, "version": 261}
{"obj": {"type": "LogStrings", "path": ["monitoring", "stdout"], "values": [{"value": "\n", "step": null, "ts": 1668463235.137318}]}, "version": 262}
{"obj": {"type": "LogStrings", "path": ["monitoring", "stdout"], "values": [{"value": "bcm_behaviour_data_multi_subject/subject1/2022-09-20_15-18-27/1.npy", "step": null, "ts": 1668463235.140569}]}, "version": 263}
{"obj": {"type": "LogStrings", "path": ["monitoring", "stdout"], "values": [{"value": "\n", "step": null, "ts": 1668463235.1432965}]}, "version": 264}
{"obj": {"type": "LogStrings", "path": ["monitoring", "stdout"], "values": [{"value": "bcm_behaviour_data_multi_subject/subject1/2022-09-20_15-18-27/2.npy", "step": null, "ts": 1668463235.1468744}]}, "version": 265}
{"obj": {"type": "LogStrings", "path": ["monitoring", "stdout"], "values": [{"value": "\n", "step": null, "ts": 1668463235.1494892}]}, "version": 266}
{"obj": {"type": "LogStrings", "path": ["monitoring", "stdout"], "values": [{"value": "bcm_behaviour_data_multi_subject/subject1/2022-09-20_15-18-27/3.npy", "step": null, "ts": 1668463235.1527755}]}, "version": 267}
{"obj": {"type": "LogStrings", "path": ["monitoring", "stdout"], "values": [{"value": "\n", "step": null, "ts": 1668463235.1553783}]}, "version": 268}
{"obj": {"type": "LogStrings", "path": ["monitoring", "stdout"], "values": [{"value": "bcm_behaviour_data_multi_subject/subject1/2022-09-20_15-18-27/4.npy", "step": null, "ts": 1668463235.1591532}]}, "version": 269}
{"obj": {"type": "LogStrings", "path": ["monitoring", "stdout"], "values": [{"value": "\n", "step": null, "ts": 1668463235.1620367}]}, "version": 270}
{"obj": {"type": "LogStrings", "path": ["monitoring", "stdout"], "values": [{"value": "Training set", "step": null, "ts": 1668463235.1646693}]}, "version": 271}
{"obj": {"type": "LogStrings", "path": ["monitoring", "stdout"], "values": [{"value": "\n", "step": null, "ts": 1668463235.1670356}]}, "version": 272}
{"obj": {"type": "LogStrings", "path": ["monitoring", "stdout"], "values": [{"value": "bcm_behaviour_data_multi_subject/subject1/2022-09-20_15-18-27/0.npy", "step": null, "ts": 1668463235.170468}]}, "version": 273}
{"obj": {"type": "LogStrings", "path": ["monitoring", "stdout"], "values": [{"value": "\n", "step": null, "ts": 1668463235.1728537}]}, "version": 274}
{"obj": {"type": "LogStrings", "path": ["monitoring", "stdout"], "values": [{"value": "bcm_behaviour_data_multi_subject/subject1/2022-09-20_15-18-27/1.npy", "step": null, "ts": 1668463235.17628}]}, "version": 275}
{"obj": {"type": "LogStrings", "path": ["monitoring", "stdout"], "values": [{"value": "\n", "step": null, "ts": 1668463235.1787155}]}, "version": 276}
{"obj": {"type": "LogStrings", "path": ["monitoring", "stdout"], "values": [{"value": "bcm_behaviour_data_multi_subject/subject1/2022-09-20_15-18-27/2.npy", "step": null, "ts": 1668463235.1818151}]}, "version": 277}
{"obj": {"type": "LogStrings", "path": ["monitoring", "stdout"], "values": [{"value": "\n", "step": null, "ts": 1668463235.184285}]}, "version": 278}
{"obj": {"type": "LogStrings", "path": ["monitoring", "stdout"], "values": [{"value": "bcm_behaviour_data_multi_subject/subject1/2022-09-20_15-18-27/3.npy", "step": null, "ts": 1668463235.1876261}]}, "version": 279}
{"obj": {"type": "LogStrings", "path": ["monitoring", "stdout"], "values": [{"value": "\n", "step": null, "ts": 1668463235.1900666}]}, "version": 280}
{"obj": {"type": "LogStrings", "path": ["monitoring", "stdout"], "values": [{"value": "bcm_behaviour_data_multi_subject/subject1/2022-09-20_15-18-27/4.npy", "step": null, "ts": 1668463235.1931465}]}, "version": 281}
{"obj": {"type": "LogStrings", "path": ["monitoring", "stdout"], "values": [{"value": "\n", "step": null, "ts": 1668463235.1955168}]}, "version": 282}
{"obj": {"type": "LogStrings", "path": ["monitoring", "stderr"], "values": [{"value": "/home/aron/.local/lib/python3.9/site-packages/pytorch_lightning/callbacks/model_checkpoint.py:616: UserWarning: Checkpoint directory /home/aron/BCM_activity_classification/checkpoints exists and is not empty.\n  rank_zero_warn(f\"Checkpoint directory {dirpath} exists and is not empty.\")\n", "step": null, "ts": 1668463235.199297}]}, "version": 283}
{"obj": {"type": "LogStrings", "path": ["metadata", "file_path"], "values": [{"value": "['bcm_behaviour_data_multi_subject/subject2/2022-11-09_14-34-16', 'bcm_behaviour_data_multi_subject/subject2/2022-11-09_14-52-7', 'bcm_behaviour_data_multi_subject/subject2/2022-11-09_14-15-6', 'bcm_behaviour_data_multi_subject/subject2/2022-11-09_13-56-0', 'bcm_behaviour_data_multi_subject/subject3/2022-11-09_15-47-1', 'bcm_behaviour_data_multi_subject/subject3/2022-11-09_16-26-13', 'bcm_behaviour_data_multi_subject/subject3/2022-11-09_15-27-14', 'bcm_behaviour_data_multi_subject/subject3/2022-11-09_16-7-9']", "step": null, "ts": 1668463235.2805965}, {"value": "['bcm_behaviour_data_multi_subject/subject1/2022-09-20_15-38-11'\n 'bcm_behaviour_data_multi_subject/subject1/2022-09-20_14-58-39'\n 'bcm_behaviour_data_multi_subject/subject1/2022-09-20_15-57-37']", "step": null, "ts": 1668463235.2805965}, {"value": "['bcm_behaviour_data_multi_subject/subject1/2022-09-20_15-18-27']", "step": null, "ts": 1668463235.2805965}]}, "version": 284}
{"obj": {"type": "LogFloats", "path": ["metadata", "window_size"], "values": [{"value": 3.0, "step": null, "ts": 1668463235.2838745}]}, "version": 285}
{"obj": {"type": "LogFloats", "path": ["metadata", "stride"], "values": [{"value": 1.0, "step": null, "ts": 1668463235.2867174}]}, "version": 286}
{"obj": {"type": "LogFloats", "path": ["metadata", "MFCC_stride"], "values": [{"value": 0.032, "step": null, "ts": 1668463235.289775}]}, "version": 287}
{"obj": {"type": "LogFloats", "path": ["metadata", "mfccs_pr_window"], "values": [{"value": 93.0, "step": null, "ts": 1668463235.2927332}]}, "version": 288}
{"obj": {"type": "LogFloats", "path": ["metadata", "lr"], "values": [{"value": 0.001, "step": null, "ts": 1668463235.2953904}]}, "version": 289}
{"obj": {"type": "LogFloats", "path": ["metadata", "batch_size"], "values": [{"value": 32.0, "step": null, "ts": 1668463235.2980335}]}, "version": 290}
{"obj": {"type": "LogFloats", "path": ["metadata", "lstm_layers"], "values": [{"value": 1.0, "step": null, "ts": 1668463235.3006709}]}, "version": 291}
{"obj": {"type": "LogFloats", "path": ["metadata", "lstm_hidden_size"], "values": [{"value": 128.0, "step": null, "ts": 1668463235.303291}]}, "version": 292}
{"obj": {"type": "LogFloats", "path": ["metadata", "weight_decay"], "values": [{"value": 0.0, "step": null, "ts": 1668463235.3058438}]}, "version": 293}
{"obj": {"type": "LogFloats", "path": ["metadata", "occlusion"], "values": [{"value": 0.0, "step": null, "ts": 1668463235.3083434}]}, "version": 294}
{"obj": {"type": "LogFloats", "path": ["metadata", "seed"], "values": [{"value": 100.0, "step": null, "ts": 1668463235.3108363}]}, "version": 295}
{"obj": {"type": "LogFloats", "path": ["metadata", "train_set_length"], "values": [{"value": 14360.0, "step": null, "ts": 1668463235.3132064}]}, "version": 296}
{"obj": {"type": "LogFloats", "path": ["metadata", "val_set_length"], "values": [{"value": 5385.0, "step": null, "ts": 1668463235.3155136}]}, "version": 297}
{"obj": {"type": "LogStrings", "path": ["monitoring", "stderr"], "values": [{"value": "Traceback (most recent call last):\n", "step": null, "ts": 1668463235.3399293}]}, "version": 298}
{"obj": {"type": "LogStrings", "path": ["monitoring", "stderr"], "values": [{"value": "Traceback (most recent call last):\n", "step": null, "ts": 1668463235.343875}]}, "version": 299}
{"obj": {"type": "LogStrings", "path": ["monitoring", "stderr"], "values": [{"value": "Traceback (most recent call last):\n", "step": null, "ts": 1668463235.373113}]}, "version": 300}
{"obj": {"type": "LogStrings", "path": ["monitoring", "stderr"], "values": [{"value": "Traceback (most recent call last):\n", "step": null, "ts": 1668463235.4013922}]}, "version": 301}
{"obj": {"type": "LogStrings", "path": ["monitoring", "stderr"], "values": [{"value": "Traceback (most recent call last):\n", "step": null, "ts": 1668463235.428891}]}, "version": 302}
{"obj": {"type": "LogStrings", "path": ["monitoring", "stderr"], "values": [{"value": "", "step": null, "ts": 1668463235.4568195}]}, "version": 303}
{"obj": {"type": "LogStrings", "path": ["monitoring", "stderr"], "values": [{"value": "", "step": null, "ts": 1668463235.4840517}]}, "version": 304}
{"obj": {"type": "LogStrings", "path": ["monitoring", "stderr"], "values": [{"value": "", "step": null, "ts": 1668463235.5132167}]}, "version": 305}
{"obj": {"type": "LogStrings", "path": ["monitoring", "stderr"], "values": [{"value": "", "step": null, "ts": 1668463235.5650246}]}, "version": 306}
{"obj": {"type": "LogStrings", "path": ["monitoring", "stderr"], "values": [{"value": "", "step": null, "ts": 1668463235.5687644}]}, "version": 307}
{"obj": {"type": "LogStrings", "path": ["monitoring", "stderr"], "values": [{"value": "  File \"/opt/anaconda-2022.05/lib/python3.9/multiprocessing/queues.py\", line 251, in _feed\n    send_bytes(obj)\n", "step": null, "ts": 1668463235.5719142}]}, "version": 308}
{"obj": {"type": "LogStrings", "path": ["monitoring", "stderr"], "values": [{"value": "  File \"/opt/anaconda-2022.05/lib/python3.9/multiprocessing/queues.py\", line 251, in _feed\n    send_bytes(obj)\n", "step": null, "ts": 1668463235.5746279}]}, "version": 309}
{"obj": {"type": "LogStrings", "path": ["monitoring", "stderr"], "values": [{"value": "  File \"/opt/anaconda-2022.05/lib/python3.9/multiprocessing/queues.py\", line 251, in _feed\n    send_bytes(obj)\n", "step": null, "ts": 1668463235.5774484}]}, "version": 310}
{"obj": {"type": "LogStrings", "path": ["monitoring", "stderr"], "values": [{"value": "", "step": null, "ts": 1668463235.581002}]}, "version": 311}
{"obj": {"type": "LogStrings", "path": ["monitoring", "stderr"], "values": [{"value": "  File \"/opt/anaconda-2022.05/lib/python3.9/multiprocessing/queues.py\", line 251, in _feed\n    send_bytes(obj)\n", "step": null, "ts": 1668463235.5836391}]}, "version": 312}
{"obj": {"type": "LogStrings", "path": ["monitoring", "stderr"], "values": [{"value": "", "step": null, "ts": 1668463235.5860593}]}, "version": 313}
{"obj": {"type": "LogStrings", "path": ["monitoring", "stderr"], "values": [{"value": "", "step": null, "ts": 1668463235.588431}]}, "version": 314}
{"obj": {"type": "LogStrings", "path": ["monitoring", "stderr"], "values": [{"value": "  File \"/opt/anaconda-2022.05/lib/python3.9/multiprocessing/queues.py\", line 251, in _feed\n    send_bytes(obj)\n", "step": null, "ts": 1668463235.5908833}]}, "version": 315}
{"obj": {"type": "LogStrings", "path": ["monitoring", "stderr"], "values": [{"value": "  File \"/opt/anaconda-2022.05/lib/python3.9/multiprocessing/connection.py\", line 205, in send_bytes\n    self._send_bytes(m[offset:offset + size])\n", "step": null, "ts": 1668463235.5933428}]}, "version": 316}
{"obj": {"type": "LogStrings", "path": ["monitoring", "stderr"], "values": [{"value": "", "step": null, "ts": 1668463235.5957222}]}, "version": 317}
{"obj": {"type": "LogStrings", "path": ["monitoring", "stderr"], "values": [{"value": "  File \"/opt/anaconda-2022.05/lib/python3.9/multiprocessing/connection.py\", line 205, in send_bytes\n    self._send_bytes(m[offset:offset + size])\n", "step": null, "ts": 1668463235.5981166}]}, "version": 318}
{"obj": {"type": "LogStrings", "path": ["monitoring", "stderr"], "values": [{"value": "  File \"/opt/anaconda-2022.05/lib/python3.9/multiprocessing/connection.py\", line 205, in send_bytes\n    self._send_bytes(m[offset:offset + size])\n", "step": null, "ts": 1668463235.6005676}]}, "version": 319}
{"obj": {"type": "LogStrings", "path": ["monitoring", "stdout"], "values": [{"value": "{'progress_bar': {'val_loss': 1.4760191440582275}, 'log': {'val_loss': 1.4760191440582275}, 'val_loss': 1.4760191440582275}", "step": null, "ts": 1668463235.6031775}]}, "version": 320}
{"obj": {"type": "LogStrings", "path": ["monitoring", "stderr"], "values": [{"value": "", "step": null, "ts": 1668463235.6056488}]}, "version": 321}
{"obj": {"type": "LogStrings", "path": ["monitoring", "stderr"], "values": [{"value": "", "step": null, "ts": 1668463235.6080945}]}, "version": 322}
{"obj": {"type": "LogStrings", "path": ["monitoring", "stderr"], "values": [{"value": "  File \"/opt/anaconda-2022.05/lib/python3.9/multiprocessing/connection.py\", line 205, in send_bytes\n    self._send_bytes(m[offset:offset + size])\n", "step": null, "ts": 1668463235.610518}]}, "version": 323}
{"obj": {"type": "LogStrings", "path": ["monitoring", "stderr"], "values": [{"value": "", "step": null, "ts": 1668463235.6129093}]}, "version": 324}
{"obj": {"type": "LogStrings", "path": ["monitoring", "stderr"], "values": [{"value": "", "step": null, "ts": 1668463235.6154907}]}, "version": 325}
{"obj": {"type": "LogStrings", "path": ["monitoring", "stdout"], "values": [{"value": "\n", "step": null, "ts": 1668463235.617991}]}, "version": 326}
{"obj": {"type": "LogStrings", "path": ["monitoring", "stderr"], "values": [{"value": "  File \"/opt/anaconda-2022.05/lib/python3.9/multiprocessing/connection.py\", line 205, in send_bytes\n    self._send_bytes(m[offset:offset + size])\n", "step": null, "ts": 1668463235.6204522}]}, "version": 327}
{"obj": {"type": "LogStrings", "path": ["monitoring", "stderr"], "values": [{"value": "  File \"/opt/anaconda-2022.05/lib/python3.9/multiprocessing/connection.py\", line 416, in _send_bytes\n    self._send(header + buf)\n", "step": null, "ts": 1668463235.6229498}]}, "version": 328}
{"obj": {"type": "LogStrings", "path": ["monitoring", "stderr"], "values": [{"value": "", "step": null, "ts": 1668463235.6253843}]}, "version": 329}
{"obj": {"type": "LogStrings", "path": ["monitoring", "stderr"], "values": [{"value": "  File \"/opt/anaconda-2022.05/lib/python3.9/multiprocessing/connection.py\", line 416, in _send_bytes\n    self._send(header + buf)\n", "step": null, "ts": 1668463235.6277394}]}, "version": 330}
{"obj": {"type": "LogStrings", "path": ["monitoring", "stderr"], "values": [{"value": "  File \"/opt/anaconda-2022.05/lib/python3.9/multiprocessing/connection.py\", line 416, in _send_bytes\n    self._send(header + buf)\n", "step": null, "ts": 1668463235.630201}]}, "version": 331}
{"obj": {"type": "LogStrings", "path": ["monitoring", "stdout"], "values": [{"value": "Accuracy: 1.0", "step": null, "ts": 1668463235.6324887}]}, "version": 332}
{"obj": {"type": "LogStrings", "path": ["monitoring", "stderr"], "values": [{"value": "", "step": null, "ts": 1668463235.6349933}]}, "version": 333}
{"obj": {"type": "LogStrings", "path": ["monitoring", "stderr"], "values": [{"value": "", "step": null, "ts": 1668463235.6373808}]}, "version": 334}
{"obj": {"type": "LogStrings", "path": ["monitoring", "stderr"], "values": [{"value": "  File \"/opt/anaconda-2022.05/lib/python3.9/multiprocessing/connection.py\", line 416, in _send_bytes\n    self._send(header + buf)\n", "step": null, "ts": 1668463235.6397166}]}, "version": 335}
{"obj": {"type": "LogStrings", "path": ["monitoring", "stderr"], "values": [{"value": "", "step": null, "ts": 1668463235.6421494}]}, "version": 336}
{"obj": {"type": "LogStrings", "path": ["monitoring", "stderr"], "values": [{"value": "", "step": null, "ts": 1668463235.644629}]}, "version": 337}
{"obj": {"type": "LogStrings", "path": ["monitoring", "stdout"], "values": [{"value": "\n", "step": null, "ts": 1668463235.646972}]}, "version": 338}
{"obj": {"type": "LogStrings", "path": ["monitoring", "stderr"], "values": [{"value": "  File \"/opt/anaconda-2022.05/lib/python3.9/multiprocessing/connection.py\", line 416, in _send_bytes\n    self._send(header + buf)\n", "step": null, "ts": 1668463235.649597}]}, "version": 339}
{"obj": {"type": "LogStrings", "path": ["monitoring", "stderr"], "values": [{"value": "  File \"/opt/anaconda-2022.05/lib/python3.9/multiprocessing/connection.py\", line 373, in _send\n    n = write(self._handle, buf)\n", "step": null, "ts": 1668463235.6530304}]}, "version": 340}
{"obj": {"type": "LogStrings", "path": ["monitoring", "stderr"], "values": [{"value": "", "step": null, "ts": 1668463235.6621585}]}, "version": 341}
{"obj": {"type": "LogStrings", "path": ["monitoring", "stderr"], "values": [{"value": "  File \"/opt/anaconda-2022.05/lib/python3.9/multiprocessing/connection.py\", line 373, in _send\n    n = write(self._handle, buf)\n", "step": null, "ts": 1668463235.6701155}]}, "version": 342}
{"obj": {"type": "LogStrings", "path": ["monitoring", "stderr"], "values": [{"value": "  File \"/opt/anaconda-2022.05/lib/python3.9/multiprocessing/connection.py\", line 373, in _send\n    n = write(self._handle, buf)\n", "step": null, "ts": 1668463235.697571}]}, "version": 343}
{"obj": {"type": "LogStrings", "path": ["monitoring", "stderr"], "values": [{"value": "", "step": null, "ts": 1668463235.7233775}]}, "version": 344}
{"obj": {"type": "LogStrings", "path": ["monitoring", "stderr"], "values": [{"value": "", "step": null, "ts": 1668463235.7505739}]}, "version": 345}
{"obj": {"type": "LogStrings", "path": ["monitoring", "stderr"], "values": [{"value": "  File \"/opt/anaconda-2022.05/lib/python3.9/multiprocessing/connection.py\", line 373, in _send\n    n = write(self._handle, buf)\n", "step": null, "ts": 1668463235.7780066}]}, "version": 346}
{"obj": {"type": "LogStrings", "path": ["monitoring", "stderr"], "values": [{"value": "", "step": null, "ts": 1668463235.8082635}]}, "version": 347}
{"obj": {"type": "LogStrings", "path": ["monitoring", "stderr"], "values": [{"value": "", "step": null, "ts": 1668463235.8370194}]}, "version": 348}
{"obj": {"type": "LogStrings", "path": ["monitoring", "stderr"], "values": [{"value": "  File \"/opt/anaconda-2022.05/lib/python3.9/multiprocessing/connection.py\", line 373, in _send\n    n = write(self._handle, buf)\n", "step": null, "ts": 1668463235.864073}]}, "version": 349}
{"obj": {"type": "LogStrings", "path": ["monitoring", "stderr"], "values": [{"value": "BrokenPipeError: [Errno 32] Broken pipe\n", "step": null, "ts": 1668463235.895934}]}, "version": 350}
{"obj": {"type": "LogStrings", "path": ["monitoring", "stderr"], "values": [{"value": "", "step": null, "ts": 1668463235.900292}]}, "version": 351}
{"obj": {"type": "LogStrings", "path": ["monitoring", "stderr"], "values": [{"value": "BrokenPipeError: [Errno 32] Broken pipe\n", "step": null, "ts": 1668463235.9035344}]}, "version": 352}
{"obj": {"type": "LogStrings", "path": ["monitoring", "stderr"], "values": [{"value": "BrokenPipeError: [Errno 32] Broken pipe\n", "step": null, "ts": 1668463235.9063864}]}, "version": 353}
{"obj": {"type": "LogStrings", "path": ["monitoring", "stderr"], "values": [{"value": "", "step": null, "ts": 1668463235.9091454}]}, "version": 354}
{"obj": {"type": "LogStrings", "path": ["monitoring", "stderr"], "values": [{"value": "", "step": null, "ts": 1668463235.9118087}]}, "version": 355}
{"obj": {"type": "LogStrings", "path": ["monitoring", "stderr"], "values": [{"value": "BrokenPipeError: [Errno 32] Broken pipe\n", "step": null, "ts": 1668463235.9147384}]}, "version": 356}
{"obj": {"type": "LogStrings", "path": ["monitoring", "stderr"], "values": [{"value": "", "step": null, "ts": 1668463235.917418}]}, "version": 357}
{"obj": {"type": "LogStrings", "path": ["monitoring", "stderr"], "values": [{"value": "", "step": null, "ts": 1668463235.9200706}]}, "version": 358}
{"obj": {"type": "LogStrings", "path": ["monitoring", "stderr"], "values": [{"value": "BrokenPipeError: [Errno 32] Broken pipe\n", "step": null, "ts": 1668463235.922977}]}, "version": 359}
{"obj": {"type": "LogStrings", "path": ["monitoring", "stderr"], "values": [{"value": "", "step": null, "ts": 1668463235.925565}]}, "version": 360}
{"obj": {"type": "LogStrings", "path": ["monitoring", "stderr"], "values": [{"value": "", "step": null, "ts": 1668463235.928079}]}, "version": 361}
{"obj": {"type": "LogFloats", "path": ["training", "train_acc_step"], "values": [{"value": 0.75, "step": null, "ts": 1668463235.9417253}]}, "version": 362}
{"obj": {"type": "LogFloats", "path": ["training", "train_loss"], "values": [{"value": 1.4545108079910278, "step": null, "ts": 1668463235.9446185}]}, "version": 363}
{"obj": {"type": "LogFloats", "path": ["training", "epoch"], "values": [{"value": 4.0, "step": null, "ts": 1668463235.9470134}]}, "version": 364}
{"obj": {"type": "LogFloats", "path": ["training", "train_acc_step"], "values": [{"value": 0.8125, "step": null, "ts": 1668463236.1998107}]}, "version": 365}
{"obj": {"type": "LogFloats", "path": ["training", "train_loss"], "values": [{"value": 1.4493629932403564, "step": null, "ts": 1668463236.2030947}]}, "version": 366}
{"obj": {"type": "LogFloats", "path": ["training", "epoch"], "values": [{"value": 4.0, "step": null, "ts": 1668463236.205749}]}, "version": 367}
