{"obj": {"type": "AssignString", "path": ["sys", "name"], "value": "Untitled"}, "version": 1}
{"obj": {"type": "AssignString", "path": ["sys", "description"], "value": ""}, "version": 2}
{"obj": {"type": "AssignString", "path": ["sys", "hostname"], "value": "node6"}, "version": 3}
{"obj": {"type": "AssignBool", "path": ["sys", "failed"], "value": false}, "version": 4}
{"obj": {"type": "ClearStringLog", "path": ["monitoring", "stdout"]}, "version": 5}
{"obj": {"type": "ClearStringLog", "path": ["monitoring", "stderr"]}, "version": 6}
{"obj": {"type": "UploadFileSet", "path": ["source_code", "files"], "file_globs": ["/home/aron/BCM_activity_classification/train_model.ipynb", "/home/aron/BCM_activity_classification/model.py", "/home/aron/BCM_activity_classification/BCM_dataset_v2.py"], "reset": "False"}, "version": 7}
{"obj": {"type": "ConfigFloatSeries", "path": ["monitoring", "cpu"], "min": 0.0, "max": 100.0, "unit": "%"}, "version": 8}
{"obj": {"type": "ClearFloatLog", "path": ["monitoring", "cpu"]}, "version": 9}
{"obj": {"type": "ConfigFloatSeries", "path": ["monitoring", "memory"], "min": 0.0, "max": 62.711673736572266, "unit": "GB"}, "version": 10}
{"obj": {"type": "ClearFloatLog", "path": ["monitoring", "memory"]}, "version": 11}
{"obj": {"type": "ConfigFloatSeries", "path": ["monitoring", "gpu_0"], "min": 0.0, "max": 100.0, "unit": "%"}, "version": 12}
{"obj": {"type": "ClearFloatLog", "path": ["monitoring", "gpu_0"]}, "version": 13}
{"obj": {"type": "ConfigFloatSeries", "path": ["monitoring", "gpu_1"], "min": 0.0, "max": 100.0, "unit": "%"}, "version": 14}
{"obj": {"type": "ClearFloatLog", "path": ["monitoring", "gpu_1"]}, "version": 15}
{"obj": {"type": "ConfigFloatSeries", "path": ["monitoring", "gpu_memory_0"], "min": 0.0, "max": 12.0, "unit": "GB"}, "version": 16}
{"obj": {"type": "ClearFloatLog", "path": ["monitoring", "gpu_memory_0"]}, "version": 17}
{"obj": {"type": "ConfigFloatSeries", "path": ["monitoring", "gpu_memory_1"], "min": 0.0, "max": 12.0, "unit": "GB"}, "version": 18}
{"obj": {"type": "ClearFloatLog", "path": ["monitoring", "gpu_memory_1"]}, "version": 19}
{"obj": {"type": "LogStrings", "path": ["monitoring", "stdout"], "values": [{"value": "", "step": null, "ts": 1667651133.6983304}]}, "version": 20}
{"obj": {"type": "LogFloats", "path": ["monitoring", "cpu"], "values": [{"value": 14.3, "step": null, "ts": 1667651133.6962862}]}, "version": 21}
{"obj": {"type": "LogStrings", "path": ["monitoring", "stdout"], "values": [{"value": "Remember to stop your run once you\u2019ve finished logging your metadata (https://docs.neptune.ai/api-reference/run#.stop). It will be stopped automatically only when the notebook kernel/interactive console is terminated.\n", "step": null, "ts": 1667651133.7031767}]}, "version": 22}
{"obj": {"type": "LogFloats", "path": ["monitoring", "memory"], "values": [{"value": 9.552810668945312, "step": null, "ts": 1667651133.6962862}]}, "version": 23}
{"obj": {"type": "LogFloats", "path": ["monitoring", "gpu_memory_0"], "values": [{"value": 1.33209228515625, "step": null, "ts": 1667651133.6962862}]}, "version": 24}
{"obj": {"type": "LogFloats", "path": ["monitoring", "gpu_memory_1"], "values": [{"value": 0.232177734375, "step": null, "ts": 1667651133.6962862}]}, "version": 25}
{"obj": {"type": "AssignString", "path": ["source_code", "integrations", "pytorch-lightning"], "value": "1.7.5"}, "version": 26}
{"obj": {"type": "LogStrings", "path": ["metadata", "file_path"], "values": [{"value": "data/bcm/", "step": null, "ts": 1667651134.4063687}]}, "version": 27}
{"obj": {"type": "LogFloats", "path": ["metadata", "window_size"], "values": [{"value": 3.0, "step": null, "ts": 1667651134.4103944}]}, "version": 28}
{"obj": {"type": "LogFloats", "path": ["metadata", "stride"], "values": [{"value": 1.0, "step": null, "ts": 1667651134.4141123}]}, "version": 29}
{"obj": {"type": "LogFloats", "path": ["metadata", "MFCC_stride"], "values": [{"value": 0.032, "step": null, "ts": 1667651134.4181318}]}, "version": 30}
{"obj": {"type": "LogFloats", "path": ["metadata", "mfccs_pr_window"], "values": [{"value": 93.0, "step": null, "ts": 1667651134.422062}]}, "version": 31}
{"obj": {"type": "LogFloats", "path": ["metadata", "lr"], "values": [{"value": 0.001, "step": null, "ts": 1667651134.4260404}]}, "version": 32}
{"obj": {"type": "LogFloats", "path": ["metadata", "batch_size"], "values": [{"value": 32.0, "step": null, "ts": 1667651134.4299448}]}, "version": 33}
{"obj": {"type": "LogFloats", "path": ["metadata", "lstm_layers"], "values": [{"value": 1.0, "step": null, "ts": 1667651134.4338338}]}, "version": 34}
{"obj": {"type": "LogFloats", "path": ["metadata", "lstm_hidden_size"], "values": [{"value": 128.0, "step": null, "ts": 1667651134.43783}]}, "version": 35}
{"obj": {"type": "LogFloats", "path": ["metadata", "weight_decay"], "values": [{"value": 0.0, "step": null, "ts": 1667651134.4417307}]}, "version": 36}
{"obj": {"type": "LogFloats", "path": ["metadata", "occlusion"], "values": [{"value": 0.0, "step": null, "ts": 1667651134.4454105}]}, "version": 37}
{"obj": {"type": "LogFloats", "path": ["metadata", "seed"], "values": [{"value": 9.0, "step": null, "ts": 1667651134.4484992}]}, "version": 38}
{"obj": {"type": "LogFloats", "path": ["metadata", "train_set_length"], "values": [{"value": 5425.0, "step": null, "ts": 1667651134.4513958}]}, "version": 39}
{"obj": {"type": "LogFloats", "path": ["metadata", "val_set_length"], "values": [{"value": 1795.0, "step": null, "ts": 1667651134.4539814}]}, "version": 40}
{"obj": {"type": "LogStrings", "path": ["monitoring", "stderr"], "values": [{"value": "/home/aron/.local/lib/python3.9/site-packages/pytorch_lightning/core/module.py:555: UserWarning: To copy construct from a tensor, it is recommended to use sourceTensor.clone().detach() or sourceTensor.clone().detach().requires_grad_(True), rather than torch.tensor(sourceTensor).\n  value = torch.tensor(value, device=self.device)\n", "step": null, "ts": 1667651134.7830553}]}, "version": 41}
{"obj": {"type": "LogStrings", "path": ["monitoring", "stdout"], "values": [{"value": "{'progress_bar': {'val_loss': 1.622165322303772}, 'log': {'val_loss': 1.622165322303772}, 'val_loss': 1.622165322303772}", "step": null, "ts": 1667651134.7967339}]}, "version": 42}
{"obj": {"type": "LogStrings", "path": ["monitoring", "stdout"], "values": [{"value": "\n", "step": null, "ts": 1667651134.799627}]}, "version": 43}
{"obj": {"type": "LogStrings", "path": ["monitoring", "stdout"], "values": [{"value": "Accuracy: 0.0", "step": null, "ts": 1667651134.8026283}]}, "version": 44}
{"obj": {"type": "LogStrings", "path": ["monitoring", "stdout"], "values": [{"value": "\n", "step": null, "ts": 1667651134.804855}]}, "version": 45}
{"obj": {"type": "LogFloats", "path": ["training", "train_acc_step"], "values": [{"value": 0.75, "step": null, "ts": 1667651135.4030874}]}, "version": 46}
{"obj": {"type": "LogFloats", "path": ["training", "train_loss"], "values": [{"value": 1.4844000339508057, "step": null, "ts": 1667651135.4063852}]}, "version": 47}
{"obj": {"type": "LogFloats", "path": ["training", "epoch"], "values": [{"value": 0.0, "step": null, "ts": 1667651135.4093707}]}, "version": 48}
{"obj": {"type": "LogFloats", "path": ["training", "train_acc_step"], "values": [{"value": 0.71875, "step": null, "ts": 1667651135.6734695}]}, "version": 49}
{"obj": {"type": "LogFloats", "path": ["training", "train_loss"], "values": [{"value": 1.4669804573059082, "step": null, "ts": 1667651135.676433}]}, "version": 50}
{"obj": {"type": "LogFloats", "path": ["training", "epoch"], "values": [{"value": 0.0, "step": null, "ts": 1667651135.678877}]}, "version": 51}
{"obj": {"type": "LogFloats", "path": ["training", "train_acc_step"], "values": [{"value": 0.90625, "step": null, "ts": 1667651135.9429803}]}, "version": 52}
{"obj": {"type": "LogFloats", "path": ["training", "train_loss"], "values": [{"value": 1.4399724006652832, "step": null, "ts": 1667651135.9456975}]}, "version": 53}
{"obj": {"type": "LogFloats", "path": ["training", "epoch"], "values": [{"value": 0.0, "step": null, "ts": 1667651135.9477005}]}, "version": 54}
{"obj": {"type": "LogStrings", "path": ["monitoring", "stdout"], "values": [{"value": "{'progress_bar': {'val_loss': 1.4510740041732788}, 'log': {'val_loss': 1.4510740041732788}, 'val_loss': 1.4510740041732788}", "step": null, "ts": 1667651136.736685}]}, "version": 55}
{"obj": {"type": "LogStrings", "path": ["monitoring", "stdout"], "values": [{"value": "\n", "step": null, "ts": 1667651136.739957}]}, "version": 56}
{"obj": {"type": "LogStrings", "path": ["monitoring", "stdout"], "values": [{"value": "Accuracy: 0.77548748254776", "step": null, "ts": 1667651136.7426202}]}, "version": 57}
{"obj": {"type": "LogStrings", "path": ["monitoring", "stdout"], "values": [{"value": "\n", "step": null, "ts": 1667651136.744889}]}, "version": 58}
{"obj": {"type": "LogFloats", "path": ["training", "val_loss"], "values": [{"value": 1.4517103433609009, "step": null, "ts": 1667651136.747788}]}, "version": 59}
{"obj": {"type": "LogFloats", "path": ["training", "val_acc_step"], "values": [{"value": 0.77548748254776, "step": null, "ts": 1667651136.750248}]}, "version": 60}
{"obj": {"type": "LogFloats", "path": ["training", "val_acc_epoch"], "values": [{"value": 0.77548748254776, "step": null, "ts": 1667651136.752624}]}, "version": 61}
{"obj": {"type": "LogFloats", "path": ["training", "epoch"], "values": [{"value": 0.0, "step": null, "ts": 1667651136.754946}]}, "version": 62}
{"obj": {"type": "LogStrings", "path": ["monitoring", "stdout"], "values": [{"value": "Accuracy: 0.7288479208946228", "step": null, "ts": 1667651136.7604098}]}, "version": 63}
{"obj": {"type": "LogStrings", "path": ["monitoring", "stdout"], "values": [{"value": "\n", "step": null, "ts": 1667651136.7628431}]}, "version": 64}
{"obj": {"type": "LogFloats", "path": ["training", "train_acc_epoch"], "values": [{"value": 0.7288479208946228, "step": null, "ts": 1667651136.7718196}]}, "version": 65}
{"obj": {"type": "LogFloats", "path": ["training", "epoch"], "values": [{"value": 0.0, "step": null, "ts": 1667651136.774319}]}, "version": 66}
{"obj": {"type": "LogFloats", "path": ["training", "train_acc_step"], "values": [{"value": 0.875, "step": null, "ts": 1667651137.3353744}]}, "version": 67}
{"obj": {"type": "LogFloats", "path": ["training", "train_loss"], "values": [{"value": 1.4689064025878906, "step": null, "ts": 1667651137.3384893}]}, "version": 68}
{"obj": {"type": "LogFloats", "path": ["training", "epoch"], "values": [{"value": 1.0, "step": null, "ts": 1667651137.3411224}]}, "version": 69}
{"obj": {"type": "LogFloats", "path": ["training", "train_acc_step"], "values": [{"value": 0.90625, "step": null, "ts": 1667651137.6194034}]}, "version": 70}
{"obj": {"type": "LogFloats", "path": ["training", "train_loss"], "values": [{"value": 1.4427852630615234, "step": null, "ts": 1667651137.6226034}]}, "version": 71}
{"obj": {"type": "LogFloats", "path": ["training", "epoch"], "values": [{"value": 1.0, "step": null, "ts": 1667651137.6253664}]}, "version": 72}
{"obj": {"type": "LogFloats", "path": ["training", "train_acc_step"], "values": [{"value": 0.78125, "step": null, "ts": 1667651137.9037974}]}, "version": 73}
{"obj": {"type": "LogFloats", "path": ["training", "train_loss"], "values": [{"value": 1.460500717163086, "step": null, "ts": 1667651137.907016}]}, "version": 74}
{"obj": {"type": "LogFloats", "path": ["training", "epoch"], "values": [{"value": 1.0, "step": null, "ts": 1667651137.9092486}]}, "version": 75}
{"obj": {"type": "LogStrings", "path": ["monitoring", "stdout"], "values": [{"value": "{'progress_bar': {'val_loss': 1.448598027229309}, 'log': {'val_loss': 1.448598027229309}, 'val_loss': 1.448598027229309}", "step": null, "ts": 1667651138.7960858}]}, "version": 76}
{"obj": {"type": "LogStrings", "path": ["monitoring", "stdout"], "values": [{"value": "\n", "step": null, "ts": 1667651138.7992282}]}, "version": 77}
{"obj": {"type": "LogStrings", "path": ["monitoring", "stdout"], "values": [{"value": "Accuracy: 0.7782729864120483", "step": null, "ts": 1667651138.801744}]}, "version": 78}
{"obj": {"type": "LogStrings", "path": ["monitoring", "stdout"], "values": [{"value": "\n", "step": null, "ts": 1667651138.8044944}]}, "version": 79}
{"obj": {"type": "LogFloats", "path": ["training", "val_loss"], "values": [{"value": 1.4492073059082031, "step": null, "ts": 1667651138.807407}]}, "version": 80}
{"obj": {"type": "LogFloats", "path": ["training", "val_acc_step"], "values": [{"value": 0.7782729864120483, "step": null, "ts": 1667651138.8098183}]}, "version": 81}
{"obj": {"type": "LogFloats", "path": ["training", "val_acc_epoch"], "values": [{"value": 0.7782729864120483, "step": null, "ts": 1667651138.8121924}]}, "version": 82}
{"obj": {"type": "LogFloats", "path": ["training", "epoch"], "values": [{"value": 1.0, "step": null, "ts": 1667651138.814581}]}, "version": 83}
{"obj": {"type": "LogStrings", "path": ["monitoring", "stdout"], "values": [{"value": "Accuracy: 0.771797239780426", "step": null, "ts": 1667651138.8198535}]}, "version": 84}
{"obj": {"type": "LogStrings", "path": ["monitoring", "stdout"], "values": [{"value": "\n", "step": null, "ts": 1667651138.8225472}]}, "version": 85}
{"obj": {"type": "LogFloats", "path": ["training", "train_acc_epoch"], "values": [{"value": 0.771797239780426, "step": null, "ts": 1667651138.8314416}]}, "version": 86}
{"obj": {"type": "LogFloats", "path": ["training", "epoch"], "values": [{"value": 1.0, "step": null, "ts": 1667651138.8343449}]}, "version": 87}
{"obj": {"type": "LogFloats", "path": ["training", "train_acc_step"], "values": [{"value": 0.8125, "step": null, "ts": 1667651139.3056872}]}, "version": 88}
{"obj": {"type": "LogFloats", "path": ["training", "train_loss"], "values": [{"value": 1.4545499086380005, "step": null, "ts": 1667651139.308778}]}, "version": 89}
{"obj": {"type": "LogFloats", "path": ["training", "epoch"], "values": [{"value": 2.0, "step": null, "ts": 1667651139.311687}]}, "version": 90}
{"obj": {"type": "LogFloats", "path": ["training", "train_acc_step"], "values": [{"value": 0.75, "step": null, "ts": 1667651139.5736413}]}, "version": 91}
{"obj": {"type": "LogFloats", "path": ["training", "train_loss"], "values": [{"value": 1.4610095024108887, "step": null, "ts": 1667651139.5767446}]}, "version": 92}
{"obj": {"type": "LogFloats", "path": ["training", "epoch"], "values": [{"value": 2.0, "step": null, "ts": 1667651139.579675}]}, "version": 93}
{"obj": {"type": "LogFloats", "path": ["training", "train_acc_step"], "values": [{"value": 0.9375, "step": null, "ts": 1667651139.8440967}]}, "version": 94}
{"obj": {"type": "LogFloats", "path": ["training", "train_loss"], "values": [{"value": 1.4359605312347412, "step": null, "ts": 1667651139.847262}]}, "version": 95}
{"obj": {"type": "LogFloats", "path": ["training", "epoch"], "values": [{"value": 2.0, "step": null, "ts": 1667651139.8503294}]}, "version": 96}
{"obj": {"type": "LogFloats", "path": ["training", "train_acc_step"], "values": [{"value": 0.9375, "step": null, "ts": 1667651140.1139677}]}, "version": 97}
{"obj": {"type": "LogFloats", "path": ["training", "train_loss"], "values": [{"value": 1.435018539428711, "step": null, "ts": 1667651140.1171582}]}, "version": 98}
{"obj": {"type": "LogFloats", "path": ["training", "epoch"], "values": [{"value": 2.0, "step": null, "ts": 1667651140.1202254}]}, "version": 99}
{"obj": {"type": "LogStrings", "path": ["monitoring", "stdout"], "values": [{"value": "{'progress_bar': {'val_loss': 1.445939540863037}, 'log': {'val_loss': 1.445939540863037}, 'val_loss': 1.445939540863037}", "step": null, "ts": 1667651140.8544478}]}, "version": 100}
{"obj": {"type": "LogStrings", "path": ["monitoring", "stdout"], "values": [{"value": "\n", "step": null, "ts": 1667651140.8578866}]}, "version": 101}
{"obj": {"type": "LogStrings", "path": ["monitoring", "stdout"], "values": [{"value": "Accuracy: 0.785515308380127", "step": null, "ts": 1667651140.8611648}]}, "version": 102}
{"obj": {"type": "LogStrings", "path": ["monitoring", "stdout"], "values": [{"value": "\n", "step": null, "ts": 1667651140.8641405}]}, "version": 103}
{"obj": {"type": "LogFloats", "path": ["training", "val_loss"], "values": [{"value": 1.4465080499649048, "step": null, "ts": 1667651140.8673606}]}, "version": 104}
{"obj": {"type": "LogFloats", "path": ["training", "val_acc_step"], "values": [{"value": 0.785515308380127, "step": null, "ts": 1667651140.870267}]}, "version": 105}
{"obj": {"type": "LogFloats", "path": ["training", "val_acc_epoch"], "values": [{"value": 0.785515308380127, "step": null, "ts": 1667651140.8729928}]}, "version": 106}
{"obj": {"type": "LogFloats", "path": ["training", "epoch"], "values": [{"value": 2.0, "step": null, "ts": 1667651140.8757734}]}, "version": 107}
{"obj": {"type": "LogStrings", "path": ["monitoring", "stdout"], "values": [{"value": "Accuracy: 0.774193525314331", "step": null, "ts": 1667651140.8809667}]}, "version": 108}
{"obj": {"type": "LogStrings", "path": ["monitoring", "stdout"], "values": [{"value": "\n", "step": null, "ts": 1667651140.8837636}]}, "version": 109}
{"obj": {"type": "LogFloats", "path": ["training", "train_acc_epoch"], "values": [{"value": 0.774193525314331, "step": null, "ts": 1667651140.8931036}]}, "version": 110}
{"obj": {"type": "LogFloats", "path": ["training", "epoch"], "values": [{"value": 2.0, "step": null, "ts": 1667651140.8963773}]}, "version": 111}
{"obj": {"type": "LogFloats", "path": ["training", "train_acc_step"], "values": [{"value": 0.84375, "step": null, "ts": 1667651141.4962275}]}, "version": 112}
{"obj": {"type": "LogFloats", "path": ["training", "train_loss"], "values": [{"value": 1.4525401592254639, "step": null, "ts": 1667651141.4998782}]}, "version": 113}
{"obj": {"type": "LogFloats", "path": ["training", "epoch"], "values": [{"value": 3.0, "step": null, "ts": 1667651141.5028431}]}, "version": 114}
{"obj": {"type": "LogFloats", "path": ["training", "train_acc_step"], "values": [{"value": 0.84375, "step": null, "ts": 1667651141.7677774}]}, "version": 115}
{"obj": {"type": "LogFloats", "path": ["training", "train_loss"], "values": [{"value": 1.4372763633728027, "step": null, "ts": 1667651141.7709177}]}, "version": 116}
{"obj": {"type": "LogFloats", "path": ["training", "epoch"], "values": [{"value": 3.0, "step": null, "ts": 1667651141.7738686}]}, "version": 117}
{"obj": {"type": "LogFloats", "path": ["training", "train_acc_step"], "values": [{"value": 0.78125, "step": null, "ts": 1667651142.0389175}]}, "version": 118}
{"obj": {"type": "LogFloats", "path": ["training", "train_loss"], "values": [{"value": 1.4415299892425537, "step": null, "ts": 1667651142.0562267}]}, "version": 119}
{"obj": {"type": "LogFloats", "path": ["training", "epoch"], "values": [{"value": 3.0, "step": null, "ts": 1667651142.0593824}]}, "version": 120}
{"obj": {"type": "LogStrings", "path": ["monitoring", "stdout"], "values": [{"value": "{'progress_bar': {'val_loss': 1.4455788135528564}, 'log': {'val_loss': 1.4455788135528564}, 'val_loss': 1.4455788135528564}", "step": null, "ts": 1667651142.8810124}]}, "version": 121}
{"obj": {"type": "LogStrings", "path": ["monitoring", "stdout"], "values": [{"value": "\n", "step": null, "ts": 1667651142.8847244}]}, "version": 122}
{"obj": {"type": "LogStrings", "path": ["monitoring", "stdout"], "values": [{"value": "Accuracy: 0.7866294980049133", "step": null, "ts": 1667651142.8881283}]}, "version": 123}
{"obj": {"type": "LogStrings", "path": ["monitoring", "stdout"], "values": [{"value": "\n", "step": null, "ts": 1667651142.8913002}]}, "version": 124}
{"obj": {"type": "LogFloats", "path": ["training", "val_loss"], "values": [{"value": 1.446146011352539, "step": null, "ts": 1667651142.8946886}]}, "version": 125}
{"obj": {"type": "LogFloats", "path": ["training", "val_acc_step"], "values": [{"value": 0.7866294980049133, "step": null, "ts": 1667651142.8975477}]}, "version": 126}
{"obj": {"type": "LogFloats", "path": ["training", "val_acc_epoch"], "values": [{"value": 0.7866294980049133, "step": null, "ts": 1667651142.9004219}]}, "version": 127}
{"obj": {"type": "LogFloats", "path": ["training", "epoch"], "values": [{"value": 3.0, "step": null, "ts": 1667651142.9031305}]}, "version": 128}
{"obj": {"type": "LogStrings", "path": ["monitoring", "stdout"], "values": [{"value": "Accuracy: 0.7771428823471069", "step": null, "ts": 1667651142.9085062}]}, "version": 129}
{"obj": {"type": "LogStrings", "path": ["monitoring", "stdout"], "values": [{"value": "\n", "step": null, "ts": 1667651142.911552}]}, "version": 130}
{"obj": {"type": "LogFloats", "path": ["training", "train_acc_epoch"], "values": [{"value": 0.7771428823471069, "step": null, "ts": 1667651142.920754}]}, "version": 131}
{"obj": {"type": "LogFloats", "path": ["training", "epoch"], "values": [{"value": 3.0, "step": null, "ts": 1667651142.9238608}]}, "version": 132}
{"obj": {"type": "LogFloats", "path": ["training", "train_acc_step"], "values": [{"value": 0.78125, "step": null, "ts": 1667651143.4150052}]}, "version": 133}
{"obj": {"type": "LogFloats", "path": ["training", "train_loss"], "values": [{"value": 1.4555078744888306, "step": null, "ts": 1667651143.4184844}]}, "version": 134}
{"obj": {"type": "LogFloats", "path": ["training", "epoch"], "values": [{"value": 4.0, "step": null, "ts": 1667651143.421491}]}, "version": 135}
{"obj": {"type": "LogFloats", "path": ["training", "train_acc_step"], "values": [{"value": 0.65625, "step": null, "ts": 1667651143.684848}]}, "version": 136}
{"obj": {"type": "LogFloats", "path": ["training", "train_loss"], "values": [{"value": 1.461522102355957, "step": null, "ts": 1667651143.6881819}]}, "version": 137}
{"obj": {"type": "LogFloats", "path": ["training", "epoch"], "values": [{"value": 4.0, "step": null, "ts": 1667651143.691001}]}, "version": 138}
{"obj": {"type": "LogFloats", "path": ["monitoring", "cpu"], "values": [{"value": 18.4, "step": null, "ts": 1667651143.7131321}]}, "version": 139}
{"obj": {"type": "LogFloats", "path": ["monitoring", "memory"], "values": [{"value": 9.955440521240234, "step": null, "ts": 1667651143.7131321}]}, "version": 140}
{"obj": {"type": "LogFloats", "path": ["monitoring", "gpu_0"], "values": [{"value": 48.0, "step": null, "ts": 1667651143.7131321}]}, "version": 141}
{"obj": {"type": "LogFloats", "path": ["monitoring", "gpu_memory_0"], "values": [{"value": 1.46685791015625, "step": null, "ts": 1667651143.7131321}]}, "version": 142}
{"obj": {"type": "LogFloats", "path": ["monitoring", "gpu_memory_1"], "values": [{"value": 0.232177734375, "step": null, "ts": 1667651143.7131321}]}, "version": 143}
{"obj": {"type": "LogFloats", "path": ["training", "train_acc_step"], "values": [{"value": 0.78125, "step": null, "ts": 1667651143.9582396}]}, "version": 144}
{"obj": {"type": "LogFloats", "path": ["training", "train_loss"], "values": [{"value": 1.4456307888031006, "step": null, "ts": 1667651143.9615734}]}, "version": 145}
{"obj": {"type": "LogFloats", "path": ["training", "epoch"], "values": [{"value": 4.0, "step": null, "ts": 1667651143.9645407}]}, "version": 146}
{"obj": {"type": "LogFloats", "path": ["training", "train_acc_step"], "values": [{"value": 0.7647058963775635, "step": null, "ts": 1667651144.2262537}]}, "version": 147}
{"obj": {"type": "LogFloats", "path": ["training", "train_loss"], "values": [{"value": 1.4454808235168457, "step": null, "ts": 1667651144.2292821}]}, "version": 148}
{"obj": {"type": "LogFloats", "path": ["training", "epoch"], "values": [{"value": 4.0, "step": null, "ts": 1667651144.2323465}]}, "version": 149}
{"obj": {"type": "LogStrings", "path": ["monitoring", "stdout"], "values": [{"value": "{'progress_bar': {'val_loss': 1.446287751197815}, 'log': {'val_loss': 1.446287751197815}, 'val_loss': 1.446287751197815}", "step": null, "ts": 1667651144.9203687}]}, "version": 150}
{"obj": {"type": "LogStrings", "path": ["monitoring", "stdout"], "values": [{"value": "\n", "step": null, "ts": 1667651144.9238899}]}, "version": 151}
{"obj": {"type": "LogStrings", "path": ["monitoring", "stdout"], "values": [{"value": "Accuracy: 0.7816156148910522", "step": null, "ts": 1667651144.927174}]}, "version": 152}
{"obj": {"type": "LogStrings", "path": ["monitoring", "stdout"], "values": [{"value": "\n", "step": null, "ts": 1667651144.9303286}]}, "version": 153}
{"obj": {"type": "LogFloats", "path": ["training", "val_loss"], "values": [{"value": 1.4468657970428467, "step": null, "ts": 1667651144.9338098}]}, "version": 154}
{"obj": {"type": "LogFloats", "path": ["training", "val_acc_step"], "values": [{"value": 0.7816156148910522, "step": null, "ts": 1667651144.9368591}]}, "version": 155}
{"obj": {"type": "LogFloats", "path": ["training", "val_acc_epoch"], "values": [{"value": 0.7816156148910522, "step": null, "ts": 1667651144.9397795}]}, "version": 156}
{"obj": {"type": "LogFloats", "path": ["training", "epoch"], "values": [{"value": 4.0, "step": null, "ts": 1667651144.9425776}]}, "version": 157}
{"obj": {"type": "LogStrings", "path": ["monitoring", "stdout"], "values": [{"value": "Accuracy: 0.7664515972137451", "step": null, "ts": 1667651144.9478295}]}, "version": 158}
{"obj": {"type": "LogStrings", "path": ["monitoring", "stdout"], "values": [{"value": "\n", "step": null, "ts": 1667651144.9509299}]}, "version": 159}
{"obj": {"type": "LogFloats", "path": ["training", "train_acc_epoch"], "values": [{"value": 0.7664515972137451, "step": null, "ts": 1667651144.9599307}]}, "version": 160}
{"obj": {"type": "LogFloats", "path": ["training", "epoch"], "values": [{"value": 4.0, "step": null, "ts": 1667651144.9629521}]}, "version": 161}
{"obj": {"type": "LogFloats", "path": ["training", "train_acc_step"], "values": [{"value": 0.78125, "step": null, "ts": 1667651145.6337547}]}, "version": 162}
{"obj": {"type": "LogFloats", "path": ["training", "train_loss"], "values": [{"value": 1.4489716291427612, "step": null, "ts": 1667651145.6373112}]}, "version": 163}
{"obj": {"type": "LogFloats", "path": ["training", "epoch"], "values": [{"value": 5.0, "step": null, "ts": 1667651145.64041}]}, "version": 164}
{"obj": {"type": "LogFloats", "path": ["training", "train_acc_step"], "values": [{"value": 0.84375, "step": null, "ts": 1667651145.910608}]}, "version": 165}
{"obj": {"type": "LogFloats", "path": ["training", "train_loss"], "values": [{"value": 1.442795991897583, "step": null, "ts": 1667651145.9138439}]}, "version": 166}
{"obj": {"type": "LogFloats", "path": ["training", "epoch"], "values": [{"value": 5.0, "step": null, "ts": 1667651145.9170127}]}, "version": 167}
{"obj": {"type": "LogFloats", "path": ["training", "train_acc_step"], "values": [{"value": 0.9375, "step": null, "ts": 1667651146.185751}]}, "version": 168}
{"obj": {"type": "LogFloats", "path": ["training", "train_loss"], "values": [{"value": 1.4332159757614136, "step": null, "ts": 1667651146.1885533}]}, "version": 169}
{"obj": {"type": "LogFloats", "path": ["training", "epoch"], "values": [{"value": 5.0, "step": null, "ts": 1667651146.1910539}]}, "version": 170}
{"obj": {"type": "LogStrings", "path": ["monitoring", "stdout"], "values": [{"value": "{'progress_bar': {'val_loss': 1.446460485458374}, 'log': {'val_loss': 1.446460485458374}, 'val_loss': 1.446460485458374}", "step": null, "ts": 1667651146.9868789}]}, "version": 171}
{"obj": {"type": "LogStrings", "path": ["monitoring", "stdout"], "values": [{"value": "\n", "step": null, "ts": 1667651146.9905493}]}, "version": 172}
{"obj": {"type": "LogStrings", "path": ["monitoring", "stdout"], "values": [{"value": "Accuracy: 0.783843994140625", "step": null, "ts": 1667651146.9939897}]}, "version": 173}
{"obj": {"type": "LogStrings", "path": ["monitoring", "stdout"], "values": [{"value": "\n", "step": null, "ts": 1667651146.9971683}]}, "version": 174}
{"obj": {"type": "LogFloats", "path": ["training", "val_loss"], "values": [{"value": 1.4470319747924805, "step": null, "ts": 1667651147.0004709}]}, "version": 175}
{"obj": {"type": "LogFloats", "path": ["training", "val_acc_step"], "values": [{"value": 0.783843994140625, "step": null, "ts": 1667651147.0032992}]}, "version": 176}
{"obj": {"type": "LogFloats", "path": ["training", "val_acc_epoch"], "values": [{"value": 0.783843994140625, "step": null, "ts": 1667651147.0059142}]}, "version": 177}
{"obj": {"type": "LogFloats", "path": ["training", "epoch"], "values": [{"value": 5.0, "step": null, "ts": 1667651147.0084832}]}, "version": 178}
{"obj": {"type": "LogStrings", "path": ["monitoring", "stdout"], "values": [{"value": "Accuracy: 0.779539167881012", "step": null, "ts": 1667651147.0139308}]}, "version": 179}
{"obj": {"type": "LogStrings", "path": ["monitoring", "stdout"], "values": [{"value": "\n", "step": null, "ts": 1667651147.0169284}]}, "version": 180}
{"obj": {"type": "LogFloats", "path": ["training", "train_acc_epoch"], "values": [{"value": 0.779539167881012, "step": null, "ts": 1667651147.0265946}]}, "version": 181}
{"obj": {"type": "LogFloats", "path": ["training", "epoch"], "values": [{"value": 5.0, "step": null, "ts": 1667651147.0295591}]}, "version": 182}
{"obj": {"type": "LogFloats", "path": ["training", "train_acc_step"], "values": [{"value": 0.875, "step": null, "ts": 1667651147.581677}]}, "version": 183}
{"obj": {"type": "LogFloats", "path": ["training", "train_loss"], "values": [{"value": 1.4463222026824951, "step": null, "ts": 1667651147.584969}]}, "version": 184}
{"obj": {"type": "LogFloats", "path": ["training", "epoch"], "values": [{"value": 6.0, "step": null, "ts": 1667651147.5878844}]}, "version": 185}
{"obj": {"type": "LogFloats", "path": ["training", "train_acc_step"], "values": [{"value": 0.84375, "step": null, "ts": 1667651147.856215}]}, "version": 186}
{"obj": {"type": "LogFloats", "path": ["training", "train_loss"], "values": [{"value": 1.4391388893127441, "step": null, "ts": 1667651147.8593504}]}, "version": 187}
{"obj": {"type": "LogFloats", "path": ["training", "epoch"], "values": [{"value": 6.0, "step": null, "ts": 1667651147.8623457}]}, "version": 188}
{"obj": {"type": "LogFloats", "path": ["training", "train_acc_step"], "values": [{"value": 0.84375, "step": null, "ts": 1667651148.151414}]}, "version": 189}
{"obj": {"type": "LogFloats", "path": ["training", "train_loss"], "values": [{"value": 1.4393761157989502, "step": null, "ts": 1667651148.154824}]}, "version": 190}
{"obj": {"type": "LogFloats", "path": ["training", "epoch"], "values": [{"value": 6.0, "step": null, "ts": 1667651148.1579182}]}, "version": 191}
{"obj": {"type": "LogStrings", "path": ["monitoring", "stdout"], "values": [{"value": "{'progress_bar': {'val_loss': 1.4433448314666748}, 'log': {'val_loss': 1.4433448314666748}, 'val_loss': 1.4433448314666748}", "step": null, "ts": 1667651149.0395727}]}, "version": 192}
{"obj": {"type": "LogStrings", "path": ["monitoring", "stdout"], "values": [{"value": "\n", "step": null, "ts": 1667651149.043305}]}, "version": 193}
{"obj": {"type": "LogStrings", "path": ["monitoring", "stdout"], "values": [{"value": "Accuracy: 0.7849582433700562", "step": null, "ts": 1667651149.0468884}]}, "version": 194}
{"obj": {"type": "LogStrings", "path": ["monitoring", "stdout"], "values": [{"value": "\n", "step": null, "ts": 1667651149.0500195}]}, "version": 195}
{"obj": {"type": "LogFloats", "path": ["training", "val_loss"], "values": [{"value": 1.4438750743865967, "step": null, "ts": 1667651149.053462}]}, "version": 196}
{"obj": {"type": "LogFloats", "path": ["training", "val_acc_step"], "values": [{"value": 0.7849582433700562, "step": null, "ts": 1667651149.0563118}]}, "version": 197}
{"obj": {"type": "LogFloats", "path": ["training", "val_acc_epoch"], "values": [{"value": 0.7849582433700562, "step": null, "ts": 1667651149.0591035}]}, "version": 198}
{"obj": {"type": "LogFloats", "path": ["training", "epoch"], "values": [{"value": 6.0, "step": null, "ts": 1667651149.0617704}]}, "version": 199}
{"obj": {"type": "LogStrings", "path": ["monitoring", "stdout"], "values": [{"value": "Accuracy: 0.7804608345031738", "step": null, "ts": 1667651149.0671988}]}, "version": 200}
{"obj": {"type": "LogStrings", "path": ["monitoring", "stdout"], "values": [{"value": "\n", "step": null, "ts": 1667651149.0702019}]}, "version": 201}
{"obj": {"type": "LogFloats", "path": ["training", "train_acc_epoch"], "values": [{"value": 0.7804608345031738, "step": null, "ts": 1667651149.0793788}]}, "version": 202}
{"obj": {"type": "LogFloats", "path": ["training", "epoch"], "values": [{"value": 6.0, "step": null, "ts": 1667651149.0823338}]}, "version": 203}
{"obj": {"type": "LogFloats", "path": ["training", "train_acc_step"], "values": [{"value": 0.71875, "step": null, "ts": 1667651149.5524063}]}, "version": 204}
{"obj": {"type": "LogFloats", "path": ["training", "train_loss"], "values": [{"value": 1.4465842247009277, "step": null, "ts": 1667651149.5557022}]}, "version": 205}
{"obj": {"type": "LogFloats", "path": ["training", "epoch"], "values": [{"value": 7.0, "step": null, "ts": 1667651149.5585575}]}, "version": 206}
{"obj": {"type": "LogFloats", "path": ["training", "train_acc_step"], "values": [{"value": 0.75, "step": null, "ts": 1667651149.8230364}]}, "version": 207}
{"obj": {"type": "LogFloats", "path": ["training", "train_loss"], "values": [{"value": 1.4413018226623535, "step": null, "ts": 1667651149.826321}]}, "version": 208}
{"obj": {"type": "LogFloats", "path": ["training", "epoch"], "values": [{"value": 7.0, "step": null, "ts": 1667651149.829185}]}, "version": 209}
{"obj": {"type": "LogFloats", "path": ["training", "train_acc_step"], "values": [{"value": 0.8125, "step": null, "ts": 1667651150.1019285}]}, "version": 210}
{"obj": {"type": "LogFloats", "path": ["training", "train_loss"], "values": [{"value": 1.431426763534546, "step": null, "ts": 1667651150.1051888}]}, "version": 211}
{"obj": {"type": "LogFloats", "path": ["training", "epoch"], "values": [{"value": 7.0, "step": null, "ts": 1667651150.1080809}]}, "version": 212}
{"obj": {"type": "LogFloats", "path": ["training", "train_acc_step"], "values": [{"value": 0.75, "step": null, "ts": 1667651150.3742723}]}, "version": 213}
{"obj": {"type": "LogFloats", "path": ["training", "train_loss"], "values": [{"value": 1.449882984161377, "step": null, "ts": 1667651150.377625}]}, "version": 214}
{"obj": {"type": "LogFloats", "path": ["training", "epoch"], "values": [{"value": 7.0, "step": null, "ts": 1667651150.3808267}]}, "version": 215}
{"obj": {"type": "LogStrings", "path": ["monitoring", "stdout"], "values": [{"value": "{'progress_bar': {'val_loss': 1.4383143186569214}, 'log': {'val_loss': 1.4383143186569214}, 'val_loss': 1.4383143186569214}", "step": null, "ts": 1667651151.1123185}]}, "version": 216}
{"obj": {"type": "LogStrings", "path": ["monitoring", "stdout"], "values": [{"value": "\n", "step": null, "ts": 1667651151.115871}]}, "version": 217}
{"obj": {"type": "LogStrings", "path": ["monitoring", "stdout"], "values": [{"value": "Accuracy: 0.7877437472343445", "step": null, "ts": 1667651151.1188862}]}, "version": 218}
{"obj": {"type": "LogStrings", "path": ["monitoring", "stdout"], "values": [{"value": "\n", "step": null, "ts": 1667651151.12176}]}, "version": 219}
{"obj": {"type": "LogFloats", "path": ["training", "val_loss"], "values": [{"value": 1.4387625455856323, "step": null, "ts": 1667651151.125099}]}, "version": 220}
{"obj": {"type": "LogFloats", "path": ["training", "val_acc_step"], "values": [{"value": 0.7877437472343445, "step": null, "ts": 1667651151.1278574}]}, "version": 221}
{"obj": {"type": "LogFloats", "path": ["training", "val_acc_epoch"], "values": [{"value": 0.7877437472343445, "step": null, "ts": 1667651151.1305478}]}, "version": 222}
{"obj": {"type": "LogFloats", "path": ["training", "epoch"], "values": [{"value": 7.0, "step": null, "ts": 1667651151.1331651}]}, "version": 223}
{"obj": {"type": "LogStrings", "path": ["monitoring", "stdout"], "values": [{"value": "Accuracy: 0.7856221199035645", "step": null, "ts": 1667651151.1382966}]}, "version": 224}
{"obj": {"type": "LogStrings", "path": ["monitoring", "stdout"], "values": [{"value": "\n", "step": null, "ts": 1667651151.1411526}]}, "version": 225}
{"obj": {"type": "LogFloats", "path": ["training", "train_acc_epoch"], "values": [{"value": 0.7856221199035645, "step": null, "ts": 1667651151.1501598}]}, "version": 226}
{"obj": {"type": "LogFloats", "path": ["training", "epoch"], "values": [{"value": 7.0, "step": null, "ts": 1667651151.1530638}]}, "version": 227}
{"obj": {"type": "LogFloats", "path": ["training", "train_acc_step"], "values": [{"value": 0.8125, "step": null, "ts": 1667651151.764183}]}, "version": 228}
{"obj": {"type": "LogFloats", "path": ["training", "train_loss"], "values": [{"value": 1.4466235637664795, "step": null, "ts": 1667651151.7675714}]}, "version": 229}
{"obj": {"type": "LogFloats", "path": ["training", "epoch"], "values": [{"value": 8.0, "step": null, "ts": 1667651151.7703133}]}, "version": 230}
{"obj": {"type": "LogFloats", "path": ["training", "train_acc_step"], "values": [{"value": 0.71875, "step": null, "ts": 1667651152.0418665}]}, "version": 231}
{"obj": {"type": "LogFloats", "path": ["training", "train_loss"], "values": [{"value": 1.4464651346206665, "step": null, "ts": 1667651152.045231}]}, "version": 232}
{"obj": {"type": "LogFloats", "path": ["training", "epoch"], "values": [{"value": 8.0, "step": null, "ts": 1667651152.0482407}]}, "version": 233}
{"obj": {"type": "LogFloats", "path": ["training", "train_acc_step"], "values": [{"value": 0.8125, "step": null, "ts": 1667651152.319245}]}, "version": 234}
{"obj": {"type": "LogFloats", "path": ["training", "train_loss"], "values": [{"value": 1.4514269828796387, "step": null, "ts": 1667651152.3223708}]}, "version": 235}
{"obj": {"type": "LogFloats", "path": ["training", "epoch"], "values": [{"value": 8.0, "step": null, "ts": 1667651152.3251657}]}, "version": 236}
{"obj": {"type": "LogStrings", "path": ["monitoring", "stdout"], "values": [{"value": "{'progress_bar': {'val_loss': 1.4406037330627441}, 'log': {'val_loss': 1.4406037330627441}, 'val_loss': 1.4406037330627441}", "step": null, "ts": 1667651153.1497426}]}, "version": 237}
{"obj": {"type": "LogStrings", "path": ["monitoring", "stdout"], "values": [{"value": "\n", "step": null, "ts": 1667651153.1532989}]}, "version": 238}
{"obj": {"type": "LogStrings", "path": ["monitoring", "stdout"], "values": [{"value": "Accuracy: 0.7760445475578308", "step": null, "ts": 1667651153.1565602}]}, "version": 239}
{"obj": {"type": "LogStrings", "path": ["monitoring", "stdout"], "values": [{"value": "\n", "step": null, "ts": 1667651153.159746}]}, "version": 240}
{"obj": {"type": "LogFloats", "path": ["training", "val_loss"], "values": [{"value": 1.4410878419876099, "step": null, "ts": 1667651153.1631143}]}, "version": 241}
{"obj": {"type": "LogFloats", "path": ["training", "val_acc_step"], "values": [{"value": 0.7760445475578308, "step": null, "ts": 1667651153.1661518}]}, "version": 242}
{"obj": {"type": "LogFloats", "path": ["training", "val_acc_epoch"], "values": [{"value": 0.7760445475578308, "step": null, "ts": 1667651153.1690412}]}, "version": 243}
{"obj": {"type": "LogFloats", "path": ["training", "epoch"], "values": [{"value": 8.0, "step": null, "ts": 1667651153.1718936}]}, "version": 244}
{"obj": {"type": "LogStrings", "path": ["monitoring", "stdout"], "values": [{"value": "Accuracy: 0.7828571200370789", "step": null, "ts": 1667651153.1773474}]}, "version": 245}
{"obj": {"type": "LogStrings", "path": ["monitoring", "stdout"], "values": [{"value": "\n", "step": null, "ts": 1667651153.1802976}]}, "version": 246}
{"obj": {"type": "LogFloats", "path": ["training", "train_acc_epoch"], "values": [{"value": 0.7828571200370789, "step": null, "ts": 1667651153.1899576}]}, "version": 247}
{"obj": {"type": "LogFloats", "path": ["training", "epoch"], "values": [{"value": 8.0, "step": null, "ts": 1667651153.1930437}]}, "version": 248}
{"obj": {"type": "LogFloats", "path": ["training", "train_acc_step"], "values": [{"value": 0.71875, "step": null, "ts": 1667651153.6969411}]}, "version": 249}
{"obj": {"type": "LogFloats", "path": ["training", "train_loss"], "values": [{"value": 1.457903504371643, "step": null, "ts": 1667651153.7004035}]}, "version": 250}
{"obj": {"type": "LogFloats", "path": ["training", "epoch"], "values": [{"value": 9.0, "step": null, "ts": 1667651153.7031822}]}, "version": 251}
{"obj": {"type": "LogFloats", "path": ["monitoring", "cpu"], "values": [{"value": 19.3, "step": null, "ts": 1667651153.73271}]}, "version": 252}
{"obj": {"type": "LogFloats", "path": ["monitoring", "memory"], "values": [{"value": 9.9329833984375, "step": null, "ts": 1667651153.73271}]}, "version": 253}
{"obj": {"type": "LogFloats", "path": ["monitoring", "gpu_0"], "values": [{"value": 13.0, "step": null, "ts": 1667651153.73271}]}, "version": 254}
{"obj": {"type": "LogFloats", "path": ["monitoring", "gpu_memory_0"], "values": [{"value": 1.46685791015625, "step": null, "ts": 1667651153.73271}]}, "version": 255}
{"obj": {"type": "LogFloats", "path": ["monitoring", "gpu_memory_1"], "values": [{"value": 0.232177734375, "step": null, "ts": 1667651153.73271}]}, "version": 256}
{"obj": {"type": "LogFloats", "path": ["training", "train_acc_step"], "values": [{"value": 0.71875, "step": null, "ts": 1667651153.97277}]}, "version": 257}
{"obj": {"type": "LogFloats", "path": ["training", "train_loss"], "values": [{"value": 1.450971007347107, "step": null, "ts": 1667651153.9760633}]}, "version": 258}
{"obj": {"type": "LogFloats", "path": ["training", "epoch"], "values": [{"value": 9.0, "step": null, "ts": 1667651153.9789348}]}, "version": 259}
{"obj": {"type": "LogFloats", "path": ["training", "train_acc_step"], "values": [{"value": 0.75, "step": null, "ts": 1667651154.244565}]}, "version": 260}
{"obj": {"type": "LogFloats", "path": ["training", "train_loss"], "values": [{"value": 1.437550663948059, "step": null, "ts": 1667651154.2482424}]}, "version": 261}
{"obj": {"type": "LogFloats", "path": ["training", "epoch"], "values": [{"value": 9.0, "step": null, "ts": 1667651154.2512553}]}, "version": 262}
{"obj": {"type": "LogFloats", "path": ["training", "train_acc_step"], "values": [{"value": 0.8235294222831726, "step": null, "ts": 1667651154.514156}]}, "version": 263}
{"obj": {"type": "LogFloats", "path": ["training", "train_loss"], "values": [{"value": 1.4446748495101929, "step": null, "ts": 1667651154.5174937}]}, "version": 264}
{"obj": {"type": "LogFloats", "path": ["training", "epoch"], "values": [{"value": 9.0, "step": null, "ts": 1667651154.5204885}]}, "version": 265}
{"obj": {"type": "LogStrings", "path": ["monitoring", "stdout"], "values": [{"value": "{'progress_bar': {'val_loss': 1.4402235746383667}, 'log': {'val_loss': 1.4402235746383667}, 'val_loss': 1.4402235746383667}", "step": null, "ts": 1667651155.2183025}]}, "version": 266}
{"obj": {"type": "LogStrings", "path": ["monitoring", "stdout"], "values": [{"value": "\n", "step": null, "ts": 1667651155.221627}]}, "version": 267}
{"obj": {"type": "LogStrings", "path": ["monitoring", "stdout"], "values": [{"value": "Accuracy: 0.7738161683082581", "step": null, "ts": 1667651155.2249522}]}, "version": 268}
{"obj": {"type": "LogStrings", "path": ["monitoring", "stdout"], "values": [{"value": "\n", "step": null, "ts": 1667651155.2280893}]}, "version": 269}
{"obj": {"type": "LogFloats", "path": ["training", "val_loss"], "values": [{"value": 1.440704345703125, "step": null, "ts": 1667651155.2313752}]}, "version": 270}
{"obj": {"type": "LogFloats", "path": ["training", "val_acc_step"], "values": [{"value": 0.7738161683082581, "step": null, "ts": 1667651155.23438}]}, "version": 271}
{"obj": {"type": "LogFloats", "path": ["training", "val_acc_epoch"], "values": [{"value": 0.7738161683082581, "step": null, "ts": 1667651155.2371635}]}, "version": 272}
{"obj": {"type": "LogFloats", "path": ["training", "epoch"], "values": [{"value": 9.0, "step": null, "ts": 1667651155.2399478}]}, "version": 273}
{"obj": {"type": "LogStrings", "path": ["monitoring", "stdout"], "values": [{"value": "Accuracy: 0.7861751317977905", "step": null, "ts": 1667651155.2452674}]}, "version": 274}
{"obj": {"type": "LogStrings", "path": ["monitoring", "stdout"], "values": [{"value": "\n", "step": null, "ts": 1667651155.2482245}]}, "version": 275}
{"obj": {"type": "LogFloats", "path": ["training", "train_acc_epoch"], "values": [{"value": 0.7861751317977905, "step": null, "ts": 1667651155.2574785}]}, "version": 276}
{"obj": {"type": "LogFloats", "path": ["training", "epoch"], "values": [{"value": 9.0, "step": null, "ts": 1667651155.2604582}]}, "version": 277}
{"obj": {"type": "LogFloats", "path": ["training", "train_acc_step"], "values": [{"value": 0.71875, "step": null, "ts": 1667651155.9114485}]}, "version": 278}
{"obj": {"type": "LogFloats", "path": ["training", "train_loss"], "values": [{"value": 1.4365122318267822, "step": null, "ts": 1667651155.9148102}]}, "version": 279}
{"obj": {"type": "LogFloats", "path": ["training", "epoch"], "values": [{"value": 10.0, "step": null, "ts": 1667651155.917799}]}, "version": 280}
{"obj": {"type": "LogFloats", "path": ["training", "train_acc_step"], "values": [{"value": 0.84375, "step": null, "ts": 1667651156.1855662}]}, "version": 281}
{"obj": {"type": "LogFloats", "path": ["training", "train_loss"], "values": [{"value": 1.4379825592041016, "step": null, "ts": 1667651156.188916}]}, "version": 282}
{"obj": {"type": "LogFloats", "path": ["training", "epoch"], "values": [{"value": 10.0, "step": null, "ts": 1667651156.192069}]}, "version": 283}
{"obj": {"type": "LogFloats", "path": ["training", "train_acc_step"], "values": [{"value": 0.75, "step": null, "ts": 1667651156.4586766}]}, "version": 284}
{"obj": {"type": "LogFloats", "path": ["training", "train_loss"], "values": [{"value": 1.4545094966888428, "step": null, "ts": 1667651156.4614775}]}, "version": 285}
{"obj": {"type": "LogFloats", "path": ["training", "epoch"], "values": [{"value": 10.0, "step": null, "ts": 1667651156.4639208}]}, "version": 286}
{"obj": {"type": "LogStrings", "path": ["monitoring", "stdout"], "values": [{"value": "{'progress_bar': {'val_loss': 1.4360594749450684}, 'log': {'val_loss': 1.4360594749450684}, 'val_loss': 1.4360594749450684}", "step": null, "ts": 1667651157.2507327}]}, "version": 287}
{"obj": {"type": "LogStrings", "path": ["monitoring", "stdout"], "values": [{"value": "\n", "step": null, "ts": 1667651157.254482}]}, "version": 288}
{"obj": {"type": "LogStrings", "path": ["monitoring", "stdout"], "values": [{"value": "Accuracy: 0.7899721264839172", "step": null, "ts": 1667651157.2578657}]}, "version": 289}
{"obj": {"type": "LogStrings", "path": ["monitoring", "stdout"], "values": [{"value": "\n", "step": null, "ts": 1667651157.2611814}]}, "version": 290}
{"obj": {"type": "LogFloats", "path": ["training", "val_loss"], "values": [{"value": 1.4364732503890991, "step": null, "ts": 1667651157.2647054}]}, "version": 291}
{"obj": {"type": "LogFloats", "path": ["training", "val_acc_step"], "values": [{"value": 0.7899721264839172, "step": null, "ts": 1667651157.267736}]}, "version": 292}
{"obj": {"type": "LogFloats", "path": ["training", "val_acc_epoch"], "values": [{"value": 0.7899721264839172, "step": null, "ts": 1667651157.2705648}]}, "version": 293}
{"obj": {"type": "LogFloats", "path": ["training", "epoch"], "values": [{"value": 10.0, "step": null, "ts": 1667651157.273488}]}, "version": 294}
{"obj": {"type": "LogStrings", "path": ["monitoring", "stdout"], "values": [{"value": "Accuracy: 0.7841474413871765", "step": null, "ts": 1667651157.2791488}]}, "version": 295}
{"obj": {"type": "LogStrings", "path": ["monitoring", "stdout"], "values": [{"value": "\n", "step": null, "ts": 1667651157.2819397}]}, "version": 296}
{"obj": {"type": "LogFloats", "path": ["training", "train_acc_epoch"], "values": [{"value": 0.7841474413871765, "step": null, "ts": 1667651157.2915046}]}, "version": 297}
{"obj": {"type": "LogFloats", "path": ["training", "epoch"], "values": [{"value": 10.0, "step": null, "ts": 1667651157.2944553}]}, "version": 298}
{"obj": {"type": "LogFloats", "path": ["training", "train_acc_step"], "values": [{"value": 0.8125, "step": null, "ts": 1667651157.8745968}]}, "version": 299}
{"obj": {"type": "LogFloats", "path": ["training", "train_loss"], "values": [{"value": 1.438597559928894, "step": null, "ts": 1667651157.8777277}]}, "version": 300}
{"obj": {"type": "LogFloats", "path": ["training", "epoch"], "values": [{"value": 11.0, "step": null, "ts": 1667651157.8806953}]}, "version": 301}
{"obj": {"type": "LogFloats", "path": ["training", "train_acc_step"], "values": [{"value": 0.84375, "step": null, "ts": 1667651158.1484447}]}, "version": 302}
{"obj": {"type": "LogFloats", "path": ["training", "train_loss"], "values": [{"value": 1.4345669746398926, "step": null, "ts": 1667651158.1516764}]}, "version": 303}
{"obj": {"type": "LogFloats", "path": ["training", "epoch"], "values": [{"value": 11.0, "step": null, "ts": 1667651158.1545417}]}, "version": 304}
{"obj": {"type": "LogFloats", "path": ["training", "train_acc_step"], "values": [{"value": 0.75, "step": null, "ts": 1667651158.4216568}]}, "version": 305}
{"obj": {"type": "LogFloats", "path": ["training", "train_loss"], "values": [{"value": 1.454131007194519, "step": null, "ts": 1667651158.4248707}]}, "version": 306}
{"obj": {"type": "LogFloats", "path": ["training", "epoch"], "values": [{"value": 11.0, "step": null, "ts": 1667651158.42789}]}, "version": 307}
{"obj": {"type": "LogStrings", "path": ["monitoring", "stdout"], "values": [{"value": "{'progress_bar': {'val_loss': 1.4418944120407104}, 'log': {'val_loss': 1.4418944120407104}, 'val_loss': 1.4418944120407104}", "step": null, "ts": 1667651159.3328779}]}, "version": 308}
{"obj": {"type": "LogStrings", "path": ["monitoring", "stdout"], "values": [{"value": "\n", "step": null, "ts": 1667651159.3364868}]}, "version": 309}
{"obj": {"type": "LogStrings", "path": ["monitoring", "stdout"], "values": [{"value": "Accuracy: 0.7827298045158386", "step": null, "ts": 1667651159.3399348}]}, "version": 310}
{"obj": {"type": "LogStrings", "path": ["monitoring", "stdout"], "values": [{"value": "\n", "step": null, "ts": 1667651159.3429022}]}, "version": 311}
{"obj": {"type": "LogFloats", "path": ["training", "val_loss"], "values": [{"value": 1.442403793334961, "step": null, "ts": 1667651159.3462217}]}, "version": 312}
{"obj": {"type": "LogFloats", "path": ["training", "val_acc_step"], "values": [{"value": 0.7827298045158386, "step": null, "ts": 1667651159.3490927}]}, "version": 313}
{"obj": {"type": "LogFloats", "path": ["training", "val_acc_epoch"], "values": [{"value": 0.7827298045158386, "step": null, "ts": 1667651159.3519108}]}, "version": 314}
{"obj": {"type": "LogFloats", "path": ["training", "epoch"], "values": [{"value": 11.0, "step": null, "ts": 1667651159.3546383}]}, "version": 315}
{"obj": {"type": "LogStrings", "path": ["monitoring", "stdout"], "values": [{"value": "Accuracy: 0.7835944890975952", "step": null, "ts": 1667651159.3600235}]}, "version": 316}
{"obj": {"type": "LogStrings", "path": ["monitoring", "stdout"], "values": [{"value": "\n", "step": null, "ts": 1667651159.3630142}]}, "version": 317}
{"obj": {"type": "LogFloats", "path": ["training", "train_acc_epoch"], "values": [{"value": 0.7835944890975952, "step": null, "ts": 1667651159.3726323}]}, "version": 318}
{"obj": {"type": "LogFloats", "path": ["training", "epoch"], "values": [{"value": 11.0, "step": null, "ts": 1667651159.3758228}]}, "version": 319}
{"obj": {"type": "LogFloats", "path": ["training", "train_acc_step"], "values": [{"value": 0.6875, "step": null, "ts": 1667651159.8456523}]}, "version": 320}
{"obj": {"type": "LogFloats", "path": ["training", "train_loss"], "values": [{"value": 1.4427666664123535, "step": null, "ts": 1667651159.8488283}]}, "version": 321}
{"obj": {"type": "LogFloats", "path": ["training", "epoch"], "values": [{"value": 12.0, "step": null, "ts": 1667651159.8516057}]}, "version": 322}
{"obj": {"type": "LogFloats", "path": ["training", "train_acc_step"], "values": [{"value": 0.75, "step": null, "ts": 1667651160.129953}]}, "version": 323}
{"obj": {"type": "LogFloats", "path": ["training", "train_loss"], "values": [{"value": 1.4502317905426025, "step": null, "ts": 1667651160.1332817}]}, "version": 324}
{"obj": {"type": "LogFloats", "path": ["training", "epoch"], "values": [{"value": 12.0, "step": null, "ts": 1667651160.1363783}]}, "version": 325}
{"obj": {"type": "LogFloats", "path": ["training", "train_acc_step"], "values": [{"value": 0.78125, "step": null, "ts": 1667651160.422363}]}, "version": 326}
{"obj": {"type": "LogFloats", "path": ["training", "train_loss"], "values": [{"value": 1.4319064617156982, "step": null, "ts": 1667651160.425505}]}, "version": 327}
{"obj": {"type": "LogFloats", "path": ["training", "epoch"], "values": [{"value": 12.0, "step": null, "ts": 1667651160.4279191}]}, "version": 328}
{"obj": {"type": "LogFloats", "path": ["training", "train_acc_step"], "values": [{"value": 0.8125, "step": null, "ts": 1667651160.7065191}]}, "version": 329}
{"obj": {"type": "LogFloats", "path": ["training", "train_loss"], "values": [{"value": 1.430999517440796, "step": null, "ts": 1667651160.7095828}]}, "version": 330}
{"obj": {"type": "LogFloats", "path": ["training", "epoch"], "values": [{"value": 12.0, "step": null, "ts": 1667651160.7123594}]}, "version": 331}
{"obj": {"type": "LogStrings", "path": ["monitoring", "stdout"], "values": [{"value": "{'progress_bar': {'val_loss': 1.4343771934509277}, 'log': {'val_loss': 1.4343771934509277}, 'val_loss': 1.4343771934509277}", "step": null, "ts": 1667651161.451553}]}, "version": 332}
{"obj": {"type": "LogStrings", "path": ["monitoring", "stdout"], "values": [{"value": "\n", "step": null, "ts": 1667651161.4539638}]}, "version": 333}
{"obj": {"type": "LogStrings", "path": ["monitoring", "stdout"], "values": [{"value": "Accuracy: 0.7883008122444153", "step": null, "ts": 1667651161.456267}]}, "version": 334}
{"obj": {"type": "LogStrings", "path": ["monitoring", "stdout"], "values": [{"value": "\n", "step": null, "ts": 1667651161.4582922}]}, "version": 335}
{"obj": {"type": "LogFloats", "path": ["training", "val_loss"], "values": [{"value": 1.434765338897705, "step": null, "ts": 1667651161.4608061}]}, "version": 336}
{"obj": {"type": "LogFloats", "path": ["training", "val_acc_step"], "values": [{"value": 0.7883008122444153, "step": null, "ts": 1667651161.463052}]}, "version": 337}
{"obj": {"type": "LogFloats", "path": ["training", "val_acc_epoch"], "values": [{"value": 0.7883008122444153, "step": null, "ts": 1667651161.4649217}]}, "version": 338}
{"obj": {"type": "LogFloats", "path": ["training", "epoch"], "values": [{"value": 12.0, "step": null, "ts": 1667651161.4665813}]}, "version": 339}
{"obj": {"type": "LogStrings", "path": ["monitoring", "stdout"], "values": [{"value": "Accuracy: 0.7837787866592407", "step": null, "ts": 1667651161.470884}]}, "version": 340}
{"obj": {"type": "LogStrings", "path": ["monitoring", "stdout"], "values": [{"value": "\n", "step": null, "ts": 1667651161.4726517}]}, "version": 341}
{"obj": {"type": "LogFloats", "path": ["training", "train_acc_epoch"], "values": [{"value": 0.7837787866592407, "step": null, "ts": 1667651161.4808927}]}, "version": 342}
{"obj": {"type": "LogFloats", "path": ["training", "epoch"], "values": [{"value": 12.0, "step": null, "ts": 1667651161.4825597}]}, "version": 343}
{"obj": {"type": "LogFloats", "path": ["training", "train_acc_step"], "values": [{"value": 0.75, "step": null, "ts": 1667651162.110384}]}, "version": 344}
{"obj": {"type": "LogFloats", "path": ["training", "train_loss"], "values": [{"value": 1.454545021057129, "step": null, "ts": 1667651162.113698}]}, "version": 345}
{"obj": {"type": "LogFloats", "path": ["training", "epoch"], "values": [{"value": 13.0, "step": null, "ts": 1667651162.1168044}]}, "version": 346}
{"obj": {"type": "LogFloats", "path": ["training", "train_acc_step"], "values": [{"value": 0.625, "step": null, "ts": 1667651162.381966}]}, "version": 347}
{"obj": {"type": "LogFloats", "path": ["training", "train_loss"], "values": [{"value": 1.45125150680542, "step": null, "ts": 1667651162.3852773}]}, "version": 348}
{"obj": {"type": "LogFloats", "path": ["training", "epoch"], "values": [{"value": 13.0, "step": null, "ts": 1667651162.3881838}]}, "version": 349}
{"obj": {"type": "LogFloats", "path": ["training", "train_acc_step"], "values": [{"value": 0.84375, "step": null, "ts": 1667651162.6551247}]}, "version": 350}
{"obj": {"type": "LogFloats", "path": ["training", "train_loss"], "values": [{"value": 1.4350674152374268, "step": null, "ts": 1667651162.6584218}]}, "version": 351}
{"obj": {"type": "LogFloats", "path": ["training", "epoch"], "values": [{"value": 13.0, "step": null, "ts": 1667651162.6613457}]}, "version": 352}
{"obj": {"type": "LogStrings", "path": ["monitoring", "stdout"], "values": [{"value": "{'progress_bar': {'val_loss': 1.4443986415863037}, 'log': {'val_loss': 1.4443986415863037}, 'val_loss': 1.4443986415863037}", "step": null, "ts": 1667651163.5109916}]}, "version": 353}
{"obj": {"type": "LogStrings", "path": ["monitoring", "stdout"], "values": [{"value": "\n", "step": null, "ts": 1667651163.5145652}]}, "version": 354}
{"obj": {"type": "LogStrings", "path": ["monitoring", "stdout"], "values": [{"value": "Accuracy: 0.7894150614738464", "step": null, "ts": 1667651163.5177948}]}, "version": 355}
{"obj": {"type": "LogStrings", "path": ["monitoring", "stdout"], "values": [{"value": "\n", "step": null, "ts": 1667651163.5208912}]}, "version": 356}
{"obj": {"type": "LogFloats", "path": ["training", "val_loss"], "values": [{"value": 1.4449423551559448, "step": null, "ts": 1667651163.5242615}]}, "version": 357}
{"obj": {"type": "LogFloats", "path": ["training", "val_acc_step"], "values": [{"value": 0.7894150614738464, "step": null, "ts": 1667651163.5271838}]}, "version": 358}
{"obj": {"type": "LogFloats", "path": ["training", "val_acc_epoch"], "values": [{"value": 0.7894150614738464, "step": null, "ts": 1667651163.5297937}]}, "version": 359}
{"obj": {"type": "LogFloats", "path": ["training", "epoch"], "values": [{"value": 13.0, "step": null, "ts": 1667651163.5325294}]}, "version": 360}
{"obj": {"type": "LogStrings", "path": ["monitoring", "stdout"], "values": [{"value": "Accuracy: 0.7887557744979858", "step": null, "ts": 1667651163.5377805}]}, "version": 361}
{"obj": {"type": "LogStrings", "path": ["monitoring", "stdout"], "values": [{"value": "\n", "step": null, "ts": 1667651163.5406964}]}, "version": 362}
{"obj": {"type": "LogFloats", "path": ["training", "train_acc_epoch"], "values": [{"value": 0.7887557744979858, "step": null, "ts": 1667651163.5502539}]}, "version": 363}
{"obj": {"type": "LogFloats", "path": ["training", "epoch"], "values": [{"value": 13.0, "step": null, "ts": 1667651163.5532224}]}, "version": 364}
{"obj": {"type": "LogFloats", "path": ["monitoring", "cpu"], "values": [{"value": 18.6, "step": null, "ts": 1667651163.7797673}]}, "version": 365}
{"obj": {"type": "LogFloats", "path": ["monitoring", "memory"], "values": [{"value": 9.81884765625, "step": null, "ts": 1667651163.7797673}]}, "version": 366}
{"obj": {"type": "LogFloats", "path": ["monitoring", "gpu_0"], "values": [{"value": 13.0, "step": null, "ts": 1667651163.7797673}]}, "version": 367}
{"obj": {"type": "LogFloats", "path": ["monitoring", "gpu_memory_0"], "values": [{"value": 1.46685791015625, "step": null, "ts": 1667651163.7797673}]}, "version": 368}
{"obj": {"type": "LogFloats", "path": ["monitoring", "gpu_memory_1"], "values": [{"value": 0.232177734375, "step": null, "ts": 1667651163.7797673}]}, "version": 369}
{"obj": {"type": "LogFloats", "path": ["training", "train_acc_step"], "values": [{"value": 0.71875, "step": null, "ts": 1667651164.053489}]}, "version": 370}
{"obj": {"type": "LogFloats", "path": ["training", "train_loss"], "values": [{"value": 1.4412987232208252, "step": null, "ts": 1667651164.0565832}]}, "version": 371}
{"obj": {"type": "LogFloats", "path": ["training", "epoch"], "values": [{"value": 14.0, "step": null, "ts": 1667651164.059286}]}, "version": 372}
{"obj": {"type": "LogFloats", "path": ["training", "train_acc_step"], "values": [{"value": 0.78125, "step": null, "ts": 1667651164.328967}]}, "version": 373}
{"obj": {"type": "LogFloats", "path": ["training", "train_loss"], "values": [{"value": 1.436732530593872, "step": null, "ts": 1667651164.3319428}]}, "version": 374}
{"obj": {"type": "LogFloats", "path": ["training", "epoch"], "values": [{"value": 14.0, "step": null, "ts": 1667651164.3346229}]}, "version": 375}
{"obj": {"type": "LogFloats", "path": ["training", "train_acc_step"], "values": [{"value": 0.84375, "step": null, "ts": 1667651164.603125}]}, "version": 376}
{"obj": {"type": "LogFloats", "path": ["training", "train_loss"], "values": [{"value": 1.4263789653778076, "step": null, "ts": 1667651164.6054144}]}, "version": 377}
{"obj": {"type": "LogFloats", "path": ["training", "epoch"], "values": [{"value": 14.0, "step": null, "ts": 1667651164.607414}]}, "version": 378}
{"obj": {"type": "LogFloats", "path": ["training", "train_acc_step"], "values": [{"value": 0.6470588445663452, "step": null, "ts": 1667651164.8728077}]}, "version": 379}
{"obj": {"type": "LogFloats", "path": ["training", "train_loss"], "values": [{"value": 1.4530912637710571, "step": null, "ts": 1667651164.875023}]}, "version": 380}
{"obj": {"type": "LogFloats", "path": ["training", "epoch"], "values": [{"value": 14.0, "step": null, "ts": 1667651164.8769958}]}, "version": 381}
{"obj": {"type": "LogStrings", "path": ["monitoring", "stdout"], "values": [{"value": "{'progress_bar': {'val_loss': 1.4394794702529907}, 'log': {'val_loss': 1.4394794702529907}, 'val_loss': 1.4394794702529907}", "step": null, "ts": 1667651165.5688794}]}, "version": 382}
{"obj": {"type": "LogStrings", "path": ["monitoring", "stdout"], "values": [{"value": "\n", "step": null, "ts": 1667651165.5719059}]}, "version": 383}
{"obj": {"type": "LogStrings", "path": ["monitoring", "stdout"], "values": [{"value": "Accuracy: 0.7866294980049133", "step": null, "ts": 1667651165.5746555}]}, "version": 384}
{"obj": {"type": "LogStrings", "path": ["monitoring", "stdout"], "values": [{"value": "\n", "step": null, "ts": 1667651165.5772562}]}, "version": 385}
{"obj": {"type": "LogFloats", "path": ["training", "val_loss"], "values": [{"value": 1.4399499893188477, "step": null, "ts": 1667651165.5803328}]}, "version": 386}
{"obj": {"type": "LogFloats", "path": ["training", "val_acc_step"], "values": [{"value": 0.7866294980049133, "step": null, "ts": 1667651165.5830681}]}, "version": 387}
{"obj": {"type": "LogFloats", "path": ["training", "val_acc_epoch"], "values": [{"value": 0.7866294980049133, "step": null, "ts": 1667651165.5855734}]}, "version": 388}
{"obj": {"type": "LogFloats", "path": ["training", "epoch"], "values": [{"value": 14.0, "step": null, "ts": 1667651165.5882263}]}, "version": 389}
{"obj": {"type": "LogStrings", "path": ["monitoring", "stdout"], "values": [{"value": "Accuracy: 0.78838711977005", "step": null, "ts": 1667651165.593583}]}, "version": 390}
{"obj": {"type": "LogStrings", "path": ["monitoring", "stdout"], "values": [{"value": "\n", "step": null, "ts": 1667651165.5963356}]}, "version": 391}
{"obj": {"type": "LogFloats", "path": ["training", "train_acc_epoch"], "values": [{"value": 0.78838711977005, "step": null, "ts": 1667651165.6053436}]}, "version": 392}
{"obj": {"type": "LogFloats", "path": ["training", "epoch"], "values": [{"value": 14.0, "step": null, "ts": 1667651165.6082995}]}, "version": 393}
{"obj": {"type": "LogFloats", "path": ["training", "train_acc_step"], "values": [{"value": 0.78125, "step": null, "ts": 1667651166.2775874}]}, "version": 394}
{"obj": {"type": "LogFloats", "path": ["training", "train_loss"], "values": [{"value": 1.440554141998291, "step": null, "ts": 1667651166.2808878}]}, "version": 395}
{"obj": {"type": "LogFloats", "path": ["training", "epoch"], "values": [{"value": 15.0, "step": null, "ts": 1667651166.2838638}]}, "version": 396}
{"obj": {"type": "LogFloats", "path": ["training", "train_acc_step"], "values": [{"value": 0.71875, "step": null, "ts": 1667651166.561258}]}, "version": 397}
{"obj": {"type": "LogFloats", "path": ["training", "train_loss"], "values": [{"value": 1.4396214485168457, "step": null, "ts": 1667651166.56445}]}, "version": 398}
{"obj": {"type": "LogFloats", "path": ["training", "epoch"], "values": [{"value": 15.0, "step": null, "ts": 1667651166.5672643}]}, "version": 399}
{"obj": {"type": "LogFloats", "path": ["training", "train_acc_step"], "values": [{"value": 0.84375, "step": null, "ts": 1667651166.8440197}]}, "version": 400}
{"obj": {"type": "LogFloats", "path": ["training", "train_loss"], "values": [{"value": 1.4370776414871216, "step": null, "ts": 1667651166.8470545}]}, "version": 401}
{"obj": {"type": "LogFloats", "path": ["training", "epoch"], "values": [{"value": 15.0, "step": null, "ts": 1667651166.8497465}]}, "version": 402}
{"obj": {"type": "LogStrings", "path": ["monitoring", "stdout"], "values": [{"value": "{'progress_bar': {'val_loss': 1.4341691732406616}, 'log': {'val_loss': 1.4341691732406616}, 'val_loss': 1.4341691732406616}", "step": null, "ts": 1667651167.6324344}]}, "version": 403}
{"obj": {"type": "LogStrings", "path": ["monitoring", "stdout"], "values": [{"value": "\n", "step": null, "ts": 1667651167.6357934}]}, "version": 404}
{"obj": {"type": "LogStrings", "path": ["monitoring", "stdout"], "values": [{"value": "Accuracy: 0.7899721264839172", "step": null, "ts": 1667651167.6387045}]}, "version": 405}
{"obj": {"type": "LogStrings", "path": ["monitoring", "stdout"], "values": [{"value": "\n", "step": null, "ts": 1667651167.6413233}]}, "version": 406}
{"obj": {"type": "LogFloats", "path": ["training", "val_loss"], "values": [{"value": 1.4345545768737793, "step": null, "ts": 1667651167.6444511}]}, "version": 407}
{"obj": {"type": "LogFloats", "path": ["training", "val_acc_step"], "values": [{"value": 0.7899721264839172, "step": null, "ts": 1667651167.647011}]}, "version": 408}
{"obj": {"type": "LogFloats", "path": ["training", "val_acc_epoch"], "values": [{"value": 0.7899721264839172, "step": null, "ts": 1667651167.6495097}]}, "version": 409}
{"obj": {"type": "LogFloats", "path": ["training", "epoch"], "values": [{"value": 15.0, "step": null, "ts": 1667651167.6519833}]}, "version": 410}
{"obj": {"type": "LogStrings", "path": ["monitoring", "stdout"], "values": [{"value": "Accuracy: 0.7898617386817932", "step": null, "ts": 1667651167.6571965}]}, "version": 411}
{"obj": {"type": "LogStrings", "path": ["monitoring", "stdout"], "values": [{"value": "\n", "step": null, "ts": 1667651167.659664}]}, "version": 412}
{"obj": {"type": "LogFloats", "path": ["training", "train_acc_epoch"], "values": [{"value": 0.7898617386817932, "step": null, "ts": 1667651167.6686373}]}, "version": 413}
{"obj": {"type": "LogFloats", "path": ["training", "epoch"], "values": [{"value": 15.0, "step": null, "ts": 1667651167.6716735}]}, "version": 414}
{"obj": {"type": "LogFloats", "path": ["training", "train_acc_step"], "values": [{"value": 0.8125, "step": null, "ts": 1667651168.2137232}]}, "version": 415}
{"obj": {"type": "LogFloats", "path": ["training", "train_loss"], "values": [{"value": 1.4315556287765503, "step": null, "ts": 1667651168.2178164}]}, "version": 416}
{"obj": {"type": "LogFloats", "path": ["training", "epoch"], "values": [{"value": 16.0, "step": null, "ts": 1667651168.2205648}]}, "version": 417}
{"obj": {"type": "LogFloats", "path": ["training", "train_acc_step"], "values": [{"value": 0.6875, "step": null, "ts": 1667651168.4964128}]}, "version": 418}
{"obj": {"type": "LogFloats", "path": ["training", "train_loss"], "values": [{"value": 1.447510004043579, "step": null, "ts": 1667651168.4997854}]}, "version": 419}
{"obj": {"type": "LogFloats", "path": ["training", "epoch"], "values": [{"value": 16.0, "step": null, "ts": 1667651168.5026245}]}, "version": 420}
{"obj": {"type": "LogFloats", "path": ["training", "train_acc_step"], "values": [{"value": 0.90625, "step": null, "ts": 1667651168.7795413}]}, "version": 421}
{"obj": {"type": "LogFloats", "path": ["training", "train_loss"], "values": [{"value": 1.4394254684448242, "step": null, "ts": 1667651168.7827365}]}, "version": 422}
{"obj": {"type": "LogFloats", "path": ["training", "epoch"], "values": [{"value": 16.0, "step": null, "ts": 1667651168.7856307}]}, "version": 423}
{"obj": {"type": "LogStrings", "path": ["monitoring", "stdout"], "values": [{"value": "{'progress_bar': {'val_loss': 1.4365910291671753}, 'log': {'val_loss': 1.4365910291671753}, 'val_loss': 1.4365910291671753}", "step": null, "ts": 1667651169.6672382}]}, "version": 424}
{"obj": {"type": "LogStrings", "path": ["monitoring", "stdout"], "values": [{"value": "\n", "step": null, "ts": 1667651169.670766}]}, "version": 425}
{"obj": {"type": "LogStrings", "path": ["monitoring", "stdout"], "values": [{"value": "Accuracy: 0.7805013656616211", "step": null, "ts": 1667651169.67395}]}, "version": 426}
{"obj": {"type": "LogStrings", "path": ["monitoring", "stdout"], "values": [{"value": "\n", "step": null, "ts": 1667651169.6769564}]}, "version": 427}
{"obj": {"type": "LogFloats", "path": ["training", "val_loss"], "values": [{"value": 1.4369653463363647, "step": null, "ts": 1667651169.680134}]}, "version": 428}
{"obj": {"type": "LogFloats", "path": ["training", "val_acc_step"], "values": [{"value": 0.7805013656616211, "step": null, "ts": 1667651169.6827483}]}, "version": 429}
{"obj": {"type": "LogFloats", "path": ["training", "val_acc_epoch"], "values": [{"value": 0.7805013656616211, "step": null, "ts": 1667651169.6852872}]}, "version": 430}
{"obj": {"type": "LogFloats", "path": ["training", "epoch"], "values": [{"value": 16.0, "step": null, "ts": 1667651169.6878984}]}, "version": 431}
{"obj": {"type": "LogStrings", "path": ["monitoring", "stdout"], "values": [{"value": "Accuracy: 0.7870967984199524", "step": null, "ts": 1667651169.6933193}]}, "version": 432}
{"obj": {"type": "LogStrings", "path": ["monitoring", "stdout"], "values": [{"value": "\n", "step": null, "ts": 1667651169.696102}]}, "version": 433}
{"obj": {"type": "LogFloats", "path": ["training", "train_acc_epoch"], "values": [{"value": 0.7870967984199524, "step": null, "ts": 1667651169.7055032}]}, "version": 434}
{"obj": {"type": "LogFloats", "path": ["training", "epoch"], "values": [{"value": 16.0, "step": null, "ts": 1667651169.708493}]}, "version": 435}
{"obj": {"type": "LogFloats", "path": ["training", "train_acc_step"], "values": [{"value": 0.78125, "step": null, "ts": 1667651170.1780074}]}, "version": 436}
{"obj": {"type": "LogFloats", "path": ["training", "train_loss"], "values": [{"value": 1.4359872341156006, "step": null, "ts": 1667651170.181365}]}, "version": 437}
{"obj": {"type": "LogFloats", "path": ["training", "epoch"], "values": [{"value": 17.0, "step": null, "ts": 1667651170.1844194}]}, "version": 438}
{"obj": {"type": "LogFloats", "path": ["training", "train_acc_step"], "values": [{"value": 0.84375, "step": null, "ts": 1667651170.456902}]}, "version": 439}
{"obj": {"type": "LogFloats", "path": ["training", "train_loss"], "values": [{"value": 1.4259474277496338, "step": null, "ts": 1667651170.4604805}]}, "version": 440}
{"obj": {"type": "LogFloats", "path": ["training", "epoch"], "values": [{"value": 17.0, "step": null, "ts": 1667651170.4633055}]}, "version": 441}
{"obj": {"type": "LogFloats", "path": ["training", "train_acc_step"], "values": [{"value": 0.78125, "step": null, "ts": 1667651170.7414234}]}, "version": 442}
{"obj": {"type": "LogFloats", "path": ["training", "train_loss"], "values": [{"value": 1.4431207180023193, "step": null, "ts": 1667651170.7446609}]}, "version": 443}
{"obj": {"type": "LogFloats", "path": ["training", "epoch"], "values": [{"value": 17.0, "step": null, "ts": 1667651170.747439}]}, "version": 444}
{"obj": {"type": "LogFloats", "path": ["training", "train_acc_step"], "values": [{"value": 0.75, "step": null, "ts": 1667651171.021299}]}, "version": 445}
{"obj": {"type": "LogFloats", "path": ["training", "train_loss"], "values": [{"value": 1.4411404132843018, "step": null, "ts": 1667651171.0245004}]}, "version": 446}
{"obj": {"type": "LogFloats", "path": ["training", "epoch"], "values": [{"value": 17.0, "step": null, "ts": 1667651171.0273445}]}, "version": 447}
{"obj": {"type": "LogStrings", "path": ["monitoring", "stdout"], "values": [{"value": "{'progress_bar': {'val_loss': 1.4458566904067993}, 'log': {'val_loss': 1.4458566904067993}, 'val_loss': 1.4458566904067993}", "step": null, "ts": 1667651171.7588253}]}, "version": 448}
{"obj": {"type": "LogStrings", "path": ["monitoring", "stdout"], "values": [{"value": "\n", "step": null, "ts": 1667651171.76189}]}, "version": 449}
{"obj": {"type": "LogStrings", "path": ["monitoring", "stdout"], "values": [{"value": "Accuracy: 0.7849582433700562", "step": null, "ts": 1667651171.764556}]}, "version": 450}
{"obj": {"type": "LogStrings", "path": ["monitoring", "stdout"], "values": [{"value": "\n", "step": null, "ts": 1667651171.767015}]}, "version": 451}
{"obj": {"type": "LogFloats", "path": ["training", "val_loss"], "values": [{"value": 1.4464282989501953, "step": null, "ts": 1667651171.7697778}]}, "version": 452}
{"obj": {"type": "LogFloats", "path": ["training", "val_acc_step"], "values": [{"value": 0.7849582433700562, "step": null, "ts": 1667651171.7722154}]}, "version": 453}
{"obj": {"type": "LogFloats", "path": ["training", "val_acc_epoch"], "values": [{"value": 0.7849582433700562, "step": null, "ts": 1667651171.7746918}]}, "version": 454}
{"obj": {"type": "LogFloats", "path": ["training", "epoch"], "values": [{"value": 17.0, "step": null, "ts": 1667651171.7772577}]}, "version": 455}
{"obj": {"type": "LogStrings", "path": ["monitoring", "stdout"], "values": [{"value": "Accuracy: 0.7885714173316956", "step": null, "ts": 1667651171.7823594}]}, "version": 456}
{"obj": {"type": "LogStrings", "path": ["monitoring", "stdout"], "values": [{"value": "\n", "step": null, "ts": 1667651171.785034}]}, "version": 457}
{"obj": {"type": "LogFloats", "path": ["training", "train_acc_epoch"], "values": [{"value": 0.7885714173316956, "step": null, "ts": 1667651171.7944736}]}, "version": 458}
{"obj": {"type": "LogFloats", "path": ["training", "epoch"], "values": [{"value": 17.0, "step": null, "ts": 1667651171.7972276}]}, "version": 459}
{"obj": {"type": "LogFloats", "path": ["training", "train_acc_step"], "values": [{"value": 0.6875, "step": null, "ts": 1667651172.4215074}]}, "version": 460}
{"obj": {"type": "LogFloats", "path": ["training", "train_loss"], "values": [{"value": 1.4502813816070557, "step": null, "ts": 1667651172.424856}]}, "version": 461}
{"obj": {"type": "LogFloats", "path": ["training", "epoch"], "values": [{"value": 18.0, "step": null, "ts": 1667651172.4278567}]}, "version": 462}
{"obj": {"type": "LogFloats", "path": ["training", "train_acc_step"], "values": [{"value": 0.78125, "step": null, "ts": 1667651172.7053943}]}, "version": 463}
{"obj": {"type": "LogFloats", "path": ["training", "train_loss"], "values": [{"value": 1.4335720539093018, "step": null, "ts": 1667651172.7086911}]}, "version": 464}
{"obj": {"type": "LogFloats", "path": ["training", "epoch"], "values": [{"value": 18.0, "step": null, "ts": 1667651172.711518}]}, "version": 465}
{"obj": {"type": "LogFloats", "path": ["training", "train_acc_step"], "values": [{"value": 0.875, "step": null, "ts": 1667651172.9898238}]}, "version": 466}
{"obj": {"type": "LogFloats", "path": ["training", "train_loss"], "values": [{"value": 1.4230408668518066, "step": null, "ts": 1667651172.993012}]}, "version": 467}
{"obj": {"type": "LogFloats", "path": ["training", "epoch"], "values": [{"value": 18.0, "step": null, "ts": 1667651172.9960253}]}, "version": 468}
{"obj": {"type": "LogStrings", "path": ["monitoring", "stdout"], "values": [{"value": "{'progress_bar': {'val_loss': 1.432733416557312}, 'log': {'val_loss': 1.432733416557312}, 'val_loss': 1.432733416557312}", "step": null, "ts": 1667651173.8244798}]}, "version": 469}
{"obj": {"type": "LogStrings", "path": ["monitoring", "stdout"], "values": [{"value": "\n", "step": null, "ts": 1667651173.8277903}]}, "version": 470}
{"obj": {"type": "LogStrings", "path": ["monitoring", "stdout"], "values": [{"value": "Accuracy: 0.7888579368591309", "step": null, "ts": 1667651173.8305533}]}, "version": 471}
{"obj": {"type": "LogStrings", "path": ["monitoring", "stdout"], "values": [{"value": "\n", "step": null, "ts": 1667651173.8330355}]}, "version": 472}
{"obj": {"type": "LogFloats", "path": ["training", "val_loss"], "values": [{"value": 1.4330941438674927, "step": null, "ts": 1667651173.8361588}]}, "version": 473}
{"obj": {"type": "LogFloats", "path": ["training", "val_acc_step"], "values": [{"value": 0.7888579368591309, "step": null, "ts": 1667651173.8387358}]}, "version": 474}
{"obj": {"type": "LogFloats", "path": ["training", "val_acc_epoch"], "values": [{"value": 0.7888579368591309, "step": null, "ts": 1667651173.8413181}]}, "version": 475}
{"obj": {"type": "LogFloats", "path": ["training", "epoch"], "values": [{"value": 18.0, "step": null, "ts": 1667651173.8440387}]}, "version": 476}
{"obj": {"type": "LogStrings", "path": ["monitoring", "stdout"], "values": [{"value": "Accuracy: 0.7850691080093384", "step": null, "ts": 1667651173.8491623}]}, "version": 477}
{"obj": {"type": "LogStrings", "path": ["monitoring", "stdout"], "values": [{"value": "\n", "step": null, "ts": 1667651173.8518002}]}, "version": 478}
{"obj": {"type": "LogFloats", "path": ["training", "train_acc_epoch"], "values": [{"value": 0.7850691080093384, "step": null, "ts": 1667651173.8609207}]}, "version": 479}
{"obj": {"type": "LogFloats", "path": ["training", "epoch"], "values": [{"value": 18.0, "step": null, "ts": 1667651173.8638756}]}, "version": 480}
{"obj": {"type": "LogFloats", "path": ["monitoring", "cpu"], "values": [{"value": 18.8, "step": null, "ts": 1667651173.9363046}]}, "version": 481}
{"obj": {"type": "LogFloats", "path": ["monitoring", "memory"], "values": [{"value": 9.91061782836914, "step": null, "ts": 1667651173.9363046}]}, "version": 482}
{"obj": {"type": "LogFloats", "path": ["monitoring", "gpu_0"], "values": [{"value": 38.0, "step": null, "ts": 1667651173.9363046}]}, "version": 483}
{"obj": {"type": "LogFloats", "path": ["monitoring", "gpu_memory_0"], "values": [{"value": 1.46685791015625, "step": null, "ts": 1667651173.9363046}]}, "version": 484}
{"obj": {"type": "LogFloats", "path": ["monitoring", "gpu_memory_1"], "values": [{"value": 0.232177734375, "step": null, "ts": 1667651173.9363046}]}, "version": 485}
{"obj": {"type": "LogFloats", "path": ["training", "train_acc_step"], "values": [{"value": 0.875, "step": null, "ts": 1667651174.3830643}]}, "version": 486}
{"obj": {"type": "LogFloats", "path": ["training", "train_loss"], "values": [{"value": 1.437906265258789, "step": null, "ts": 1667651174.3863096}]}, "version": 487}
{"obj": {"type": "LogFloats", "path": ["training", "epoch"], "values": [{"value": 19.0, "step": null, "ts": 1667651174.389143}]}, "version": 488}
{"obj": {"type": "LogFloats", "path": ["training", "train_acc_step"], "values": [{"value": 0.75, "step": null, "ts": 1667651174.6683064}]}, "version": 489}
{"obj": {"type": "LogFloats", "path": ["training", "train_loss"], "values": [{"value": 1.4335715770721436, "step": null, "ts": 1667651174.6713011}]}, "version": 490}
{"obj": {"type": "LogFloats", "path": ["training", "epoch"], "values": [{"value": 19.0, "step": null, "ts": 1667651174.673778}]}, "version": 491}
{"obj": {"type": "LogFloats", "path": ["training", "train_acc_step"], "values": [{"value": 0.78125, "step": null, "ts": 1667651174.9469833}]}, "version": 492}
{"obj": {"type": "LogFloats", "path": ["training", "train_loss"], "values": [{"value": 1.4310240745544434, "step": null, "ts": 1667651174.9503248}]}, "version": 493}
{"obj": {"type": "LogFloats", "path": ["training", "epoch"], "values": [{"value": 19.0, "step": null, "ts": 1667651174.9531229}]}, "version": 494}
{"obj": {"type": "LogFloats", "path": ["training", "train_acc_step"], "values": [{"value": 0.8823529481887817, "step": null, "ts": 1667651175.2251403}]}, "version": 495}
{"obj": {"type": "LogFloats", "path": ["training", "train_loss"], "values": [{"value": 1.425750732421875, "step": null, "ts": 1667651175.2282424}]}, "version": 496}
{"obj": {"type": "LogFloats", "path": ["training", "epoch"], "values": [{"value": 19.0, "step": null, "ts": 1667651175.230989}]}, "version": 497}
{"obj": {"type": "LogStrings", "path": ["monitoring", "stdout"], "values": [{"value": "{'progress_bar': {'val_loss': 1.4333909749984741}, 'log': {'val_loss': 1.4333909749984741}, 'val_loss': 1.4333909749984741}", "step": null, "ts": 1667651175.9065585}]}, "version": 498}
{"obj": {"type": "LogStrings", "path": ["monitoring", "stdout"], "values": [{"value": "\n", "step": null, "ts": 1667651175.9097307}]}, "version": 499}
{"obj": {"type": "LogStrings", "path": ["monitoring", "stdout"], "values": [{"value": "Accuracy: 0.7899721264839172", "step": null, "ts": 1667651175.91287}]}, "version": 500}
{"obj": {"type": "LogStrings", "path": ["monitoring", "stdout"], "values": [{"value": "\n", "step": null, "ts": 1667651175.915648}]}, "version": 501}
{"obj": {"type": "LogFloats", "path": ["training", "val_loss"], "values": [{"value": 1.433763027191162, "step": null, "ts": 1667651175.918784}]}, "version": 502}
{"obj": {"type": "LogFloats", "path": ["training", "val_acc_step"], "values": [{"value": 0.7899721264839172, "step": null, "ts": 1667651175.921287}]}, "version": 503}
{"obj": {"type": "LogFloats", "path": ["training", "val_acc_epoch"], "values": [{"value": 0.7899721264839172, "step": null, "ts": 1667651175.9237103}]}, "version": 504}
{"obj": {"type": "LogFloats", "path": ["training", "epoch"], "values": [{"value": 19.0, "step": null, "ts": 1667651175.9261138}]}, "version": 505}
{"obj": {"type": "LogStrings", "path": ["monitoring", "stdout"], "values": [{"value": "Accuracy: 0.7907834053039551", "step": null, "ts": 1667651175.9312186}]}, "version": 506}
{"obj": {"type": "LogStrings", "path": ["monitoring", "stdout"], "values": [{"value": "\n", "step": null, "ts": 1667651175.933997}]}, "version": 507}
{"obj": {"type": "LogFloats", "path": ["training", "train_acc_epoch"], "values": [{"value": 0.7907834053039551, "step": null, "ts": 1667651175.9430847}]}, "version": 508}
{"obj": {"type": "LogFloats", "path": ["training", "epoch"], "values": [{"value": 19.0, "step": null, "ts": 1667651175.945909}]}, "version": 509}
{"obj": {"type": "LogFloats", "path": ["training", "train_acc_step"], "values": [{"value": 0.8125, "step": null, "ts": 1667651176.6046448}]}, "version": 510}
{"obj": {"type": "LogFloats", "path": ["training", "train_loss"], "values": [{"value": 1.4450479745864868, "step": null, "ts": 1667651176.6080697}]}, "version": 511}
{"obj": {"type": "LogFloats", "path": ["training", "epoch"], "values": [{"value": 20.0, "step": null, "ts": 1667651176.6108224}]}, "version": 512}
{"obj": {"type": "LogFloats", "path": ["training", "train_acc_step"], "values": [{"value": 0.875, "step": null, "ts": 1667651176.8714423}]}, "version": 513}
{"obj": {"type": "LogFloats", "path": ["training", "train_loss"], "values": [{"value": 1.4345964193344116, "step": null, "ts": 1667651176.874228}]}, "version": 514}
{"obj": {"type": "LogFloats", "path": ["training", "epoch"], "values": [{"value": 20.0, "step": null, "ts": 1667651176.876992}]}, "version": 515}
{"obj": {"type": "LogFloats", "path": ["training", "train_acc_step"], "values": [{"value": 0.84375, "step": null, "ts": 1667651177.1361396}]}, "version": 516}
{"obj": {"type": "LogFloats", "path": ["training", "train_loss"], "values": [{"value": 1.4332332611083984, "step": null, "ts": 1667651177.1381588}]}, "version": 517}
{"obj": {"type": "LogFloats", "path": ["training", "epoch"], "values": [{"value": 20.0, "step": null, "ts": 1667651177.1398966}]}, "version": 518}
{"obj": {"type": "LogStrings", "path": ["monitoring", "stdout"], "values": [{"value": "{'progress_bar': {'val_loss': 1.4324735403060913}, 'log': {'val_loss': 1.4324735403060913}, 'val_loss': 1.4324735403060913}", "step": null, "ts": 1667651177.9241562}]}, "version": 519}
{"obj": {"type": "LogStrings", "path": ["monitoring", "stdout"], "values": [{"value": "\n", "step": null, "ts": 1667651177.9273937}]}, "version": 520}
{"obj": {"type": "LogStrings", "path": ["monitoring", "stdout"], "values": [{"value": "Accuracy: 0.7899721264839172", "step": null, "ts": 1667651177.9301188}]}, "version": 521}
{"obj": {"type": "LogStrings", "path": ["monitoring", "stdout"], "values": [{"value": "\n", "step": null, "ts": 1667651177.9325674}]}, "version": 522}
{"obj": {"type": "LogFloats", "path": ["training", "val_loss"], "values": [{"value": 1.432830572128296, "step": null, "ts": 1667651177.9354553}]}, "version": 523}
{"obj": {"type": "LogFloats", "path": ["training", "val_acc_step"], "values": [{"value": 0.7899721264839172, "step": null, "ts": 1667651177.9378462}]}, "version": 524}
{"obj": {"type": "LogFloats", "path": ["training", "val_acc_epoch"], "values": [{"value": 0.7899721264839172, "step": null, "ts": 1667651177.9402027}]}, "version": 525}
{"obj": {"type": "LogFloats", "path": ["training", "epoch"], "values": [{"value": 20.0, "step": null, "ts": 1667651177.942517}]}, "version": 526}
{"obj": {"type": "LogStrings", "path": ["monitoring", "stdout"], "values": [{"value": "Accuracy: 0.7893087267875671", "step": null, "ts": 1667651177.9479575}]}, "version": 527}
{"obj": {"type": "LogStrings", "path": ["monitoring", "stdout"], "values": [{"value": "\n", "step": null, "ts": 1667651177.9506354}]}, "version": 528}
{"obj": {"type": "LogFloats", "path": ["training", "train_acc_epoch"], "values": [{"value": 0.7893087267875671, "step": null, "ts": 1667651177.959966}]}, "version": 529}
{"obj": {"type": "LogFloats", "path": ["training", "epoch"], "values": [{"value": 20.0, "step": null, "ts": 1667651177.9628634}]}, "version": 530}
{"obj": {"type": "AssignString", "path": ["training", "status"], "value": "success"}, "version": 531}
{"obj": {"type": "LogStrings", "path": ["monitoring", "stdout"], "values": [{"value": "Shutting down background jobs, please wait a moment...\n", "step": null, "ts": 1667651178.1355348}]}, "version": 532}
