{"obj": {"type": "AssignString", "path": ["sys", "name"], "value": "Untitled"}, "version": 1}
{"obj": {"type": "AssignString", "path": ["sys", "description"], "value": ""}, "version": 2}
{"obj": {"type": "AssignString", "path": ["sys", "hostname"], "value": "node6"}, "version": 3}
{"obj": {"type": "AssignBool", "path": ["sys", "failed"], "value": false}, "version": 4}
{"obj": {"type": "ClearStringLog", "path": ["monitoring", "stdout"]}, "version": 5}
{"obj": {"type": "ClearStringLog", "path": ["monitoring", "stderr"]}, "version": 6}
{"obj": {"type": "UploadFileSet", "path": ["source_code", "files"], "file_globs": ["/home/aron/BCM_activity_classification/train_model.ipynb", "/home/aron/BCM_activity_classification/model.py", "/home/aron/BCM_activity_classification/BCM_dataset_v2.py"], "reset": "False"}, "version": 7}
{"obj": {"type": "ConfigFloatSeries", "path": ["monitoring", "cpu"], "min": 0.0, "max": 100.0, "unit": "%"}, "version": 8}
{"obj": {"type": "ClearFloatLog", "path": ["monitoring", "cpu"]}, "version": 9}
{"obj": {"type": "ConfigFloatSeries", "path": ["monitoring", "memory"], "min": 0.0, "max": 62.711673736572266, "unit": "GB"}, "version": 10}
{"obj": {"type": "ClearFloatLog", "path": ["monitoring", "memory"]}, "version": 11}
{"obj": {"type": "ConfigFloatSeries", "path": ["monitoring", "gpu_0"], "min": 0.0, "max": 100.0, "unit": "%"}, "version": 12}
{"obj": {"type": "ClearFloatLog", "path": ["monitoring", "gpu_0"]}, "version": 13}
{"obj": {"type": "ConfigFloatSeries", "path": ["monitoring", "gpu_1"], "min": 0.0, "max": 100.0, "unit": "%"}, "version": 14}
{"obj": {"type": "ClearFloatLog", "path": ["monitoring", "gpu_1"]}, "version": 15}
{"obj": {"type": "ConfigFloatSeries", "path": ["monitoring", "gpu_memory_0"], "min": 0.0, "max": 12.0, "unit": "GB"}, "version": 16}
{"obj": {"type": "ClearFloatLog", "path": ["monitoring", "gpu_memory_0"]}, "version": 17}
{"obj": {"type": "ConfigFloatSeries", "path": ["monitoring", "gpu_memory_1"], "min": 0.0, "max": 12.0, "unit": "GB"}, "version": 18}
{"obj": {"type": "ClearFloatLog", "path": ["monitoring", "gpu_memory_1"]}, "version": 19}
{"obj": {"type": "LogStrings", "path": ["monitoring", "stdout"], "values": [{"value": "", "step": null, "ts": 1668463337.0418282}]}, "version": 20}
{"obj": {"type": "LogFloats", "path": ["monitoring", "cpu"], "values": [{"value": 11.6, "step": null, "ts": 1668463337.0394473}]}, "version": 21}
{"obj": {"type": "LogStrings", "path": ["monitoring", "stdout"], "values": [{"value": "Remember to stop your run once you\u2019ve finished logging your metadata (https://docs.neptune.ai/api-reference/run#.stop). It will be stopped automatically only when the notebook kernel/interactive console is terminated.\n", "step": null, "ts": 1668463337.04678}]}, "version": 22}
{"obj": {"type": "LogFloats", "path": ["monitoring", "memory"], "values": [{"value": 5.834949493408203, "step": null, "ts": 1668463337.0394473}]}, "version": 23}
{"obj": {"type": "LogFloats", "path": ["monitoring", "gpu_memory_0"], "values": [{"value": 1.33013916015625, "step": null, "ts": 1668463337.0394473}]}, "version": 24}
{"obj": {"type": "LogFloats", "path": ["monitoring", "gpu_memory_1"], "values": [{"value": 0.232177734375, "step": null, "ts": 1668463337.0394473}]}, "version": 25}
{"obj": {"type": "AssignString", "path": ["source_code", "integrations", "pytorch-lightning"], "value": "1.7.5"}, "version": 26}
{"obj": {"type": "LogStrings", "path": ["metadata", "file_path"], "values": [{"value": "['bcm_behaviour_data_multi_subject/subject2/2022-11-09_14-34-16', 'bcm_behaviour_data_multi_subject/subject2/2022-11-09_14-52-7', 'bcm_behaviour_data_multi_subject/subject2/2022-11-09_14-15-6', 'bcm_behaviour_data_multi_subject/subject2/2022-11-09_13-56-0', 'bcm_behaviour_data_multi_subject/subject3/2022-11-09_15-47-1', 'bcm_behaviour_data_multi_subject/subject3/2022-11-09_16-26-13', 'bcm_behaviour_data_multi_subject/subject3/2022-11-09_15-27-14', 'bcm_behaviour_data_multi_subject/subject3/2022-11-09_16-7-9']", "step": null, "ts": 1668463337.7206573}, {"value": "['bcm_behaviour_data_multi_subject/subject1/2022-09-20_15-38-11'\n 'bcm_behaviour_data_multi_subject/subject1/2022-09-20_14-58-39'\n 'bcm_behaviour_data_multi_subject/subject1/2022-09-20_15-57-37']", "step": null, "ts": 1668463337.7206573}, {"value": "['bcm_behaviour_data_multi_subject/subject1/2022-09-20_15-18-27']", "step": null, "ts": 1668463337.7206573}]}, "version": 27}
{"obj": {"type": "LogFloats", "path": ["metadata", "window_size"], "values": [{"value": 3.0, "step": null, "ts": 1668463337.7238643}]}, "version": 28}
{"obj": {"type": "LogFloats", "path": ["metadata", "stride"], "values": [{"value": 1.0, "step": null, "ts": 1668463337.7269356}]}, "version": 29}
{"obj": {"type": "LogFloats", "path": ["metadata", "MFCC_stride"], "values": [{"value": 0.032, "step": null, "ts": 1668463337.7298915}]}, "version": 30}
{"obj": {"type": "LogFloats", "path": ["metadata", "mfccs_pr_window"], "values": [{"value": 93.0, "step": null, "ts": 1668463337.7325113}]}, "version": 31}
{"obj": {"type": "LogFloats", "path": ["metadata", "lr"], "values": [{"value": 0.001, "step": null, "ts": 1668463337.7492483}]}, "version": 32}
{"obj": {"type": "LogFloats", "path": ["metadata", "batch_size"], "values": [{"value": 32.0, "step": null, "ts": 1668463337.752231}]}, "version": 33}
{"obj": {"type": "LogFloats", "path": ["metadata", "lstm_layers"], "values": [{"value": 1.0, "step": null, "ts": 1668463337.755239}]}, "version": 34}
{"obj": {"type": "LogFloats", "path": ["metadata", "lstm_hidden_size"], "values": [{"value": 128.0, "step": null, "ts": 1668463337.757982}]}, "version": 35}
{"obj": {"type": "LogFloats", "path": ["metadata", "weight_decay"], "values": [{"value": 0.0, "step": null, "ts": 1668463337.760539}]}, "version": 36}
{"obj": {"type": "LogFloats", "path": ["metadata", "occlusion"], "values": [{"value": 0.0, "step": null, "ts": 1668463337.7631478}]}, "version": 37}
{"obj": {"type": "LogFloats", "path": ["metadata", "seed"], "values": [{"value": 100.0, "step": null, "ts": 1668463337.7657478}]}, "version": 38}
{"obj": {"type": "LogFloats", "path": ["metadata", "train_set_length"], "values": [{"value": 14360.0, "step": null, "ts": 1668463337.7683709}]}, "version": 39}
{"obj": {"type": "LogFloats", "path": ["metadata", "val_set_length"], "values": [{"value": 5385.0, "step": null, "ts": 1668463337.7713077}]}, "version": 40}
{"obj": {"type": "LogStrings", "path": ["monitoring", "stderr"], "values": [{"value": "/home/aron/.local/lib/python3.9/site-packages/pytorch_lightning/core/module.py:555: UserWarning: To copy construct from a tensor, it is recommended to use sourceTensor.clone().detach() or sourceTensor.clone().detach().requires_grad_(True), rather than torch.tensor(sourceTensor).\n  value = torch.tensor(value, device=self.device)\n", "step": null, "ts": 1668463338.050574}]}, "version": 41}
{"obj": {"type": "LogStrings", "path": ["monitoring", "stdout"], "values": [{"value": "{'progress_bar': {'val_loss': 1.6103551387786865}, 'log': {'val_loss': 1.6103551387786865}, 'val_loss': 1.6103551387786865}", "step": null, "ts": 1668463338.0638945}]}, "version": 42}
{"obj": {"type": "LogStrings", "path": ["monitoring", "stdout"], "values": [{"value": "\n", "step": null, "ts": 1668463338.066678}]}, "version": 43}
{"obj": {"type": "LogStrings", "path": ["monitoring", "stdout"], "values": [{"value": "Accuracy: 0.015625", "step": null, "ts": 1668463338.0701044}]}, "version": 44}
{"obj": {"type": "LogStrings", "path": ["monitoring", "stdout"], "values": [{"value": "\n", "step": null, "ts": 1668463338.0729203}]}, "version": 45}
{"obj": {"type": "LogFloats", "path": ["training", "train_acc_step"], "values": [{"value": 0.6875, "step": null, "ts": 1668463338.6072567}]}, "version": 46}
{"obj": {"type": "LogFloats", "path": ["training", "train_loss"], "values": [{"value": 1.4950337409973145, "step": null, "ts": 1668463338.6105013}]}, "version": 47}
{"obj": {"type": "LogFloats", "path": ["training", "epoch"], "values": [{"value": 0.0, "step": null, "ts": 1668463338.6131513}]}, "version": 48}
{"obj": {"type": "LogFloats", "path": ["training", "train_acc_step"], "values": [{"value": 0.75, "step": null, "ts": 1668463338.8721988}]}, "version": 49}
{"obj": {"type": "LogFloats", "path": ["training", "train_loss"], "values": [{"value": 1.4827864170074463, "step": null, "ts": 1668463338.8753}]}, "version": 50}
{"obj": {"type": "LogFloats", "path": ["training", "epoch"], "values": [{"value": 0.0, "step": null, "ts": 1668463338.8781452}]}, "version": 51}
{"obj": {"type": "LogFloats", "path": ["training", "train_acc_step"], "values": [{"value": 0.78125, "step": null, "ts": 1668463339.1368628}]}, "version": 52}
{"obj": {"type": "LogFloats", "path": ["training", "train_loss"], "values": [{"value": 1.4678884744644165, "step": null, "ts": 1668463339.139432}]}, "version": 53}
{"obj": {"type": "LogFloats", "path": ["training", "epoch"], "values": [{"value": 0.0, "step": null, "ts": 1668463339.1418607}]}, "version": 54}
{"obj": {"type": "LogFloats", "path": ["training", "train_acc_step"], "values": [{"value": 0.65625, "step": null, "ts": 1668463339.4017031}]}, "version": 55}
{"obj": {"type": "LogFloats", "path": ["training", "train_loss"], "values": [{"value": 1.4728928804397583, "step": null, "ts": 1668463339.40473}]}, "version": 56}
{"obj": {"type": "LogFloats", "path": ["training", "epoch"], "values": [{"value": 0.0, "step": null, "ts": 1668463339.4074667}]}, "version": 57}
{"obj": {"type": "LogFloats", "path": ["training", "train_acc_step"], "values": [{"value": 0.59375, "step": null, "ts": 1668463339.6695235}]}, "version": 58}
{"obj": {"type": "LogFloats", "path": ["training", "train_loss"], "values": [{"value": 1.4699225425720215, "step": null, "ts": 1668463339.6722515}]}, "version": 59}
{"obj": {"type": "LogFloats", "path": ["training", "epoch"], "values": [{"value": 0.0, "step": null, "ts": 1668463339.6748528}]}, "version": 60}
{"obj": {"type": "LogFloats", "path": ["training", "train_acc_step"], "values": [{"value": 0.8125, "step": null, "ts": 1668463339.9412472}]}, "version": 61}
{"obj": {"type": "LogFloats", "path": ["training", "train_loss"], "values": [{"value": 1.462418794631958, "step": null, "ts": 1668463339.9442456}]}, "version": 62}
{"obj": {"type": "LogFloats", "path": ["training", "epoch"], "values": [{"value": 0.0, "step": null, "ts": 1668463339.9471004}]}, "version": 63}
{"obj": {"type": "LogFloats", "path": ["training", "train_acc_step"], "values": [{"value": 0.78125, "step": null, "ts": 1668463340.2120516}]}, "version": 64}
{"obj": {"type": "LogFloats", "path": ["training", "train_loss"], "values": [{"value": 1.456087589263916, "step": null, "ts": 1668463340.2146835}]}, "version": 65}
{"obj": {"type": "LogFloats", "path": ["training", "epoch"], "values": [{"value": 0.0, "step": null, "ts": 1668463340.2169144}]}, "version": 66}
{"obj": {"type": "LogFloats", "path": ["training", "train_acc_step"], "values": [{"value": 0.71875, "step": null, "ts": 1668463340.4815116}]}, "version": 67}
{"obj": {"type": "LogFloats", "path": ["training", "train_loss"], "values": [{"value": 1.4507091045379639, "step": null, "ts": 1668463340.4846675}]}, "version": 68}
{"obj": {"type": "LogFloats", "path": ["training", "epoch"], "values": [{"value": 0.0, "step": null, "ts": 1668463340.4873497}]}, "version": 69}
{"obj": {"type": "LogStrings", "path": ["monitoring", "stdout"], "values": [{"value": "{'progress_bar': {'val_loss': 1.4601227045059204}, 'log': {'val_loss': 1.4601227045059204}, 'val_loss': 1.4601227045059204}", "step": null, "ts": 1668463341.8742008}]}, "version": 70}
{"obj": {"type": "LogStrings", "path": ["monitoring", "stdout"], "values": [{"value": "\n", "step": null, "ts": 1668463341.8773856}]}, "version": 71}
{"obj": {"type": "LogStrings", "path": ["monitoring", "stdout"], "values": [{"value": "Accuracy: 0.7708449363708496", "step": null, "ts": 1668463341.8802648}]}, "version": 72}
{"obj": {"type": "LogStrings", "path": ["monitoring", "stdout"], "values": [{"value": "\n", "step": null, "ts": 1668463341.883347}]}, "version": 73}
{"obj": {"type": "LogFloats", "path": ["training", "val_loss"], "values": [{"value": 1.460330843925476, "step": null, "ts": 1668463341.886717}]}, "version": 74}
{"obj": {"type": "LogFloats", "path": ["training", "val_acc_step"], "values": [{"value": 0.7708449363708496, "step": null, "ts": 1668463341.8895562}]}, "version": 75}
{"obj": {"type": "LogFloats", "path": ["training", "val_acc_epoch"], "values": [{"value": 0.7708449363708496, "step": null, "ts": 1668463341.8922405}]}, "version": 76}
{"obj": {"type": "LogFloats", "path": ["training", "epoch"], "values": [{"value": 0.0, "step": null, "ts": 1668463341.8948421}]}, "version": 77}
{"obj": {"type": "LogStrings", "path": ["monitoring", "stdout"], "values": [{"value": "Accuracy: 0.7252785563468933", "step": null, "ts": 1668463341.902522}]}, "version": 78}
{"obj": {"type": "LogStrings", "path": ["monitoring", "stdout"], "values": [{"value": "\n", "step": null, "ts": 1668463341.9053564}]}, "version": 79}
{"obj": {"type": "AssignString", "path": ["training", "model", "best_model_path"], "value": "/home/aron/BCM_activity_classification/checkpoints/latest_checkpoint-v22.ckpt"}, "version": 80}
{"obj": {"type": "UploadFile", "path": ["training", "model", "checkpoints", "latest_checkpoint-v22"], "ext": "ckpt", "file_path": "/home/aron/BCM_activity_classification/checkpoints/latest_checkpoint-v22.ckpt"}, "version": 81}
{"obj": {"type": "LogFloats", "path": ["training", "train_acc_epoch"], "values": [{"value": 0.7252785563468933, "step": null, "ts": 1668463341.9410746}]}, "version": 82}
{"obj": {"type": "LogFloats", "path": ["training", "epoch"], "values": [{"value": 0.0, "step": null, "ts": 1668463341.9437754}]}, "version": 83}
{"obj": {"type": "AssignString", "path": ["training", "status"], "value": "success"}, "version": 84}
{"obj": {"type": "LogStrings", "path": ["monitoring", "stdout"], "values": [{"value": "checkpoints/latest_checkpoint-v22.ckpt", "step": null, "ts": 1668463342.1134374}]}, "version": 85}
{"obj": {"type": "LogStrings", "path": ["monitoring", "stdout"], "values": [{"value": "\n", "step": null, "ts": 1668463342.116211}]}, "version": 86}
{"obj": {"type": "LogStrings", "path": ["monitoring", "stderr"], "values": [{"value": "/home/aron/.local/lib/python3.9/site-packages/pytorch_lightning/trainer/connectors/checkpoint_connector.py:52: LightningDeprecationWarning: Setting `Trainer(resume_from_checkpoint=)` is deprecated in v1.5 and will be removed in v1.7. Please pass `Trainer.fit(ckpt_path=)` directly instead.\n  rank_zero_deprecation(\n", "step": null, "ts": 1668463342.351695}]}, "version": 87}
{"obj": {"type": "LogStrings", "path": ["monitoring", "stdout"], "values": [{"value": "_____________________", "step": null, "ts": 1668463342.6016386}]}, "version": 88}
{"obj": {"type": "LogStrings", "path": ["monitoring", "stdout"], "values": [{"value": "\n", "step": null, "ts": 1668463342.6051908}]}, "version": 89}
{"obj": {"type": "LogStrings", "path": ["monitoring", "stdout"], "values": [{"value": "<class 'list'>", "step": null, "ts": 1668463342.608023}]}, "version": 90}
{"obj": {"type": "LogStrings", "path": ["monitoring", "stdout"], "values": [{"value": "\n", "step": null, "ts": 1668463342.610676}]}, "version": 91}
{"obj": {"type": "LogStrings", "path": ["monitoring", "stdout"], "values": [{"value": "_____________________", "step": null, "ts": 1668463342.6134393}]}, "version": 92}
{"obj": {"type": "LogStrings", "path": ["monitoring", "stdout"], "values": [{"value": "\n", "step": null, "ts": 1668463342.6160963}]}, "version": 93}
{"obj": {"type": "LogStrings", "path": ["monitoring", "stdout"], "values": [{"value": "Validation set", "step": null, "ts": 1668463342.620607}]}, "version": 94}
{"obj": {"type": "LogStrings", "path": ["monitoring", "stdout"], "values": [{"value": "\n", "step": null, "ts": 1668463342.626057}]}, "version": 95}
{"obj": {"type": "LogStrings", "path": ["monitoring", "stdout"], "values": [{"value": "bcm_behaviour_data_multi_subject/subject1/2022-09-20_15-18-27/0.npy", "step": null, "ts": 1668463342.6303256}]}, "version": 96}
{"obj": {"type": "LogStrings", "path": ["monitoring", "stdout"], "values": [{"value": "\n", "step": null, "ts": 1668463342.6330662}]}, "version": 97}
{"obj": {"type": "LogStrings", "path": ["monitoring", "stdout"], "values": [{"value": "bcm_behaviour_data_multi_subject/subject1/2022-09-20_15-18-27/1.npy", "step": null, "ts": 1668463342.6367986}]}, "version": 98}
{"obj": {"type": "LogStrings", "path": ["monitoring", "stdout"], "values": [{"value": "\n", "step": null, "ts": 1668463342.6395154}]}, "version": 99}
{"obj": {"type": "LogStrings", "path": ["monitoring", "stdout"], "values": [{"value": "bcm_behaviour_data_multi_subject/subject1/2022-09-20_15-18-27/2.npy", "step": null, "ts": 1668463342.642985}]}, "version": 100}
{"obj": {"type": "LogStrings", "path": ["monitoring", "stdout"], "values": [{"value": "\n", "step": null, "ts": 1668463342.645578}]}, "version": 101}
{"obj": {"type": "LogStrings", "path": ["monitoring", "stdout"], "values": [{"value": "bcm_behaviour_data_multi_subject/subject1/2022-09-20_15-18-27/3.npy", "step": null, "ts": 1668463342.6491072}]}, "version": 102}
{"obj": {"type": "LogStrings", "path": ["monitoring", "stdout"], "values": [{"value": "\n", "step": null, "ts": 1668463342.6518266}]}, "version": 103}
{"obj": {"type": "LogStrings", "path": ["monitoring", "stdout"], "values": [{"value": "bcm_behaviour_data_multi_subject/subject1/2022-09-20_15-18-27/4.npy", "step": null, "ts": 1668463342.6552536}]}, "version": 104}
{"obj": {"type": "LogStrings", "path": ["monitoring", "stdout"], "values": [{"value": "\n", "step": null, "ts": 1668463342.6575725}]}, "version": 105}
{"obj": {"type": "LogStrings", "path": ["monitoring", "stdout"], "values": [{"value": "Training set", "step": null, "ts": 1668463342.659979}]}, "version": 106}
{"obj": {"type": "LogStrings", "path": ["monitoring", "stdout"], "values": [{"value": "\n", "step": null, "ts": 1668463342.6624079}]}, "version": 107}
{"obj": {"type": "LogStrings", "path": ["monitoring", "stdout"], "values": [{"value": "bcm_behaviour_data_multi_subject/subject1/2022-09-20_15-18-27/0.npy", "step": null, "ts": 1668463342.6660943}]}, "version": 108}
{"obj": {"type": "LogStrings", "path": ["monitoring", "stdout"], "values": [{"value": "\n", "step": null, "ts": 1668463342.686142}]}, "version": 109}
{"obj": {"type": "LogStrings", "path": ["monitoring", "stdout"], "values": [{"value": "bcm_behaviour_data_multi_subject/subject1/2022-09-20_15-18-27/1.npy", "step": null, "ts": 1668463342.6894422}]}, "version": 110}
{"obj": {"type": "LogStrings", "path": ["monitoring", "stdout"], "values": [{"value": "\n", "step": null, "ts": 1668463342.6918743}]}, "version": 111}
{"obj": {"type": "LogStrings", "path": ["monitoring", "stdout"], "values": [{"value": "bcm_behaviour_data_multi_subject/subject1/2022-09-20_15-18-27/2.npy", "step": null, "ts": 1668463342.6953514}]}, "version": 112}
{"obj": {"type": "LogStrings", "path": ["monitoring", "stdout"], "values": [{"value": "\n", "step": null, "ts": 1668463342.6977153}]}, "version": 113}
{"obj": {"type": "LogStrings", "path": ["monitoring", "stdout"], "values": [{"value": "bcm_behaviour_data_multi_subject/subject1/2022-09-20_15-18-27/3.npy", "step": null, "ts": 1668463342.7007008}]}, "version": 114}
{"obj": {"type": "LogStrings", "path": ["monitoring", "stdout"], "values": [{"value": "\n", "step": null, "ts": 1668463342.703038}]}, "version": 115}
{"obj": {"type": "LogStrings", "path": ["monitoring", "stdout"], "values": [{"value": "bcm_behaviour_data_multi_subject/subject1/2022-09-20_15-18-27/4.npy", "step": null, "ts": 1668463342.7062519}]}, "version": 116}
{"obj": {"type": "LogStrings", "path": ["monitoring", "stdout"], "values": [{"value": "\n", "step": null, "ts": 1668463342.7121396}]}, "version": 117}
{"obj": {"type": "LogStrings", "path": ["monitoring", "stderr"], "values": [{"value": "/home/aron/.local/lib/python3.9/site-packages/pytorch_lightning/callbacks/model_checkpoint.py:616: UserWarning: Checkpoint directory /home/aron/BCM_activity_classification/checkpoints exists and is not empty.\n  rank_zero_warn(f\"Checkpoint directory {dirpath} exists and is not empty.\")\n", "step": null, "ts": 1668463342.715581}]}, "version": 118}
{"obj": {"type": "LogStrings", "path": ["metadata", "file_path"], "values": [{"value": "['bcm_behaviour_data_multi_subject/subject2/2022-11-09_14-34-16', 'bcm_behaviour_data_multi_subject/subject2/2022-11-09_14-52-7', 'bcm_behaviour_data_multi_subject/subject2/2022-11-09_14-15-6', 'bcm_behaviour_data_multi_subject/subject2/2022-11-09_13-56-0', 'bcm_behaviour_data_multi_subject/subject3/2022-11-09_15-47-1', 'bcm_behaviour_data_multi_subject/subject3/2022-11-09_16-26-13', 'bcm_behaviour_data_multi_subject/subject3/2022-11-09_15-27-14', 'bcm_behaviour_data_multi_subject/subject3/2022-11-09_16-7-9']", "step": null, "ts": 1668463342.844956}, {"value": "['bcm_behaviour_data_multi_subject/subject1/2022-09-20_15-38-11'\n 'bcm_behaviour_data_multi_subject/subject1/2022-09-20_14-58-39'\n 'bcm_behaviour_data_multi_subject/subject1/2022-09-20_15-57-37']", "step": null, "ts": 1668463342.844956}, {"value": "['bcm_behaviour_data_multi_subject/subject1/2022-09-20_15-18-27']", "step": null, "ts": 1668463342.844956}]}, "version": 119}
{"obj": {"type": "LogFloats", "path": ["metadata", "window_size"], "values": [{"value": 3.0, "step": null, "ts": 1668463342.8478692}]}, "version": 120}
{"obj": {"type": "LogFloats", "path": ["metadata", "stride"], "values": [{"value": 1.0, "step": null, "ts": 1668463342.8505926}]}, "version": 121}
{"obj": {"type": "LogFloats", "path": ["metadata", "MFCC_stride"], "values": [{"value": 0.032, "step": null, "ts": 1668463342.8531945}]}, "version": 122}
{"obj": {"type": "LogFloats", "path": ["metadata", "mfccs_pr_window"], "values": [{"value": 93.0, "step": null, "ts": 1668463342.8557525}]}, "version": 123}
{"obj": {"type": "LogFloats", "path": ["metadata", "lr"], "values": [{"value": 0.001, "step": null, "ts": 1668463342.8584569}]}, "version": 124}
{"obj": {"type": "LogFloats", "path": ["metadata", "batch_size"], "values": [{"value": 32.0, "step": null, "ts": 1668463342.8623736}]}, "version": 125}
{"obj": {"type": "LogFloats", "path": ["metadata", "lstm_layers"], "values": [{"value": 1.0, "step": null, "ts": 1668463342.8652914}]}, "version": 126}
{"obj": {"type": "LogFloats", "path": ["metadata", "lstm_hidden_size"], "values": [{"value": 128.0, "step": null, "ts": 1668463342.8677444}]}, "version": 127}
{"obj": {"type": "LogFloats", "path": ["metadata", "weight_decay"], "values": [{"value": 0.0, "step": null, "ts": 1668463342.8704314}]}, "version": 128}
{"obj": {"type": "LogFloats", "path": ["metadata", "occlusion"], "values": [{"value": 0.0, "step": null, "ts": 1668463342.8730702}]}, "version": 129}
{"obj": {"type": "LogFloats", "path": ["metadata", "seed"], "values": [{"value": 100.0, "step": null, "ts": 1668463342.8756537}]}, "version": 130}
{"obj": {"type": "LogFloats", "path": ["metadata", "train_set_length"], "values": [{"value": 14360.0, "step": null, "ts": 1668463342.8810647}]}, "version": 131}
{"obj": {"type": "LogFloats", "path": ["metadata", "val_set_length"], "values": [{"value": 5385.0, "step": null, "ts": 1668463342.8837254}]}, "version": 132}
{"obj": {"type": "LogStrings", "path": ["monitoring", "stdout"], "values": [{"value": "{'progress_bar': {'val_loss': 1.5094883441925049}, 'log': {'val_loss': 1.5094883441925049}, 'val_loss': 1.5094883441925049}", "step": null, "ts": 1668463343.160248}]}, "version": 133}
{"obj": {"type": "LogStrings", "path": ["monitoring", "stdout"], "values": [{"value": "\n", "step": null, "ts": 1668463343.163438}]}, "version": 134}
{"obj": {"type": "LogStrings", "path": ["monitoring", "stdout"], "values": [{"value": "Accuracy: 0.890625", "step": null, "ts": 1668463343.1667962}]}, "version": 135}
{"obj": {"type": "LogStrings", "path": ["monitoring", "stdout"], "values": [{"value": "\n", "step": null, "ts": 1668463343.169548}]}, "version": 136}
{"obj": {"type": "AssignString", "path": ["training", "status"], "value": "success"}, "version": 137}
{"obj": {"type": "LogStrings", "path": ["monitoring", "stdout"], "values": [{"value": "Shutting down background jobs, please wait a moment...\n", "step": null, "ts": 1668463343.284722}]}, "version": 138}
