{"obj": {"type": "AssignString", "path": ["sys", "name"], "value": "Untitled"}, "version": 1}
{"obj": {"type": "AssignString", "path": ["sys", "description"], "value": ""}, "version": 2}
{"obj": {"type": "AssignString", "path": ["sys", "hostname"], "value": "node6"}, "version": 3}
{"obj": {"type": "AssignBool", "path": ["sys", "failed"], "value": false}, "version": 4}
{"obj": {"type": "ClearStringLog", "path": ["monitoring", "stdout"]}, "version": 5}
{"obj": {"type": "ClearStringLog", "path": ["monitoring", "stderr"]}, "version": 6}
{"obj": {"type": "UploadFileSet", "path": ["source_code", "files"], "file_globs": ["/home/aron/BCM_activity_classification/train_model.ipynb", "/home/aron/BCM_activity_classification/model.py", "/home/aron/BCM_activity_classification/BCM_dataset_v2.py"], "reset": "False"}, "version": 7}
{"obj": {"type": "ConfigFloatSeries", "path": ["monitoring", "cpu"], "min": 0.0, "max": 100.0, "unit": "%"}, "version": 8}
{"obj": {"type": "ClearFloatLog", "path": ["monitoring", "cpu"]}, "version": 9}
{"obj": {"type": "ConfigFloatSeries", "path": ["monitoring", "memory"], "min": 0.0, "max": 62.711673736572266, "unit": "GB"}, "version": 10}
{"obj": {"type": "ClearFloatLog", "path": ["monitoring", "memory"]}, "version": 11}
{"obj": {"type": "ConfigFloatSeries", "path": ["monitoring", "gpu_0"], "min": 0.0, "max": 100.0, "unit": "%"}, "version": 12}
{"obj": {"type": "ClearFloatLog", "path": ["monitoring", "gpu_0"]}, "version": 13}
{"obj": {"type": "ConfigFloatSeries", "path": ["monitoring", "gpu_1"], "min": 0.0, "max": 100.0, "unit": "%"}, "version": 14}
{"obj": {"type": "ClearFloatLog", "path": ["monitoring", "gpu_1"]}, "version": 15}
{"obj": {"type": "ConfigFloatSeries", "path": ["monitoring", "gpu_memory_0"], "min": 0.0, "max": 12.0, "unit": "GB"}, "version": 16}
{"obj": {"type": "ClearFloatLog", "path": ["monitoring", "gpu_memory_0"]}, "version": 17}
{"obj": {"type": "ConfigFloatSeries", "path": ["monitoring", "gpu_memory_1"], "min": 0.0, "max": 12.0, "unit": "GB"}, "version": 18}
{"obj": {"type": "ClearFloatLog", "path": ["monitoring", "gpu_memory_1"]}, "version": 19}
{"obj": {"type": "LogStrings", "path": ["monitoring", "stdout"], "values": [{"value": "", "step": null, "ts": 1668712767.888928}]}, "version": 20}
{"obj": {"type": "LogFloats", "path": ["monitoring", "cpu"], "values": [{"value": 2.1, "step": null, "ts": 1668712767.8865983}]}, "version": 21}
{"obj": {"type": "LogStrings", "path": ["monitoring", "stdout"], "values": [{"value": "Remember to stop your run once you\u2019ve finished logging your metadata (https://docs.neptune.ai/api-reference/run#.stop). It will be stopped automatically only when the notebook kernel/interactive console is terminated.\n", "step": null, "ts": 1668712767.8945398}]}, "version": 22}
{"obj": {"type": "LogFloats", "path": ["monitoring", "memory"], "values": [{"value": 4.755901336669922, "step": null, "ts": 1668712767.8865983}]}, "version": 23}
{"obj": {"type": "LogFloats", "path": ["monitoring", "gpu_memory_0"], "values": [{"value": 1.19342041015625, "step": null, "ts": 1668712767.8865983}]}, "version": 24}
{"obj": {"type": "LogFloats", "path": ["monitoring", "gpu_memory_1"], "values": [{"value": 0.232177734375, "step": null, "ts": 1668712767.8865983}]}, "version": 25}
{"obj": {"type": "AssignString", "path": ["source_code", "integrations", "pytorch-lightning"], "value": "1.7.5"}, "version": 26}
{"obj": {"type": "LogStrings", "path": ["metadata", "file_path"], "values": [{"value": "['bcm_behaviour_data_multi_subject/subject1/2022-09-20_15-38-11', 'bcm_behaviour_data_multi_subject/subject1/2022-09-20_14-58-39', 'bcm_behaviour_data_multi_subject/subject1/2022-09-20_15-18-27', 'bcm_behaviour_data_multi_subject/subject1/2022-09-20_15-57-37', 'bcm_behaviour_data_multi_subject/subject2/2022-11-09_14-34-16', 'bcm_behaviour_data_multi_subject/subject2/2022-11-09_14-52-7', 'bcm_behaviour_data_multi_subject/subject2/2022-11-09_14-15-6', 'bcm_behaviour_data_multi_subject/subject2/2022-11-09_13-56-0']", "step": null, "ts": 1668712768.6232991}, {"value": "['bcm_behaviour_data_multi_subject/subject3/2022-11-09_15-47-1', 'bcm_behaviour_data_multi_subject/subject3/2022-11-09_16-26-13', 'bcm_behaviour_data_multi_subject/subject3/2022-11-09_15-27-14', 'bcm_behaviour_data_multi_subject/subject3/2022-11-09_16-7-9']", "step": null, "ts": 1668712768.6232991}]}, "version": 27}
{"obj": {"type": "LogFloats", "path": ["metadata", "window_size"], "values": [{"value": 3.0, "step": null, "ts": 1668712768.6270642}]}, "version": 28}
{"obj": {"type": "LogFloats", "path": ["metadata", "stride"], "values": [{"value": 1.0, "step": null, "ts": 1668712768.630491}]}, "version": 29}
{"obj": {"type": "LogFloats", "path": ["metadata", "MFCC_stride"], "values": [{"value": 0.032, "step": null, "ts": 1668712768.6337817}]}, "version": 30}
{"obj": {"type": "LogFloats", "path": ["metadata", "mfccs_pr_window"], "values": [{"value": 93.0, "step": null, "ts": 1668712768.63677}]}, "version": 31}
{"obj": {"type": "LogFloats", "path": ["metadata", "lr"], "values": [{"value": 0.001, "step": null, "ts": 1668712768.6396718}]}, "version": 32}
{"obj": {"type": "LogFloats", "path": ["metadata", "batch_size"], "values": [{"value": 32.0, "step": null, "ts": 1668712768.6424675}]}, "version": 33}
{"obj": {"type": "LogFloats", "path": ["metadata", "lstm_layers"], "values": [{"value": 1.0, "step": null, "ts": 1668712768.6451185}]}, "version": 34}
{"obj": {"type": "LogFloats", "path": ["metadata", "lstm_hidden_size"], "values": [{"value": 128.0, "step": null, "ts": 1668712768.647964}]}, "version": 35}
{"obj": {"type": "LogFloats", "path": ["metadata", "weight_decay"], "values": [{"value": 0.0, "step": null, "ts": 1668712768.6507244}]}, "version": 36}
{"obj": {"type": "LogFloats", "path": ["metadata", "occlusion"], "values": [{"value": 0.0, "step": null, "ts": 1668712768.6533608}]}, "version": 37}
{"obj": {"type": "LogFloats", "path": ["metadata", "seed"], "values": [{"value": 101.0, "step": null, "ts": 1668712768.655872}]}, "version": 38}
{"obj": {"type": "LogFloats", "path": ["metadata", "train_set_length"], "values": [{"value": 14360.0, "step": null, "ts": 1668712768.6584668}]}, "version": 39}
{"obj": {"type": "LogFloats", "path": ["metadata", "val_set_length"], "values": [{"value": 7180.0, "step": null, "ts": 1668712768.6610153}]}, "version": 40}
{"obj": {"type": "LogStrings", "path": ["monitoring", "stderr"], "values": [{"value": "/home/aron/.local/lib/python3.9/site-packages/pytorch_lightning/core/module.py:555: UserWarning: To copy construct from a tensor, it is recommended to use sourceTensor.clone().detach() or sourceTensor.clone().detach().requires_grad_(True), rather than torch.tensor(sourceTensor).\n  value = torch.tensor(value, device=self.device)\n", "step": null, "ts": 1668712769.8428383}]}, "version": 41}
{"obj": {"type": "LogStrings", "path": ["monitoring", "stdout"], "values": [{"value": "{'progress_bar': {'val_loss': 1.5998140573501587}, 'log': {'val_loss': 1.5998140573501587}, 'val_loss': 1.5998140573501587}", "step": null, "ts": 1668712769.906545}]}, "version": 42}
{"obj": {"type": "LogStrings", "path": ["monitoring", "stdout"], "values": [{"value": "\n", "step": null, "ts": 1668712769.9095135}]}, "version": 43}
{"obj": {"type": "LogStrings", "path": ["monitoring", "stdout"], "values": [{"value": "Accuracy: 0.71875", "step": null, "ts": 1668712769.913332}]}, "version": 44}
{"obj": {"type": "LogStrings", "path": ["monitoring", "stdout"], "values": [{"value": "\n", "step": null, "ts": 1668712769.9161048}]}, "version": 45}
{"obj": {"type": "LogFloats", "path": ["training", "train_acc_step"], "values": [{"value": 0.65625, "step": null, "ts": 1668712771.3768756}]}, "version": 46}
{"obj": {"type": "LogFloats", "path": ["training", "train_loss"], "values": [{"value": 1.5054152011871338, "step": null, "ts": 1668712771.3835778}]}, "version": 47}
{"obj": {"type": "LogFloats", "path": ["training", "epoch"], "values": [{"value": 0.0, "step": null, "ts": 1668712771.3904243}]}, "version": 48}
{"obj": {"type": "LogFloats", "path": ["training", "train_acc_step"], "values": [{"value": 0.71875, "step": null, "ts": 1668712771.6714292}]}, "version": 49}
{"obj": {"type": "LogFloats", "path": ["training", "train_loss"], "values": [{"value": 1.4673833847045898, "step": null, "ts": 1668712771.676781}]}, "version": 50}
{"obj": {"type": "LogFloats", "path": ["training", "epoch"], "values": [{"value": 0.0, "step": null, "ts": 1668712771.6817327}]}, "version": 51}
{"obj": {"type": "LogFloats", "path": ["training", "train_acc_step"], "values": [{"value": 0.78125, "step": null, "ts": 1668712771.962311}]}, "version": 52}
{"obj": {"type": "LogFloats", "path": ["training", "train_loss"], "values": [{"value": 1.4608877897262573, "step": null, "ts": 1668712771.9693465}]}, "version": 53}
{"obj": {"type": "LogFloats", "path": ["training", "epoch"], "values": [{"value": 0.0, "step": null, "ts": 1668712771.9759822}]}, "version": 54}
{"obj": {"type": "LogFloats", "path": ["training", "train_acc_step"], "values": [{"value": 0.8125, "step": null, "ts": 1668712772.266457}]}, "version": 55}
{"obj": {"type": "LogFloats", "path": ["training", "train_loss"], "values": [{"value": 1.445991039276123, "step": null, "ts": 1668712772.2698429}]}, "version": 56}
{"obj": {"type": "LogFloats", "path": ["training", "epoch"], "values": [{"value": 0.0, "step": null, "ts": 1668712772.2729056}]}, "version": 57}
{"obj": {"type": "LogFloats", "path": ["training", "train_acc_step"], "values": [{"value": 0.875, "step": null, "ts": 1668712772.5548782}]}, "version": 58}
{"obj": {"type": "LogFloats", "path": ["training", "train_loss"], "values": [{"value": 1.4417579174041748, "step": null, "ts": 1668712772.5579822}]}, "version": 59}
{"obj": {"type": "LogFloats", "path": ["training", "epoch"], "values": [{"value": 0.0, "step": null, "ts": 1668712772.5607371}]}, "version": 60}
{"obj": {"type": "LogFloats", "path": ["training", "train_acc_step"], "values": [{"value": 0.59375, "step": null, "ts": 1668712772.8290687}]}, "version": 61}
{"obj": {"type": "LogFloats", "path": ["training", "train_loss"], "values": [{"value": 1.4808591604232788, "step": null, "ts": 1668712772.8321085}]}, "version": 62}
{"obj": {"type": "LogFloats", "path": ["training", "epoch"], "values": [{"value": 0.0, "step": null, "ts": 1668712772.8346827}]}, "version": 63}
{"obj": {"type": "LogFloats", "path": ["training", "train_acc_step"], "values": [{"value": 0.78125, "step": null, "ts": 1668712773.1038554}]}, "version": 64}
{"obj": {"type": "LogFloats", "path": ["training", "train_loss"], "values": [{"value": 1.4693117141723633, "step": null, "ts": 1668712773.1097596}]}, "version": 65}
{"obj": {"type": "LogFloats", "path": ["training", "epoch"], "values": [{"value": 0.0, "step": null, "ts": 1668712773.1127982}]}, "version": 66}
{"obj": {"type": "LogFloats", "path": ["training", "train_acc_step"], "values": [{"value": 0.875, "step": null, "ts": 1668712773.3788323}]}, "version": 67}
{"obj": {"type": "LogFloats", "path": ["training", "train_loss"], "values": [{"value": 1.451357126235962, "step": null, "ts": 1668712773.385025}]}, "version": 68}
{"obj": {"type": "LogFloats", "path": ["training", "epoch"], "values": [{"value": 0.0, "step": null, "ts": 1668712773.3880265}]}, "version": 69}
{"obj": {"type": "LogStrings", "path": ["monitoring", "stdout"], "values": [{"value": "{'progress_bar': {'val_loss': 1.4657111167907715}, 'log': {'val_loss': 1.4657111167907715}, 'val_loss': 1.4657111167907715}", "step": null, "ts": 1668712774.9553459}]}, "version": 70}
{"obj": {"type": "LogStrings", "path": ["monitoring", "stdout"], "values": [{"value": "\n", "step": null, "ts": 1668712774.9651015}]}, "version": 71}
{"obj": {"type": "LogStrings", "path": ["monitoring", "stdout"], "values": [{"value": "Accuracy: 0.728830099105835", "step": null, "ts": 1668712774.9679391}]}, "version": 72}
{"obj": {"type": "LogStrings", "path": ["monitoring", "stdout"], "values": [{"value": "\n", "step": null, "ts": 1668712774.9704678}]}, "version": 73}
{"obj": {"type": "LogFloats", "path": ["training", "val_loss"], "values": [{"value": 1.465819001197815, "step": null, "ts": 1668712774.9750233}]}, "version": 74}
{"obj": {"type": "LogFloats", "path": ["training", "val_acc_step"], "values": [{"value": 0.728830099105835, "step": null, "ts": 1668712774.9799478}]}, "version": 75}
{"obj": {"type": "LogFloats", "path": ["training", "val_acc_epoch"], "values": [{"value": 0.728830099105835, "step": null, "ts": 1668712774.9859223}]}, "version": 76}
{"obj": {"type": "LogFloats", "path": ["training", "epoch"], "values": [{"value": 0.0, "step": null, "ts": 1668712774.9919062}]}, "version": 77}
{"obj": {"type": "LogStrings", "path": ["monitoring", "stdout"], "values": [{"value": "Accuracy: 0.7461003065109253", "step": null, "ts": 1668712775.0017684}]}, "version": 78}
{"obj": {"type": "LogStrings", "path": ["monitoring", "stdout"], "values": [{"value": "\n", "step": null, "ts": 1668712775.0196269}]}, "version": 79}
{"obj": {"type": "LogFloats", "path": ["training", "train_acc_epoch"], "values": [{"value": 0.7461003065109253, "step": null, "ts": 1668712775.028041}]}, "version": 80}
{"obj": {"type": "LogFloats", "path": ["training", "epoch"], "values": [{"value": 0.0, "step": null, "ts": 1668712775.0308897}]}, "version": 81}
{"obj": {"type": "LogFloats", "path": ["training", "train_acc_step"], "values": [{"value": 0.71875, "step": null, "ts": 1668712775.3137088}]}, "version": 82}
{"obj": {"type": "LogFloats", "path": ["training", "train_loss"], "values": [{"value": 1.4691826105117798, "step": null, "ts": 1668712775.3197975}]}, "version": 83}
{"obj": {"type": "LogFloats", "path": ["training", "epoch"], "values": [{"value": 1.0, "step": null, "ts": 1668712775.3224692}]}, "version": 84}
{"obj": {"type": "LogFloats", "path": ["training", "train_acc_step"], "values": [{"value": 0.6875, "step": null, "ts": 1668712775.5798552}]}, "version": 85}
{"obj": {"type": "LogFloats", "path": ["training", "train_loss"], "values": [{"value": 1.4599080085754395, "step": null, "ts": 1668712775.5827005}]}, "version": 86}
{"obj": {"type": "LogFloats", "path": ["training", "epoch"], "values": [{"value": 1.0, "step": null, "ts": 1668712775.5853171}]}, "version": 87}
{"obj": {"type": "LogFloats", "path": ["training", "train_acc_step"], "values": [{"value": 0.78125, "step": null, "ts": 1668712775.8436992}]}, "version": 88}
{"obj": {"type": "LogFloats", "path": ["training", "train_loss"], "values": [{"value": 1.446995735168457, "step": null, "ts": 1668712775.8470154}]}, "version": 89}
{"obj": {"type": "LogFloats", "path": ["training", "epoch"], "values": [{"value": 1.0, "step": null, "ts": 1668712775.849958}]}, "version": 90}
{"obj": {"type": "LogFloats", "path": ["training", "train_acc_step"], "values": [{"value": 0.8125, "step": null, "ts": 1668712776.108049}]}, "version": 91}
{"obj": {"type": "LogFloats", "path": ["training", "train_loss"], "values": [{"value": 1.4458582401275635, "step": null, "ts": 1668712776.1112416}]}, "version": 92}
{"obj": {"type": "LogFloats", "path": ["training", "epoch"], "values": [{"value": 1.0, "step": null, "ts": 1668712776.1139128}]}, "version": 93}
{"obj": {"type": "LogFloats", "path": ["training", "train_acc_step"], "values": [{"value": 0.78125, "step": null, "ts": 1668712776.3708134}]}, "version": 94}
{"obj": {"type": "LogFloats", "path": ["training", "train_loss"], "values": [{"value": 1.4494516849517822, "step": null, "ts": 1668712776.3741283}]}, "version": 95}
{"obj": {"type": "LogFloats", "path": ["training", "epoch"], "values": [{"value": 1.0, "step": null, "ts": 1668712776.376933}]}, "version": 96}
{"obj": {"type": "LogFloats", "path": ["training", "train_acc_step"], "values": [{"value": 0.78125, "step": null, "ts": 1668712776.633352}]}, "version": 97}
{"obj": {"type": "LogFloats", "path": ["training", "train_loss"], "values": [{"value": 1.4521119594573975, "step": null, "ts": 1668712776.6385648}]}, "version": 98}
{"obj": {"type": "LogFloats", "path": ["training", "epoch"], "values": [{"value": 1.0, "step": null, "ts": 1668712776.641225}]}, "version": 99}
{"obj": {"type": "LogFloats", "path": ["training", "train_acc_step"], "values": [{"value": 0.71875, "step": null, "ts": 1668712776.8977137}]}, "version": 100}
{"obj": {"type": "LogFloats", "path": ["training", "train_loss"], "values": [{"value": 1.470463514328003, "step": null, "ts": 1668712776.9024446}]}, "version": 101}
{"obj": {"type": "LogFloats", "path": ["training", "epoch"], "values": [{"value": 1.0, "step": null, "ts": 1668712776.9052567}]}, "version": 102}
{"obj": {"type": "LogFloats", "path": ["training", "train_acc_step"], "values": [{"value": 0.625, "step": null, "ts": 1668712777.162161}]}, "version": 103}
{"obj": {"type": "LogFloats", "path": ["training", "train_loss"], "values": [{"value": 1.4570945501327515, "step": null, "ts": 1668712777.1652634}]}, "version": 104}
{"obj": {"type": "LogFloats", "path": ["training", "epoch"], "values": [{"value": 1.0, "step": null, "ts": 1668712777.1678262}]}, "version": 105}
{"obj": {"type": "LogFloats", "path": ["training", "train_acc_step"], "values": [{"value": 0.65625, "step": null, "ts": 1668712777.424006}]}, "version": 106}
{"obj": {"type": "LogFloats", "path": ["training", "train_loss"], "values": [{"value": 1.4690264463424683, "step": null, "ts": 1668712777.4273562}]}, "version": 107}
{"obj": {"type": "LogFloats", "path": ["training", "epoch"], "values": [{"value": 1.0, "step": null, "ts": 1668712777.4300027}]}, "version": 108}
{"obj": {"type": "LogFloats", "path": ["monitoring", "cpu"], "values": [{"value": 9.7, "step": null, "ts": 1668712777.9254236}]}, "version": 109}
{"obj": {"type": "LogFloats", "path": ["monitoring", "memory"], "values": [{"value": 5.253124237060547, "step": null, "ts": 1668712777.9254236}]}, "version": 110}
{"obj": {"type": "LogFloats", "path": ["monitoring", "gpu_0"], "values": [{"value": 19.0, "step": null, "ts": 1668712777.9254236}]}, "version": 111}
{"obj": {"type": "LogFloats", "path": ["monitoring", "gpu_memory_0"], "values": [{"value": 1.46685791015625, "step": null, "ts": 1668712777.9254236}]}, "version": 112}
{"obj": {"type": "LogFloats", "path": ["monitoring", "gpu_memory_1"], "values": [{"value": 0.232177734375, "step": null, "ts": 1668712777.9254236}]}, "version": 113}
{"obj": {"type": "LogStrings", "path": ["monitoring", "stdout"], "values": [{"value": "{'progress_bar': {'val_loss': 1.4648948907852173}, 'log': {'val_loss': 1.4648948907852173}, 'val_loss': 1.4648948907852173}", "step": null, "ts": 1668712778.9806669}]}, "version": 114}
{"obj": {"type": "LogStrings", "path": ["monitoring", "stdout"], "values": [{"value": "\n", "step": null, "ts": 1668712778.9858487}]}, "version": 115}
{"obj": {"type": "LogStrings", "path": ["monitoring", "stdout"], "values": [{"value": "Accuracy: 0.7249303460121155", "step": null, "ts": 1668712778.989051}]}, "version": 116}
{"obj": {"type": "LogStrings", "path": ["monitoring", "stdout"], "values": [{"value": "\n", "step": null, "ts": 1668712778.9915974}]}, "version": 117}
{"obj": {"type": "LogFloats", "path": ["training", "val_loss"], "values": [{"value": 1.4650423526763916, "step": null, "ts": 1668712778.9946005}]}, "version": 118}
{"obj": {"type": "LogFloats", "path": ["training", "val_acc_step"], "values": [{"value": 0.7249303460121155, "step": null, "ts": 1668712778.997121}]}, "version": 119}
{"obj": {"type": "LogFloats", "path": ["training", "val_acc_epoch"], "values": [{"value": 0.7249303460121155, "step": null, "ts": 1668712778.9995031}]}, "version": 120}
{"obj": {"type": "LogFloats", "path": ["training", "epoch"], "values": [{"value": 1.0, "step": null, "ts": 1668712779.0019174}]}, "version": 121}
{"obj": {"type": "LogStrings", "path": ["monitoring", "stdout"], "values": [{"value": "Accuracy: 0.7692896723747253", "step": null, "ts": 1668712779.0084171}]}, "version": 122}
{"obj": {"type": "LogStrings", "path": ["monitoring", "stdout"], "values": [{"value": "\n", "step": null, "ts": 1668712779.0107937}]}, "version": 123}
{"obj": {"type": "LogFloats", "path": ["training", "train_acc_epoch"], "values": [{"value": 0.7692896723747253, "step": null, "ts": 1668712779.01722}]}, "version": 124}
{"obj": {"type": "LogFloats", "path": ["training", "epoch"], "values": [{"value": 1.0, "step": null, "ts": 1668712779.0198462}]}, "version": 125}
{"obj": {"type": "LogFloats", "path": ["training", "train_acc_step"], "values": [{"value": 0.71875, "step": null, "ts": 1668712779.3336303}]}, "version": 126}
{"obj": {"type": "LogFloats", "path": ["training", "train_loss"], "values": [{"value": 1.4473068714141846, "step": null, "ts": 1668712779.3367364}]}, "version": 127}
{"obj": {"type": "LogFloats", "path": ["training", "epoch"], "values": [{"value": 2.0, "step": null, "ts": 1668712779.339447}]}, "version": 128}
{"obj": {"type": "LogFloats", "path": ["training", "train_acc_step"], "values": [{"value": 0.75, "step": null, "ts": 1668712779.6053298}]}, "version": 129}
{"obj": {"type": "LogFloats", "path": ["training", "train_loss"], "values": [{"value": 1.4469635486602783, "step": null, "ts": 1668712779.6085415}]}, "version": 130}
{"obj": {"type": "LogFloats", "path": ["training", "epoch"], "values": [{"value": 2.0, "step": null, "ts": 1668712779.6112611}]}, "version": 131}
{"obj": {"type": "LogFloats", "path": ["training", "train_acc_step"], "values": [{"value": 0.71875, "step": null, "ts": 1668712779.8784792}]}, "version": 132}
{"obj": {"type": "LogFloats", "path": ["training", "train_loss"], "values": [{"value": 1.4628188610076904, "step": null, "ts": 1668712779.8814154}]}, "version": 133}
{"obj": {"type": "LogFloats", "path": ["training", "epoch"], "values": [{"value": 2.0, "step": null, "ts": 1668712779.8843606}]}, "version": 134}
{"obj": {"type": "LogFloats", "path": ["training", "train_acc_step"], "values": [{"value": 0.625, "step": null, "ts": 1668712780.1514542}]}, "version": 135}
{"obj": {"type": "LogFloats", "path": ["training", "train_loss"], "values": [{"value": 1.463698148727417, "step": null, "ts": 1668712780.154646}]}, "version": 136}
{"obj": {"type": "LogFloats", "path": ["training", "epoch"], "values": [{"value": 2.0, "step": null, "ts": 1668712780.1574433}]}, "version": 137}
{"obj": {"type": "LogFloats", "path": ["training", "train_acc_step"], "values": [{"value": 0.6875, "step": null, "ts": 1668712780.4250968}]}, "version": 138}
{"obj": {"type": "LogFloats", "path": ["training", "train_loss"], "values": [{"value": 1.4559879302978516, "step": null, "ts": 1668712780.4281607}]}, "version": 139}
{"obj": {"type": "LogFloats", "path": ["training", "epoch"], "values": [{"value": 2.0, "step": null, "ts": 1668712780.4307108}]}, "version": 140}
{"obj": {"type": "LogFloats", "path": ["training", "train_acc_step"], "values": [{"value": 0.875, "step": null, "ts": 1668712780.6977274}]}, "version": 141}
{"obj": {"type": "LogFloats", "path": ["training", "train_loss"], "values": [{"value": 1.4431912899017334, "step": null, "ts": 1668712780.7007074}]}, "version": 142}
{"obj": {"type": "LogFloats", "path": ["training", "epoch"], "values": [{"value": 2.0, "step": null, "ts": 1668712780.7030444}]}, "version": 143}
{"obj": {"type": "LogFloats", "path": ["training", "train_acc_step"], "values": [{"value": 0.8125, "step": null, "ts": 1668712780.9707515}]}, "version": 144}
{"obj": {"type": "LogFloats", "path": ["training", "train_loss"], "values": [{"value": 1.456568717956543, "step": null, "ts": 1668712780.9739614}]}, "version": 145}
{"obj": {"type": "LogFloats", "path": ["training", "epoch"], "values": [{"value": 2.0, "step": null, "ts": 1668712780.9771054}]}, "version": 146}
{"obj": {"type": "LogFloats", "path": ["training", "train_acc_step"], "values": [{"value": 0.78125, "step": null, "ts": 1668712781.2448995}]}, "version": 147}
{"obj": {"type": "LogFloats", "path": ["training", "train_loss"], "values": [{"value": 1.4389915466308594, "step": null, "ts": 1668712781.2480416}]}, "version": 148}
{"obj": {"type": "LogFloats", "path": ["training", "epoch"], "values": [{"value": 2.0, "step": null, "ts": 1668712781.2507515}]}, "version": 149}
{"obj": {"type": "LogFloats", "path": ["training", "train_acc_step"], "values": [{"value": 0.78125, "step": null, "ts": 1668712781.5181513}]}, "version": 150}
{"obj": {"type": "LogFloats", "path": ["training", "train_loss"], "values": [{"value": 1.4449827671051025, "step": null, "ts": 1668712781.521409}]}, "version": 151}
{"obj": {"type": "LogFloats", "path": ["training", "epoch"], "values": [{"value": 2.0, "step": null, "ts": 1668712781.5242498}]}, "version": 152}
{"obj": {"type": "LogStrings", "path": ["monitoring", "stdout"], "values": [{"value": "{'progress_bar': {'val_loss': 1.4704992771148682}, 'log': {'val_loss': 1.4704992771148682}, 'val_loss': 1.4704992771148682}", "step": null, "ts": 1668712783.0738738}]}, "version": 153}
{"obj": {"type": "LogStrings", "path": ["monitoring", "stdout"], "values": [{"value": "\n", "step": null, "ts": 1668712783.0769982}]}, "version": 154}
{"obj": {"type": "LogStrings", "path": ["monitoring", "stdout"], "values": [{"value": "Accuracy: 0.6963788270950317", "step": null, "ts": 1668712783.080034}]}, "version": 155}
{"obj": {"type": "LogStrings", "path": ["monitoring", "stdout"], "values": [{"value": "\n", "step": null, "ts": 1668712783.0826132}]}, "version": 156}
{"obj": {"type": "LogFloats", "path": ["training", "val_loss"], "values": [{"value": 1.470666527748108, "step": null, "ts": 1668712783.0856438}]}, "version": 157}
{"obj": {"type": "LogFloats", "path": ["training", "val_acc_step"], "values": [{"value": 0.6963788270950317, "step": null, "ts": 1668712783.087996}]}, "version": 158}
{"obj": {"type": "LogFloats", "path": ["training", "val_acc_epoch"], "values": [{"value": 0.6963788270950317, "step": null, "ts": 1668712783.0903265}]}, "version": 159}
{"obj": {"type": "LogFloats", "path": ["training", "epoch"], "values": [{"value": 2.0, "step": null, "ts": 1668712783.0927126}]}, "version": 160}
{"obj": {"type": "LogStrings", "path": ["monitoring", "stdout"], "values": [{"value": "Accuracy: 0.7862116694450378", "step": null, "ts": 1668712783.0992582}]}, "version": 161}
{"obj": {"type": "LogStrings", "path": ["monitoring", "stdout"], "values": [{"value": "\n", "step": null, "ts": 1668712783.1017792}]}, "version": 162}
{"obj": {"type": "LogFloats", "path": ["training", "train_acc_epoch"], "values": [{"value": 0.7862116694450378, "step": null, "ts": 1668712783.1088967}]}, "version": 163}
{"obj": {"type": "LogFloats", "path": ["training", "epoch"], "values": [{"value": 2.0, "step": null, "ts": 1668712783.111813}]}, "version": 164}
{"obj": {"type": "LogFloats", "path": ["training", "train_acc_step"], "values": [{"value": 0.71875, "step": null, "ts": 1668712783.3946762}]}, "version": 165}
{"obj": {"type": "LogFloats", "path": ["training", "train_loss"], "values": [{"value": 1.4553658962249756, "step": null, "ts": 1668712783.3979118}]}, "version": 166}
{"obj": {"type": "LogFloats", "path": ["training", "epoch"], "values": [{"value": 3.0, "step": null, "ts": 1668712783.4007156}]}, "version": 167}
{"obj": {"type": "LogFloats", "path": ["training", "train_acc_step"], "values": [{"value": 0.78125, "step": null, "ts": 1668712783.6587765}]}, "version": 168}
{"obj": {"type": "LogFloats", "path": ["training", "train_loss"], "values": [{"value": 1.4496417045593262, "step": null, "ts": 1668712783.6618912}]}, "version": 169}
{"obj": {"type": "LogFloats", "path": ["training", "epoch"], "values": [{"value": 3.0, "step": null, "ts": 1668712783.664981}]}, "version": 170}
{"obj": {"type": "LogFloats", "path": ["training", "train_acc_step"], "values": [{"value": 0.875, "step": null, "ts": 1668712783.927199}]}, "version": 171}
{"obj": {"type": "LogFloats", "path": ["training", "train_loss"], "values": [{"value": 1.4410061836242676, "step": null, "ts": 1668712783.9303927}]}, "version": 172}
{"obj": {"type": "LogFloats", "path": ["training", "epoch"], "values": [{"value": 3.0, "step": null, "ts": 1668712783.9332347}]}, "version": 173}
{"obj": {"type": "LogFloats", "path": ["training", "train_acc_step"], "values": [{"value": 0.71875, "step": null, "ts": 1668712784.1954951}]}, "version": 174}
{"obj": {"type": "LogFloats", "path": ["training", "train_loss"], "values": [{"value": 1.4579522609710693, "step": null, "ts": 1668712784.1984746}]}, "version": 175}
{"obj": {"type": "LogFloats", "path": ["training", "epoch"], "values": [{"value": 3.0, "step": null, "ts": 1668712784.2012367}]}, "version": 176}
{"obj": {"type": "LogFloats", "path": ["training", "train_acc_step"], "values": [{"value": 0.90625, "step": null, "ts": 1668712784.467544}]}, "version": 177}
{"obj": {"type": "LogFloats", "path": ["training", "train_loss"], "values": [{"value": 1.440227746963501, "step": null, "ts": 1668712784.4703948}]}, "version": 178}
{"obj": {"type": "LogFloats", "path": ["training", "epoch"], "values": [{"value": 3.0, "step": null, "ts": 1668712784.473126}]}, "version": 179}
{"obj": {"type": "LogFloats", "path": ["training", "train_acc_step"], "values": [{"value": 0.78125, "step": null, "ts": 1668712784.7342265}]}, "version": 180}
{"obj": {"type": "LogFloats", "path": ["training", "train_loss"], "values": [{"value": 1.457716941833496, "step": null, "ts": 1668712784.7373235}]}, "version": 181}
{"obj": {"type": "LogFloats", "path": ["training", "epoch"], "values": [{"value": 3.0, "step": null, "ts": 1668712784.7398334}]}, "version": 182}
{"obj": {"type": "LogFloats", "path": ["training", "train_acc_step"], "values": [{"value": 0.84375, "step": null, "ts": 1668712785.0015066}]}, "version": 183}
{"obj": {"type": "LogFloats", "path": ["training", "train_loss"], "values": [{"value": 1.4476146697998047, "step": null, "ts": 1668712785.0222554}]}, "version": 184}
{"obj": {"type": "LogFloats", "path": ["training", "epoch"], "values": [{"value": 3.0, "step": null, "ts": 1668712785.0250852}]}, "version": 185}
{"obj": {"type": "LogFloats", "path": ["training", "train_acc_step"], "values": [{"value": 0.75, "step": null, "ts": 1668712785.2865293}]}, "version": 186}
{"obj": {"type": "LogFloats", "path": ["training", "train_loss"], "values": [{"value": 1.4409767389297485, "step": null, "ts": 1668712785.2893653}]}, "version": 187}
{"obj": {"type": "LogFloats", "path": ["training", "epoch"], "values": [{"value": 3.0, "step": null, "ts": 1668712785.291966}]}, "version": 188}
{"obj": {"type": "LogFloats", "path": ["training", "train_acc_step"], "values": [{"value": 0.8125, "step": null, "ts": 1668712785.5541239}]}, "version": 189}
{"obj": {"type": "LogFloats", "path": ["training", "train_loss"], "values": [{"value": 1.4638621807098389, "step": null, "ts": 1668712785.5572731}]}, "version": 190}
{"obj": {"type": "LogFloats", "path": ["training", "epoch"], "values": [{"value": 3.0, "step": null, "ts": 1668712785.560126}]}, "version": 191}
{"obj": {"type": "LogStrings", "path": ["monitoring", "stdout"], "values": [{"value": "{'progress_bar': {'val_loss': 1.4682339429855347}, 'log': {'val_loss': 1.4682339429855347}, 'val_loss': 1.4682339429855347}", "step": null, "ts": 1668712787.1337621}]}, "version": 192}
{"obj": {"type": "LogStrings", "path": ["monitoring", "stdout"], "values": [{"value": "\n", "step": null, "ts": 1668712787.1365676}]}, "version": 193}
{"obj": {"type": "LogStrings", "path": ["monitoring", "stdout"], "values": [{"value": "Accuracy: 0.6928969621658325", "step": null, "ts": 1668712787.1393435}]}, "version": 194}
{"obj": {"type": "LogStrings", "path": ["monitoring", "stdout"], "values": [{"value": "\n", "step": null, "ts": 1668712787.1416109}]}, "version": 195}
{"obj": {"type": "LogFloats", "path": ["training", "val_loss"], "values": [{"value": 1.4683928489685059, "step": null, "ts": 1668712787.1444702}]}, "version": 196}
{"obj": {"type": "LogFloats", "path": ["training", "val_acc_step"], "values": [{"value": 0.6928969621658325, "step": null, "ts": 1668712787.146787}]}, "version": 197}
{"obj": {"type": "LogFloats", "path": ["training", "val_acc_epoch"], "values": [{"value": 0.6928969621658325, "step": null, "ts": 1668712787.149136}]}, "version": 198}
{"obj": {"type": "LogFloats", "path": ["training", "epoch"], "values": [{"value": 3.0, "step": null, "ts": 1668712787.1515372}]}, "version": 199}
{"obj": {"type": "LogStrings", "path": ["monitoring", "stdout"], "values": [{"value": "Accuracy: 0.7875348329544067", "step": null, "ts": 1668712787.1579332}]}, "version": 200}
{"obj": {"type": "LogStrings", "path": ["monitoring", "stdout"], "values": [{"value": "\n", "step": null, "ts": 1668712787.1604762}]}, "version": 201}
{"obj": {"type": "LogFloats", "path": ["training", "train_acc_epoch"], "values": [{"value": 0.7875348329544067, "step": null, "ts": 1668712787.1670945}]}, "version": 202}
{"obj": {"type": "LogFloats", "path": ["training", "epoch"], "values": [{"value": 3.0, "step": null, "ts": 1668712787.1694849}]}, "version": 203}
{"obj": {"type": "LogFloats", "path": ["training", "train_acc_step"], "values": [{"value": 0.78125, "step": null, "ts": 1668712787.4931333}]}, "version": 204}
{"obj": {"type": "LogFloats", "path": ["training", "train_loss"], "values": [{"value": 1.4516189098358154, "step": null, "ts": 1668712787.4995363}]}, "version": 205}
{"obj": {"type": "LogFloats", "path": ["training", "epoch"], "values": [{"value": 4.0, "step": null, "ts": 1668712787.5022683}]}, "version": 206}
{"obj": {"type": "LogFloats", "path": ["training", "train_acc_step"], "values": [{"value": 0.75, "step": null, "ts": 1668712787.755977}]}, "version": 207}
{"obj": {"type": "LogFloats", "path": ["training", "train_loss"], "values": [{"value": 1.4339258670806885, "step": null, "ts": 1668712787.7590344}]}, "version": 208}
{"obj": {"type": "LogFloats", "path": ["training", "epoch"], "values": [{"value": 4.0, "step": null, "ts": 1668712787.7616513}]}, "version": 209}
{"obj": {"type": "LogFloats", "path": ["monitoring", "cpu"], "values": [{"value": 13.2, "step": null, "ts": 1668712787.96804}]}, "version": 210}
{"obj": {"type": "LogFloats", "path": ["monitoring", "memory"], "values": [{"value": 5.324577331542969, "step": null, "ts": 1668712787.96804}]}, "version": 211}
{"obj": {"type": "LogFloats", "path": ["monitoring", "gpu_0"], "values": [{"value": 47.0, "step": null, "ts": 1668712787.96804}]}, "version": 212}
{"obj": {"type": "LogFloats", "path": ["monitoring", "gpu_memory_0"], "values": [{"value": 1.46685791015625, "step": null, "ts": 1668712787.96804}]}, "version": 213}
{"obj": {"type": "LogFloats", "path": ["monitoring", "gpu_memory_1"], "values": [{"value": 0.232177734375, "step": null, "ts": 1668712787.96804}]}, "version": 214}
{"obj": {"type": "LogFloats", "path": ["training", "train_acc_step"], "values": [{"value": 0.65625, "step": null, "ts": 1668712788.0188277}]}, "version": 215}
{"obj": {"type": "LogFloats", "path": ["training", "train_loss"], "values": [{"value": 1.4665504693984985, "step": null, "ts": 1668712788.0218961}]}, "version": 216}
{"obj": {"type": "LogFloats", "path": ["training", "epoch"], "values": [{"value": 4.0, "step": null, "ts": 1668712788.024839}]}, "version": 217}
{"obj": {"type": "LogFloats", "path": ["training", "train_acc_step"], "values": [{"value": 0.71875, "step": null, "ts": 1668712788.285317}]}, "version": 218}
{"obj": {"type": "LogFloats", "path": ["training", "train_loss"], "values": [{"value": 1.4497928619384766, "step": null, "ts": 1668712788.2885764}]}, "version": 219}
{"obj": {"type": "LogFloats", "path": ["training", "epoch"], "values": [{"value": 4.0, "step": null, "ts": 1668712788.291253}]}, "version": 220}
{"obj": {"type": "LogFloats", "path": ["training", "train_acc_step"], "values": [{"value": 0.75, "step": null, "ts": 1668712788.5493608}]}, "version": 221}
{"obj": {"type": "LogFloats", "path": ["training", "train_loss"], "values": [{"value": 1.4548273086547852, "step": null, "ts": 1668712788.552757}]}, "version": 222}
{"obj": {"type": "LogFloats", "path": ["training", "epoch"], "values": [{"value": 4.0, "step": null, "ts": 1668712788.5557208}]}, "version": 223}
{"obj": {"type": "LogFloats", "path": ["training", "train_acc_step"], "values": [{"value": 0.75, "step": null, "ts": 1668712788.8145998}]}, "version": 224}
{"obj": {"type": "LogFloats", "path": ["training", "train_loss"], "values": [{"value": 1.4574739933013916, "step": null, "ts": 1668712788.8179755}]}, "version": 225}
{"obj": {"type": "LogFloats", "path": ["training", "epoch"], "values": [{"value": 4.0, "step": null, "ts": 1668712788.8208973}]}, "version": 226}
{"obj": {"type": "LogFloats", "path": ["training", "train_acc_step"], "values": [{"value": 0.84375, "step": null, "ts": 1668712789.0797737}]}, "version": 227}
{"obj": {"type": "LogFloats", "path": ["training", "train_loss"], "values": [{"value": 1.4460139274597168, "step": null, "ts": 1668712789.0829322}]}, "version": 228}
{"obj": {"type": "LogFloats", "path": ["training", "epoch"], "values": [{"value": 4.0, "step": null, "ts": 1668712789.085836}]}, "version": 229}
{"obj": {"type": "LogFloats", "path": ["training", "train_acc_step"], "values": [{"value": 0.71875, "step": null, "ts": 1668712789.3451555}]}, "version": 230}
{"obj": {"type": "LogFloats", "path": ["training", "train_loss"], "values": [{"value": 1.4633166790008545, "step": null, "ts": 1668712789.3486004}]}, "version": 231}
{"obj": {"type": "LogFloats", "path": ["training", "epoch"], "values": [{"value": 4.0, "step": null, "ts": 1668712789.3512666}]}, "version": 232}
{"obj": {"type": "LogFloats", "path": ["training", "train_acc_step"], "values": [{"value": 0.75, "step": null, "ts": 1668712789.6139193}]}, "version": 233}
{"obj": {"type": "LogFloats", "path": ["training", "train_loss"], "values": [{"value": 1.4563109874725342, "step": null, "ts": 1668712789.6169193}]}, "version": 234}
{"obj": {"type": "LogFloats", "path": ["training", "epoch"], "values": [{"value": 4.0, "step": null, "ts": 1668712789.6197731}]}, "version": 235}
{"obj": {"type": "LogStrings", "path": ["monitoring", "stdout"], "values": [{"value": "{'progress_bar': {'val_loss': 1.4587944746017456}, 'log': {'val_loss': 1.4587944746017456}, 'val_loss': 1.4587944746017456}", "step": null, "ts": 1668712791.1613696}]}, "version": 236}
{"obj": {"type": "LogStrings", "path": ["monitoring", "stdout"], "values": [{"value": "\n", "step": null, "ts": 1668712791.1646454}]}, "version": 237}
{"obj": {"type": "LogStrings", "path": ["monitoring", "stdout"], "values": [{"value": "Accuracy: 0.7388579249382019", "step": null, "ts": 1668712791.1677222}]}, "version": 238}
{"obj": {"type": "LogStrings", "path": ["monitoring", "stdout"], "values": [{"value": "\n", "step": null, "ts": 1668712791.1703308}]}, "version": 239}
{"obj": {"type": "LogFloats", "path": ["training", "val_loss"], "values": [{"value": 1.4588727951049805, "step": null, "ts": 1668712791.1733506}]}, "version": 240}
{"obj": {"type": "LogFloats", "path": ["training", "val_acc_step"], "values": [{"value": 0.7388579249382019, "step": null, "ts": 1668712791.1759083}]}, "version": 241}
{"obj": {"type": "LogFloats", "path": ["training", "val_acc_epoch"], "values": [{"value": 0.7388579249382019, "step": null, "ts": 1668712791.1785278}]}, "version": 242}
{"obj": {"type": "LogFloats", "path": ["training", "epoch"], "values": [{"value": 4.0, "step": null, "ts": 1668712791.1811235}]}, "version": 243}
{"obj": {"type": "LogStrings", "path": ["monitoring", "stdout"], "values": [{"value": "Accuracy: 0.7849582433700562", "step": null, "ts": 1668712791.1876187}]}, "version": 244}
{"obj": {"type": "LogStrings", "path": ["monitoring", "stdout"], "values": [{"value": "\n", "step": null, "ts": 1668712791.1902337}]}, "version": 245}
{"obj": {"type": "LogFloats", "path": ["training", "train_acc_epoch"], "values": [{"value": 0.7849582433700562, "step": null, "ts": 1668712791.19721}]}, "version": 246}
{"obj": {"type": "LogFloats", "path": ["training", "epoch"], "values": [{"value": 4.0, "step": null, "ts": 1668712791.1999328}]}, "version": 247}
{"obj": {"type": "LogFloats", "path": ["training", "train_acc_step"], "values": [{"value": 0.6875, "step": null, "ts": 1668712791.5226161}]}, "version": 248}
{"obj": {"type": "LogFloats", "path": ["training", "train_loss"], "values": [{"value": 1.460251808166504, "step": null, "ts": 1668712791.5258486}]}, "version": 249}
{"obj": {"type": "LogFloats", "path": ["training", "epoch"], "values": [{"value": 5.0, "step": null, "ts": 1668712791.5285442}]}, "version": 250}
{"obj": {"type": "LogFloats", "path": ["training", "train_acc_step"], "values": [{"value": 0.78125, "step": null, "ts": 1668712791.7912924}]}, "version": 251}
{"obj": {"type": "LogFloats", "path": ["training", "train_loss"], "values": [{"value": 1.4512033462524414, "step": null, "ts": 1668712791.7945292}]}, "version": 252}
{"obj": {"type": "LogFloats", "path": ["training", "epoch"], "values": [{"value": 5.0, "step": null, "ts": 1668712791.7974122}]}, "version": 253}
{"obj": {"type": "LogFloats", "path": ["training", "train_acc_step"], "values": [{"value": 0.8125, "step": null, "ts": 1668712792.0738134}]}, "version": 254}
{"obj": {"type": "LogFloats", "path": ["training", "train_loss"], "values": [{"value": 1.441545009613037, "step": null, "ts": 1668712792.079505}]}, "version": 255}
{"obj": {"type": "LogFloats", "path": ["training", "epoch"], "values": [{"value": 5.0, "step": null, "ts": 1668712792.0823808}]}, "version": 256}
{"obj": {"type": "LogFloats", "path": ["training", "train_acc_step"], "values": [{"value": 0.875, "step": null, "ts": 1668712792.3556426}]}, "version": 257}
{"obj": {"type": "LogFloats", "path": ["training", "train_loss"], "values": [{"value": 1.431168556213379, "step": null, "ts": 1668712792.3586683}]}, "version": 258}
{"obj": {"type": "LogFloats", "path": ["training", "epoch"], "values": [{"value": 5.0, "step": null, "ts": 1668712792.3616993}]}, "version": 259}
{"obj": {"type": "LogFloats", "path": ["training", "train_acc_step"], "values": [{"value": 0.875, "step": null, "ts": 1668712792.6354234}]}, "version": 260}
{"obj": {"type": "LogFloats", "path": ["training", "train_loss"], "values": [{"value": 1.4378739595413208, "step": null, "ts": 1668712792.6385403}]}, "version": 261}
{"obj": {"type": "LogFloats", "path": ["training", "epoch"], "values": [{"value": 5.0, "step": null, "ts": 1668712792.6414945}]}, "version": 262}
{"obj": {"type": "LogFloats", "path": ["training", "train_acc_step"], "values": [{"value": 0.75, "step": null, "ts": 1668712792.9065626}]}, "version": 263}
{"obj": {"type": "LogFloats", "path": ["training", "train_loss"], "values": [{"value": 1.4572856426239014, "step": null, "ts": 1668712792.9095767}]}, "version": 264}
{"obj": {"type": "LogFloats", "path": ["training", "epoch"], "values": [{"value": 5.0, "step": null, "ts": 1668712792.9124284}]}, "version": 265}
{"obj": {"type": "LogFloats", "path": ["training", "train_acc_step"], "values": [{"value": 0.875, "step": null, "ts": 1668712793.178049}]}, "version": 266}
{"obj": {"type": "LogFloats", "path": ["training", "train_loss"], "values": [{"value": 1.4335129261016846, "step": null, "ts": 1668712793.1812992}]}, "version": 267}
{"obj": {"type": "LogFloats", "path": ["training", "epoch"], "values": [{"value": 5.0, "step": null, "ts": 1668712793.1839797}]}, "version": 268}
{"obj": {"type": "LogFloats", "path": ["training", "train_acc_step"], "values": [{"value": 0.71875, "step": null, "ts": 1668712793.4495153}]}, "version": 269}
{"obj": {"type": "LogFloats", "path": ["training", "train_loss"], "values": [{"value": 1.4462896585464478, "step": null, "ts": 1668712793.4526067}]}, "version": 270}
{"obj": {"type": "LogFloats", "path": ["training", "epoch"], "values": [{"value": 5.0, "step": null, "ts": 1668712793.455118}]}, "version": 271}
{"obj": {"type": "LogFloats", "path": ["training", "train_acc_step"], "values": [{"value": 0.75, "step": null, "ts": 1668712793.720333}]}, "version": 272}
{"obj": {"type": "LogFloats", "path": ["training", "train_loss"], "values": [{"value": 1.441145658493042, "step": null, "ts": 1668712793.7234342}]}, "version": 273}
{"obj": {"type": "LogFloats", "path": ["training", "epoch"], "values": [{"value": 5.0, "step": null, "ts": 1668712793.726365}]}, "version": 274}
{"obj": {"type": "LogStrings", "path": ["monitoring", "stdout"], "values": [{"value": "{'progress_bar': {'val_loss': 1.4619808197021484}, 'log': {'val_loss': 1.4619808197021484}, 'val_loss': 1.4619808197021484}", "step": null, "ts": 1668712795.2811236}]}, "version": 275}
{"obj": {"type": "LogStrings", "path": ["monitoring", "stdout"], "values": [{"value": "\n", "step": null, "ts": 1668712795.284207}]}, "version": 276}
{"obj": {"type": "LogStrings", "path": ["monitoring", "stdout"], "values": [{"value": "Accuracy: 0.7299442887306213", "step": null, "ts": 1668712795.2870038}]}, "version": 277}
{"obj": {"type": "LogStrings", "path": ["monitoring", "stdout"], "values": [{"value": "\n", "step": null, "ts": 1668712795.2896388}]}, "version": 278}
{"obj": {"type": "LogFloats", "path": ["training", "val_loss"], "values": [{"value": 1.4620848894119263, "step": null, "ts": 1668712795.292662}]}, "version": 279}
{"obj": {"type": "LogFloats", "path": ["training", "val_acc_step"], "values": [{"value": 0.7299442887306213, "step": null, "ts": 1668712795.295202}]}, "version": 280}
{"obj": {"type": "LogFloats", "path": ["training", "val_acc_epoch"], "values": [{"value": 0.7299442887306213, "step": null, "ts": 1668712795.2977645}]}, "version": 281}
{"obj": {"type": "LogFloats", "path": ["training", "epoch"], "values": [{"value": 5.0, "step": null, "ts": 1668712795.3002985}]}, "version": 282}
{"obj": {"type": "LogStrings", "path": ["monitoring", "stdout"], "values": [{"value": "Accuracy: 0.7844011187553406", "step": null, "ts": 1668712795.3068256}]}, "version": 283}
{"obj": {"type": "LogStrings", "path": ["monitoring", "stdout"], "values": [{"value": "\n", "step": null, "ts": 1668712795.309452}]}, "version": 284}
{"obj": {"type": "LogFloats", "path": ["training", "train_acc_epoch"], "values": [{"value": 0.7844011187553406, "step": null, "ts": 1668712795.3165374}]}, "version": 285}
{"obj": {"type": "LogFloats", "path": ["training", "epoch"], "values": [{"value": 5.0, "step": null, "ts": 1668712795.3195434}]}, "version": 286}
{"obj": {"type": "LogFloats", "path": ["training", "train_acc_step"], "values": [{"value": 0.78125, "step": null, "ts": 1668712795.6525779}]}, "version": 287}
{"obj": {"type": "LogFloats", "path": ["training", "train_loss"], "values": [{"value": 1.4586125612258911, "step": null, "ts": 1668712795.6559958}]}, "version": 288}
{"obj": {"type": "LogFloats", "path": ["training", "epoch"], "values": [{"value": 6.0, "step": null, "ts": 1668712795.6586132}]}, "version": 289}
{"obj": {"type": "LogFloats", "path": ["training", "train_acc_step"], "values": [{"value": 0.625, "step": null, "ts": 1668712795.919007}]}, "version": 290}
{"obj": {"type": "LogFloats", "path": ["training", "train_loss"], "values": [{"value": 1.4828717708587646, "step": null, "ts": 1668712795.922758}]}, "version": 291}
{"obj": {"type": "LogFloats", "path": ["training", "epoch"], "values": [{"value": 6.0, "step": null, "ts": 1668712795.9255092}]}, "version": 292}
{"obj": {"type": "LogFloats", "path": ["training", "train_acc_step"], "values": [{"value": 0.84375, "step": null, "ts": 1668712796.1894066}]}, "version": 293}
{"obj": {"type": "LogFloats", "path": ["training", "train_loss"], "values": [{"value": 1.4334498643875122, "step": null, "ts": 1668712796.1925743}]}, "version": 294}
{"obj": {"type": "LogFloats", "path": ["training", "epoch"], "values": [{"value": 6.0, "step": null, "ts": 1668712796.1952295}]}, "version": 295}
{"obj": {"type": "LogFloats", "path": ["training", "train_acc_step"], "values": [{"value": 0.84375, "step": null, "ts": 1668712796.4586968}]}, "version": 296}
{"obj": {"type": "LogFloats", "path": ["training", "train_loss"], "values": [{"value": 1.4443581104278564, "step": null, "ts": 1668712796.4619942}]}, "version": 297}
{"obj": {"type": "LogFloats", "path": ["training", "epoch"], "values": [{"value": 6.0, "step": null, "ts": 1668712796.464872}]}, "version": 298}
{"obj": {"type": "LogFloats", "path": ["training", "train_acc_step"], "values": [{"value": 0.78125, "step": null, "ts": 1668712796.7278993}]}, "version": 299}
{"obj": {"type": "LogFloats", "path": ["training", "train_loss"], "values": [{"value": 1.4414091110229492, "step": null, "ts": 1668712796.7309234}]}, "version": 300}
{"obj": {"type": "LogFloats", "path": ["training", "epoch"], "values": [{"value": 6.0, "step": null, "ts": 1668712796.7336571}]}, "version": 301}
{"obj": {"type": "LogFloats", "path": ["training", "train_acc_step"], "values": [{"value": 0.71875, "step": null, "ts": 1668712796.9969034}]}, "version": 302}
{"obj": {"type": "LogFloats", "path": ["training", "train_loss"], "values": [{"value": 1.452085256576538, "step": null, "ts": 1668712797.0001276}]}, "version": 303}
{"obj": {"type": "LogFloats", "path": ["training", "epoch"], "values": [{"value": 6.0, "step": null, "ts": 1668712797.0029585}]}, "version": 304}
{"obj": {"type": "LogFloats", "path": ["training", "train_acc_step"], "values": [{"value": 0.84375, "step": null, "ts": 1668712797.267063}]}, "version": 305}
{"obj": {"type": "LogFloats", "path": ["training", "train_loss"], "values": [{"value": 1.4416303634643555, "step": null, "ts": 1668712797.2703147}]}, "version": 306}
{"obj": {"type": "LogFloats", "path": ["training", "epoch"], "values": [{"value": 6.0, "step": null, "ts": 1668712797.2735212}]}, "version": 307}
{"obj": {"type": "LogFloats", "path": ["training", "train_acc_step"], "values": [{"value": 0.8125, "step": null, "ts": 1668712797.537482}]}, "version": 308}
{"obj": {"type": "LogFloats", "path": ["training", "train_loss"], "values": [{"value": 1.4380857944488525, "step": null, "ts": 1668712797.5407772}]}, "version": 309}
{"obj": {"type": "LogFloats", "path": ["training", "epoch"], "values": [{"value": 6.0, "step": null, "ts": 1668712797.543716}]}, "version": 310}
{"obj": {"type": "LogFloats", "path": ["training", "train_acc_step"], "values": [{"value": 0.75, "step": null, "ts": 1668712797.8070054}]}, "version": 311}
{"obj": {"type": "LogFloats", "path": ["training", "train_loss"], "values": [{"value": 1.4498045444488525, "step": null, "ts": 1668712797.810404}]}, "version": 312}
{"obj": {"type": "LogFloats", "path": ["training", "epoch"], "values": [{"value": 6.0, "step": null, "ts": 1668712797.8134077}]}, "version": 313}
{"obj": {"type": "LogFloats", "path": ["monitoring", "cpu"], "values": [{"value": 12.2, "step": null, "ts": 1668712797.9892116}]}, "version": 314}
{"obj": {"type": "LogFloats", "path": ["monitoring", "memory"], "values": [{"value": 5.323646545410156, "step": null, "ts": 1668712797.9892116}]}, "version": 315}
{"obj": {"type": "LogFloats", "path": ["monitoring", "gpu_0"], "values": [{"value": 45.0, "step": null, "ts": 1668712797.9892116}]}, "version": 316}
{"obj": {"type": "LogFloats", "path": ["monitoring", "gpu_memory_0"], "values": [{"value": 1.46685791015625, "step": null, "ts": 1668712797.9892116}]}, "version": 317}
{"obj": {"type": "LogFloats", "path": ["monitoring", "gpu_memory_1"], "values": [{"value": 0.232177734375, "step": null, "ts": 1668712797.9892116}]}, "version": 318}
{"obj": {"type": "LogStrings", "path": ["monitoring", "stdout"], "values": [{"value": "{'progress_bar': {'val_loss': 1.4532309770584106}, 'log': {'val_loss': 1.4532309770584106}, 'val_loss': 1.4532309770584106}", "step": null, "ts": 1668712799.452912}]}, "version": 319}
{"obj": {"type": "LogStrings", "path": ["monitoring", "stdout"], "values": [{"value": "\n", "step": null, "ts": 1668712799.4557815}]}, "version": 320}
{"obj": {"type": "LogStrings", "path": ["monitoring", "stdout"], "values": [{"value": "Accuracy: 0.7272980213165283", "step": null, "ts": 1668712799.458669}]}, "version": 321}
{"obj": {"type": "LogStrings", "path": ["monitoring", "stdout"], "values": [{"value": "\n", "step": null, "ts": 1668712799.4613936}]}, "version": 322}
{"obj": {"type": "LogFloats", "path": ["training", "val_loss"], "values": [{"value": 1.4533027410507202, "step": null, "ts": 1668712799.4644842}]}, "version": 323}
{"obj": {"type": "LogFloats", "path": ["training", "val_acc_step"], "values": [{"value": 0.7272980213165283, "step": null, "ts": 1668712799.4670854}]}, "version": 324}
{"obj": {"type": "LogFloats", "path": ["training", "val_acc_epoch"], "values": [{"value": 0.7272980213165283, "step": null, "ts": 1668712799.4696074}]}, "version": 325}
{"obj": {"type": "LogFloats", "path": ["training", "epoch"], "values": [{"value": 6.0, "step": null, "ts": 1668712799.4720552}]}, "version": 326}
{"obj": {"type": "LogStrings", "path": ["monitoring", "stdout"], "values": [{"value": "Accuracy: 0.7862813472747803", "step": null, "ts": 1668712799.4782712}]}, "version": 327}
{"obj": {"type": "LogStrings", "path": ["monitoring", "stdout"], "values": [{"value": "\n", "step": null, "ts": 1668712799.4810903}]}, "version": 328}
{"obj": {"type": "LogFloats", "path": ["training", "train_acc_epoch"], "values": [{"value": 0.7862813472747803, "step": null, "ts": 1668712799.4884458}]}, "version": 329}
{"obj": {"type": "LogFloats", "path": ["training", "epoch"], "values": [{"value": 6.0, "step": null, "ts": 1668712799.4910705}]}, "version": 330}
{"obj": {"type": "LogFloats", "path": ["training", "train_acc_step"], "values": [{"value": 0.71875, "step": null, "ts": 1668712799.8295274}]}, "version": 331}
{"obj": {"type": "LogFloats", "path": ["training", "train_loss"], "values": [{"value": 1.4545818567276, "step": null, "ts": 1668712799.8327048}]}, "version": 332}
{"obj": {"type": "LogFloats", "path": ["training", "epoch"], "values": [{"value": 7.0, "step": null, "ts": 1668712799.835294}]}, "version": 333}
{"obj": {"type": "LogFloats", "path": ["training", "train_acc_step"], "values": [{"value": 0.90625, "step": null, "ts": 1668712800.0931976}]}, "version": 334}
{"obj": {"type": "LogFloats", "path": ["training", "train_loss"], "values": [{"value": 1.4340534210205078, "step": null, "ts": 1668712800.096554}]}, "version": 335}
{"obj": {"type": "LogFloats", "path": ["training", "epoch"], "values": [{"value": 7.0, "step": null, "ts": 1668712800.0993109}]}, "version": 336}
{"obj": {"type": "LogFloats", "path": ["training", "train_acc_step"], "values": [{"value": 0.75, "step": null, "ts": 1668712800.3584406}]}, "version": 337}
{"obj": {"type": "LogFloats", "path": ["training", "train_loss"], "values": [{"value": 1.4538724422454834, "step": null, "ts": 1668712800.361595}]}, "version": 338}
{"obj": {"type": "LogFloats", "path": ["training", "epoch"], "values": [{"value": 7.0, "step": null, "ts": 1668712800.364238}]}, "version": 339}
{"obj": {"type": "LogFloats", "path": ["training", "train_acc_step"], "values": [{"value": 0.8125, "step": null, "ts": 1668712800.6235974}]}, "version": 340}
{"obj": {"type": "LogFloats", "path": ["training", "train_loss"], "values": [{"value": 1.4334144592285156, "step": null, "ts": 1668712800.6267092}]}, "version": 341}
{"obj": {"type": "LogFloats", "path": ["training", "epoch"], "values": [{"value": 7.0, "step": null, "ts": 1668712800.6293995}]}, "version": 342}
{"obj": {"type": "LogFloats", "path": ["training", "train_acc_step"], "values": [{"value": 0.75, "step": null, "ts": 1668712800.8888404}]}, "version": 343}
{"obj": {"type": "LogFloats", "path": ["training", "train_loss"], "values": [{"value": 1.4427921772003174, "step": null, "ts": 1668712800.8920135}]}, "version": 344}
{"obj": {"type": "LogFloats", "path": ["training", "epoch"], "values": [{"value": 7.0, "step": null, "ts": 1668712800.8947072}]}, "version": 345}
{"obj": {"type": "LogFloats", "path": ["training", "train_acc_step"], "values": [{"value": 0.78125, "step": null, "ts": 1668712801.156977}]}, "version": 346}
{"obj": {"type": "LogFloats", "path": ["training", "train_loss"], "values": [{"value": 1.4485409259796143, "step": null, "ts": 1668712801.1591933}]}, "version": 347}
{"obj": {"type": "LogFloats", "path": ["training", "epoch"], "values": [{"value": 7.0, "step": null, "ts": 1668712801.161242}]}, "version": 348}
{"obj": {"type": "LogFloats", "path": ["training", "train_acc_step"], "values": [{"value": 0.8125, "step": null, "ts": 1668712801.4396472}]}, "version": 349}
{"obj": {"type": "LogFloats", "path": ["training", "train_loss"], "values": [{"value": 1.444105863571167, "step": null, "ts": 1668712801.4423697}]}, "version": 350}
{"obj": {"type": "LogFloats", "path": ["training", "epoch"], "values": [{"value": 7.0, "step": null, "ts": 1668712801.4450693}]}, "version": 351}
{"obj": {"type": "LogFloats", "path": ["training", "train_acc_step"], "values": [{"value": 0.78125, "step": null, "ts": 1668712801.7239144}]}, "version": 352}
{"obj": {"type": "LogFloats", "path": ["training", "train_loss"], "values": [{"value": 1.466670274734497, "step": null, "ts": 1668712801.7265024}]}, "version": 353}
{"obj": {"type": "LogFloats", "path": ["training", "epoch"], "values": [{"value": 7.0, "step": null, "ts": 1668712801.7297173}]}, "version": 354}
{"obj": {"type": "LogFloats", "path": ["training", "train_acc_step"], "values": [{"value": 0.78125, "step": null, "ts": 1668712802.004905}]}, "version": 355}
{"obj": {"type": "LogFloats", "path": ["training", "train_loss"], "values": [{"value": 1.439361810684204, "step": null, "ts": 1668712802.007794}]}, "version": 356}
{"obj": {"type": "LogFloats", "path": ["training", "epoch"], "values": [{"value": 7.0, "step": null, "ts": 1668712802.0102234}]}, "version": 357}
{"obj": {"type": "LogStrings", "path": ["monitoring", "stdout"], "values": [{"value": "{'progress_bar': {'val_loss': 1.4598017930984497}, 'log': {'val_loss': 1.4598017930984497}, 'val_loss': 1.4598017930984497}", "step": null, "ts": 1668712803.5582535}]}, "version": 358}
{"obj": {"type": "LogStrings", "path": ["monitoring", "stdout"], "values": [{"value": "\n", "step": null, "ts": 1668712803.5609498}]}, "version": 359}
{"obj": {"type": "LogStrings", "path": ["monitoring", "stdout"], "values": [{"value": "Accuracy: 0.7087743878364563", "step": null, "ts": 1668712803.5634675}]}, "version": 360}
{"obj": {"type": "LogStrings", "path": ["monitoring", "stdout"], "values": [{"value": "\n", "step": null, "ts": 1668712803.5657587}]}, "version": 361}
{"obj": {"type": "LogFloats", "path": ["training", "val_loss"], "values": [{"value": 1.4599380493164062, "step": null, "ts": 1668712803.5684793}]}, "version": 362}
{"obj": {"type": "LogFloats", "path": ["training", "val_acc_step"], "values": [{"value": 0.7087743878364563, "step": null, "ts": 1668712803.5709116}]}, "version": 363}
{"obj": {"type": "LogFloats", "path": ["training", "val_acc_epoch"], "values": [{"value": 0.7087743878364563, "step": null, "ts": 1668712803.573291}]}, "version": 364}
{"obj": {"type": "LogFloats", "path": ["training", "epoch"], "values": [{"value": 7.0, "step": null, "ts": 1668712803.5757022}]}, "version": 365}
{"obj": {"type": "LogStrings", "path": ["monitoring", "stdout"], "values": [{"value": "Accuracy: 0.7860724329948425", "step": null, "ts": 1668712803.5822792}]}, "version": 366}
{"obj": {"type": "LogStrings", "path": ["monitoring", "stdout"], "values": [{"value": "\n", "step": null, "ts": 1668712803.584843}]}, "version": 367}
{"obj": {"type": "LogFloats", "path": ["training", "train_acc_epoch"], "values": [{"value": 0.7860724329948425, "step": null, "ts": 1668712803.5916526}]}, "version": 368}
{"obj": {"type": "LogFloats", "path": ["training", "epoch"], "values": [{"value": 7.0, "step": null, "ts": 1668712803.5944183}]}, "version": 369}
{"obj": {"type": "LogFloats", "path": ["training", "train_acc_step"], "values": [{"value": 0.75, "step": null, "ts": 1668712803.923993}]}, "version": 370}
{"obj": {"type": "LogFloats", "path": ["training", "train_loss"], "values": [{"value": 1.444713830947876, "step": null, "ts": 1668712803.9270852}]}, "version": 371}
{"obj": {"type": "LogFloats", "path": ["training", "epoch"], "values": [{"value": 8.0, "step": null, "ts": 1668712803.929894}]}, "version": 372}
{"obj": {"type": "LogFloats", "path": ["training", "train_acc_step"], "values": [{"value": 0.71875, "step": null, "ts": 1668712804.183905}]}, "version": 373}
{"obj": {"type": "LogFloats", "path": ["training", "train_loss"], "values": [{"value": 1.4677543640136719, "step": null, "ts": 1668712804.1870809}]}, "version": 374}
{"obj": {"type": "LogFloats", "path": ["training", "epoch"], "values": [{"value": 8.0, "step": null, "ts": 1668712804.1899161}]}, "version": 375}
{"obj": {"type": "LogFloats", "path": ["training", "train_acc_step"], "values": [{"value": 0.875, "step": null, "ts": 1668712804.4555292}]}, "version": 376}
{"obj": {"type": "LogFloats", "path": ["training", "train_loss"], "values": [{"value": 1.4348022937774658, "step": null, "ts": 1668712804.4587607}]}, "version": 377}
{"obj": {"type": "LogFloats", "path": ["training", "epoch"], "values": [{"value": 8.0, "step": null, "ts": 1668712804.4617677}]}, "version": 378}
{"obj": {"type": "LogFloats", "path": ["training", "train_acc_step"], "values": [{"value": 0.90625, "step": null, "ts": 1668712804.730322}]}, "version": 379}
{"obj": {"type": "LogFloats", "path": ["training", "train_loss"], "values": [{"value": 1.4344784021377563, "step": null, "ts": 1668712804.7334552}]}, "version": 380}
{"obj": {"type": "LogFloats", "path": ["training", "epoch"], "values": [{"value": 8.0, "step": null, "ts": 1668712804.7361403}]}, "version": 381}
{"obj": {"type": "LogStrings", "path": ["monitoring", "stderr"], "values": [{"value": "/home/aron/.local/lib/python3.9/site-packages/pytorch_lightning/trainer/trainer.py:653: UserWarning: Detected KeyboardInterrupt, attempting graceful shutdown...\n  rank_zero_warn(\"Detected KeyboardInterrupt, attempting graceful shutdown...\")\n", "step": null, "ts": 1668712804.8380272}]}, "version": 382}
{"obj": {"type": "LogStrings", "path": ["monitoring", "stdout"], "values": [{"value": "Shutting down background jobs, please wait a moment...\n", "step": null, "ts": 1668712804.8413484}]}, "version": 383}
