{"obj": {"type": "AssignString", "path": ["sys", "name"], "value": "Untitled"}, "version": 1}
{"obj": {"type": "AssignString", "path": ["sys", "description"], "value": ""}, "version": 2}
{"obj": {"type": "AssignString", "path": ["sys", "hostname"], "value": "node6"}, "version": 3}
{"obj": {"type": "AssignBool", "path": ["sys", "failed"], "value": false}, "version": 4}
{"obj": {"type": "ClearStringLog", "path": ["monitoring", "stdout"]}, "version": 5}
{"obj": {"type": "ClearStringLog", "path": ["monitoring", "stderr"]}, "version": 6}
{"obj": {"type": "UploadFileSet", "path": ["source_code", "files"], "file_globs": ["/home/aron/BCM_activity_classification/train_model.ipynb", "/home/aron/BCM_activity_classification/model.py", "/home/aron/BCM_activity_classification/BCM_dataset_v2.py"], "reset": "False"}, "version": 7}
{"obj": {"type": "ConfigFloatSeries", "path": ["monitoring", "cpu"], "min": 0.0, "max": 100.0, "unit": "%"}, "version": 8}
{"obj": {"type": "ClearFloatLog", "path": ["monitoring", "cpu"]}, "version": 9}
{"obj": {"type": "ConfigFloatSeries", "path": ["monitoring", "memory"], "min": 0.0, "max": 62.711673736572266, "unit": "GB"}, "version": 10}
{"obj": {"type": "ClearFloatLog", "path": ["monitoring", "memory"]}, "version": 11}
{"obj": {"type": "ConfigFloatSeries", "path": ["monitoring", "gpu_0"], "min": 0.0, "max": 100.0, "unit": "%"}, "version": 12}
{"obj": {"type": "ClearFloatLog", "path": ["monitoring", "gpu_0"]}, "version": 13}
{"obj": {"type": "ConfigFloatSeries", "path": ["monitoring", "gpu_1"], "min": 0.0, "max": 100.0, "unit": "%"}, "version": 14}
{"obj": {"type": "ClearFloatLog", "path": ["monitoring", "gpu_1"]}, "version": 15}
{"obj": {"type": "ConfigFloatSeries", "path": ["monitoring", "gpu_memory_0"], "min": 0.0, "max": 12.0, "unit": "GB"}, "version": 16}
{"obj": {"type": "ClearFloatLog", "path": ["monitoring", "gpu_memory_0"]}, "version": 17}
{"obj": {"type": "ConfigFloatSeries", "path": ["monitoring", "gpu_memory_1"], "min": 0.0, "max": 12.0, "unit": "GB"}, "version": 18}
{"obj": {"type": "ClearFloatLog", "path": ["monitoring", "gpu_memory_1"]}, "version": 19}
{"obj": {"type": "LogStrings", "path": ["monitoring", "stdout"], "values": [{"value": "", "step": null, "ts": 1667563597.892746}]}, "version": 20}
{"obj": {"type": "LogFloats", "path": ["monitoring", "cpu"], "values": [{"value": 2.8, "step": null, "ts": 1667563597.8905797}]}, "version": 21}
{"obj": {"type": "LogStrings", "path": ["monitoring", "stdout"], "values": [{"value": "Remember to stop your run once you\u2019ve finished logging your metadata (https://docs.neptune.ai/api-reference/run#.stop). It will be stopped automatically only when the notebook kernel/interactive console is terminated.\n", "step": null, "ts": 1667563597.8976748}]}, "version": 22}
{"obj": {"type": "LogFloats", "path": ["monitoring", "memory"], "values": [{"value": 4.552558898925781, "step": null, "ts": 1667563597.8905797}]}, "version": 23}
{"obj": {"type": "LogFloats", "path": ["monitoring", "gpu_memory_0"], "values": [{"value": 1.19342041015625, "step": null, "ts": 1667563597.8905797}]}, "version": 24}
{"obj": {"type": "LogFloats", "path": ["monitoring", "gpu_memory_1"], "values": [{"value": 0.232177734375, "step": null, "ts": 1667563597.8905797}]}, "version": 25}
{"obj": {"type": "AssignString", "path": ["source_code", "integrations", "pytorch-lightning"], "value": "1.7.5"}, "version": 26}
{"obj": {"type": "LogStrings", "path": ["metadata", "file_path"], "values": [{"value": "data/bcm/", "step": null, "ts": 1667563598.6116748}]}, "version": 27}
{"obj": {"type": "LogFloats", "path": ["metadata", "window_size"], "values": [{"value": 1.0, "step": null, "ts": 1667563598.6155355}]}, "version": 28}
{"obj": {"type": "LogFloats", "path": ["metadata", "stride"], "values": [{"value": 0.032, "step": null, "ts": 1667563598.6190093}]}, "version": 29}
{"obj": {"type": "LogFloats", "path": ["metadata", "MFCC_stride"], "values": [{"value": 0.032, "step": null, "ts": 1667563598.622036}]}, "version": 30}
{"obj": {"type": "LogFloats", "path": ["metadata", "mfccs_pr_window"], "values": [{"value": 31.0, "step": null, "ts": 1667563598.6250558}]}, "version": 31}
{"obj": {"type": "LogFloats", "path": ["metadata", "lr"], "values": [{"value": 0.001, "step": null, "ts": 1667563598.6277165}]}, "version": 32}
{"obj": {"type": "LogFloats", "path": ["metadata", "batch_size"], "values": [{"value": 32.0, "step": null, "ts": 1667563598.6303136}]}, "version": 33}
{"obj": {"type": "LogFloats", "path": ["metadata", "lstm_layers"], "values": [{"value": 1.0, "step": null, "ts": 1667563598.6328204}]}, "version": 34}
{"obj": {"type": "LogFloats", "path": ["metadata", "lstm_hidden_size"], "values": [{"value": 128.0, "step": null, "ts": 1667563598.6353118}]}, "version": 35}
{"obj": {"type": "LogFloats", "path": ["metadata", "weight_decay"], "values": [{"value": 0.0, "step": null, "ts": 1667563598.6377318}]}, "version": 36}
{"obj": {"type": "LogFloats", "path": ["metadata", "occlusion"], "values": [{"value": 0.0, "step": null, "ts": 1667563598.640152}]}, "version": 37}
{"obj": {"type": "LogFloats", "path": ["metadata", "seed"], "values": [{"value": 0.0, "step": null, "ts": 1667563598.642438}]}, "version": 38}
{"obj": {"type": "LogFloats", "path": ["metadata", "train_set_length"], "values": [{"value": 168595.0, "step": null, "ts": 1667563598.644761}]}, "version": 39}
{"obj": {"type": "LogFloats", "path": ["metadata", "val_set_length"], "values": [{"value": 56095.0, "step": null, "ts": 1667563598.647022}]}, "version": 40}
{"obj": {"type": "LogStrings", "path": ["monitoring", "stderr"], "values": [{"value": "/home/aron/.local/lib/python3.9/site-packages/pytorch_lightning/core/module.py:555: UserWarning: To copy construct from a tensor, it is recommended to use sourceTensor.clone().detach() or sourceTensor.clone().detach().requires_grad_(True), rather than torch.tensor(sourceTensor).\n  value = torch.tensor(value, device=self.device)\n", "step": null, "ts": 1667563598.9907746}]}, "version": 41}
{"obj": {"type": "LogStrings", "path": ["monitoring", "stdout"], "values": [{"value": "{'progress_bar': {'val_loss': 1.609828233718872}, 'log': {'val_loss': 1.609828233718872}, 'val_loss': 1.609828233718872}", "step": null, "ts": 1667563599.005004}]}, "version": 42}
{"obj": {"type": "LogStrings", "path": ["monitoring", "stdout"], "values": [{"value": "\n", "step": null, "ts": 1667563599.008027}]}, "version": 43}
{"obj": {"type": "LogStrings", "path": ["monitoring", "stdout"], "values": [{"value": "Accuracy: 0.0625", "step": null, "ts": 1667563599.011197}]}, "version": 44}
{"obj": {"type": "LogStrings", "path": ["monitoring", "stdout"], "values": [{"value": "\n", "step": null, "ts": 1667563599.0138931}]}, "version": 45}
{"obj": {"type": "LogFloats", "path": ["training", "train_acc_step"], "values": [{"value": 0.6875, "step": null, "ts": 1667563599.6179204}]}, "version": 46}
{"obj": {"type": "LogFloats", "path": ["training", "train_loss"], "values": [{"value": 1.4901819229125977, "step": null, "ts": 1667563599.620697}]}, "version": 47}
{"obj": {"type": "LogFloats", "path": ["training", "epoch"], "values": [{"value": 0.0, "step": null, "ts": 1667563599.6230693}]}, "version": 48}
{"obj": {"type": "LogFloats", "path": ["training", "train_acc_step"], "values": [{"value": 0.75, "step": null, "ts": 1667563599.8497953}]}, "version": 49}
{"obj": {"type": "LogFloats", "path": ["training", "train_loss"], "values": [{"value": 1.4748828411102295, "step": null, "ts": 1667563599.8528714}]}, "version": 50}
{"obj": {"type": "LogFloats", "path": ["training", "epoch"], "values": [{"value": 0.0, "step": null, "ts": 1667563599.85525}]}, "version": 51}
{"obj": {"type": "LogFloats", "path": ["training", "train_acc_step"], "values": [{"value": 0.625, "step": null, "ts": 1667563600.0823421}]}, "version": 52}
{"obj": {"type": "LogFloats", "path": ["training", "train_loss"], "values": [{"value": 1.4781663417816162, "step": null, "ts": 1667563600.085456}]}, "version": 53}
{"obj": {"type": "LogFloats", "path": ["training", "epoch"], "values": [{"value": 0.0, "step": null, "ts": 1667563600.0882783}]}, "version": 54}
{"obj": {"type": "LogFloats", "path": ["training", "train_acc_step"], "values": [{"value": 0.90625, "step": null, "ts": 1667563600.3151505}]}, "version": 55}
{"obj": {"type": "LogFloats", "path": ["training", "train_loss"], "values": [{"value": 1.4376180171966553, "step": null, "ts": 1667563600.318215}]}, "version": 56}
{"obj": {"type": "LogFloats", "path": ["training", "epoch"], "values": [{"value": 0.0, "step": null, "ts": 1667563600.3206701}]}, "version": 57}
{"obj": {"type": "LogFloats", "path": ["training", "train_acc_step"], "values": [{"value": 0.8125, "step": null, "ts": 1667563600.5465765}]}, "version": 58}
{"obj": {"type": "LogFloats", "path": ["training", "train_loss"], "values": [{"value": 1.461312174797058, "step": null, "ts": 1667563600.5496197}]}, "version": 59}
{"obj": {"type": "LogFloats", "path": ["training", "epoch"], "values": [{"value": 0.0, "step": null, "ts": 1667563600.552188}]}, "version": 60}
{"obj": {"type": "LogFloats", "path": ["training", "train_acc_step"], "values": [{"value": 0.78125, "step": null, "ts": 1667563600.778425}]}, "version": 61}
{"obj": {"type": "LogFloats", "path": ["training", "train_loss"], "values": [{"value": 1.4789350032806396, "step": null, "ts": 1667563600.781541}]}, "version": 62}
{"obj": {"type": "LogFloats", "path": ["training", "epoch"], "values": [{"value": 0.0, "step": null, "ts": 1667563600.7838893}]}, "version": 63}
{"obj": {"type": "LogFloats", "path": ["training", "train_acc_step"], "values": [{"value": 0.78125, "step": null, "ts": 1667563601.009847}]}, "version": 64}
{"obj": {"type": "LogFloats", "path": ["training", "train_loss"], "values": [{"value": 1.4628846645355225, "step": null, "ts": 1667563601.013007}]}, "version": 65}
{"obj": {"type": "LogFloats", "path": ["training", "epoch"], "values": [{"value": 0.0, "step": null, "ts": 1667563601.015945}]}, "version": 66}
{"obj": {"type": "LogFloats", "path": ["training", "train_acc_step"], "values": [{"value": 0.8125, "step": null, "ts": 1667563601.242535}]}, "version": 67}
{"obj": {"type": "LogFloats", "path": ["training", "train_loss"], "values": [{"value": 1.461189866065979, "step": null, "ts": 1667563601.2456229}]}, "version": 68}
{"obj": {"type": "LogFloats", "path": ["training", "epoch"], "values": [{"value": 0.0, "step": null, "ts": 1667563601.2483976}]}, "version": 69}
{"obj": {"type": "LogFloats", "path": ["training", "train_acc_step"], "values": [{"value": 0.78125, "step": null, "ts": 1667563601.4749923}]}, "version": 70}
{"obj": {"type": "LogFloats", "path": ["training", "train_loss"], "values": [{"value": 1.4722659587860107, "step": null, "ts": 1667563601.4780893}]}, "version": 71}
{"obj": {"type": "LogFloats", "path": ["training", "epoch"], "values": [{"value": 0.0, "step": null, "ts": 1667563601.4812083}]}, "version": 72}
{"obj": {"type": "LogFloats", "path": ["training", "train_acc_step"], "values": [{"value": 0.6875, "step": null, "ts": 1667563601.7102294}]}, "version": 73}
{"obj": {"type": "LogFloats", "path": ["training", "train_loss"], "values": [{"value": 1.502593755722046, "step": null, "ts": 1667563601.7131453}]}, "version": 74}
{"obj": {"type": "LogFloats", "path": ["training", "epoch"], "values": [{"value": 0.0, "step": null, "ts": 1667563601.7158022}]}, "version": 75}
{"obj": {"type": "LogFloats", "path": ["training", "train_acc_step"], "values": [{"value": 0.8125, "step": null, "ts": 1667563601.9418209}]}, "version": 76}
{"obj": {"type": "LogFloats", "path": ["training", "train_loss"], "values": [{"value": 1.4547946453094482, "step": null, "ts": 1667563601.9445975}]}, "version": 77}
{"obj": {"type": "LogFloats", "path": ["training", "epoch"], "values": [{"value": 0.0, "step": null, "ts": 1667563601.9471884}]}, "version": 78}
{"obj": {"type": "LogFloats", "path": ["training", "train_acc_step"], "values": [{"value": 0.6875, "step": null, "ts": 1667563602.1742482}]}, "version": 79}
{"obj": {"type": "LogFloats", "path": ["training", "train_loss"], "values": [{"value": 1.4816107749938965, "step": null, "ts": 1667563602.1770751}]}, "version": 80}
{"obj": {"type": "LogFloats", "path": ["training", "epoch"], "values": [{"value": 0.0, "step": null, "ts": 1667563602.179745}]}, "version": 81}
{"obj": {"type": "LogFloats", "path": ["training", "train_acc_step"], "values": [{"value": 0.625, "step": null, "ts": 1667563602.406042}]}, "version": 82}
{"obj": {"type": "LogFloats", "path": ["training", "train_loss"], "values": [{"value": 1.4986810684204102, "step": null, "ts": 1667563602.4089854}]}, "version": 83}
{"obj": {"type": "LogFloats", "path": ["training", "epoch"], "values": [{"value": 0.0, "step": null, "ts": 1667563602.4115398}]}, "version": 84}
{"obj": {"type": "LogFloats", "path": ["training", "train_acc_step"], "values": [{"value": 0.84375, "step": null, "ts": 1667563602.6379316}]}, "version": 85}
{"obj": {"type": "LogFloats", "path": ["training", "train_loss"], "values": [{"value": 1.4506242275238037, "step": null, "ts": 1667563602.640214}]}, "version": 86}
{"obj": {"type": "LogFloats", "path": ["training", "epoch"], "values": [{"value": 0.0, "step": null, "ts": 1667563602.6424184}]}, "version": 87}
{"obj": {"type": "LogFloats", "path": ["training", "train_acc_step"], "values": [{"value": 0.78125, "step": null, "ts": 1667563602.8694906}]}, "version": 88}
{"obj": {"type": "LogFloats", "path": ["training", "train_loss"], "values": [{"value": 1.4775642156600952, "step": null, "ts": 1667563602.8726628}]}, "version": 89}
{"obj": {"type": "LogFloats", "path": ["training", "epoch"], "values": [{"value": 0.0, "step": null, "ts": 1667563602.8752217}]}, "version": 90}
{"obj": {"type": "LogFloats", "path": ["training", "train_acc_step"], "values": [{"value": 0.71875, "step": null, "ts": 1667563603.1017234}]}, "version": 91}
{"obj": {"type": "LogFloats", "path": ["training", "train_loss"], "values": [{"value": 1.4583063125610352, "step": null, "ts": 1667563603.1049097}]}, "version": 92}
{"obj": {"type": "LogFloats", "path": ["training", "epoch"], "values": [{"value": 0.0, "step": null, "ts": 1667563603.1075385}]}, "version": 93}
{"obj": {"type": "LogFloats", "path": ["training", "train_acc_step"], "values": [{"value": 0.8125, "step": null, "ts": 1667563603.3338187}]}, "version": 94}
{"obj": {"type": "LogFloats", "path": ["training", "train_loss"], "values": [{"value": 1.4652681350708008, "step": null, "ts": 1667563603.3367698}]}, "version": 95}
{"obj": {"type": "LogFloats", "path": ["training", "epoch"], "values": [{"value": 0.0, "step": null, "ts": 1667563603.3395882}]}, "version": 96}
{"obj": {"type": "LogFloats", "path": ["training", "train_acc_step"], "values": [{"value": 0.90625, "step": null, "ts": 1667563603.5731463}]}, "version": 97}
{"obj": {"type": "LogFloats", "path": ["training", "train_loss"], "values": [{"value": 1.4431633949279785, "step": null, "ts": 1667563603.5761378}]}, "version": 98}
{"obj": {"type": "LogFloats", "path": ["training", "epoch"], "values": [{"value": 0.0, "step": null, "ts": 1667563603.5790389}]}, "version": 99}
{"obj": {"type": "LogFloats", "path": ["training", "train_acc_step"], "values": [{"value": 0.78125, "step": null, "ts": 1667563603.8069072}]}, "version": 100}
{"obj": {"type": "LogFloats", "path": ["training", "train_loss"], "values": [{"value": 1.454274296760559, "step": null, "ts": 1667563603.809957}]}, "version": 101}
{"obj": {"type": "LogFloats", "path": ["training", "epoch"], "values": [{"value": 0.0, "step": null, "ts": 1667563603.8128524}]}, "version": 102}
{"obj": {"type": "LogFloats", "path": ["training", "train_acc_step"], "values": [{"value": 0.78125, "step": null, "ts": 1667563604.041948}]}, "version": 103}
{"obj": {"type": "LogFloats", "path": ["training", "train_loss"], "values": [{"value": 1.4689090251922607, "step": null, "ts": 1667563604.0449772}]}, "version": 104}
{"obj": {"type": "LogFloats", "path": ["training", "epoch"], "values": [{"value": 0.0, "step": null, "ts": 1667563604.048038}]}, "version": 105}
{"obj": {"type": "LogFloats", "path": ["training", "train_acc_step"], "values": [{"value": 0.6875, "step": null, "ts": 1667563604.2752786}]}, "version": 106}
{"obj": {"type": "LogFloats", "path": ["training", "train_loss"], "values": [{"value": 1.479552984237671, "step": null, "ts": 1667563604.278361}]}, "version": 107}
{"obj": {"type": "LogFloats", "path": ["training", "epoch"], "values": [{"value": 0.0, "step": null, "ts": 1667563604.2813323}]}, "version": 108}
{"obj": {"type": "LogFloats", "path": ["training", "train_acc_step"], "values": [{"value": 0.75, "step": null, "ts": 1667563604.5087247}]}, "version": 109}
{"obj": {"type": "LogFloats", "path": ["training", "train_loss"], "values": [{"value": 1.465198040008545, "step": null, "ts": 1667563604.511784}]}, "version": 110}
{"obj": {"type": "LogFloats", "path": ["training", "epoch"], "values": [{"value": 0.0, "step": null, "ts": 1667563604.5145679}]}, "version": 111}
{"obj": {"type": "LogFloats", "path": ["training", "train_acc_step"], "values": [{"value": 0.71875, "step": null, "ts": 1667563604.739841}]}, "version": 112}
{"obj": {"type": "LogFloats", "path": ["training", "train_loss"], "values": [{"value": 1.4802439212799072, "step": null, "ts": 1667563604.7426746}]}, "version": 113}
{"obj": {"type": "LogFloats", "path": ["training", "epoch"], "values": [{"value": 0.0, "step": null, "ts": 1667563604.745674}]}, "version": 114}
{"obj": {"type": "LogFloats", "path": ["training", "train_acc_step"], "values": [{"value": 0.8125, "step": null, "ts": 1667563604.9692152}]}, "version": 115}
{"obj": {"type": "LogFloats", "path": ["training", "train_loss"], "values": [{"value": 1.4496040344238281, "step": null, "ts": 1667563604.9724393}]}, "version": 116}
{"obj": {"type": "LogFloats", "path": ["training", "epoch"], "values": [{"value": 0.0, "step": null, "ts": 1667563604.9753065}]}, "version": 117}
{"obj": {"type": "LogFloats", "path": ["training", "train_acc_step"], "values": [{"value": 0.9375, "step": null, "ts": 1667563605.2000368}]}, "version": 118}
{"obj": {"type": "LogFloats", "path": ["training", "train_loss"], "values": [{"value": 1.438853144645691, "step": null, "ts": 1667563605.2031195}]}, "version": 119}
{"obj": {"type": "LogFloats", "path": ["training", "epoch"], "values": [{"value": 0.0, "step": null, "ts": 1667563605.205676}]}, "version": 120}
{"obj": {"type": "LogFloats", "path": ["training", "train_acc_step"], "values": [{"value": 0.71875, "step": null, "ts": 1667563605.4304957}]}, "version": 121}
{"obj": {"type": "LogFloats", "path": ["training", "train_loss"], "values": [{"value": 1.4687561988830566, "step": null, "ts": 1667563605.4335966}]}, "version": 122}
{"obj": {"type": "LogFloats", "path": ["training", "epoch"], "values": [{"value": 0.0, "step": null, "ts": 1667563605.4359543}]}, "version": 123}
{"obj": {"type": "LogFloats", "path": ["training", "train_acc_step"], "values": [{"value": 0.75, "step": null, "ts": 1667563605.6615558}]}, "version": 124}
{"obj": {"type": "LogFloats", "path": ["training", "train_loss"], "values": [{"value": 1.4571547508239746, "step": null, "ts": 1667563605.6647654}]}, "version": 125}
{"obj": {"type": "LogFloats", "path": ["training", "epoch"], "values": [{"value": 0.0, "step": null, "ts": 1667563605.667391}]}, "version": 126}
{"obj": {"type": "LogFloats", "path": ["training", "train_acc_step"], "values": [{"value": 0.78125, "step": null, "ts": 1667563605.8950522}]}, "version": 127}
{"obj": {"type": "LogFloats", "path": ["training", "train_loss"], "values": [{"value": 1.4538973569869995, "step": null, "ts": 1667563605.8979108}]}, "version": 128}
{"obj": {"type": "LogFloats", "path": ["training", "epoch"], "values": [{"value": 0.0, "step": null, "ts": 1667563605.900308}]}, "version": 129}
{"obj": {"type": "LogFloats", "path": ["training", "train_acc_step"], "values": [{"value": 0.59375, "step": null, "ts": 1667563606.1302183}]}, "version": 130}
{"obj": {"type": "LogFloats", "path": ["training", "train_loss"], "values": [{"value": 1.479339838027954, "step": null, "ts": 1667563606.133275}]}, "version": 131}
{"obj": {"type": "LogFloats", "path": ["training", "epoch"], "values": [{"value": 0.0, "step": null, "ts": 1667563606.1363454}]}, "version": 132}
{"obj": {"type": "LogFloats", "path": ["training", "train_acc_step"], "values": [{"value": 0.71875, "step": null, "ts": 1667563606.3663611}]}, "version": 133}
{"obj": {"type": "LogFloats", "path": ["training", "train_loss"], "values": [{"value": 1.4672188758850098, "step": null, "ts": 1667563606.369504}]}, "version": 134}
{"obj": {"type": "LogFloats", "path": ["training", "epoch"], "values": [{"value": 0.0, "step": null, "ts": 1667563606.3723829}]}, "version": 135}
{"obj": {"type": "LogFloats", "path": ["training", "train_acc_step"], "values": [{"value": 0.6875, "step": null, "ts": 1667563606.602121}]}, "version": 136}
{"obj": {"type": "LogFloats", "path": ["training", "train_loss"], "values": [{"value": 1.4666869640350342, "step": null, "ts": 1667563606.605398}]}, "version": 137}
{"obj": {"type": "LogFloats", "path": ["training", "epoch"], "values": [{"value": 0.0, "step": null, "ts": 1667563606.6083548}]}, "version": 138}
{"obj": {"type": "LogFloats", "path": ["training", "train_acc_step"], "values": [{"value": 0.78125, "step": null, "ts": 1667563606.8381646}]}, "version": 139}
{"obj": {"type": "LogFloats", "path": ["training", "train_loss"], "values": [{"value": 1.4751956462860107, "step": null, "ts": 1667563606.8409953}]}, "version": 140}
{"obj": {"type": "LogFloats", "path": ["training", "epoch"], "values": [{"value": 0.0, "step": null, "ts": 1667563606.8439229}]}, "version": 141}
{"obj": {"type": "LogFloats", "path": ["training", "train_acc_step"], "values": [{"value": 0.71875, "step": null, "ts": 1667563607.07006}]}, "version": 142}
{"obj": {"type": "LogFloats", "path": ["training", "train_loss"], "values": [{"value": 1.4642778635025024, "step": null, "ts": 1667563607.073099}]}, "version": 143}
{"obj": {"type": "LogFloats", "path": ["training", "epoch"], "values": [{"value": 0.0, "step": null, "ts": 1667563607.0759673}]}, "version": 144}
{"obj": {"type": "LogFloats", "path": ["training", "train_acc_step"], "values": [{"value": 0.8125, "step": null, "ts": 1667563607.2989864}]}, "version": 145}
{"obj": {"type": "LogFloats", "path": ["training", "train_loss"], "values": [{"value": 1.4628992080688477, "step": null, "ts": 1667563607.3018904}]}, "version": 146}
{"obj": {"type": "LogFloats", "path": ["training", "epoch"], "values": [{"value": 0.0, "step": null, "ts": 1667563607.3042874}]}, "version": 147}
{"obj": {"type": "LogFloats", "path": ["training", "train_acc_step"], "values": [{"value": 0.78125, "step": null, "ts": 1667563607.5270946}]}, "version": 148}
{"obj": {"type": "LogFloats", "path": ["training", "train_loss"], "values": [{"value": 1.4531068801879883, "step": null, "ts": 1667563607.53009}]}, "version": 149}
{"obj": {"type": "LogFloats", "path": ["training", "epoch"], "values": [{"value": 0.0, "step": null, "ts": 1667563607.5329576}]}, "version": 150}
{"obj": {"type": "LogFloats", "path": ["training", "train_acc_step"], "values": [{"value": 0.84375, "step": null, "ts": 1667563607.7558382}]}, "version": 151}
{"obj": {"type": "LogFloats", "path": ["training", "train_loss"], "values": [{"value": 1.4571599960327148, "step": null, "ts": 1667563607.7592099}]}, "version": 152}
{"obj": {"type": "LogFloats", "path": ["training", "epoch"], "values": [{"value": 0.0, "step": null, "ts": 1667563607.7622385}]}, "version": 153}
{"obj": {"type": "LogFloats", "path": ["monitoring", "cpu"], "values": [{"value": 10.4, "step": null, "ts": 1667563607.9070725}]}, "version": 154}
{"obj": {"type": "LogFloats", "path": ["monitoring", "memory"], "values": [{"value": 5.103961944580078, "step": null, "ts": 1667563607.9070725}]}, "version": 155}
{"obj": {"type": "LogFloats", "path": ["monitoring", "gpu_0"], "values": [{"value": 28.0, "step": null, "ts": 1667563607.9070725}]}, "version": 156}
{"obj": {"type": "LogFloats", "path": ["monitoring", "gpu_memory_0"], "values": [{"value": 1.38677978515625, "step": null, "ts": 1667563607.9070725}]}, "version": 157}
{"obj": {"type": "LogFloats", "path": ["monitoring", "gpu_memory_1"], "values": [{"value": 0.232177734375, "step": null, "ts": 1667563607.9070725}]}, "version": 158}
{"obj": {"type": "LogFloats", "path": ["training", "train_acc_step"], "values": [{"value": 0.6875, "step": null, "ts": 1667563607.985769}]}, "version": 159}
{"obj": {"type": "LogFloats", "path": ["training", "train_loss"], "values": [{"value": 1.4762392044067383, "step": null, "ts": 1667563607.9890463}]}, "version": 160}
{"obj": {"type": "LogFloats", "path": ["training", "epoch"], "values": [{"value": 0.0, "step": null, "ts": 1667563607.9920926}]}, "version": 161}
{"obj": {"type": "LogFloats", "path": ["training", "train_acc_step"], "values": [{"value": 0.8125, "step": null, "ts": 1667563608.2160218}]}, "version": 162}
{"obj": {"type": "LogFloats", "path": ["training", "train_loss"], "values": [{"value": 1.4444854259490967, "step": null, "ts": 1667563608.2192745}]}, "version": 163}
{"obj": {"type": "LogFloats", "path": ["training", "epoch"], "values": [{"value": 0.0, "step": null, "ts": 1667563608.2222404}]}, "version": 164}
{"obj": {"type": "LogFloats", "path": ["training", "train_acc_step"], "values": [{"value": 0.875, "step": null, "ts": 1667563608.4453275}]}, "version": 165}
{"obj": {"type": "LogFloats", "path": ["training", "train_loss"], "values": [{"value": 1.4372577667236328, "step": null, "ts": 1667563608.448505}]}, "version": 166}
{"obj": {"type": "LogFloats", "path": ["training", "epoch"], "values": [{"value": 0.0, "step": null, "ts": 1667563608.4512508}]}, "version": 167}
{"obj": {"type": "LogFloats", "path": ["training", "train_acc_step"], "values": [{"value": 0.8125, "step": null, "ts": 1667563608.6749673}]}, "version": 168}
{"obj": {"type": "LogFloats", "path": ["training", "train_loss"], "values": [{"value": 1.456768274307251, "step": null, "ts": 1667563608.6778429}]}, "version": 169}
{"obj": {"type": "LogFloats", "path": ["training", "epoch"], "values": [{"value": 0.0, "step": null, "ts": 1667563608.680195}]}, "version": 170}
{"obj": {"type": "LogFloats", "path": ["training", "train_acc_step"], "values": [{"value": 0.71875, "step": null, "ts": 1667563608.9071946}]}, "version": 171}
{"obj": {"type": "LogFloats", "path": ["training", "train_loss"], "values": [{"value": 1.454699993133545, "step": null, "ts": 1667563608.9105887}]}, "version": 172}
{"obj": {"type": "LogFloats", "path": ["training", "epoch"], "values": [{"value": 0.0, "step": null, "ts": 1667563608.9136243}]}, "version": 173}
{"obj": {"type": "LogFloats", "path": ["training", "train_acc_step"], "values": [{"value": 0.71875, "step": null, "ts": 1667563609.1366677}]}, "version": 174}
{"obj": {"type": "LogFloats", "path": ["training", "train_loss"], "values": [{"value": 1.4603809118270874, "step": null, "ts": 1667563609.1396954}]}, "version": 175}
{"obj": {"type": "LogFloats", "path": ["training", "epoch"], "values": [{"value": 0.0, "step": null, "ts": 1667563609.142217}]}, "version": 176}
{"obj": {"type": "LogFloats", "path": ["training", "train_acc_step"], "values": [{"value": 0.75, "step": null, "ts": 1667563609.3640487}]}, "version": 177}
{"obj": {"type": "LogFloats", "path": ["training", "train_loss"], "values": [{"value": 1.4606993198394775, "step": null, "ts": 1667563609.367245}]}, "version": 178}
{"obj": {"type": "LogFloats", "path": ["training", "epoch"], "values": [{"value": 0.0, "step": null, "ts": 1667563609.3701217}]}, "version": 179}
{"obj": {"type": "LogFloats", "path": ["training", "train_acc_step"], "values": [{"value": 0.8125, "step": null, "ts": 1667563609.5960488}]}, "version": 180}
{"obj": {"type": "LogFloats", "path": ["training", "train_loss"], "values": [{"value": 1.4520134925842285, "step": null, "ts": 1667563609.5992787}]}, "version": 181}
{"obj": {"type": "LogFloats", "path": ["training", "epoch"], "values": [{"value": 0.0, "step": null, "ts": 1667563609.6022003}]}, "version": 182}
{"obj": {"type": "LogFloats", "path": ["training", "train_acc_step"], "values": [{"value": 0.78125, "step": null, "ts": 1667563609.8263535}]}, "version": 183}
{"obj": {"type": "LogFloats", "path": ["training", "train_loss"], "values": [{"value": 1.4646157026290894, "step": null, "ts": 1667563609.829184}]}, "version": 184}
{"obj": {"type": "LogFloats", "path": ["training", "epoch"], "values": [{"value": 0.0, "step": null, "ts": 1667563609.8320384}]}, "version": 185}
{"obj": {"type": "LogFloats", "path": ["training", "train_acc_step"], "values": [{"value": 0.84375, "step": null, "ts": 1667563610.053599}]}, "version": 186}
{"obj": {"type": "LogFloats", "path": ["training", "train_loss"], "values": [{"value": 1.4548767805099487, "step": null, "ts": 1667563610.056802}]}, "version": 187}
{"obj": {"type": "LogFloats", "path": ["training", "epoch"], "values": [{"value": 0.0, "step": null, "ts": 1667563610.05937}]}, "version": 188}
{"obj": {"type": "LogFloats", "path": ["training", "train_acc_step"], "values": [{"value": 0.75, "step": null, "ts": 1667563610.2802913}]}, "version": 189}
{"obj": {"type": "LogFloats", "path": ["training", "train_loss"], "values": [{"value": 1.4624130725860596, "step": null, "ts": 1667563610.2832766}]}, "version": 190}
{"obj": {"type": "LogFloats", "path": ["training", "epoch"], "values": [{"value": 0.0, "step": null, "ts": 1667563610.2859194}]}, "version": 191}
{"obj": {"type": "LogFloats", "path": ["training", "train_acc_step"], "values": [{"value": 0.8125, "step": null, "ts": 1667563610.508373}]}, "version": 192}
{"obj": {"type": "LogFloats", "path": ["training", "train_loss"], "values": [{"value": 1.4518826007843018, "step": null, "ts": 1667563610.5115247}]}, "version": 193}
{"obj": {"type": "LogFloats", "path": ["training", "epoch"], "values": [{"value": 0.0, "step": null, "ts": 1667563610.514595}]}, "version": 194}
{"obj": {"type": "LogFloats", "path": ["training", "train_acc_step"], "values": [{"value": 0.875, "step": null, "ts": 1667563610.7363849}]}, "version": 195}
{"obj": {"type": "LogFloats", "path": ["training", "train_loss"], "values": [{"value": 1.4534339904785156, "step": null, "ts": 1667563610.7394714}]}, "version": 196}
{"obj": {"type": "LogFloats", "path": ["training", "epoch"], "values": [{"value": 0.0, "step": null, "ts": 1667563610.7421846}]}, "version": 197}
{"obj": {"type": "LogFloats", "path": ["training", "train_acc_step"], "values": [{"value": 0.8125, "step": null, "ts": 1667563610.9630034}]}, "version": 198}
{"obj": {"type": "LogFloats", "path": ["training", "train_loss"], "values": [{"value": 1.477088212966919, "step": null, "ts": 1667563610.9662485}]}, "version": 199}
{"obj": {"type": "LogFloats", "path": ["training", "epoch"], "values": [{"value": 0.0, "step": null, "ts": 1667563610.968723}]}, "version": 200}
{"obj": {"type": "LogFloats", "path": ["training", "train_acc_step"], "values": [{"value": 0.8125, "step": null, "ts": 1667563611.199193}]}, "version": 201}
{"obj": {"type": "LogFloats", "path": ["training", "train_loss"], "values": [{"value": 1.4543654918670654, "step": null, "ts": 1667563611.2022398}]}, "version": 202}
{"obj": {"type": "LogFloats", "path": ["training", "epoch"], "values": [{"value": 0.0, "step": null, "ts": 1667563611.204666}]}, "version": 203}
{"obj": {"type": "LogFloats", "path": ["training", "train_acc_step"], "values": [{"value": 0.8125, "step": null, "ts": 1667563611.4367106}]}, "version": 204}
{"obj": {"type": "LogFloats", "path": ["training", "train_loss"], "values": [{"value": 1.4635107517242432, "step": null, "ts": 1667563611.4396493}]}, "version": 205}
{"obj": {"type": "LogFloats", "path": ["training", "epoch"], "values": [{"value": 0.0, "step": null, "ts": 1667563611.44223}]}, "version": 206}
{"obj": {"type": "LogFloats", "path": ["training", "train_acc_step"], "values": [{"value": 0.84375, "step": null, "ts": 1667563611.674478}]}, "version": 207}
{"obj": {"type": "LogFloats", "path": ["training", "train_loss"], "values": [{"value": 1.4500911235809326, "step": null, "ts": 1667563611.6776276}]}, "version": 208}
{"obj": {"type": "LogFloats", "path": ["training", "epoch"], "values": [{"value": 0.0, "step": null, "ts": 1667563611.6804984}]}, "version": 209}
{"obj": {"type": "LogFloats", "path": ["training", "train_acc_step"], "values": [{"value": 0.96875, "step": null, "ts": 1667563611.9117937}]}, "version": 210}
{"obj": {"type": "LogFloats", "path": ["training", "train_loss"], "values": [{"value": 1.4260773658752441, "step": null, "ts": 1667563611.91486}]}, "version": 211}
{"obj": {"type": "LogFloats", "path": ["training", "epoch"], "values": [{"value": 0.0, "step": null, "ts": 1667563611.917839}]}, "version": 212}
{"obj": {"type": "LogFloats", "path": ["training", "train_acc_step"], "values": [{"value": 0.90625, "step": null, "ts": 1667563612.1499035}]}, "version": 213}
{"obj": {"type": "LogFloats", "path": ["training", "train_loss"], "values": [{"value": 1.4338942766189575, "step": null, "ts": 1667563612.1529021}]}, "version": 214}
{"obj": {"type": "LogFloats", "path": ["training", "epoch"], "values": [{"value": 0.0, "step": null, "ts": 1667563612.1553776}]}, "version": 215}
{"obj": {"type": "LogFloats", "path": ["training", "train_acc_step"], "values": [{"value": 0.875, "step": null, "ts": 1667563612.386193}]}, "version": 216}
{"obj": {"type": "LogFloats", "path": ["training", "train_loss"], "values": [{"value": 1.4463574886322021, "step": null, "ts": 1667563612.389384}]}, "version": 217}
{"obj": {"type": "LogFloats", "path": ["training", "epoch"], "values": [{"value": 0.0, "step": null, "ts": 1667563612.3923085}]}, "version": 218}
{"obj": {"type": "LogFloats", "path": ["training", "train_acc_step"], "values": [{"value": 0.875, "step": null, "ts": 1667563612.622507}]}, "version": 219}
{"obj": {"type": "LogFloats", "path": ["training", "train_loss"], "values": [{"value": 1.4462521076202393, "step": null, "ts": 1667563612.6255186}]}, "version": 220}
{"obj": {"type": "LogFloats", "path": ["training", "epoch"], "values": [{"value": 0.0, "step": null, "ts": 1667563612.628171}]}, "version": 221}
{"obj": {"type": "LogFloats", "path": ["training", "train_acc_step"], "values": [{"value": 0.6875, "step": null, "ts": 1667563612.8587193}]}, "version": 222}
{"obj": {"type": "LogFloats", "path": ["training", "train_loss"], "values": [{"value": 1.484938621520996, "step": null, "ts": 1667563612.861763}]}, "version": 223}
{"obj": {"type": "LogFloats", "path": ["training", "epoch"], "values": [{"value": 0.0, "step": null, "ts": 1667563612.8646674}]}, "version": 224}
{"obj": {"type": "LogFloats", "path": ["training", "train_acc_step"], "values": [{"value": 0.8125, "step": null, "ts": 1667563613.0956237}]}, "version": 225}
{"obj": {"type": "LogFloats", "path": ["training", "train_loss"], "values": [{"value": 1.4608333110809326, "step": null, "ts": 1667563613.0988533}]}, "version": 226}
{"obj": {"type": "LogFloats", "path": ["training", "epoch"], "values": [{"value": 0.0, "step": null, "ts": 1667563613.1016743}]}, "version": 227}
{"obj": {"type": "LogFloats", "path": ["training", "train_acc_step"], "values": [{"value": 0.84375, "step": null, "ts": 1667563613.3316407}]}, "version": 228}
{"obj": {"type": "LogFloats", "path": ["training", "train_loss"], "values": [{"value": 1.453095555305481, "step": null, "ts": 1667563613.3347945}]}, "version": 229}
{"obj": {"type": "LogFloats", "path": ["training", "epoch"], "values": [{"value": 0.0, "step": null, "ts": 1667563613.3374631}]}, "version": 230}
{"obj": {"type": "LogFloats", "path": ["training", "train_acc_step"], "values": [{"value": 0.9375, "step": null, "ts": 1667563613.5682943}]}, "version": 231}
{"obj": {"type": "LogFloats", "path": ["training", "train_loss"], "values": [{"value": 1.4231804609298706, "step": null, "ts": 1667563613.5710921}]}, "version": 232}
{"obj": {"type": "LogFloats", "path": ["training", "epoch"], "values": [{"value": 0.0, "step": null, "ts": 1667563613.5735784}]}, "version": 233}
{"obj": {"type": "LogFloats", "path": ["training", "train_acc_step"], "values": [{"value": 0.8125, "step": null, "ts": 1667563613.8045511}]}, "version": 234}
{"obj": {"type": "LogFloats", "path": ["training", "train_loss"], "values": [{"value": 1.4664626121520996, "step": null, "ts": 1667563613.8231475}]}, "version": 235}
{"obj": {"type": "LogFloats", "path": ["training", "epoch"], "values": [{"value": 0.0, "step": null, "ts": 1667563613.8261847}]}, "version": 236}
{"obj": {"type": "LogFloats", "path": ["training", "train_acc_step"], "values": [{"value": 0.65625, "step": null, "ts": 1667563614.0559974}]}, "version": 237}
{"obj": {"type": "LogFloats", "path": ["training", "train_loss"], "values": [{"value": 1.483394980430603, "step": null, "ts": 1667563614.0590498}]}, "version": 238}
{"obj": {"type": "LogFloats", "path": ["training", "epoch"], "values": [{"value": 0.0, "step": null, "ts": 1667563614.0617661}]}, "version": 239}
{"obj": {"type": "LogFloats", "path": ["training", "train_acc_step"], "values": [{"value": 0.96875, "step": null, "ts": 1667563614.2978942}]}, "version": 240}
{"obj": {"type": "LogFloats", "path": ["training", "train_loss"], "values": [{"value": 1.4226844310760498, "step": null, "ts": 1667563614.301165}]}, "version": 241}
{"obj": {"type": "LogFloats", "path": ["training", "epoch"], "values": [{"value": 0.0, "step": null, "ts": 1667563614.3041778}]}, "version": 242}
{"obj": {"type": "LogFloats", "path": ["training", "train_acc_step"], "values": [{"value": 0.90625, "step": null, "ts": 1667563614.5348318}]}, "version": 243}
{"obj": {"type": "LogFloats", "path": ["training", "train_loss"], "values": [{"value": 1.4358320236206055, "step": null, "ts": 1667563614.5378683}]}, "version": 244}
{"obj": {"type": "LogFloats", "path": ["training", "epoch"], "values": [{"value": 0.0, "step": null, "ts": 1667563614.5408385}]}, "version": 245}
{"obj": {"type": "LogFloats", "path": ["training", "train_acc_step"], "values": [{"value": 0.90625, "step": null, "ts": 1667563614.7700267}]}, "version": 246}
{"obj": {"type": "LogFloats", "path": ["training", "train_loss"], "values": [{"value": 1.434808373451233, "step": null, "ts": 1667563614.7730699}]}, "version": 247}
{"obj": {"type": "LogFloats", "path": ["training", "epoch"], "values": [{"value": 0.0, "step": null, "ts": 1667563614.7757516}]}, "version": 248}
{"obj": {"type": "LogFloats", "path": ["training", "train_acc_step"], "values": [{"value": 0.78125, "step": null, "ts": 1667563615.004738}]}, "version": 249}
{"obj": {"type": "LogFloats", "path": ["training", "train_loss"], "values": [{"value": 1.4671881198883057, "step": null, "ts": 1667563615.007527}]}, "version": 250}
{"obj": {"type": "LogFloats", "path": ["training", "epoch"], "values": [{"value": 0.0, "step": null, "ts": 1667563615.0099368}]}, "version": 251}
{"obj": {"type": "LogFloats", "path": ["training", "train_acc_step"], "values": [{"value": 0.75, "step": null, "ts": 1667563615.2384672}]}, "version": 252}
{"obj": {"type": "LogFloats", "path": ["training", "train_loss"], "values": [{"value": 1.46579110622406, "step": null, "ts": 1667563615.241413}]}, "version": 253}
{"obj": {"type": "LogFloats", "path": ["training", "epoch"], "values": [{"value": 0.0, "step": null, "ts": 1667563615.2438855}]}, "version": 254}
{"obj": {"type": "LogFloats", "path": ["training", "train_acc_step"], "values": [{"value": 0.65625, "step": null, "ts": 1667563615.4733014}]}, "version": 255}
{"obj": {"type": "LogFloats", "path": ["training", "train_loss"], "values": [{"value": 1.4834434986114502, "step": null, "ts": 1667563615.4764774}]}, "version": 256}
{"obj": {"type": "LogFloats", "path": ["training", "epoch"], "values": [{"value": 0.0, "step": null, "ts": 1667563615.4791834}]}, "version": 257}
{"obj": {"type": "LogFloats", "path": ["training", "train_acc_step"], "values": [{"value": 0.6875, "step": null, "ts": 1667563615.7090218}]}, "version": 258}
{"obj": {"type": "LogFloats", "path": ["training", "train_loss"], "values": [{"value": 1.4862940311431885, "step": null, "ts": 1667563615.7120674}]}, "version": 259}
{"obj": {"type": "LogFloats", "path": ["training", "epoch"], "values": [{"value": 0.0, "step": null, "ts": 1667563615.7147295}]}, "version": 260}
{"obj": {"type": "LogFloats", "path": ["training", "train_acc_step"], "values": [{"value": 0.84375, "step": null, "ts": 1667563615.9444768}]}, "version": 261}
{"obj": {"type": "LogFloats", "path": ["training", "train_loss"], "values": [{"value": 1.4472849369049072, "step": null, "ts": 1667563615.947666}]}, "version": 262}
{"obj": {"type": "LogFloats", "path": ["training", "epoch"], "values": [{"value": 0.0, "step": null, "ts": 1667563615.950172}]}, "version": 263}
{"obj": {"type": "LogFloats", "path": ["training", "train_acc_step"], "values": [{"value": 0.84375, "step": null, "ts": 1667563616.180161}]}, "version": 264}
{"obj": {"type": "LogFloats", "path": ["training", "train_loss"], "values": [{"value": 1.446784257888794, "step": null, "ts": 1667563616.1831715}]}, "version": 265}
{"obj": {"type": "LogFloats", "path": ["training", "epoch"], "values": [{"value": 0.0, "step": null, "ts": 1667563616.185588}]}, "version": 266}
{"obj": {"type": "LogFloats", "path": ["training", "train_acc_step"], "values": [{"value": 0.875, "step": null, "ts": 1667563616.4142506}]}, "version": 267}
{"obj": {"type": "LogFloats", "path": ["training", "train_loss"], "values": [{"value": 1.4380813837051392, "step": null, "ts": 1667563616.4170976}]}, "version": 268}
{"obj": {"type": "LogFloats", "path": ["training", "epoch"], "values": [{"value": 0.0, "step": null, "ts": 1667563616.419957}]}, "version": 269}
{"obj": {"type": "LogFloats", "path": ["training", "train_acc_step"], "values": [{"value": 0.8125, "step": null, "ts": 1667563616.6484623}]}, "version": 270}
{"obj": {"type": "LogFloats", "path": ["training", "train_loss"], "values": [{"value": 1.459791898727417, "step": null, "ts": 1667563616.650985}]}, "version": 271}
{"obj": {"type": "LogFloats", "path": ["training", "epoch"], "values": [{"value": 0.0, "step": null, "ts": 1667563616.6536384}]}, "version": 272}
{"obj": {"type": "LogFloats", "path": ["training", "train_acc_step"], "values": [{"value": 0.90625, "step": null, "ts": 1667563616.8822193}]}, "version": 273}
{"obj": {"type": "LogFloats", "path": ["training", "train_loss"], "values": [{"value": 1.4349162578582764, "step": null, "ts": 1667563616.8852868}]}, "version": 274}
{"obj": {"type": "LogFloats", "path": ["training", "epoch"], "values": [{"value": 0.0, "step": null, "ts": 1667563616.8884823}]}, "version": 275}
{"obj": {"type": "LogFloats", "path": ["training", "train_acc_step"], "values": [{"value": 0.90625, "step": null, "ts": 1667563617.117779}]}, "version": 276}
{"obj": {"type": "LogFloats", "path": ["training", "train_loss"], "values": [{"value": 1.4474818706512451, "step": null, "ts": 1667563617.120843}]}, "version": 277}
{"obj": {"type": "LogFloats", "path": ["training", "epoch"], "values": [{"value": 0.0, "step": null, "ts": 1667563617.1234527}]}, "version": 278}
{"obj": {"type": "LogFloats", "path": ["training", "train_acc_step"], "values": [{"value": 0.84375, "step": null, "ts": 1667563617.3532393}]}, "version": 279}
{"obj": {"type": "LogFloats", "path": ["training", "train_loss"], "values": [{"value": 1.449906826019287, "step": null, "ts": 1667563617.356374}]}, "version": 280}
{"obj": {"type": "LogFloats", "path": ["training", "epoch"], "values": [{"value": 0.0, "step": null, "ts": 1667563617.3591247}]}, "version": 281}
{"obj": {"type": "LogFloats", "path": ["training", "train_acc_step"], "values": [{"value": 0.90625, "step": null, "ts": 1667563617.5886137}]}, "version": 282}
{"obj": {"type": "LogFloats", "path": ["training", "train_loss"], "values": [{"value": 1.442089319229126, "step": null, "ts": 1667563617.5915596}]}, "version": 283}
{"obj": {"type": "LogFloats", "path": ["training", "epoch"], "values": [{"value": 0.0, "step": null, "ts": 1667563617.5942442}]}, "version": 284}
{"obj": {"type": "LogFloats", "path": ["training", "train_acc_step"], "values": [{"value": 0.875, "step": null, "ts": 1667563617.823808}]}, "version": 285}
{"obj": {"type": "LogFloats", "path": ["training", "train_loss"], "values": [{"value": 1.435429573059082, "step": null, "ts": 1667563617.8269312}]}, "version": 286}
{"obj": {"type": "LogFloats", "path": ["training", "epoch"], "values": [{"value": 0.0, "step": null, "ts": 1667563617.8299253}]}, "version": 287}
{"obj": {"type": "LogFloats", "path": ["monitoring", "cpu"], "values": [{"value": 8.5, "step": null, "ts": 1667563617.9235115}]}, "version": 288}
{"obj": {"type": "LogFloats", "path": ["monitoring", "memory"], "values": [{"value": 5.135337829589844, "step": null, "ts": 1667563617.9235115}]}, "version": 289}
{"obj": {"type": "LogFloats", "path": ["monitoring", "gpu_0"], "values": [{"value": 27.0, "step": null, "ts": 1667563617.9235115}]}, "version": 290}
{"obj": {"type": "LogFloats", "path": ["monitoring", "gpu_memory_0"], "values": [{"value": 1.38873291015625, "step": null, "ts": 1667563617.9235115}]}, "version": 291}
{"obj": {"type": "LogFloats", "path": ["monitoring", "gpu_memory_1"], "values": [{"value": 0.232177734375, "step": null, "ts": 1667563617.9235115}]}, "version": 292}
{"obj": {"type": "LogFloats", "path": ["training", "train_acc_step"], "values": [{"value": 0.75, "step": null, "ts": 1667563618.0564477}]}, "version": 293}
{"obj": {"type": "LogFloats", "path": ["training", "train_loss"], "values": [{"value": 1.4726685285568237, "step": null, "ts": 1667563618.0595345}]}, "version": 294}
{"obj": {"type": "LogFloats", "path": ["training", "epoch"], "values": [{"value": 0.0, "step": null, "ts": 1667563618.0625174}]}, "version": 295}
{"obj": {"type": "LogFloats", "path": ["training", "train_acc_step"], "values": [{"value": 0.78125, "step": null, "ts": 1667563618.2851286}]}, "version": 296}
{"obj": {"type": "LogFloats", "path": ["training", "train_loss"], "values": [{"value": 1.454959750175476, "step": null, "ts": 1667563618.2882698}]}, "version": 297}
{"obj": {"type": "LogFloats", "path": ["training", "epoch"], "values": [{"value": 0.0, "step": null, "ts": 1667563618.2910416}]}, "version": 298}
{"obj": {"type": "LogFloats", "path": ["training", "train_acc_step"], "values": [{"value": 0.8125, "step": null, "ts": 1667563618.5108862}]}, "version": 299}
{"obj": {"type": "LogFloats", "path": ["training", "train_loss"], "values": [{"value": 1.4582035541534424, "step": null, "ts": 1667563618.513576}]}, "version": 300}
{"obj": {"type": "LogFloats", "path": ["training", "epoch"], "values": [{"value": 0.0, "step": null, "ts": 1667563618.5160263}]}, "version": 301}
{"obj": {"type": "LogFloats", "path": ["training", "train_acc_step"], "values": [{"value": 0.90625, "step": null, "ts": 1667563618.733329}]}, "version": 302}
{"obj": {"type": "LogFloats", "path": ["training", "train_loss"], "values": [{"value": 1.4273723363876343, "step": null, "ts": 1667563618.7365158}]}, "version": 303}
{"obj": {"type": "LogFloats", "path": ["training", "epoch"], "values": [{"value": 0.0, "step": null, "ts": 1667563618.739261}]}, "version": 304}
{"obj": {"type": "LogFloats", "path": ["training", "train_acc_step"], "values": [{"value": 0.84375, "step": null, "ts": 1667563618.959272}]}, "version": 305}
{"obj": {"type": "LogFloats", "path": ["training", "train_loss"], "values": [{"value": 1.445457935333252, "step": null, "ts": 1667563618.9623759}]}, "version": 306}
{"obj": {"type": "LogFloats", "path": ["training", "epoch"], "values": [{"value": 0.0, "step": null, "ts": 1667563618.9652462}]}, "version": 307}
{"obj": {"type": "LogFloats", "path": ["training", "train_acc_step"], "values": [{"value": 0.84375, "step": null, "ts": 1667563619.1843338}]}, "version": 308}
{"obj": {"type": "LogFloats", "path": ["training", "train_loss"], "values": [{"value": 1.456266164779663, "step": null, "ts": 1667563619.1874454}]}, "version": 309}
{"obj": {"type": "LogFloats", "path": ["training", "epoch"], "values": [{"value": 0.0, "step": null, "ts": 1667563619.1901689}]}, "version": 310}
{"obj": {"type": "LogFloats", "path": ["training", "train_acc_step"], "values": [{"value": 0.90625, "step": null, "ts": 1667563619.5755527}]}, "version": 311}
{"obj": {"type": "LogFloats", "path": ["training", "train_loss"], "values": [{"value": 1.4431521892547607, "step": null, "ts": 1667563619.5782397}]}, "version": 312}
{"obj": {"type": "LogFloats", "path": ["training", "epoch"], "values": [{"value": 0.0, "step": null, "ts": 1667563619.580993}]}, "version": 313}
{"obj": {"type": "LogFloats", "path": ["training", "train_acc_step"], "values": [{"value": 0.90625, "step": null, "ts": 1667563619.799045}]}, "version": 314}
{"obj": {"type": "LogFloats", "path": ["training", "train_loss"], "values": [{"value": 1.4250608682632446, "step": null, "ts": 1667563619.8019722}]}, "version": 315}
{"obj": {"type": "LogFloats", "path": ["training", "epoch"], "values": [{"value": 0.0, "step": null, "ts": 1667563619.8048315}]}, "version": 316}
{"obj": {"type": "LogFloats", "path": ["training", "train_acc_step"], "values": [{"value": 0.65625, "step": null, "ts": 1667563620.0228252}]}, "version": 317}
{"obj": {"type": "LogFloats", "path": ["training", "train_loss"], "values": [{"value": 1.4927163124084473, "step": null, "ts": 1667563620.0256898}]}, "version": 318}
{"obj": {"type": "LogFloats", "path": ["training", "epoch"], "values": [{"value": 0.0, "step": null, "ts": 1667563620.0284326}]}, "version": 319}
{"obj": {"type": "LogFloats", "path": ["training", "train_acc_step"], "values": [{"value": 0.9375, "step": null, "ts": 1667563620.2462876}]}, "version": 320}
{"obj": {"type": "LogFloats", "path": ["training", "train_loss"], "values": [{"value": 1.4244056940078735, "step": null, "ts": 1667563620.249349}]}, "version": 321}
{"obj": {"type": "LogFloats", "path": ["training", "epoch"], "values": [{"value": 0.0, "step": null, "ts": 1667563620.2520466}]}, "version": 322}
{"obj": {"type": "LogFloats", "path": ["training", "train_acc_step"], "values": [{"value": 0.90625, "step": null, "ts": 1667563620.4704998}]}, "version": 323}
{"obj": {"type": "LogFloats", "path": ["training", "train_loss"], "values": [{"value": 1.4456658363342285, "step": null, "ts": 1667563620.4734597}]}, "version": 324}
{"obj": {"type": "LogFloats", "path": ["training", "epoch"], "values": [{"value": 0.0, "step": null, "ts": 1667563620.4762752}]}, "version": 325}
{"obj": {"type": "LogFloats", "path": ["training", "train_acc_step"], "values": [{"value": 0.90625, "step": null, "ts": 1667563620.6948986}]}, "version": 326}
{"obj": {"type": "LogFloats", "path": ["training", "train_loss"], "values": [{"value": 1.4331130981445312, "step": null, "ts": 1667563620.697957}]}, "version": 327}
{"obj": {"type": "LogFloats", "path": ["training", "epoch"], "values": [{"value": 0.0, "step": null, "ts": 1667563620.700656}]}, "version": 328}
{"obj": {"type": "LogFloats", "path": ["training", "train_acc_step"], "values": [{"value": 0.9375, "step": null, "ts": 1667563620.9201143}]}, "version": 329}
{"obj": {"type": "LogFloats", "path": ["training", "train_loss"], "values": [{"value": 1.4268507957458496, "step": null, "ts": 1667563620.9232235}]}, "version": 330}
{"obj": {"type": "LogFloats", "path": ["training", "epoch"], "values": [{"value": 0.0, "step": null, "ts": 1667563620.9259841}]}, "version": 331}
{"obj": {"type": "LogFloats", "path": ["training", "train_acc_step"], "values": [{"value": 0.8125, "step": null, "ts": 1667563621.1449544}]}, "version": 332}
{"obj": {"type": "LogFloats", "path": ["training", "train_loss"], "values": [{"value": 1.457899570465088, "step": null, "ts": 1667563621.1475687}]}, "version": 333}
{"obj": {"type": "LogFloats", "path": ["training", "epoch"], "values": [{"value": 0.0, "step": null, "ts": 1667563621.1500607}]}, "version": 334}
{"obj": {"type": "LogFloats", "path": ["training", "train_acc_step"], "values": [{"value": 0.78125, "step": null, "ts": 1667563621.3684387}]}, "version": 335}
{"obj": {"type": "LogFloats", "path": ["training", "train_loss"], "values": [{"value": 1.4609514474868774, "step": null, "ts": 1667563621.3711808}]}, "version": 336}
{"obj": {"type": "LogFloats", "path": ["training", "epoch"], "values": [{"value": 0.0, "step": null, "ts": 1667563621.3739607}]}, "version": 337}
{"obj": {"type": "LogFloats", "path": ["training", "train_acc_step"], "values": [{"value": 0.84375, "step": null, "ts": 1667563621.5930412}]}, "version": 338}
{"obj": {"type": "LogFloats", "path": ["training", "train_loss"], "values": [{"value": 1.4488493204116821, "step": null, "ts": 1667563621.5960858}]}, "version": 339}
{"obj": {"type": "LogFloats", "path": ["training", "epoch"], "values": [{"value": 0.0, "step": null, "ts": 1667563621.598772}]}, "version": 340}
{"obj": {"type": "LogFloats", "path": ["training", "train_acc_step"], "values": [{"value": 0.90625, "step": null, "ts": 1667563621.8188527}]}, "version": 341}
{"obj": {"type": "LogFloats", "path": ["training", "train_loss"], "values": [{"value": 1.4370765686035156, "step": null, "ts": 1667563621.8217626}]}, "version": 342}
{"obj": {"type": "LogFloats", "path": ["training", "epoch"], "values": [{"value": 0.0, "step": null, "ts": 1667563621.8246038}]}, "version": 343}
{"obj": {"type": "LogFloats", "path": ["training", "train_acc_step"], "values": [{"value": 0.6875, "step": null, "ts": 1667563622.042631}]}, "version": 344}
{"obj": {"type": "LogFloats", "path": ["training", "train_loss"], "values": [{"value": 1.490632176399231, "step": null, "ts": 1667563622.0447743}]}, "version": 345}
{"obj": {"type": "LogFloats", "path": ["training", "epoch"], "values": [{"value": 0.0, "step": null, "ts": 1667563622.0467103}]}, "version": 346}
{"obj": {"type": "LogFloats", "path": ["training", "train_acc_step"], "values": [{"value": 0.875, "step": null, "ts": 1667563622.2644901}]}, "version": 347}
{"obj": {"type": "LogFloats", "path": ["training", "train_loss"], "values": [{"value": 1.4412858486175537, "step": null, "ts": 1667563622.2673678}]}, "version": 348}
{"obj": {"type": "LogFloats", "path": ["training", "epoch"], "values": [{"value": 0.0, "step": null, "ts": 1667563622.2699182}]}, "version": 349}
{"obj": {"type": "LogFloats", "path": ["training", "train_acc_step"], "values": [{"value": 0.78125, "step": null, "ts": 1667563622.498241}]}, "version": 350}
{"obj": {"type": "LogFloats", "path": ["training", "train_loss"], "values": [{"value": 1.4599014520645142, "step": null, "ts": 1667563622.5011985}]}, "version": 351}
{"obj": {"type": "LogFloats", "path": ["training", "epoch"], "values": [{"value": 0.0, "step": null, "ts": 1667563622.504034}]}, "version": 352}
{"obj": {"type": "LogFloats", "path": ["training", "train_acc_step"], "values": [{"value": 0.875, "step": null, "ts": 1667563622.7312894}]}, "version": 353}
{"obj": {"type": "LogFloats", "path": ["training", "train_loss"], "values": [{"value": 1.4394583702087402, "step": null, "ts": 1667563622.7342134}]}, "version": 354}
{"obj": {"type": "LogFloats", "path": ["training", "epoch"], "values": [{"value": 0.0, "step": null, "ts": 1667563622.7370598}]}, "version": 355}
{"obj": {"type": "LogFloats", "path": ["training", "train_acc_step"], "values": [{"value": 0.84375, "step": null, "ts": 1667563622.9649222}]}, "version": 356}
{"obj": {"type": "LogFloats", "path": ["training", "train_loss"], "values": [{"value": 1.448218584060669, "step": null, "ts": 1667563622.9681323}]}, "version": 357}
{"obj": {"type": "LogFloats", "path": ["training", "epoch"], "values": [{"value": 0.0, "step": null, "ts": 1667563622.9708328}]}, "version": 358}
{"obj": {"type": "LogFloats", "path": ["training", "train_acc_step"], "values": [{"value": 0.75, "step": null, "ts": 1667563623.198011}]}, "version": 359}
{"obj": {"type": "LogFloats", "path": ["training", "train_loss"], "values": [{"value": 1.4546635150909424, "step": null, "ts": 1667563623.2011309}]}, "version": 360}
{"obj": {"type": "LogFloats", "path": ["training", "epoch"], "values": [{"value": 0.0, "step": null, "ts": 1667563623.2039006}]}, "version": 361}
{"obj": {"type": "LogFloats", "path": ["training", "train_acc_step"], "values": [{"value": 0.875, "step": null, "ts": 1667563623.4304018}]}, "version": 362}
{"obj": {"type": "LogFloats", "path": ["training", "train_loss"], "values": [{"value": 1.439513921737671, "step": null, "ts": 1667563623.4333444}]}, "version": 363}
{"obj": {"type": "LogFloats", "path": ["training", "epoch"], "values": [{"value": 0.0, "step": null, "ts": 1667563623.4362416}]}, "version": 364}
{"obj": {"type": "LogFloats", "path": ["training", "train_acc_step"], "values": [{"value": 0.6875, "step": null, "ts": 1667563623.6636682}]}, "version": 365}
{"obj": {"type": "LogFloats", "path": ["training", "train_loss"], "values": [{"value": 1.4783945083618164, "step": null, "ts": 1667563623.6665845}]}, "version": 366}
{"obj": {"type": "LogFloats", "path": ["training", "epoch"], "values": [{"value": 0.0, "step": null, "ts": 1667563623.6691725}]}, "version": 367}
{"obj": {"type": "LogFloats", "path": ["training", "train_acc_step"], "values": [{"value": 0.84375, "step": null, "ts": 1667563623.8975117}]}, "version": 368}
{"obj": {"type": "LogFloats", "path": ["training", "train_loss"], "values": [{"value": 1.447624921798706, "step": null, "ts": 1667563623.9007463}]}, "version": 369}
{"obj": {"type": "LogFloats", "path": ["training", "epoch"], "values": [{"value": 0.0, "step": null, "ts": 1667563623.903509}]}, "version": 370}
{"obj": {"type": "LogFloats", "path": ["monitoring", "cpu"], "values": [{"value": 10.2, "step": null, "ts": 1667563627.9393969}]}, "version": 371}
{"obj": {"type": "LogFloats", "path": ["monitoring", "memory"], "values": [{"value": 5.217258453369141, "step": null, "ts": 1667563627.9393969}]}, "version": 372}
{"obj": {"type": "LogFloats", "path": ["monitoring", "gpu_0"], "values": [{"value": 29.0, "step": null, "ts": 1667563627.9393969}]}, "version": 373}
{"obj": {"type": "LogFloats", "path": ["monitoring", "gpu_memory_0"], "values": [{"value": 1.39068603515625, "step": null, "ts": 1667563627.9393969}]}, "version": 374}
{"obj": {"type": "LogFloats", "path": ["monitoring", "gpu_memory_1"], "values": [{"value": 0.232177734375, "step": null, "ts": 1667563627.9393969}]}, "version": 375}
{"obj": {"type": "LogStrings", "path": ["monitoring", "stdout"], "values": [{"value": "{'progress_bar': {'val_loss': 1.436601161956787}, 'log': {'val_loss': 1.436601161956787}, 'val_loss': 1.436601161956787}", "step": null, "ts": 1667563630.6375666}]}, "version": 376}
{"obj": {"type": "LogStrings", "path": ["monitoring", "stdout"], "values": [{"value": "\n", "step": null, "ts": 1667563630.6408916}]}, "version": 377}
{"obj": {"type": "LogStrings", "path": ["monitoring", "stdout"], "values": [{"value": "Accuracy: 0.896942675113678", "step": null, "ts": 1667563630.6441963}]}, "version": 378}
{"obj": {"type": "LogStrings", "path": ["monitoring", "stdout"], "values": [{"value": "\n", "step": null, "ts": 1667563630.6471334}]}, "version": 379}
{"obj": {"type": "LogFloats", "path": ["training", "val_loss"], "values": [{"value": 1.4365724325180054, "step": null, "ts": 1667563630.6515434}]}, "version": 380}
{"obj": {"type": "LogFloats", "path": ["training", "val_acc_step"], "values": [{"value": 0.896942675113678, "step": null, "ts": 1667563630.6542633}]}, "version": 381}
{"obj": {"type": "LogFloats", "path": ["training", "val_acc_epoch"], "values": [{"value": 0.896942675113678, "step": null, "ts": 1667563630.656717}]}, "version": 382}
{"obj": {"type": "LogFloats", "path": ["training", "epoch"], "values": [{"value": 0.0, "step": null, "ts": 1667563630.6591103}]}, "version": 383}
{"obj": {"type": "LogStrings", "path": ["monitoring", "stdout"], "values": [{"value": "Accuracy: 0.7966547012329102", "step": null, "ts": 1667563630.6905463}]}, "version": 384}
{"obj": {"type": "LogStrings", "path": ["monitoring", "stdout"], "values": [{"value": "\n", "step": null, "ts": 1667563630.6937375}]}, "version": 385}
{"obj": {"type": "LogFloats", "path": ["training", "train_acc_epoch"], "values": [{"value": 0.7966547012329102, "step": null, "ts": 1667563630.7498276}]}, "version": 386}
{"obj": {"type": "LogFloats", "path": ["training", "epoch"], "values": [{"value": 0.0, "step": null, "ts": 1667563630.753155}]}, "version": 387}
{"obj": {"type": "AssignString", "path": ["training", "status"], "value": "success"}, "version": 388}
{"obj": {"type": "LogStrings", "path": ["monitoring", "stdout"], "values": [{"value": "Using cuda device", "step": null, "ts": 1667563630.9263287}]}, "version": 389}
{"obj": {"type": "LogStrings", "path": ["monitoring", "stdout"], "values": [{"value": "\n", "step": null, "ts": 1667563630.9296467}]}, "version": 390}
{"obj": {"type": "LogStrings", "path": ["monitoring", "stdout"], "values": [{"value": "Validation set", "step": null, "ts": 1667563630.934393}]}, "version": 391}
{"obj": {"type": "LogStrings", "path": ["monitoring", "stdout"], "values": [{"value": "\n", "step": null, "ts": 1667563630.9374874}]}, "version": 392}
{"obj": {"type": "LogStrings", "path": ["monitoring", "stdout"], "values": [{"value": "data/bcm//validation/0.npy", "step": null, "ts": 1667563630.9417374}]}, "version": 393}
{"obj": {"type": "LogStrings", "path": ["monitoring", "stdout"], "values": [{"value": "\n", "step": null, "ts": 1667563630.9445148}]}, "version": 394}
{"obj": {"type": "LogStrings", "path": ["monitoring", "stdout"], "values": [{"value": "data/bcm//validation/1.npy", "step": null, "ts": 1667563630.9477637}]}, "version": 395}
{"obj": {"type": "LogStrings", "path": ["monitoring", "stdout"], "values": [{"value": "\n", "step": null, "ts": 1667563630.9508011}]}, "version": 396}
{"obj": {"type": "LogStrings", "path": ["monitoring", "stdout"], "values": [{"value": "data/bcm//validation/2.npy", "step": null, "ts": 1667563630.9541168}]}, "version": 397}
{"obj": {"type": "LogStrings", "path": ["monitoring", "stdout"], "values": [{"value": "\n", "step": null, "ts": 1667563630.956706}]}, "version": 398}
{"obj": {"type": "LogStrings", "path": ["monitoring", "stdout"], "values": [{"value": "data/bcm//validation/3.npy", "step": null, "ts": 1667563630.9597914}]}, "version": 399}
{"obj": {"type": "LogStrings", "path": ["monitoring", "stdout"], "values": [{"value": "\n", "step": null, "ts": 1667563630.962466}]}, "version": 400}
{"obj": {"type": "LogStrings", "path": ["monitoring", "stdout"], "values": [{"value": "data/bcm//validation/4.npy", "step": null, "ts": 1667563630.9656115}]}, "version": 401}
{"obj": {"type": "LogStrings", "path": ["monitoring", "stdout"], "values": [{"value": "\n", "step": null, "ts": 1667563630.9683726}]}, "version": 402}
{"obj": {"type": "LogStrings", "path": ["monitoring", "stdout"], "values": [{"value": "Training set", "step": null, "ts": 1667563630.971054}]}, "version": 403}
{"obj": {"type": "LogStrings", "path": ["monitoring", "stdout"], "values": [{"value": "\n", "step": null, "ts": 1667563630.9736857}]}, "version": 404}
{"obj": {"type": "LogStrings", "path": ["monitoring", "stdout"], "values": [{"value": "data/bcm//train/0.npy", "step": null, "ts": 1667563630.9784727}]}, "version": 405}
{"obj": {"type": "LogStrings", "path": ["monitoring", "stdout"], "values": [{"value": "\n", "step": null, "ts": 1667563630.9814146}]}, "version": 406}
{"obj": {"type": "LogStrings", "path": ["monitoring", "stdout"], "values": [{"value": "data/bcm//train/1.npy", "step": null, "ts": 1667563630.98547}]}, "version": 407}
{"obj": {"type": "LogStrings", "path": ["monitoring", "stdout"], "values": [{"value": "\n", "step": null, "ts": 1667563630.9882424}]}, "version": 408}
{"obj": {"type": "LogStrings", "path": ["monitoring", "stdout"], "values": [{"value": "data/bcm//train/2.npy", "step": null, "ts": 1667563630.9923208}]}, "version": 409}
{"obj": {"type": "LogStrings", "path": ["monitoring", "stdout"], "values": [{"value": "\n", "step": null, "ts": 1667563630.9952688}]}, "version": 410}
{"obj": {"type": "LogStrings", "path": ["monitoring", "stdout"], "values": [{"value": "data/bcm//train/3.npy", "step": null, "ts": 1667563630.99907}]}, "version": 411}
{"obj": {"type": "LogStrings", "path": ["monitoring", "stdout"], "values": [{"value": "\n", "step": null, "ts": 1667563631.001894}]}, "version": 412}
{"obj": {"type": "LogStrings", "path": ["monitoring", "stdout"], "values": [{"value": "data/bcm//train/4.npy", "step": null, "ts": 1667563631.006132}]}, "version": 413}
{"obj": {"type": "LogStrings", "path": ["monitoring", "stdout"], "values": [{"value": "\n", "step": null, "ts": 1667563631.0090115}]}, "version": 414}
{"obj": {"type": "LogStrings", "path": ["monitoring", "stdout"], "values": [{"value": "https://app.neptune.ai/NTLAB/BCM-activity-classification/e/BCMAC-89\n", "step": null, "ts": 1667563632.1765668}]}, "version": 415}
{"obj": {"type": "LogStrings", "path": ["monitoring", "stdout"], "values": [{"value": "", "step": null, "ts": 1667563632.211765}]}, "version": 416}
{"obj": {"type": "LogStrings", "path": ["monitoring", "stdout"], "values": [{"value": "Remember to stop your run once you\u2019ve finished logging your metadata (https://docs.neptune.ai/api-reference/run#.stop). It will be stopped automatically only when the notebook kernel/interactive console is terminated.\n", "step": null, "ts": 1667563632.218809}]}, "version": 417}
{"obj": {"type": "LogStrings", "path": ["monitoring", "stderr"], "values": [{"value": "/home/aron/.local/lib/python3.9/site-packages/pytorch_lightning/core/module.py:555: UserWarning: To copy construct from a tensor, it is recommended to use sourceTensor.clone().detach() or sourceTensor.clone().detach().requires_grad_(True), rather than torch.tensor(sourceTensor).\n  value = torch.tensor(value, device=self.device)\n", "step": null, "ts": 1667563633.2385466}]}, "version": 418}
{"obj": {"type": "LogStrings", "path": ["monitoring", "stdout"], "values": [{"value": "{'progress_bar': {'val_loss': 1.6103265285491943}, 'log': {'val_loss': 1.6103265285491943}, 'val_loss': 1.6103265285491943}", "step": null, "ts": 1667563633.2534904}]}, "version": 419}
{"obj": {"type": "LogStrings", "path": ["monitoring", "stdout"], "values": [{"value": "\n", "step": null, "ts": 1667563633.2590773}]}, "version": 420}
{"obj": {"type": "LogStrings", "path": ["monitoring", "stdout"], "values": [{"value": "Accuracy: 0.0625", "step": null, "ts": 1667563633.265495}]}, "version": 421}
{"obj": {"type": "LogStrings", "path": ["monitoring", "stdout"], "values": [{"value": "\n", "step": null, "ts": 1667563633.2708085}]}, "version": 422}
{"obj": {"type": "LogFloats", "path": ["monitoring", "cpu"], "values": [{"value": 11.2, "step": null, "ts": 1667563637.9538405}]}, "version": 423}
{"obj": {"type": "LogFloats", "path": ["monitoring", "memory"], "values": [{"value": 5.207653045654297, "step": null, "ts": 1667563637.9538405}]}, "version": 424}
{"obj": {"type": "LogFloats", "path": ["monitoring", "gpu_0"], "values": [{"value": 38.0, "step": null, "ts": 1667563637.9538405}]}, "version": 425}
{"obj": {"type": "LogFloats", "path": ["monitoring", "gpu_memory_0"], "values": [{"value": 1.39654541015625, "step": null, "ts": 1667563637.9538405}]}, "version": 426}
{"obj": {"type": "LogFloats", "path": ["monitoring", "gpu_memory_1"], "values": [{"value": 0.232177734375, "step": null, "ts": 1667563637.9538405}]}, "version": 427}
{"obj": {"type": "LogFloats", "path": ["monitoring", "cpu"], "values": [{"value": 8.3, "step": null, "ts": 1667563647.9695117}]}, "version": 428}
{"obj": {"type": "LogFloats", "path": ["monitoring", "memory"], "values": [{"value": 5.23333740234375, "step": null, "ts": 1667563647.9695117}]}, "version": 429}
{"obj": {"type": "LogFloats", "path": ["monitoring", "gpu_0"], "values": [{"value": 39.0, "step": null, "ts": 1667563647.9695117}]}, "version": 430}
{"obj": {"type": "LogFloats", "path": ["monitoring", "gpu_memory_0"], "values": [{"value": 1.39849853515625, "step": null, "ts": 1667563647.9695117}]}, "version": 431}
{"obj": {"type": "LogFloats", "path": ["monitoring", "gpu_memory_1"], "values": [{"value": 0.232177734375, "step": null, "ts": 1667563647.9695117}]}, "version": 432}
{"obj": {"type": "LogFloats", "path": ["monitoring", "cpu"], "values": [{"value": 7.2, "step": null, "ts": 1667563657.9870079}]}, "version": 433}
{"obj": {"type": "LogFloats", "path": ["monitoring", "memory"], "values": [{"value": 5.264808654785156, "step": null, "ts": 1667563657.9870079}]}, "version": 434}
{"obj": {"type": "LogFloats", "path": ["monitoring", "gpu_0"], "values": [{"value": 40.0, "step": null, "ts": 1667563657.9870079}]}, "version": 435}
{"obj": {"type": "LogFloats", "path": ["monitoring", "gpu_memory_0"], "values": [{"value": 1.40045166015625, "step": null, "ts": 1667563657.9870079}]}, "version": 436}
{"obj": {"type": "LogFloats", "path": ["monitoring", "gpu_memory_1"], "values": [{"value": 0.232177734375, "step": null, "ts": 1667563657.9870079}]}, "version": 437}
{"obj": {"type": "LogStrings", "path": ["monitoring", "stdout"], "values": [{"value": "{'progress_bar': {'val_loss': 1.4372040033340454}, 'log': {'val_loss': 1.4372040033340454}, 'val_loss': 1.4372040033340454}", "step": null, "ts": 1667563666.0804398}]}, "version": 438}
{"obj": {"type": "LogStrings", "path": ["monitoring", "stdout"], "values": [{"value": "\n", "step": null, "ts": 1667563666.086653}]}, "version": 439}
{"obj": {"type": "LogStrings", "path": ["monitoring", "stdout"], "values": [{"value": "Accuracy: 0.895477294921875", "step": null, "ts": 1667563666.0928645}]}, "version": 440}
{"obj": {"type": "LogStrings", "path": ["monitoring", "stdout"], "values": [{"value": "\n", "step": null, "ts": 1667563666.0985622}]}, "version": 441}
{"obj": {"type": "LogStrings", "path": ["monitoring", "stdout"], "values": [{"value": "Accuracy: 0.7734445333480835", "step": null, "ts": 1667563666.1440039}]}, "version": 442}
{"obj": {"type": "LogStrings", "path": ["monitoring", "stdout"], "values": [{"value": "\n", "step": null, "ts": 1667563666.1499765}]}, "version": 443}
{"obj": {"type": "LogStrings", "path": ["monitoring", "stdout"], "values": [{"value": "Using cuda device", "step": null, "ts": 1667563666.3547027}]}, "version": 444}
{"obj": {"type": "LogStrings", "path": ["monitoring", "stdout"], "values": [{"value": "\n", "step": null, "ts": 1667563666.3603737}]}, "version": 445}
{"obj": {"type": "LogStrings", "path": ["monitoring", "stdout"], "values": [{"value": "Validation set", "step": null, "ts": 1667563666.3672333}]}, "version": 446}
{"obj": {"type": "LogStrings", "path": ["monitoring", "stdout"], "values": [{"value": "\n", "step": null, "ts": 1667563666.3720355}]}, "version": 447}
{"obj": {"type": "LogStrings", "path": ["monitoring", "stdout"], "values": [{"value": "data/bcm//validation/0.npy", "step": null, "ts": 1667563666.3780754}]}, "version": 448}
{"obj": {"type": "LogStrings", "path": ["monitoring", "stdout"], "values": [{"value": "\n", "step": null, "ts": 1667563666.3828087}]}, "version": 449}
{"obj": {"type": "LogStrings", "path": ["monitoring", "stdout"], "values": [{"value": "data/bcm//validation/1.npy", "step": null, "ts": 1667563666.3885412}]}, "version": 450}
{"obj": {"type": "LogStrings", "path": ["monitoring", "stdout"], "values": [{"value": "\n", "step": null, "ts": 1667563666.3932917}]}, "version": 451}
{"obj": {"type": "LogStrings", "path": ["monitoring", "stdout"], "values": [{"value": "data/bcm//validation/2.npy", "step": null, "ts": 1667563666.3988256}]}, "version": 452}
{"obj": {"type": "LogStrings", "path": ["monitoring", "stdout"], "values": [{"value": "\n", "step": null, "ts": 1667563666.4036918}]}, "version": 453}
{"obj": {"type": "LogStrings", "path": ["monitoring", "stdout"], "values": [{"value": "data/bcm//validation/3.npy", "step": null, "ts": 1667563666.4093878}]}, "version": 454}
{"obj": {"type": "LogStrings", "path": ["monitoring", "stdout"], "values": [{"value": "\n", "step": null, "ts": 1667563666.4143767}]}, "version": 455}
{"obj": {"type": "LogStrings", "path": ["monitoring", "stdout"], "values": [{"value": "data/bcm//validation/4.npy", "step": null, "ts": 1667563666.420084}]}, "version": 456}
{"obj": {"type": "LogStrings", "path": ["monitoring", "stdout"], "values": [{"value": "\n", "step": null, "ts": 1667563666.4250705}]}, "version": 457}
{"obj": {"type": "LogStrings", "path": ["monitoring", "stdout"], "values": [{"value": "Training set", "step": null, "ts": 1667563666.4301367}]}, "version": 458}
{"obj": {"type": "LogStrings", "path": ["monitoring", "stdout"], "values": [{"value": "\n", "step": null, "ts": 1667563666.435213}]}, "version": 459}
{"obj": {"type": "LogStrings", "path": ["monitoring", "stdout"], "values": [{"value": "data/bcm//train/0.npy", "step": null, "ts": 1667563666.4418068}]}, "version": 460}
{"obj": {"type": "LogStrings", "path": ["monitoring", "stdout"], "values": [{"value": "\n", "step": null, "ts": 1667563666.4469478}]}, "version": 461}
{"obj": {"type": "LogStrings", "path": ["monitoring", "stdout"], "values": [{"value": "data/bcm//train/1.npy", "step": null, "ts": 1667563666.4540863}]}, "version": 462}
{"obj": {"type": "LogStrings", "path": ["monitoring", "stdout"], "values": [{"value": "\n", "step": null, "ts": 1667563666.4591901}]}, "version": 463}
{"obj": {"type": "LogStrings", "path": ["monitoring", "stdout"], "values": [{"value": "data/bcm//train/2.npy", "step": null, "ts": 1667563666.465971}]}, "version": 464}
{"obj": {"type": "LogStrings", "path": ["monitoring", "stdout"], "values": [{"value": "\n", "step": null, "ts": 1667563666.4712594}]}, "version": 465}
{"obj": {"type": "LogStrings", "path": ["monitoring", "stdout"], "values": [{"value": "data/bcm//train/3.npy", "step": null, "ts": 1667563666.4778671}]}, "version": 466}
{"obj": {"type": "LogStrings", "path": ["monitoring", "stdout"], "values": [{"value": "\n", "step": null, "ts": 1667563666.4828734}]}, "version": 467}
{"obj": {"type": "LogStrings", "path": ["monitoring", "stdout"], "values": [{"value": "data/bcm//train/4.npy", "step": null, "ts": 1667563666.4891057}]}, "version": 468}
{"obj": {"type": "LogStrings", "path": ["monitoring", "stdout"], "values": [{"value": "\n", "step": null, "ts": 1667563666.4940982}]}, "version": 469}
{"obj": {"type": "LogStrings", "path": ["monitoring", "stdout"], "values": [{"value": "https://app.neptune.ai/NTLAB/BCM-activity-classification/e/BCMAC-90\n", "step": null, "ts": 1667563667.6726403}]}, "version": 470}
{"obj": {"type": "LogStrings", "path": ["monitoring", "stdout"], "values": [{"value": "", "step": null, "ts": 1667563667.714828}]}, "version": 471}
{"obj": {"type": "LogStrings", "path": ["monitoring", "stdout"], "values": [{"value": "Remember to stop your run once you\u2019ve finished logging your metadata (https://docs.neptune.ai/api-reference/run#.stop). It will be stopped automatically only when the notebook kernel/interactive console is terminated.\n", "step": null, "ts": 1667563667.723927}]}, "version": 472}
{"obj": {"type": "LogFloats", "path": ["monitoring", "cpu"], "values": [{"value": 0.3, "step": null, "ts": 1667563668.002935}]}, "version": 473}
{"obj": {"type": "LogFloats", "path": ["monitoring", "memory"], "values": [{"value": 4.953853607177734, "step": null, "ts": 1667563668.002935}]}, "version": 474}
{"obj": {"type": "LogFloats", "path": ["monitoring", "gpu_memory_0"], "values": [{"value": 1.33209228515625, "step": null, "ts": 1667563668.002935}]}, "version": 475}
{"obj": {"type": "LogFloats", "path": ["monitoring", "gpu_memory_1"], "values": [{"value": 0.232177734375, "step": null, "ts": 1667563668.002935}]}, "version": 476}
{"obj": {"type": "LogStrings", "path": ["monitoring", "stderr"], "values": [{"value": "/home/aron/.local/lib/python3.9/site-packages/pytorch_lightning/core/module.py:555: UserWarning: To copy construct from a tensor, it is recommended to use sourceTensor.clone().detach() or sourceTensor.clone().detach().requires_grad_(True), rather than torch.tensor(sourceTensor).\n  value = torch.tensor(value, device=self.device)\n", "step": null, "ts": 1667563668.8213222}]}, "version": 477}
{"obj": {"type": "LogStrings", "path": ["monitoring", "stdout"], "values": [{"value": "{'progress_bar': {'val_loss': 1.609309196472168}, 'log': {'val_loss': 1.609309196472168}, 'val_loss': 1.609309196472168}", "step": null, "ts": 1667563668.8430786}]}, "version": 478}
{"obj": {"type": "LogStrings", "path": ["monitoring", "stdout"], "values": [{"value": "\n", "step": null, "ts": 1667563668.8504722}]}, "version": 479}
{"obj": {"type": "LogStrings", "path": ["monitoring", "stdout"], "values": [{"value": "Accuracy: 0.109375", "step": null, "ts": 1667563668.8704138}]}, "version": 480}
{"obj": {"type": "LogStrings", "path": ["monitoring", "stdout"], "values": [{"value": "\n", "step": null, "ts": 1667563668.8784337}]}, "version": 481}
{"obj": {"type": "LogFloats", "path": ["monitoring", "cpu"], "values": [{"value": 6.6, "step": null, "ts": 1667563678.0191412}]}, "version": 482}
{"obj": {"type": "LogFloats", "path": ["monitoring", "memory"], "values": [{"value": 5.275020599365234, "step": null, "ts": 1667563678.0191412}]}, "version": 483}
{"obj": {"type": "LogFloats", "path": ["monitoring", "gpu_0"], "values": [{"value": 47.0, "step": null, "ts": 1667563678.0191412}]}, "version": 484}
{"obj": {"type": "LogFloats", "path": ["monitoring", "gpu_memory_0"], "values": [{"value": 1.46685791015625, "step": null, "ts": 1667563678.0191412}]}, "version": 485}
{"obj": {"type": "LogFloats", "path": ["monitoring", "gpu_memory_1"], "values": [{"value": 0.232177734375, "step": null, "ts": 1667563678.0191412}]}, "version": 486}
{"obj": {"type": "LogStrings", "path": ["monitoring", "stderr"], "values": [{"value": "/home/aron/.local/lib/python3.9/site-packages/pytorch_lightning/trainer/trainer.py:653: UserWarning: Detected KeyboardInterrupt, attempting graceful shutdown...\n  rank_zero_warn(\"Detected KeyboardInterrupt, attempting graceful shutdown...\")\n", "step": null, "ts": 1667563685.639351}]}, "version": 487}
{"obj": {"type": "LogStrings", "path": ["monitoring", "stdout"], "values": [{"value": "Using cuda device", "step": null, "ts": 1667563685.6476202}]}, "version": 488}
{"obj": {"type": "LogStrings", "path": ["monitoring", "stdout"], "values": [{"value": "\n", "step": null, "ts": 1667563685.6548316}]}, "version": 489}
{"obj": {"type": "LogStrings", "path": ["monitoring", "stdout"], "values": [{"value": "Validation set", "step": null, "ts": 1667563685.664779}]}, "version": 490}
{"obj": {"type": "LogStrings", "path": ["monitoring", "stdout"], "values": [{"value": "\n", "step": null, "ts": 1667563685.6720982}]}, "version": 491}
{"obj": {"type": "LogStrings", "path": ["monitoring", "stdout"], "values": [{"value": "data/bcm//validation/0.npy", "step": null, "ts": 1667563685.6810887}]}, "version": 492}
{"obj": {"type": "LogStrings", "path": ["monitoring", "stdout"], "values": [{"value": "\n", "step": null, "ts": 1667563685.6884255}]}, "version": 493}
{"obj": {"type": "LogStrings", "path": ["monitoring", "stdout"], "values": [{"value": "data/bcm//validation/1.npy", "step": null, "ts": 1667563685.6970701}]}, "version": 494}
{"obj": {"type": "LogStrings", "path": ["monitoring", "stdout"], "values": [{"value": "\n", "step": null, "ts": 1667563685.704266}]}, "version": 495}
{"obj": {"type": "LogStrings", "path": ["monitoring", "stdout"], "values": [{"value": "data/bcm//validation/2.npy", "step": null, "ts": 1667563685.71332}]}, "version": 496}
{"obj": {"type": "LogStrings", "path": ["monitoring", "stdout"], "values": [{"value": "\n", "step": null, "ts": 1667563685.7206712}]}, "version": 497}
{"obj": {"type": "LogStrings", "path": ["monitoring", "stdout"], "values": [{"value": "data/bcm//validation/3.npy", "step": null, "ts": 1667563685.7289479}]}, "version": 498}
{"obj": {"type": "LogStrings", "path": ["monitoring", "stdout"], "values": [{"value": "\n", "step": null, "ts": 1667563685.7362196}]}, "version": 499}
{"obj": {"type": "LogStrings", "path": ["monitoring", "stdout"], "values": [{"value": "data/bcm//validation/4.npy", "step": null, "ts": 1667563685.7440245}]}, "version": 500}
{"obj": {"type": "LogStrings", "path": ["monitoring", "stdout"], "values": [{"value": "\n", "step": null, "ts": 1667563685.7512493}]}, "version": 501}
{"obj": {"type": "LogStrings", "path": ["monitoring", "stdout"], "values": [{"value": "Training set", "step": null, "ts": 1667563685.7584877}]}, "version": 502}
{"obj": {"type": "LogStrings", "path": ["monitoring", "stdout"], "values": [{"value": "\n", "step": null, "ts": 1667563685.7657845}]}, "version": 503}
{"obj": {"type": "LogStrings", "path": ["monitoring", "stdout"], "values": [{"value": "data/bcm//train/0.npy", "step": null, "ts": 1667563685.7748299}]}, "version": 504}
{"obj": {"type": "LogStrings", "path": ["monitoring", "stdout"], "values": [{"value": "\n", "step": null, "ts": 1667563685.7820864}]}, "version": 505}
{"obj": {"type": "LogStrings", "path": ["monitoring", "stdout"], "values": [{"value": "data/bcm//train/1.npy", "step": null, "ts": 1667563685.7905526}]}, "version": 506}
{"obj": {"type": "LogStrings", "path": ["monitoring", "stdout"], "values": [{"value": "\n", "step": null, "ts": 1667563685.797395}]}, "version": 507}
{"obj": {"type": "LogStrings", "path": ["monitoring", "stdout"], "values": [{"value": "data/bcm//train/2.npy", "step": null, "ts": 1667563685.8057399}]}, "version": 508}
{"obj": {"type": "LogStrings", "path": ["monitoring", "stdout"], "values": [{"value": "\n", "step": null, "ts": 1667563685.812625}]}, "version": 509}
{"obj": {"type": "LogStrings", "path": ["monitoring", "stdout"], "values": [{"value": "data/bcm//train/3.npy", "step": null, "ts": 1667563685.8208377}]}, "version": 510}
{"obj": {"type": "LogStrings", "path": ["monitoring", "stdout"], "values": [{"value": "\n", "step": null, "ts": 1667563685.8277032}]}, "version": 511}
{"obj": {"type": "LogStrings", "path": ["monitoring", "stdout"], "values": [{"value": "data/bcm//train/4.npy", "step": null, "ts": 1667563685.8361938}]}, "version": 512}
{"obj": {"type": "LogStrings", "path": ["monitoring", "stdout"], "values": [{"value": "\n", "step": null, "ts": 1667563685.8435705}]}, "version": 513}
{"obj": {"type": "LogStrings", "path": ["monitoring", "stdout"], "values": [{"value": "https://app.neptune.ai/NTLAB/BCM-activity-classification/e/BCMAC-91\n", "step": null, "ts": 1667563686.9169872}]}, "version": 514}
{"obj": {"type": "LogStrings", "path": ["monitoring", "stdout"], "values": [{"value": "", "step": null, "ts": 1667563686.9548242}]}, "version": 515}
{"obj": {"type": "LogStrings", "path": ["monitoring", "stdout"], "values": [{"value": "Remember to stop your run once you\u2019ve finished logging your metadata (https://docs.neptune.ai/api-reference/run#.stop). It will be stopped automatically only when the notebook kernel/interactive console is terminated.\n", "step": null, "ts": 1667563686.9661949}]}, "version": 516}
{"obj": {"type": "LogStrings", "path": ["monitoring", "stderr"], "values": [{"value": "/home/aron/.local/lib/python3.9/site-packages/pytorch_lightning/core/module.py:555: UserWarning: To copy construct from a tensor, it is recommended to use sourceTensor.clone().detach() or sourceTensor.clone().detach().requires_grad_(True), rather than torch.tensor(sourceTensor).\n  value = torch.tensor(value, device=self.device)\n", "step": null, "ts": 1667563687.9884162}]}, "version": 517}
{"obj": {"type": "LogFloats", "path": ["monitoring", "cpu"], "values": [{"value": 38.0, "step": null, "ts": 1667563688.0362906}]}, "version": 518}
{"obj": {"type": "LogFloats", "path": ["monitoring", "memory"], "values": [{"value": 5.155338287353516, "step": null, "ts": 1667563688.0362906}]}, "version": 519}
{"obj": {"type": "LogStrings", "path": ["monitoring", "stdout"], "values": [{"value": "{'progress_bar': {'val_loss': 1.6071897745132446}, 'log': {'val_loss': 1.6071897745132446}, 'val_loss': 1.6071897745132446}", "step": null, "ts": 1667563688.0562708}]}, "version": 520}
{"obj": {"type": "LogFloats", "path": ["monitoring", "gpu_memory_0"], "values": [{"value": 1.44146728515625, "step": null, "ts": 1667563688.0362906}]}, "version": 521}
{"obj": {"type": "LogFloats", "path": ["monitoring", "gpu_memory_1"], "values": [{"value": 0.232177734375, "step": null, "ts": 1667563688.0362906}]}, "version": 522}
{"obj": {"type": "LogStrings", "path": ["monitoring", "stdout"], "values": [{"value": "\n", "step": null, "ts": 1667563688.0665421}]}, "version": 523}
{"obj": {"type": "LogStrings", "path": ["monitoring", "stdout"], "values": [{"value": "Accuracy: 0.21875", "step": null, "ts": 1667563688.0756156}]}, "version": 524}
{"obj": {"type": "LogStrings", "path": ["monitoring", "stdout"], "values": [{"value": "\n", "step": null, "ts": 1667563688.084431}]}, "version": 525}
{"obj": {"type": "LogStrings", "path": ["monitoring", "stderr"], "values": [{"value": "/home/aron/.local/lib/python3.9/site-packages/pytorch_lightning/trainer/trainer.py:653: UserWarning: Detected KeyboardInterrupt, attempting graceful shutdown...\n  rank_zero_warn(\"Detected KeyboardInterrupt, attempting graceful shutdown...\")\n", "step": null, "ts": 1667563690.0346458}]}, "version": 526}
{"obj": {"type": "LogStrings", "path": ["monitoring", "stdout"], "values": [{"value": "Using cuda device", "step": null, "ts": 1667563690.048533}]}, "version": 527}
{"obj": {"type": "LogStrings", "path": ["monitoring", "stdout"], "values": [{"value": "\n", "step": null, "ts": 1667563690.0591938}]}, "version": 528}
{"obj": {"type": "LogStrings", "path": ["monitoring", "stdout"], "values": [{"value": "Validation set", "step": null, "ts": 1667563690.071}]}, "version": 529}
{"obj": {"type": "LogStrings", "path": ["monitoring", "stdout"], "values": [{"value": "\n", "step": null, "ts": 1667563690.0808427}]}, "version": 530}
{"obj": {"type": "LogStrings", "path": ["monitoring", "stdout"], "values": [{"value": "data/bcm//validation/0.npy", "step": null, "ts": 1667563690.0923626}]}, "version": 531}
{"obj": {"type": "LogStrings", "path": ["monitoring", "stdout"], "values": [{"value": "\n", "step": null, "ts": 1667563690.1022663}]}, "version": 532}
{"obj": {"type": "LogStrings", "path": ["monitoring", "stdout"], "values": [{"value": "data/bcm//validation/1.npy", "step": null, "ts": 1667563690.113372}]}, "version": 533}
{"obj": {"type": "LogStrings", "path": ["monitoring", "stdout"], "values": [{"value": "\n", "step": null, "ts": 1667563690.1231177}]}, "version": 534}
{"obj": {"type": "LogStrings", "path": ["monitoring", "stdout"], "values": [{"value": "data/bcm//validation/2.npy", "step": null, "ts": 1667563690.1333394}]}, "version": 535}
{"obj": {"type": "LogStrings", "path": ["monitoring", "stdout"], "values": [{"value": "\n", "step": null, "ts": 1667563690.1428087}]}, "version": 536}
{"obj": {"type": "LogStrings", "path": ["monitoring", "stdout"], "values": [{"value": "data/bcm//validation/3.npy", "step": null, "ts": 1667563690.1530576}]}, "version": 537}
{"obj": {"type": "LogStrings", "path": ["monitoring", "stdout"], "values": [{"value": "\n", "step": null, "ts": 1667563690.1625214}]}, "version": 538}
{"obj": {"type": "LogStrings", "path": ["monitoring", "stdout"], "values": [{"value": "data/bcm//validation/4.npy", "step": null, "ts": 1667563690.1727405}]}, "version": 539}
{"obj": {"type": "LogStrings", "path": ["monitoring", "stdout"], "values": [{"value": "\n", "step": null, "ts": 1667563690.1823173}]}, "version": 540}
{"obj": {"type": "LogStrings", "path": ["monitoring", "stdout"], "values": [{"value": "Training set", "step": null, "ts": 1667563690.191683}]}, "version": 541}
{"obj": {"type": "LogStrings", "path": ["monitoring", "stdout"], "values": [{"value": "\n", "step": null, "ts": 1667563690.2010677}]}, "version": 542}
{"obj": {"type": "LogStrings", "path": ["monitoring", "stdout"], "values": [{"value": "data/bcm//train/0.npy", "step": null, "ts": 1667563690.2126448}]}, "version": 543}
{"obj": {"type": "LogStrings", "path": ["monitoring", "stdout"], "values": [{"value": "\n", "step": null, "ts": 1667563690.2220612}]}, "version": 544}
{"obj": {"type": "LogStrings", "path": ["monitoring", "stdout"], "values": [{"value": "data/bcm//train/1.npy", "step": null, "ts": 1667563690.2336035}]}, "version": 545}
{"obj": {"type": "LogStrings", "path": ["monitoring", "stdout"], "values": [{"value": "\n", "step": null, "ts": 1667563690.2432563}]}, "version": 546}
{"obj": {"type": "LogStrings", "path": ["monitoring", "stdout"], "values": [{"value": "data/bcm//train/2.npy", "step": null, "ts": 1667563690.2547657}]}, "version": 547}
{"obj": {"type": "LogStrings", "path": ["monitoring", "stdout"], "values": [{"value": "\n", "step": null, "ts": 1667563690.2645447}]}, "version": 548}
{"obj": {"type": "LogStrings", "path": ["monitoring", "stdout"], "values": [{"value": "data/bcm//train/3.npy", "step": null, "ts": 1667563690.275983}]}, "version": 549}
{"obj": {"type": "LogStrings", "path": ["monitoring", "stdout"], "values": [{"value": "\n", "step": null, "ts": 1667563690.2856517}]}, "version": 550}
{"obj": {"type": "LogStrings", "path": ["monitoring", "stdout"], "values": [{"value": "data/bcm//train/4.npy", "step": null, "ts": 1667563690.2968504}]}, "version": 551}
{"obj": {"type": "LogStrings", "path": ["monitoring", "stdout"], "values": [{"value": "\n", "step": null, "ts": 1667563690.3065524}]}, "version": 552}
