{"obj": {"type": "AssignString", "path": ["sys", "name"], "value": "Untitled"}, "version": 1}
{"obj": {"type": "AssignString", "path": ["sys", "description"], "value": ""}, "version": 2}
{"obj": {"type": "AssignString", "path": ["sys", "hostname"], "value": "node6"}, "version": 3}
{"obj": {"type": "AssignBool", "path": ["sys", "failed"], "value": false}, "version": 4}
{"obj": {"type": "ClearStringLog", "path": ["monitoring", "stdout"]}, "version": 5}
{"obj": {"type": "ClearStringLog", "path": ["monitoring", "stderr"]}, "version": 6}
{"obj": {"type": "UploadFileSet", "path": ["source_code", "files"], "file_globs": ["/home/aron/BCM_activity_classification/train_model.ipynb", "/home/aron/BCM_activity_classification/model.py", "/home/aron/BCM_activity_classification/BCM_dataset_v2.py"], "reset": "False"}, "version": 7}
{"obj": {"type": "ConfigFloatSeries", "path": ["monitoring", "cpu"], "min": 0.0, "max": 100.0, "unit": "%"}, "version": 8}
{"obj": {"type": "ClearFloatLog", "path": ["monitoring", "cpu"]}, "version": 9}
{"obj": {"type": "ConfigFloatSeries", "path": ["monitoring", "memory"], "min": 0.0, "max": 62.711673736572266, "unit": "GB"}, "version": 10}
{"obj": {"type": "ClearFloatLog", "path": ["monitoring", "memory"]}, "version": 11}
{"obj": {"type": "ConfigFloatSeries", "path": ["monitoring", "gpu_0"], "min": 0.0, "max": 100.0, "unit": "%"}, "version": 12}
{"obj": {"type": "ClearFloatLog", "path": ["monitoring", "gpu_0"]}, "version": 13}
{"obj": {"type": "ConfigFloatSeries", "path": ["monitoring", "gpu_1"], "min": 0.0, "max": 100.0, "unit": "%"}, "version": 14}
{"obj": {"type": "ClearFloatLog", "path": ["monitoring", "gpu_1"]}, "version": 15}
{"obj": {"type": "ConfigFloatSeries", "path": ["monitoring", "gpu_memory_0"], "min": 0.0, "max": 12.0, "unit": "GB"}, "version": 16}
{"obj": {"type": "ClearFloatLog", "path": ["monitoring", "gpu_memory_0"]}, "version": 17}
{"obj": {"type": "ConfigFloatSeries", "path": ["monitoring", "gpu_memory_1"], "min": 0.0, "max": 12.0, "unit": "GB"}, "version": 18}
{"obj": {"type": "ClearFloatLog", "path": ["monitoring", "gpu_memory_1"]}, "version": 19}
{"obj": {"type": "LogStrings", "path": ["monitoring", "stdout"], "values": [{"value": "", "step": null, "ts": 1667651266.7901828}]}, "version": 20}
{"obj": {"type": "LogFloats", "path": ["monitoring", "cpu"], "values": [{"value": 21.5, "step": null, "ts": 1667651266.7882402}]}, "version": 21}
{"obj": {"type": "LogStrings", "path": ["monitoring", "stdout"], "values": [{"value": "Remember to stop your run once you\u2019ve finished logging your metadata (https://docs.neptune.ai/api-reference/run#.stop). It will be stopped automatically only when the notebook kernel/interactive console is terminated.\n", "step": null, "ts": 1667651266.795155}]}, "version": 22}
{"obj": {"type": "LogFloats", "path": ["monitoring", "memory"], "values": [{"value": 9.701236724853516, "step": null, "ts": 1667651266.7882402}]}, "version": 23}
{"obj": {"type": "LogFloats", "path": ["monitoring", "gpu_memory_0"], "values": [{"value": 1.33013916015625, "step": null, "ts": 1667651266.7882402}]}, "version": 24}
{"obj": {"type": "LogFloats", "path": ["monitoring", "gpu_memory_1"], "values": [{"value": 0.232177734375, "step": null, "ts": 1667651266.7882402}]}, "version": 25}
{"obj": {"type": "AssignString", "path": ["source_code", "integrations", "pytorch-lightning"], "value": "1.7.5"}, "version": 26}
{"obj": {"type": "LogStrings", "path": ["metadata", "file_path"], "values": [{"value": "data/bcm/", "step": null, "ts": 1667651267.547343}]}, "version": 27}
{"obj": {"type": "LogFloats", "path": ["metadata", "window_size"], "values": [{"value": 3.0, "step": null, "ts": 1667651267.5509942}]}, "version": 28}
{"obj": {"type": "LogFloats", "path": ["metadata", "stride"], "values": [{"value": 3.0, "step": null, "ts": 1667651267.5543845}]}, "version": 29}
{"obj": {"type": "LogFloats", "path": ["metadata", "MFCC_stride"], "values": [{"value": 0.032, "step": null, "ts": 1667651267.5578132}]}, "version": 30}
{"obj": {"type": "LogFloats", "path": ["metadata", "mfccs_pr_window"], "values": [{"value": 93.0, "step": null, "ts": 1667651267.5609908}]}, "version": 31}
{"obj": {"type": "LogFloats", "path": ["metadata", "lr"], "values": [{"value": 0.001, "step": null, "ts": 1667651267.564085}]}, "version": 32}
{"obj": {"type": "LogFloats", "path": ["metadata", "batch_size"], "values": [{"value": 32.0, "step": null, "ts": 1667651267.5670698}]}, "version": 33}
{"obj": {"type": "LogFloats", "path": ["metadata", "lstm_layers"], "values": [{"value": 1.0, "step": null, "ts": 1667651267.5697749}]}, "version": 34}
{"obj": {"type": "LogFloats", "path": ["metadata", "lstm_hidden_size"], "values": [{"value": 128.0, "step": null, "ts": 1667651267.5729902}]}, "version": 35}
{"obj": {"type": "LogFloats", "path": ["metadata", "weight_decay"], "values": [{"value": 0.0, "step": null, "ts": 1667651267.5757656}]}, "version": 36}
{"obj": {"type": "LogFloats", "path": ["metadata", "occlusion"], "values": [{"value": 0.0, "step": null, "ts": 1667651267.5783787}]}, "version": 37}
{"obj": {"type": "LogFloats", "path": ["metadata", "seed"], "values": [{"value": 5.0, "step": null, "ts": 1667651267.5810342}]}, "version": 38}
{"obj": {"type": "LogFloats", "path": ["metadata", "train_set_length"], "values": [{"value": 1805.0, "step": null, "ts": 1667651267.5834928}]}, "version": 39}
{"obj": {"type": "LogFloats", "path": ["metadata", "val_set_length"], "values": [{"value": 595.0, "step": null, "ts": 1667651267.5858674}]}, "version": 40}
{"obj": {"type": "LogStrings", "path": ["monitoring", "stderr"], "values": [{"value": "/home/aron/.local/lib/python3.9/site-packages/pytorch_lightning/core/module.py:555: UserWarning: To copy construct from a tensor, it is recommended to use sourceTensor.clone().detach() or sourceTensor.clone().detach().requires_grad_(True), rather than torch.tensor(sourceTensor).\n  value = torch.tensor(value, device=self.device)\n", "step": null, "ts": 1667651267.9158027}]}, "version": 41}
{"obj": {"type": "LogStrings", "path": ["monitoring", "stdout"], "values": [{"value": "{'progress_bar': {'val_loss': 1.6099036931991577}, 'log': {'val_loss': 1.6099036931991577}, 'val_loss': 1.6099036931991577}", "step": null, "ts": 1667651267.9285223}]}, "version": 42}
{"obj": {"type": "LogStrings", "path": ["monitoring", "stdout"], "values": [{"value": "\n", "step": null, "ts": 1667651267.9316955}]}, "version": 43}
{"obj": {"type": "LogStrings", "path": ["monitoring", "stdout"], "values": [{"value": "Accuracy: 0.046875", "step": null, "ts": 1667651267.9351172}]}, "version": 44}
{"obj": {"type": "LogStrings", "path": ["monitoring", "stdout"], "values": [{"value": "\n", "step": null, "ts": 1667651267.937634}]}, "version": 45}
{"obj": {"type": "LogFloats", "path": ["training", "train_acc_step"], "values": [{"value": 0.8125, "step": null, "ts": 1667651268.5405655}]}, "version": 46}
{"obj": {"type": "LogFloats", "path": ["training", "train_loss"], "values": [{"value": 1.485388994216919, "step": null, "ts": 1667651268.5439146}]}, "version": 47}
{"obj": {"type": "LogFloats", "path": ["training", "epoch"], "values": [{"value": 0.0, "step": null, "ts": 1667651268.5467663}]}, "version": 48}
{"obj": {"type": "LogStrings", "path": ["monitoring", "stdout"], "values": [{"value": "{'progress_bar': {'val_loss': 1.469469428062439}, 'log': {'val_loss': 1.469469428062439}, 'val_loss': 1.469469428062439}", "step": null, "ts": 1667651269.0859625}]}, "version": 49}
{"obj": {"type": "LogStrings", "path": ["monitoring", "stdout"], "values": [{"value": "\n", "step": null, "ts": 1667651269.089078}]}, "version": 50}
{"obj": {"type": "LogStrings", "path": ["monitoring", "stdout"], "values": [{"value": "Accuracy: 0.7697479128837585", "step": null, "ts": 1667651269.091872}]}, "version": 51}
{"obj": {"type": "LogStrings", "path": ["monitoring", "stdout"], "values": [{"value": "\n", "step": null, "ts": 1667651269.094281}]}, "version": 52}
{"obj": {"type": "LogFloats", "path": ["training", "val_loss"], "values": [{"value": 1.4700218439102173, "step": null, "ts": 1667651269.096885}]}, "version": 53}
{"obj": {"type": "LogFloats", "path": ["training", "val_acc_step"], "values": [{"value": 0.7697479128837585, "step": null, "ts": 1667651269.0991561}]}, "version": 54}
{"obj": {"type": "LogFloats", "path": ["training", "val_acc_epoch"], "values": [{"value": 0.7697479128837585, "step": null, "ts": 1667651269.1012266}]}, "version": 55}
{"obj": {"type": "LogFloats", "path": ["training", "epoch"], "values": [{"value": 0.0, "step": null, "ts": 1667651269.1033528}]}, "version": 56}
{"obj": {"type": "LogStrings", "path": ["monitoring", "stdout"], "values": [{"value": "Accuracy: 0.688642680644989", "step": null, "ts": 1667651269.107886}]}, "version": 57}
{"obj": {"type": "LogStrings", "path": ["monitoring", "stdout"], "values": [{"value": "\n", "step": null, "ts": 1667651269.1100657}]}, "version": 58}
{"obj": {"type": "LogFloats", "path": ["training", "train_acc_epoch"], "values": [{"value": 0.688642680644989, "step": null, "ts": 1667651269.1161766}]}, "version": 59}
{"obj": {"type": "LogFloats", "path": ["training", "epoch"], "values": [{"value": 0.0, "step": null, "ts": 1667651269.1184192}]}, "version": 60}
{"obj": {"type": "LogFloats", "path": ["training", "train_acc_step"], "values": [{"value": 0.84375, "step": null, "ts": 1667651269.7692733}]}, "version": 61}
{"obj": {"type": "LogFloats", "path": ["training", "train_loss"], "values": [{"value": 1.4603660106658936, "step": null, "ts": 1667651269.772228}]}, "version": 62}
{"obj": {"type": "LogFloats", "path": ["training", "epoch"], "values": [{"value": 1.0, "step": null, "ts": 1667651269.7746255}]}, "version": 63}
{"obj": {"type": "LogStrings", "path": ["monitoring", "stdout"], "values": [{"value": "{'progress_bar': {'val_loss': 1.4493123292922974}, 'log': {'val_loss': 1.4493123292922974}, 'val_loss': 1.4493123292922974}", "step": null, "ts": 1667651270.3355143}]}, "version": 64}
{"obj": {"type": "LogStrings", "path": ["monitoring", "stdout"], "values": [{"value": "\n", "step": null, "ts": 1667651270.3389065}]}, "version": 65}
{"obj": {"type": "LogStrings", "path": ["monitoring", "stdout"], "values": [{"value": "Accuracy: 0.7848739624023438", "step": null, "ts": 1667651270.3420136}]}, "version": 66}
{"obj": {"type": "LogStrings", "path": ["monitoring", "stdout"], "values": [{"value": "\n", "step": null, "ts": 1667651270.3448474}]}, "version": 67}
{"obj": {"type": "LogFloats", "path": ["training", "val_loss"], "values": [{"value": 1.4500775337219238, "step": null, "ts": 1667651270.3482063}]}, "version": 68}
{"obj": {"type": "LogFloats", "path": ["training", "val_acc_step"], "values": [{"value": 0.7848739624023438, "step": null, "ts": 1667651270.351}]}, "version": 69}
{"obj": {"type": "LogFloats", "path": ["training", "val_acc_epoch"], "values": [{"value": 0.7848739624023438, "step": null, "ts": 1667651270.3535979}]}, "version": 70}
{"obj": {"type": "LogFloats", "path": ["training", "epoch"], "values": [{"value": 1.0, "step": null, "ts": 1667651270.3562443}]}, "version": 71}
{"obj": {"type": "LogStrings", "path": ["monitoring", "stdout"], "values": [{"value": "Accuracy: 0.7800554037094116", "step": null, "ts": 1667651270.3609815}]}, "version": 72}
{"obj": {"type": "LogStrings", "path": ["monitoring", "stdout"], "values": [{"value": "\n", "step": null, "ts": 1667651270.3637178}]}, "version": 73}
{"obj": {"type": "LogFloats", "path": ["training", "train_acc_epoch"], "values": [{"value": 0.7800554037094116, "step": null, "ts": 1667651270.3699746}]}, "version": 74}
{"obj": {"type": "LogFloats", "path": ["training", "epoch"], "values": [{"value": 1.0, "step": null, "ts": 1667651270.3728614}]}, "version": 75}
{"obj": {"type": "LogFloats", "path": ["training", "train_acc_step"], "values": [{"value": 0.78125, "step": null, "ts": 1667651270.9605796}]}, "version": 76}
{"obj": {"type": "LogFloats", "path": ["training", "train_loss"], "values": [{"value": 1.4550106525421143, "step": null, "ts": 1667651270.9638672}]}, "version": 77}
{"obj": {"type": "LogFloats", "path": ["training", "epoch"], "values": [{"value": 2.0, "step": null, "ts": 1667651270.966512}]}, "version": 78}
{"obj": {"type": "LogStrings", "path": ["monitoring", "stdout"], "values": [{"value": "{'progress_bar': {'val_loss': 1.4506064653396606}, 'log': {'val_loss': 1.4506064653396606}, 'val_loss': 1.4506064653396606}", "step": null, "ts": 1667651271.5713809}]}, "version": 79}
{"obj": {"type": "LogStrings", "path": ["monitoring", "stdout"], "values": [{"value": "\n", "step": null, "ts": 1667651271.5746346}]}, "version": 80}
{"obj": {"type": "LogStrings", "path": ["monitoring", "stdout"], "values": [{"value": "Accuracy: 0.7815126180648804", "step": null, "ts": 1667651271.577877}]}, "version": 81}
{"obj": {"type": "LogStrings", "path": ["monitoring", "stdout"], "values": [{"value": "\n", "step": null, "ts": 1667651271.5808809}]}, "version": 82}
{"obj": {"type": "LogFloats", "path": ["training", "val_loss"], "values": [{"value": 1.4514060020446777, "step": null, "ts": 1667651271.5839667}]}, "version": 83}
{"obj": {"type": "LogFloats", "path": ["training", "val_acc_step"], "values": [{"value": 0.7815126180648804, "step": null, "ts": 1667651271.5867927}]}, "version": 84}
{"obj": {"type": "LogFloats", "path": ["training", "val_acc_epoch"], "values": [{"value": 0.7815126180648804, "step": null, "ts": 1667651271.5895028}]}, "version": 85}
{"obj": {"type": "LogFloats", "path": ["training", "epoch"], "values": [{"value": 2.0, "step": null, "ts": 1667651271.5921166}]}, "version": 86}
{"obj": {"type": "LogStrings", "path": ["monitoring", "stdout"], "values": [{"value": "Accuracy: 0.7628808617591858", "step": null, "ts": 1667651271.5965297}]}, "version": 87}
{"obj": {"type": "LogStrings", "path": ["monitoring", "stdout"], "values": [{"value": "\n", "step": null, "ts": 1667651271.599179}]}, "version": 88}
{"obj": {"type": "LogFloats", "path": ["training", "train_acc_epoch"], "values": [{"value": 0.7628808617591858, "step": null, "ts": 1667651271.6057036}]}, "version": 89}
{"obj": {"type": "LogFloats", "path": ["training", "epoch"], "values": [{"value": 2.0, "step": null, "ts": 1667651271.6082966}]}, "version": 90}
{"obj": {"type": "LogFloats", "path": ["training", "train_acc_step"], "values": [{"value": 0.8125, "step": null, "ts": 1667651272.150322}]}, "version": 91}
{"obj": {"type": "LogFloats", "path": ["training", "train_loss"], "values": [{"value": 1.453453779220581, "step": null, "ts": 1667651272.1537716}]}, "version": 92}
{"obj": {"type": "LogFloats", "path": ["training", "epoch"], "values": [{"value": 3.0, "step": null, "ts": 1667651272.156802}]}, "version": 93}
{"obj": {"type": "LogStrings", "path": ["monitoring", "stdout"], "values": [{"value": "{'progress_bar': {'val_loss': 1.4486342668533325}, 'log': {'val_loss': 1.4486342668533325}, 'val_loss': 1.4486342668533325}", "step": null, "ts": 1667651272.7829828}]}, "version": 94}
{"obj": {"type": "LogStrings", "path": ["monitoring", "stdout"], "values": [{"value": "\n", "step": null, "ts": 1667651272.7863307}]}, "version": 95}
{"obj": {"type": "LogStrings", "path": ["monitoring", "stdout"], "values": [{"value": "Accuracy: 0.7798319458961487", "step": null, "ts": 1667651272.7895796}]}, "version": 96}
{"obj": {"type": "LogStrings", "path": ["monitoring", "stdout"], "values": [{"value": "\n", "step": null, "ts": 1667651272.7923021}]}, "version": 97}
{"obj": {"type": "LogFloats", "path": ["training", "val_loss"], "values": [{"value": 1.4494483470916748, "step": null, "ts": 1667651272.7953303}]}, "version": 98}
{"obj": {"type": "LogFloats", "path": ["training", "val_acc_step"], "values": [{"value": 0.7798319458961487, "step": null, "ts": 1667651272.7979853}]}, "version": 99}
{"obj": {"type": "LogFloats", "path": ["training", "val_acc_epoch"], "values": [{"value": 0.7798319458961487, "step": null, "ts": 1667651272.800402}]}, "version": 100}
{"obj": {"type": "LogFloats", "path": ["training", "epoch"], "values": [{"value": 3.0, "step": null, "ts": 1667651272.8026023}]}, "version": 101}
{"obj": {"type": "LogStrings", "path": ["monitoring", "stdout"], "values": [{"value": "Accuracy: 0.7722991704940796", "step": null, "ts": 1667651272.8068135}]}, "version": 102}
{"obj": {"type": "LogStrings", "path": ["monitoring", "stdout"], "values": [{"value": "\n", "step": null, "ts": 1667651272.8092232}]}, "version": 103}
{"obj": {"type": "LogFloats", "path": ["training", "train_acc_epoch"], "values": [{"value": 0.7722991704940796, "step": null, "ts": 1667651272.8153844}]}, "version": 104}
{"obj": {"type": "LogFloats", "path": ["training", "epoch"], "values": [{"value": 3.0, "step": null, "ts": 1667651272.8207693}]}, "version": 105}
{"obj": {"type": "LogFloats", "path": ["training", "train_acc_step"], "values": [{"value": 0.625, "step": null, "ts": 1667651273.3443465}]}, "version": 106}
{"obj": {"type": "LogFloats", "path": ["training", "train_loss"], "values": [{"value": 1.4607131481170654, "step": null, "ts": 1667651273.3477335}]}, "version": 107}
{"obj": {"type": "LogFloats", "path": ["training", "epoch"], "values": [{"value": 4.0, "step": null, "ts": 1667651273.350453}]}, "version": 108}
{"obj": {"type": "LogStrings", "path": ["monitoring", "stdout"], "values": [{"value": "{'progress_bar': {'val_loss': 1.4520351886749268}, 'log': {'val_loss': 1.4520351886749268}, 'val_loss': 1.4520351886749268}", "step": null, "ts": 1667651274.0187259}]}, "version": 109}
{"obj": {"type": "LogStrings", "path": ["monitoring", "stdout"], "values": [{"value": "\n", "step": null, "ts": 1667651274.0220258}]}, "version": 110}
{"obj": {"type": "LogStrings", "path": ["monitoring", "stdout"], "values": [{"value": "Accuracy: 0.7831932902336121", "step": null, "ts": 1667651274.0252695}]}, "version": 111}
{"obj": {"type": "LogStrings", "path": ["monitoring", "stdout"], "values": [{"value": "\n", "step": null, "ts": 1667651274.0279925}]}, "version": 112}
{"obj": {"type": "LogFloats", "path": ["training", "val_loss"], "values": [{"value": 1.4528416395187378, "step": null, "ts": 1667651274.0308876}]}, "version": 113}
{"obj": {"type": "LogFloats", "path": ["training", "val_acc_step"], "values": [{"value": 0.7831932902336121, "step": null, "ts": 1667651274.0338054}]}, "version": 114}
{"obj": {"type": "LogFloats", "path": ["training", "val_acc_epoch"], "values": [{"value": 0.7831932902336121, "step": null, "ts": 1667651274.036689}]}, "version": 115}
{"obj": {"type": "LogFloats", "path": ["training", "epoch"], "values": [{"value": 4.0, "step": null, "ts": 1667651274.039004}]}, "version": 116}
{"obj": {"type": "LogStrings", "path": ["monitoring", "stdout"], "values": [{"value": "Accuracy: 0.7506925463676453", "step": null, "ts": 1667651274.0435188}]}, "version": 117}
{"obj": {"type": "LogStrings", "path": ["monitoring", "stdout"], "values": [{"value": "\n", "step": null, "ts": 1667651274.0459208}]}, "version": 118}
{"obj": {"type": "LogFloats", "path": ["training", "train_acc_epoch"], "values": [{"value": 0.7506925463676453, "step": null, "ts": 1667651274.0522165}]}, "version": 119}
{"obj": {"type": "LogFloats", "path": ["training", "epoch"], "values": [{"value": 4.0, "step": null, "ts": 1667651274.0546138}]}, "version": 120}
{"obj": {"type": "LogFloats", "path": ["training", "train_acc_step"], "values": [{"value": 0.8125, "step": null, "ts": 1667651274.5457134}]}, "version": 121}
{"obj": {"type": "LogFloats", "path": ["training", "train_loss"], "values": [{"value": 1.4424854516983032, "step": null, "ts": 1667651274.549133}]}, "version": 122}
{"obj": {"type": "LogFloats", "path": ["training", "epoch"], "values": [{"value": 5.0, "step": null, "ts": 1667651274.5516894}]}, "version": 123}
{"obj": {"type": "LogStrings", "path": ["monitoring", "stdout"], "values": [{"value": "{'progress_bar': {'val_loss': 1.4473233222961426}, 'log': {'val_loss': 1.4473233222961426}, 'val_loss': 1.4473233222961426}", "step": null, "ts": 1667651275.2797747}]}, "version": 124}
{"obj": {"type": "LogStrings", "path": ["monitoring", "stdout"], "values": [{"value": "\n", "step": null, "ts": 1667651275.2833025}]}, "version": 125}
{"obj": {"type": "LogStrings", "path": ["monitoring", "stdout"], "values": [{"value": "Accuracy: 0.7848739624023438", "step": null, "ts": 1667651275.286689}]}, "version": 126}
{"obj": {"type": "LogStrings", "path": ["monitoring", "stdout"], "values": [{"value": "\n", "step": null, "ts": 1667651275.2896104}]}, "version": 127}
{"obj": {"type": "LogFloats", "path": ["training", "val_loss"], "values": [{"value": 1.4481079578399658, "step": null, "ts": 1667651275.2924726}]}, "version": 128}
{"obj": {"type": "LogFloats", "path": ["training", "val_acc_step"], "values": [{"value": 0.7848739624023438, "step": null, "ts": 1667651275.294914}]}, "version": 129}
{"obj": {"type": "LogFloats", "path": ["training", "val_acc_epoch"], "values": [{"value": 0.7848739624023438, "step": null, "ts": 1667651275.297324}]}, "version": 130}
{"obj": {"type": "LogFloats", "path": ["training", "epoch"], "values": [{"value": 5.0, "step": null, "ts": 1667651275.299733}]}, "version": 131}
{"obj": {"type": "LogStrings", "path": ["monitoring", "stdout"], "values": [{"value": "Accuracy: 0.7700831294059753", "step": null, "ts": 1667651275.3041546}]}, "version": 132}
{"obj": {"type": "LogStrings", "path": ["monitoring", "stdout"], "values": [{"value": "\n", "step": null, "ts": 1667651275.3065548}]}, "version": 133}
{"obj": {"type": "LogFloats", "path": ["training", "train_acc_epoch"], "values": [{"value": 0.7700831294059753, "step": null, "ts": 1667651275.312783}]}, "version": 134}
{"obj": {"type": "LogFloats", "path": ["training", "epoch"], "values": [{"value": 5.0, "step": null, "ts": 1667651275.3152127}]}, "version": 135}
{"obj": {"type": "LogFloats", "path": ["training", "train_acc_step"], "values": [{"value": 0.75, "step": null, "ts": 1667651275.7599626}]}, "version": 136}
{"obj": {"type": "LogFloats", "path": ["training", "train_loss"], "values": [{"value": 1.4449275732040405, "step": null, "ts": 1667651275.7632713}]}, "version": 137}
{"obj": {"type": "LogFloats", "path": ["training", "epoch"], "values": [{"value": 6.0, "step": null, "ts": 1667651275.765959}]}, "version": 138}
{"obj": {"type": "LogStrings", "path": ["monitoring", "stdout"], "values": [{"value": "{'progress_bar': {'val_loss': 1.4456074237823486}, 'log': {'val_loss': 1.4456074237823486}, 'val_loss': 1.4456074237823486}", "step": null, "ts": 1667651276.5204532}]}, "version": 139}
{"obj": {"type": "LogStrings", "path": ["monitoring", "stdout"], "values": [{"value": "\n", "step": null, "ts": 1667651276.5237782}]}, "version": 140}
{"obj": {"type": "LogStrings", "path": ["monitoring", "stdout"], "values": [{"value": "Accuracy: 0.7865546345710754", "step": null, "ts": 1667651276.5265796}]}, "version": 141}
{"obj": {"type": "LogStrings", "path": ["monitoring", "stdout"], "values": [{"value": "\n", "step": null, "ts": 1667651276.5290406}]}, "version": 142}
{"obj": {"type": "LogFloats", "path": ["training", "val_loss"], "values": [{"value": 1.4463543891906738, "step": null, "ts": 1667651276.5318086}]}, "version": 143}
{"obj": {"type": "LogFloats", "path": ["training", "val_acc_step"], "values": [{"value": 0.7865546345710754, "step": null, "ts": 1667651276.534158}]}, "version": 144}
{"obj": {"type": "LogFloats", "path": ["training", "val_acc_epoch"], "values": [{"value": 0.7865546345710754, "step": null, "ts": 1667651276.5365021}]}, "version": 145}
{"obj": {"type": "LogFloats", "path": ["training", "epoch"], "values": [{"value": 6.0, "step": null, "ts": 1667651276.5387383}]}, "version": 146}
{"obj": {"type": "LogStrings", "path": ["monitoring", "stdout"], "values": [{"value": "Accuracy: 0.7783933281898499", "step": null, "ts": 1667651276.5428426}]}, "version": 147}
{"obj": {"type": "LogStrings", "path": ["monitoring", "stdout"], "values": [{"value": "\n", "step": null, "ts": 1667651276.5452216}]}, "version": 148}
{"obj": {"type": "LogFloats", "path": ["training", "train_acc_epoch"], "values": [{"value": 0.7783933281898499, "step": null, "ts": 1667651276.55137}]}, "version": 149}
{"obj": {"type": "LogFloats", "path": ["training", "epoch"], "values": [{"value": 6.0, "step": null, "ts": 1667651276.5537825}]}, "version": 150}
{"obj": {"type": "LogFloats", "path": ["monitoring", "cpu"], "values": [{"value": 25.2, "step": null, "ts": 1667651276.8092997}]}, "version": 151}
{"obj": {"type": "LogFloats", "path": ["monitoring", "memory"], "values": [{"value": 9.96975326538086, "step": null, "ts": 1667651276.8092997}]}, "version": 152}
{"obj": {"type": "LogFloats", "path": ["monitoring", "gpu_memory_0"], "values": [{"value": 1.46490478515625, "step": null, "ts": 1667651276.8092997}]}, "version": 153}
{"obj": {"type": "LogFloats", "path": ["monitoring", "gpu_memory_1"], "values": [{"value": 0.232177734375, "step": null, "ts": 1667651276.8092997}]}, "version": 154}
{"obj": {"type": "LogFloats", "path": ["training", "train_acc_step"], "values": [{"value": 0.71875, "step": null, "ts": 1667651276.9563062}]}, "version": 155}
{"obj": {"type": "LogFloats", "path": ["training", "train_loss"], "values": [{"value": 1.4468861818313599, "step": null, "ts": 1667651276.959582}]}, "version": 156}
{"obj": {"type": "LogFloats", "path": ["training", "epoch"], "values": [{"value": 7.0, "step": null, "ts": 1667651276.962184}]}, "version": 157}
{"obj": {"type": "LogFloats", "path": ["training", "train_acc_step"], "values": [{"value": 0.65625, "step": null, "ts": 1667651277.243826}]}, "version": 158}
{"obj": {"type": "LogFloats", "path": ["training", "train_loss"], "values": [{"value": 1.4599030017852783, "step": null, "ts": 1667651277.2471101}]}, "version": 159}
{"obj": {"type": "LogFloats", "path": ["training", "epoch"], "values": [{"value": 7.0, "step": null, "ts": 1667651277.2501047}]}, "version": 160}
{"obj": {"type": "LogStrings", "path": ["monitoring", "stdout"], "values": [{"value": "{'progress_bar': {'val_loss': 1.4508053064346313}, 'log': {'val_loss': 1.4508053064346313}, 'val_loss': 1.4508053064346313}", "step": null, "ts": 1667651277.7735229}]}, "version": 161}
{"obj": {"type": "LogStrings", "path": ["monitoring", "stdout"], "values": [{"value": "\n", "step": null, "ts": 1667651277.7769399}]}, "version": 162}
{"obj": {"type": "LogStrings", "path": ["monitoring", "stdout"], "values": [{"value": "Accuracy: 0.7663865685462952", "step": null, "ts": 1667651277.7796721}]}, "version": 163}
{"obj": {"type": "LogStrings", "path": ["monitoring", "stdout"], "values": [{"value": "\n", "step": null, "ts": 1667651277.7822323}]}, "version": 164}
{"obj": {"type": "LogFloats", "path": ["training", "val_loss"], "values": [{"value": 1.45150625705719, "step": null, "ts": 1667651277.7852228}]}, "version": 165}
{"obj": {"type": "LogFloats", "path": ["training", "val_acc_step"], "values": [{"value": 0.7663865685462952, "step": null, "ts": 1667651277.787617}]}, "version": 166}
{"obj": {"type": "LogFloats", "path": ["training", "val_acc_epoch"], "values": [{"value": 0.7663865685462952, "step": null, "ts": 1667651277.7897751}]}, "version": 167}
{"obj": {"type": "LogFloats", "path": ["training", "epoch"], "values": [{"value": 7.0, "step": null, "ts": 1667651277.792071}]}, "version": 168}
{"obj": {"type": "LogStrings", "path": ["monitoring", "stdout"], "values": [{"value": "Accuracy: 0.7811634540557861", "step": null, "ts": 1667651277.796337}]}, "version": 169}
{"obj": {"type": "LogStrings", "path": ["monitoring", "stdout"], "values": [{"value": "\n", "step": null, "ts": 1667651277.7986913}]}, "version": 170}
{"obj": {"type": "LogFloats", "path": ["training", "train_acc_epoch"], "values": [{"value": 0.7811634540557861, "step": null, "ts": 1667651277.8048375}]}, "version": 171}
{"obj": {"type": "LogFloats", "path": ["training", "epoch"], "values": [{"value": 7.0, "step": null, "ts": 1667651277.8074179}]}, "version": 172}
{"obj": {"type": "LogFloats", "path": ["training", "train_acc_step"], "values": [{"value": 0.90625, "step": null, "ts": 1667651278.4507768}]}, "version": 173}
{"obj": {"type": "LogFloats", "path": ["training", "train_loss"], "values": [{"value": 1.4306859970092773, "step": null, "ts": 1667651278.454071}]}, "version": 174}
{"obj": {"type": "LogFloats", "path": ["training", "epoch"], "values": [{"value": 8.0, "step": null, "ts": 1667651278.456192}]}, "version": 175}
{"obj": {"type": "LogStrings", "path": ["monitoring", "stdout"], "values": [{"value": "{'progress_bar': {'val_loss': 1.4466561079025269}, 'log': {'val_loss': 1.4466561079025269}, 'val_loss': 1.4466561079025269}", "step": null, "ts": 1667651279.0493078}]}, "version": 176}
{"obj": {"type": "LogStrings", "path": ["monitoring", "stdout"], "values": [{"value": "\n", "step": null, "ts": 1667651279.052796}]}, "version": 177}
{"obj": {"type": "LogStrings", "path": ["monitoring", "stdout"], "values": [{"value": "Accuracy: 0.7815126180648804", "step": null, "ts": 1667651279.0560691}]}, "version": 178}
{"obj": {"type": "LogStrings", "path": ["monitoring", "stdout"], "values": [{"value": "\n", "step": null, "ts": 1667651279.0589821}]}, "version": 179}
{"obj": {"type": "LogFloats", "path": ["training", "val_loss"], "values": [{"value": 1.4474389553070068, "step": null, "ts": 1667651279.061688}]}, "version": 180}
{"obj": {"type": "LogFloats", "path": ["training", "val_acc_step"], "values": [{"value": 0.7815126180648804, "step": null, "ts": 1667651279.0644865}]}, "version": 181}
{"obj": {"type": "LogFloats", "path": ["training", "val_acc_epoch"], "values": [{"value": 0.7815126180648804, "step": null, "ts": 1667651279.0668662}]}, "version": 182}
{"obj": {"type": "LogFloats", "path": ["training", "epoch"], "values": [{"value": 8.0, "step": null, "ts": 1667651279.0693467}]}, "version": 183}
{"obj": {"type": "LogStrings", "path": ["monitoring", "stdout"], "values": [{"value": "Accuracy: 0.7628808617591858", "step": null, "ts": 1667651279.0742276}]}, "version": 184}
{"obj": {"type": "LogStrings", "path": ["monitoring", "stdout"], "values": [{"value": "\n", "step": null, "ts": 1667651279.0771685}]}, "version": 185}
{"obj": {"type": "LogFloats", "path": ["training", "train_acc_epoch"], "values": [{"value": 0.7628808617591858, "step": null, "ts": 1667651279.0839274}]}, "version": 186}
{"obj": {"type": "LogFloats", "path": ["training", "epoch"], "values": [{"value": 8.0, "step": null, "ts": 1667651279.086806}]}, "version": 187}
{"obj": {"type": "LogFloats", "path": ["training", "train_acc_step"], "values": [{"value": 0.875, "step": null, "ts": 1667651279.6825137}]}, "version": 188}
{"obj": {"type": "LogFloats", "path": ["training", "train_loss"], "values": [{"value": 1.4389886856079102, "step": null, "ts": 1667651279.6857007}]}, "version": 189}
{"obj": {"type": "LogFloats", "path": ["training", "epoch"], "values": [{"value": 9.0, "step": null, "ts": 1667651279.6877847}]}, "version": 190}
{"obj": {"type": "LogStrings", "path": ["monitoring", "stdout"], "values": [{"value": "{'progress_bar': {'val_loss': 1.445176601409912}, 'log': {'val_loss': 1.445176601409912}, 'val_loss': 1.445176601409912}", "step": null, "ts": 1667651280.3024015}]}, "version": 191}
{"obj": {"type": "LogStrings", "path": ["monitoring", "stdout"], "values": [{"value": "\n", "step": null, "ts": 1667651280.3057857}]}, "version": 192}
{"obj": {"type": "LogStrings", "path": ["monitoring", "stdout"], "values": [{"value": "Accuracy: 0.7882353067398071", "step": null, "ts": 1667651280.3091114}]}, "version": 193}
{"obj": {"type": "LogStrings", "path": ["monitoring", "stdout"], "values": [{"value": "\n", "step": null, "ts": 1667651280.3121405}]}, "version": 194}
{"obj": {"type": "LogFloats", "path": ["training", "val_loss"], "values": [{"value": 1.4459283351898193, "step": null, "ts": 1667651280.3152785}]}, "version": 195}
{"obj": {"type": "LogFloats", "path": ["training", "val_acc_step"], "values": [{"value": 0.7882353067398071, "step": null, "ts": 1667651280.318027}]}, "version": 196}
{"obj": {"type": "LogFloats", "path": ["training", "val_acc_epoch"], "values": [{"value": 0.7882353067398071, "step": null, "ts": 1667651280.3209171}]}, "version": 197}
{"obj": {"type": "LogFloats", "path": ["training", "epoch"], "values": [{"value": 9.0, "step": null, "ts": 1667651280.323419}]}, "version": 198}
{"obj": {"type": "LogStrings", "path": ["monitoring", "stdout"], "values": [{"value": "Accuracy: 0.7811634540557861", "step": null, "ts": 1667651280.3278444}]}, "version": 199}
{"obj": {"type": "LogStrings", "path": ["monitoring", "stdout"], "values": [{"value": "\n", "step": null, "ts": 1667651280.33049}]}, "version": 200}
{"obj": {"type": "LogFloats", "path": ["training", "train_acc_epoch"], "values": [{"value": 0.7811634540557861, "step": null, "ts": 1667651280.3366494}]}, "version": 201}
{"obj": {"type": "LogFloats", "path": ["training", "epoch"], "values": [{"value": 9.0, "step": null, "ts": 1667651280.3395443}]}, "version": 202}
{"obj": {"type": "LogFloats", "path": ["training", "train_acc_step"], "values": [{"value": 0.6875, "step": null, "ts": 1667651280.8979368}]}, "version": 203}
{"obj": {"type": "LogFloats", "path": ["training", "train_loss"], "values": [{"value": 1.4489341974258423, "step": null, "ts": 1667651280.901445}]}, "version": 204}
{"obj": {"type": "LogFloats", "path": ["training", "epoch"], "values": [{"value": 10.0, "step": null, "ts": 1667651280.9040108}]}, "version": 205}
{"obj": {"type": "LogStrings", "path": ["monitoring", "stdout"], "values": [{"value": "{'progress_bar': {'val_loss': 1.4517617225646973}, 'log': {'val_loss': 1.4517617225646973}, 'val_loss': 1.4517617225646973}", "step": null, "ts": 1667651281.5413144}]}, "version": 206}
{"obj": {"type": "LogStrings", "path": ["monitoring", "stdout"], "values": [{"value": "\n", "step": null, "ts": 1667651281.54457}]}, "version": 207}
{"obj": {"type": "LogStrings", "path": ["monitoring", "stdout"], "values": [{"value": "Accuracy: 0.7647058963775635", "step": null, "ts": 1667651281.5470273}]}, "version": 208}
{"obj": {"type": "LogStrings", "path": ["monitoring", "stdout"], "values": [{"value": "\n", "step": null, "ts": 1667651281.549228}]}, "version": 209}
{"obj": {"type": "LogFloats", "path": ["training", "val_loss"], "values": [{"value": 1.4525249004364014, "step": null, "ts": 1667651281.5519633}]}, "version": 210}
{"obj": {"type": "LogFloats", "path": ["training", "val_acc_step"], "values": [{"value": 0.7647058963775635, "step": null, "ts": 1667651281.5544763}]}, "version": 211}
{"obj": {"type": "LogFloats", "path": ["training", "val_acc_epoch"], "values": [{"value": 0.7647058963775635, "step": null, "ts": 1667651281.5570452}]}, "version": 212}
{"obj": {"type": "LogFloats", "path": ["training", "epoch"], "values": [{"value": 10.0, "step": null, "ts": 1667651281.5595846}]}, "version": 213}
{"obj": {"type": "LogStrings", "path": ["monitoring", "stdout"], "values": [{"value": "Accuracy: 0.7772853374481201", "step": null, "ts": 1667651281.5640895}]}, "version": 214}
{"obj": {"type": "LogStrings", "path": ["monitoring", "stdout"], "values": [{"value": "\n", "step": null, "ts": 1667651281.5666234}]}, "version": 215}
{"obj": {"type": "LogFloats", "path": ["training", "train_acc_epoch"], "values": [{"value": 0.7772853374481201, "step": null, "ts": 1667651281.5731025}]}, "version": 216}
{"obj": {"type": "LogFloats", "path": ["training", "epoch"], "values": [{"value": 10.0, "step": null, "ts": 1667651281.5758748}]}, "version": 217}
{"obj": {"type": "LogFloats", "path": ["training", "train_acc_step"], "values": [{"value": 0.71875, "step": null, "ts": 1667651282.1134565}]}, "version": 218}
{"obj": {"type": "LogFloats", "path": ["training", "train_loss"], "values": [{"value": 1.4517369270324707, "step": null, "ts": 1667651282.1165442}]}, "version": 219}
{"obj": {"type": "LogFloats", "path": ["training", "epoch"], "values": [{"value": 11.0, "step": null, "ts": 1667651282.1185884}]}, "version": 220}
{"obj": {"type": "LogStrings", "path": ["monitoring", "stdout"], "values": [{"value": "{'progress_bar': {'val_loss': 1.4477975368499756}, 'log': {'val_loss': 1.4477975368499756}, 'val_loss': 1.4477975368499756}", "step": null, "ts": 1667651282.7962346}]}, "version": 221}
{"obj": {"type": "LogStrings", "path": ["monitoring", "stdout"], "values": [{"value": "\n", "step": null, "ts": 1667651282.799446}]}, "version": 222}
{"obj": {"type": "LogStrings", "path": ["monitoring", "stdout"], "values": [{"value": "Accuracy: 0.7848739624023438", "step": null, "ts": 1667651282.8024983}]}, "version": 223}
{"obj": {"type": "LogStrings", "path": ["monitoring", "stdout"], "values": [{"value": "\n", "step": null, "ts": 1667651282.8052227}]}, "version": 224}
{"obj": {"type": "LogFloats", "path": ["training", "val_loss"], "values": [{"value": 1.4485974311828613, "step": null, "ts": 1667651282.8079271}]}, "version": 225}
{"obj": {"type": "LogFloats", "path": ["training", "val_acc_step"], "values": [{"value": 0.7848739624023438, "step": null, "ts": 1667651282.8103023}]}, "version": 226}
{"obj": {"type": "LogFloats", "path": ["training", "val_acc_epoch"], "values": [{"value": 0.7848739624023438, "step": null, "ts": 1667651282.81258}]}, "version": 227}
{"obj": {"type": "LogFloats", "path": ["training", "epoch"], "values": [{"value": 11.0, "step": null, "ts": 1667651282.8148313}]}, "version": 228}
{"obj": {"type": "LogStrings", "path": ["monitoring", "stdout"], "values": [{"value": "Accuracy: 0.763434886932373", "step": null, "ts": 1667651282.8191664}]}, "version": 229}
{"obj": {"type": "LogStrings", "path": ["monitoring", "stdout"], "values": [{"value": "\n", "step": null, "ts": 1667651282.8213809}]}, "version": 230}
{"obj": {"type": "LogFloats", "path": ["training", "train_acc_epoch"], "values": [{"value": 0.763434886932373, "step": null, "ts": 1667651282.8275352}]}, "version": 231}
{"obj": {"type": "LogFloats", "path": ["training", "epoch"], "values": [{"value": 11.0, "step": null, "ts": 1667651282.8298213}]}, "version": 232}
{"obj": {"type": "LogFloats", "path": ["training", "train_acc_step"], "values": [{"value": 0.875, "step": null, "ts": 1667651283.3112938}]}, "version": 233}
{"obj": {"type": "LogFloats", "path": ["training", "train_loss"], "values": [{"value": 1.434770107269287, "step": null, "ts": 1667651283.3144639}]}, "version": 234}
{"obj": {"type": "LogFloats", "path": ["training", "epoch"], "values": [{"value": 12.0, "step": null, "ts": 1667651283.317382}]}, "version": 235}
{"obj": {"type": "LogStrings", "path": ["monitoring", "stdout"], "values": [{"value": "{'progress_bar': {'val_loss': 1.4458177089691162}, 'log': {'val_loss': 1.4458177089691162}, 'val_loss': 1.4458177089691162}", "step": null, "ts": 1667651284.0357773}]}, "version": 236}
{"obj": {"type": "LogStrings", "path": ["monitoring", "stdout"], "values": [{"value": "\n", "step": null, "ts": 1667651284.0389218}]}, "version": 237}
{"obj": {"type": "LogStrings", "path": ["monitoring", "stdout"], "values": [{"value": "Accuracy: 0.7899159789085388", "step": null, "ts": 1667651284.0414162}]}, "version": 238}
{"obj": {"type": "LogStrings", "path": ["monitoring", "stdout"], "values": [{"value": "\n", "step": null, "ts": 1667651284.044281}]}, "version": 239}
{"obj": {"type": "LogFloats", "path": ["training", "val_loss"], "values": [{"value": 1.4465699195861816, "step": null, "ts": 1667651284.0472353}]}, "version": 240}
{"obj": {"type": "LogFloats", "path": ["training", "val_acc_step"], "values": [{"value": 0.7899159789085388, "step": null, "ts": 1667651284.0498862}]}, "version": 241}
{"obj": {"type": "LogFloats", "path": ["training", "val_acc_epoch"], "values": [{"value": 0.7899159789085388, "step": null, "ts": 1667651284.0522451}]}, "version": 242}
{"obj": {"type": "LogFloats", "path": ["training", "epoch"], "values": [{"value": 12.0, "step": null, "ts": 1667651284.054423}]}, "version": 243}
{"obj": {"type": "LogStrings", "path": ["monitoring", "stdout"], "values": [{"value": "Accuracy: 0.7767313122749329", "step": null, "ts": 1667651284.0588024}]}, "version": 244}
{"obj": {"type": "LogStrings", "path": ["monitoring", "stdout"], "values": [{"value": "\n", "step": null, "ts": 1667651284.0615482}]}, "version": 245}
{"obj": {"type": "LogFloats", "path": ["training", "train_acc_epoch"], "values": [{"value": 0.7767313122749329, "step": null, "ts": 1667651284.0681584}]}, "version": 246}
{"obj": {"type": "LogFloats", "path": ["training", "epoch"], "values": [{"value": 12.0, "step": null, "ts": 1667651284.0711682}]}, "version": 247}
{"obj": {"type": "LogFloats", "path": ["training", "train_acc_step"], "values": [{"value": 0.78125, "step": null, "ts": 1667651284.5414135}]}, "version": 248}
{"obj": {"type": "LogFloats", "path": ["training", "train_loss"], "values": [{"value": 1.4568760395050049, "step": null, "ts": 1667651284.544614}]}, "version": 249}
{"obj": {"type": "LogFloats", "path": ["training", "epoch"], "values": [{"value": 13.0, "step": null, "ts": 1667651284.5473058}]}, "version": 250}
{"obj": {"type": "LogStrings", "path": ["monitoring", "stdout"], "values": [{"value": "{'progress_bar': {'val_loss': 1.446768879890442}, 'log': {'val_loss': 1.446768879890442}, 'val_loss': 1.446768879890442}", "step": null, "ts": 1667651285.2959752}]}, "version": 251}
{"obj": {"type": "LogStrings", "path": ["monitoring", "stdout"], "values": [{"value": "\n", "step": null, "ts": 1667651285.2994905}]}, "version": 252}
{"obj": {"type": "LogStrings", "path": ["monitoring", "stdout"], "values": [{"value": "Accuracy: 0.7831932902336121", "step": null, "ts": 1667651285.3028064}]}, "version": 253}
{"obj": {"type": "LogStrings", "path": ["monitoring", "stdout"], "values": [{"value": "\n", "step": null, "ts": 1667651285.3054752}]}, "version": 254}
{"obj": {"type": "LogFloats", "path": ["training", "val_loss"], "values": [{"value": 1.4475581645965576, "step": null, "ts": 1667651285.308595}]}, "version": 255}
{"obj": {"type": "LogFloats", "path": ["training", "val_acc_step"], "values": [{"value": 0.7831932902336121, "step": null, "ts": 1667651285.31135}]}, "version": 256}
{"obj": {"type": "LogFloats", "path": ["training", "val_acc_epoch"], "values": [{"value": 0.7831932902336121, "step": null, "ts": 1667651285.313974}]}, "version": 257}
{"obj": {"type": "LogFloats", "path": ["training", "epoch"], "values": [{"value": 13.0, "step": null, "ts": 1667651285.3167472}]}, "version": 258}
{"obj": {"type": "LogStrings", "path": ["monitoring", "stdout"], "values": [{"value": "Accuracy: 0.7717451453208923", "step": null, "ts": 1667651285.3214695}]}, "version": 259}
{"obj": {"type": "LogStrings", "path": ["monitoring", "stdout"], "values": [{"value": "\n", "step": null, "ts": 1667651285.3243103}]}, "version": 260}
{"obj": {"type": "LogFloats", "path": ["training", "train_acc_epoch"], "values": [{"value": 0.7717451453208923, "step": null, "ts": 1667651285.3307261}]}, "version": 261}
{"obj": {"type": "LogFloats", "path": ["training", "epoch"], "values": [{"value": 13.0, "step": null, "ts": 1667651285.3332977}]}, "version": 262}
{"obj": {"type": "LogFloats", "path": ["training", "train_acc_step"], "values": [{"value": 0.71875, "step": null, "ts": 1667651285.7324076}]}, "version": 263}
{"obj": {"type": "LogFloats", "path": ["training", "train_loss"], "values": [{"value": 1.450927734375, "step": null, "ts": 1667651285.7359004}]}, "version": 264}
{"obj": {"type": "LogFloats", "path": ["training", "epoch"], "values": [{"value": 14.0, "step": null, "ts": 1667651285.738775}]}, "version": 265}
{"obj": {"type": "LogFloats", "path": ["training", "train_acc_step"], "values": [{"value": 0.84375, "step": null, "ts": 1667651286.006832}]}, "version": 266}
{"obj": {"type": "LogFloats", "path": ["training", "train_loss"], "values": [{"value": 1.4439170360565186, "step": null, "ts": 1667651286.00993}]}, "version": 267}
{"obj": {"type": "LogFloats", "path": ["training", "epoch"], "values": [{"value": 14.0, "step": null, "ts": 1667651286.0129485}]}, "version": 268}
{"obj": {"type": "LogStrings", "path": ["monitoring", "stdout"], "values": [{"value": "{'progress_bar': {'val_loss': 1.44435453414917}, 'log': {'val_loss': 1.44435453414917}, 'val_loss': 1.44435453414917}", "step": null, "ts": 1667651286.5568776}]}, "version": 269}
{"obj": {"type": "LogStrings", "path": ["monitoring", "stdout"], "values": [{"value": "\n", "step": null, "ts": 1667651286.5602343}]}, "version": 270}
{"obj": {"type": "LogStrings", "path": ["monitoring", "stdout"], "values": [{"value": "Accuracy: 0.7848739624023438", "step": null, "ts": 1667651286.5634506}]}, "version": 271}
{"obj": {"type": "LogStrings", "path": ["monitoring", "stdout"], "values": [{"value": "\n", "step": null, "ts": 1667651286.5663316}]}, "version": 272}
{"obj": {"type": "LogFloats", "path": ["training", "val_loss"], "values": [{"value": 1.4450726509094238, "step": null, "ts": 1667651286.5696437}]}, "version": 273}
{"obj": {"type": "LogFloats", "path": ["training", "val_acc_step"], "values": [{"value": 0.7848739624023438, "step": null, "ts": 1667651286.5722399}]}, "version": 274}
{"obj": {"type": "LogFloats", "path": ["training", "val_acc_epoch"], "values": [{"value": 0.7848739624023438, "step": null, "ts": 1667651286.574868}]}, "version": 275}
{"obj": {"type": "LogFloats", "path": ["training", "epoch"], "values": [{"value": 14.0, "step": null, "ts": 1667651286.577494}]}, "version": 276}
{"obj": {"type": "LogStrings", "path": ["monitoring", "stdout"], "values": [{"value": "Accuracy: 0.7800554037094116", "step": null, "ts": 1667651286.5824049}]}, "version": 277}
{"obj": {"type": "LogStrings", "path": ["monitoring", "stdout"], "values": [{"value": "\n", "step": null, "ts": 1667651286.5849745}]}, "version": 278}
{"obj": {"type": "LogFloats", "path": ["training", "train_acc_epoch"], "values": [{"value": 0.7800554037094116, "step": null, "ts": 1667651286.5913856}]}, "version": 279}
{"obj": {"type": "LogFloats", "path": ["training", "epoch"], "values": [{"value": 14.0, "step": null, "ts": 1667651286.5939844}]}, "version": 280}
{"obj": {"type": "LogFloats", "path": ["monitoring", "cpu"], "values": [{"value": 27.3, "step": null, "ts": 1667651286.940859}]}, "version": 281}
{"obj": {"type": "LogFloats", "path": ["monitoring", "memory"], "values": [{"value": 10.006690979003906, "step": null, "ts": 1667651286.940859}]}, "version": 282}
{"obj": {"type": "LogFloats", "path": ["monitoring", "gpu_memory_0"], "values": [{"value": 1.46490478515625, "step": null, "ts": 1667651286.940859}]}, "version": 283}
{"obj": {"type": "LogFloats", "path": ["monitoring", "gpu_memory_1"], "values": [{"value": 0.232177734375, "step": null, "ts": 1667651286.940859}]}, "version": 284}
{"obj": {"type": "LogFloats", "path": ["training", "train_acc_step"], "values": [{"value": 0.90625, "step": null, "ts": 1667651287.2513397}]}, "version": 285}
{"obj": {"type": "LogFloats", "path": ["training", "train_loss"], "values": [{"value": 1.4291430711746216, "step": null, "ts": 1667651287.2550368}]}, "version": 286}
{"obj": {"type": "LogFloats", "path": ["training", "epoch"], "values": [{"value": 15.0, "step": null, "ts": 1667651287.2580085}]}, "version": 287}
{"obj": {"type": "LogStrings", "path": ["monitoring", "stdout"], "values": [{"value": "{'progress_bar': {'val_loss': 1.4392393827438354}, 'log': {'val_loss': 1.4392393827438354}, 'val_loss': 1.4392393827438354}", "step": null, "ts": 1667651287.8172429}]}, "version": 288}
{"obj": {"type": "LogStrings", "path": ["monitoring", "stdout"], "values": [{"value": "\n", "step": null, "ts": 1667651287.8208575}]}, "version": 289}
{"obj": {"type": "LogStrings", "path": ["monitoring", "stdout"], "values": [{"value": "Accuracy: 0.7932773232460022", "step": null, "ts": 1667651287.8237996}]}, "version": 290}
{"obj": {"type": "LogStrings", "path": ["monitoring", "stdout"], "values": [{"value": "\n", "step": null, "ts": 1667651287.8266778}]}, "version": 291}
{"obj": {"type": "LogFloats", "path": ["training", "val_loss"], "values": [{"value": 1.439817190170288, "step": null, "ts": 1667651287.8300297}]}, "version": 292}
{"obj": {"type": "LogFloats", "path": ["training", "val_acc_step"], "values": [{"value": 0.7932773232460022, "step": null, "ts": 1667651287.8328226}]}, "version": 293}
{"obj": {"type": "LogFloats", "path": ["training", "val_acc_epoch"], "values": [{"value": 0.7932773232460022, "step": null, "ts": 1667651287.835573}]}, "version": 294}
{"obj": {"type": "LogFloats", "path": ["training", "epoch"], "values": [{"value": 15.0, "step": null, "ts": 1667651287.838128}]}, "version": 295}
{"obj": {"type": "LogStrings", "path": ["monitoring", "stdout"], "values": [{"value": "Accuracy: 0.7828254699707031", "step": null, "ts": 1667651287.8426812}]}, "version": 296}
{"obj": {"type": "LogStrings", "path": ["monitoring", "stdout"], "values": [{"value": "\n", "step": null, "ts": 1667651287.8451643}]}, "version": 297}
{"obj": {"type": "LogFloats", "path": ["training", "train_acc_epoch"], "values": [{"value": 0.7828254699707031, "step": null, "ts": 1667651287.8514366}]}, "version": 298}
{"obj": {"type": "LogFloats", "path": ["training", "epoch"], "values": [{"value": 15.0, "step": null, "ts": 1667651287.853994}]}, "version": 299}
{"obj": {"type": "LogFloats", "path": ["training", "train_acc_step"], "values": [{"value": 0.65625, "step": null, "ts": 1667651288.4544706}]}, "version": 300}
{"obj": {"type": "LogFloats", "path": ["training", "train_loss"], "values": [{"value": 1.453396201133728, "step": null, "ts": 1667651288.4577746}]}, "version": 301}
{"obj": {"type": "LogFloats", "path": ["training", "epoch"], "values": [{"value": 16.0, "step": null, "ts": 1667651288.4604537}]}, "version": 302}
{"obj": {"type": "LogStrings", "path": ["monitoring", "stdout"], "values": [{"value": "{'progress_bar': {'val_loss': 1.4747326374053955}, 'log': {'val_loss': 1.4747326374053955}, 'val_loss': 1.4747326374053955}", "step": null, "ts": 1667651289.0590224}]}, "version": 303}
{"obj": {"type": "LogStrings", "path": ["monitoring", "stdout"], "values": [{"value": "\n", "step": null, "ts": 1667651289.0626366}]}, "version": 304}
{"obj": {"type": "LogStrings", "path": ["monitoring", "stdout"], "values": [{"value": "Accuracy: 0.6420168280601501", "step": null, "ts": 1667651289.0658607}]}, "version": 305}
{"obj": {"type": "LogStrings", "path": ["monitoring", "stdout"], "values": [{"value": "\n", "step": null, "ts": 1667651289.0686746}]}, "version": 306}
{"obj": {"type": "LogFloats", "path": ["training", "val_loss"], "values": [{"value": 1.4761327505111694, "step": null, "ts": 1667651289.0720396}]}, "version": 307}
{"obj": {"type": "LogFloats", "path": ["training", "val_acc_step"], "values": [{"value": 0.6420168280601501, "step": null, "ts": 1667651289.0749018}]}, "version": 308}
{"obj": {"type": "LogFloats", "path": ["training", "val_acc_epoch"], "values": [{"value": 0.6420168280601501, "step": null, "ts": 1667651289.0776818}]}, "version": 309}
{"obj": {"type": "LogFloats", "path": ["training", "epoch"], "values": [{"value": 16.0, "step": null, "ts": 1667651289.0805545}]}, "version": 310}
{"obj": {"type": "LogStrings", "path": ["monitoring", "stdout"], "values": [{"value": "Accuracy: 0.7839335203170776", "step": null, "ts": 1667651289.0852234}]}, "version": 311}
{"obj": {"type": "LogStrings", "path": ["monitoring", "stdout"], "values": [{"value": "\n", "step": null, "ts": 1667651289.0880327}]}, "version": 312}
{"obj": {"type": "LogFloats", "path": ["training", "train_acc_epoch"], "values": [{"value": 0.7839335203170776, "step": null, "ts": 1667651289.0946743}]}, "version": 313}
{"obj": {"type": "LogFloats", "path": ["training", "epoch"], "values": [{"value": 16.0, "step": null, "ts": 1667651289.0975873}]}, "version": 314}
{"obj": {"type": "LogFloats", "path": ["training", "train_acc_step"], "values": [{"value": 0.84375, "step": null, "ts": 1667651289.6967819}]}, "version": 315}
{"obj": {"type": "LogFloats", "path": ["training", "train_loss"], "values": [{"value": 1.4416033029556274, "step": null, "ts": 1667651289.7001688}]}, "version": 316}
{"obj": {"type": "LogFloats", "path": ["training", "epoch"], "values": [{"value": 17.0, "step": null, "ts": 1667651289.7029517}]}, "version": 317}
{"obj": {"type": "LogStrings", "path": ["monitoring", "stdout"], "values": [{"value": "{'progress_bar': {'val_loss': 1.4387099742889404}, 'log': {'val_loss': 1.4387099742889404}, 'val_loss': 1.4387099742889404}", "step": null, "ts": 1667651290.3191996}]}, "version": 318}
{"obj": {"type": "LogStrings", "path": ["monitoring", "stdout"], "values": [{"value": "\n", "step": null, "ts": 1667651290.3224907}]}, "version": 319}
{"obj": {"type": "LogStrings", "path": ["monitoring", "stdout"], "values": [{"value": "Accuracy: 0.7899159789085388", "step": null, "ts": 1667651290.325793}]}, "version": 320}
{"obj": {"type": "LogStrings", "path": ["monitoring", "stdout"], "values": [{"value": "\n", "step": null, "ts": 1667651290.3287547}]}, "version": 321}
{"obj": {"type": "LogFloats", "path": ["training", "val_loss"], "values": [{"value": 1.439319372177124, "step": null, "ts": 1667651290.3320615}]}, "version": 322}
{"obj": {"type": "LogFloats", "path": ["training", "val_acc_step"], "values": [{"value": 0.7899159789085388, "step": null, "ts": 1667651290.334955}]}, "version": 323}
{"obj": {"type": "LogFloats", "path": ["training", "val_acc_epoch"], "values": [{"value": 0.7899159789085388, "step": null, "ts": 1667651290.337564}]}, "version": 324}
{"obj": {"type": "LogFloats", "path": ["training", "epoch"], "values": [{"value": 17.0, "step": null, "ts": 1667651290.3402855}]}, "version": 325}
{"obj": {"type": "LogStrings", "path": ["monitoring", "stdout"], "values": [{"value": "Accuracy: 0.7750692367553711", "step": null, "ts": 1667651290.3449576}]}, "version": 326}
{"obj": {"type": "LogStrings", "path": ["monitoring", "stdout"], "values": [{"value": "\n", "step": null, "ts": 1667651290.347576}]}, "version": 327}
{"obj": {"type": "LogFloats", "path": ["training", "train_acc_epoch"], "values": [{"value": 0.7750692367553711, "step": null, "ts": 1667651290.3538918}]}, "version": 328}
{"obj": {"type": "LogFloats", "path": ["training", "epoch"], "values": [{"value": 17.0, "step": null, "ts": 1667651290.3567793}]}, "version": 329}
{"obj": {"type": "LogFloats", "path": ["training", "train_acc_step"], "values": [{"value": 0.90625, "step": null, "ts": 1667651290.8736155}]}, "version": 330}
{"obj": {"type": "LogFloats", "path": ["training", "train_loss"], "values": [{"value": 1.4327075481414795, "step": null, "ts": 1667651290.877176}]}, "version": 331}
{"obj": {"type": "LogFloats", "path": ["training", "epoch"], "values": [{"value": 18.0, "step": null, "ts": 1667651290.8801682}]}, "version": 332}
{"obj": {"type": "LogStrings", "path": ["monitoring", "stdout"], "values": [{"value": "{'progress_bar': {'val_loss': 1.4452757835388184}, 'log': {'val_loss': 1.4452757835388184}, 'val_loss': 1.4452757835388184}", "step": null, "ts": 1667651291.5632942}]}, "version": 333}
{"obj": {"type": "LogStrings", "path": ["monitoring", "stdout"], "values": [{"value": "\n", "step": null, "ts": 1667651291.5666869}]}, "version": 334}
{"obj": {"type": "LogStrings", "path": ["monitoring", "stdout"], "values": [{"value": "Accuracy: 0.7899159789085388", "step": null, "ts": 1667651291.5698717}]}, "version": 335}
{"obj": {"type": "LogStrings", "path": ["monitoring", "stdout"], "values": [{"value": "\n", "step": null, "ts": 1667651291.5728152}]}, "version": 336}
{"obj": {"type": "LogFloats", "path": ["training", "val_loss"], "values": [{"value": 1.4459503889083862, "step": null, "ts": 1667651291.5759044}]}, "version": 337}
{"obj": {"type": "LogFloats", "path": ["training", "val_acc_step"], "values": [{"value": 0.7899159789085388, "step": null, "ts": 1667651291.5787303}]}, "version": 338}
{"obj": {"type": "LogFloats", "path": ["training", "val_acc_epoch"], "values": [{"value": 0.7899159789085388, "step": null, "ts": 1667651291.5814812}]}, "version": 339}
{"obj": {"type": "LogFloats", "path": ["training", "epoch"], "values": [{"value": 18.0, "step": null, "ts": 1667651291.58407}]}, "version": 340}
{"obj": {"type": "LogStrings", "path": ["monitoring", "stdout"], "values": [{"value": "Accuracy: 0.7822714447975159", "step": null, "ts": 1667651291.5887961}]}, "version": 341}
{"obj": {"type": "LogStrings", "path": ["monitoring", "stdout"], "values": [{"value": "\n", "step": null, "ts": 1667651291.591413}]}, "version": 342}
{"obj": {"type": "LogFloats", "path": ["training", "train_acc_epoch"], "values": [{"value": 0.7822714447975159, "step": null, "ts": 1667651291.5977151}]}, "version": 343}
{"obj": {"type": "LogFloats", "path": ["training", "epoch"], "values": [{"value": 18.0, "step": null, "ts": 1667651291.60059}]}, "version": 344}
{"obj": {"type": "LogFloats", "path": ["training", "train_acc_step"], "values": [{"value": 0.59375, "step": null, "ts": 1667651292.1035285}]}, "version": 345}
{"obj": {"type": "LogFloats", "path": ["training", "train_loss"], "values": [{"value": 1.4688539505004883, "step": null, "ts": 1667651292.1072867}]}, "version": 346}
{"obj": {"type": "LogFloats", "path": ["training", "epoch"], "values": [{"value": 19.0, "step": null, "ts": 1667651292.1103377}]}, "version": 347}
{"obj": {"type": "LogStrings", "path": ["monitoring", "stdout"], "values": [{"value": "{'progress_bar': {'val_loss': 1.4367011785507202}, 'log': {'val_loss': 1.4367011785507202}, 'val_loss': 1.4367011785507202}", "step": null, "ts": 1667651292.8181617}]}, "version": 348}
{"obj": {"type": "LogStrings", "path": ["monitoring", "stdout"], "values": [{"value": "\n", "step": null, "ts": 1667651292.8216977}]}, "version": 349}
{"obj": {"type": "LogStrings", "path": ["monitoring", "stdout"], "values": [{"value": "Accuracy: 0.7915966510772705", "step": null, "ts": 1667651292.825052}]}, "version": 350}
{"obj": {"type": "LogStrings", "path": ["monitoring", "stdout"], "values": [{"value": "\n", "step": null, "ts": 1667651292.82781}]}, "version": 351}
{"obj": {"type": "LogFloats", "path": ["training", "val_loss"], "values": [{"value": 1.4371885061264038, "step": null, "ts": 1667651292.8307817}]}, "version": 352}
{"obj": {"type": "LogFloats", "path": ["training", "val_acc_step"], "values": [{"value": 0.7915966510772705, "step": null, "ts": 1667651292.8334131}]}, "version": 353}
{"obj": {"type": "LogFloats", "path": ["training", "val_acc_epoch"], "values": [{"value": 0.7915966510772705, "step": null, "ts": 1667651292.836139}]}, "version": 354}
{"obj": {"type": "LogFloats", "path": ["training", "epoch"], "values": [{"value": 19.0, "step": null, "ts": 1667651292.8387427}]}, "version": 355}
{"obj": {"type": "LogStrings", "path": ["monitoring", "stdout"], "values": [{"value": "Accuracy: 0.7867035865783691", "step": null, "ts": 1667651292.843319}]}, "version": 356}
{"obj": {"type": "LogStrings", "path": ["monitoring", "stdout"], "values": [{"value": "\n", "step": null, "ts": 1667651292.845811}]}, "version": 357}
{"obj": {"type": "LogFloats", "path": ["training", "train_acc_epoch"], "values": [{"value": 0.7867035865783691, "step": null, "ts": 1667651292.8522375}]}, "version": 358}
{"obj": {"type": "LogFloats", "path": ["training", "epoch"], "values": [{"value": 19.0, "step": null, "ts": 1667651292.8549762}]}, "version": 359}
{"obj": {"type": "LogFloats", "path": ["training", "train_acc_step"], "values": [{"value": 0.78125, "step": null, "ts": 1667651293.299167}]}, "version": 360}
{"obj": {"type": "LogFloats", "path": ["training", "train_loss"], "values": [{"value": 1.4448851346969604, "step": null, "ts": 1667651293.3028064}]}, "version": 361}
{"obj": {"type": "LogFloats", "path": ["training", "epoch"], "values": [{"value": 20.0, "step": null, "ts": 1667651293.3058915}]}, "version": 362}
{"obj": {"type": "LogStrings", "path": ["monitoring", "stdout"], "values": [{"value": "{'progress_bar': {'val_loss': 1.438484787940979}, 'log': {'val_loss': 1.438484787940979}, 'val_loss': 1.438484787940979}", "step": null, "ts": 1667651294.0536594}]}, "version": 363}
{"obj": {"type": "LogStrings", "path": ["monitoring", "stdout"], "values": [{"value": "\n", "step": null, "ts": 1667651294.0572212}]}, "version": 364}
{"obj": {"type": "LogStrings", "path": ["monitoring", "stdout"], "values": [{"value": "Accuracy: 0.7899159789085388", "step": null, "ts": 1667651294.0604007}]}, "version": 365}
{"obj": {"type": "LogStrings", "path": ["monitoring", "stdout"], "values": [{"value": "\n", "step": null, "ts": 1667651294.063094}]}, "version": 366}
{"obj": {"type": "LogFloats", "path": ["training", "val_loss"], "values": [{"value": 1.439064860343933, "step": null, "ts": 1667651294.0661952}]}, "version": 367}
{"obj": {"type": "LogFloats", "path": ["training", "val_acc_step"], "values": [{"value": 0.7899159789085388, "step": null, "ts": 1667651294.068852}]}, "version": 368}
{"obj": {"type": "LogFloats", "path": ["training", "val_acc_epoch"], "values": [{"value": 0.7899159789085388, "step": null, "ts": 1667651294.0715256}]}, "version": 369}
{"obj": {"type": "LogFloats", "path": ["training", "epoch"], "values": [{"value": 20.0, "step": null, "ts": 1667651294.0740533}]}, "version": 370}
{"obj": {"type": "LogStrings", "path": ["monitoring", "stdout"], "values": [{"value": "Accuracy: 0.7889196872711182", "step": null, "ts": 1667651294.0787883}]}, "version": 371}
{"obj": {"type": "LogStrings", "path": ["monitoring", "stdout"], "values": [{"value": "\n", "step": null, "ts": 1667651294.0813425}]}, "version": 372}
{"obj": {"type": "LogFloats", "path": ["training", "train_acc_epoch"], "values": [{"value": 0.7889196872711182, "step": null, "ts": 1667651294.0878818}]}, "version": 373}
{"obj": {"type": "LogFloats", "path": ["training", "epoch"], "values": [{"value": 20.0, "step": null, "ts": 1667651294.0905943}]}, "version": 374}
{"obj": {"type": "LogFloats", "path": ["training", "train_acc_step"], "values": [{"value": 0.8125, "step": null, "ts": 1667651294.5258162}]}, "version": 375}
{"obj": {"type": "LogFloats", "path": ["training", "train_loss"], "values": [{"value": 1.4393558502197266, "step": null, "ts": 1667651294.529136}]}, "version": 376}
{"obj": {"type": "LogFloats", "path": ["training", "epoch"], "values": [{"value": 21.0, "step": null, "ts": 1667651294.5319755}]}, "version": 377}
{"obj": {"type": "LogFloats", "path": ["training", "train_acc_step"], "values": [{"value": 0.8125, "step": null, "ts": 1667651294.816165}]}, "version": 378}
{"obj": {"type": "LogFloats", "path": ["training", "train_loss"], "values": [{"value": 1.4431363344192505, "step": null, "ts": 1667651294.8193998}]}, "version": 379}
{"obj": {"type": "LogFloats", "path": ["training", "epoch"], "values": [{"value": 21.0, "step": null, "ts": 1667651294.822427}]}, "version": 380}
{"obj": {"type": "LogStrings", "path": ["monitoring", "stdout"], "values": [{"value": "{'progress_bar': {'val_loss': 1.4403846263885498}, 'log': {'val_loss': 1.4403846263885498}, 'val_loss': 1.4403846263885498}", "step": null, "ts": 1667651295.3515186}]}, "version": 381}
{"obj": {"type": "LogStrings", "path": ["monitoring", "stdout"], "values": [{"value": "\n", "step": null, "ts": 1667651295.355068}]}, "version": 382}
{"obj": {"type": "LogStrings", "path": ["monitoring", "stdout"], "values": [{"value": "Accuracy: 0.7865546345710754", "step": null, "ts": 1667651295.3580506}]}, "version": 383}
{"obj": {"type": "LogStrings", "path": ["monitoring", "stdout"], "values": [{"value": "\n", "step": null, "ts": 1667651295.361111}]}, "version": 384}
{"obj": {"type": "LogFloats", "path": ["training", "val_loss"], "values": [{"value": 1.4410295486450195, "step": null, "ts": 1667651295.3643873}]}, "version": 385}
{"obj": {"type": "LogFloats", "path": ["training", "val_acc_step"], "values": [{"value": 0.7865546345710754, "step": null, "ts": 1667651295.3672206}]}, "version": 386}
{"obj": {"type": "LogFloats", "path": ["training", "val_acc_epoch"], "values": [{"value": 0.7865546345710754, "step": null, "ts": 1667651295.3698013}]}, "version": 387}
{"obj": {"type": "LogFloats", "path": ["training", "epoch"], "values": [{"value": 21.0, "step": null, "ts": 1667651295.3725088}]}, "version": 388}
{"obj": {"type": "LogStrings", "path": ["monitoring", "stdout"], "values": [{"value": "Accuracy: 0.7911357283592224", "step": null, "ts": 1667651295.3772635}]}, "version": 389}
{"obj": {"type": "LogStrings", "path": ["monitoring", "stdout"], "values": [{"value": "\n", "step": null, "ts": 1667651295.380032}]}, "version": 390}
{"obj": {"type": "LogFloats", "path": ["training", "train_acc_epoch"], "values": [{"value": 0.7911357283592224, "step": null, "ts": 1667651295.3866365}]}, "version": 391}
{"obj": {"type": "LogFloats", "path": ["training", "epoch"], "values": [{"value": 21.0, "step": null, "ts": 1667651295.3895547}]}, "version": 392}
{"obj": {"type": "LogFloats", "path": ["training", "train_acc_step"], "values": [{"value": 0.75, "step": null, "ts": 1667651296.0463383}]}, "version": 393}
{"obj": {"type": "LogFloats", "path": ["training", "train_loss"], "values": [{"value": 1.457348346710205, "step": null, "ts": 1667651296.0498564}]}, "version": 394}
{"obj": {"type": "LogFloats", "path": ["training", "epoch"], "values": [{"value": 22.0, "step": null, "ts": 1667651296.0528111}]}, "version": 395}
{"obj": {"type": "LogStrings", "path": ["monitoring", "stdout"], "values": [{"value": "{'progress_bar': {'val_loss': 1.4364877939224243}, 'log': {'val_loss': 1.4364877939224243}, 'val_loss': 1.4364877939224243}", "step": null, "ts": 1667651296.5995443}]}, "version": 396}
{"obj": {"type": "LogStrings", "path": ["monitoring", "stdout"], "values": [{"value": "\n", "step": null, "ts": 1667651296.6031895}]}, "version": 397}
{"obj": {"type": "LogStrings", "path": ["monitoring", "stdout"], "values": [{"value": "Accuracy: 0.7865546345710754", "step": null, "ts": 1667651296.6065516}]}, "version": 398}
{"obj": {"type": "LogStrings", "path": ["monitoring", "stdout"], "values": [{"value": "\n", "step": null, "ts": 1667651296.6095161}]}, "version": 399}
{"obj": {"type": "LogFloats", "path": ["training", "val_loss"], "values": [{"value": 1.437048077583313, "step": null, "ts": 1667651296.6126325}]}, "version": 400}
{"obj": {"type": "LogFloats", "path": ["training", "val_acc_step"], "values": [{"value": 0.7865546345710754, "step": null, "ts": 1667651296.6152651}]}, "version": 401}
{"obj": {"type": "LogFloats", "path": ["training", "val_acc_epoch"], "values": [{"value": 0.7865546345710754, "step": null, "ts": 1667651296.617893}]}, "version": 402}
{"obj": {"type": "LogFloats", "path": ["training", "epoch"], "values": [{"value": 22.0, "step": null, "ts": 1667651296.620287}]}, "version": 403}
{"obj": {"type": "LogStrings", "path": ["monitoring", "stdout"], "values": [{"value": "Accuracy: 0.7900276780128479", "step": null, "ts": 1667651296.6247458}]}, "version": 404}
{"obj": {"type": "LogStrings", "path": ["monitoring", "stdout"], "values": [{"value": "\n", "step": null, "ts": 1667651296.6271474}]}, "version": 405}
{"obj": {"type": "LogFloats", "path": ["training", "train_acc_epoch"], "values": [{"value": 0.7900276780128479, "step": null, "ts": 1667651296.633469}]}, "version": 406}
{"obj": {"type": "LogFloats", "path": ["training", "epoch"], "values": [{"value": 22.0, "step": null, "ts": 1667651296.6362593}]}, "version": 407}
{"obj": {"type": "LogFloats", "path": ["monitoring", "cpu"], "values": [{"value": 27.1, "step": null, "ts": 1667651297.0188444}]}, "version": 408}
{"obj": {"type": "LogFloats", "path": ["monitoring", "memory"], "values": [{"value": 10.049556732177734, "step": null, "ts": 1667651297.0188444}]}, "version": 409}
{"obj": {"type": "LogFloats", "path": ["monitoring", "gpu_memory_0"], "values": [{"value": 1.46490478515625, "step": null, "ts": 1667651297.0188444}]}, "version": 410}
{"obj": {"type": "LogFloats", "path": ["monitoring", "gpu_memory_1"], "values": [{"value": 0.232177734375, "step": null, "ts": 1667651297.0188444}]}, "version": 411}
{"obj": {"type": "LogFloats", "path": ["training", "train_acc_step"], "values": [{"value": 0.71875, "step": null, "ts": 1667651297.2535803}]}, "version": 412}
{"obj": {"type": "LogFloats", "path": ["training", "train_loss"], "values": [{"value": 1.4427562952041626, "step": null, "ts": 1667651297.256934}]}, "version": 413}
{"obj": {"type": "LogFloats", "path": ["training", "epoch"], "values": [{"value": 23.0, "step": null, "ts": 1667651297.259948}]}, "version": 414}
{"obj": {"type": "LogStrings", "path": ["monitoring", "stdout"], "values": [{"value": "{'progress_bar': {'val_loss': 1.4349695444107056}, 'log': {'val_loss': 1.4349695444107056}, 'val_loss': 1.4349695444107056}", "step": null, "ts": 1667651297.8601236}]}, "version": 415}
{"obj": {"type": "LogStrings", "path": ["monitoring", "stdout"], "values": [{"value": "\n", "step": null, "ts": 1667651297.863441}]}, "version": 416}
{"obj": {"type": "LogStrings", "path": ["monitoring", "stdout"], "values": [{"value": "Accuracy: 0.7915966510772705", "step": null, "ts": 1667651297.8665845}]}, "version": 417}
{"obj": {"type": "LogStrings", "path": ["monitoring", "stdout"], "values": [{"value": "\n", "step": null, "ts": 1667651297.8692377}]}, "version": 418}
{"obj": {"type": "LogFloats", "path": ["training", "val_loss"], "values": [{"value": 1.4354276657104492, "step": null, "ts": 1667651297.8725948}]}, "version": 419}
{"obj": {"type": "LogFloats", "path": ["training", "val_acc_step"], "values": [{"value": 0.7915966510772705, "step": null, "ts": 1667651297.875395}]}, "version": 420}
{"obj": {"type": "LogFloats", "path": ["training", "val_acc_epoch"], "values": [{"value": 0.7915966510772705, "step": null, "ts": 1667651297.8779826}]}, "version": 421}
{"obj": {"type": "LogFloats", "path": ["training", "epoch"], "values": [{"value": 23.0, "step": null, "ts": 1667651297.8807695}]}, "version": 422}
{"obj": {"type": "LogStrings", "path": ["monitoring", "stdout"], "values": [{"value": "Accuracy: 0.7850415706634521", "step": null, "ts": 1667651297.8856125}]}, "version": 423}
{"obj": {"type": "LogStrings", "path": ["monitoring", "stdout"], "values": [{"value": "\n", "step": null, "ts": 1667651297.8883798}]}, "version": 424}
{"obj": {"type": "LogFloats", "path": ["training", "train_acc_epoch"], "values": [{"value": 0.7850415706634521, "step": null, "ts": 1667651297.8948116}]}, "version": 425}
{"obj": {"type": "LogFloats", "path": ["training", "epoch"], "values": [{"value": 23.0, "step": null, "ts": 1667651297.8975894}]}, "version": 426}
{"obj": {"type": "LogFloats", "path": ["training", "train_acc_step"], "values": [{"value": 0.625, "step": null, "ts": 1667651298.496586}]}, "version": 427}
{"obj": {"type": "LogFloats", "path": ["training", "train_loss"], "values": [{"value": 1.4544594287872314, "step": null, "ts": 1667651298.4999256}]}, "version": 428}
{"obj": {"type": "LogFloats", "path": ["training", "epoch"], "values": [{"value": 24.0, "step": null, "ts": 1667651298.5028074}]}, "version": 429}
{"obj": {"type": "LogStrings", "path": ["monitoring", "stdout"], "values": [{"value": "{'progress_bar': {'val_loss': 1.4379582405090332}, 'log': {'val_loss': 1.4379582405090332}, 'val_loss': 1.4379582405090332}", "step": null, "ts": 1667651299.123013}]}, "version": 430}
{"obj": {"type": "LogStrings", "path": ["monitoring", "stdout"], "values": [{"value": "\n", "step": null, "ts": 1667651299.12664}]}, "version": 431}
{"obj": {"type": "LogStrings", "path": ["monitoring", "stdout"], "values": [{"value": "Accuracy: 0.7915966510772705", "step": null, "ts": 1667651299.1300354}]}, "version": 432}
{"obj": {"type": "LogStrings", "path": ["monitoring", "stdout"], "values": [{"value": "\n", "step": null, "ts": 1667651299.1331666}]}, "version": 433}
{"obj": {"type": "LogFloats", "path": ["training", "val_loss"], "values": [{"value": 1.438535213470459, "step": null, "ts": 1667651299.1366014}]}, "version": 434}
{"obj": {"type": "LogFloats", "path": ["training", "val_acc_step"], "values": [{"value": 0.7915966510772705, "step": null, "ts": 1667651299.1395583}]}, "version": 435}
{"obj": {"type": "LogFloats", "path": ["training", "val_acc_epoch"], "values": [{"value": 0.7915966510772705, "step": null, "ts": 1667651299.14257}]}, "version": 436}
{"obj": {"type": "LogFloats", "path": ["training", "epoch"], "values": [{"value": 24.0, "step": null, "ts": 1667651299.14522}]}, "version": 437}
{"obj": {"type": "LogStrings", "path": ["monitoring", "stdout"], "values": [{"value": "Accuracy: 0.7878116369247437", "step": null, "ts": 1667651299.1502106}]}, "version": 438}
{"obj": {"type": "LogStrings", "path": ["monitoring", "stdout"], "values": [{"value": "\n", "step": null, "ts": 1667651299.1531296}]}, "version": 439}
{"obj": {"type": "LogFloats", "path": ["training", "train_acc_epoch"], "values": [{"value": 0.7878116369247437, "step": null, "ts": 1667651299.1598616}]}, "version": 440}
{"obj": {"type": "LogFloats", "path": ["training", "epoch"], "values": [{"value": 24.0, "step": null, "ts": 1667651299.1628058}]}, "version": 441}
{"obj": {"type": "LogFloats", "path": ["training", "train_acc_step"], "values": [{"value": 0.8125, "step": null, "ts": 1667651299.7167523}]}, "version": 442}
{"obj": {"type": "LogFloats", "path": ["training", "train_loss"], "values": [{"value": 1.4417524337768555, "step": null, "ts": 1667651299.719013}]}, "version": 443}
{"obj": {"type": "LogFloats", "path": ["training", "epoch"], "values": [{"value": 25.0, "step": null, "ts": 1667651299.7209115}]}, "version": 444}
{"obj": {"type": "LogStrings", "path": ["monitoring", "stdout"], "values": [{"value": "{'progress_bar': {'val_loss': 1.4343767166137695}, 'log': {'val_loss': 1.4343767166137695}, 'val_loss': 1.4343767166137695}", "step": null, "ts": 1667651300.3852475}]}, "version": 445}
{"obj": {"type": "LogStrings", "path": ["monitoring", "stdout"], "values": [{"value": "\n", "step": null, "ts": 1667651300.388791}]}, "version": 446}
{"obj": {"type": "LogStrings", "path": ["monitoring", "stdout"], "values": [{"value": "Accuracy: 0.7882353067398071", "step": null, "ts": 1667651300.391953}]}, "version": 447}
{"obj": {"type": "LogStrings", "path": ["monitoring", "stdout"], "values": [{"value": "\n", "step": null, "ts": 1667651300.3949115}]}, "version": 448}
{"obj": {"type": "LogFloats", "path": ["training", "val_loss"], "values": [{"value": 1.4347832202911377, "step": null, "ts": 1667651300.3978698}]}, "version": 449}
{"obj": {"type": "LogFloats", "path": ["training", "val_acc_step"], "values": [{"value": 0.7882353067398071, "step": null, "ts": 1667651300.4007905}]}, "version": 450}
{"obj": {"type": "LogFloats", "path": ["training", "val_acc_epoch"], "values": [{"value": 0.7882353067398071, "step": null, "ts": 1667651300.4032176}]}, "version": 451}
{"obj": {"type": "LogFloats", "path": ["training", "epoch"], "values": [{"value": 25.0, "step": null, "ts": 1667651300.4055617}]}, "version": 452}
{"obj": {"type": "LogStrings", "path": ["monitoring", "stdout"], "values": [{"value": "Accuracy: 0.7872576117515564", "step": null, "ts": 1667651300.4099674}]}, "version": 453}
{"obj": {"type": "LogStrings", "path": ["monitoring", "stdout"], "values": [{"value": "\n", "step": null, "ts": 1667651300.4121897}]}, "version": 454}
{"obj": {"type": "LogFloats", "path": ["training", "train_acc_epoch"], "values": [{"value": 0.7872576117515564, "step": null, "ts": 1667651300.4184499}]}, "version": 455}
{"obj": {"type": "LogFloats", "path": ["training", "epoch"], "values": [{"value": 25.0, "step": null, "ts": 1667651300.4210546}]}, "version": 456}
{"obj": {"type": "AssignString", "path": ["training", "status"], "value": "success"}, "version": 457}
{"obj": {"type": "LogStrings", "path": ["monitoring", "stdout"], "values": [{"value": "Shutting down background jobs, please wait a moment...\n", "step": null, "ts": 1667651300.588277}]}, "version": 458}
