{"obj": {"type": "AssignString", "path": ["sys", "name"], "value": "Untitled"}, "version": 1}
{"obj": {"type": "AssignString", "path": ["sys", "description"], "value": ""}, "version": 2}
{"obj": {"type": "AssignString", "path": ["sys", "hostname"], "value": "node6"}, "version": 3}
{"obj": {"type": "AssignBool", "path": ["sys", "failed"], "value": false}, "version": 4}
{"obj": {"type": "ClearStringLog", "path": ["monitoring", "stdout"]}, "version": 5}
{"obj": {"type": "ClearStringLog", "path": ["monitoring", "stderr"]}, "version": 6}
{"obj": {"type": "UploadFileSet", "path": ["source_code", "files"], "file_globs": ["/home/aron/BCM_activity_classification/train_model.ipynb", "/home/aron/BCM_activity_classification/model.py", "/home/aron/BCM_activity_classification/BCM_dataset_v2.py"], "reset": "False"}, "version": 7}
{"obj": {"type": "ConfigFloatSeries", "path": ["monitoring", "cpu"], "min": 0.0, "max": 100.0, "unit": "%"}, "version": 8}
{"obj": {"type": "ClearFloatLog", "path": ["monitoring", "cpu"]}, "version": 9}
{"obj": {"type": "ConfigFloatSeries", "path": ["monitoring", "memory"], "min": 0.0, "max": 62.711673736572266, "unit": "GB"}, "version": 10}
{"obj": {"type": "ClearFloatLog", "path": ["monitoring", "memory"]}, "version": 11}
{"obj": {"type": "ConfigFloatSeries", "path": ["monitoring", "gpu_0"], "min": 0.0, "max": 100.0, "unit": "%"}, "version": 12}
{"obj": {"type": "ClearFloatLog", "path": ["monitoring", "gpu_0"]}, "version": 13}
{"obj": {"type": "ConfigFloatSeries", "path": ["monitoring", "gpu_1"], "min": 0.0, "max": 100.0, "unit": "%"}, "version": 14}
{"obj": {"type": "ClearFloatLog", "path": ["monitoring", "gpu_1"]}, "version": 15}
{"obj": {"type": "ConfigFloatSeries", "path": ["monitoring", "gpu_memory_0"], "min": 0.0, "max": 12.0, "unit": "GB"}, "version": 16}
{"obj": {"type": "ClearFloatLog", "path": ["monitoring", "gpu_memory_0"]}, "version": 17}
{"obj": {"type": "ConfigFloatSeries", "path": ["monitoring", "gpu_memory_1"], "min": 0.0, "max": 12.0, "unit": "GB"}, "version": 18}
{"obj": {"type": "ClearFloatLog", "path": ["monitoring", "gpu_memory_1"]}, "version": 19}
{"obj": {"type": "LogFloats", "path": ["monitoring", "cpu"], "values": [{"value": 0.2, "step": null, "ts": 1667482101.1092997}]}, "version": 20}
{"obj": {"type": "LogFloats", "path": ["monitoring", "memory"], "values": [{"value": 4.948539733886719, "step": null, "ts": 1667482101.1092997}]}, "version": 21}
{"obj": {"type": "LogFloats", "path": ["monitoring", "gpu_memory_0"], "values": [{"value": 1.33404541015625, "step": null, "ts": 1667482101.1092997}]}, "version": 22}
{"obj": {"type": "LogStrings", "path": ["monitoring", "stdout"], "values": [{"value": "", "step": null, "ts": 1667482101.1239948}]}, "version": 23}
{"obj": {"type": "LogFloats", "path": ["monitoring", "gpu_memory_1"], "values": [{"value": 0.232177734375, "step": null, "ts": 1667482101.1092997}]}, "version": 24}
{"obj": {"type": "LogStrings", "path": ["monitoring", "stdout"], "values": [{"value": "Remember to stop your run once you\u2019ve finished logging your metadata (https://docs.neptune.ai/api-reference/run#.stop). It will be stopped automatically only when the notebook kernel/interactive console is terminated.\n", "step": null, "ts": 1667482101.1341257}]}, "version": 25}
{"obj": {"type": "AssignString", "path": ["source_code", "integrations", "pytorch-lightning"], "value": "1.7.5"}, "version": 26}
{"obj": {"type": "LogStrings", "path": ["metadata", "file_path"], "values": [{"value": "data/bcm/", "step": null, "ts": 1667482101.8494732}]}, "version": 27}
{"obj": {"type": "LogFloats", "path": ["metadata", "window_size"], "values": [{"value": 3.0, "step": null, "ts": 1667482101.8528814}]}, "version": 28}
{"obj": {"type": "LogFloats", "path": ["metadata", "stride"], "values": [{"value": 0.032, "step": null, "ts": 1667482101.8558922}]}, "version": 29}
{"obj": {"type": "LogFloats", "path": ["metadata", "MFCC_stride"], "values": [{"value": 0.032, "step": null, "ts": 1667482101.8589401}]}, "version": 30}
{"obj": {"type": "LogFloats", "path": ["metadata", "mfccs_pr_window"], "values": [{"value": 93.0, "step": null, "ts": 1667482101.8616676}]}, "version": 31}
{"obj": {"type": "LogFloats", "path": ["metadata", "lr"], "values": [{"value": 0.001, "step": null, "ts": 1667482101.8643222}]}, "version": 32}
{"obj": {"type": "LogFloats", "path": ["metadata", "batch_size"], "values": [{"value": 32.0, "step": null, "ts": 1667482101.8669128}]}, "version": 33}
{"obj": {"type": "LogFloats", "path": ["metadata", "lstm_layers"], "values": [{"value": 1.0, "step": null, "ts": 1667482101.8695889}]}, "version": 34}
{"obj": {"type": "LogFloats", "path": ["metadata", "lstm_hidden_size"], "values": [{"value": 8.0, "step": null, "ts": 1667482101.872146}]}, "version": 35}
{"obj": {"type": "LogFloats", "path": ["metadata", "weight_decay"], "values": [{"value": 0.0, "step": null, "ts": 1667482101.874683}]}, "version": 36}
{"obj": {"type": "LogFloats", "path": ["metadata", "occlusion"], "values": [{"value": 0.0, "step": null, "ts": 1667482101.8771484}]}, "version": 37}
{"obj": {"type": "LogFloats", "path": ["metadata", "seed"], "values": [{"value": 4.0, "step": null, "ts": 1667482101.8796096}]}, "version": 38}
{"obj": {"type": "LogFloats", "path": ["metadata", "train_set_length"], "values": [{"value": 168285.0, "step": null, "ts": 1667482101.8820255}]}, "version": 39}
{"obj": {"type": "LogFloats", "path": ["metadata", "val_set_length"], "values": [{"value": 55785.0, "step": null, "ts": 1667482101.8843818}]}, "version": 40}
{"obj": {"type": "LogStrings", "path": ["monitoring", "stderr"], "values": [{"value": "/home/aron/.local/lib/python3.9/site-packages/pytorch_lightning/core/module.py:555: UserWarning: To copy construct from a tensor, it is recommended to use sourceTensor.clone().detach() or sourceTensor.clone().detach().requires_grad_(True), rather than torch.tensor(sourceTensor).\n  value = torch.tensor(value, device=self.device)\n", "step": null, "ts": 1667482102.1951587}]}, "version": 41}
{"obj": {"type": "LogStrings", "path": ["monitoring", "stdout"], "values": [{"value": "{'progress_bar': {'val_loss': 1.6037204265594482}, 'log': {'val_loss': 1.6037204265594482}, 'val_loss': 1.6037204265594482}", "step": null, "ts": 1667482102.2147205}]}, "version": 42}
{"obj": {"type": "LogStrings", "path": ["monitoring", "stdout"], "values": [{"value": "\n", "step": null, "ts": 1667482102.2262259}]}, "version": 43}
{"obj": {"type": "LogStrings", "path": ["monitoring", "stdout"], "values": [{"value": "Accuracy: 0.203125", "step": null, "ts": 1667482102.2366254}]}, "version": 44}
{"obj": {"type": "LogStrings", "path": ["monitoring", "stdout"], "values": [{"value": "\n", "step": null, "ts": 1667482102.2456565}]}, "version": 45}
{"obj": {"type": "LogFloats", "path": ["training", "train_acc_step"], "values": [{"value": 0.625, "step": null, "ts": 1667482102.8065448}]}, "version": 46}
{"obj": {"type": "LogFloats", "path": ["training", "train_loss"], "values": [{"value": 1.5940572023391724, "step": null, "ts": 1667482102.8098228}]}, "version": 47}
{"obj": {"type": "LogFloats", "path": ["training", "epoch"], "values": [{"value": 0.0, "step": null, "ts": 1667482102.8127964}]}, "version": 48}
{"obj": {"type": "LogFloats", "path": ["training", "train_acc_step"], "values": [{"value": 0.53125, "step": null, "ts": 1667482103.055931}]}, "version": 49}
{"obj": {"type": "LogFloats", "path": ["training", "train_loss"], "values": [{"value": 1.5914479494094849, "step": null, "ts": 1667482103.059432}]}, "version": 50}
{"obj": {"type": "LogFloats", "path": ["training", "epoch"], "values": [{"value": 0.0, "step": null, "ts": 1667482103.0623412}]}, "version": 51}
{"obj": {"type": "LogFloats", "path": ["training", "train_acc_step"], "values": [{"value": 0.4375, "step": null, "ts": 1667482103.3033147}]}, "version": 52}
{"obj": {"type": "LogFloats", "path": ["training", "train_loss"], "values": [{"value": 1.5933241844177246, "step": null, "ts": 1667482103.3063984}]}, "version": 53}
{"obj": {"type": "LogFloats", "path": ["training", "epoch"], "values": [{"value": 0.0, "step": null, "ts": 1667482103.3092294}]}, "version": 54}
{"obj": {"type": "LogFloats", "path": ["training", "train_acc_step"], "values": [{"value": 0.65625, "step": null, "ts": 1667482103.5509613}]}, "version": 55}
{"obj": {"type": "LogFloats", "path": ["training", "train_loss"], "values": [{"value": 1.5716025829315186, "step": null, "ts": 1667482103.5542154}]}, "version": 56}
{"obj": {"type": "LogFloats", "path": ["training", "epoch"], "values": [{"value": 0.0, "step": null, "ts": 1667482103.5573153}]}, "version": 57}
{"obj": {"type": "LogFloats", "path": ["training", "train_acc_step"], "values": [{"value": 0.6875, "step": null, "ts": 1667482103.799735}]}, "version": 58}
{"obj": {"type": "LogFloats", "path": ["training", "train_loss"], "values": [{"value": 1.5584721565246582, "step": null, "ts": 1667482103.8029082}]}, "version": 59}
{"obj": {"type": "LogFloats", "path": ["training", "epoch"], "values": [{"value": 0.0, "step": null, "ts": 1667482103.8058934}]}, "version": 60}
{"obj": {"type": "LogFloats", "path": ["training", "train_acc_step"], "values": [{"value": 0.84375, "step": null, "ts": 1667482104.0457158}]}, "version": 61}
{"obj": {"type": "LogFloats", "path": ["training", "train_loss"], "values": [{"value": 1.539589285850525, "step": null, "ts": 1667482104.0488763}]}, "version": 62}
{"obj": {"type": "LogFloats", "path": ["training", "epoch"], "values": [{"value": 0.0, "step": null, "ts": 1667482104.0515504}]}, "version": 63}
{"obj": {"type": "LogFloats", "path": ["training", "train_acc_step"], "values": [{"value": 0.78125, "step": null, "ts": 1667482104.2913096}]}, "version": 64}
{"obj": {"type": "LogFloats", "path": ["training", "train_loss"], "values": [{"value": 1.5286998748779297, "step": null, "ts": 1667482104.2943828}]}, "version": 65}
{"obj": {"type": "LogFloats", "path": ["training", "epoch"], "values": [{"value": 0.0, "step": null, "ts": 1667482104.297238}]}, "version": 66}
{"obj": {"type": "LogFloats", "path": ["training", "train_acc_step"], "values": [{"value": 0.8125, "step": null, "ts": 1667482104.5566254}]}, "version": 67}
{"obj": {"type": "LogFloats", "path": ["training", "train_loss"], "values": [{"value": 1.5156395435333252, "step": null, "ts": 1667482104.5594392}]}, "version": 68}
{"obj": {"type": "LogFloats", "path": ["training", "epoch"], "values": [{"value": 0.0, "step": null, "ts": 1667482104.5622659}]}, "version": 69}
{"obj": {"type": "LogFloats", "path": ["training", "train_acc_step"], "values": [{"value": 0.75, "step": null, "ts": 1667482104.819959}]}, "version": 70}
{"obj": {"type": "LogFloats", "path": ["training", "train_loss"], "values": [{"value": 1.521211862564087, "step": null, "ts": 1667482104.8231223}]}, "version": 71}
{"obj": {"type": "LogFloats", "path": ["training", "epoch"], "values": [{"value": 0.0, "step": null, "ts": 1667482104.8259132}]}, "version": 72}
{"obj": {"type": "LogFloats", "path": ["training", "train_acc_step"], "values": [{"value": 0.90625, "step": null, "ts": 1667482105.0875537}]}, "version": 73}
{"obj": {"type": "LogFloats", "path": ["training", "train_loss"], "values": [{"value": 1.505563497543335, "step": null, "ts": 1667482105.0905242}]}, "version": 74}
{"obj": {"type": "LogFloats", "path": ["training", "epoch"], "values": [{"value": 0.0, "step": null, "ts": 1667482105.0932934}]}, "version": 75}
{"obj": {"type": "LogFloats", "path": ["training", "train_acc_step"], "values": [{"value": 0.8125, "step": null, "ts": 1667482105.349938}]}, "version": 76}
{"obj": {"type": "LogFloats", "path": ["training", "train_loss"], "values": [{"value": 1.5035959482192993, "step": null, "ts": 1667482105.3534372}]}, "version": 77}
{"obj": {"type": "LogFloats", "path": ["training", "epoch"], "values": [{"value": 0.0, "step": null, "ts": 1667482105.3563566}]}, "version": 78}
{"obj": {"type": "LogFloats", "path": ["training", "train_acc_step"], "values": [{"value": 0.75, "step": null, "ts": 1667482105.621572}]}, "version": 79}
{"obj": {"type": "LogFloats", "path": ["training", "train_loss"], "values": [{"value": 1.4985148906707764, "step": null, "ts": 1667482105.6246014}]}, "version": 80}
{"obj": {"type": "LogFloats", "path": ["training", "epoch"], "values": [{"value": 0.0, "step": null, "ts": 1667482105.627019}]}, "version": 81}
{"obj": {"type": "LogFloats", "path": ["training", "train_acc_step"], "values": [{"value": 0.84375, "step": null, "ts": 1667482105.8931549}]}, "version": 82}
{"obj": {"type": "LogFloats", "path": ["training", "train_loss"], "values": [{"value": 1.4962080717086792, "step": null, "ts": 1667482105.8961449}]}, "version": 83}
{"obj": {"type": "LogFloats", "path": ["training", "epoch"], "values": [{"value": 0.0, "step": null, "ts": 1667482105.8985794}]}, "version": 84}
{"obj": {"type": "LogFloats", "path": ["training", "train_acc_step"], "values": [{"value": 0.78125, "step": null, "ts": 1667482106.160332}]}, "version": 85}
{"obj": {"type": "LogFloats", "path": ["training", "train_loss"], "values": [{"value": 1.491821527481079, "step": null, "ts": 1667482106.1636117}]}, "version": 86}
{"obj": {"type": "LogFloats", "path": ["training", "epoch"], "values": [{"value": 0.0, "step": null, "ts": 1667482106.1661425}]}, "version": 87}
{"obj": {"type": "LogFloats", "path": ["training", "train_acc_step"], "values": [{"value": 0.8125, "step": null, "ts": 1667482106.438737}]}, "version": 88}
{"obj": {"type": "LogFloats", "path": ["training", "train_loss"], "values": [{"value": 1.475964903831482, "step": null, "ts": 1667482106.4412618}]}, "version": 89}
{"obj": {"type": "LogFloats", "path": ["training", "epoch"], "values": [{"value": 0.0, "step": null, "ts": 1667482106.4434044}]}, "version": 90}
{"obj": {"type": "LogFloats", "path": ["training", "train_acc_step"], "values": [{"value": 0.65625, "step": null, "ts": 1667482106.706718}]}, "version": 91}
{"obj": {"type": "LogFloats", "path": ["training", "train_loss"], "values": [{"value": 1.4850072860717773, "step": null, "ts": 1667482106.7094448}]}, "version": 92}
{"obj": {"type": "LogFloats", "path": ["training", "epoch"], "values": [{"value": 0.0, "step": null, "ts": 1667482106.7117763}]}, "version": 93}
{"obj": {"type": "LogFloats", "path": ["training", "train_acc_step"], "values": [{"value": 0.6875, "step": null, "ts": 1667482106.98073}]}, "version": 94}
{"obj": {"type": "LogFloats", "path": ["training", "train_loss"], "values": [{"value": 1.4804141521453857, "step": null, "ts": 1667482106.983865}]}, "version": 95}
{"obj": {"type": "LogFloats", "path": ["training", "epoch"], "values": [{"value": 0.0, "step": null, "ts": 1667482106.9868152}]}, "version": 96}
{"obj": {"type": "LogFloats", "path": ["training", "train_acc_step"], "values": [{"value": 0.875, "step": null, "ts": 1667482107.250551}]}, "version": 97}
{"obj": {"type": "LogFloats", "path": ["training", "train_loss"], "values": [{"value": 1.46453058719635, "step": null, "ts": 1667482107.253723}]}, "version": 98}
{"obj": {"type": "LogFloats", "path": ["training", "epoch"], "values": [{"value": 0.0, "step": null, "ts": 1667482107.2566872}]}, "version": 99}
{"obj": {"type": "LogFloats", "path": ["training", "train_acc_step"], "values": [{"value": 0.84375, "step": null, "ts": 1667482107.4997063}]}, "version": 100}
{"obj": {"type": "LogFloats", "path": ["training", "train_loss"], "values": [{"value": 1.4884223937988281, "step": null, "ts": 1667482107.5028896}]}, "version": 101}
{"obj": {"type": "LogFloats", "path": ["training", "epoch"], "values": [{"value": 0.0, "step": null, "ts": 1667482107.5058768}]}, "version": 102}
{"obj": {"type": "LogFloats", "path": ["training", "train_acc_step"], "values": [{"value": 0.65625, "step": null, "ts": 1667482107.7628155}]}, "version": 103}
{"obj": {"type": "LogFloats", "path": ["training", "train_loss"], "values": [{"value": 1.476547360420227, "step": null, "ts": 1667482107.7661488}]}, "version": 104}
{"obj": {"type": "LogFloats", "path": ["training", "epoch"], "values": [{"value": 0.0, "step": null, "ts": 1667482107.7691746}]}, "version": 105}
{"obj": {"type": "LogFloats", "path": ["training", "train_acc_step"], "values": [{"value": 0.84375, "step": null, "ts": 1667482108.0345888}]}, "version": 106}
{"obj": {"type": "LogFloats", "path": ["training", "train_loss"], "values": [{"value": 1.4672971963882446, "step": null, "ts": 1667482108.037872}]}, "version": 107}
{"obj": {"type": "LogFloats", "path": ["training", "epoch"], "values": [{"value": 0.0, "step": null, "ts": 1667482108.040731}]}, "version": 108}
{"obj": {"type": "LogFloats", "path": ["training", "train_acc_step"], "values": [{"value": 0.90625, "step": null, "ts": 1667482108.3060446}]}, "version": 109}
{"obj": {"type": "LogFloats", "path": ["training", "train_loss"], "values": [{"value": 1.4642884731292725, "step": null, "ts": 1667482108.3095465}]}, "version": 110}
{"obj": {"type": "LogFloats", "path": ["training", "epoch"], "values": [{"value": 0.0, "step": null, "ts": 1667482108.3122613}]}, "version": 111}
{"obj": {"type": "LogFloats", "path": ["training", "train_acc_step"], "values": [{"value": 0.84375, "step": null, "ts": 1667482108.577503}]}, "version": 112}
{"obj": {"type": "LogFloats", "path": ["training", "train_loss"], "values": [{"value": 1.4624547958374023, "step": null, "ts": 1667482108.5808177}]}, "version": 113}
{"obj": {"type": "LogFloats", "path": ["training", "epoch"], "values": [{"value": 0.0, "step": null, "ts": 1667482108.5836778}]}, "version": 114}
{"obj": {"type": "LogFloats", "path": ["training", "train_acc_step"], "values": [{"value": 0.9375, "step": null, "ts": 1667482108.8463192}]}, "version": 115}
{"obj": {"type": "LogFloats", "path": ["training", "train_loss"], "values": [{"value": 1.446699619293213, "step": null, "ts": 1667482108.849591}]}, "version": 116}
{"obj": {"type": "LogFloats", "path": ["training", "epoch"], "values": [{"value": 0.0, "step": null, "ts": 1667482108.852224}]}, "version": 117}
{"obj": {"type": "LogFloats", "path": ["training", "train_acc_step"], "values": [{"value": 0.9375, "step": null, "ts": 1667482109.0819924}]}, "version": 118}
{"obj": {"type": "LogFloats", "path": ["training", "train_loss"], "values": [{"value": 1.4536936283111572, "step": null, "ts": 1667482109.08454}]}, "version": 119}
{"obj": {"type": "LogFloats", "path": ["training", "epoch"], "values": [{"value": 0.0, "step": null, "ts": 1667482109.0870345}]}, "version": 120}
{"obj": {"type": "LogFloats", "path": ["training", "train_acc_step"], "values": [{"value": 0.90625, "step": null, "ts": 1667482109.3435347}]}, "version": 121}
{"obj": {"type": "LogFloats", "path": ["training", "train_loss"], "values": [{"value": 1.4528746604919434, "step": null, "ts": 1667482109.3463247}]}, "version": 122}
{"obj": {"type": "LogFloats", "path": ["training", "epoch"], "values": [{"value": 0.0, "step": null, "ts": 1667482109.3493373}]}, "version": 123}
{"obj": {"type": "LogFloats", "path": ["training", "train_acc_step"], "values": [{"value": 0.84375, "step": null, "ts": 1667482109.5798218}]}, "version": 124}
{"obj": {"type": "LogFloats", "path": ["training", "train_loss"], "values": [{"value": 1.4481532573699951, "step": null, "ts": 1667482109.582723}]}, "version": 125}
{"obj": {"type": "LogFloats", "path": ["training", "epoch"], "values": [{"value": 0.0, "step": null, "ts": 1667482109.5856307}]}, "version": 126}
{"obj": {"type": "LogFloats", "path": ["training", "train_acc_step"], "values": [{"value": 0.71875, "step": null, "ts": 1667482109.8132412}]}, "version": 127}
{"obj": {"type": "LogFloats", "path": ["training", "train_loss"], "values": [{"value": 1.4631668329238892, "step": null, "ts": 1667482109.816329}]}, "version": 128}
{"obj": {"type": "LogFloats", "path": ["training", "epoch"], "values": [{"value": 0.0, "step": null, "ts": 1667482109.8186936}]}, "version": 129}
{"obj": {"type": "LogFloats", "path": ["training", "train_acc_step"], "values": [{"value": 0.8125, "step": null, "ts": 1667482110.0458348}]}, "version": 130}
{"obj": {"type": "LogFloats", "path": ["training", "train_loss"], "values": [{"value": 1.460252046585083, "step": null, "ts": 1667482110.0491045}]}, "version": 131}
{"obj": {"type": "LogFloats", "path": ["training", "epoch"], "values": [{"value": 0.0, "step": null, "ts": 1667482110.0516098}]}, "version": 132}
{"obj": {"type": "LogFloats", "path": ["training", "train_acc_step"], "values": [{"value": 0.625, "step": null, "ts": 1667482110.278536}]}, "version": 133}
{"obj": {"type": "LogFloats", "path": ["training", "train_loss"], "values": [{"value": 1.4720501899719238, "step": null, "ts": 1667482110.2816496}]}, "version": 134}
{"obj": {"type": "LogFloats", "path": ["training", "epoch"], "values": [{"value": 0.0, "step": null, "ts": 1667482110.2844303}]}, "version": 135}
{"obj": {"type": "LogFloats", "path": ["training", "train_acc_step"], "values": [{"value": 0.78125, "step": null, "ts": 1667482110.5117342}]}, "version": 136}
{"obj": {"type": "LogFloats", "path": ["training", "train_loss"], "values": [{"value": 1.449193000793457, "step": null, "ts": 1667482110.514912}]}, "version": 137}
{"obj": {"type": "LogFloats", "path": ["training", "epoch"], "values": [{"value": 0.0, "step": null, "ts": 1667482110.5180318}]}, "version": 138}
{"obj": {"type": "LogFloats", "path": ["training", "train_acc_step"], "values": [{"value": 0.8125, "step": null, "ts": 1667482110.7456622}]}, "version": 139}
{"obj": {"type": "LogFloats", "path": ["training", "train_loss"], "values": [{"value": 1.44922935962677, "step": null, "ts": 1667482110.7488246}]}, "version": 140}
{"obj": {"type": "LogFloats", "path": ["training", "epoch"], "values": [{"value": 0.0, "step": null, "ts": 1667482110.7517478}]}, "version": 141}
{"obj": {"type": "LogFloats", "path": ["training", "train_acc_step"], "values": [{"value": 0.90625, "step": null, "ts": 1667482110.9798782}]}, "version": 142}
{"obj": {"type": "LogFloats", "path": ["training", "train_loss"], "values": [{"value": 1.4548578262329102, "step": null, "ts": 1667482110.9827645}]}, "version": 143}
{"obj": {"type": "LogFloats", "path": ["training", "epoch"], "values": [{"value": 0.0, "step": null, "ts": 1667482110.9857173}]}, "version": 144}
{"obj": {"type": "LogFloats", "path": ["monitoring", "cpu"], "values": [{"value": 7.5, "step": null, "ts": 1667482111.128273}]}, "version": 145}
{"obj": {"type": "LogFloats", "path": ["monitoring", "memory"], "values": [{"value": 5.258464813232422, "step": null, "ts": 1667482111.128273}]}, "version": 146}
{"obj": {"type": "LogFloats", "path": ["monitoring", "gpu_0"], "values": [{"value": 16.0, "step": null, "ts": 1667482111.128273}]}, "version": 147}
{"obj": {"type": "LogFloats", "path": ["monitoring", "gpu_memory_0"], "values": [{"value": 1.35748291015625, "step": null, "ts": 1667482111.128273}]}, "version": 148}
{"obj": {"type": "LogFloats", "path": ["monitoring", "gpu_memory_1"], "values": [{"value": 0.232177734375, "step": null, "ts": 1667482111.128273}]}, "version": 149}
{"obj": {"type": "LogFloats", "path": ["training", "train_acc_step"], "values": [{"value": 0.875, "step": null, "ts": 1667482111.2160866}]}, "version": 150}
{"obj": {"type": "LogFloats", "path": ["training", "train_loss"], "values": [{"value": 1.454532265663147, "step": null, "ts": 1667482111.2191122}]}, "version": 151}
{"obj": {"type": "LogFloats", "path": ["training", "epoch"], "values": [{"value": 0.0, "step": null, "ts": 1667482111.221994}]}, "version": 152}
{"obj": {"type": "LogFloats", "path": ["training", "train_acc_step"], "values": [{"value": 0.6875, "step": null, "ts": 1667482111.4495828}]}, "version": 153}
{"obj": {"type": "LogFloats", "path": ["training", "train_loss"], "values": [{"value": 1.4624069929122925, "step": null, "ts": 1667482111.4528556}]}, "version": 154}
{"obj": {"type": "LogFloats", "path": ["training", "epoch"], "values": [{"value": 0.0, "step": null, "ts": 1667482111.4556286}]}, "version": 155}
{"obj": {"type": "LogFloats", "path": ["training", "train_acc_step"], "values": [{"value": 0.75, "step": null, "ts": 1667482111.6849606}]}, "version": 156}
{"obj": {"type": "LogFloats", "path": ["training", "train_loss"], "values": [{"value": 1.466209888458252, "step": null, "ts": 1667482111.6881132}]}, "version": 157}
{"obj": {"type": "LogFloats", "path": ["training", "epoch"], "values": [{"value": 0.0, "step": null, "ts": 1667482111.690897}]}, "version": 158}
{"obj": {"type": "LogFloats", "path": ["training", "train_acc_step"], "values": [{"value": 0.78125, "step": null, "ts": 1667482111.9185455}]}, "version": 159}
{"obj": {"type": "LogFloats", "path": ["training", "train_loss"], "values": [{"value": 1.4581184387207031, "step": null, "ts": 1667482111.9217286}]}, "version": 160}
{"obj": {"type": "LogFloats", "path": ["training", "epoch"], "values": [{"value": 0.0, "step": null, "ts": 1667482111.924918}]}, "version": 161}
{"obj": {"type": "LogFloats", "path": ["training", "train_acc_step"], "values": [{"value": 0.6875, "step": null, "ts": 1667482112.1577294}]}, "version": 162}
{"obj": {"type": "LogFloats", "path": ["training", "train_loss"], "values": [{"value": 1.453380823135376, "step": null, "ts": 1667482112.1611183}]}, "version": 163}
{"obj": {"type": "LogFloats", "path": ["training", "epoch"], "values": [{"value": 0.0, "step": null, "ts": 1667482112.1639736}]}, "version": 164}
{"obj": {"type": "LogFloats", "path": ["training", "train_acc_step"], "values": [{"value": 0.84375, "step": null, "ts": 1667482112.3926034}]}, "version": 165}
{"obj": {"type": "LogFloats", "path": ["training", "train_loss"], "values": [{"value": 1.4530543088912964, "step": null, "ts": 1667482112.3958645}]}, "version": 166}
{"obj": {"type": "LogFloats", "path": ["training", "epoch"], "values": [{"value": 0.0, "step": null, "ts": 1667482112.3987691}]}, "version": 167}
{"obj": {"type": "LogFloats", "path": ["training", "train_acc_step"], "values": [{"value": 0.96875, "step": null, "ts": 1667482112.6274858}]}, "version": 168}
{"obj": {"type": "LogFloats", "path": ["training", "train_loss"], "values": [{"value": 1.4375805854797363, "step": null, "ts": 1667482112.6305237}]}, "version": 169}
{"obj": {"type": "LogFloats", "path": ["training", "epoch"], "values": [{"value": 0.0, "step": null, "ts": 1667482112.6333435}]}, "version": 170}
{"obj": {"type": "LogFloats", "path": ["training", "train_acc_step"], "values": [{"value": 0.78125, "step": null, "ts": 1667482112.8615468}]}, "version": 171}
{"obj": {"type": "LogFloats", "path": ["training", "train_loss"], "values": [{"value": 1.456958532333374, "step": null, "ts": 1667482112.8647544}]}, "version": 172}
{"obj": {"type": "LogFloats", "path": ["training", "epoch"], "values": [{"value": 0.0, "step": null, "ts": 1667482112.867647}]}, "version": 173}
{"obj": {"type": "LogFloats", "path": ["training", "train_acc_step"], "values": [{"value": 0.6875, "step": null, "ts": 1667482113.0958445}]}, "version": 174}
{"obj": {"type": "LogFloats", "path": ["training", "train_loss"], "values": [{"value": 1.4586875438690186, "step": null, "ts": 1667482113.09892}]}, "version": 175}
{"obj": {"type": "LogFloats", "path": ["training", "epoch"], "values": [{"value": 0.0, "step": null, "ts": 1667482113.101952}]}, "version": 176}
{"obj": {"type": "LogFloats", "path": ["training", "train_acc_step"], "values": [{"value": 0.78125, "step": null, "ts": 1667482113.3317113}]}, "version": 177}
{"obj": {"type": "LogFloats", "path": ["training", "train_loss"], "values": [{"value": 1.4402801990509033, "step": null, "ts": 1667482113.334815}]}, "version": 178}
{"obj": {"type": "LogFloats", "path": ["training", "epoch"], "values": [{"value": 0.0, "step": null, "ts": 1667482113.337793}]}, "version": 179}
{"obj": {"type": "LogFloats", "path": ["training", "train_acc_step"], "values": [{"value": 0.8125, "step": null, "ts": 1667482113.5647886}]}, "version": 180}
{"obj": {"type": "LogFloats", "path": ["training", "train_loss"], "values": [{"value": 1.4646015167236328, "step": null, "ts": 1667482113.567953}]}, "version": 181}
{"obj": {"type": "LogFloats", "path": ["training", "epoch"], "values": [{"value": 0.0, "step": null, "ts": 1667482113.5711823}]}, "version": 182}
{"obj": {"type": "LogFloats", "path": ["training", "train_acc_step"], "values": [{"value": 0.78125, "step": null, "ts": 1667482113.7991729}]}, "version": 183}
{"obj": {"type": "LogFloats", "path": ["training", "train_loss"], "values": [{"value": 1.446549892425537, "step": null, "ts": 1667482113.804071}]}, "version": 184}
{"obj": {"type": "LogFloats", "path": ["training", "epoch"], "values": [{"value": 0.0, "step": null, "ts": 1667482113.8074439}]}, "version": 185}
{"obj": {"type": "LogFloats", "path": ["training", "train_acc_step"], "values": [{"value": 0.90625, "step": null, "ts": 1667482114.035222}]}, "version": 186}
{"obj": {"type": "LogFloats", "path": ["training", "train_loss"], "values": [{"value": 1.4391567707061768, "step": null, "ts": 1667482114.0381227}]}, "version": 187}
{"obj": {"type": "LogFloats", "path": ["training", "epoch"], "values": [{"value": 0.0, "step": null, "ts": 1667482114.0410001}]}, "version": 188}
{"obj": {"type": "LogFloats", "path": ["training", "train_acc_step"], "values": [{"value": 0.78125, "step": null, "ts": 1667482114.2692747}]}, "version": 189}
{"obj": {"type": "LogFloats", "path": ["training", "train_loss"], "values": [{"value": 1.4594581127166748, "step": null, "ts": 1667482114.2722766}]}, "version": 190}
{"obj": {"type": "LogFloats", "path": ["training", "epoch"], "values": [{"value": 0.0, "step": null, "ts": 1667482114.2753136}]}, "version": 191}
{"obj": {"type": "LogFloats", "path": ["training", "train_acc_step"], "values": [{"value": 0.8125, "step": null, "ts": 1667482114.5034547}]}, "version": 192}
{"obj": {"type": "LogFloats", "path": ["training", "train_loss"], "values": [{"value": 1.4436805248260498, "step": null, "ts": 1667482114.5067663}]}, "version": 193}
{"obj": {"type": "LogFloats", "path": ["training", "epoch"], "values": [{"value": 0.0, "step": null, "ts": 1667482114.5099664}]}, "version": 194}
{"obj": {"type": "LogFloats", "path": ["training", "train_acc_step"], "values": [{"value": 0.625, "step": null, "ts": 1667482114.7374947}]}, "version": 195}
{"obj": {"type": "LogFloats", "path": ["training", "train_loss"], "values": [{"value": 1.452967882156372, "step": null, "ts": 1667482114.7407334}]}, "version": 196}
{"obj": {"type": "LogFloats", "path": ["training", "epoch"], "values": [{"value": 0.0, "step": null, "ts": 1667482114.743537}]}, "version": 197}
{"obj": {"type": "LogFloats", "path": ["training", "train_acc_step"], "values": [{"value": 0.78125, "step": null, "ts": 1667482114.9715214}]}, "version": 198}
{"obj": {"type": "LogFloats", "path": ["training", "train_loss"], "values": [{"value": 1.461487054824829, "step": null, "ts": 1667482114.97429}]}, "version": 199}
{"obj": {"type": "LogFloats", "path": ["training", "epoch"], "values": [{"value": 0.0, "step": null, "ts": 1667482114.9766943}]}, "version": 200}
{"obj": {"type": "LogFloats", "path": ["training", "train_acc_step"], "values": [{"value": 0.875, "step": null, "ts": 1667482115.2039049}]}, "version": 201}
{"obj": {"type": "LogFloats", "path": ["training", "train_loss"], "values": [{"value": 1.461857557296753, "step": null, "ts": 1667482115.2069697}]}, "version": 202}
{"obj": {"type": "LogFloats", "path": ["training", "epoch"], "values": [{"value": 0.0, "step": null, "ts": 1667482115.2099488}]}, "version": 203}
{"obj": {"type": "LogFloats", "path": ["training", "train_acc_step"], "values": [{"value": 0.84375, "step": null, "ts": 1667482115.4443264}]}, "version": 204}
{"obj": {"type": "LogFloats", "path": ["training", "train_loss"], "values": [{"value": 1.4455797672271729, "step": null, "ts": 1667482115.4474893}]}, "version": 205}
{"obj": {"type": "LogFloats", "path": ["training", "epoch"], "values": [{"value": 0.0, "step": null, "ts": 1667482115.4501686}]}, "version": 206}
{"obj": {"type": "LogFloats", "path": ["training", "train_acc_step"], "values": [{"value": 0.90625, "step": null, "ts": 1667482115.6833982}]}, "version": 207}
{"obj": {"type": "LogFloats", "path": ["training", "train_loss"], "values": [{"value": 1.4323983192443848, "step": null, "ts": 1667482115.6865094}]}, "version": 208}
{"obj": {"type": "LogFloats", "path": ["training", "epoch"], "values": [{"value": 0.0, "step": null, "ts": 1667482115.6888316}]}, "version": 209}
{"obj": {"type": "LogFloats", "path": ["training", "train_acc_step"], "values": [{"value": 0.875, "step": null, "ts": 1667482115.9161093}]}, "version": 210}
{"obj": {"type": "LogFloats", "path": ["training", "train_loss"], "values": [{"value": 1.4352986812591553, "step": null, "ts": 1667482115.91927}]}, "version": 211}
{"obj": {"type": "LogFloats", "path": ["training", "epoch"], "values": [{"value": 0.0, "step": null, "ts": 1667482115.9221454}]}, "version": 212}
{"obj": {"type": "LogFloats", "path": ["training", "train_acc_step"], "values": [{"value": 0.75, "step": null, "ts": 1667482116.14723}]}, "version": 213}
{"obj": {"type": "LogFloats", "path": ["training", "train_loss"], "values": [{"value": 1.4455254077911377, "step": null, "ts": 1667482116.1504247}]}, "version": 214}
{"obj": {"type": "LogFloats", "path": ["training", "epoch"], "values": [{"value": 0.0, "step": null, "ts": 1667482116.1534336}]}, "version": 215}
{"obj": {"type": "LogFloats", "path": ["training", "train_acc_step"], "values": [{"value": 0.8125, "step": null, "ts": 1667482116.3797765}]}, "version": 216}
{"obj": {"type": "LogFloats", "path": ["training", "train_loss"], "values": [{"value": 1.4495172500610352, "step": null, "ts": 1667482116.382789}]}, "version": 217}
{"obj": {"type": "LogFloats", "path": ["training", "epoch"], "values": [{"value": 0.0, "step": null, "ts": 1667482116.3854597}]}, "version": 218}
{"obj": {"type": "LogFloats", "path": ["training", "train_acc_step"], "values": [{"value": 0.84375, "step": null, "ts": 1667482116.612846}]}, "version": 219}
{"obj": {"type": "LogFloats", "path": ["training", "train_loss"], "values": [{"value": 1.4440066814422607, "step": null, "ts": 1667482116.61594}]}, "version": 220}
{"obj": {"type": "LogFloats", "path": ["training", "epoch"], "values": [{"value": 0.0, "step": null, "ts": 1667482116.6186526}]}, "version": 221}
{"obj": {"type": "LogFloats", "path": ["training", "train_acc_step"], "values": [{"value": 0.78125, "step": null, "ts": 1667482116.8429127}]}, "version": 222}
{"obj": {"type": "LogFloats", "path": ["training", "train_loss"], "values": [{"value": 1.4480886459350586, "step": null, "ts": 1667482116.8458135}]}, "version": 223}
{"obj": {"type": "LogFloats", "path": ["training", "epoch"], "values": [{"value": 0.0, "step": null, "ts": 1667482116.8482075}]}, "version": 224}
{"obj": {"type": "LogFloats", "path": ["training", "train_acc_step"], "values": [{"value": 0.71875, "step": null, "ts": 1667482117.0711102}]}, "version": 225}
{"obj": {"type": "LogFloats", "path": ["training", "train_loss"], "values": [{"value": 1.4474072456359863, "step": null, "ts": 1667482117.0743718}]}, "version": 226}
{"obj": {"type": "LogFloats", "path": ["training", "epoch"], "values": [{"value": 0.0, "step": null, "ts": 1667482117.0772257}]}, "version": 227}
{"obj": {"type": "LogFloats", "path": ["training", "train_acc_step"], "values": [{"value": 0.875, "step": null, "ts": 1667482117.3075619}]}, "version": 228}
{"obj": {"type": "LogFloats", "path": ["training", "train_loss"], "values": [{"value": 1.449474811553955, "step": null, "ts": 1667482117.3106365}]}, "version": 229}
{"obj": {"type": "LogFloats", "path": ["training", "epoch"], "values": [{"value": 0.0, "step": null, "ts": 1667482117.3129826}]}, "version": 230}
{"obj": {"type": "LogFloats", "path": ["training", "train_acc_step"], "values": [{"value": 0.8125, "step": null, "ts": 1667482117.5475824}]}, "version": 231}
{"obj": {"type": "LogFloats", "path": ["training", "train_loss"], "values": [{"value": 1.4401944875717163, "step": null, "ts": 1667482117.550745}]}, "version": 232}
{"obj": {"type": "LogFloats", "path": ["training", "epoch"], "values": [{"value": 0.0, "step": null, "ts": 1667482117.5535192}]}, "version": 233}
{"obj": {"type": "LogFloats", "path": ["training", "train_acc_step"], "values": [{"value": 0.6875, "step": null, "ts": 1667482117.7858307}]}, "version": 234}
{"obj": {"type": "LogFloats", "path": ["training", "train_loss"], "values": [{"value": 1.454670786857605, "step": null, "ts": 1667482117.7887778}]}, "version": 235}
{"obj": {"type": "LogFloats", "path": ["training", "epoch"], "values": [{"value": 0.0, "step": null, "ts": 1667482117.7912476}]}, "version": 236}
{"obj": {"type": "LogFloats", "path": ["training", "train_acc_step"], "values": [{"value": 0.8125, "step": null, "ts": 1667482118.0247738}]}, "version": 237}
{"obj": {"type": "LogFloats", "path": ["training", "train_loss"], "values": [{"value": 1.4460361003875732, "step": null, "ts": 1667482118.0275288}]}, "version": 238}
{"obj": {"type": "LogFloats", "path": ["training", "epoch"], "values": [{"value": 0.0, "step": null, "ts": 1667482118.0300872}]}, "version": 239}
{"obj": {"type": "LogFloats", "path": ["training", "train_acc_step"], "values": [{"value": 0.78125, "step": null, "ts": 1667482118.2549434}]}, "version": 240}
{"obj": {"type": "LogFloats", "path": ["training", "train_loss"], "values": [{"value": 1.4474291801452637, "step": null, "ts": 1667482118.2579234}]}, "version": 241}
{"obj": {"type": "LogFloats", "path": ["training", "epoch"], "values": [{"value": 0.0, "step": null, "ts": 1667482118.2606175}]}, "version": 242}
{"obj": {"type": "LogFloats", "path": ["training", "train_acc_step"], "values": [{"value": 0.78125, "step": null, "ts": 1667482118.478201}]}, "version": 243}
{"obj": {"type": "LogFloats", "path": ["training", "train_loss"], "values": [{"value": 1.456087589263916, "step": null, "ts": 1667482118.4813516}]}, "version": 244}
{"obj": {"type": "LogFloats", "path": ["training", "epoch"], "values": [{"value": 0.0, "step": null, "ts": 1667482118.4837856}]}, "version": 245}
{"obj": {"type": "LogFloats", "path": ["training", "train_acc_step"], "values": [{"value": 0.75, "step": null, "ts": 1667482118.702199}]}, "version": 246}
{"obj": {"type": "LogFloats", "path": ["training", "train_loss"], "values": [{"value": 1.448382019996643, "step": null, "ts": 1667482118.7053688}]}, "version": 247}
{"obj": {"type": "LogFloats", "path": ["training", "epoch"], "values": [{"value": 0.0, "step": null, "ts": 1667482118.7079854}]}, "version": 248}
{"obj": {"type": "LogFloats", "path": ["training", "train_acc_step"], "values": [{"value": 0.75, "step": null, "ts": 1667482118.9305007}]}, "version": 249}
{"obj": {"type": "LogFloats", "path": ["training", "train_loss"], "values": [{"value": 1.460843563079834, "step": null, "ts": 1667482118.933772}]}, "version": 250}
{"obj": {"type": "LogFloats", "path": ["training", "epoch"], "values": [{"value": 0.0, "step": null, "ts": 1667482118.9365325}]}, "version": 251}
{"obj": {"type": "LogFloats", "path": ["training", "train_acc_step"], "values": [{"value": 0.65625, "step": null, "ts": 1667482119.1559267}]}, "version": 252}
{"obj": {"type": "LogFloats", "path": ["training", "train_loss"], "values": [{"value": 1.4712445735931396, "step": null, "ts": 1667482119.1590457}]}, "version": 253}
{"obj": {"type": "LogFloats", "path": ["training", "epoch"], "values": [{"value": 0.0, "step": null, "ts": 1667482119.1617212}]}, "version": 254}
{"obj": {"type": "LogFloats", "path": ["training", "train_acc_step"], "values": [{"value": 0.78125, "step": null, "ts": 1667482119.3812814}]}, "version": 255}
{"obj": {"type": "LogFloats", "path": ["training", "train_loss"], "values": [{"value": 1.4458887577056885, "step": null, "ts": 1667482119.3843472}]}, "version": 256}
{"obj": {"type": "LogFloats", "path": ["training", "epoch"], "values": [{"value": 0.0, "step": null, "ts": 1667482119.3868809}]}, "version": 257}
{"obj": {"type": "LogFloats", "path": ["training", "train_acc_step"], "values": [{"value": 0.78125, "step": null, "ts": 1667482119.6071765}]}, "version": 258}
{"obj": {"type": "LogFloats", "path": ["training", "train_loss"], "values": [{"value": 1.458357334136963, "step": null, "ts": 1667482119.6103396}]}, "version": 259}
{"obj": {"type": "LogFloats", "path": ["training", "epoch"], "values": [{"value": 0.0, "step": null, "ts": 1667482119.6130984}]}, "version": 260}
{"obj": {"type": "LogFloats", "path": ["training", "train_acc_step"], "values": [{"value": 0.71875, "step": null, "ts": 1667482119.8333006}]}, "version": 261}
{"obj": {"type": "LogFloats", "path": ["training", "train_loss"], "values": [{"value": 1.457981824874878, "step": null, "ts": 1667482119.836471}]}, "version": 262}
{"obj": {"type": "LogFloats", "path": ["training", "epoch"], "values": [{"value": 0.0, "step": null, "ts": 1667482119.8392158}]}, "version": 263}
{"obj": {"type": "LogFloats", "path": ["training", "train_acc_step"], "values": [{"value": 0.8125, "step": null, "ts": 1667482120.0602627}]}, "version": 264}
{"obj": {"type": "LogFloats", "path": ["training", "train_loss"], "values": [{"value": 1.452845811843872, "step": null, "ts": 1667482120.063113}]}, "version": 265}
{"obj": {"type": "LogFloats", "path": ["training", "epoch"], "values": [{"value": 0.0, "step": null, "ts": 1667482120.065573}]}, "version": 266}
{"obj": {"type": "LogFloats", "path": ["training", "train_acc_step"], "values": [{"value": 0.71875, "step": null, "ts": 1667482120.2848945}]}, "version": 267}
{"obj": {"type": "LogFloats", "path": ["training", "train_loss"], "values": [{"value": 1.4474339485168457, "step": null, "ts": 1667482120.2880385}]}, "version": 268}
{"obj": {"type": "LogFloats", "path": ["training", "epoch"], "values": [{"value": 0.0, "step": null, "ts": 1667482120.2906911}]}, "version": 269}
{"obj": {"type": "LogFloats", "path": ["training", "train_acc_step"], "values": [{"value": 0.75, "step": null, "ts": 1667482120.5123284}]}, "version": 270}
{"obj": {"type": "LogFloats", "path": ["training", "train_loss"], "values": [{"value": 1.442697286605835, "step": null, "ts": 1667482120.5154877}]}, "version": 271}
{"obj": {"type": "LogFloats", "path": ["training", "epoch"], "values": [{"value": 0.0, "step": null, "ts": 1667482120.518444}]}, "version": 272}
{"obj": {"type": "LogFloats", "path": ["training", "train_acc_step"], "values": [{"value": 0.875, "step": null, "ts": 1667482120.7401154}]}, "version": 273}
{"obj": {"type": "LogFloats", "path": ["training", "train_loss"], "values": [{"value": 1.4362454414367676, "step": null, "ts": 1667482120.743509}]}, "version": 274}
{"obj": {"type": "LogFloats", "path": ["training", "epoch"], "values": [{"value": 0.0, "step": null, "ts": 1667482120.7465637}]}, "version": 275}
{"obj": {"type": "LogFloats", "path": ["training", "train_acc_step"], "values": [{"value": 0.625, "step": null, "ts": 1667482120.9683528}]}, "version": 276}
{"obj": {"type": "LogFloats", "path": ["training", "train_loss"], "values": [{"value": 1.464604377746582, "step": null, "ts": 1667482120.9715796}]}, "version": 277}
{"obj": {"type": "LogFloats", "path": ["training", "epoch"], "values": [{"value": 0.0, "step": null, "ts": 1667482120.9745653}]}, "version": 278}
{"obj": {"type": "LogFloats", "path": ["monitoring", "cpu"], "values": [{"value": 7.1, "step": null, "ts": 1667482121.1459796}]}, "version": 279}
{"obj": {"type": "LogFloats", "path": ["monitoring", "memory"], "values": [{"value": 5.289829254150391, "step": null, "ts": 1667482121.1459796}]}, "version": 280}
{"obj": {"type": "LogFloats", "path": ["monitoring", "gpu_0"], "values": [{"value": 16.0, "step": null, "ts": 1667482121.1459796}]}, "version": 281}
{"obj": {"type": "LogFloats", "path": ["monitoring", "gpu_memory_0"], "values": [{"value": 1.35943603515625, "step": null, "ts": 1667482121.1459796}]}, "version": 282}
{"obj": {"type": "LogFloats", "path": ["monitoring", "gpu_memory_1"], "values": [{"value": 0.232177734375, "step": null, "ts": 1667482121.1459796}]}, "version": 283}
{"obj": {"type": "LogFloats", "path": ["training", "train_acc_step"], "values": [{"value": 0.84375, "step": null, "ts": 1667482121.197061}]}, "version": 284}
{"obj": {"type": "LogFloats", "path": ["training", "train_loss"], "values": [{"value": 1.438151478767395, "step": null, "ts": 1667482121.2001245}]}, "version": 285}
{"obj": {"type": "LogFloats", "path": ["training", "epoch"], "values": [{"value": 0.0, "step": null, "ts": 1667482121.202953}]}, "version": 286}
{"obj": {"type": "LogFloats", "path": ["training", "train_acc_step"], "values": [{"value": 0.75, "step": null, "ts": 1667482121.427033}]}, "version": 287}
{"obj": {"type": "LogFloats", "path": ["training", "train_loss"], "values": [{"value": 1.4467873573303223, "step": null, "ts": 1667482121.4302118}]}, "version": 288}
{"obj": {"type": "LogFloats", "path": ["training", "epoch"], "values": [{"value": 0.0, "step": null, "ts": 1667482121.4330657}]}, "version": 289}
{"obj": {"type": "LogFloats", "path": ["training", "train_acc_step"], "values": [{"value": 0.75, "step": null, "ts": 1667482121.6537597}]}, "version": 290}
{"obj": {"type": "LogFloats", "path": ["training", "train_loss"], "values": [{"value": 1.4462597370147705, "step": null, "ts": 1667482121.657151}]}, "version": 291}
{"obj": {"type": "LogFloats", "path": ["training", "epoch"], "values": [{"value": 0.0, "step": null, "ts": 1667482121.6599894}]}, "version": 292}
{"obj": {"type": "LogFloats", "path": ["training", "train_acc_step"], "values": [{"value": 0.84375, "step": null, "ts": 1667482121.8848066}]}, "version": 293}
{"obj": {"type": "LogFloats", "path": ["training", "train_loss"], "values": [{"value": 1.4340879917144775, "step": null, "ts": 1667482121.887529}]}, "version": 294}
{"obj": {"type": "LogFloats", "path": ["training", "epoch"], "values": [{"value": 0.0, "step": null, "ts": 1667482121.8898413}]}, "version": 295}
{"obj": {"type": "LogFloats", "path": ["training", "train_acc_step"], "values": [{"value": 0.875, "step": null, "ts": 1667482122.1124818}]}, "version": 296}
{"obj": {"type": "LogFloats", "path": ["training", "train_loss"], "values": [{"value": 1.4456095695495605, "step": null, "ts": 1667482122.1155236}]}, "version": 297}
{"obj": {"type": "LogFloats", "path": ["training", "epoch"], "values": [{"value": 0.0, "step": null, "ts": 1667482122.1183126}]}, "version": 298}
{"obj": {"type": "LogFloats", "path": ["training", "train_acc_step"], "values": [{"value": 0.78125, "step": null, "ts": 1667482122.5163913}]}, "version": 299}
{"obj": {"type": "LogFloats", "path": ["training", "train_loss"], "values": [{"value": 1.448981761932373, "step": null, "ts": 1667482122.519478}]}, "version": 300}
{"obj": {"type": "LogFloats", "path": ["training", "epoch"], "values": [{"value": 0.0, "step": null, "ts": 1667482122.5222456}]}, "version": 301}
{"obj": {"type": "LogFloats", "path": ["training", "train_acc_step"], "values": [{"value": 0.625, "step": null, "ts": 1667482122.7471397}]}, "version": 302}
{"obj": {"type": "LogFloats", "path": ["training", "train_loss"], "values": [{"value": 1.4511128664016724, "step": null, "ts": 1667482122.7503772}]}, "version": 303}
{"obj": {"type": "LogFloats", "path": ["training", "epoch"], "values": [{"value": 0.0, "step": null, "ts": 1667482122.753214}]}, "version": 304}
{"obj": {"type": "LogFloats", "path": ["training", "train_acc_step"], "values": [{"value": 0.78125, "step": null, "ts": 1667482122.978189}]}, "version": 305}
{"obj": {"type": "LogFloats", "path": ["training", "train_loss"], "values": [{"value": 1.44663405418396, "step": null, "ts": 1667482122.9812312}]}, "version": 306}
{"obj": {"type": "LogFloats", "path": ["training", "epoch"], "values": [{"value": 0.0, "step": null, "ts": 1667482122.9839773}]}, "version": 307}
{"obj": {"type": "LogFloats", "path": ["training", "train_acc_step"], "values": [{"value": 0.6875, "step": null, "ts": 1667482123.207594}]}, "version": 308}
{"obj": {"type": "LogFloats", "path": ["training", "train_loss"], "values": [{"value": 1.4660282135009766, "step": null, "ts": 1667482123.210818}]}, "version": 309}
{"obj": {"type": "LogFloats", "path": ["training", "epoch"], "values": [{"value": 0.0, "step": null, "ts": 1667482123.213477}]}, "version": 310}
{"obj": {"type": "LogFloats", "path": ["training", "train_acc_step"], "values": [{"value": 0.65625, "step": null, "ts": 1667482123.4393904}]}, "version": 311}
{"obj": {"type": "LogFloats", "path": ["training", "train_loss"], "values": [{"value": 1.4504802227020264, "step": null, "ts": 1667482123.4422948}]}, "version": 312}
{"obj": {"type": "LogFloats", "path": ["training", "epoch"], "values": [{"value": 0.0, "step": null, "ts": 1667482123.4451923}]}, "version": 313}
{"obj": {"type": "LogFloats", "path": ["training", "train_acc_step"], "values": [{"value": 0.71875, "step": null, "ts": 1667482123.6679063}]}, "version": 314}
{"obj": {"type": "LogFloats", "path": ["training", "train_loss"], "values": [{"value": 1.4368321895599365, "step": null, "ts": 1667482123.6709406}]}, "version": 315}
{"obj": {"type": "LogFloats", "path": ["training", "epoch"], "values": [{"value": 0.0, "step": null, "ts": 1667482123.6737173}]}, "version": 316}
{"obj": {"type": "LogFloats", "path": ["training", "train_acc_step"], "values": [{"value": 0.75, "step": null, "ts": 1667482123.8970208}]}, "version": 317}
{"obj": {"type": "LogFloats", "path": ["training", "train_loss"], "values": [{"value": 1.4464125633239746, "step": null, "ts": 1667482123.9000456}]}, "version": 318}
{"obj": {"type": "LogFloats", "path": ["training", "epoch"], "values": [{"value": 0.0, "step": null, "ts": 1667482123.9026403}]}, "version": 319}
{"obj": {"type": "LogFloats", "path": ["training", "train_acc_step"], "values": [{"value": 0.625, "step": null, "ts": 1667482124.1293023}]}, "version": 320}
{"obj": {"type": "LogFloats", "path": ["training", "train_loss"], "values": [{"value": 1.4509940147399902, "step": null, "ts": 1667482124.1327913}]}, "version": 321}
{"obj": {"type": "LogFloats", "path": ["training", "epoch"], "values": [{"value": 0.0, "step": null, "ts": 1667482124.1355343}]}, "version": 322}
{"obj": {"type": "LogFloats", "path": ["training", "train_acc_step"], "values": [{"value": 0.8125, "step": null, "ts": 1667482124.364222}]}, "version": 323}
{"obj": {"type": "LogFloats", "path": ["training", "train_loss"], "values": [{"value": 1.4307844638824463, "step": null, "ts": 1667482124.3673952}]}, "version": 324}
{"obj": {"type": "LogFloats", "path": ["training", "epoch"], "values": [{"value": 0.0, "step": null, "ts": 1667482124.3703706}]}, "version": 325}
{"obj": {"type": "LogFloats", "path": ["training", "train_acc_step"], "values": [{"value": 0.71875, "step": null, "ts": 1667482124.6000545}]}, "version": 326}
{"obj": {"type": "LogFloats", "path": ["training", "train_loss"], "values": [{"value": 1.4510576725006104, "step": null, "ts": 1667482124.6033993}]}, "version": 327}
{"obj": {"type": "LogFloats", "path": ["training", "epoch"], "values": [{"value": 0.0, "step": null, "ts": 1667482124.6062958}]}, "version": 328}
{"obj": {"type": "LogFloats", "path": ["training", "train_acc_step"], "values": [{"value": 0.78125, "step": null, "ts": 1667482124.8361764}]}, "version": 329}
{"obj": {"type": "LogFloats", "path": ["training", "train_loss"], "values": [{"value": 1.4452320337295532, "step": null, "ts": 1667482124.8392975}]}, "version": 330}
{"obj": {"type": "LogFloats", "path": ["training", "epoch"], "values": [{"value": 0.0, "step": null, "ts": 1667482124.8421075}]}, "version": 331}
{"obj": {"type": "LogFloats", "path": ["training", "train_acc_step"], "values": [{"value": 0.875, "step": null, "ts": 1667482125.0731518}]}, "version": 332}
{"obj": {"type": "LogFloats", "path": ["training", "train_loss"], "values": [{"value": 1.4358434677124023, "step": null, "ts": 1667482125.0762799}]}, "version": 333}
{"obj": {"type": "LogFloats", "path": ["training", "epoch"], "values": [{"value": 0.0, "step": null, "ts": 1667482125.0790184}]}, "version": 334}
{"obj": {"type": "LogFloats", "path": ["training", "train_acc_step"], "values": [{"value": 0.75, "step": null, "ts": 1667482125.3104584}]}, "version": 335}
{"obj": {"type": "LogFloats", "path": ["training", "train_loss"], "values": [{"value": 1.447601079940796, "step": null, "ts": 1667482125.3136625}]}, "version": 336}
{"obj": {"type": "LogFloats", "path": ["training", "epoch"], "values": [{"value": 0.0, "step": null, "ts": 1667482125.3163223}]}, "version": 337}
{"obj": {"type": "LogFloats", "path": ["training", "train_acc_step"], "values": [{"value": 0.78125, "step": null, "ts": 1667482125.546966}]}, "version": 338}
{"obj": {"type": "LogFloats", "path": ["training", "train_loss"], "values": [{"value": 1.4339834451675415, "step": null, "ts": 1667482125.5501907}]}, "version": 339}
{"obj": {"type": "LogFloats", "path": ["training", "epoch"], "values": [{"value": 0.0, "step": null, "ts": 1667482125.5528688}]}, "version": 340}
{"obj": {"type": "LogFloats", "path": ["training", "train_acc_step"], "values": [{"value": 0.78125, "step": null, "ts": 1667482125.783199}]}, "version": 341}
{"obj": {"type": "LogFloats", "path": ["training", "train_loss"], "values": [{"value": 1.4453458786010742, "step": null, "ts": 1667482125.7862937}]}, "version": 342}
{"obj": {"type": "LogFloats", "path": ["training", "epoch"], "values": [{"value": 0.0, "step": null, "ts": 1667482125.7888074}]}, "version": 343}
{"obj": {"type": "LogFloats", "path": ["training", "train_acc_step"], "values": [{"value": 0.78125, "step": null, "ts": 1667482126.021413}]}, "version": 344}
{"obj": {"type": "LogFloats", "path": ["training", "train_loss"], "values": [{"value": 1.4415000677108765, "step": null, "ts": 1667482126.0244806}]}, "version": 345}
{"obj": {"type": "LogFloats", "path": ["training", "epoch"], "values": [{"value": 0.0, "step": null, "ts": 1667482126.027151}]}, "version": 346}
{"obj": {"type": "LogFloats", "path": ["training", "train_acc_step"], "values": [{"value": 0.71875, "step": null, "ts": 1667482126.2590866}]}, "version": 347}
{"obj": {"type": "LogFloats", "path": ["training", "train_loss"], "values": [{"value": 1.4543527364730835, "step": null, "ts": 1667482126.2616096}]}, "version": 348}
{"obj": {"type": "LogFloats", "path": ["training", "epoch"], "values": [{"value": 0.0, "step": null, "ts": 1667482126.2638848}]}, "version": 349}
{"obj": {"type": "LogFloats", "path": ["training", "train_acc_step"], "values": [{"value": 0.78125, "step": null, "ts": 1667482126.4938545}]}, "version": 350}
{"obj": {"type": "LogFloats", "path": ["training", "train_loss"], "values": [{"value": 1.438647747039795, "step": null, "ts": 1667482126.4972088}]}, "version": 351}
{"obj": {"type": "LogFloats", "path": ["training", "epoch"], "values": [{"value": 0.0, "step": null, "ts": 1667482126.4999316}]}, "version": 352}
{"obj": {"type": "LogFloats", "path": ["training", "train_acc_step"], "values": [{"value": 0.75, "step": null, "ts": 1667482126.7324586}]}, "version": 353}
{"obj": {"type": "LogFloats", "path": ["training", "train_loss"], "values": [{"value": 1.4351167678833008, "step": null, "ts": 1667482126.735556}]}, "version": 354}
{"obj": {"type": "LogFloats", "path": ["training", "epoch"], "values": [{"value": 0.0, "step": null, "ts": 1667482126.7384822}]}, "version": 355}
{"obj": {"type": "LogFloats", "path": ["training", "train_acc_step"], "values": [{"value": 0.84375, "step": null, "ts": 1667482126.9673522}]}, "version": 356}
{"obj": {"type": "LogFloats", "path": ["training", "train_loss"], "values": [{"value": 1.4315991401672363, "step": null, "ts": 1667482126.970394}]}, "version": 357}
{"obj": {"type": "LogFloats", "path": ["training", "epoch"], "values": [{"value": 0.0, "step": null, "ts": 1667482126.9730732}]}, "version": 358}
{"obj": {"type": "LogFloats", "path": ["training", "train_acc_step"], "values": [{"value": 0.78125, "step": null, "ts": 1667482127.2035873}]}, "version": 359}
{"obj": {"type": "LogFloats", "path": ["training", "train_loss"], "values": [{"value": 1.4408674240112305, "step": null, "ts": 1667482127.2066572}]}, "version": 360}
{"obj": {"type": "LogFloats", "path": ["training", "epoch"], "values": [{"value": 0.0, "step": null, "ts": 1667482127.2096744}]}, "version": 361}
{"obj": {"type": "LogFloats", "path": ["training", "train_acc_step"], "values": [{"value": 0.90625, "step": null, "ts": 1667482127.4539669}]}, "version": 362}
{"obj": {"type": "LogFloats", "path": ["training", "train_loss"], "values": [{"value": 1.4353699684143066, "step": null, "ts": 1667482127.4572895}]}, "version": 363}
{"obj": {"type": "LogFloats", "path": ["training", "epoch"], "values": [{"value": 0.0, "step": null, "ts": 1667482127.4600174}]}, "version": 364}
{"obj": {"type": "LogStrings", "path": ["monitoring", "stderr"], "values": [{"value": "/home/aron/.local/lib/python3.9/site-packages/pytorch_lightning/trainer/trainer.py:653: UserWarning: Detected KeyboardInterrupt, attempting graceful shutdown...\n  rank_zero_warn(\"Detected KeyboardInterrupt, attempting graceful shutdown...\")\n", "step": null, "ts": 1667482127.516779}]}, "version": 365}
{"obj": {"type": "LogStrings", "path": ["monitoring", "stdout"], "values": [{"value": "Using cuda device", "step": null, "ts": 1667482127.529408}]}, "version": 366}
{"obj": {"type": "LogStrings", "path": ["monitoring", "stdout"], "values": [{"value": "\n", "step": null, "ts": 1667482127.5417776}]}, "version": 367}
{"obj": {"type": "LogStrings", "path": ["monitoring", "stdout"], "values": [{"value": "Validation set", "step": null, "ts": 1667482127.5545893}]}, "version": 368}
{"obj": {"type": "LogStrings", "path": ["monitoring", "stdout"], "values": [{"value": "\n", "step": null, "ts": 1667482127.5658479}]}, "version": 369}
{"obj": {"type": "LogStrings", "path": ["monitoring", "stdout"], "values": [{"value": "data/bcm//validation/0.npy", "step": null, "ts": 1667482127.5789442}]}, "version": 370}
{"obj": {"type": "LogStrings", "path": ["monitoring", "stdout"], "values": [{"value": "\n", "step": null, "ts": 1667482127.590615}]}, "version": 371}
{"obj": {"type": "LogStrings", "path": ["monitoring", "stdout"], "values": [{"value": "data/bcm//validation/1.npy", "step": null, "ts": 1667482127.6029258}]}, "version": 372}
{"obj": {"type": "LogStrings", "path": ["monitoring", "stdout"], "values": [{"value": "\n", "step": null, "ts": 1667482127.614133}]}, "version": 373}
{"obj": {"type": "LogStrings", "path": ["monitoring", "stdout"], "values": [{"value": "data/bcm//validation/2.npy", "step": null, "ts": 1667482127.625897}]}, "version": 374}
{"obj": {"type": "LogStrings", "path": ["monitoring", "stdout"], "values": [{"value": "\n", "step": null, "ts": 1667482127.6370537}]}, "version": 375}
{"obj": {"type": "LogStrings", "path": ["monitoring", "stdout"], "values": [{"value": "data/bcm//validation/3.npy", "step": null, "ts": 1667482127.6493242}]}, "version": 376}
{"obj": {"type": "LogStrings", "path": ["monitoring", "stdout"], "values": [{"value": "\n", "step": null, "ts": 1667482127.6606603}]}, "version": 377}
{"obj": {"type": "LogStrings", "path": ["monitoring", "stdout"], "values": [{"value": "data/bcm//validation/4.npy", "step": null, "ts": 1667482127.6731548}]}, "version": 378}
{"obj": {"type": "LogStrings", "path": ["monitoring", "stdout"], "values": [{"value": "\n", "step": null, "ts": 1667482127.6842802}]}, "version": 379}
{"obj": {"type": "LogStrings", "path": ["monitoring", "stdout"], "values": [{"value": "Training set", "step": null, "ts": 1667482127.695104}]}, "version": 380}
{"obj": {"type": "LogStrings", "path": ["monitoring", "stdout"], "values": [{"value": "\n", "step": null, "ts": 1667482127.705706}]}, "version": 381}
{"obj": {"type": "LogStrings", "path": ["monitoring", "stdout"], "values": [{"value": "data/bcm//train/0.npy", "step": null, "ts": 1667482127.7186122}]}, "version": 382}
{"obj": {"type": "LogStrings", "path": ["monitoring", "stdout"], "values": [{"value": "\n", "step": null, "ts": 1667482127.7298071}]}, "version": 383}
{"obj": {"type": "LogStrings", "path": ["monitoring", "stdout"], "values": [{"value": "data/bcm//train/1.npy", "step": null, "ts": 1667482127.742942}]}, "version": 384}
{"obj": {"type": "LogStrings", "path": ["monitoring", "stdout"], "values": [{"value": "\n", "step": null, "ts": 1667482127.7536726}]}, "version": 385}
{"obj": {"type": "LogStrings", "path": ["monitoring", "stdout"], "values": [{"value": "data/bcm//train/2.npy", "step": null, "ts": 1667482127.7663715}]}, "version": 386}
{"obj": {"type": "LogStrings", "path": ["monitoring", "stdout"], "values": [{"value": "\n", "step": null, "ts": 1667482127.7774906}]}, "version": 387}
{"obj": {"type": "LogStrings", "path": ["monitoring", "stdout"], "values": [{"value": "data/bcm//train/3.npy", "step": null, "ts": 1667482127.7902627}]}, "version": 388}
{"obj": {"type": "LogStrings", "path": ["monitoring", "stdout"], "values": [{"value": "\n", "step": null, "ts": 1667482127.8011515}]}, "version": 389}
{"obj": {"type": "LogStrings", "path": ["monitoring", "stdout"], "values": [{"value": "data/bcm//train/4.npy", "step": null, "ts": 1667482127.8141994}]}, "version": 390}
{"obj": {"type": "LogStrings", "path": ["monitoring", "stdout"], "values": [{"value": "\n", "step": null, "ts": 1667482127.8251736}]}, "version": 391}
{"obj": {"type": "LogStrings", "path": ["monitoring", "stdout"], "values": [{"value": "https://app.neptune.ai/NTLAB/BCM-activity-classification/e/BCMAC-45\n", "step": null, "ts": 1667482128.987709}]}, "version": 392}
{"obj": {"type": "LogStrings", "path": ["monitoring", "stdout"], "values": [{"value": "", "step": null, "ts": 1667482129.0280666}]}, "version": 393}
{"obj": {"type": "LogStrings", "path": ["monitoring", "stdout"], "values": [{"value": "Remember to stop your run once you\u2019ve finished logging your metadata (https://docs.neptune.ai/api-reference/run#.stop). It will be stopped automatically only when the notebook kernel/interactive console is terminated.\n", "step": null, "ts": 1667482129.0398865}]}, "version": 394}
{"obj": {"type": "LogStrings", "path": ["monitoring", "stderr"], "values": [{"value": "/home/aron/.local/lib/python3.9/site-packages/pytorch_lightning/trainer/trainer.py:653: UserWarning: Detected KeyboardInterrupt, attempting graceful shutdown...\n  rank_zero_warn(\"Detected KeyboardInterrupt, attempting graceful shutdown...\")\n", "step": null, "ts": 1667482129.5392933}]}, "version": 395}
{"obj": {"type": "LogStrings", "path": ["monitoring", "stdout"], "values": [{"value": "Using cuda device", "step": null, "ts": 1667482129.5520632}]}, "version": 396}
{"obj": {"type": "LogStrings", "path": ["monitoring", "stdout"], "values": [{"value": "\n", "step": null, "ts": 1667482129.564751}]}, "version": 397}
{"obj": {"type": "LogStrings", "path": ["monitoring", "stdout"], "values": [{"value": "Validation set", "step": null, "ts": 1667482129.579861}]}, "version": 398}
{"obj": {"type": "LogStrings", "path": ["monitoring", "stdout"], "values": [{"value": "\n", "step": null, "ts": 1667482129.5935626}]}, "version": 399}
{"obj": {"type": "LogStrings", "path": ["monitoring", "stdout"], "values": [{"value": "data/bcm//validation/0.npy", "step": null, "ts": 1667482129.607843}]}, "version": 400}
{"obj": {"type": "LogStrings", "path": ["monitoring", "stdout"], "values": [{"value": "\n", "step": null, "ts": 1667482129.619555}]}, "version": 401}
{"obj": {"type": "LogStrings", "path": ["monitoring", "stdout"], "values": [{"value": "data/bcm//validation/1.npy", "step": null, "ts": 1667482129.632104}]}, "version": 402}
{"obj": {"type": "LogStrings", "path": ["monitoring", "stdout"], "values": [{"value": "\n", "step": null, "ts": 1667482129.6429477}]}, "version": 403}
{"obj": {"type": "LogStrings", "path": ["monitoring", "stdout"], "values": [{"value": "data/bcm//validation/2.npy", "step": null, "ts": 1667482129.654616}]}, "version": 404}
{"obj": {"type": "LogStrings", "path": ["monitoring", "stdout"], "values": [{"value": "\n", "step": null, "ts": 1667482129.6653864}]}, "version": 405}
{"obj": {"type": "LogStrings", "path": ["monitoring", "stdout"], "values": [{"value": "data/bcm//validation/3.npy", "step": null, "ts": 1667482129.6769495}]}, "version": 406}
{"obj": {"type": "LogStrings", "path": ["monitoring", "stdout"], "values": [{"value": "\n", "step": null, "ts": 1667482129.6882086}]}, "version": 407}
{"obj": {"type": "LogStrings", "path": ["monitoring", "stdout"], "values": [{"value": "data/bcm//validation/4.npy", "step": null, "ts": 1667482129.7001362}]}, "version": 408}
{"obj": {"type": "LogStrings", "path": ["monitoring", "stdout"], "values": [{"value": "\n", "step": null, "ts": 1667482129.7112887}]}, "version": 409}
{"obj": {"type": "LogStrings", "path": ["monitoring", "stdout"], "values": [{"value": "Training set", "step": null, "ts": 1667482129.7224715}]}, "version": 410}
{"obj": {"type": "LogStrings", "path": ["monitoring", "stdout"], "values": [{"value": "\n", "step": null, "ts": 1667482129.7332487}]}, "version": 411}
{"obj": {"type": "LogStrings", "path": ["monitoring", "stdout"], "values": [{"value": "data/bcm//train/0.npy", "step": null, "ts": 1667482129.7455955}]}, "version": 412}
{"obj": {"type": "LogStrings", "path": ["monitoring", "stdout"], "values": [{"value": "\n", "step": null, "ts": 1667482129.756564}]}, "version": 413}
{"obj": {"type": "LogStrings", "path": ["monitoring", "stdout"], "values": [{"value": "data/bcm//train/1.npy", "step": null, "ts": 1667482129.7687216}]}, "version": 414}
{"obj": {"type": "LogStrings", "path": ["monitoring", "stdout"], "values": [{"value": "\n", "step": null, "ts": 1667482129.7796266}]}, "version": 415}
{"obj": {"type": "LogStrings", "path": ["monitoring", "stdout"], "values": [{"value": "data/bcm//train/2.npy", "step": null, "ts": 1667482129.7917666}]}, "version": 416}
{"obj": {"type": "LogStrings", "path": ["monitoring", "stdout"], "values": [{"value": "\n", "step": null, "ts": 1667482129.8024812}]}, "version": 417}
{"obj": {"type": "LogStrings", "path": ["monitoring", "stdout"], "values": [{"value": "data/bcm//train/3.npy", "step": null, "ts": 1667482129.8146513}]}, "version": 418}
{"obj": {"type": "LogStrings", "path": ["monitoring", "stdout"], "values": [{"value": "\n", "step": null, "ts": 1667482129.8254108}]}, "version": 419}
{"obj": {"type": "LogStrings", "path": ["monitoring", "stdout"], "values": [{"value": "data/bcm//train/4.npy", "step": null, "ts": 1667482129.8378296}]}, "version": 420}
{"obj": {"type": "LogStrings", "path": ["monitoring", "stdout"], "values": [{"value": "\n", "step": null, "ts": 1667482129.8486347}]}, "version": 421}
{"obj": {"type": "LogStrings", "path": ["monitoring", "stdout"], "values": [{"value": "https://app.neptune.ai/NTLAB/BCM-activity-classification/e/BCMAC-46\n", "step": null, "ts": 1667482130.8395438}]}, "version": 422}
{"obj": {"type": "LogStrings", "path": ["monitoring", "stdout"], "values": [{"value": "", "step": null, "ts": 1667482130.8947446}]}, "version": 423}
{"obj": {"type": "LogStrings", "path": ["monitoring", "stdout"], "values": [{"value": "Remember to stop your run once you\u2019ve finished logging your metadata (https://docs.neptune.ai/api-reference/run#.stop). It will be stopped automatically only when the notebook kernel/interactive console is terminated.\n", "step": null, "ts": 1667482130.912174}]}, "version": 424}
{"obj": {"type": "LogFloats", "path": ["monitoring", "memory"], "values": [{"value": 4.991558074951172, "step": null, "ts": 1667482131.1626294}]}, "version": 425}
{"obj": {"type": "LogFloats", "path": ["monitoring", "gpu_memory_0"], "values": [{"value": 1.33795166015625, "step": null, "ts": 1667482131.1626294}]}, "version": 426}
{"obj": {"type": "LogFloats", "path": ["monitoring", "gpu_memory_1"], "values": [{"value": 0.232177734375, "step": null, "ts": 1667482131.1626294}]}, "version": 427}
{"obj": {"type": "LogStrings", "path": ["monitoring", "stderr"], "values": [{"value": "/home/aron/.local/lib/python3.9/site-packages/pytorch_lightning/core/module.py:555: UserWarning: To copy construct from a tensor, it is recommended to use sourceTensor.clone().detach() or sourceTensor.clone().detach().requires_grad_(True), rather than torch.tensor(sourceTensor).\n  value = torch.tensor(value, device=self.device)\n", "step": null, "ts": 1667482131.9061837}]}, "version": 428}
{"obj": {"type": "LogStrings", "path": ["monitoring", "stdout"], "values": [{"value": "{'progress_bar': {'val_loss': 1.597535252571106}, 'log': {'val_loss': 1.597535252571106}, 'val_loss': 1.597535252571106}", "step": null, "ts": 1667482131.931608}]}, "version": 429}
{"obj": {"type": "LogStrings", "path": ["monitoring", "stdout"], "values": [{"value": "\n", "step": null, "ts": 1667482131.9459267}]}, "version": 430}
{"obj": {"type": "LogStrings", "path": ["monitoring", "stdout"], "values": [{"value": "Accuracy: 0.0", "step": null, "ts": 1667482131.9588459}]}, "version": 431}
{"obj": {"type": "LogStrings", "path": ["monitoring", "stdout"], "values": [{"value": "\n", "step": null, "ts": 1667482131.9715133}]}, "version": 432}
