{"obj": {"type": "AssignString", "path": ["sys", "name"], "value": "Untitled"}, "version": 1}
{"obj": {"type": "AssignString", "path": ["sys", "description"], "value": ""}, "version": 2}
{"obj": {"type": "AssignString", "path": ["sys", "hostname"], "value": "node6"}, "version": 3}
{"obj": {"type": "AssignBool", "path": ["sys", "failed"], "value": false}, "version": 4}
{"obj": {"type": "ClearStringLog", "path": ["monitoring", "stdout"]}, "version": 5}
{"obj": {"type": "ClearStringLog", "path": ["monitoring", "stderr"]}, "version": 6}
{"obj": {"type": "ConfigFloatSeries", "path": ["monitoring", "cpu"], "min": 0.0, "max": 100.0, "unit": "%"}, "version": 7}
{"obj": {"type": "ClearFloatLog", "path": ["monitoring", "cpu"]}, "version": 8}
{"obj": {"type": "ConfigFloatSeries", "path": ["monitoring", "memory"], "min": 0.0, "max": 62.711673736572266, "unit": "GB"}, "version": 9}
{"obj": {"type": "ClearFloatLog", "path": ["monitoring", "memory"]}, "version": 10}
{"obj": {"type": "ConfigFloatSeries", "path": ["monitoring", "gpu_0"], "min": 0.0, "max": 100.0, "unit": "%"}, "version": 11}
{"obj": {"type": "ClearFloatLog", "path": ["monitoring", "gpu_0"]}, "version": 12}
{"obj": {"type": "ConfigFloatSeries", "path": ["monitoring", "gpu_1"], "min": 0.0, "max": 100.0, "unit": "%"}, "version": 13}
{"obj": {"type": "ClearFloatLog", "path": ["monitoring", "gpu_1"]}, "version": 14}
{"obj": {"type": "ConfigFloatSeries", "path": ["monitoring", "gpu_memory_0"], "min": 0.0, "max": 12.0, "unit": "GB"}, "version": 15}
{"obj": {"type": "ClearFloatLog", "path": ["monitoring", "gpu_memory_0"]}, "version": 16}
{"obj": {"type": "ConfigFloatSeries", "path": ["monitoring", "gpu_memory_1"], "min": 0.0, "max": 12.0, "unit": "GB"}, "version": 17}
{"obj": {"type": "ClearFloatLog", "path": ["monitoring", "gpu_memory_1"]}, "version": 18}
{"obj": {"type": "LogStrings", "path": ["monitoring", "stdout"], "values": [{"value": "", "step": null, "ts": 1666003399.369031}]}, "version": 19}
{"obj": {"type": "LogFloats", "path": ["monitoring", "cpu"], "values": [{"value": 0.3, "step": null, "ts": 1666003399.3668485}]}, "version": 20}
{"obj": {"type": "LogStrings", "path": ["monitoring", "stdout"], "values": [{"value": "Remember to stop your run once you\u2019ve finished logging your metadata (https://docs.neptune.ai/api-reference/run#.stop). It will be stopped automatically only when the notebook kernel/interactive console is terminated.\n", "step": null, "ts": 1666003399.3740482}]}, "version": 21}
{"obj": {"type": "LogFloats", "path": ["monitoring", "memory"], "values": [{"value": 1.9866142272949219, "step": null, "ts": 1666003399.3668485}]}, "version": 22}
{"obj": {"type": "LogFloats", "path": ["monitoring", "gpu_memory_0"], "values": [{"value": 0.23089599609375, "step": null, "ts": 1666003399.3668485}]}, "version": 23}
{"obj": {"type": "LogFloats", "path": ["monitoring", "gpu_memory_1"], "values": [{"value": 0.2296142578125, "step": null, "ts": 1666003399.3668485}]}, "version": 24}
{"obj": {"type": "LogFloats", "path": ["monitoring", "memory"], "values": [{"value": 1.9875640869140625, "step": null, "ts": 1666003409.3866503}]}, "version": 25}
{"obj": {"type": "LogFloats", "path": ["monitoring", "gpu_memory_0"], "values": [{"value": 0.23089599609375, "step": null, "ts": 1666003409.3866503}]}, "version": 26}
{"obj": {"type": "LogFloats", "path": ["monitoring", "gpu_memory_1"], "values": [{"value": 0.2296142578125, "step": null, "ts": 1666003409.3866503}]}, "version": 27}
{"obj": {"type": "LogFloats", "path": ["monitoring", "memory"], "values": [{"value": 1.9875564575195312, "step": null, "ts": 1666003419.4001193}]}, "version": 28}
{"obj": {"type": "LogFloats", "path": ["monitoring", "gpu_memory_0"], "values": [{"value": 0.23089599609375, "step": null, "ts": 1666003419.4001193}]}, "version": 29}
{"obj": {"type": "LogFloats", "path": ["monitoring", "gpu_memory_1"], "values": [{"value": 0.2296142578125, "step": null, "ts": 1666003419.4001193}]}, "version": 30}
{"obj": {"type": "LogFloats", "path": ["monitoring", "memory"], "values": [{"value": 1.9875373840332031, "step": null, "ts": 1666003429.414191}]}, "version": 31}
{"obj": {"type": "LogFloats", "path": ["monitoring", "gpu_memory_0"], "values": [{"value": 0.23089599609375, "step": null, "ts": 1666003429.414191}]}, "version": 32}
{"obj": {"type": "LogFloats", "path": ["monitoring", "gpu_memory_1"], "values": [{"value": 0.2296142578125, "step": null, "ts": 1666003429.414191}]}, "version": 33}
{"obj": {"type": "LogFloats", "path": ["monitoring", "memory"], "values": [{"value": 1.9877548217773438, "step": null, "ts": 1666003439.4286625}]}, "version": 34}
{"obj": {"type": "LogFloats", "path": ["monitoring", "gpu_memory_0"], "values": [{"value": 0.23089599609375, "step": null, "ts": 1666003439.4286625}]}, "version": 35}
{"obj": {"type": "LogFloats", "path": ["monitoring", "gpu_memory_1"], "values": [{"value": 0.2296142578125, "step": null, "ts": 1666003439.4286625}]}, "version": 36}
{"obj": {"type": "LogFloats", "path": ["monitoring", "memory"], "values": [{"value": 1.9893531799316406, "step": null, "ts": 1666003449.4412417}]}, "version": 37}
{"obj": {"type": "LogFloats", "path": ["monitoring", "gpu_memory_0"], "values": [{"value": 0.23089599609375, "step": null, "ts": 1666003449.4412417}]}, "version": 38}
{"obj": {"type": "LogFloats", "path": ["monitoring", "gpu_memory_1"], "values": [{"value": 0.2296142578125, "step": null, "ts": 1666003449.4412417}]}, "version": 39}
{"obj": {"type": "LogFloats", "path": ["monitoring", "memory"], "values": [{"value": 1.9893379211425781, "step": null, "ts": 1666003459.4522548}]}, "version": 40}
{"obj": {"type": "LogFloats", "path": ["monitoring", "gpu_memory_0"], "values": [{"value": 0.23089599609375, "step": null, "ts": 1666003459.4522548}]}, "version": 41}
{"obj": {"type": "LogFloats", "path": ["monitoring", "gpu_memory_1"], "values": [{"value": 0.2296142578125, "step": null, "ts": 1666003459.4522548}]}, "version": 42}
{"obj": {"type": "LogFloats", "path": ["monitoring", "memory"], "values": [{"value": 1.9893302917480469, "step": null, "ts": 1666003469.4635189}]}, "version": 43}
{"obj": {"type": "LogFloats", "path": ["monitoring", "gpu_memory_0"], "values": [{"value": 0.23089599609375, "step": null, "ts": 1666003469.4635189}]}, "version": 44}
{"obj": {"type": "LogFloats", "path": ["monitoring", "gpu_memory_1"], "values": [{"value": 0.2296142578125, "step": null, "ts": 1666003469.4635189}]}, "version": 45}
{"obj": {"type": "LogFloats", "path": ["monitoring", "memory"], "values": [{"value": 1.9893150329589844, "step": null, "ts": 1666003479.4762123}]}, "version": 46}
{"obj": {"type": "LogFloats", "path": ["monitoring", "gpu_memory_0"], "values": [{"value": 0.23089599609375, "step": null, "ts": 1666003479.4762123}]}, "version": 47}
{"obj": {"type": "LogFloats", "path": ["monitoring", "gpu_memory_1"], "values": [{"value": 0.2296142578125, "step": null, "ts": 1666003479.4762123}]}, "version": 48}
{"obj": {"type": "LogFloats", "path": ["monitoring", "memory"], "values": [{"value": 1.9893150329589844, "step": null, "ts": 1666003489.4905677}]}, "version": 49}
{"obj": {"type": "LogFloats", "path": ["monitoring", "gpu_memory_0"], "values": [{"value": 0.23089599609375, "step": null, "ts": 1666003489.4905677}]}, "version": 50}
{"obj": {"type": "LogFloats", "path": ["monitoring", "gpu_memory_1"], "values": [{"value": 0.2296142578125, "step": null, "ts": 1666003489.4905677}]}, "version": 51}
{"obj": {"type": "LogFloats", "path": ["monitoring", "memory"], "values": [{"value": 1.9892921447753906, "step": null, "ts": 1666003499.5039308}]}, "version": 52}
{"obj": {"type": "LogFloats", "path": ["monitoring", "gpu_memory_0"], "values": [{"value": 0.23089599609375, "step": null, "ts": 1666003499.5039308}]}, "version": 53}
{"obj": {"type": "LogFloats", "path": ["monitoring", "gpu_memory_1"], "values": [{"value": 0.2296142578125, "step": null, "ts": 1666003499.5039308}]}, "version": 54}
{"obj": {"type": "LogFloats", "path": ["monitoring", "cpu"], "values": [{"value": 2.4, "step": null, "ts": 1666003509.5182972}]}, "version": 55}
{"obj": {"type": "LogFloats", "path": ["monitoring", "memory"], "values": [{"value": 1.9920730590820312, "step": null, "ts": 1666003509.5182972}]}, "version": 56}
{"obj": {"type": "LogFloats", "path": ["monitoring", "gpu_memory_0"], "values": [{"value": 0.23089599609375, "step": null, "ts": 1666003509.5182972}]}, "version": 57}
{"obj": {"type": "LogFloats", "path": ["monitoring", "gpu_memory_1"], "values": [{"value": 0.2296142578125, "step": null, "ts": 1666003509.5182972}]}, "version": 58}
{"obj": {"type": "LogFloats", "path": ["monitoring", "memory"], "values": [{"value": 1.992279052734375, "step": null, "ts": 1666003519.5366504}]}, "version": 59}
{"obj": {"type": "LogFloats", "path": ["monitoring", "gpu_memory_0"], "values": [{"value": 0.23089599609375, "step": null, "ts": 1666003519.5366504}]}, "version": 60}
{"obj": {"type": "LogFloats", "path": ["monitoring", "gpu_memory_1"], "values": [{"value": 0.2296142578125, "step": null, "ts": 1666003519.5366504}]}, "version": 61}
{"obj": {"type": "LogFloats", "path": ["monitoring", "memory"], "values": [{"value": 1.992279052734375, "step": null, "ts": 1666003529.548853}]}, "version": 62}
{"obj": {"type": "LogFloats", "path": ["monitoring", "gpu_memory_0"], "values": [{"value": 0.23089599609375, "step": null, "ts": 1666003529.548853}]}, "version": 63}
{"obj": {"type": "LogFloats", "path": ["monitoring", "gpu_memory_1"], "values": [{"value": 0.2296142578125, "step": null, "ts": 1666003529.548853}]}, "version": 64}
{"obj": {"type": "LogFloats", "path": ["monitoring", "memory"], "values": [{"value": 1.992279052734375, "step": null, "ts": 1666003539.5621402}]}, "version": 65}
{"obj": {"type": "LogFloats", "path": ["monitoring", "gpu_memory_0"], "values": [{"value": 0.23089599609375, "step": null, "ts": 1666003539.5621402}]}, "version": 66}
{"obj": {"type": "LogFloats", "path": ["monitoring", "gpu_memory_1"], "values": [{"value": 0.2296142578125, "step": null, "ts": 1666003539.5621402}]}, "version": 67}
{"obj": {"type": "LogFloats", "path": ["monitoring", "memory"], "values": [{"value": 1.992279052734375, "step": null, "ts": 1666003549.5764437}]}, "version": 68}
{"obj": {"type": "LogFloats", "path": ["monitoring", "gpu_memory_0"], "values": [{"value": 0.23089599609375, "step": null, "ts": 1666003549.5764437}]}, "version": 69}
{"obj": {"type": "LogFloats", "path": ["monitoring", "gpu_memory_1"], "values": [{"value": 0.2296142578125, "step": null, "ts": 1666003549.5764437}]}, "version": 70}
{"obj": {"type": "LogFloats", "path": ["monitoring", "memory"], "values": [{"value": 1.992279052734375, "step": null, "ts": 1666003559.5906534}]}, "version": 71}
{"obj": {"type": "LogFloats", "path": ["monitoring", "gpu_memory_0"], "values": [{"value": 0.23089599609375, "step": null, "ts": 1666003559.5906534}]}, "version": 72}
{"obj": {"type": "LogFloats", "path": ["monitoring", "gpu_memory_1"], "values": [{"value": 0.2296142578125, "step": null, "ts": 1666003559.5906534}]}, "version": 73}
{"obj": {"type": "LogFloats", "path": ["monitoring", "memory"], "values": [{"value": 1.9922294616699219, "step": null, "ts": 1666003569.6047108}]}, "version": 74}
{"obj": {"type": "LogFloats", "path": ["monitoring", "gpu_memory_0"], "values": [{"value": 0.23089599609375, "step": null, "ts": 1666003569.6047108}]}, "version": 75}
{"obj": {"type": "LogFloats", "path": ["monitoring", "gpu_memory_1"], "values": [{"value": 0.2296142578125, "step": null, "ts": 1666003569.6047108}]}, "version": 76}
{"obj": {"type": "LogFloats", "path": ["monitoring", "memory"], "values": [{"value": 1.9922256469726562, "step": null, "ts": 1666003579.6175854}]}, "version": 77}
{"obj": {"type": "LogFloats", "path": ["monitoring", "gpu_memory_0"], "values": [{"value": 0.23089599609375, "step": null, "ts": 1666003579.6175854}]}, "version": 78}
{"obj": {"type": "LogFloats", "path": ["monitoring", "gpu_memory_1"], "values": [{"value": 0.2296142578125, "step": null, "ts": 1666003579.6175854}]}, "version": 79}
{"obj": {"type": "LogFloats", "path": ["monitoring", "memory"], "values": [{"value": 1.9922256469726562, "step": null, "ts": 1666003589.6328738}]}, "version": 80}
{"obj": {"type": "LogFloats", "path": ["monitoring", "gpu_memory_0"], "values": [{"value": 0.23089599609375, "step": null, "ts": 1666003589.6328738}]}, "version": 81}
{"obj": {"type": "LogFloats", "path": ["monitoring", "gpu_memory_1"], "values": [{"value": 0.2296142578125, "step": null, "ts": 1666003589.6328738}]}, "version": 82}
{"obj": {"type": "LogFloats", "path": ["monitoring", "memory"], "values": [{"value": 1.9922218322753906, "step": null, "ts": 1666003599.64726}]}, "version": 83}
{"obj": {"type": "LogFloats", "path": ["monitoring", "gpu_memory_0"], "values": [{"value": 0.23089599609375, "step": null, "ts": 1666003599.64726}]}, "version": 84}
{"obj": {"type": "LogFloats", "path": ["monitoring", "gpu_memory_1"], "values": [{"value": 0.2296142578125, "step": null, "ts": 1666003599.64726}]}, "version": 85}
{"obj": {"type": "LogFloats", "path": ["monitoring", "memory"], "values": [{"value": 1.9922218322753906, "step": null, "ts": 1666003609.6595218}]}, "version": 86}
{"obj": {"type": "LogFloats", "path": ["monitoring", "gpu_memory_0"], "values": [{"value": 0.23089599609375, "step": null, "ts": 1666003609.6595218}]}, "version": 87}
{"obj": {"type": "LogFloats", "path": ["monitoring", "gpu_memory_1"], "values": [{"value": 0.2296142578125, "step": null, "ts": 1666003609.6595218}]}, "version": 88}
{"obj": {"type": "LogFloats", "path": ["monitoring", "memory"], "values": [{"value": 1.9927024841308594, "step": null, "ts": 1666003619.6743157}]}, "version": 89}
{"obj": {"type": "LogFloats", "path": ["monitoring", "gpu_memory_0"], "values": [{"value": 0.23089599609375, "step": null, "ts": 1666003619.6743157}]}, "version": 90}
{"obj": {"type": "LogFloats", "path": ["monitoring", "gpu_memory_1"], "values": [{"value": 0.2296142578125, "step": null, "ts": 1666003619.6743157}]}, "version": 91}
{"obj": {"type": "LogFloats", "path": ["monitoring", "memory"], "values": [{"value": 1.9926681518554688, "step": null, "ts": 1666003629.6883402}]}, "version": 92}
{"obj": {"type": "LogFloats", "path": ["monitoring", "gpu_memory_0"], "values": [{"value": 0.23089599609375, "step": null, "ts": 1666003629.6883402}]}, "version": 93}
{"obj": {"type": "LogFloats", "path": ["monitoring", "gpu_memory_1"], "values": [{"value": 0.2296142578125, "step": null, "ts": 1666003629.6883402}]}, "version": 94}
{"obj": {"type": "LogFloats", "path": ["monitoring", "memory"], "values": [{"value": 1.9926681518554688, "step": null, "ts": 1666003639.702411}]}, "version": 95}
{"obj": {"type": "LogFloats", "path": ["monitoring", "gpu_memory_0"], "values": [{"value": 0.23089599609375, "step": null, "ts": 1666003639.702411}]}, "version": 96}
{"obj": {"type": "LogFloats", "path": ["monitoring", "gpu_memory_1"], "values": [{"value": 0.2296142578125, "step": null, "ts": 1666003639.702411}]}, "version": 97}
{"obj": {"type": "LogFloats", "path": ["monitoring", "memory"], "values": [{"value": 1.9926681518554688, "step": null, "ts": 1666003649.7157023}]}, "version": 98}
{"obj": {"type": "LogFloats", "path": ["monitoring", "gpu_memory_0"], "values": [{"value": 0.23089599609375, "step": null, "ts": 1666003649.7157023}]}, "version": 99}
{"obj": {"type": "LogFloats", "path": ["monitoring", "gpu_memory_1"], "values": [{"value": 0.2296142578125, "step": null, "ts": 1666003649.7157023}]}, "version": 100}
{"obj": {"type": "LogFloats", "path": ["monitoring", "memory"], "values": [{"value": 1.9926681518554688, "step": null, "ts": 1666003659.7296422}]}, "version": 101}
{"obj": {"type": "LogFloats", "path": ["monitoring", "gpu_memory_0"], "values": [{"value": 0.23089599609375, "step": null, "ts": 1666003659.7296422}]}, "version": 102}
{"obj": {"type": "LogFloats", "path": ["monitoring", "gpu_memory_1"], "values": [{"value": 0.2296142578125, "step": null, "ts": 1666003659.7296422}]}, "version": 103}
{"obj": {"type": "LogFloats", "path": ["monitoring", "memory"], "values": [{"value": 1.9926681518554688, "step": null, "ts": 1666003669.744374}]}, "version": 104}
{"obj": {"type": "LogFloats", "path": ["monitoring", "gpu_memory_0"], "values": [{"value": 0.23089599609375, "step": null, "ts": 1666003669.744374}]}, "version": 105}
{"obj": {"type": "LogFloats", "path": ["monitoring", "gpu_memory_1"], "values": [{"value": 0.2296142578125, "step": null, "ts": 1666003669.744374}]}, "version": 106}
{"obj": {"type": "LogFloats", "path": ["monitoring", "memory"], "values": [{"value": 1.9926643371582031, "step": null, "ts": 1666003679.756868}]}, "version": 107}
{"obj": {"type": "LogFloats", "path": ["monitoring", "gpu_memory_0"], "values": [{"value": 0.23089599609375, "step": null, "ts": 1666003679.756868}]}, "version": 108}
{"obj": {"type": "LogFloats", "path": ["monitoring", "gpu_memory_1"], "values": [{"value": 0.2296142578125, "step": null, "ts": 1666003679.756868}]}, "version": 109}
{"obj": {"type": "LogFloats", "path": ["monitoring", "memory"], "values": [{"value": 1.9926643371582031, "step": null, "ts": 1666003689.7695608}]}, "version": 110}
{"obj": {"type": "LogFloats", "path": ["monitoring", "gpu_memory_0"], "values": [{"value": 0.23089599609375, "step": null, "ts": 1666003689.7695608}]}, "version": 111}
{"obj": {"type": "LogFloats", "path": ["monitoring", "gpu_memory_1"], "values": [{"value": 0.2296142578125, "step": null, "ts": 1666003689.7695608}]}, "version": 112}
{"obj": {"type": "LogFloats", "path": ["monitoring", "memory"], "values": [{"value": 1.9926643371582031, "step": null, "ts": 1666003699.784624}]}, "version": 113}
{"obj": {"type": "LogFloats", "path": ["monitoring", "gpu_memory_0"], "values": [{"value": 0.23089599609375, "step": null, "ts": 1666003699.784624}]}, "version": 114}
{"obj": {"type": "LogFloats", "path": ["monitoring", "gpu_memory_1"], "values": [{"value": 0.2296142578125, "step": null, "ts": 1666003699.784624}]}, "version": 115}
{"obj": {"type": "LogFloats", "path": ["monitoring", "memory"], "values": [{"value": 1.9926643371582031, "step": null, "ts": 1666003709.7980661}]}, "version": 116}
{"obj": {"type": "LogFloats", "path": ["monitoring", "gpu_memory_0"], "values": [{"value": 0.23089599609375, "step": null, "ts": 1666003709.7980661}]}, "version": 117}
{"obj": {"type": "LogFloats", "path": ["monitoring", "gpu_memory_1"], "values": [{"value": 0.2296142578125, "step": null, "ts": 1666003709.7980661}]}, "version": 118}
{"obj": {"type": "LogFloats", "path": ["monitoring", "memory"], "values": [{"value": 1.9926643371582031, "step": null, "ts": 1666003719.8112676}]}, "version": 119}
{"obj": {"type": "LogFloats", "path": ["monitoring", "gpu_memory_0"], "values": [{"value": 0.23089599609375, "step": null, "ts": 1666003719.8112676}]}, "version": 120}
{"obj": {"type": "LogFloats", "path": ["monitoring", "gpu_memory_1"], "values": [{"value": 0.2296142578125, "step": null, "ts": 1666003719.8112676}]}, "version": 121}
{"obj": {"type": "LogFloats", "path": ["monitoring", "memory"], "values": [{"value": 1.9926643371582031, "step": null, "ts": 1666003729.8264997}]}, "version": 122}
{"obj": {"type": "LogFloats", "path": ["monitoring", "gpu_memory_0"], "values": [{"value": 0.23089599609375, "step": null, "ts": 1666003729.8264997}]}, "version": 123}
{"obj": {"type": "LogFloats", "path": ["monitoring", "gpu_memory_1"], "values": [{"value": 0.2296142578125, "step": null, "ts": 1666003729.8264997}]}, "version": 124}
{"obj": {"type": "LogFloats", "path": ["monitoring", "memory"], "values": [{"value": 1.9926605224609375, "step": null, "ts": 1666003739.840452}]}, "version": 125}
{"obj": {"type": "LogFloats", "path": ["monitoring", "gpu_memory_0"], "values": [{"value": 0.23089599609375, "step": null, "ts": 1666003739.840452}]}, "version": 126}
{"obj": {"type": "LogFloats", "path": ["monitoring", "gpu_memory_1"], "values": [{"value": 0.2296142578125, "step": null, "ts": 1666003739.840452}]}, "version": 127}
{"obj": {"type": "LogFloats", "path": ["monitoring", "memory"], "values": [{"value": 1.9929046630859375, "step": null, "ts": 1666003749.852727}]}, "version": 128}
{"obj": {"type": "LogFloats", "path": ["monitoring", "gpu_memory_0"], "values": [{"value": 0.23089599609375, "step": null, "ts": 1666003749.852727}]}, "version": 129}
{"obj": {"type": "LogFloats", "path": ["monitoring", "gpu_memory_1"], "values": [{"value": 0.2296142578125, "step": null, "ts": 1666003749.852727}]}, "version": 130}
{"obj": {"type": "LogFloats", "path": ["monitoring", "memory"], "values": [{"value": 1.9936065673828125, "step": null, "ts": 1666003759.8653307}]}, "version": 131}
{"obj": {"type": "LogFloats", "path": ["monitoring", "gpu_memory_0"], "values": [{"value": 0.23089599609375, "step": null, "ts": 1666003759.8653307}]}, "version": 132}
{"obj": {"type": "LogFloats", "path": ["monitoring", "gpu_memory_1"], "values": [{"value": 0.2296142578125, "step": null, "ts": 1666003759.8653307}]}, "version": 133}
{"obj": {"type": "LogFloats", "path": ["monitoring", "memory"], "values": [{"value": 1.9935493469238281, "step": null, "ts": 1666003769.8792167}]}, "version": 134}
{"obj": {"type": "LogFloats", "path": ["monitoring", "gpu_memory_0"], "values": [{"value": 0.23089599609375, "step": null, "ts": 1666003769.8792167}]}, "version": 135}
{"obj": {"type": "LogFloats", "path": ["monitoring", "gpu_memory_1"], "values": [{"value": 0.2296142578125, "step": null, "ts": 1666003769.8792167}]}, "version": 136}
{"obj": {"type": "LogFloats", "path": ["monitoring", "memory"], "values": [{"value": 1.9935188293457031, "step": null, "ts": 1666003779.8924127}]}, "version": 137}
{"obj": {"type": "LogFloats", "path": ["monitoring", "gpu_memory_0"], "values": [{"value": 0.23089599609375, "step": null, "ts": 1666003779.8924127}]}, "version": 138}
{"obj": {"type": "LogFloats", "path": ["monitoring", "gpu_memory_1"], "values": [{"value": 0.2296142578125, "step": null, "ts": 1666003779.8924127}]}, "version": 139}
{"obj": {"type": "LogFloats", "path": ["monitoring", "memory"], "values": [{"value": 1.9935188293457031, "step": null, "ts": 1666003789.9057956}]}, "version": 140}
{"obj": {"type": "LogFloats", "path": ["monitoring", "gpu_memory_0"], "values": [{"value": 0.23089599609375, "step": null, "ts": 1666003789.9057956}]}, "version": 141}
{"obj": {"type": "LogFloats", "path": ["monitoring", "gpu_memory_1"], "values": [{"value": 0.2296142578125, "step": null, "ts": 1666003789.9057956}]}, "version": 142}
{"obj": {"type": "LogFloats", "path": ["monitoring", "memory"], "values": [{"value": 1.9935188293457031, "step": null, "ts": 1666003799.9196873}]}, "version": 143}
{"obj": {"type": "LogFloats", "path": ["monitoring", "gpu_memory_0"], "values": [{"value": 0.23089599609375, "step": null, "ts": 1666003799.9196873}]}, "version": 144}
{"obj": {"type": "LogFloats", "path": ["monitoring", "gpu_memory_1"], "values": [{"value": 0.2296142578125, "step": null, "ts": 1666003799.9196873}]}, "version": 145}
{"obj": {"type": "LogFloats", "path": ["monitoring", "cpu"], "values": [{"value": 2.4, "step": null, "ts": 1666003809.9345593}]}, "version": 146}
{"obj": {"type": "LogFloats", "path": ["monitoring", "memory"], "values": [{"value": 1.9993515014648438, "step": null, "ts": 1666003809.9345593}]}, "version": 147}
{"obj": {"type": "LogFloats", "path": ["monitoring", "gpu_memory_0"], "values": [{"value": 0.23089599609375, "step": null, "ts": 1666003809.9345593}]}, "version": 148}
{"obj": {"type": "LogFloats", "path": ["monitoring", "gpu_memory_1"], "values": [{"value": 0.2296142578125, "step": null, "ts": 1666003809.9345593}]}, "version": 149}
{"obj": {"type": "LogFloats", "path": ["monitoring", "memory"], "values": [{"value": 1.9993515014648438, "step": null, "ts": 1666003819.9521642}]}, "version": 150}
{"obj": {"type": "LogFloats", "path": ["monitoring", "gpu_memory_0"], "values": [{"value": 0.23089599609375, "step": null, "ts": 1666003819.9521642}]}, "version": 151}
{"obj": {"type": "LogFloats", "path": ["monitoring", "gpu_memory_1"], "values": [{"value": 0.2296142578125, "step": null, "ts": 1666003819.9521642}]}, "version": 152}
{"obj": {"type": "LogFloats", "path": ["monitoring", "memory"], "values": [{"value": 1.9993515014648438, "step": null, "ts": 1666003829.96653}]}, "version": 153}
{"obj": {"type": "LogFloats", "path": ["monitoring", "gpu_memory_0"], "values": [{"value": 0.23089599609375, "step": null, "ts": 1666003829.96653}]}, "version": 154}
{"obj": {"type": "LogFloats", "path": ["monitoring", "gpu_memory_1"], "values": [{"value": 0.2296142578125, "step": null, "ts": 1666003829.96653}]}, "version": 155}
{"obj": {"type": "LogFloats", "path": ["monitoring", "memory"], "values": [{"value": 1.9993476867675781, "step": null, "ts": 1666003839.989202}]}, "version": 156}
{"obj": {"type": "LogFloats", "path": ["monitoring", "gpu_memory_0"], "values": [{"value": 0.23089599609375, "step": null, "ts": 1666003839.989202}]}, "version": 157}
{"obj": {"type": "LogFloats", "path": ["monitoring", "gpu_memory_1"], "values": [{"value": 0.2296142578125, "step": null, "ts": 1666003839.989202}]}, "version": 158}
{"obj": {"type": "LogFloats", "path": ["monitoring", "memory"], "values": [{"value": 1.9993476867675781, "step": null, "ts": 1666003850.0011854}]}, "version": 159}
{"obj": {"type": "LogFloats", "path": ["monitoring", "gpu_memory_0"], "values": [{"value": 0.23089599609375, "step": null, "ts": 1666003850.0011854}]}, "version": 160}
{"obj": {"type": "LogFloats", "path": ["monitoring", "gpu_memory_1"], "values": [{"value": 0.2296142578125, "step": null, "ts": 1666003850.0011854}]}, "version": 161}
{"obj": {"type": "LogFloats", "path": ["monitoring", "memory"], "values": [{"value": 1.9993400573730469, "step": null, "ts": 1666003860.0144286}]}, "version": 162}
{"obj": {"type": "LogFloats", "path": ["monitoring", "gpu_memory_0"], "values": [{"value": 0.23089599609375, "step": null, "ts": 1666003860.0144286}]}, "version": 163}
{"obj": {"type": "LogFloats", "path": ["monitoring", "gpu_memory_1"], "values": [{"value": 0.2296142578125, "step": null, "ts": 1666003860.0144286}]}, "version": 164}
{"obj": {"type": "LogFloats", "path": ["monitoring", "memory"], "values": [{"value": 1.9995536804199219, "step": null, "ts": 1666003870.0282483}]}, "version": 165}
{"obj": {"type": "LogFloats", "path": ["monitoring", "gpu_memory_0"], "values": [{"value": 0.23089599609375, "step": null, "ts": 1666003870.0282483}]}, "version": 166}
{"obj": {"type": "LogFloats", "path": ["monitoring", "gpu_memory_1"], "values": [{"value": 0.2296142578125, "step": null, "ts": 1666003870.0282483}]}, "version": 167}
{"obj": {"type": "LogFloats", "path": ["monitoring", "memory"], "values": [{"value": 1.9995536804199219, "step": null, "ts": 1666003880.0422711}]}, "version": 168}
{"obj": {"type": "LogFloats", "path": ["monitoring", "gpu_memory_0"], "values": [{"value": 0.23089599609375, "step": null, "ts": 1666003880.0422711}]}, "version": 169}
{"obj": {"type": "LogFloats", "path": ["monitoring", "gpu_memory_1"], "values": [{"value": 0.2296142578125, "step": null, "ts": 1666003880.0422711}]}, "version": 170}
{"obj": {"type": "LogFloats", "path": ["monitoring", "memory"], "values": [{"value": 1.9994964599609375, "step": null, "ts": 1666003890.0568116}]}, "version": 171}
{"obj": {"type": "LogFloats", "path": ["monitoring", "gpu_memory_0"], "values": [{"value": 0.23089599609375, "step": null, "ts": 1666003890.0568116}]}, "version": 172}
{"obj": {"type": "LogFloats", "path": ["monitoring", "gpu_memory_1"], "values": [{"value": 0.2296142578125, "step": null, "ts": 1666003890.0568116}]}, "version": 173}
{"obj": {"type": "LogFloats", "path": ["monitoring", "memory"], "values": [{"value": 1.9994964599609375, "step": null, "ts": 1666003900.0696528}]}, "version": 174}
{"obj": {"type": "LogFloats", "path": ["monitoring", "gpu_memory_0"], "values": [{"value": 0.23089599609375, "step": null, "ts": 1666003900.0696528}]}, "version": 175}
{"obj": {"type": "LogFloats", "path": ["monitoring", "gpu_memory_1"], "values": [{"value": 0.2296142578125, "step": null, "ts": 1666003900.0696528}]}, "version": 176}
{"obj": {"type": "LogFloats", "path": ["monitoring", "memory"], "values": [{"value": 1.9994964599609375, "step": null, "ts": 1666003910.0817614}]}, "version": 177}
{"obj": {"type": "LogFloats", "path": ["monitoring", "gpu_memory_0"], "values": [{"value": 0.23089599609375, "step": null, "ts": 1666003910.0817614}]}, "version": 178}
{"obj": {"type": "LogFloats", "path": ["monitoring", "gpu_memory_1"], "values": [{"value": 0.2296142578125, "step": null, "ts": 1666003910.0817614}]}, "version": 179}
{"obj": {"type": "LogFloats", "path": ["monitoring", "memory"], "values": [{"value": 1.9994964599609375, "step": null, "ts": 1666003920.0940137}]}, "version": 180}
{"obj": {"type": "LogFloats", "path": ["monitoring", "gpu_memory_0"], "values": [{"value": 0.23089599609375, "step": null, "ts": 1666003920.0940137}]}, "version": 181}
{"obj": {"type": "LogFloats", "path": ["monitoring", "gpu_memory_1"], "values": [{"value": 0.2296142578125, "step": null, "ts": 1666003920.0940137}]}, "version": 182}
{"obj": {"type": "LogFloats", "path": ["monitoring", "memory"], "values": [{"value": 1.9994926452636719, "step": null, "ts": 1666003930.1082587}]}, "version": 183}
{"obj": {"type": "LogFloats", "path": ["monitoring", "gpu_memory_0"], "values": [{"value": 0.23089599609375, "step": null, "ts": 1666003930.1082587}]}, "version": 184}
{"obj": {"type": "LogFloats", "path": ["monitoring", "gpu_memory_1"], "values": [{"value": 0.2296142578125, "step": null, "ts": 1666003930.1082587}]}, "version": 185}
{"obj": {"type": "LogFloats", "path": ["monitoring", "memory"], "values": [{"value": 1.9994926452636719, "step": null, "ts": 1666003940.1222348}]}, "version": 186}
{"obj": {"type": "LogFloats", "path": ["monitoring", "gpu_memory_0"], "values": [{"value": 0.23089599609375, "step": null, "ts": 1666003940.1222348}]}, "version": 187}
{"obj": {"type": "LogFloats", "path": ["monitoring", "gpu_memory_1"], "values": [{"value": 0.2296142578125, "step": null, "ts": 1666003940.1222348}]}, "version": 188}
{"obj": {"type": "LogFloats", "path": ["monitoring", "memory"], "values": [{"value": 1.9994926452636719, "step": null, "ts": 1666003950.1354945}]}, "version": 189}
{"obj": {"type": "LogFloats", "path": ["monitoring", "gpu_memory_0"], "values": [{"value": 0.23089599609375, "step": null, "ts": 1666003950.1354945}]}, "version": 190}
{"obj": {"type": "LogFloats", "path": ["monitoring", "gpu_memory_1"], "values": [{"value": 0.2296142578125, "step": null, "ts": 1666003950.1354945}]}, "version": 191}
{"obj": {"type": "LogFloats", "path": ["monitoring", "memory"], "values": [{"value": 1.999969482421875, "step": null, "ts": 1666003960.1481242}]}, "version": 192}
{"obj": {"type": "LogFloats", "path": ["monitoring", "gpu_memory_0"], "values": [{"value": 0.23089599609375, "step": null, "ts": 1666003960.1481242}]}, "version": 193}
{"obj": {"type": "LogFloats", "path": ["monitoring", "gpu_memory_1"], "values": [{"value": 0.2296142578125, "step": null, "ts": 1666003960.1481242}]}, "version": 194}
{"obj": {"type": "LogFloats", "path": ["monitoring", "memory"], "values": [{"value": 1.999969482421875, "step": null, "ts": 1666003970.162457}]}, "version": 195}
{"obj": {"type": "LogFloats", "path": ["monitoring", "gpu_memory_0"], "values": [{"value": 0.23089599609375, "step": null, "ts": 1666003970.162457}]}, "version": 196}
{"obj": {"type": "LogFloats", "path": ["monitoring", "gpu_memory_1"], "values": [{"value": 0.2296142578125, "step": null, "ts": 1666003970.162457}]}, "version": 197}
{"obj": {"type": "LogFloats", "path": ["monitoring", "memory"], "values": [{"value": 1.999969482421875, "step": null, "ts": 1666003980.1765695}]}, "version": 198}
{"obj": {"type": "LogFloats", "path": ["monitoring", "gpu_memory_0"], "values": [{"value": 0.23089599609375, "step": null, "ts": 1666003980.1765695}]}, "version": 199}
{"obj": {"type": "LogFloats", "path": ["monitoring", "gpu_memory_1"], "values": [{"value": 0.2296142578125, "step": null, "ts": 1666003980.1765695}]}, "version": 200}
{"obj": {"type": "LogFloats", "path": ["monitoring", "memory"], "values": [{"value": 1.999969482421875, "step": null, "ts": 1666003990.1874504}]}, "version": 201}
{"obj": {"type": "LogFloats", "path": ["monitoring", "gpu_memory_0"], "values": [{"value": 0.23089599609375, "step": null, "ts": 1666003990.1874504}]}, "version": 202}
{"obj": {"type": "LogFloats", "path": ["monitoring", "gpu_memory_1"], "values": [{"value": 0.2296142578125, "step": null, "ts": 1666003990.1874504}]}, "version": 203}
{"obj": {"type": "LogFloats", "path": ["monitoring", "memory"], "values": [{"value": 1.999969482421875, "step": null, "ts": 1666004000.2020936}]}, "version": 204}
{"obj": {"type": "LogFloats", "path": ["monitoring", "gpu_memory_0"], "values": [{"value": 0.23089599609375, "step": null, "ts": 1666004000.2020936}]}, "version": 205}
{"obj": {"type": "LogFloats", "path": ["monitoring", "gpu_memory_1"], "values": [{"value": 0.2296142578125, "step": null, "ts": 1666004000.2020936}]}, "version": 206}
{"obj": {"type": "LogFloats", "path": ["monitoring", "memory"], "values": [{"value": 1.9999656677246094, "step": null, "ts": 1666004010.216022}]}, "version": 207}
{"obj": {"type": "LogFloats", "path": ["monitoring", "gpu_memory_0"], "values": [{"value": 0.23089599609375, "step": null, "ts": 1666004010.216022}]}, "version": 208}
{"obj": {"type": "LogFloats", "path": ["monitoring", "gpu_memory_1"], "values": [{"value": 0.2296142578125, "step": null, "ts": 1666004010.216022}]}, "version": 209}
{"obj": {"type": "LogFloats", "path": ["monitoring", "memory"], "values": [{"value": 1.9999656677246094, "step": null, "ts": 1666004020.2302337}]}, "version": 210}
{"obj": {"type": "LogFloats", "path": ["monitoring", "gpu_memory_0"], "values": [{"value": 0.23089599609375, "step": null, "ts": 1666004020.2302337}]}, "version": 211}
{"obj": {"type": "LogFloats", "path": ["monitoring", "gpu_memory_1"], "values": [{"value": 0.2296142578125, "step": null, "ts": 1666004020.2302337}]}, "version": 212}
{"obj": {"type": "LogFloats", "path": ["monitoring", "memory"], "values": [{"value": 1.9999656677246094, "step": null, "ts": 1666004030.2448418}]}, "version": 213}
{"obj": {"type": "LogFloats", "path": ["monitoring", "gpu_memory_0"], "values": [{"value": 0.23089599609375, "step": null, "ts": 1666004030.2448418}]}, "version": 214}
{"obj": {"type": "LogFloats", "path": ["monitoring", "gpu_memory_1"], "values": [{"value": 0.2296142578125, "step": null, "ts": 1666004030.2448418}]}, "version": 215}
{"obj": {"type": "LogFloats", "path": ["monitoring", "memory"], "values": [{"value": 1.9999656677246094, "step": null, "ts": 1666004040.2580693}]}, "version": 216}
{"obj": {"type": "LogFloats", "path": ["monitoring", "gpu_memory_0"], "values": [{"value": 0.23089599609375, "step": null, "ts": 1666004040.2580693}]}, "version": 217}
{"obj": {"type": "LogFloats", "path": ["monitoring", "gpu_memory_1"], "values": [{"value": 0.2296142578125, "step": null, "ts": 1666004040.2580693}]}, "version": 218}
{"obj": {"type": "LogFloats", "path": ["monitoring", "memory"], "values": [{"value": 2.0001754760742188, "step": null, "ts": 1666004050.272423}]}, "version": 219}
{"obj": {"type": "LogFloats", "path": ["monitoring", "gpu_memory_0"], "values": [{"value": 0.23089599609375, "step": null, "ts": 1666004050.272423}]}, "version": 220}
{"obj": {"type": "LogFloats", "path": ["monitoring", "gpu_memory_1"], "values": [{"value": 0.2296142578125, "step": null, "ts": 1666004050.272423}]}, "version": 221}
{"obj": {"type": "LogFloats", "path": ["monitoring", "memory"], "values": [{"value": 2.0001754760742188, "step": null, "ts": 1666004060.2860603}]}, "version": 222}
{"obj": {"type": "LogFloats", "path": ["monitoring", "gpu_memory_0"], "values": [{"value": 0.23089599609375, "step": null, "ts": 1666004060.2860603}]}, "version": 223}
{"obj": {"type": "LogFloats", "path": ["monitoring", "gpu_memory_1"], "values": [{"value": 0.2296142578125, "step": null, "ts": 1666004060.2860603}]}, "version": 224}
{"obj": {"type": "LogFloats", "path": ["monitoring", "memory"], "values": [{"value": 2.0001754760742188, "step": null, "ts": 1666004070.3007085}]}, "version": 225}
{"obj": {"type": "LogFloats", "path": ["monitoring", "gpu_memory_0"], "values": [{"value": 0.23089599609375, "step": null, "ts": 1666004070.3007085}]}, "version": 226}
{"obj": {"type": "LogFloats", "path": ["monitoring", "gpu_memory_1"], "values": [{"value": 0.2296142578125, "step": null, "ts": 1666004070.3007085}]}, "version": 227}
{"obj": {"type": "LogFloats", "path": ["monitoring", "memory"], "values": [{"value": 2.0001754760742188, "step": null, "ts": 1666004080.3144355}]}, "version": 228}
{"obj": {"type": "LogFloats", "path": ["monitoring", "gpu_memory_0"], "values": [{"value": 0.23089599609375, "step": null, "ts": 1666004080.3144355}]}, "version": 229}
{"obj": {"type": "LogFloats", "path": ["monitoring", "gpu_memory_1"], "values": [{"value": 0.2296142578125, "step": null, "ts": 1666004080.3144355}]}, "version": 230}
{"obj": {"type": "LogFloats", "path": ["monitoring", "memory"], "values": [{"value": 2.000171661376953, "step": null, "ts": 1666004090.3290908}]}, "version": 231}
{"obj": {"type": "LogFloats", "path": ["monitoring", "gpu_memory_0"], "values": [{"value": 0.23089599609375, "step": null, "ts": 1666004090.3290908}]}, "version": 232}
{"obj": {"type": "LogFloats", "path": ["monitoring", "gpu_memory_1"], "values": [{"value": 0.2296142578125, "step": null, "ts": 1666004090.3290908}]}, "version": 233}
{"obj": {"type": "LogFloats", "path": ["monitoring", "memory"], "values": [{"value": 2.000171661376953, "step": null, "ts": 1666004100.341613}]}, "version": 234}
{"obj": {"type": "LogFloats", "path": ["monitoring", "gpu_memory_0"], "values": [{"value": 0.23089599609375, "step": null, "ts": 1666004100.341613}]}, "version": 235}
{"obj": {"type": "LogFloats", "path": ["monitoring", "gpu_memory_1"], "values": [{"value": 0.2296142578125, "step": null, "ts": 1666004100.341613}]}, "version": 236}
{"obj": {"type": "LogFloats", "path": ["monitoring", "cpu"], "values": [{"value": 2.4, "step": null, "ts": 1666004110.356687}]}, "version": 237}
{"obj": {"type": "LogFloats", "path": ["monitoring", "memory"], "values": [{"value": 1.9988212585449219, "step": null, "ts": 1666004110.356687}]}, "version": 238}
{"obj": {"type": "LogFloats", "path": ["monitoring", "gpu_memory_0"], "values": [{"value": 0.23089599609375, "step": null, "ts": 1666004110.356687}]}, "version": 239}
{"obj": {"type": "LogFloats", "path": ["monitoring", "gpu_memory_1"], "values": [{"value": 0.2296142578125, "step": null, "ts": 1666004110.356687}]}, "version": 240}
{"obj": {"type": "LogFloats", "path": ["monitoring", "memory"], "values": [{"value": 1.9988212585449219, "step": null, "ts": 1666004120.3719792}]}, "version": 241}
{"obj": {"type": "LogFloats", "path": ["monitoring", "gpu_memory_0"], "values": [{"value": 0.23089599609375, "step": null, "ts": 1666004120.3719792}]}, "version": 242}
{"obj": {"type": "LogFloats", "path": ["monitoring", "gpu_memory_1"], "values": [{"value": 0.2296142578125, "step": null, "ts": 1666004120.3719792}]}, "version": 243}
{"obj": {"type": "LogFloats", "path": ["monitoring", "memory"], "values": [{"value": 1.9988059997558594, "step": null, "ts": 1666004130.3861072}]}, "version": 244}
{"obj": {"type": "LogFloats", "path": ["monitoring", "gpu_memory_0"], "values": [{"value": 0.23089599609375, "step": null, "ts": 1666004130.3861072}]}, "version": 245}
{"obj": {"type": "LogFloats", "path": ["monitoring", "gpu_memory_1"], "values": [{"value": 0.2296142578125, "step": null, "ts": 1666004130.3861072}]}, "version": 246}
{"obj": {"type": "LogFloats", "path": ["monitoring", "memory"], "values": [{"value": 1.9987907409667969, "step": null, "ts": 1666004140.3975391}]}, "version": 247}
{"obj": {"type": "LogFloats", "path": ["monitoring", "gpu_memory_0"], "values": [{"value": 0.23089599609375, "step": null, "ts": 1666004140.3975391}]}, "version": 248}
{"obj": {"type": "LogFloats", "path": ["monitoring", "gpu_memory_1"], "values": [{"value": 0.2296142578125, "step": null, "ts": 1666004140.3975391}]}, "version": 249}
{"obj": {"type": "LogFloats", "path": ["monitoring", "memory"], "values": [{"value": 1.9987907409667969, "step": null, "ts": 1666004150.4096136}]}, "version": 250}
{"obj": {"type": "LogFloats", "path": ["monitoring", "gpu_memory_0"], "values": [{"value": 0.23089599609375, "step": null, "ts": 1666004150.4096136}]}, "version": 251}
{"obj": {"type": "LogFloats", "path": ["monitoring", "gpu_memory_1"], "values": [{"value": 0.2296142578125, "step": null, "ts": 1666004150.4096136}]}, "version": 252}
{"obj": {"type": "LogFloats", "path": ["monitoring", "memory"], "values": [{"value": 1.9987831115722656, "step": null, "ts": 1666004160.4245028}]}, "version": 253}
{"obj": {"type": "LogFloats", "path": ["monitoring", "gpu_memory_0"], "values": [{"value": 0.23089599609375, "step": null, "ts": 1666004160.4245028}]}, "version": 254}
{"obj": {"type": "LogFloats", "path": ["monitoring", "gpu_memory_1"], "values": [{"value": 0.2296142578125, "step": null, "ts": 1666004160.4245028}]}, "version": 255}
{"obj": {"type": "LogFloats", "path": ["monitoring", "memory"], "values": [{"value": 1.998779296875, "step": null, "ts": 1666004170.438323}]}, "version": 256}
{"obj": {"type": "LogFloats", "path": ["monitoring", "gpu_memory_0"], "values": [{"value": 0.23089599609375, "step": null, "ts": 1666004170.438323}]}, "version": 257}
{"obj": {"type": "LogFloats", "path": ["monitoring", "gpu_memory_1"], "values": [{"value": 0.2296142578125, "step": null, "ts": 1666004170.438323}]}, "version": 258}
{"obj": {"type": "LogFloats", "path": ["monitoring", "memory"], "values": [{"value": 1.9985198974609375, "step": null, "ts": 1666004180.4518785}]}, "version": 259}
{"obj": {"type": "LogFloats", "path": ["monitoring", "gpu_memory_0"], "values": [{"value": 0.23089599609375, "step": null, "ts": 1666004180.4518785}]}, "version": 260}
{"obj": {"type": "LogFloats", "path": ["monitoring", "gpu_memory_1"], "values": [{"value": 0.2296142578125, "step": null, "ts": 1666004180.4518785}]}, "version": 261}
{"obj": {"type": "LogFloats", "path": ["monitoring", "memory"], "values": [{"value": 1.9985122680664062, "step": null, "ts": 1666004190.4661424}]}, "version": 262}
{"obj": {"type": "LogFloats", "path": ["monitoring", "gpu_memory_0"], "values": [{"value": 0.23089599609375, "step": null, "ts": 1666004190.4661424}]}, "version": 263}
{"obj": {"type": "LogFloats", "path": ["monitoring", "gpu_memory_1"], "values": [{"value": 0.2296142578125, "step": null, "ts": 1666004190.4661424}]}, "version": 264}
{"obj": {"type": "LogFloats", "path": ["monitoring", "memory"], "values": [{"value": 1.998504638671875, "step": null, "ts": 1666004200.4805143}]}, "version": 265}
{"obj": {"type": "LogFloats", "path": ["monitoring", "gpu_memory_0"], "values": [{"value": 0.23089599609375, "step": null, "ts": 1666004200.4805143}]}, "version": 266}
{"obj": {"type": "LogFloats", "path": ["monitoring", "gpu_memory_1"], "values": [{"value": 0.2296142578125, "step": null, "ts": 1666004200.4805143}]}, "version": 267}
{"obj": {"type": "LogFloats", "path": ["monitoring", "memory"], "values": [{"value": 1.998504638671875, "step": null, "ts": 1666004210.4937723}]}, "version": 268}
{"obj": {"type": "LogFloats", "path": ["monitoring", "gpu_memory_0"], "values": [{"value": 0.23089599609375, "step": null, "ts": 1666004210.4937723}]}, "version": 269}
{"obj": {"type": "LogFloats", "path": ["monitoring", "gpu_memory_1"], "values": [{"value": 0.2296142578125, "step": null, "ts": 1666004210.4937723}]}, "version": 270}
{"obj": {"type": "LogFloats", "path": ["monitoring", "memory"], "values": [{"value": 1.9985008239746094, "step": null, "ts": 1666004220.5082362}]}, "version": 271}
{"obj": {"type": "LogFloats", "path": ["monitoring", "gpu_memory_0"], "values": [{"value": 0.23089599609375, "step": null, "ts": 1666004220.5082362}]}, "version": 272}
{"obj": {"type": "LogFloats", "path": ["monitoring", "gpu_memory_1"], "values": [{"value": 0.2296142578125, "step": null, "ts": 1666004220.5082362}]}, "version": 273}
{"obj": {"type": "LogFloats", "path": ["monitoring", "memory"], "values": [{"value": 1.9984970092773438, "step": null, "ts": 1666004230.5205827}]}, "version": 274}
{"obj": {"type": "LogFloats", "path": ["monitoring", "gpu_memory_0"], "values": [{"value": 0.23089599609375, "step": null, "ts": 1666004230.5205827}]}, "version": 275}
{"obj": {"type": "LogFloats", "path": ["monitoring", "gpu_memory_1"], "values": [{"value": 0.2296142578125, "step": null, "ts": 1666004230.5205827}]}, "version": 276}
{"obj": {"type": "LogFloats", "path": ["monitoring", "memory"], "values": [{"value": 1.9984817504882812, "step": null, "ts": 1666004240.5337589}]}, "version": 277}
{"obj": {"type": "LogFloats", "path": ["monitoring", "gpu_memory_0"], "values": [{"value": 0.23089599609375, "step": null, "ts": 1666004240.5337589}]}, "version": 278}
{"obj": {"type": "LogFloats", "path": ["monitoring", "gpu_memory_1"], "values": [{"value": 0.2296142578125, "step": null, "ts": 1666004240.5337589}]}, "version": 279}
{"obj": {"type": "LogFloats", "path": ["monitoring", "memory"], "values": [{"value": 1.9984779357910156, "step": null, "ts": 1666004250.5458992}]}, "version": 280}
{"obj": {"type": "LogFloats", "path": ["monitoring", "gpu_memory_0"], "values": [{"value": 0.23089599609375, "step": null, "ts": 1666004250.5458992}]}, "version": 281}
{"obj": {"type": "LogFloats", "path": ["monitoring", "gpu_memory_1"], "values": [{"value": 0.2296142578125, "step": null, "ts": 1666004250.5458992}]}, "version": 282}
{"obj": {"type": "LogFloats", "path": ["monitoring", "memory"], "values": [{"value": 1.9984779357910156, "step": null, "ts": 1666004260.5604837}]}, "version": 283}
{"obj": {"type": "LogFloats", "path": ["monitoring", "gpu_memory_0"], "values": [{"value": 0.23089599609375, "step": null, "ts": 1666004260.5604837}]}, "version": 284}
{"obj": {"type": "LogFloats", "path": ["monitoring", "gpu_memory_1"], "values": [{"value": 0.2296142578125, "step": null, "ts": 1666004260.5604837}]}, "version": 285}
{"obj": {"type": "LogFloats", "path": ["monitoring", "memory"], "values": [{"value": 1.9984779357910156, "step": null, "ts": 1666004270.5742412}]}, "version": 286}
{"obj": {"type": "LogFloats", "path": ["monitoring", "gpu_memory_0"], "values": [{"value": 0.23089599609375, "step": null, "ts": 1666004270.5742412}]}, "version": 287}
{"obj": {"type": "LogFloats", "path": ["monitoring", "gpu_memory_1"], "values": [{"value": 0.2296142578125, "step": null, "ts": 1666004270.5742412}]}, "version": 288}
{"obj": {"type": "LogFloats", "path": ["monitoring", "memory"], "values": [{"value": 1.9984779357910156, "step": null, "ts": 1666004280.5887353}]}, "version": 289}
{"obj": {"type": "LogFloats", "path": ["monitoring", "gpu_memory_0"], "values": [{"value": 0.23089599609375, "step": null, "ts": 1666004280.5887353}]}, "version": 290}
{"obj": {"type": "LogFloats", "path": ["monitoring", "gpu_memory_1"], "values": [{"value": 0.2296142578125, "step": null, "ts": 1666004280.5887353}]}, "version": 291}
{"obj": {"type": "LogFloats", "path": ["monitoring", "memory"], "values": [{"value": 1.9984779357910156, "step": null, "ts": 1666004290.601517}]}, "version": 292}
{"obj": {"type": "LogFloats", "path": ["monitoring", "gpu_memory_0"], "values": [{"value": 0.23089599609375, "step": null, "ts": 1666004290.601517}]}, "version": 293}
{"obj": {"type": "LogFloats", "path": ["monitoring", "gpu_memory_1"], "values": [{"value": 0.2296142578125, "step": null, "ts": 1666004290.601517}]}, "version": 294}
{"obj": {"type": "LogFloats", "path": ["monitoring", "memory"], "values": [{"value": 1.9984779357910156, "step": null, "ts": 1666004300.614056}]}, "version": 295}
{"obj": {"type": "LogFloats", "path": ["monitoring", "gpu_memory_0"], "values": [{"value": 0.23089599609375, "step": null, "ts": 1666004300.614056}]}, "version": 296}
{"obj": {"type": "LogFloats", "path": ["monitoring", "gpu_memory_1"], "values": [{"value": 0.2296142578125, "step": null, "ts": 1666004300.614056}]}, "version": 297}
{"obj": {"type": "LogFloats", "path": ["monitoring", "memory"], "values": [{"value": 1.9984779357910156, "step": null, "ts": 1666004310.6285336}]}, "version": 298}
{"obj": {"type": "LogFloats", "path": ["monitoring", "gpu_memory_0"], "values": [{"value": 0.23089599609375, "step": null, "ts": 1666004310.6285336}]}, "version": 299}
{"obj": {"type": "LogFloats", "path": ["monitoring", "gpu_memory_1"], "values": [{"value": 0.2296142578125, "step": null, "ts": 1666004310.6285336}]}, "version": 300}
{"obj": {"type": "LogFloats", "path": ["monitoring", "memory"], "values": [{"value": 1.9984779357910156, "step": null, "ts": 1666004320.6425824}]}, "version": 301}
{"obj": {"type": "LogFloats", "path": ["monitoring", "gpu_memory_0"], "values": [{"value": 0.23089599609375, "step": null, "ts": 1666004320.6425824}]}, "version": 302}
{"obj": {"type": "LogFloats", "path": ["monitoring", "gpu_memory_1"], "values": [{"value": 0.2296142578125, "step": null, "ts": 1666004320.6425824}]}, "version": 303}
{"obj": {"type": "LogFloats", "path": ["monitoring", "memory"], "values": [{"value": 1.99847412109375, "step": null, "ts": 1666004330.654823}]}, "version": 304}
{"obj": {"type": "LogFloats", "path": ["monitoring", "gpu_memory_0"], "values": [{"value": 0.23089599609375, "step": null, "ts": 1666004330.654823}]}, "version": 305}
{"obj": {"type": "LogFloats", "path": ["monitoring", "gpu_memory_1"], "values": [{"value": 0.2296142578125, "step": null, "ts": 1666004330.654823}]}, "version": 306}
{"obj": {"type": "LogFloats", "path": ["monitoring", "memory"], "values": [{"value": 1.99847412109375, "step": null, "ts": 1666004340.6673667}]}, "version": 307}
{"obj": {"type": "LogFloats", "path": ["monitoring", "gpu_memory_0"], "values": [{"value": 0.23089599609375, "step": null, "ts": 1666004340.6673667}]}, "version": 308}
{"obj": {"type": "LogFloats", "path": ["monitoring", "gpu_memory_1"], "values": [{"value": 0.2296142578125, "step": null, "ts": 1666004340.6673667}]}, "version": 309}
{"obj": {"type": "LogFloats", "path": ["monitoring", "memory"], "values": [{"value": 1.9984588623046875, "step": null, "ts": 1666004350.6793418}]}, "version": 310}
{"obj": {"type": "LogFloats", "path": ["monitoring", "gpu_memory_0"], "values": [{"value": 0.23089599609375, "step": null, "ts": 1666004350.6793418}]}, "version": 311}
{"obj": {"type": "LogFloats", "path": ["monitoring", "gpu_memory_1"], "values": [{"value": 0.2296142578125, "step": null, "ts": 1666004350.6793418}]}, "version": 312}
{"obj": {"type": "LogFloats", "path": ["monitoring", "memory"], "values": [{"value": 1.9984512329101562, "step": null, "ts": 1666004360.6934142}]}, "version": 313}
{"obj": {"type": "LogFloats", "path": ["monitoring", "gpu_memory_0"], "values": [{"value": 0.23089599609375, "step": null, "ts": 1666004360.6934142}]}, "version": 314}
{"obj": {"type": "LogFloats", "path": ["monitoring", "gpu_memory_1"], "values": [{"value": 0.2296142578125, "step": null, "ts": 1666004360.6934142}]}, "version": 315}
{"obj": {"type": "LogFloats", "path": ["monitoring", "memory"], "values": [{"value": 1.9984512329101562, "step": null, "ts": 1666004370.7060835}]}, "version": 316}
{"obj": {"type": "LogFloats", "path": ["monitoring", "gpu_memory_0"], "values": [{"value": 0.23089599609375, "step": null, "ts": 1666004370.7060835}]}, "version": 317}
{"obj": {"type": "LogFloats", "path": ["monitoring", "gpu_memory_1"], "values": [{"value": 0.2296142578125, "step": null, "ts": 1666004370.7060835}]}, "version": 318}
{"obj": {"type": "LogFloats", "path": ["monitoring", "memory"], "values": [{"value": 1.9984512329101562, "step": null, "ts": 1666004380.720498}]}, "version": 319}
{"obj": {"type": "LogFloats", "path": ["monitoring", "gpu_memory_0"], "values": [{"value": 0.23089599609375, "step": null, "ts": 1666004380.720498}]}, "version": 320}
{"obj": {"type": "LogFloats", "path": ["monitoring", "gpu_memory_1"], "values": [{"value": 0.2296142578125, "step": null, "ts": 1666004380.720498}]}, "version": 321}
{"obj": {"type": "LogFloats", "path": ["monitoring", "memory"], "values": [{"value": 1.9984512329101562, "step": null, "ts": 1666004390.7336621}]}, "version": 322}
{"obj": {"type": "LogFloats", "path": ["monitoring", "gpu_memory_0"], "values": [{"value": 0.23089599609375, "step": null, "ts": 1666004390.7336621}]}, "version": 323}
{"obj": {"type": "LogFloats", "path": ["monitoring", "gpu_memory_1"], "values": [{"value": 0.2296142578125, "step": null, "ts": 1666004390.7336621}]}, "version": 324}
{"obj": {"type": "LogFloats", "path": ["monitoring", "memory"], "values": [{"value": 1.9984512329101562, "step": null, "ts": 1666004400.7454517}]}, "version": 325}
{"obj": {"type": "LogFloats", "path": ["monitoring", "gpu_memory_0"], "values": [{"value": 0.23089599609375, "step": null, "ts": 1666004400.7454517}]}, "version": 326}
{"obj": {"type": "LogFloats", "path": ["monitoring", "gpu_memory_1"], "values": [{"value": 0.2296142578125, "step": null, "ts": 1666004400.7454517}]}, "version": 327}
{"obj": {"type": "LogFloats", "path": ["monitoring", "cpu"], "values": [{"value": 2.4, "step": null, "ts": 1666004410.758544}]}, "version": 328}
{"obj": {"type": "LogFloats", "path": ["monitoring", "memory"], "values": [{"value": 1.9988174438476562, "step": null, "ts": 1666004410.758544}]}, "version": 329}
{"obj": {"type": "LogFloats", "path": ["monitoring", "gpu_memory_0"], "values": [{"value": 0.23089599609375, "step": null, "ts": 1666004410.758544}]}, "version": 330}
{"obj": {"type": "LogFloats", "path": ["monitoring", "gpu_memory_1"], "values": [{"value": 0.2296142578125, "step": null, "ts": 1666004410.758544}]}, "version": 331}
{"obj": {"type": "LogFloats", "path": ["monitoring", "memory"], "values": [{"value": 1.9992637634277344, "step": null, "ts": 1666004420.7765987}]}, "version": 332}
{"obj": {"type": "LogFloats", "path": ["monitoring", "gpu_memory_0"], "values": [{"value": 0.23089599609375, "step": null, "ts": 1666004420.7765987}]}, "version": 333}
{"obj": {"type": "LogFloats", "path": ["monitoring", "gpu_memory_1"], "values": [{"value": 0.2296142578125, "step": null, "ts": 1666004420.7765987}]}, "version": 334}
{"obj": {"type": "LogFloats", "path": ["monitoring", "memory"], "values": [{"value": 1.9992561340332031, "step": null, "ts": 1666004430.790311}]}, "version": 335}
{"obj": {"type": "LogFloats", "path": ["monitoring", "gpu_memory_0"], "values": [{"value": 0.23089599609375, "step": null, "ts": 1666004430.790311}]}, "version": 336}
{"obj": {"type": "LogFloats", "path": ["monitoring", "gpu_memory_1"], "values": [{"value": 0.2296142578125, "step": null, "ts": 1666004430.790311}]}, "version": 337}
{"obj": {"type": "LogFloats", "path": ["monitoring", "memory"], "values": [{"value": 1.9992561340332031, "step": null, "ts": 1666004440.803753}]}, "version": 338}
{"obj": {"type": "LogFloats", "path": ["monitoring", "gpu_memory_0"], "values": [{"value": 0.23089599609375, "step": null, "ts": 1666004440.803753}]}, "version": 339}
{"obj": {"type": "LogFloats", "path": ["monitoring", "gpu_memory_1"], "values": [{"value": 0.2296142578125, "step": null, "ts": 1666004440.803753}]}, "version": 340}
{"obj": {"type": "LogFloats", "path": ["monitoring", "memory"], "values": [{"value": 1.9992485046386719, "step": null, "ts": 1666004450.816542}]}, "version": 341}
{"obj": {"type": "LogFloats", "path": ["monitoring", "gpu_memory_0"], "values": [{"value": 0.23089599609375, "step": null, "ts": 1666004450.816542}]}, "version": 342}
{"obj": {"type": "LogFloats", "path": ["monitoring", "gpu_memory_1"], "values": [{"value": 0.2296142578125, "step": null, "ts": 1666004450.816542}]}, "version": 343}
{"obj": {"type": "LogFloats", "path": ["monitoring", "memory"], "values": [{"value": 1.9992485046386719, "step": null, "ts": 1666004460.83001}]}, "version": 344}
{"obj": {"type": "LogFloats", "path": ["monitoring", "gpu_memory_0"], "values": [{"value": 0.23089599609375, "step": null, "ts": 1666004460.83001}]}, "version": 345}
{"obj": {"type": "LogFloats", "path": ["monitoring", "gpu_memory_1"], "values": [{"value": 0.2296142578125, "step": null, "ts": 1666004460.83001}]}, "version": 346}
{"obj": {"type": "LogFloats", "path": ["monitoring", "memory"], "values": [{"value": 1.9992485046386719, "step": null, "ts": 1666004470.8442621}]}, "version": 347}
{"obj": {"type": "LogFloats", "path": ["monitoring", "gpu_memory_0"], "values": [{"value": 0.23089599609375, "step": null, "ts": 1666004470.8442621}]}, "version": 348}
{"obj": {"type": "LogFloats", "path": ["monitoring", "gpu_memory_1"], "values": [{"value": 0.2296142578125, "step": null, "ts": 1666004470.8442621}]}, "version": 349}
{"obj": {"type": "LogFloats", "path": ["monitoring", "memory"], "values": [{"value": 1.9992485046386719, "step": null, "ts": 1666004480.8573365}]}, "version": 350}
{"obj": {"type": "LogFloats", "path": ["monitoring", "gpu_memory_0"], "values": [{"value": 0.23089599609375, "step": null, "ts": 1666004480.8573365}]}, "version": 351}
{"obj": {"type": "LogFloats", "path": ["monitoring", "gpu_memory_1"], "values": [{"value": 0.2296142578125, "step": null, "ts": 1666004480.8573365}]}, "version": 352}
{"obj": {"type": "LogFloats", "path": ["monitoring", "memory"], "values": [{"value": 1.9992485046386719, "step": null, "ts": 1666004490.870142}]}, "version": 353}
{"obj": {"type": "LogFloats", "path": ["monitoring", "gpu_memory_0"], "values": [{"value": 0.23089599609375, "step": null, "ts": 1666004490.870142}]}, "version": 354}
{"obj": {"type": "LogFloats", "path": ["monitoring", "gpu_memory_1"], "values": [{"value": 0.2296142578125, "step": null, "ts": 1666004490.870142}]}, "version": 355}
{"obj": {"type": "LogFloats", "path": ["monitoring", "memory"], "values": [{"value": 1.9992446899414062, "step": null, "ts": 1666004500.884555}]}, "version": 356}
{"obj": {"type": "LogFloats", "path": ["monitoring", "gpu_memory_0"], "values": [{"value": 0.23089599609375, "step": null, "ts": 1666004500.884555}]}, "version": 357}
{"obj": {"type": "LogFloats", "path": ["monitoring", "gpu_memory_1"], "values": [{"value": 0.2296142578125, "step": null, "ts": 1666004500.884555}]}, "version": 358}
{"obj": {"type": "LogFloats", "path": ["monitoring", "memory"], "values": [{"value": 1.999237060546875, "step": null, "ts": 1666004510.8973808}]}, "version": 359}
{"obj": {"type": "LogFloats", "path": ["monitoring", "gpu_memory_0"], "values": [{"value": 0.23089599609375, "step": null, "ts": 1666004510.8973808}]}, "version": 360}
{"obj": {"type": "LogFloats", "path": ["monitoring", "gpu_memory_1"], "values": [{"value": 0.2296142578125, "step": null, "ts": 1666004510.8973808}]}, "version": 361}
{"obj": {"type": "LogFloats", "path": ["monitoring", "memory"], "values": [{"value": 1.999237060546875, "step": null, "ts": 1666004520.9108808}]}, "version": 362}
{"obj": {"type": "LogFloats", "path": ["monitoring", "gpu_memory_0"], "values": [{"value": 0.23089599609375, "step": null, "ts": 1666004520.9108808}]}, "version": 363}
{"obj": {"type": "LogFloats", "path": ["monitoring", "gpu_memory_1"], "values": [{"value": 0.2296142578125, "step": null, "ts": 1666004520.9108808}]}, "version": 364}
{"obj": {"type": "LogFloats", "path": ["monitoring", "memory"], "values": [{"value": 1.999237060546875, "step": null, "ts": 1666004530.9244397}]}, "version": 365}
{"obj": {"type": "LogFloats", "path": ["monitoring", "gpu_memory_0"], "values": [{"value": 0.23089599609375, "step": null, "ts": 1666004530.9244397}]}, "version": 366}
{"obj": {"type": "LogFloats", "path": ["monitoring", "gpu_memory_1"], "values": [{"value": 0.2296142578125, "step": null, "ts": 1666004530.9244397}]}, "version": 367}
{"obj": {"type": "LogFloats", "path": ["monitoring", "memory"], "values": [{"value": 1.9992294311523438, "step": null, "ts": 1666004540.9384534}]}, "version": 368}
{"obj": {"type": "LogFloats", "path": ["monitoring", "gpu_memory_0"], "values": [{"value": 0.23089599609375, "step": null, "ts": 1666004540.9384534}]}, "version": 369}
{"obj": {"type": "LogFloats", "path": ["monitoring", "gpu_memory_1"], "values": [{"value": 0.2296142578125, "step": null, "ts": 1666004540.9384534}]}, "version": 370}
{"obj": {"type": "LogFloats", "path": ["monitoring", "memory"], "values": [{"value": 1.9992294311523438, "step": null, "ts": 1666004550.9519176}]}, "version": 371}
{"obj": {"type": "LogFloats", "path": ["monitoring", "gpu_memory_0"], "values": [{"value": 0.23089599609375, "step": null, "ts": 1666004550.9519176}]}, "version": 372}
{"obj": {"type": "LogFloats", "path": ["monitoring", "gpu_memory_1"], "values": [{"value": 0.2296142578125, "step": null, "ts": 1666004550.9519176}]}, "version": 373}
{"obj": {"type": "LogFloats", "path": ["monitoring", "memory"], "values": [{"value": 1.9992294311523438, "step": null, "ts": 1666004560.9664998}]}, "version": 374}
{"obj": {"type": "LogFloats", "path": ["monitoring", "gpu_memory_0"], "values": [{"value": 0.23089599609375, "step": null, "ts": 1666004560.9664998}]}, "version": 375}
{"obj": {"type": "LogFloats", "path": ["monitoring", "gpu_memory_1"], "values": [{"value": 0.2296142578125, "step": null, "ts": 1666004560.9664998}]}, "version": 376}
{"obj": {"type": "LogFloats", "path": ["monitoring", "memory"], "values": [{"value": 1.9992294311523438, "step": null, "ts": 1666004570.980328}]}, "version": 377}
{"obj": {"type": "LogFloats", "path": ["monitoring", "gpu_memory_0"], "values": [{"value": 0.23089599609375, "step": null, "ts": 1666004570.980328}]}, "version": 378}
{"obj": {"type": "LogFloats", "path": ["monitoring", "gpu_memory_1"], "values": [{"value": 0.2296142578125, "step": null, "ts": 1666004570.980328}]}, "version": 379}
{"obj": {"type": "LogFloats", "path": ["monitoring", "memory"], "values": [{"value": 1.9992256164550781, "step": null, "ts": 1666004580.9939735}]}, "version": 380}
{"obj": {"type": "LogFloats", "path": ["monitoring", "gpu_memory_0"], "values": [{"value": 0.23089599609375, "step": null, "ts": 1666004580.9939735}]}, "version": 381}
{"obj": {"type": "LogFloats", "path": ["monitoring", "gpu_memory_1"], "values": [{"value": 0.2296142578125, "step": null, "ts": 1666004580.9939735}]}, "version": 382}
{"obj": {"type": "LogFloats", "path": ["monitoring", "memory"], "values": [{"value": 1.9992256164550781, "step": null, "ts": 1666004591.0079126}]}, "version": 383}
{"obj": {"type": "LogFloats", "path": ["monitoring", "gpu_memory_0"], "values": [{"value": 0.23089599609375, "step": null, "ts": 1666004591.0079126}]}, "version": 384}
{"obj": {"type": "LogFloats", "path": ["monitoring", "gpu_memory_1"], "values": [{"value": 0.2296142578125, "step": null, "ts": 1666004591.0079126}]}, "version": 385}
{"obj": {"type": "LogFloats", "path": ["monitoring", "memory"], "values": [{"value": 1.9992256164550781, "step": null, "ts": 1666004601.0208297}]}, "version": 386}
{"obj": {"type": "LogFloats", "path": ["monitoring", "gpu_memory_0"], "values": [{"value": 0.23089599609375, "step": null, "ts": 1666004601.0208297}]}, "version": 387}
{"obj": {"type": "LogFloats", "path": ["monitoring", "gpu_memory_1"], "values": [{"value": 0.2296142578125, "step": null, "ts": 1666004601.0208297}]}, "version": 388}
{"obj": {"type": "LogFloats", "path": ["monitoring", "memory"], "values": [{"value": 1.9992256164550781, "step": null, "ts": 1666004611.033505}]}, "version": 389}
{"obj": {"type": "LogFloats", "path": ["monitoring", "gpu_memory_0"], "values": [{"value": 0.23089599609375, "step": null, "ts": 1666004611.033505}]}, "version": 390}
{"obj": {"type": "LogFloats", "path": ["monitoring", "gpu_memory_1"], "values": [{"value": 0.2296142578125, "step": null, "ts": 1666004611.033505}]}, "version": 391}
{"obj": {"type": "LogFloats", "path": ["monitoring", "memory"], "values": [{"value": 1.9992256164550781, "step": null, "ts": 1666004621.04877}]}, "version": 392}
{"obj": {"type": "LogFloats", "path": ["monitoring", "gpu_memory_0"], "values": [{"value": 0.23089599609375, "step": null, "ts": 1666004621.04877}]}, "version": 393}
{"obj": {"type": "LogFloats", "path": ["monitoring", "gpu_memory_1"], "values": [{"value": 0.2296142578125, "step": null, "ts": 1666004621.04877}]}, "version": 394}
{"obj": {"type": "LogFloats", "path": ["monitoring", "memory"], "values": [{"value": 1.9992256164550781, "step": null, "ts": 1666004631.0613153}]}, "version": 395}
{"obj": {"type": "LogFloats", "path": ["monitoring", "gpu_memory_0"], "values": [{"value": 0.23089599609375, "step": null, "ts": 1666004631.0613153}]}, "version": 396}
{"obj": {"type": "LogFloats", "path": ["monitoring", "gpu_memory_1"], "values": [{"value": 0.2296142578125, "step": null, "ts": 1666004631.0613153}]}, "version": 397}
{"obj": {"type": "LogFloats", "path": ["monitoring", "memory"], "values": [{"value": 1.9992256164550781, "step": null, "ts": 1666004641.0742989}]}, "version": 398}
{"obj": {"type": "LogFloats", "path": ["monitoring", "gpu_memory_0"], "values": [{"value": 0.23089599609375, "step": null, "ts": 1666004641.0742989}]}, "version": 399}
{"obj": {"type": "LogFloats", "path": ["monitoring", "gpu_memory_1"], "values": [{"value": 0.2296142578125, "step": null, "ts": 1666004641.0742989}]}, "version": 400}
{"obj": {"type": "LogStrings", "path": ["monitoring", "stderr"], "values": [{"value": "", "step": null, "ts": 1666004647.8074558}]}, "version": 401}
{"obj": {"type": "LogStrings", "path": ["monitoring", "stderr"], "values": [{"value": "Run BCMAC-18 received abort signal. Exiting\n", "step": null, "ts": 1666004647.8120458}]}, "version": 402}
{"obj": {"type": "AssignBool", "path": ["sys", "failed"], "value": true}, "version": 403}
{"obj": {"type": "LogStrings", "path": ["monitoring", "stdout"], "values": [{"value": "Shutting down background jobs, please wait a moment...\n", "step": null, "ts": 1666004647.819865}]}, "version": 404}
