{"obj": {"type": "AssignString", "path": ["sys", "name"], "value": "Untitled"}, "version": 1}
{"obj": {"type": "AssignString", "path": ["sys", "description"], "value": ""}, "version": 2}
{"obj": {"type": "AssignString", "path": ["sys", "hostname"], "value": "node6"}, "version": 3}
{"obj": {"type": "AssignBool", "path": ["sys", "failed"], "value": false}, "version": 4}
{"obj": {"type": "ClearStringLog", "path": ["monitoring", "stdout"]}, "version": 5}
{"obj": {"type": "ClearStringLog", "path": ["monitoring", "stderr"]}, "version": 6}
{"obj": {"type": "UploadFileSet", "path": ["source_code", "files"], "file_globs": ["/home/aron/BCM_activity_classification/train_model.ipynb", "/home/aron/BCM_activity_classification/model.py", "/home/aron/BCM_activity_classification/BCM_dataset_v2.py"], "reset": "False"}, "version": 7}
{"obj": {"type": "ConfigFloatSeries", "path": ["monitoring", "cpu"], "min": 0.0, "max": 100.0, "unit": "%"}, "version": 8}
{"obj": {"type": "ClearFloatLog", "path": ["monitoring", "cpu"]}, "version": 9}
{"obj": {"type": "ConfigFloatSeries", "path": ["monitoring", "memory"], "min": 0.0, "max": 62.711673736572266, "unit": "GB"}, "version": 10}
{"obj": {"type": "ClearFloatLog", "path": ["monitoring", "memory"]}, "version": 11}
{"obj": {"type": "ConfigFloatSeries", "path": ["monitoring", "gpu_0"], "min": 0.0, "max": 100.0, "unit": "%"}, "version": 12}
{"obj": {"type": "ClearFloatLog", "path": ["monitoring", "gpu_0"]}, "version": 13}
{"obj": {"type": "ConfigFloatSeries", "path": ["monitoring", "gpu_1"], "min": 0.0, "max": 100.0, "unit": "%"}, "version": 14}
{"obj": {"type": "ClearFloatLog", "path": ["monitoring", "gpu_1"]}, "version": 15}
{"obj": {"type": "ConfigFloatSeries", "path": ["monitoring", "gpu_memory_0"], "min": 0.0, "max": 12.0, "unit": "GB"}, "version": 16}
{"obj": {"type": "ClearFloatLog", "path": ["monitoring", "gpu_memory_0"]}, "version": 17}
{"obj": {"type": "ConfigFloatSeries", "path": ["monitoring", "gpu_memory_1"], "min": 0.0, "max": 12.0, "unit": "GB"}, "version": 18}
{"obj": {"type": "ClearFloatLog", "path": ["monitoring", "gpu_memory_1"]}, "version": 19}
{"obj": {"type": "LogStrings", "path": ["monitoring", "stdout"], "values": [{"value": "", "step": null, "ts": 1668463360.3904974}]}, "version": 20}
{"obj": {"type": "LogFloats", "path": ["monitoring", "cpu"], "values": [{"value": 11.7, "step": null, "ts": 1668463360.3888066}]}, "version": 21}
{"obj": {"type": "LogStrings", "path": ["monitoring", "stdout"], "values": [{"value": "Remember to stop your run once you\u2019ve finished logging your metadata (https://docs.neptune.ai/api-reference/run#.stop). It will be stopped automatically only when the notebook kernel/interactive console is terminated.\n", "step": null, "ts": 1668463360.3952203}]}, "version": 22}
{"obj": {"type": "LogFloats", "path": ["monitoring", "memory"], "values": [{"value": 6.176902770996094, "step": null, "ts": 1668463360.3888066}]}, "version": 23}
{"obj": {"type": "LogFloats", "path": ["monitoring", "gpu_memory_0"], "values": [{"value": 1.33013916015625, "step": null, "ts": 1668463360.3888066}]}, "version": 24}
{"obj": {"type": "LogFloats", "path": ["monitoring", "gpu_memory_1"], "values": [{"value": 0.232177734375, "step": null, "ts": 1668463360.3888066}]}, "version": 25}
{"obj": {"type": "AssignString", "path": ["source_code", "integrations", "pytorch-lightning"], "value": "1.7.5"}, "version": 26}
{"obj": {"type": "LogStrings", "path": ["metadata", "file_path"], "values": [{"value": "['bcm_behaviour_data_multi_subject/subject2/2022-11-09_14-34-16', 'bcm_behaviour_data_multi_subject/subject2/2022-11-09_14-52-7', 'bcm_behaviour_data_multi_subject/subject2/2022-11-09_14-15-6', 'bcm_behaviour_data_multi_subject/subject2/2022-11-09_13-56-0', 'bcm_behaviour_data_multi_subject/subject3/2022-11-09_15-47-1', 'bcm_behaviour_data_multi_subject/subject3/2022-11-09_16-26-13', 'bcm_behaviour_data_multi_subject/subject3/2022-11-09_15-27-14', 'bcm_behaviour_data_multi_subject/subject3/2022-11-09_16-7-9']", "step": null, "ts": 1668463361.067876}, {"value": "['bcm_behaviour_data_multi_subject/subject1/2022-09-20_15-38-11'\n 'bcm_behaviour_data_multi_subject/subject1/2022-09-20_14-58-39'\n 'bcm_behaviour_data_multi_subject/subject1/2022-09-20_15-57-37']", "step": null, "ts": 1668463361.067876}, {"value": "['bcm_behaviour_data_multi_subject/subject1/2022-09-20_15-18-27']", "step": null, "ts": 1668463361.067876}]}, "version": 27}
{"obj": {"type": "LogFloats", "path": ["metadata", "window_size"], "values": [{"value": 3.0, "step": null, "ts": 1668463361.0715845}]}, "version": 28}
{"obj": {"type": "LogFloats", "path": ["metadata", "stride"], "values": [{"value": 1.0, "step": null, "ts": 1668463361.0750682}]}, "version": 29}
{"obj": {"type": "LogFloats", "path": ["metadata", "MFCC_stride"], "values": [{"value": 0.032, "step": null, "ts": 1668463361.0782077}]}, "version": 30}
{"obj": {"type": "LogFloats", "path": ["metadata", "mfccs_pr_window"], "values": [{"value": 93.0, "step": null, "ts": 1668463361.0810628}]}, "version": 31}
{"obj": {"type": "LogFloats", "path": ["metadata", "lr"], "values": [{"value": 0.001, "step": null, "ts": 1668463361.0837665}]}, "version": 32}
{"obj": {"type": "LogFloats", "path": ["metadata", "batch_size"], "values": [{"value": 32.0, "step": null, "ts": 1668463361.0862384}]}, "version": 33}
{"obj": {"type": "LogFloats", "path": ["metadata", "lstm_layers"], "values": [{"value": 1.0, "step": null, "ts": 1668463361.088758}]}, "version": 34}
{"obj": {"type": "LogFloats", "path": ["metadata", "lstm_hidden_size"], "values": [{"value": 128.0, "step": null, "ts": 1668463361.0912855}]}, "version": 35}
{"obj": {"type": "LogFloats", "path": ["metadata", "weight_decay"], "values": [{"value": 0.0, "step": null, "ts": 1668463361.0936718}]}, "version": 36}
{"obj": {"type": "LogFloats", "path": ["metadata", "occlusion"], "values": [{"value": 0.0, "step": null, "ts": 1668463361.096165}]}, "version": 37}
{"obj": {"type": "LogFloats", "path": ["metadata", "seed"], "values": [{"value": 100.0, "step": null, "ts": 1668463361.0985792}]}, "version": 38}
{"obj": {"type": "LogFloats", "path": ["metadata", "train_set_length"], "values": [{"value": 14360.0, "step": null, "ts": 1668463361.100888}]}, "version": 39}
{"obj": {"type": "LogFloats", "path": ["metadata", "val_set_length"], "values": [{"value": 5385.0, "step": null, "ts": 1668463361.1033077}]}, "version": 40}
{"obj": {"type": "LogStrings", "path": ["monitoring", "stderr"], "values": [{"value": "/home/aron/.local/lib/python3.9/site-packages/pytorch_lightning/core/module.py:555: UserWarning: To copy construct from a tensor, it is recommended to use sourceTensor.clone().detach() or sourceTensor.clone().detach().requires_grad_(True), rather than torch.tensor(sourceTensor).\n  value = torch.tensor(value, device=self.device)\n", "step": null, "ts": 1668463361.3780186}]}, "version": 41}
{"obj": {"type": "LogStrings", "path": ["monitoring", "stdout"], "values": [{"value": "{'progress_bar': {'val_loss': 1.6103551387786865}, 'log': {'val_loss': 1.6103551387786865}, 'val_loss': 1.6103551387786865}", "step": null, "ts": 1668463361.389599}]}, "version": 42}
{"obj": {"type": "LogStrings", "path": ["monitoring", "stdout"], "values": [{"value": "\n", "step": null, "ts": 1668463361.3920662}]}, "version": 43}
{"obj": {"type": "LogStrings", "path": ["monitoring", "stdout"], "values": [{"value": "Accuracy: 0.015625", "step": null, "ts": 1668463361.3951306}]}, "version": 44}
{"obj": {"type": "LogStrings", "path": ["monitoring", "stdout"], "values": [{"value": "\n", "step": null, "ts": 1668463361.399209}]}, "version": 45}
{"obj": {"type": "LogFloats", "path": ["training", "train_acc_step"], "values": [{"value": 0.6875, "step": null, "ts": 1668463361.9831536}]}, "version": 46}
{"obj": {"type": "LogFloats", "path": ["training", "train_loss"], "values": [{"value": 1.4950337409973145, "step": null, "ts": 1668463361.9857235}]}, "version": 47}
{"obj": {"type": "LogFloats", "path": ["training", "epoch"], "values": [{"value": 0.0, "step": null, "ts": 1668463361.988029}]}, "version": 48}
{"obj": {"type": "LogFloats", "path": ["training", "train_acc_step"], "values": [{"value": 0.75, "step": null, "ts": 1668463362.2530906}]}, "version": 49}
{"obj": {"type": "LogFloats", "path": ["training", "train_loss"], "values": [{"value": 1.4827864170074463, "step": null, "ts": 1668463362.2557564}]}, "version": 50}
{"obj": {"type": "LogFloats", "path": ["training", "epoch"], "values": [{"value": 0.0, "step": null, "ts": 1668463362.2582572}]}, "version": 51}
{"obj": {"type": "LogFloats", "path": ["training", "train_acc_step"], "values": [{"value": 0.78125, "step": null, "ts": 1668463362.5221405}]}, "version": 52}
{"obj": {"type": "LogFloats", "path": ["training", "train_loss"], "values": [{"value": 1.4678884744644165, "step": null, "ts": 1668463362.5245848}]}, "version": 53}
{"obj": {"type": "LogFloats", "path": ["training", "epoch"], "values": [{"value": 0.0, "step": null, "ts": 1668463362.5268476}]}, "version": 54}
{"obj": {"type": "LogFloats", "path": ["training", "train_acc_step"], "values": [{"value": 0.65625, "step": null, "ts": 1668463362.789721}]}, "version": 55}
{"obj": {"type": "LogFloats", "path": ["training", "train_loss"], "values": [{"value": 1.4728928804397583, "step": null, "ts": 1668463362.7922335}]}, "version": 56}
{"obj": {"type": "LogFloats", "path": ["training", "epoch"], "values": [{"value": 0.0, "step": null, "ts": 1668463362.7944314}]}, "version": 57}
{"obj": {"type": "LogFloats", "path": ["training", "train_acc_step"], "values": [{"value": 0.59375, "step": null, "ts": 1668463363.058046}]}, "version": 58}
{"obj": {"type": "LogFloats", "path": ["training", "train_loss"], "values": [{"value": 1.4699225425720215, "step": null, "ts": 1668463363.0607839}]}, "version": 59}
{"obj": {"type": "LogFloats", "path": ["training", "epoch"], "values": [{"value": 0.0, "step": null, "ts": 1668463363.0631866}]}, "version": 60}
{"obj": {"type": "LogFloats", "path": ["training", "train_acc_step"], "values": [{"value": 0.8125, "step": null, "ts": 1668463363.3274536}]}, "version": 61}
{"obj": {"type": "LogFloats", "path": ["training", "train_loss"], "values": [{"value": 1.462418794631958, "step": null, "ts": 1668463363.3295019}]}, "version": 62}
{"obj": {"type": "LogFloats", "path": ["training", "epoch"], "values": [{"value": 0.0, "step": null, "ts": 1668463363.331257}]}, "version": 63}
{"obj": {"type": "LogFloats", "path": ["training", "train_acc_step"], "values": [{"value": 0.78125, "step": null, "ts": 1668463363.59578}]}, "version": 64}
{"obj": {"type": "LogFloats", "path": ["training", "train_loss"], "values": [{"value": 1.456087589263916, "step": null, "ts": 1668463363.5980341}]}, "version": 65}
{"obj": {"type": "LogFloats", "path": ["training", "epoch"], "values": [{"value": 0.0, "step": null, "ts": 1668463363.6001024}]}, "version": 66}
{"obj": {"type": "LogFloats", "path": ["training", "train_acc_step"], "values": [{"value": 0.71875, "step": null, "ts": 1668463363.870855}]}, "version": 67}
{"obj": {"type": "LogFloats", "path": ["training", "train_loss"], "values": [{"value": 1.4507091045379639, "step": null, "ts": 1668463363.8733833}]}, "version": 68}
{"obj": {"type": "LogFloats", "path": ["training", "epoch"], "values": [{"value": 0.0, "step": null, "ts": 1668463363.8755887}]}, "version": 69}
{"obj": {"type": "LogStrings", "path": ["monitoring", "stdout"], "values": [{"value": "{'progress_bar': {'val_loss': 1.4601227045059204}, 'log': {'val_loss': 1.4601227045059204}, 'val_loss': 1.4601227045059204}", "step": null, "ts": 1668463365.2910807}]}, "version": 70}
{"obj": {"type": "LogStrings", "path": ["monitoring", "stdout"], "values": [{"value": "\n", "step": null, "ts": 1668463365.2935176}]}, "version": 71}
{"obj": {"type": "LogStrings", "path": ["monitoring", "stdout"], "values": [{"value": "Accuracy: 0.7708449363708496", "step": null, "ts": 1668463365.2958019}]}, "version": 72}
{"obj": {"type": "LogStrings", "path": ["monitoring", "stdout"], "values": [{"value": "\n", "step": null, "ts": 1668463365.2979653}]}, "version": 73}
{"obj": {"type": "LogFloats", "path": ["training", "val_loss"], "values": [{"value": 1.460330843925476, "step": null, "ts": 1668463365.3005672}]}, "version": 74}
{"obj": {"type": "LogFloats", "path": ["training", "val_acc_step"], "values": [{"value": 0.7708449363708496, "step": null, "ts": 1668463365.302619}]}, "version": 75}
{"obj": {"type": "LogFloats", "path": ["training", "val_acc_epoch"], "values": [{"value": 0.7708449363708496, "step": null, "ts": 1668463365.3045769}]}, "version": 76}
{"obj": {"type": "LogFloats", "path": ["training", "epoch"], "values": [{"value": 0.0, "step": null, "ts": 1668463365.306504}]}, "version": 77}
{"obj": {"type": "LogStrings", "path": ["monitoring", "stdout"], "values": [{"value": "Accuracy: 0.7252785563468933", "step": null, "ts": 1668463365.3132255}]}, "version": 78}
{"obj": {"type": "LogStrings", "path": ["monitoring", "stdout"], "values": [{"value": "\n", "step": null, "ts": 1668463365.3151102}]}, "version": 79}
{"obj": {"type": "AssignString", "path": ["training", "model", "best_model_path"], "value": "/home/aron/BCM_activity_classification/checkpoints/latest_checkpoint-v25.ckpt"}, "version": 80}
{"obj": {"type": "UploadFile", "path": ["training", "model", "checkpoints", "latest_checkpoint-v25"], "ext": "ckpt", "file_path": "/home/aron/BCM_activity_classification/checkpoints/latest_checkpoint-v25.ckpt"}, "version": 81}
{"obj": {"type": "LogFloats", "path": ["training", "train_acc_epoch"], "values": [{"value": 0.7252785563468933, "step": null, "ts": 1668463365.346237}]}, "version": 82}
{"obj": {"type": "LogFloats", "path": ["training", "epoch"], "values": [{"value": 0.0, "step": null, "ts": 1668463365.3478851}]}, "version": 83}
{"obj": {"type": "AssignString", "path": ["training", "status"], "value": "success"}, "version": 84}
{"obj": {"type": "LogStrings", "path": ["monitoring", "stdout"], "values": [{"value": "checkpoints/latest_checkpoint-v25.ckpt", "step": null, "ts": 1668463365.5363324}]}, "version": 85}
{"obj": {"type": "LogStrings", "path": ["monitoring", "stdout"], "values": [{"value": "\n", "step": null, "ts": 1668463365.5389156}]}, "version": 86}
{"obj": {"type": "LogStrings", "path": ["monitoring", "stderr"], "values": [{"value": "/home/aron/.local/lib/python3.9/site-packages/pytorch_lightning/trainer/connectors/checkpoint_connector.py:52: LightningDeprecationWarning: Setting `Trainer(resume_from_checkpoint=)` is deprecated in v1.5 and will be removed in v1.7. Please pass `Trainer.fit(ckpt_path=)` directly instead.\n  rank_zero_deprecation(\n", "step": null, "ts": 1668463365.8244517}]}, "version": 87}
{"obj": {"type": "LogStrings", "path": ["monitoring", "stdout"], "values": [{"value": "_____________________", "step": null, "ts": 1668463366.0146856}]}, "version": 88}
{"obj": {"type": "LogStrings", "path": ["monitoring", "stdout"], "values": [{"value": "\n", "step": null, "ts": 1668463366.0179133}]}, "version": 89}
{"obj": {"type": "LogStrings", "path": ["monitoring", "stdout"], "values": [{"value": "<class 'list'>", "step": null, "ts": 1668463366.02056}]}, "version": 90}
{"obj": {"type": "LogStrings", "path": ["monitoring", "stdout"], "values": [{"value": "\n", "step": null, "ts": 1668463366.0230992}]}, "version": 91}
{"obj": {"type": "LogStrings", "path": ["monitoring", "stdout"], "values": [{"value": "_____________________", "step": null, "ts": 1668463366.0253756}]}, "version": 92}
{"obj": {"type": "LogStrings", "path": ["monitoring", "stdout"], "values": [{"value": "\n", "step": null, "ts": 1668463366.027645}]}, "version": 93}
{"obj": {"type": "LogStrings", "path": ["monitoring", "stdout"], "values": [{"value": "Validation set", "step": null, "ts": 1668463366.0299726}]}, "version": 94}
{"obj": {"type": "LogStrings", "path": ["monitoring", "stdout"], "values": [{"value": "\n", "step": null, "ts": 1668463366.0324128}]}, "version": 95}
{"obj": {"type": "LogStrings", "path": ["monitoring", "stdout"], "values": [{"value": "bcm_behaviour_data_multi_subject/subject1/2022-09-20_15-18-27/0.npy", "step": null, "ts": 1668463366.0361345}]}, "version": 96}
{"obj": {"type": "LogStrings", "path": ["monitoring", "stdout"], "values": [{"value": "\n", "step": null, "ts": 1668463366.038566}]}, "version": 97}
{"obj": {"type": "LogStrings", "path": ["monitoring", "stdout"], "values": [{"value": "bcm_behaviour_data_multi_subject/subject1/2022-09-20_15-18-27/1.npy", "step": null, "ts": 1668463366.0419714}]}, "version": 98}
{"obj": {"type": "LogStrings", "path": ["monitoring", "stdout"], "values": [{"value": "\n", "step": null, "ts": 1668463366.0441742}]}, "version": 99}
{"obj": {"type": "LogStrings", "path": ["monitoring", "stdout"], "values": [{"value": "bcm_behaviour_data_multi_subject/subject1/2022-09-20_15-18-27/2.npy", "step": null, "ts": 1668463366.0472295}]}, "version": 100}
{"obj": {"type": "LogStrings", "path": ["monitoring", "stdout"], "values": [{"value": "\n", "step": null, "ts": 1668463366.0493724}]}, "version": 101}
{"obj": {"type": "LogStrings", "path": ["monitoring", "stdout"], "values": [{"value": "bcm_behaviour_data_multi_subject/subject1/2022-09-20_15-18-27/3.npy", "step": null, "ts": 1668463366.0524416}]}, "version": 102}
{"obj": {"type": "LogStrings", "path": ["monitoring", "stdout"], "values": [{"value": "\n", "step": null, "ts": 1668463366.0543296}]}, "version": 103}
{"obj": {"type": "LogStrings", "path": ["monitoring", "stdout"], "values": [{"value": "bcm_behaviour_data_multi_subject/subject1/2022-09-20_15-18-27/4.npy", "step": null, "ts": 1668463366.056986}]}, "version": 104}
{"obj": {"type": "LogStrings", "path": ["monitoring", "stdout"], "values": [{"value": "\n", "step": null, "ts": 1668463366.0589564}]}, "version": 105}
{"obj": {"type": "LogStrings", "path": ["monitoring", "stdout"], "values": [{"value": "Training set", "step": null, "ts": 1668463366.0608547}]}, "version": 106}
{"obj": {"type": "LogStrings", "path": ["monitoring", "stdout"], "values": [{"value": "\n", "step": null, "ts": 1668463366.0627437}]}, "version": 107}
{"obj": {"type": "LogStrings", "path": ["monitoring", "stdout"], "values": [{"value": "bcm_behaviour_data_multi_subject/subject1/2022-09-20_15-18-27/0.npy", "step": null, "ts": 1668463366.0656629}]}, "version": 108}
{"obj": {"type": "LogStrings", "path": ["monitoring", "stdout"], "values": [{"value": "\n", "step": null, "ts": 1668463366.067439}]}, "version": 109}
{"obj": {"type": "LogStrings", "path": ["monitoring", "stdout"], "values": [{"value": "bcm_behaviour_data_multi_subject/subject1/2022-09-20_15-18-27/1.npy", "step": null, "ts": 1668463366.0698333}]}, "version": 110}
{"obj": {"type": "LogStrings", "path": ["monitoring", "stdout"], "values": [{"value": "\n", "step": null, "ts": 1668463366.0715792}]}, "version": 111}
{"obj": {"type": "LogStrings", "path": ["monitoring", "stdout"], "values": [{"value": "bcm_behaviour_data_multi_subject/subject1/2022-09-20_15-18-27/2.npy", "step": null, "ts": 1668463366.074143}]}, "version": 112}
{"obj": {"type": "LogStrings", "path": ["monitoring", "stdout"], "values": [{"value": "\n", "step": null, "ts": 1668463366.075929}]}, "version": 113}
{"obj": {"type": "LogStrings", "path": ["monitoring", "stdout"], "values": [{"value": "bcm_behaviour_data_multi_subject/subject1/2022-09-20_15-18-27/3.npy", "step": null, "ts": 1668463366.0783253}]}, "version": 114}
{"obj": {"type": "LogStrings", "path": ["monitoring", "stdout"], "values": [{"value": "\n", "step": null, "ts": 1668463366.0800447}]}, "version": 115}
{"obj": {"type": "LogStrings", "path": ["monitoring", "stdout"], "values": [{"value": "bcm_behaviour_data_multi_subject/subject1/2022-09-20_15-18-27/4.npy", "step": null, "ts": 1668463366.0825748}]}, "version": 116}
{"obj": {"type": "LogStrings", "path": ["monitoring", "stdout"], "values": [{"value": "\n", "step": null, "ts": 1668463366.084301}]}, "version": 117}
{"obj": {"type": "LogStrings", "path": ["monitoring", "stderr"], "values": [{"value": "/home/aron/.local/lib/python3.9/site-packages/pytorch_lightning/callbacks/model_checkpoint.py:616: UserWarning: Checkpoint directory /home/aron/BCM_activity_classification/checkpoints exists and is not empty.\n  rank_zero_warn(f\"Checkpoint directory {dirpath} exists and is not empty.\")\n", "step": null, "ts": 1668463366.0872662}]}, "version": 118}
{"obj": {"type": "LogStrings", "path": ["metadata", "file_path"], "values": [{"value": "['bcm_behaviour_data_multi_subject/subject2/2022-11-09_14-34-16', 'bcm_behaviour_data_multi_subject/subject2/2022-11-09_14-52-7', 'bcm_behaviour_data_multi_subject/subject2/2022-11-09_14-15-6', 'bcm_behaviour_data_multi_subject/subject2/2022-11-09_13-56-0', 'bcm_behaviour_data_multi_subject/subject3/2022-11-09_15-47-1', 'bcm_behaviour_data_multi_subject/subject3/2022-11-09_16-26-13', 'bcm_behaviour_data_multi_subject/subject3/2022-11-09_15-27-14', 'bcm_behaviour_data_multi_subject/subject3/2022-11-09_16-7-9']", "step": null, "ts": 1668463366.1706674}, {"value": "['bcm_behaviour_data_multi_subject/subject1/2022-09-20_15-38-11'\n 'bcm_behaviour_data_multi_subject/subject1/2022-09-20_14-58-39'\n 'bcm_behaviour_data_multi_subject/subject1/2022-09-20_15-57-37']", "step": null, "ts": 1668463366.1706674}, {"value": "['bcm_behaviour_data_multi_subject/subject1/2022-09-20_15-18-27']", "step": null, "ts": 1668463366.1706674}]}, "version": 119}
{"obj": {"type": "LogFloats", "path": ["metadata", "window_size"], "values": [{"value": 3.0, "step": null, "ts": 1668463366.1739159}]}, "version": 120}
{"obj": {"type": "LogFloats", "path": ["metadata", "stride"], "values": [{"value": 1.0, "step": null, "ts": 1668463366.176716}]}, "version": 121}
{"obj": {"type": "LogFloats", "path": ["metadata", "MFCC_stride"], "values": [{"value": 0.032, "step": null, "ts": 1668463366.1791954}]}, "version": 122}
{"obj": {"type": "LogFloats", "path": ["metadata", "mfccs_pr_window"], "values": [{"value": 93.0, "step": null, "ts": 1668463366.1817126}]}, "version": 123}
{"obj": {"type": "LogFloats", "path": ["metadata", "lr"], "values": [{"value": 0.001, "step": null, "ts": 1668463366.1841564}]}, "version": 124}
{"obj": {"type": "LogFloats", "path": ["metadata", "batch_size"], "values": [{"value": 32.0, "step": null, "ts": 1668463366.1865218}]}, "version": 125}
{"obj": {"type": "LogFloats", "path": ["metadata", "lstm_layers"], "values": [{"value": 1.0, "step": null, "ts": 1668463366.1888034}]}, "version": 126}
{"obj": {"type": "LogFloats", "path": ["metadata", "lstm_hidden_size"], "values": [{"value": 128.0, "step": null, "ts": 1668463366.1911619}]}, "version": 127}
{"obj": {"type": "LogFloats", "path": ["metadata", "weight_decay"], "values": [{"value": 0.0, "step": null, "ts": 1668463366.1934419}]}, "version": 128}
{"obj": {"type": "LogFloats", "path": ["metadata", "occlusion"], "values": [{"value": 0.0, "step": null, "ts": 1668463366.1957505}]}, "version": 129}
{"obj": {"type": "LogFloats", "path": ["metadata", "seed"], "values": [{"value": 100.0, "step": null, "ts": 1668463366.1979847}]}, "version": 130}
{"obj": {"type": "LogFloats", "path": ["metadata", "train_set_length"], "values": [{"value": 14360.0, "step": null, "ts": 1668463366.2002258}]}, "version": 131}
{"obj": {"type": "LogFloats", "path": ["metadata", "val_set_length"], "values": [{"value": 5385.0, "step": null, "ts": 1668463366.2024295}]}, "version": 132}
{"obj": {"type": "LogStrings", "path": ["monitoring", "stdout"], "values": [{"value": "{'progress_bar': {'val_loss': 1.5094883441925049}, 'log': {'val_loss': 1.5094883441925049}, 'val_loss': 1.5094883441925049}", "step": null, "ts": 1668463366.5110526}]}, "version": 133}
{"obj": {"type": "LogStrings", "path": ["monitoring", "stdout"], "values": [{"value": "\n", "step": null, "ts": 1668463366.5137382}]}, "version": 134}
{"obj": {"type": "LogStrings", "path": ["monitoring", "stdout"], "values": [{"value": "Accuracy: 0.890625", "step": null, "ts": 1668463366.516495}]}, "version": 135}
{"obj": {"type": "LogStrings", "path": ["monitoring", "stdout"], "values": [{"value": "\n", "step": null, "ts": 1668463366.5198693}]}, "version": 136}
{"obj": {"type": "AssignString", "path": ["training", "status"], "value": "success"}, "version": 137}
{"obj": {"type": "LogStrings", "path": ["monitoring", "stdout"], "values": [{"value": "Shutting down background jobs, please wait a moment...\n", "step": null, "ts": 1668463366.625081}]}, "version": 138}
