{"obj": {"type": "AssignString", "path": ["sys", "name"], "value": "Untitled"}, "version": 1}
{"obj": {"type": "AssignString", "path": ["sys", "description"], "value": ""}, "version": 2}
{"obj": {"type": "AssignString", "path": ["sys", "hostname"], "value": "node6"}, "version": 3}
{"obj": {"type": "AssignBool", "path": ["sys", "failed"], "value": false}, "version": 4}
{"obj": {"type": "ClearStringLog", "path": ["monitoring", "stdout"]}, "version": 5}
{"obj": {"type": "ClearStringLog", "path": ["monitoring", "stderr"]}, "version": 6}
{"obj": {"type": "UploadFileSet", "path": ["source_code", "files"], "file_globs": ["/home/aron/BCM_activity_classification/train_model.ipynb", "/home/aron/BCM_activity_classification/model.py", "/home/aron/BCM_activity_classification/BCM_dataset_v2.py"], "reset": "False"}, "version": 7}
{"obj": {"type": "ConfigFloatSeries", "path": ["monitoring", "cpu"], "min": 0.0, "max": 100.0, "unit": "%"}, "version": 8}
{"obj": {"type": "ClearFloatLog", "path": ["monitoring", "cpu"]}, "version": 9}
{"obj": {"type": "ConfigFloatSeries", "path": ["monitoring", "memory"], "min": 0.0, "max": 62.711673736572266, "unit": "GB"}, "version": 10}
{"obj": {"type": "ClearFloatLog", "path": ["monitoring", "memory"]}, "version": 11}
{"obj": {"type": "ConfigFloatSeries", "path": ["monitoring", "gpu_0"], "min": 0.0, "max": 100.0, "unit": "%"}, "version": 12}
{"obj": {"type": "ClearFloatLog", "path": ["monitoring", "gpu_0"]}, "version": 13}
{"obj": {"type": "ConfigFloatSeries", "path": ["monitoring", "gpu_1"], "min": 0.0, "max": 100.0, "unit": "%"}, "version": 14}
{"obj": {"type": "ClearFloatLog", "path": ["monitoring", "gpu_1"]}, "version": 15}
{"obj": {"type": "ConfigFloatSeries", "path": ["monitoring", "gpu_memory_0"], "min": 0.0, "max": 12.0, "unit": "GB"}, "version": 16}
{"obj": {"type": "ClearFloatLog", "path": ["monitoring", "gpu_memory_0"]}, "version": 17}
{"obj": {"type": "ConfigFloatSeries", "path": ["monitoring", "gpu_memory_1"], "min": 0.0, "max": 12.0, "unit": "GB"}, "version": 18}
{"obj": {"type": "ClearFloatLog", "path": ["monitoring", "gpu_memory_1"]}, "version": 19}
{"obj": {"type": "LogStrings", "path": ["monitoring", "stdout"], "values": [{"value": "", "step": null, "ts": 1667651337.7506258}]}, "version": 20}
{"obj": {"type": "LogFloats", "path": ["monitoring", "cpu"], "values": [{"value": 22.7, "step": null, "ts": 1667651337.748548}]}, "version": 21}
{"obj": {"type": "LogStrings", "path": ["monitoring", "stdout"], "values": [{"value": "Remember to stop your run once you\u2019ve finished logging your metadata (https://docs.neptune.ai/api-reference/run#.stop). It will be stopped automatically only when the notebook kernel/interactive console is terminated.\n", "step": null, "ts": 1667651337.7558165}]}, "version": 22}
{"obj": {"type": "LogFloats", "path": ["monitoring", "memory"], "values": [{"value": 9.767677307128906, "step": null, "ts": 1667651337.748548}]}, "version": 23}
{"obj": {"type": "LogFloats", "path": ["monitoring", "gpu_memory_0"], "values": [{"value": 1.33013916015625, "step": null, "ts": 1667651337.748548}]}, "version": 24}
{"obj": {"type": "LogFloats", "path": ["monitoring", "gpu_memory_1"], "values": [{"value": 0.232177734375, "step": null, "ts": 1667651337.748548}]}, "version": 25}
{"obj": {"type": "AssignString", "path": ["source_code", "integrations", "pytorch-lightning"], "value": "1.7.5"}, "version": 26}
{"obj": {"type": "LogStrings", "path": ["metadata", "file_path"], "values": [{"value": "data/bcm/", "step": null, "ts": 1667651338.423359}]}, "version": 27}
{"obj": {"type": "LogFloats", "path": ["metadata", "window_size"], "values": [{"value": 3.0, "step": null, "ts": 1667651338.4272323}]}, "version": 28}
{"obj": {"type": "LogFloats", "path": ["metadata", "stride"], "values": [{"value": 3.0, "step": null, "ts": 1667651338.4309552}]}, "version": 29}
{"obj": {"type": "LogFloats", "path": ["metadata", "MFCC_stride"], "values": [{"value": 0.032, "step": null, "ts": 1667651338.4342349}]}, "version": 30}
{"obj": {"type": "LogFloats", "path": ["metadata", "mfccs_pr_window"], "values": [{"value": 93.0, "step": null, "ts": 1667651338.4374034}]}, "version": 31}
{"obj": {"type": "LogFloats", "path": ["metadata", "lr"], "values": [{"value": 0.001, "step": null, "ts": 1667651338.4406466}]}, "version": 32}
{"obj": {"type": "LogFloats", "path": ["metadata", "batch_size"], "values": [{"value": 32.0, "step": null, "ts": 1667651338.4435909}]}, "version": 33}
{"obj": {"type": "LogFloats", "path": ["metadata", "lstm_layers"], "values": [{"value": 1.0, "step": null, "ts": 1667651338.4464386}]}, "version": 34}
{"obj": {"type": "LogFloats", "path": ["metadata", "lstm_hidden_size"], "values": [{"value": 128.0, "step": null, "ts": 1667651338.4492483}]}, "version": 35}
{"obj": {"type": "LogFloats", "path": ["metadata", "weight_decay"], "values": [{"value": 0.0, "step": null, "ts": 1667651338.4521787}]}, "version": 36}
{"obj": {"type": "LogFloats", "path": ["metadata", "occlusion"], "values": [{"value": 0.0, "step": null, "ts": 1667651338.4548438}]}, "version": 37}
{"obj": {"type": "LogFloats", "path": ["metadata", "seed"], "values": [{"value": 8.0, "step": null, "ts": 1667651338.4575129}]}, "version": 38}
{"obj": {"type": "LogFloats", "path": ["metadata", "train_set_length"], "values": [{"value": 1805.0, "step": null, "ts": 1667651338.4600499}]}, "version": 39}
{"obj": {"type": "LogFloats", "path": ["metadata", "val_set_length"], "values": [{"value": 595.0, "step": null, "ts": 1667651338.4625263}]}, "version": 40}
{"obj": {"type": "LogStrings", "path": ["monitoring", "stderr"], "values": [{"value": "/home/aron/.local/lib/python3.9/site-packages/pytorch_lightning/core/module.py:555: UserWarning: To copy construct from a tensor, it is recommended to use sourceTensor.clone().detach() or sourceTensor.clone().detach().requires_grad_(True), rather than torch.tensor(sourceTensor).\n  value = torch.tensor(value, device=self.device)\n", "step": null, "ts": 1667651338.7847044}]}, "version": 41}
{"obj": {"type": "LogStrings", "path": ["monitoring", "stdout"], "values": [{"value": "{'progress_bar': {'val_loss': 1.626136302947998}, 'log': {'val_loss': 1.626136302947998}, 'val_loss': 1.626136302947998}", "step": null, "ts": 1667651338.7987118}]}, "version": 42}
{"obj": {"type": "LogStrings", "path": ["monitoring", "stdout"], "values": [{"value": "\n", "step": null, "ts": 1667651338.8016303}]}, "version": 43}
{"obj": {"type": "LogStrings", "path": ["monitoring", "stdout"], "values": [{"value": "Accuracy: 0.0", "step": null, "ts": 1667651338.8052747}]}, "version": 44}
{"obj": {"type": "LogStrings", "path": ["monitoring", "stdout"], "values": [{"value": "\n", "step": null, "ts": 1667651338.8081458}]}, "version": 45}
{"obj": {"type": "LogFloats", "path": ["training", "train_acc_step"], "values": [{"value": 0.78125, "step": null, "ts": 1667651339.3984838}]}, "version": 46}
{"obj": {"type": "LogFloats", "path": ["training", "train_loss"], "values": [{"value": 1.4664504528045654, "step": null, "ts": 1667651339.401824}]}, "version": 47}
{"obj": {"type": "LogFloats", "path": ["training", "epoch"], "values": [{"value": 0.0, "step": null, "ts": 1667651339.4049106}]}, "version": 48}
{"obj": {"type": "LogStrings", "path": ["monitoring", "stdout"], "values": [{"value": "{'progress_bar': {'val_loss': 1.4597898721694946}, 'log': {'val_loss': 1.4597898721694946}, 'val_loss': 1.4597898721694946}", "step": null, "ts": 1667651339.9406462}]}, "version": 49}
{"obj": {"type": "LogStrings", "path": ["monitoring", "stdout"], "values": [{"value": "\n", "step": null, "ts": 1667651339.9441576}]}, "version": 50}
{"obj": {"type": "LogStrings", "path": ["monitoring", "stdout"], "values": [{"value": "Accuracy: 0.831932783126831", "step": null, "ts": 1667651339.9474125}]}, "version": 51}
{"obj": {"type": "LogStrings", "path": ["monitoring", "stdout"], "values": [{"value": "\n", "step": null, "ts": 1667651339.9504495}]}, "version": 52}
{"obj": {"type": "LogFloats", "path": ["training", "val_loss"], "values": [{"value": 1.4605321884155273, "step": null, "ts": 1667651339.9538999}]}, "version": 53}
{"obj": {"type": "LogFloats", "path": ["training", "val_acc_step"], "values": [{"value": 0.831932783126831, "step": null, "ts": 1667651339.9568458}]}, "version": 54}
{"obj": {"type": "LogFloats", "path": ["training", "val_acc_epoch"], "values": [{"value": 0.831932783126831, "step": null, "ts": 1667651339.9595535}]}, "version": 55}
{"obj": {"type": "LogFloats", "path": ["training", "epoch"], "values": [{"value": 0.0, "step": null, "ts": 1667651339.962039}]}, "version": 56}
{"obj": {"type": "LogStrings", "path": ["monitoring", "stdout"], "values": [{"value": "Accuracy: 0.6559556722640991", "step": null, "ts": 1667651339.9668915}]}, "version": 57}
{"obj": {"type": "LogStrings", "path": ["monitoring", "stdout"], "values": [{"value": "\n", "step": null, "ts": 1667651339.9693089}]}, "version": 58}
{"obj": {"type": "LogFloats", "path": ["training", "train_acc_epoch"], "values": [{"value": 0.6559556722640991, "step": null, "ts": 1667651339.9754176}]}, "version": 59}
{"obj": {"type": "LogFloats", "path": ["training", "epoch"], "values": [{"value": 0.0, "step": null, "ts": 1667651339.9779396}]}, "version": 60}
{"obj": {"type": "LogFloats", "path": ["training", "train_acc_step"], "values": [{"value": 0.8125, "step": null, "ts": 1667651340.6291428}]}, "version": 61}
{"obj": {"type": "LogFloats", "path": ["training", "train_loss"], "values": [{"value": 1.4579378366470337, "step": null, "ts": 1667651340.6327066}]}, "version": 62}
{"obj": {"type": "LogFloats", "path": ["training", "epoch"], "values": [{"value": 1.0, "step": null, "ts": 1667651340.6357052}]}, "version": 63}
{"obj": {"type": "LogStrings", "path": ["monitoring", "stdout"], "values": [{"value": "{'progress_bar': {'val_loss': 1.4522480964660645}, 'log': {'val_loss': 1.4522480964660645}, 'val_loss': 1.4522480964660645}", "step": null, "ts": 1667651341.200613}]}, "version": 64}
{"obj": {"type": "LogStrings", "path": ["monitoring", "stdout"], "values": [{"value": "\n", "step": null, "ts": 1667651341.20412}]}, "version": 65}
{"obj": {"type": "LogStrings", "path": ["monitoring", "stdout"], "values": [{"value": "Accuracy: 0.7798319458961487", "step": null, "ts": 1667651341.2071526}]}, "version": 66}
{"obj": {"type": "LogStrings", "path": ["monitoring", "stdout"], "values": [{"value": "\n", "step": null, "ts": 1667651341.2102945}]}, "version": 67}
{"obj": {"type": "LogFloats", "path": ["training", "val_loss"], "values": [{"value": 1.4529762268066406, "step": null, "ts": 1667651341.213646}]}, "version": 68}
{"obj": {"type": "LogFloats", "path": ["training", "val_acc_step"], "values": [{"value": 0.7798319458961487, "step": null, "ts": 1667651341.2164686}]}, "version": 69}
{"obj": {"type": "LogFloats", "path": ["training", "val_acc_epoch"], "values": [{"value": 0.7798319458961487, "step": null, "ts": 1667651341.2189891}]}, "version": 70}
{"obj": {"type": "LogFloats", "path": ["training", "epoch"], "values": [{"value": 1.0, "step": null, "ts": 1667651341.221408}]}, "version": 71}
{"obj": {"type": "LogStrings", "path": ["monitoring", "stdout"], "values": [{"value": "Accuracy: 0.7684210538864136", "step": null, "ts": 1667651341.2259676}]}, "version": 72}
{"obj": {"type": "LogStrings", "path": ["monitoring", "stdout"], "values": [{"value": "\n", "step": null, "ts": 1667651341.228392}]}, "version": 73}
{"obj": {"type": "LogFloats", "path": ["training", "train_acc_epoch"], "values": [{"value": 0.7684210538864136, "step": null, "ts": 1667651341.2344632}]}, "version": 74}
{"obj": {"type": "LogFloats", "path": ["training", "epoch"], "values": [{"value": 1.0, "step": null, "ts": 1667651341.2371385}]}, "version": 75}
{"obj": {"type": "LogFloats", "path": ["training", "train_acc_step"], "values": [{"value": 0.75, "step": null, "ts": 1667651341.828212}]}, "version": 76}
{"obj": {"type": "LogFloats", "path": ["training", "train_loss"], "values": [{"value": 1.463234782218933, "step": null, "ts": 1667651341.8317254}]}, "version": 77}
{"obj": {"type": "LogFloats", "path": ["training", "epoch"], "values": [{"value": 2.0, "step": null, "ts": 1667651341.8344553}]}, "version": 78}
{"obj": {"type": "LogStrings", "path": ["monitoring", "stdout"], "values": [{"value": "{'progress_bar': {'val_loss': 1.4505940675735474}, 'log': {'val_loss': 1.4505940675735474}, 'val_loss': 1.4505940675735474}", "step": null, "ts": 1667651342.45636}]}, "version": 79}
{"obj": {"type": "LogStrings", "path": ["monitoring", "stdout"], "values": [{"value": "\n", "step": null, "ts": 1667651342.4600816}]}, "version": 80}
{"obj": {"type": "LogStrings", "path": ["monitoring", "stdout"], "values": [{"value": "Accuracy: 0.7663865685462952", "step": null, "ts": 1667651342.4634676}]}, "version": 81}
{"obj": {"type": "LogStrings", "path": ["monitoring", "stdout"], "values": [{"value": "\n", "step": null, "ts": 1667651342.4663403}]}, "version": 82}
{"obj": {"type": "LogFloats", "path": ["training", "val_loss"], "values": [{"value": 1.4513931274414062, "step": null, "ts": 1667651342.4696941}]}, "version": 83}
{"obj": {"type": "LogFloats", "path": ["training", "val_acc_step"], "values": [{"value": 0.7663865685462952, "step": null, "ts": 1667651342.4726958}]}, "version": 84}
{"obj": {"type": "LogFloats", "path": ["training", "val_acc_epoch"], "values": [{"value": 0.7663865685462952, "step": null, "ts": 1667651342.4753346}]}, "version": 85}
{"obj": {"type": "LogFloats", "path": ["training", "epoch"], "values": [{"value": 2.0, "step": null, "ts": 1667651342.4779139}]}, "version": 86}
{"obj": {"type": "LogStrings", "path": ["monitoring", "stdout"], "values": [{"value": "Accuracy: 0.7534626126289368", "step": null, "ts": 1667651342.482722}]}, "version": 87}
{"obj": {"type": "LogStrings", "path": ["monitoring", "stdout"], "values": [{"value": "\n", "step": null, "ts": 1667651342.4852862}]}, "version": 88}
{"obj": {"type": "LogFloats", "path": ["training", "train_acc_epoch"], "values": [{"value": 0.7534626126289368, "step": null, "ts": 1667651342.491694}]}, "version": 89}
{"obj": {"type": "LogFloats", "path": ["training", "epoch"], "values": [{"value": 2.0, "step": null, "ts": 1667651342.4946287}]}, "version": 90}
{"obj": {"type": "LogFloats", "path": ["training", "train_acc_step"], "values": [{"value": 0.65625, "step": null, "ts": 1667651343.0548065}]}, "version": 91}
{"obj": {"type": "LogFloats", "path": ["training", "train_loss"], "values": [{"value": 1.4515730142593384, "step": null, "ts": 1667651343.0578976}]}, "version": 92}
{"obj": {"type": "LogFloats", "path": ["training", "epoch"], "values": [{"value": 3.0, "step": null, "ts": 1667651343.0607982}]}, "version": 93}
{"obj": {"type": "LogStrings", "path": ["monitoring", "stdout"], "values": [{"value": "{'progress_bar': {'val_loss': 1.447245717048645}, 'log': {'val_loss': 1.447245717048645}, 'val_loss': 1.447245717048645}", "step": null, "ts": 1667651343.73208}]}, "version": 94}
{"obj": {"type": "LogStrings", "path": ["monitoring", "stdout"], "values": [{"value": "\n", "step": null, "ts": 1667651343.735324}]}, "version": 95}
{"obj": {"type": "LogStrings", "path": ["monitoring", "stdout"], "values": [{"value": "Accuracy: 0.7831932902336121", "step": null, "ts": 1667651343.73857}]}, "version": 96}
{"obj": {"type": "LogStrings", "path": ["monitoring", "stdout"], "values": [{"value": "\n", "step": null, "ts": 1667651343.7416337}]}, "version": 97}
{"obj": {"type": "LogFloats", "path": ["training", "val_loss"], "values": [{"value": 1.4480112791061401, "step": null, "ts": 1667651343.7449112}]}, "version": 98}
{"obj": {"type": "LogFloats", "path": ["training", "val_acc_step"], "values": [{"value": 0.7831932902336121, "step": null, "ts": 1667651343.7476025}]}, "version": 99}
{"obj": {"type": "LogFloats", "path": ["training", "val_acc_epoch"], "values": [{"value": 0.7831932902336121, "step": null, "ts": 1667651343.7501175}]}, "version": 100}
{"obj": {"type": "LogFloats", "path": ["training", "epoch"], "values": [{"value": 3.0, "step": null, "ts": 1667651343.7525175}]}, "version": 101}
{"obj": {"type": "LogStrings", "path": ["monitoring", "stdout"], "values": [{"value": "Accuracy: 0.7678670287132263", "step": null, "ts": 1667651343.7570832}]}, "version": 102}
{"obj": {"type": "LogStrings", "path": ["monitoring", "stdout"], "values": [{"value": "\n", "step": null, "ts": 1667651343.7595184}]}, "version": 103}
{"obj": {"type": "LogFloats", "path": ["training", "train_acc_epoch"], "values": [{"value": 0.7678670287132263, "step": null, "ts": 1667651343.7657073}]}, "version": 104}
{"obj": {"type": "LogFloats", "path": ["training", "epoch"], "values": [{"value": 3.0, "step": null, "ts": 1667651343.7687995}]}, "version": 105}
{"obj": {"type": "LogFloats", "path": ["training", "train_acc_step"], "values": [{"value": 0.78125, "step": null, "ts": 1667651344.2978761}]}, "version": 106}
{"obj": {"type": "LogFloats", "path": ["training", "train_loss"], "values": [{"value": 1.4453389644622803, "step": null, "ts": 1667651344.301003}]}, "version": 107}
{"obj": {"type": "LogFloats", "path": ["training", "epoch"], "values": [{"value": 4.0, "step": null, "ts": 1667651344.3039315}]}, "version": 108}
{"obj": {"type": "LogStrings", "path": ["monitoring", "stdout"], "values": [{"value": "{'progress_bar': {'val_loss': 1.4496439695358276}, 'log': {'val_loss': 1.4496439695358276}, 'val_loss': 1.4496439695358276}", "step": null, "ts": 1667651344.9774656}]}, "version": 109}
{"obj": {"type": "LogStrings", "path": ["monitoring", "stdout"], "values": [{"value": "\n", "step": null, "ts": 1667651344.9808657}]}, "version": 110}
{"obj": {"type": "LogStrings", "path": ["monitoring", "stdout"], "values": [{"value": "Accuracy: 0.7831932902336121", "step": null, "ts": 1667651344.984181}]}, "version": 111}
{"obj": {"type": "LogStrings", "path": ["monitoring", "stdout"], "values": [{"value": "\n", "step": null, "ts": 1667651344.987081}]}, "version": 112}
{"obj": {"type": "LogFloats", "path": ["training", "val_loss"], "values": [{"value": 1.450439453125, "step": null, "ts": 1667651344.9902573}]}, "version": 113}
{"obj": {"type": "LogFloats", "path": ["training", "val_acc_step"], "values": [{"value": 0.7831932902336121, "step": null, "ts": 1667651344.9930196}]}, "version": 114}
{"obj": {"type": "LogFloats", "path": ["training", "val_acc_epoch"], "values": [{"value": 0.7831932902336121, "step": null, "ts": 1667651344.995774}]}, "version": 115}
{"obj": {"type": "LogFloats", "path": ["training", "epoch"], "values": [{"value": 4.0, "step": null, "ts": 1667651344.9983912}]}, "version": 116}
{"obj": {"type": "LogStrings", "path": ["monitoring", "stdout"], "values": [{"value": "Accuracy: 0.7673130035400391", "step": null, "ts": 1667651345.0030663}]}, "version": 117}
{"obj": {"type": "LogStrings", "path": ["monitoring", "stdout"], "values": [{"value": "\n", "step": null, "ts": 1667651345.0058692}]}, "version": 118}
{"obj": {"type": "LogFloats", "path": ["training", "train_acc_epoch"], "values": [{"value": 0.7673130035400391, "step": null, "ts": 1667651345.0120904}]}, "version": 119}
{"obj": {"type": "LogFloats", "path": ["training", "epoch"], "values": [{"value": 4.0, "step": null, "ts": 1667651345.0147023}]}, "version": 120}
{"obj": {"type": "LogFloats", "path": ["training", "train_acc_step"], "values": [{"value": 0.78125, "step": null, "ts": 1667651345.504453}]}, "version": 121}
{"obj": {"type": "LogFloats", "path": ["training", "train_loss"], "values": [{"value": 1.461111307144165, "step": null, "ts": 1667651345.5079594}]}, "version": 122}
{"obj": {"type": "LogFloats", "path": ["training", "epoch"], "values": [{"value": 5.0, "step": null, "ts": 1667651345.5109005}]}, "version": 123}
{"obj": {"type": "LogStrings", "path": ["monitoring", "stdout"], "values": [{"value": "{'progress_bar': {'val_loss': 1.4525974988937378}, 'log': {'val_loss': 1.4525974988937378}, 'val_loss': 1.4525974988937378}", "step": null, "ts": 1667651346.2526457}]}, "version": 124}
{"obj": {"type": "LogStrings", "path": ["monitoring", "stdout"], "values": [{"value": "\n", "step": null, "ts": 1667651346.2562714}]}, "version": 125}
{"obj": {"type": "LogStrings", "path": ["monitoring", "stdout"], "values": [{"value": "Accuracy: 0.7663865685462952", "step": null, "ts": 1667651346.2595656}]}, "version": 126}
{"obj": {"type": "LogStrings", "path": ["monitoring", "stdout"], "values": [{"value": "\n", "step": null, "ts": 1667651346.2624326}]}, "version": 127}
{"obj": {"type": "LogFloats", "path": ["training", "val_loss"], "values": [{"value": 1.4534807205200195, "step": null, "ts": 1667651346.2657907}]}, "version": 128}
{"obj": {"type": "LogFloats", "path": ["training", "val_acc_step"], "values": [{"value": 0.7663865685462952, "step": null, "ts": 1667651346.2687056}]}, "version": 129}
{"obj": {"type": "LogFloats", "path": ["training", "val_acc_epoch"], "values": [{"value": 0.7663865685462952, "step": null, "ts": 1667651346.2712996}]}, "version": 130}
{"obj": {"type": "LogFloats", "path": ["training", "epoch"], "values": [{"value": 5.0, "step": null, "ts": 1667651346.2738662}]}, "version": 131}
{"obj": {"type": "LogStrings", "path": ["monitoring", "stdout"], "values": [{"value": "Accuracy: 0.7706370949745178", "step": null, "ts": 1667651346.2784247}]}, "version": 132}
{"obj": {"type": "LogStrings", "path": ["monitoring", "stdout"], "values": [{"value": "\n", "step": null, "ts": 1667651346.2809186}]}, "version": 133}
{"obj": {"type": "LogFloats", "path": ["training", "train_acc_epoch"], "values": [{"value": 0.7706370949745178, "step": null, "ts": 1667651346.2877753}]}, "version": 134}
{"obj": {"type": "LogFloats", "path": ["training", "epoch"], "values": [{"value": 5.0, "step": null, "ts": 1667651346.2906756}]}, "version": 135}
{"obj": {"type": "LogFloats", "path": ["training", "train_acc_step"], "values": [{"value": 0.78125, "step": null, "ts": 1667651346.7558959}]}, "version": 136}
{"obj": {"type": "LogFloats", "path": ["training", "train_loss"], "values": [{"value": 1.4630475044250488, "step": null, "ts": 1667651346.7590528}]}, "version": 137}
{"obj": {"type": "LogFloats", "path": ["training", "epoch"], "values": [{"value": 6.0, "step": null, "ts": 1667651346.7617888}]}, "version": 138}
{"obj": {"type": "LogStrings", "path": ["monitoring", "stdout"], "values": [{"value": "{'progress_bar': {'val_loss': 1.446655035018921}, 'log': {'val_loss': 1.446655035018921}, 'val_loss': 1.446655035018921}", "step": null, "ts": 1667651347.535897}]}, "version": 139}
{"obj": {"type": "LogStrings", "path": ["monitoring", "stdout"], "values": [{"value": "\n", "step": null, "ts": 1667651347.5392673}]}, "version": 140}
{"obj": {"type": "LogStrings", "path": ["monitoring", "stdout"], "values": [{"value": "Accuracy: 0.7798319458961487", "step": null, "ts": 1667651347.5426512}]}, "version": 141}
{"obj": {"type": "LogStrings", "path": ["monitoring", "stdout"], "values": [{"value": "\n", "step": null, "ts": 1667651347.5457394}]}, "version": 142}
{"obj": {"type": "LogFloats", "path": ["training", "val_loss"], "values": [{"value": 1.4474223852157593, "step": null, "ts": 1667651347.5491092}]}, "version": 143}
{"obj": {"type": "LogFloats", "path": ["training", "val_acc_step"], "values": [{"value": 0.7798319458961487, "step": null, "ts": 1667651347.5517204}]}, "version": 144}
{"obj": {"type": "LogFloats", "path": ["training", "val_acc_epoch"], "values": [{"value": 0.7798319458961487, "step": null, "ts": 1667651347.5543945}]}, "version": 145}
{"obj": {"type": "LogFloats", "path": ["training", "epoch"], "values": [{"value": 6.0, "step": null, "ts": 1667651347.5571208}]}, "version": 146}
{"obj": {"type": "LogStrings", "path": ["monitoring", "stdout"], "values": [{"value": "Accuracy: 0.7745152115821838", "step": null, "ts": 1667651347.5618863}]}, "version": 147}
{"obj": {"type": "LogStrings", "path": ["monitoring", "stdout"], "values": [{"value": "\n", "step": null, "ts": 1667651347.5648227}]}, "version": 148}
{"obj": {"type": "LogFloats", "path": ["training", "train_acc_epoch"], "values": [{"value": 0.7745152115821838, "step": null, "ts": 1667651347.5711071}]}, "version": 149}
{"obj": {"type": "LogFloats", "path": ["training", "epoch"], "values": [{"value": 6.0, "step": null, "ts": 1667651347.5738916}]}, "version": 150}
{"obj": {"type": "LogFloats", "path": ["monitoring", "cpu"], "values": [{"value": 25.7, "step": null, "ts": 1667651347.7796168}]}, "version": 151}
{"obj": {"type": "LogFloats", "path": ["monitoring", "memory"], "values": [{"value": 9.996452331542969, "step": null, "ts": 1667651347.7796168}]}, "version": 152}
{"obj": {"type": "LogFloats", "path": ["monitoring", "gpu_memory_0"], "values": [{"value": 1.46685791015625, "step": null, "ts": 1667651347.7796168}]}, "version": 153}
{"obj": {"type": "LogFloats", "path": ["monitoring", "gpu_memory_1"], "values": [{"value": 0.232177734375, "step": null, "ts": 1667651347.7796168}]}, "version": 154}
{"obj": {"type": "LogFloats", "path": ["training", "train_acc_step"], "values": [{"value": 0.84375, "step": null, "ts": 1667651347.99825}]}, "version": 155}
{"obj": {"type": "LogFloats", "path": ["training", "train_loss"], "values": [{"value": 1.441559910774231, "step": null, "ts": 1667651348.001228}]}, "version": 156}
{"obj": {"type": "LogFloats", "path": ["training", "epoch"], "values": [{"value": 7.0, "step": null, "ts": 1667651348.004039}]}, "version": 157}
{"obj": {"type": "LogFloats", "path": ["training", "train_acc_step"], "values": [{"value": 0.84375, "step": null, "ts": 1667651348.283123}]}, "version": 158}
{"obj": {"type": "LogFloats", "path": ["training", "train_loss"], "values": [{"value": 1.438988208770752, "step": null, "ts": 1667651348.2865307}]}, "version": 159}
{"obj": {"type": "LogFloats", "path": ["training", "epoch"], "values": [{"value": 7.0, "step": null, "ts": 1667651348.289491}]}, "version": 160}
{"obj": {"type": "LogStrings", "path": ["monitoring", "stdout"], "values": [{"value": "{'progress_bar': {'val_loss': 1.4469655752182007}, 'log': {'val_loss': 1.4469655752182007}, 'val_loss': 1.4469655752182007}", "step": null, "ts": 1667651348.8341131}]}, "version": 161}
{"obj": {"type": "LogStrings", "path": ["monitoring", "stdout"], "values": [{"value": "\n", "step": null, "ts": 1667651348.8376412}]}, "version": 162}
{"obj": {"type": "LogStrings", "path": ["monitoring", "stdout"], "values": [{"value": "Accuracy: 0.7798319458961487", "step": null, "ts": 1667651348.8410115}]}, "version": 163}
{"obj": {"type": "LogStrings", "path": ["monitoring", "stdout"], "values": [{"value": "\n", "step": null, "ts": 1667651348.843766}]}, "version": 164}
{"obj": {"type": "LogFloats", "path": ["training", "val_loss"], "values": [{"value": 1.4477485418319702, "step": null, "ts": 1667651348.8467035}]}, "version": 165}
{"obj": {"type": "LogFloats", "path": ["training", "val_acc_step"], "values": [{"value": 0.7798319458961487, "step": null, "ts": 1667651348.8492563}]}, "version": 166}
{"obj": {"type": "LogFloats", "path": ["training", "val_acc_epoch"], "values": [{"value": 0.7798319458961487, "step": null, "ts": 1667651348.8519127}]}, "version": 167}
{"obj": {"type": "LogFloats", "path": ["training", "epoch"], "values": [{"value": 7.0, "step": null, "ts": 1667651348.8545175}]}, "version": 168}
{"obj": {"type": "LogStrings", "path": ["monitoring", "stdout"], "values": [{"value": "Accuracy: 0.7711911201477051", "step": null, "ts": 1667651348.8588834}]}, "version": 169}
{"obj": {"type": "LogStrings", "path": ["monitoring", "stdout"], "values": [{"value": "\n", "step": null, "ts": 1667651348.8614588}]}, "version": 170}
{"obj": {"type": "LogFloats", "path": ["training", "train_acc_epoch"], "values": [{"value": 0.7711911201477051, "step": null, "ts": 1667651348.8678925}]}, "version": 171}
{"obj": {"type": "LogFloats", "path": ["training", "epoch"], "values": [{"value": 7.0, "step": null, "ts": 1667651348.8708308}]}, "version": 172}
{"obj": {"type": "LogFloats", "path": ["training", "train_acc_step"], "values": [{"value": 0.75, "step": null, "ts": 1667651349.512456}]}, "version": 173}
{"obj": {"type": "LogFloats", "path": ["training", "train_loss"], "values": [{"value": 1.4542992115020752, "step": null, "ts": 1667651349.5160708}]}, "version": 174}
{"obj": {"type": "LogFloats", "path": ["training", "epoch"], "values": [{"value": 8.0, "step": null, "ts": 1667651349.5189703}]}, "version": 175}
{"obj": {"type": "LogStrings", "path": ["monitoring", "stdout"], "values": [{"value": "{'progress_bar': {'val_loss': 1.4481498003005981}, 'log': {'val_loss': 1.4481498003005981}, 'val_loss': 1.4481498003005981}", "step": null, "ts": 1667651350.0960402}]}, "version": 176}
{"obj": {"type": "LogStrings", "path": ["monitoring", "stdout"], "values": [{"value": "\n", "step": null, "ts": 1667651350.0992763}]}, "version": 177}
{"obj": {"type": "LogStrings", "path": ["monitoring", "stdout"], "values": [{"value": "Accuracy: 0.7798319458961487", "step": null, "ts": 1667651350.1025913}]}, "version": 178}
{"obj": {"type": "LogStrings", "path": ["monitoring", "stdout"], "values": [{"value": "\n", "step": null, "ts": 1667651350.105185}]}, "version": 179}
{"obj": {"type": "LogFloats", "path": ["training", "val_loss"], "values": [{"value": 1.4489192962646484, "step": null, "ts": 1667651350.1081007}]}, "version": 180}
{"obj": {"type": "LogFloats", "path": ["training", "val_acc_step"], "values": [{"value": 0.7798319458961487, "step": null, "ts": 1667651350.110741}]}, "version": 181}
{"obj": {"type": "LogFloats", "path": ["training", "val_acc_epoch"], "values": [{"value": 0.7798319458961487, "step": null, "ts": 1667651350.1134343}]}, "version": 182}
{"obj": {"type": "LogFloats", "path": ["training", "epoch"], "values": [{"value": 8.0, "step": null, "ts": 1667651350.116106}]}, "version": 183}
{"obj": {"type": "LogStrings", "path": ["monitoring", "stdout"], "values": [{"value": "Accuracy: 0.7800554037094116", "step": null, "ts": 1667651350.1207983}]}, "version": 184}
{"obj": {"type": "LogStrings", "path": ["monitoring", "stdout"], "values": [{"value": "\n", "step": null, "ts": 1667651350.1236084}]}, "version": 185}
{"obj": {"type": "LogFloats", "path": ["training", "train_acc_epoch"], "values": [{"value": 0.7800554037094116, "step": null, "ts": 1667651350.1298952}]}, "version": 186}
{"obj": {"type": "LogFloats", "path": ["training", "epoch"], "values": [{"value": 8.0, "step": null, "ts": 1667651350.1326756}]}, "version": 187}
{"obj": {"type": "LogFloats", "path": ["training", "train_acc_step"], "values": [{"value": 0.875, "step": null, "ts": 1667651350.7682083}]}, "version": 188}
{"obj": {"type": "LogFloats", "path": ["training", "train_loss"], "values": [{"value": 1.4532339572906494, "step": null, "ts": 1667651350.771586}]}, "version": 189}
{"obj": {"type": "LogFloats", "path": ["training", "epoch"], "values": [{"value": 9.0, "step": null, "ts": 1667651350.774458}]}, "version": 190}
{"obj": {"type": "LogStrings", "path": ["monitoring", "stdout"], "values": [{"value": "{'progress_bar': {'val_loss': 1.4472196102142334}, 'log': {'val_loss': 1.4472196102142334}, 'val_loss': 1.4472196102142334}", "step": null, "ts": 1667651351.393879}]}, "version": 191}
{"obj": {"type": "LogStrings", "path": ["monitoring", "stdout"], "values": [{"value": "\n", "step": null, "ts": 1667651351.397068}]}, "version": 192}
{"obj": {"type": "LogStrings", "path": ["monitoring", "stdout"], "values": [{"value": "Accuracy: 0.778151273727417", "step": null, "ts": 1667651351.399989}]}, "version": 193}
{"obj": {"type": "LogStrings", "path": ["monitoring", "stdout"], "values": [{"value": "\n", "step": null, "ts": 1667651351.4024613}]}, "version": 194}
{"obj": {"type": "LogFloats", "path": ["training", "val_loss"], "values": [{"value": 1.4480066299438477, "step": null, "ts": 1667651351.4052415}]}, "version": 195}
{"obj": {"type": "LogFloats", "path": ["training", "val_acc_step"], "values": [{"value": 0.778151273727417, "step": null, "ts": 1667651351.4078283}]}, "version": 196}
{"obj": {"type": "LogFloats", "path": ["training", "val_acc_epoch"], "values": [{"value": 0.778151273727417, "step": null, "ts": 1667651351.4104114}]}, "version": 197}
{"obj": {"type": "LogFloats", "path": ["training", "epoch"], "values": [{"value": 9.0, "step": null, "ts": 1667651351.4128761}]}, "version": 198}
{"obj": {"type": "LogStrings", "path": ["monitoring", "stdout"], "values": [{"value": "Accuracy: 0.7795013785362244", "step": null, "ts": 1667651351.4173663}]}, "version": 199}
{"obj": {"type": "LogStrings", "path": ["monitoring", "stdout"], "values": [{"value": "\n", "step": null, "ts": 1667651351.420097}]}, "version": 200}
{"obj": {"type": "LogFloats", "path": ["training", "train_acc_epoch"], "values": [{"value": 0.7795013785362244, "step": null, "ts": 1667651351.426656}]}, "version": 201}
{"obj": {"type": "LogFloats", "path": ["training", "epoch"], "values": [{"value": 9.0, "step": null, "ts": 1667651351.4295073}]}, "version": 202}
{"obj": {"type": "LogFloats", "path": ["training", "train_acc_step"], "values": [{"value": 0.875, "step": null, "ts": 1667651351.9970565}]}, "version": 203}
{"obj": {"type": "LogFloats", "path": ["training", "train_loss"], "values": [{"value": 1.4384934902191162, "step": null, "ts": 1667651352.0006566}]}, "version": 204}
{"obj": {"type": "LogFloats", "path": ["training", "epoch"], "values": [{"value": 10.0, "step": null, "ts": 1667651352.0037572}]}, "version": 205}
{"obj": {"type": "LogStrings", "path": ["monitoring", "stdout"], "values": [{"value": "{'progress_bar': {'val_loss': 1.4449750185012817}, 'log': {'val_loss': 1.4449750185012817}, 'val_loss': 1.4449750185012817}", "step": null, "ts": 1667651352.6431792}]}, "version": 206}
{"obj": {"type": "LogStrings", "path": ["monitoring", "stdout"], "values": [{"value": "\n", "step": null, "ts": 1667651352.6466725}]}, "version": 207}
{"obj": {"type": "LogStrings", "path": ["monitoring", "stdout"], "values": [{"value": "Accuracy: 0.7865546345710754", "step": null, "ts": 1667651352.6498506}]}, "version": 208}
{"obj": {"type": "LogStrings", "path": ["monitoring", "stdout"], "values": [{"value": "\n", "step": null, "ts": 1667651352.6529224}]}, "version": 209}
{"obj": {"type": "LogFloats", "path": ["training", "val_loss"], "values": [{"value": 1.4457226991653442, "step": null, "ts": 1667651352.6562917}]}, "version": 210}
{"obj": {"type": "LogFloats", "path": ["training", "val_acc_step"], "values": [{"value": 0.7865546345710754, "step": null, "ts": 1667651352.6589177}]}, "version": 211}
{"obj": {"type": "LogFloats", "path": ["training", "val_acc_epoch"], "values": [{"value": 0.7865546345710754, "step": null, "ts": 1667651352.661535}]}, "version": 212}
{"obj": {"type": "LogFloats", "path": ["training", "epoch"], "values": [{"value": 10.0, "step": null, "ts": 1667651352.6641726}]}, "version": 213}
{"obj": {"type": "LogStrings", "path": ["monitoring", "stdout"], "values": [{"value": "Accuracy: 0.7739612460136414", "step": null, "ts": 1667651352.6689796}]}, "version": 214}
{"obj": {"type": "LogStrings", "path": ["monitoring", "stdout"], "values": [{"value": "\n", "step": null, "ts": 1667651352.6715143}]}, "version": 215}
{"obj": {"type": "LogFloats", "path": ["training", "train_acc_epoch"], "values": [{"value": 0.7739612460136414, "step": null, "ts": 1667651352.6781502}]}, "version": 216}
{"obj": {"type": "LogFloats", "path": ["training", "epoch"], "values": [{"value": 10.0, "step": null, "ts": 1667651352.6809726}]}, "version": 217}
{"obj": {"type": "AssignString", "path": ["training", "status"], "value": "success"}, "version": 218}
{"obj": {"type": "LogStrings", "path": ["monitoring", "stdout"], "values": [{"value": "Shutting down background jobs, please wait a moment...\n", "step": null, "ts": 1667651352.8500743}]}, "version": 219}
