{"obj": {"type": "AssignString", "path": ["sys", "name"], "value": "Untitled"}, "version": 1}
{"obj": {"type": "AssignString", "path": ["sys", "description"], "value": ""}, "version": 2}
{"obj": {"type": "AssignString", "path": ["sys", "hostname"], "value": "node6"}, "version": 3}
{"obj": {"type": "AssignBool", "path": ["sys", "failed"], "value": false}, "version": 4}
{"obj": {"type": "ClearStringLog", "path": ["monitoring", "stdout"]}, "version": 5}
{"obj": {"type": "ClearStringLog", "path": ["monitoring", "stderr"]}, "version": 6}
{"obj": {"type": "UploadFileSet", "path": ["source_code", "files"], "file_globs": ["/home/aron/BCM_activity_classification/train_model.ipynb", "/home/aron/BCM_activity_classification/model.py", "/home/aron/BCM_activity_classification/BCM_dataset_v2.py"], "reset": "False"}, "version": 7}
{"obj": {"type": "ConfigFloatSeries", "path": ["monitoring", "cpu"], "min": 0.0, "max": 100.0, "unit": "%"}, "version": 8}
{"obj": {"type": "ClearFloatLog", "path": ["monitoring", "cpu"]}, "version": 9}
{"obj": {"type": "ConfigFloatSeries", "path": ["monitoring", "memory"], "min": 0.0, "max": 62.711673736572266, "unit": "GB"}, "version": 10}
{"obj": {"type": "ClearFloatLog", "path": ["monitoring", "memory"]}, "version": 11}
{"obj": {"type": "ConfigFloatSeries", "path": ["monitoring", "gpu_0"], "min": 0.0, "max": 100.0, "unit": "%"}, "version": 12}
{"obj": {"type": "ClearFloatLog", "path": ["monitoring", "gpu_0"]}, "version": 13}
{"obj": {"type": "ConfigFloatSeries", "path": ["monitoring", "gpu_1"], "min": 0.0, "max": 100.0, "unit": "%"}, "version": 14}
{"obj": {"type": "ClearFloatLog", "path": ["monitoring", "gpu_1"]}, "version": 15}
{"obj": {"type": "ConfigFloatSeries", "path": ["monitoring", "gpu_memory_0"], "min": 0.0, "max": 12.0, "unit": "GB"}, "version": 16}
{"obj": {"type": "ClearFloatLog", "path": ["monitoring", "gpu_memory_0"]}, "version": 17}
{"obj": {"type": "ConfigFloatSeries", "path": ["monitoring", "gpu_memory_1"], "min": 0.0, "max": 12.0, "unit": "GB"}, "version": 18}
{"obj": {"type": "ClearFloatLog", "path": ["monitoring", "gpu_memory_1"]}, "version": 19}
{"obj": {"type": "LogStrings", "path": ["monitoring", "stdout"], "values": [{"value": "", "step": null, "ts": 1668463368.0556247}]}, "version": 20}
{"obj": {"type": "LogFloats", "path": ["monitoring", "cpu"], "values": [{"value": 11.3, "step": null, "ts": 1668463368.0534549}]}, "version": 21}
{"obj": {"type": "LogStrings", "path": ["monitoring", "stdout"], "values": [{"value": "Remember to stop your run once you\u2019ve finished logging your metadata (https://docs.neptune.ai/api-reference/run#.stop). It will be stopped automatically only when the notebook kernel/interactive console is terminated.\n", "step": null, "ts": 1668463368.0603158}]}, "version": 22}
{"obj": {"type": "LogFloats", "path": ["monitoring", "memory"], "values": [{"value": 6.299949645996094, "step": null, "ts": 1668463368.0534549}]}, "version": 23}
{"obj": {"type": "LogFloats", "path": ["monitoring", "gpu_memory_0"], "values": [{"value": 1.33013916015625, "step": null, "ts": 1668463368.0534549}]}, "version": 24}
{"obj": {"type": "LogFloats", "path": ["monitoring", "gpu_memory_1"], "values": [{"value": 0.232177734375, "step": null, "ts": 1668463368.0534549}]}, "version": 25}
{"obj": {"type": "AssignString", "path": ["source_code", "integrations", "pytorch-lightning"], "value": "1.7.5"}, "version": 26}
{"obj": {"type": "LogStrings", "path": ["metadata", "file_path"], "values": [{"value": "['bcm_behaviour_data_multi_subject/subject3/2022-11-09_15-47-1', 'bcm_behaviour_data_multi_subject/subject3/2022-11-09_16-26-13', 'bcm_behaviour_data_multi_subject/subject3/2022-11-09_15-27-14', 'bcm_behaviour_data_multi_subject/subject3/2022-11-09_16-7-9', 'bcm_behaviour_data_multi_subject/subject1/2022-09-20_15-38-11', 'bcm_behaviour_data_multi_subject/subject1/2022-09-20_14-58-39', 'bcm_behaviour_data_multi_subject/subject1/2022-09-20_15-18-27', 'bcm_behaviour_data_multi_subject/subject1/2022-09-20_15-57-37']", "step": null, "ts": 1668463368.7727697}, {"value": "['bcm_behaviour_data_multi_subject/subject2/2022-11-09_14-34-16'\n 'bcm_behaviour_data_multi_subject/subject2/2022-11-09_14-52-7'\n 'bcm_behaviour_data_multi_subject/subject2/2022-11-09_13-56-0']", "step": null, "ts": 1668463368.7727697}, {"value": "['bcm_behaviour_data_multi_subject/subject2/2022-11-09_14-15-6']", "step": null, "ts": 1668463368.7727697}]}, "version": 27}
{"obj": {"type": "LogFloats", "path": ["metadata", "window_size"], "values": [{"value": 3.0, "step": null, "ts": 1668463368.7778692}]}, "version": 28}
{"obj": {"type": "LogFloats", "path": ["metadata", "stride"], "values": [{"value": 1.0, "step": null, "ts": 1668463368.782076}]}, "version": 29}
{"obj": {"type": "LogFloats", "path": ["metadata", "MFCC_stride"], "values": [{"value": 0.032, "step": null, "ts": 1668463368.7863672}]}, "version": 30}
{"obj": {"type": "LogFloats", "path": ["metadata", "mfccs_pr_window"], "values": [{"value": 93.0, "step": null, "ts": 1668463368.79026}]}, "version": 31}
{"obj": {"type": "LogFloats", "path": ["metadata", "lr"], "values": [{"value": 0.001, "step": null, "ts": 1668463368.7946036}]}, "version": 32}
{"obj": {"type": "LogFloats", "path": ["metadata", "batch_size"], "values": [{"value": 32.0, "step": null, "ts": 1668463368.798245}]}, "version": 33}
{"obj": {"type": "LogFloats", "path": ["metadata", "lstm_layers"], "values": [{"value": 1.0, "step": null, "ts": 1668463368.8020465}]}, "version": 34}
{"obj": {"type": "LogFloats", "path": ["metadata", "lstm_hidden_size"], "values": [{"value": 128.0, "step": null, "ts": 1668463368.8056028}]}, "version": 35}
{"obj": {"type": "LogFloats", "path": ["metadata", "weight_decay"], "values": [{"value": 0.0, "step": null, "ts": 1668463368.808795}]}, "version": 36}
{"obj": {"type": "LogFloats", "path": ["metadata", "occlusion"], "values": [{"value": 0.0, "step": null, "ts": 1668463368.8120165}]}, "version": 37}
{"obj": {"type": "LogFloats", "path": ["metadata", "seed"], "values": [{"value": 100.0, "step": null, "ts": 1668463368.8152208}]}, "version": 38}
{"obj": {"type": "LogFloats", "path": ["metadata", "train_set_length"], "values": [{"value": 14360.0, "step": null, "ts": 1668463368.8183815}]}, "version": 39}
{"obj": {"type": "LogFloats", "path": ["metadata", "val_set_length"], "values": [{"value": 5385.0, "step": null, "ts": 1668463368.8217902}]}, "version": 40}
{"obj": {"type": "LogStrings", "path": ["monitoring", "stderr"], "values": [{"value": "/home/aron/.local/lib/python3.9/site-packages/pytorch_lightning/core/module.py:555: UserWarning: To copy construct from a tensor, it is recommended to use sourceTensor.clone().detach() or sourceTensor.clone().detach().requires_grad_(True), rather than torch.tensor(sourceTensor).\n  value = torch.tensor(value, device=self.device)\n", "step": null, "ts": 1668463369.1331477}]}, "version": 41}
{"obj": {"type": "LogStrings", "path": ["monitoring", "stdout"], "values": [{"value": "{'progress_bar': {'val_loss': 1.609891653060913}, 'log': {'val_loss': 1.609891653060913}, 'val_loss': 1.609891653060913}", "step": null, "ts": 1668463369.1489534}]}, "version": 42}
{"obj": {"type": "LogStrings", "path": ["monitoring", "stdout"], "values": [{"value": "\n", "step": null, "ts": 1668463369.1521199}]}, "version": 43}
{"obj": {"type": "LogStrings", "path": ["monitoring", "stdout"], "values": [{"value": "Accuracy: 0.0", "step": null, "ts": 1668463369.155796}]}, "version": 44}
{"obj": {"type": "LogStrings", "path": ["monitoring", "stdout"], "values": [{"value": "\n", "step": null, "ts": 1668463369.1588318}]}, "version": 45}
{"obj": {"type": "LogFloats", "path": ["training", "train_acc_step"], "values": [{"value": 0.78125, "step": null, "ts": 1668463369.7400084}]}, "version": 46}
{"obj": {"type": "LogFloats", "path": ["training", "train_loss"], "values": [{"value": 1.471360445022583, "step": null, "ts": 1668463369.7436438}]}, "version": 47}
{"obj": {"type": "LogFloats", "path": ["training", "epoch"], "values": [{"value": 0.0, "step": null, "ts": 1668463369.746703}]}, "version": 48}
{"obj": {"type": "LogFloats", "path": ["training", "train_acc_step"], "values": [{"value": 0.65625, "step": null, "ts": 1668463370.0317886}]}, "version": 49}
{"obj": {"type": "LogFloats", "path": ["training", "train_loss"], "values": [{"value": 1.4720518589019775, "step": null, "ts": 1668463370.0350778}]}, "version": 50}
{"obj": {"type": "LogFloats", "path": ["training", "epoch"], "values": [{"value": 0.0, "step": null, "ts": 1668463370.0384955}]}, "version": 51}
{"obj": {"type": "LogFloats", "path": ["training", "train_acc_step"], "values": [{"value": 0.75, "step": null, "ts": 1668463370.322892}]}, "version": 52}
{"obj": {"type": "LogFloats", "path": ["training", "train_loss"], "values": [{"value": 1.4578981399536133, "step": null, "ts": 1668463370.3263693}]}, "version": 53}
{"obj": {"type": "LogFloats", "path": ["training", "epoch"], "values": [{"value": 0.0, "step": null, "ts": 1668463370.3292673}]}, "version": 54}
{"obj": {"type": "LogFloats", "path": ["training", "train_acc_step"], "values": [{"value": 0.78125, "step": null, "ts": 1668463370.6148431}]}, "version": 55}
{"obj": {"type": "LogFloats", "path": ["training", "train_loss"], "values": [{"value": 1.4644670486450195, "step": null, "ts": 1668463370.618256}]}, "version": 56}
{"obj": {"type": "LogFloats", "path": ["training", "epoch"], "values": [{"value": 0.0, "step": null, "ts": 1668463370.6213183}]}, "version": 57}
{"obj": {"type": "LogFloats", "path": ["training", "train_acc_step"], "values": [{"value": 0.875, "step": null, "ts": 1668463370.9053743}]}, "version": 58}
{"obj": {"type": "LogFloats", "path": ["training", "train_loss"], "values": [{"value": 1.4545807838439941, "step": null, "ts": 1668463370.908864}]}, "version": 59}
{"obj": {"type": "LogFloats", "path": ["training", "epoch"], "values": [{"value": 0.0, "step": null, "ts": 1668463370.9117885}]}, "version": 60}
{"obj": {"type": "LogFloats", "path": ["training", "train_acc_step"], "values": [{"value": 0.90625, "step": null, "ts": 1668463371.2115858}]}, "version": 61}
{"obj": {"type": "LogFloats", "path": ["training", "train_loss"], "values": [{"value": 1.4545884132385254, "step": null, "ts": 1668463371.2146573}]}, "version": 62}
{"obj": {"type": "LogFloats", "path": ["training", "epoch"], "values": [{"value": 0.0, "step": null, "ts": 1668463371.2176547}]}, "version": 63}
{"obj": {"type": "LogFloats", "path": ["training", "train_acc_step"], "values": [{"value": 0.90625, "step": null, "ts": 1668463371.5162218}]}, "version": 64}
{"obj": {"type": "LogFloats", "path": ["training", "train_loss"], "values": [{"value": 1.4399528503417969, "step": null, "ts": 1668463371.5198257}]}, "version": 65}
{"obj": {"type": "LogFloats", "path": ["training", "epoch"], "values": [{"value": 0.0, "step": null, "ts": 1668463371.5226946}]}, "version": 66}
{"obj": {"type": "LogFloats", "path": ["training", "train_acc_step"], "values": [{"value": 0.78125, "step": null, "ts": 1668463371.8202906}]}, "version": 67}
{"obj": {"type": "LogFloats", "path": ["training", "train_loss"], "values": [{"value": 1.46309494972229, "step": null, "ts": 1668463371.8235254}]}, "version": 68}
{"obj": {"type": "LogFloats", "path": ["training", "epoch"], "values": [{"value": 0.0, "step": null, "ts": 1668463371.8264768}]}, "version": 69}
{"obj": {"type": "LogStrings", "path": ["monitoring", "stdout"], "values": [{"value": "{'progress_bar': {'val_loss': 1.4781984090805054}, 'log': {'val_loss': 1.4781984090805054}, 'val_loss': 1.4781984090805054}", "step": null, "ts": 1668463373.295325}]}, "version": 70}
{"obj": {"type": "LogStrings", "path": ["monitoring", "stdout"], "values": [{"value": "\n", "step": null, "ts": 1668463373.2982059}]}, "version": 71}
{"obj": {"type": "LogStrings", "path": ["monitoring", "stdout"], "values": [{"value": "Accuracy: 0.7091922163963318", "step": null, "ts": 1668463373.3005667}]}, "version": 72}
{"obj": {"type": "LogStrings", "path": ["monitoring", "stdout"], "values": [{"value": "\n", "step": null, "ts": 1668463373.30288}]}, "version": 73}
{"obj": {"type": "LogFloats", "path": ["training", "val_loss"], "values": [{"value": 1.478291392326355, "step": null, "ts": 1668463373.3058112}]}, "version": 74}
{"obj": {"type": "LogFloats", "path": ["training", "val_acc_step"], "values": [{"value": 0.7091922163963318, "step": null, "ts": 1668463373.3079312}]}, "version": 75}
{"obj": {"type": "LogFloats", "path": ["training", "val_acc_epoch"], "values": [{"value": 0.7091922163963318, "step": null, "ts": 1668463373.3102496}]}, "version": 76}
{"obj": {"type": "LogFloats", "path": ["training", "epoch"], "values": [{"value": 0.0, "step": null, "ts": 1668463373.312393}]}, "version": 77}
{"obj": {"type": "LogStrings", "path": ["monitoring", "stdout"], "values": [{"value": "Accuracy: 0.7700557112693787", "step": null, "ts": 1668463373.3187687}]}, "version": 78}
{"obj": {"type": "LogStrings", "path": ["monitoring", "stdout"], "values": [{"value": "\n", "step": null, "ts": 1668463373.3212554}]}, "version": 79}
{"obj": {"type": "AssignString", "path": ["training", "model", "best_model_path"], "value": "/home/aron/BCM_activity_classification/checkpoints/latest_checkpoint-v26.ckpt"}, "version": 80}
{"obj": {"type": "UploadFile", "path": ["training", "model", "checkpoints", "latest_checkpoint-v26"], "ext": "ckpt", "file_path": "/home/aron/BCM_activity_classification/checkpoints/latest_checkpoint-v26.ckpt"}, "version": 81}
{"obj": {"type": "LogFloats", "path": ["training", "train_acc_epoch"], "values": [{"value": 0.7700557112693787, "step": null, "ts": 1668463373.3739796}]}, "version": 82}
{"obj": {"type": "LogFloats", "path": ["training", "epoch"], "values": [{"value": 0.0, "step": null, "ts": 1668463373.3767858}]}, "version": 83}
{"obj": {"type": "AssignString", "path": ["training", "status"], "value": "success"}, "version": 84}
{"obj": {"type": "LogStrings", "path": ["monitoring", "stdout"], "values": [{"value": "checkpoints/latest_checkpoint-v26.ckpt", "step": null, "ts": 1668463373.5680315}]}, "version": 85}
{"obj": {"type": "LogStrings", "path": ["monitoring", "stdout"], "values": [{"value": "\n", "step": null, "ts": 1668463373.5704823}]}, "version": 86}
{"obj": {"type": "LogStrings", "path": ["monitoring", "stderr"], "values": [{"value": "/home/aron/.local/lib/python3.9/site-packages/pytorch_lightning/trainer/connectors/checkpoint_connector.py:52: LightningDeprecationWarning: Setting `Trainer(resume_from_checkpoint=)` is deprecated in v1.5 and will be removed in v1.7. Please pass `Trainer.fit(ckpt_path=)` directly instead.\n  rank_zero_deprecation(\n", "step": null, "ts": 1668463373.8915226}]}, "version": 87}
{"obj": {"type": "LogStrings", "path": ["monitoring", "stdout"], "values": [{"value": "_____________________", "step": null, "ts": 1668463374.1020153}]}, "version": 88}
{"obj": {"type": "LogStrings", "path": ["monitoring", "stdout"], "values": [{"value": "\n", "step": null, "ts": 1668463374.1049209}]}, "version": 89}
{"obj": {"type": "LogStrings", "path": ["monitoring", "stdout"], "values": [{"value": "<class 'list'>", "step": null, "ts": 1668463374.107932}]}, "version": 90}
{"obj": {"type": "LogStrings", "path": ["monitoring", "stdout"], "values": [{"value": "\n", "step": null, "ts": 1668463374.110886}]}, "version": 91}
{"obj": {"type": "LogStrings", "path": ["monitoring", "stdout"], "values": [{"value": "_____________________", "step": null, "ts": 1668463374.113264}]}, "version": 92}
{"obj": {"type": "LogStrings", "path": ["monitoring", "stdout"], "values": [{"value": "\n", "step": null, "ts": 1668463374.1156948}]}, "version": 93}
{"obj": {"type": "LogStrings", "path": ["monitoring", "stdout"], "values": [{"value": "Validation set", "step": null, "ts": 1668463374.1184742}]}, "version": 94}
{"obj": {"type": "LogStrings", "path": ["monitoring", "stdout"], "values": [{"value": "\n", "step": null, "ts": 1668463374.1209154}]}, "version": 95}
{"obj": {"type": "LogStrings", "path": ["monitoring", "stdout"], "values": [{"value": "bcm_behaviour_data_multi_subject/subject2/2022-11-09_14-15-6/0.npy", "step": null, "ts": 1668463374.1251092}]}, "version": 96}
{"obj": {"type": "LogStrings", "path": ["monitoring", "stdout"], "values": [{"value": "\n", "step": null, "ts": 1668463374.1272554}]}, "version": 97}
{"obj": {"type": "LogStrings", "path": ["monitoring", "stdout"], "values": [{"value": "bcm_behaviour_data_multi_subject/subject2/2022-11-09_14-15-6/1.npy", "step": null, "ts": 1668463374.1308231}]}, "version": 98}
{"obj": {"type": "LogStrings", "path": ["monitoring", "stdout"], "values": [{"value": "\n", "step": null, "ts": 1668463374.1331694}]}, "version": 99}
{"obj": {"type": "LogStrings", "path": ["monitoring", "stdout"], "values": [{"value": "bcm_behaviour_data_multi_subject/subject2/2022-11-09_14-15-6/2.npy", "step": null, "ts": 1668463374.1363335}]}, "version": 100}
{"obj": {"type": "LogStrings", "path": ["monitoring", "stdout"], "values": [{"value": "\n", "step": null, "ts": 1668463374.1386907}]}, "version": 101}
{"obj": {"type": "LogStrings", "path": ["monitoring", "stdout"], "values": [{"value": "bcm_behaviour_data_multi_subject/subject2/2022-11-09_14-15-6/3.npy", "step": null, "ts": 1668463374.1420646}]}, "version": 102}
{"obj": {"type": "LogStrings", "path": ["monitoring", "stdout"], "values": [{"value": "\n", "step": null, "ts": 1668463374.1444883}]}, "version": 103}
{"obj": {"type": "LogStrings", "path": ["monitoring", "stdout"], "values": [{"value": "bcm_behaviour_data_multi_subject/subject2/2022-11-09_14-15-6/4.npy", "step": null, "ts": 1668463374.1476352}]}, "version": 104}
{"obj": {"type": "LogStrings", "path": ["monitoring", "stdout"], "values": [{"value": "\n", "step": null, "ts": 1668463374.150086}]}, "version": 105}
{"obj": {"type": "LogStrings", "path": ["monitoring", "stdout"], "values": [{"value": "Training set", "step": null, "ts": 1668463374.15227}]}, "version": 106}
{"obj": {"type": "LogStrings", "path": ["monitoring", "stdout"], "values": [{"value": "\n", "step": null, "ts": 1668463374.1544614}]}, "version": 107}
{"obj": {"type": "LogStrings", "path": ["monitoring", "stdout"], "values": [{"value": "bcm_behaviour_data_multi_subject/subject2/2022-11-09_14-15-6/0.npy", "step": null, "ts": 1668463374.1579251}]}, "version": 108}
{"obj": {"type": "LogStrings", "path": ["monitoring", "stdout"], "values": [{"value": "\n", "step": null, "ts": 1668463374.160311}]}, "version": 109}
{"obj": {"type": "LogStrings", "path": ["monitoring", "stdout"], "values": [{"value": "bcm_behaviour_data_multi_subject/subject2/2022-11-09_14-15-6/1.npy", "step": null, "ts": 1668463374.1635082}]}, "version": 110}
{"obj": {"type": "LogStrings", "path": ["monitoring", "stdout"], "values": [{"value": "\n", "step": null, "ts": 1668463374.1665502}]}, "version": 111}
{"obj": {"type": "LogStrings", "path": ["monitoring", "stdout"], "values": [{"value": "bcm_behaviour_data_multi_subject/subject2/2022-11-09_14-15-6/2.npy", "step": null, "ts": 1668463374.1704552}]}, "version": 112}
{"obj": {"type": "LogStrings", "path": ["monitoring", "stdout"], "values": [{"value": "\n", "step": null, "ts": 1668463374.174979}]}, "version": 113}
{"obj": {"type": "LogStrings", "path": ["monitoring", "stdout"], "values": [{"value": "bcm_behaviour_data_multi_subject/subject2/2022-11-09_14-15-6/3.npy", "step": null, "ts": 1668463374.1786833}]}, "version": 114}
{"obj": {"type": "LogStrings", "path": ["monitoring", "stdout"], "values": [{"value": "\n", "step": null, "ts": 1668463374.1817648}]}, "version": 115}
{"obj": {"type": "LogStrings", "path": ["monitoring", "stdout"], "values": [{"value": "bcm_behaviour_data_multi_subject/subject2/2022-11-09_14-15-6/4.npy", "step": null, "ts": 1668463374.1856313}]}, "version": 116}
{"obj": {"type": "LogStrings", "path": ["monitoring", "stdout"], "values": [{"value": "\n", "step": null, "ts": 1668463374.189036}]}, "version": 117}
{"obj": {"type": "LogStrings", "path": ["monitoring", "stderr"], "values": [{"value": "/home/aron/.local/lib/python3.9/site-packages/pytorch_lightning/callbacks/model_checkpoint.py:616: UserWarning: Checkpoint directory /home/aron/BCM_activity_classification/checkpoints exists and is not empty.\n  rank_zero_warn(f\"Checkpoint directory {dirpath} exists and is not empty.\")\n", "step": null, "ts": 1668463374.1931398}]}, "version": 118}
{"obj": {"type": "LogStrings", "path": ["metadata", "file_path"], "values": [{"value": "['bcm_behaviour_data_multi_subject/subject3/2022-11-09_15-47-1', 'bcm_behaviour_data_multi_subject/subject3/2022-11-09_16-26-13', 'bcm_behaviour_data_multi_subject/subject3/2022-11-09_15-27-14', 'bcm_behaviour_data_multi_subject/subject3/2022-11-09_16-7-9', 'bcm_behaviour_data_multi_subject/subject1/2022-09-20_15-38-11', 'bcm_behaviour_data_multi_subject/subject1/2022-09-20_14-58-39', 'bcm_behaviour_data_multi_subject/subject1/2022-09-20_15-18-27', 'bcm_behaviour_data_multi_subject/subject1/2022-09-20_15-57-37']", "step": null, "ts": 1668463374.3060193}, {"value": "['bcm_behaviour_data_multi_subject/subject2/2022-11-09_14-34-16'\n 'bcm_behaviour_data_multi_subject/subject2/2022-11-09_14-52-7'\n 'bcm_behaviour_data_multi_subject/subject2/2022-11-09_13-56-0']", "step": null, "ts": 1668463374.3060193}, {"value": "['bcm_behaviour_data_multi_subject/subject2/2022-11-09_14-15-6']", "step": null, "ts": 1668463374.3060193}]}, "version": 119}
{"obj": {"type": "LogFloats", "path": ["metadata", "window_size"], "values": [{"value": 3.0, "step": null, "ts": 1668463374.3085463}]}, "version": 120}
{"obj": {"type": "LogFloats", "path": ["metadata", "stride"], "values": [{"value": 1.0, "step": null, "ts": 1668463374.3106232}]}, "version": 121}
{"obj": {"type": "LogFloats", "path": ["metadata", "MFCC_stride"], "values": [{"value": 0.032, "step": null, "ts": 1668463374.3127685}]}, "version": 122}
{"obj": {"type": "LogFloats", "path": ["metadata", "mfccs_pr_window"], "values": [{"value": 93.0, "step": null, "ts": 1668463374.3149152}]}, "version": 123}
{"obj": {"type": "LogFloats", "path": ["metadata", "lr"], "values": [{"value": 0.001, "step": null, "ts": 1668463374.3168888}]}, "version": 124}
{"obj": {"type": "LogFloats", "path": ["metadata", "batch_size"], "values": [{"value": 32.0, "step": null, "ts": 1668463374.3191075}]}, "version": 125}
{"obj": {"type": "LogFloats", "path": ["metadata", "lstm_layers"], "values": [{"value": 1.0, "step": null, "ts": 1668463374.3211963}]}, "version": 126}
{"obj": {"type": "LogFloats", "path": ["metadata", "lstm_hidden_size"], "values": [{"value": 128.0, "step": null, "ts": 1668463374.3232613}]}, "version": 127}
{"obj": {"type": "LogFloats", "path": ["metadata", "weight_decay"], "values": [{"value": 0.0, "step": null, "ts": 1668463374.3253093}]}, "version": 128}
{"obj": {"type": "LogFloats", "path": ["metadata", "occlusion"], "values": [{"value": 0.0, "step": null, "ts": 1668463374.3272502}]}, "version": 129}
{"obj": {"type": "LogFloats", "path": ["metadata", "seed"], "values": [{"value": 100.0, "step": null, "ts": 1668463374.329282}]}, "version": 130}
{"obj": {"type": "LogFloats", "path": ["metadata", "train_set_length"], "values": [{"value": 14360.0, "step": null, "ts": 1668463374.3314235}]}, "version": 131}
{"obj": {"type": "LogFloats", "path": ["metadata", "val_set_length"], "values": [{"value": 5385.0, "step": null, "ts": 1668463374.3334172}]}, "version": 132}
{"obj": {"type": "LogStrings", "path": ["monitoring", "stdout"], "values": [{"value": "{'progress_bar': {'val_loss': 1.5371761322021484}, 'log': {'val_loss': 1.5371761322021484}, 'val_loss': 1.5371761322021484}", "step": null, "ts": 1668463374.678431}]}, "version": 133}
{"obj": {"type": "LogStrings", "path": ["monitoring", "stdout"], "values": [{"value": "\n", "step": null, "ts": 1668463374.680852}]}, "version": 134}
{"obj": {"type": "LogStrings", "path": ["monitoring", "stdout"], "values": [{"value": "Accuracy: 0.0", "step": null, "ts": 1668463374.6835093}]}, "version": 135}
{"obj": {"type": "LogStrings", "path": ["monitoring", "stdout"], "values": [{"value": "\n", "step": null, "ts": 1668463374.6856773}]}, "version": 136}
{"obj": {"type": "AssignString", "path": ["training", "status"], "value": "success"}, "version": 137}
{"obj": {"type": "LogStrings", "path": ["monitoring", "stdout"], "values": [{"value": "Shutting down background jobs, please wait a moment...\n", "step": null, "ts": 1668463374.8174307}]}, "version": 138}
