{"obj": {"type": "AssignString", "path": ["sys", "name"], "value": "Untitled"}, "version": 1}
{"obj": {"type": "AssignString", "path": ["sys", "description"], "value": ""}, "version": 2}
{"obj": {"type": "AssignString", "path": ["sys", "hostname"], "value": "node6"}, "version": 3}
{"obj": {"type": "AssignBool", "path": ["sys", "failed"], "value": false}, "version": 4}
{"obj": {"type": "ClearStringLog", "path": ["monitoring", "stdout"]}, "version": 5}
{"obj": {"type": "ClearStringLog", "path": ["monitoring", "stderr"]}, "version": 6}
{"obj": {"type": "UploadFileSet", "path": ["source_code", "files"], "file_globs": ["/home/aron/BCM_activity_classification/train_model.ipynb", "/home/aron/BCM_activity_classification/model.py", "/home/aron/BCM_activity_classification/BCM_dataset_v2.py"], "reset": "False"}, "version": 7}
{"obj": {"type": "ConfigFloatSeries", "path": ["monitoring", "cpu"], "min": 0.0, "max": 100.0, "unit": "%"}, "version": 8}
{"obj": {"type": "ClearFloatLog", "path": ["monitoring", "cpu"]}, "version": 9}
{"obj": {"type": "ConfigFloatSeries", "path": ["monitoring", "memory"], "min": 0.0, "max": 62.711673736572266, "unit": "GB"}, "version": 10}
{"obj": {"type": "ClearFloatLog", "path": ["monitoring", "memory"]}, "version": 11}
{"obj": {"type": "ConfigFloatSeries", "path": ["monitoring", "gpu_0"], "min": 0.0, "max": 100.0, "unit": "%"}, "version": 12}
{"obj": {"type": "ClearFloatLog", "path": ["monitoring", "gpu_0"]}, "version": 13}
{"obj": {"type": "ConfigFloatSeries", "path": ["monitoring", "gpu_1"], "min": 0.0, "max": 100.0, "unit": "%"}, "version": 14}
{"obj": {"type": "ClearFloatLog", "path": ["monitoring", "gpu_1"]}, "version": 15}
{"obj": {"type": "ConfigFloatSeries", "path": ["monitoring", "gpu_memory_0"], "min": 0.0, "max": 12.0, "unit": "GB"}, "version": 16}
{"obj": {"type": "ClearFloatLog", "path": ["monitoring", "gpu_memory_0"]}, "version": 17}
{"obj": {"type": "ConfigFloatSeries", "path": ["monitoring", "gpu_memory_1"], "min": 0.0, "max": 12.0, "unit": "GB"}, "version": 18}
{"obj": {"type": "ClearFloatLog", "path": ["monitoring", "gpu_memory_1"]}, "version": 19}
{"obj": {"type": "LogStrings", "path": ["monitoring", "stdout"], "values": [{"value": "", "step": null, "ts": 1667651302.0908704}]}, "version": 20}
{"obj": {"type": "LogFloats", "path": ["monitoring", "cpu"], "values": [{"value": 19.8, "step": null, "ts": 1667651302.0886416}]}, "version": 21}
{"obj": {"type": "LogStrings", "path": ["monitoring", "stdout"], "values": [{"value": "Remember to stop your run once you\u2019ve finished logging your metadata (https://docs.neptune.ai/api-reference/run#.stop). It will be stopped automatically only when the notebook kernel/interactive console is terminated.\n", "step": null, "ts": 1667651302.095698}]}, "version": 22}
{"obj": {"type": "LogFloats", "path": ["monitoring", "memory"], "values": [{"value": 9.714672088623047, "step": null, "ts": 1667651302.0886416}]}, "version": 23}
{"obj": {"type": "LogFloats", "path": ["monitoring", "gpu_memory_0"], "values": [{"value": 1.33013916015625, "step": null, "ts": 1667651302.0886416}]}, "version": 24}
{"obj": {"type": "LogFloats", "path": ["monitoring", "gpu_memory_1"], "values": [{"value": 0.232177734375, "step": null, "ts": 1667651302.0886416}]}, "version": 25}
{"obj": {"type": "AssignString", "path": ["source_code", "integrations", "pytorch-lightning"], "value": "1.7.5"}, "version": 26}
{"obj": {"type": "LogStrings", "path": ["metadata", "file_path"], "values": [{"value": "data/bcm/", "step": null, "ts": 1667651302.793446}]}, "version": 27}
{"obj": {"type": "LogFloats", "path": ["metadata", "window_size"], "values": [{"value": 3.0, "step": null, "ts": 1667651302.796807}]}, "version": 28}
{"obj": {"type": "LogFloats", "path": ["metadata", "stride"], "values": [{"value": 3.0, "step": null, "ts": 1667651302.8003101}]}, "version": 29}
{"obj": {"type": "LogFloats", "path": ["metadata", "MFCC_stride"], "values": [{"value": 0.032, "step": null, "ts": 1667651302.8035877}]}, "version": 30}
{"obj": {"type": "LogFloats", "path": ["metadata", "mfccs_pr_window"], "values": [{"value": 93.0, "step": null, "ts": 1667651302.8067348}]}, "version": 31}
{"obj": {"type": "LogFloats", "path": ["metadata", "lr"], "values": [{"value": 0.001, "step": null, "ts": 1667651302.8095565}]}, "version": 32}
{"obj": {"type": "LogFloats", "path": ["metadata", "batch_size"], "values": [{"value": 32.0, "step": null, "ts": 1667651302.812489}]}, "version": 33}
{"obj": {"type": "LogFloats", "path": ["metadata", "lstm_layers"], "values": [{"value": 1.0, "step": null, "ts": 1667651302.8151488}]}, "version": 34}
{"obj": {"type": "LogFloats", "path": ["metadata", "lstm_hidden_size"], "values": [{"value": 128.0, "step": null, "ts": 1667651302.8178298}]}, "version": 35}
{"obj": {"type": "LogFloats", "path": ["metadata", "weight_decay"], "values": [{"value": 0.0, "step": null, "ts": 1667651302.8204272}]}, "version": 36}
{"obj": {"type": "LogFloats", "path": ["metadata", "occlusion"], "values": [{"value": 0.0, "step": null, "ts": 1667651302.8230886}]}, "version": 37}
{"obj": {"type": "LogFloats", "path": ["metadata", "seed"], "values": [{"value": 6.0, "step": null, "ts": 1667651302.8256934}]}, "version": 38}
{"obj": {"type": "LogFloats", "path": ["metadata", "train_set_length"], "values": [{"value": 1805.0, "step": null, "ts": 1667651302.8282967}]}, "version": 39}
{"obj": {"type": "LogFloats", "path": ["metadata", "val_set_length"], "values": [{"value": 595.0, "step": null, "ts": 1667651302.8308384}]}, "version": 40}
{"obj": {"type": "LogStrings", "path": ["monitoring", "stderr"], "values": [{"value": "/home/aron/.local/lib/python3.9/site-packages/pytorch_lightning/core/module.py:555: UserWarning: To copy construct from a tensor, it is recommended to use sourceTensor.clone().detach() or sourceTensor.clone().detach().requires_grad_(True), rather than torch.tensor(sourceTensor).\n  value = torch.tensor(value, device=self.device)\n", "step": null, "ts": 1667651303.1681547}]}, "version": 41}
{"obj": {"type": "LogStrings", "path": ["monitoring", "stdout"], "values": [{"value": "{'progress_bar': {'val_loss': 1.6127703189849854}, 'log': {'val_loss': 1.6127703189849854}, 'val_loss': 1.6127703189849854}", "step": null, "ts": 1667651303.1818488}]}, "version": 42}
{"obj": {"type": "LogStrings", "path": ["monitoring", "stdout"], "values": [{"value": "\n", "step": null, "ts": 1667651303.1850312}]}, "version": 43}
{"obj": {"type": "LogStrings", "path": ["monitoring", "stdout"], "values": [{"value": "Accuracy: 0.03125", "step": null, "ts": 1667651303.1884377}]}, "version": 44}
{"obj": {"type": "LogStrings", "path": ["monitoring", "stdout"], "values": [{"value": "\n", "step": null, "ts": 1667651303.191046}]}, "version": 45}
{"obj": {"type": "LogFloats", "path": ["training", "train_acc_step"], "values": [{"value": 0.78125, "step": null, "ts": 1667651303.7962682}]}, "version": 46}
{"obj": {"type": "LogFloats", "path": ["training", "train_loss"], "values": [{"value": 1.4777885675430298, "step": null, "ts": 1667651303.7997503}]}, "version": 47}
{"obj": {"type": "LogFloats", "path": ["training", "epoch"], "values": [{"value": 0.0, "step": null, "ts": 1667651303.8025339}]}, "version": 48}
{"obj": {"type": "LogStrings", "path": ["monitoring", "stdout"], "values": [{"value": "{'progress_bar': {'val_loss': 1.4621373414993286}, 'log': {'val_loss': 1.4621373414993286}, 'val_loss': 1.4621373414993286}", "step": null, "ts": 1667651304.3257244}]}, "version": 49}
{"obj": {"type": "LogStrings", "path": ["monitoring", "stdout"], "values": [{"value": "\n", "step": null, "ts": 1667651304.329218}]}, "version": 50}
{"obj": {"type": "LogStrings", "path": ["monitoring", "stdout"], "values": [{"value": "Accuracy: 0.7882353067398071", "step": null, "ts": 1667651304.3323288}]}, "version": 51}
{"obj": {"type": "LogStrings", "path": ["monitoring", "stdout"], "values": [{"value": "\n", "step": null, "ts": 1667651304.3350935}]}, "version": 52}
{"obj": {"type": "LogFloats", "path": ["training", "val_loss"], "values": [{"value": 1.4628714323043823, "step": null, "ts": 1667651304.3380885}]}, "version": 53}
{"obj": {"type": "LogFloats", "path": ["training", "val_acc_step"], "values": [{"value": 0.7882353067398071, "step": null, "ts": 1667651304.3406525}]}, "version": 54}
{"obj": {"type": "LogFloats", "path": ["training", "val_acc_epoch"], "values": [{"value": 0.7882353067398071, "step": null, "ts": 1667651304.3430836}]}, "version": 55}
{"obj": {"type": "LogFloats", "path": ["training", "epoch"], "values": [{"value": 0.0, "step": null, "ts": 1667651304.3455555}]}, "version": 56}
{"obj": {"type": "LogStrings", "path": ["monitoring", "stdout"], "values": [{"value": "Accuracy: 0.673130214214325", "step": null, "ts": 1667651304.3506496}]}, "version": 57}
{"obj": {"type": "LogStrings", "path": ["monitoring", "stdout"], "values": [{"value": "\n", "step": null, "ts": 1667651304.3533754}]}, "version": 58}
{"obj": {"type": "LogFloats", "path": ["training", "train_acc_epoch"], "values": [{"value": 0.673130214214325, "step": null, "ts": 1667651304.3599327}]}, "version": 59}
{"obj": {"type": "LogFloats", "path": ["training", "epoch"], "values": [{"value": 0.0, "step": null, "ts": 1667651304.362871}]}, "version": 60}
{"obj": {"type": "LogFloats", "path": ["training", "train_acc_step"], "values": [{"value": 0.8125, "step": null, "ts": 1667651305.0199916}]}, "version": 61}
{"obj": {"type": "LogFloats", "path": ["training", "train_loss"], "values": [{"value": 1.4569790363311768, "step": null, "ts": 1667651305.0233896}]}, "version": 62}
{"obj": {"type": "LogFloats", "path": ["training", "epoch"], "values": [{"value": 1.0, "step": null, "ts": 1667651305.0262377}]}, "version": 63}
{"obj": {"type": "LogStrings", "path": ["monitoring", "stdout"], "values": [{"value": "{'progress_bar': {'val_loss': 1.450806736946106}, 'log': {'val_loss': 1.450806736946106}, 'val_loss': 1.450806736946106}", "step": null, "ts": 1667651305.5916}]}, "version": 64}
{"obj": {"type": "LogStrings", "path": ["monitoring", "stdout"], "values": [{"value": "\n", "step": null, "ts": 1667651305.5950787}]}, "version": 65}
{"obj": {"type": "LogStrings", "path": ["monitoring", "stdout"], "values": [{"value": "Accuracy: 0.8369747996330261", "step": null, "ts": 1667651305.5983493}]}, "version": 66}
{"obj": {"type": "LogStrings", "path": ["monitoring", "stdout"], "values": [{"value": "\n", "step": null, "ts": 1667651305.6010733}]}, "version": 67}
{"obj": {"type": "LogFloats", "path": ["training", "val_loss"], "values": [{"value": 1.4515522718429565, "step": null, "ts": 1667651305.6040573}]}, "version": 68}
{"obj": {"type": "LogFloats", "path": ["training", "val_acc_step"], "values": [{"value": 0.8369747996330261, "step": null, "ts": 1667651305.6067464}]}, "version": 69}
{"obj": {"type": "LogFloats", "path": ["training", "val_acc_epoch"], "values": [{"value": 0.8369747996330261, "step": null, "ts": 1667651305.60945}]}, "version": 70}
{"obj": {"type": "LogFloats", "path": ["training", "epoch"], "values": [{"value": 1.0, "step": null, "ts": 1667651305.6120627}]}, "version": 71}
{"obj": {"type": "LogStrings", "path": ["monitoring", "stdout"], "values": [{"value": "Accuracy: 0.7966759204864502", "step": null, "ts": 1667651305.6168346}]}, "version": 72}
{"obj": {"type": "LogStrings", "path": ["monitoring", "stdout"], "values": [{"value": "\n", "step": null, "ts": 1667651305.619884}]}, "version": 73}
{"obj": {"type": "LogFloats", "path": ["training", "train_acc_epoch"], "values": [{"value": 0.7966759204864502, "step": null, "ts": 1667651305.6263275}]}, "version": 74}
{"obj": {"type": "LogFloats", "path": ["training", "epoch"], "values": [{"value": 1.0, "step": null, "ts": 1667651305.6293604}]}, "version": 75}
{"obj": {"type": "LogFloats", "path": ["training", "train_acc_step"], "values": [{"value": 0.875, "step": null, "ts": 1667651306.2286837}]}, "version": 76}
{"obj": {"type": "LogFloats", "path": ["training", "train_loss"], "values": [{"value": 1.448986530303955, "step": null, "ts": 1667651306.232042}]}, "version": 77}
{"obj": {"type": "LogFloats", "path": ["training", "epoch"], "values": [{"value": 2.0, "step": null, "ts": 1667651306.2347858}]}, "version": 78}
{"obj": {"type": "LogStrings", "path": ["monitoring", "stdout"], "values": [{"value": "{'progress_bar': {'val_loss': 1.4503616094589233}, 'log': {'val_loss': 1.4503616094589233}, 'val_loss': 1.4503616094589233}", "step": null, "ts": 1667651306.8403592}]}, "version": 79}
{"obj": {"type": "LogStrings", "path": ["monitoring", "stdout"], "values": [{"value": "\n", "step": null, "ts": 1667651306.8441052}]}, "version": 80}
{"obj": {"type": "LogStrings", "path": ["monitoring", "stdout"], "values": [{"value": "Accuracy: 0.7747899293899536", "step": null, "ts": 1667651306.847188}]}, "version": 81}
{"obj": {"type": "LogStrings", "path": ["monitoring", "stdout"], "values": [{"value": "\n", "step": null, "ts": 1667651306.849824}]}, "version": 82}
{"obj": {"type": "LogFloats", "path": ["training", "val_loss"], "values": [{"value": 1.4511644840240479, "step": null, "ts": 1667651306.853029}]}, "version": 83}
{"obj": {"type": "LogFloats", "path": ["training", "val_acc_step"], "values": [{"value": 0.7747899293899536, "step": null, "ts": 1667651306.8557382}]}, "version": 84}
{"obj": {"type": "LogFloats", "path": ["training", "val_acc_epoch"], "values": [{"value": 0.7747899293899536, "step": null, "ts": 1667651306.8583515}]}, "version": 85}
{"obj": {"type": "LogFloats", "path": ["training", "epoch"], "values": [{"value": 2.0, "step": null, "ts": 1667651306.8609197}]}, "version": 86}
{"obj": {"type": "LogStrings", "path": ["monitoring", "stdout"], "values": [{"value": "Accuracy: 0.7905817031860352", "step": null, "ts": 1667651306.8656628}]}, "version": 87}
{"obj": {"type": "LogStrings", "path": ["monitoring", "stdout"], "values": [{"value": "\n", "step": null, "ts": 1667651306.8685863}]}, "version": 88}
{"obj": {"type": "LogFloats", "path": ["training", "train_acc_epoch"], "values": [{"value": 0.7905817031860352, "step": null, "ts": 1667651306.8748136}]}, "version": 89}
{"obj": {"type": "LogFloats", "path": ["training", "epoch"], "values": [{"value": 2.0, "step": null, "ts": 1667651306.8774307}]}, "version": 90}
{"obj": {"type": "LogFloats", "path": ["training", "train_acc_step"], "values": [{"value": 0.75, "step": null, "ts": 1667651307.4453924}]}, "version": 91}
{"obj": {"type": "LogFloats", "path": ["training", "train_loss"], "values": [{"value": 1.461653709411621, "step": null, "ts": 1667651307.4488597}]}, "version": 92}
{"obj": {"type": "LogFloats", "path": ["training", "epoch"], "values": [{"value": 3.0, "step": null, "ts": 1667651307.4517457}]}, "version": 93}
{"obj": {"type": "LogStrings", "path": ["monitoring", "stdout"], "values": [{"value": "{'progress_bar': {'val_loss': 1.4473412036895752}, 'log': {'val_loss': 1.4473412036895752}, 'val_loss': 1.4473412036895752}", "step": null, "ts": 1667651308.1191163}]}, "version": 94}
{"obj": {"type": "LogStrings", "path": ["monitoring", "stdout"], "values": [{"value": "\n", "step": null, "ts": 1667651308.1223888}]}, "version": 95}
{"obj": {"type": "LogStrings", "path": ["monitoring", "stdout"], "values": [{"value": "Accuracy: 0.7865546345710754", "step": null, "ts": 1667651308.1256232}]}, "version": 96}
{"obj": {"type": "LogStrings", "path": ["monitoring", "stdout"], "values": [{"value": "\n", "step": null, "ts": 1667651308.1285973}]}, "version": 97}
{"obj": {"type": "LogFloats", "path": ["training", "val_loss"], "values": [{"value": 1.4481090307235718, "step": null, "ts": 1667651308.1315324}]}, "version": 98}
{"obj": {"type": "LogFloats", "path": ["training", "val_acc_step"], "values": [{"value": 0.7865546345710754, "step": null, "ts": 1667651308.134019}]}, "version": 99}
{"obj": {"type": "LogFloats", "path": ["training", "val_acc_epoch"], "values": [{"value": 0.7865546345710754, "step": null, "ts": 1667651308.1367807}]}, "version": 100}
{"obj": {"type": "LogFloats", "path": ["training", "epoch"], "values": [{"value": 3.0, "step": null, "ts": 1667651308.1393096}]}, "version": 101}
{"obj": {"type": "LogStrings", "path": ["monitoring", "stdout"], "values": [{"value": "Accuracy: 0.7728531956672668", "step": null, "ts": 1667651308.1439707}]}, "version": 102}
{"obj": {"type": "LogStrings", "path": ["monitoring", "stdout"], "values": [{"value": "\n", "step": null, "ts": 1667651308.146612}]}, "version": 103}
{"obj": {"type": "LogFloats", "path": ["training", "train_acc_epoch"], "values": [{"value": 0.7728531956672668, "step": null, "ts": 1667651308.1530905}]}, "version": 104}
{"obj": {"type": "LogFloats", "path": ["training", "epoch"], "values": [{"value": 3.0, "step": null, "ts": 1667651308.1559029}]}, "version": 105}
{"obj": {"type": "LogFloats", "path": ["training", "train_acc_step"], "values": [{"value": 0.8125, "step": null, "ts": 1667651308.6685057}]}, "version": 106}
{"obj": {"type": "LogFloats", "path": ["training", "train_loss"], "values": [{"value": 1.4426662921905518, "step": null, "ts": 1667651308.671991}]}, "version": 107}
{"obj": {"type": "LogFloats", "path": ["training", "epoch"], "values": [{"value": 4.0, "step": null, "ts": 1667651308.6746776}]}, "version": 108}
{"obj": {"type": "LogStrings", "path": ["monitoring", "stdout"], "values": [{"value": "{'progress_bar': {'val_loss': 1.44968843460083}, 'log': {'val_loss': 1.44968843460083}, 'val_loss': 1.44968843460083}", "step": null, "ts": 1667651309.3572874}]}, "version": 109}
{"obj": {"type": "LogStrings", "path": ["monitoring", "stdout"], "values": [{"value": "\n", "step": null, "ts": 1667651309.3607533}]}, "version": 110}
{"obj": {"type": "LogStrings", "path": ["monitoring", "stdout"], "values": [{"value": "Accuracy: 0.7815126180648804", "step": null, "ts": 1667651309.363946}]}, "version": 111}
{"obj": {"type": "LogStrings", "path": ["monitoring", "stdout"], "values": [{"value": "\n", "step": null, "ts": 1667651309.3667648}]}, "version": 112}
{"obj": {"type": "LogFloats", "path": ["training", "val_loss"], "values": [{"value": 1.450503945350647, "step": null, "ts": 1667651309.3699057}]}, "version": 113}
{"obj": {"type": "LogFloats", "path": ["training", "val_acc_step"], "values": [{"value": 0.7815126180648804, "step": null, "ts": 1667651309.3727803}]}, "version": 114}
{"obj": {"type": "LogFloats", "path": ["training", "val_acc_epoch"], "values": [{"value": 0.7815126180648804, "step": null, "ts": 1667651309.3755038}]}, "version": 115}
{"obj": {"type": "LogFloats", "path": ["training", "epoch"], "values": [{"value": 4.0, "step": null, "ts": 1667651309.3781621}]}, "version": 116}
{"obj": {"type": "LogStrings", "path": ["monitoring", "stdout"], "values": [{"value": "Accuracy: 0.7722991704940796", "step": null, "ts": 1667651309.3828714}]}, "version": 117}
{"obj": {"type": "LogStrings", "path": ["monitoring", "stdout"], "values": [{"value": "\n", "step": null, "ts": 1667651309.3857253}]}, "version": 118}
{"obj": {"type": "LogFloats", "path": ["training", "train_acc_epoch"], "values": [{"value": 0.7722991704940796, "step": null, "ts": 1667651309.3922932}]}, "version": 119}
{"obj": {"type": "LogFloats", "path": ["training", "epoch"], "values": [{"value": 4.0, "step": null, "ts": 1667651309.3952177}]}, "version": 120}
{"obj": {"type": "LogFloats", "path": ["training", "train_acc_step"], "values": [{"value": 0.875, "step": null, "ts": 1667651309.8579948}]}, "version": 121}
{"obj": {"type": "LogFloats", "path": ["training", "train_loss"], "values": [{"value": 1.441941499710083, "step": null, "ts": 1667651309.8612826}]}, "version": 122}
{"obj": {"type": "LogFloats", "path": ["training", "epoch"], "values": [{"value": 5.0, "step": null, "ts": 1667651309.8642342}]}, "version": 123}
{"obj": {"type": "LogStrings", "path": ["monitoring", "stdout"], "values": [{"value": "{'progress_bar': {'val_loss': 1.4483169317245483}, 'log': {'val_loss': 1.4483169317245483}, 'val_loss': 1.4483169317245483}", "step": null, "ts": 1667651310.5847557}]}, "version": 124}
{"obj": {"type": "LogStrings", "path": ["monitoring", "stdout"], "values": [{"value": "\n", "step": null, "ts": 1667651310.5881572}]}, "version": 125}
{"obj": {"type": "LogStrings", "path": ["monitoring", "stdout"], "values": [{"value": "Accuracy: 0.7747899293899536", "step": null, "ts": 1667651310.591173}]}, "version": 126}
{"obj": {"type": "LogStrings", "path": ["monitoring", "stdout"], "values": [{"value": "\n", "step": null, "ts": 1667651310.5938816}]}, "version": 127}
{"obj": {"type": "LogFloats", "path": ["training", "val_loss"], "values": [{"value": 1.4491242170333862, "step": null, "ts": 1667651310.5970771}]}, "version": 128}
{"obj": {"type": "LogFloats", "path": ["training", "val_acc_step"], "values": [{"value": 0.7747899293899536, "step": null, "ts": 1667651310.5996835}]}, "version": 129}
{"obj": {"type": "LogFloats", "path": ["training", "val_acc_epoch"], "values": [{"value": 0.7747899293899536, "step": null, "ts": 1667651310.6023223}]}, "version": 130}
{"obj": {"type": "LogFloats", "path": ["training", "epoch"], "values": [{"value": 5.0, "step": null, "ts": 1667651310.6048267}]}, "version": 131}
{"obj": {"type": "LogStrings", "path": ["monitoring", "stdout"], "values": [{"value": "Accuracy: 0.7739612460136414", "step": null, "ts": 1667651310.6095839}]}, "version": 132}
{"obj": {"type": "LogStrings", "path": ["monitoring", "stdout"], "values": [{"value": "\n", "step": null, "ts": 1667651310.6121044}]}, "version": 133}
{"obj": {"type": "LogFloats", "path": ["training", "train_acc_epoch"], "values": [{"value": 0.7739612460136414, "step": null, "ts": 1667651310.6185477}]}, "version": 134}
{"obj": {"type": "LogFloats", "path": ["training", "epoch"], "values": [{"value": 5.0, "step": null, "ts": 1667651310.6214068}]}, "version": 135}
{"obj": {"type": "LogFloats", "path": ["training", "train_acc_step"], "values": [{"value": 0.78125, "step": null, "ts": 1667651311.0785327}]}, "version": 136}
{"obj": {"type": "LogFloats", "path": ["training", "train_loss"], "values": [{"value": 1.447676181793213, "step": null, "ts": 1667651311.081723}]}, "version": 137}
{"obj": {"type": "LogFloats", "path": ["training", "epoch"], "values": [{"value": 6.0, "step": null, "ts": 1667651311.0846403}]}, "version": 138}
{"obj": {"type": "LogStrings", "path": ["monitoring", "stdout"], "values": [{"value": "{'progress_bar': {'val_loss': 1.4457755088806152}, 'log': {'val_loss': 1.4457755088806152}, 'val_loss': 1.4457755088806152}", "step": null, "ts": 1667651311.8701317}]}, "version": 139}
{"obj": {"type": "LogStrings", "path": ["monitoring", "stdout"], "values": [{"value": "\n", "step": null, "ts": 1667651311.873184}]}, "version": 140}
{"obj": {"type": "LogStrings", "path": ["monitoring", "stdout"], "values": [{"value": "Accuracy: 0.7882353067398071", "step": null, "ts": 1667651311.876417}]}, "version": 141}
{"obj": {"type": "LogStrings", "path": ["monitoring", "stdout"], "values": [{"value": "\n", "step": null, "ts": 1667651311.8792562}]}, "version": 142}
{"obj": {"type": "LogFloats", "path": ["training", "val_loss"], "values": [{"value": 1.4465101957321167, "step": null, "ts": 1667651311.882268}]}, "version": 143}
{"obj": {"type": "LogFloats", "path": ["training", "val_acc_step"], "values": [{"value": 0.7882353067398071, "step": null, "ts": 1667651311.8850236}]}, "version": 144}
{"obj": {"type": "LogFloats", "path": ["training", "val_acc_epoch"], "values": [{"value": 0.7882353067398071, "step": null, "ts": 1667651311.8876817}]}, "version": 145}
{"obj": {"type": "LogFloats", "path": ["training", "epoch"], "values": [{"value": 6.0, "step": null, "ts": 1667651311.890332}]}, "version": 146}
{"obj": {"type": "LogStrings", "path": ["monitoring", "stdout"], "values": [{"value": "Accuracy: 0.7706370949745178", "step": null, "ts": 1667651311.8950756}]}, "version": 147}
{"obj": {"type": "LogStrings", "path": ["monitoring", "stdout"], "values": [{"value": "\n", "step": null, "ts": 1667651311.8978198}]}, "version": 148}
{"obj": {"type": "LogFloats", "path": ["training", "train_acc_epoch"], "values": [{"value": 0.7706370949745178, "step": null, "ts": 1667651311.9042714}]}, "version": 149}
{"obj": {"type": "LogFloats", "path": ["training", "epoch"], "values": [{"value": 6.0, "step": null, "ts": 1667651311.906823}]}, "version": 150}
{"obj": {"type": "LogFloats", "path": ["monitoring", "cpu"], "values": [{"value": 25.6, "step": null, "ts": 1667651312.1327696}]}, "version": 151}
{"obj": {"type": "LogFloats", "path": ["monitoring", "memory"], "values": [{"value": 9.941055297851562, "step": null, "ts": 1667651312.1327696}]}, "version": 152}
{"obj": {"type": "LogFloats", "path": ["monitoring", "gpu_0"], "values": [{"value": 15.0, "step": null, "ts": 1667651312.1327696}]}, "version": 153}
{"obj": {"type": "LogFloats", "path": ["monitoring", "gpu_memory_0"], "values": [{"value": 1.46490478515625, "step": null, "ts": 1667651312.1327696}]}, "version": 154}
{"obj": {"type": "LogFloats", "path": ["monitoring", "gpu_memory_1"], "values": [{"value": 0.232177734375, "step": null, "ts": 1667651312.1327696}]}, "version": 155}
{"obj": {"type": "LogFloats", "path": ["training", "train_acc_step"], "values": [{"value": 0.8125, "step": null, "ts": 1667651312.3583019}]}, "version": 156}
{"obj": {"type": "LogFloats", "path": ["training", "train_loss"], "values": [{"value": 1.452150583267212, "step": null, "ts": 1667651312.3614168}]}, "version": 157}
{"obj": {"type": "LogFloats", "path": ["training", "epoch"], "values": [{"value": 7.0, "step": null, "ts": 1667651312.3641791}]}, "version": 158}
{"obj": {"type": "LogFloats", "path": ["training", "train_acc_step"], "values": [{"value": 0.8125, "step": null, "ts": 1667651312.6419632}]}, "version": 159}
{"obj": {"type": "LogFloats", "path": ["training", "train_loss"], "values": [{"value": 1.443210482597351, "step": null, "ts": 1667651312.645295}]}, "version": 160}
{"obj": {"type": "LogFloats", "path": ["training", "epoch"], "values": [{"value": 7.0, "step": null, "ts": 1667651312.6481307}]}, "version": 161}
{"obj": {"type": "LogStrings", "path": ["monitoring", "stdout"], "values": [{"value": "{'progress_bar': {'val_loss': 1.4444139003753662}, 'log': {'val_loss': 1.4444139003753662}, 'val_loss': 1.4444139003753662}", "step": null, "ts": 1667651313.1673787}]}, "version": 162}
{"obj": {"type": "LogStrings", "path": ["monitoring", "stdout"], "values": [{"value": "\n", "step": null, "ts": 1667651313.1722894}]}, "version": 163}
{"obj": {"type": "LogStrings", "path": ["monitoring", "stdout"], "values": [{"value": "Accuracy: 0.7831932902336121", "step": null, "ts": 1667651313.1754594}]}, "version": 164}
{"obj": {"type": "LogStrings", "path": ["monitoring", "stdout"], "values": [{"value": "\n", "step": null, "ts": 1667651313.1782858}]}, "version": 165}
{"obj": {"type": "LogFloats", "path": ["training", "val_loss"], "values": [{"value": 1.4451489448547363, "step": null, "ts": 1667651313.1814625}]}, "version": 166}
{"obj": {"type": "LogFloats", "path": ["training", "val_acc_step"], "values": [{"value": 0.7831932902336121, "step": null, "ts": 1667651313.1842258}]}, "version": 167}
{"obj": {"type": "LogFloats", "path": ["training", "val_acc_epoch"], "values": [{"value": 0.7831932902336121, "step": null, "ts": 1667651313.1868546}]}, "version": 168}
{"obj": {"type": "LogFloats", "path": ["training", "epoch"], "values": [{"value": 7.0, "step": null, "ts": 1667651313.189416}]}, "version": 169}
{"obj": {"type": "LogStrings", "path": ["monitoring", "stdout"], "values": [{"value": "Accuracy: 0.7772853374481201", "step": null, "ts": 1667651313.1943908}]}, "version": 170}
{"obj": {"type": "LogStrings", "path": ["monitoring", "stdout"], "values": [{"value": "\n", "step": null, "ts": 1667651313.1972241}]}, "version": 171}
{"obj": {"type": "LogFloats", "path": ["training", "train_acc_epoch"], "values": [{"value": 0.7772853374481201, "step": null, "ts": 1667651313.203965}]}, "version": 172}
{"obj": {"type": "LogFloats", "path": ["training", "epoch"], "values": [{"value": 7.0, "step": null, "ts": 1667651313.2068207}]}, "version": 173}
{"obj": {"type": "LogFloats", "path": ["training", "train_acc_step"], "values": [{"value": 0.78125, "step": null, "ts": 1667651313.8596702}]}, "version": 174}
{"obj": {"type": "LogFloats", "path": ["training", "train_loss"], "values": [{"value": 1.449422836303711, "step": null, "ts": 1667651313.8631418}]}, "version": 175}
{"obj": {"type": "LogFloats", "path": ["training", "epoch"], "values": [{"value": 8.0, "step": null, "ts": 1667651313.8663332}]}, "version": 176}
{"obj": {"type": "LogStrings", "path": ["monitoring", "stdout"], "values": [{"value": "{'progress_bar': {'val_loss': 1.4475983381271362}, 'log': {'val_loss': 1.4475983381271362}, 'val_loss': 1.4475983381271362}", "step": null, "ts": 1667651314.4516835}]}, "version": 177}
{"obj": {"type": "LogStrings", "path": ["monitoring", "stdout"], "values": [{"value": "\n", "step": null, "ts": 1667651314.454984}]}, "version": 178}
{"obj": {"type": "LogStrings", "path": ["monitoring", "stdout"], "values": [{"value": "Accuracy: 0.7815126180648804", "step": null, "ts": 1667651314.4580872}]}, "version": 179}
{"obj": {"type": "LogStrings", "path": ["monitoring", "stdout"], "values": [{"value": "\n", "step": null, "ts": 1667651314.4610355}]}, "version": 180}
{"obj": {"type": "LogFloats", "path": ["training", "val_loss"], "values": [{"value": 1.448279857635498, "step": null, "ts": 1667651314.4639802}]}, "version": 181}
{"obj": {"type": "LogFloats", "path": ["training", "val_acc_step"], "values": [{"value": 0.7815126180648804, "step": null, "ts": 1667651314.4664054}]}, "version": 182}
{"obj": {"type": "LogFloats", "path": ["training", "val_acc_epoch"], "values": [{"value": 0.7815126180648804, "step": null, "ts": 1667651314.4688966}]}, "version": 183}
{"obj": {"type": "LogFloats", "path": ["training", "epoch"], "values": [{"value": 8.0, "step": null, "ts": 1667651314.471361}]}, "version": 184}
{"obj": {"type": "LogStrings", "path": ["monitoring", "stdout"], "values": [{"value": "Accuracy: 0.7739612460136414", "step": null, "ts": 1667651314.4760454}]}, "version": 185}
{"obj": {"type": "LogStrings", "path": ["monitoring", "stdout"], "values": [{"value": "\n", "step": null, "ts": 1667651314.4787302}]}, "version": 186}
{"obj": {"type": "LogFloats", "path": ["training", "train_acc_epoch"], "values": [{"value": 0.7739612460136414, "step": null, "ts": 1667651314.4851544}]}, "version": 187}
{"obj": {"type": "LogFloats", "path": ["training", "epoch"], "values": [{"value": 8.0, "step": null, "ts": 1667651314.487853}]}, "version": 188}
{"obj": {"type": "LogFloats", "path": ["training", "train_acc_step"], "values": [{"value": 0.8125, "step": null, "ts": 1667651315.1041892}]}, "version": 189}
{"obj": {"type": "LogFloats", "path": ["training", "train_loss"], "values": [{"value": 1.4473847150802612, "step": null, "ts": 1667651315.1065989}]}, "version": 190}
{"obj": {"type": "LogFloats", "path": ["training", "epoch"], "values": [{"value": 9.0, "step": null, "ts": 1667651315.1087968}]}, "version": 191}
{"obj": {"type": "LogStrings", "path": ["monitoring", "stdout"], "values": [{"value": "{'progress_bar': {'val_loss': 1.4412312507629395}, 'log': {'val_loss': 1.4412312507629395}, 'val_loss': 1.4412312507629395}", "step": null, "ts": 1667651315.7280219}]}, "version": 192}
{"obj": {"type": "LogStrings", "path": ["monitoring", "stdout"], "values": [{"value": "\n", "step": null, "ts": 1667651315.731078}]}, "version": 193}
{"obj": {"type": "LogStrings", "path": ["monitoring", "stdout"], "values": [{"value": "Accuracy: 0.7831932902336121", "step": null, "ts": 1667651315.733791}]}, "version": 194}
{"obj": {"type": "LogStrings", "path": ["monitoring", "stdout"], "values": [{"value": "\n", "step": null, "ts": 1667651315.7366712}]}, "version": 195}
{"obj": {"type": "LogFloats", "path": ["training", "val_loss"], "values": [{"value": 1.441890001296997, "step": null, "ts": 1667651315.73949}]}, "version": 196}
{"obj": {"type": "LogFloats", "path": ["training", "val_acc_step"], "values": [{"value": 0.7831932902336121, "step": null, "ts": 1667651315.7418728}]}, "version": 197}
{"obj": {"type": "LogFloats", "path": ["training", "val_acc_epoch"], "values": [{"value": 0.7831932902336121, "step": null, "ts": 1667651315.7441537}]}, "version": 198}
{"obj": {"type": "LogFloats", "path": ["training", "epoch"], "values": [{"value": 9.0, "step": null, "ts": 1667651315.7464297}]}, "version": 199}
{"obj": {"type": "LogStrings", "path": ["monitoring", "stdout"], "values": [{"value": "Accuracy: 0.7739612460136414", "step": null, "ts": 1667651315.7508183}]}, "version": 200}
{"obj": {"type": "LogStrings", "path": ["monitoring", "stdout"], "values": [{"value": "\n", "step": null, "ts": 1667651315.7532666}]}, "version": 201}
{"obj": {"type": "LogFloats", "path": ["training", "train_acc_epoch"], "values": [{"value": 0.7739612460136414, "step": null, "ts": 1667651315.7594788}]}, "version": 202}
{"obj": {"type": "LogFloats", "path": ["training", "epoch"], "values": [{"value": 9.0, "step": null, "ts": 1667651315.7619147}]}, "version": 203}
{"obj": {"type": "LogFloats", "path": ["training", "train_acc_step"], "values": [{"value": 0.6875, "step": null, "ts": 1667651316.3332088}]}, "version": 204}
{"obj": {"type": "LogFloats", "path": ["training", "train_loss"], "values": [{"value": 1.4442028999328613, "step": null, "ts": 1667651316.3365338}]}, "version": 205}
{"obj": {"type": "LogFloats", "path": ["training", "epoch"], "values": [{"value": 10.0, "step": null, "ts": 1667651316.3390894}]}, "version": 206}
{"obj": {"type": "LogStrings", "path": ["monitoring", "stdout"], "values": [{"value": "{'progress_bar': {'val_loss': 1.4424854516983032}, 'log': {'val_loss': 1.4424854516983032}, 'val_loss': 1.4424854516983032}", "step": null, "ts": 1667651316.9881191}]}, "version": 207}
{"obj": {"type": "LogStrings", "path": ["monitoring", "stdout"], "values": [{"value": "\n", "step": null, "ts": 1667651316.991664}]}, "version": 208}
{"obj": {"type": "LogStrings", "path": ["monitoring", "stdout"], "values": [{"value": "Accuracy: 0.7882353067398071", "step": null, "ts": 1667651316.9947793}]}, "version": 209}
{"obj": {"type": "LogStrings", "path": ["monitoring", "stdout"], "values": [{"value": "\n", "step": null, "ts": 1667651316.9973855}]}, "version": 210}
{"obj": {"type": "LogFloats", "path": ["training", "val_loss"], "values": [{"value": 1.4431222677230835, "step": null, "ts": 1667651317.0006597}]}, "version": 211}
{"obj": {"type": "LogFloats", "path": ["training", "val_acc_step"], "values": [{"value": 0.7882353067398071, "step": null, "ts": 1667651317.0035477}]}, "version": 212}
{"obj": {"type": "LogFloats", "path": ["training", "val_acc_epoch"], "values": [{"value": 0.7882353067398071, "step": null, "ts": 1667651317.0061612}]}, "version": 213}
{"obj": {"type": "LogFloats", "path": ["training", "epoch"], "values": [{"value": 10.0, "step": null, "ts": 1667651317.0087087}]}, "version": 214}
{"obj": {"type": "LogStrings", "path": ["monitoring", "stdout"], "values": [{"value": "Accuracy: 0.7817174792289734", "step": null, "ts": 1667651317.0131912}]}, "version": 215}
{"obj": {"type": "LogStrings", "path": ["monitoring", "stdout"], "values": [{"value": "\n", "step": null, "ts": 1667651317.01565}]}, "version": 216}
{"obj": {"type": "LogFloats", "path": ["training", "train_acc_epoch"], "values": [{"value": 0.7817174792289734, "step": null, "ts": 1667651317.02184}]}, "version": 217}
{"obj": {"type": "LogFloats", "path": ["training", "epoch"], "values": [{"value": 10.0, "step": null, "ts": 1667651317.024586}]}, "version": 218}
{"obj": {"type": "LogFloats", "path": ["training", "train_acc_step"], "values": [{"value": 0.75, "step": null, "ts": 1667651317.5359385}]}, "version": 219}
{"obj": {"type": "LogFloats", "path": ["training", "train_loss"], "values": [{"value": 1.460058331489563, "step": null, "ts": 1667651317.5392697}]}, "version": 220}
{"obj": {"type": "LogFloats", "path": ["training", "epoch"], "values": [{"value": 11.0, "step": null, "ts": 1667651317.541905}]}, "version": 221}
{"obj": {"type": "LogStrings", "path": ["monitoring", "stdout"], "values": [{"value": "{'progress_bar': {'val_loss': 1.4462653398513794}, 'log': {'val_loss': 1.4462653398513794}, 'val_loss': 1.4462653398513794}", "step": null, "ts": 1667651318.2405164}]}, "version": 222}
{"obj": {"type": "LogStrings", "path": ["monitoring", "stdout"], "values": [{"value": "\n", "step": null, "ts": 1667651318.2440214}]}, "version": 223}
{"obj": {"type": "LogStrings", "path": ["monitoring", "stdout"], "values": [{"value": "Accuracy: 0.7848739624023438", "step": null, "ts": 1667651318.247127}]}, "version": 224}
{"obj": {"type": "LogStrings", "path": ["monitoring", "stdout"], "values": [{"value": "\n", "step": null, "ts": 1667651318.2498457}]}, "version": 225}
{"obj": {"type": "LogFloats", "path": ["training", "val_loss"], "values": [{"value": 1.4470326900482178, "step": null, "ts": 1667651318.2526991}]}, "version": 226}
{"obj": {"type": "LogFloats", "path": ["training", "val_acc_step"], "values": [{"value": 0.7848739624023438, "step": null, "ts": 1667651318.2550485}]}, "version": 227}
{"obj": {"type": "LogFloats", "path": ["training", "val_acc_epoch"], "values": [{"value": 0.7848739624023438, "step": null, "ts": 1667651318.2573845}]}, "version": 228}
{"obj": {"type": "LogFloats", "path": ["training", "epoch"], "values": [{"value": 11.0, "step": null, "ts": 1667651318.2597115}]}, "version": 229}
{"obj": {"type": "LogStrings", "path": ["monitoring", "stdout"], "values": [{"value": "Accuracy: 0.7695291042327881", "step": null, "ts": 1667651318.2641792}]}, "version": 230}
{"obj": {"type": "LogStrings", "path": ["monitoring", "stdout"], "values": [{"value": "\n", "step": null, "ts": 1667651318.2666023}]}, "version": 231}
{"obj": {"type": "LogFloats", "path": ["training", "train_acc_epoch"], "values": [{"value": 0.7695291042327881, "step": null, "ts": 1667651318.2729774}]}, "version": 232}
{"obj": {"type": "LogFloats", "path": ["training", "epoch"], "values": [{"value": 11.0, "step": null, "ts": 1667651318.275674}]}, "version": 233}
{"obj": {"type": "AssignString", "path": ["training", "status"], "value": "success"}, "version": 234}
{"obj": {"type": "LogStrings", "path": ["monitoring", "stdout"], "values": [{"value": "Shutting down background jobs, please wait a moment...\n", "step": null, "ts": 1667651318.4816625}]}, "version": 235}
