{"obj": {"type": "AssignString", "path": ["sys", "name"], "value": "Untitled"}, "version": 1}
{"obj": {"type": "AssignString", "path": ["sys", "description"], "value": ""}, "version": 2}
{"obj": {"type": "AssignString", "path": ["sys", "hostname"], "value": "node6"}, "version": 3}
{"obj": {"type": "AssignBool", "path": ["sys", "failed"], "value": false}, "version": 4}
{"obj": {"type": "ClearStringLog", "path": ["monitoring", "stdout"]}, "version": 5}
{"obj": {"type": "ClearStringLog", "path": ["monitoring", "stderr"]}, "version": 6}
{"obj": {"type": "ConfigFloatSeries", "path": ["monitoring", "cpu"], "min": 0.0, "max": 100.0, "unit": "%"}, "version": 7}
{"obj": {"type": "ClearFloatLog", "path": ["monitoring", "cpu"]}, "version": 8}
{"obj": {"type": "ConfigFloatSeries", "path": ["monitoring", "memory"], "min": 0.0, "max": 62.711673736572266, "unit": "GB"}, "version": 9}
{"obj": {"type": "ClearFloatLog", "path": ["monitoring", "memory"]}, "version": 10}
{"obj": {"type": "ConfigFloatSeries", "path": ["monitoring", "gpu_0"], "min": 0.0, "max": 100.0, "unit": "%"}, "version": 11}
{"obj": {"type": "ClearFloatLog", "path": ["monitoring", "gpu_0"]}, "version": 12}
{"obj": {"type": "ConfigFloatSeries", "path": ["monitoring", "gpu_1"], "min": 0.0, "max": 100.0, "unit": "%"}, "version": 13}
{"obj": {"type": "ClearFloatLog", "path": ["monitoring", "gpu_1"]}, "version": 14}
{"obj": {"type": "ConfigFloatSeries", "path": ["monitoring", "gpu_memory_0"], "min": 0.0, "max": 12.0, "unit": "GB"}, "version": 15}
{"obj": {"type": "ClearFloatLog", "path": ["monitoring", "gpu_memory_0"]}, "version": 16}
{"obj": {"type": "ConfigFloatSeries", "path": ["monitoring", "gpu_memory_1"], "min": 0.0, "max": 12.0, "unit": "GB"}, "version": 17}
{"obj": {"type": "ClearFloatLog", "path": ["monitoring", "gpu_memory_1"]}, "version": 18}
{"obj": {"type": "LogStrings", "path": ["monitoring", "stdout"], "values": [{"value": "", "step": null, "ts": 1665581459.808662}]}, "version": 19}
{"obj": {"type": "LogFloats", "path": ["monitoring", "cpu"], "values": [{"value": 0.9, "step": null, "ts": 1665581459.8058398}]}, "version": 20}
{"obj": {"type": "LogStrings", "path": ["monitoring", "stdout"], "values": [{"value": "Remember to stop your run once you\u2019ve finished logging your metadata (https://docs.neptune.ai/api-reference/run#.stop). It will be stopped automatically only when the notebook kernel/interactive console is terminated.\n", "step": null, "ts": 1665581459.8137584}]}, "version": 21}
{"obj": {"type": "LogFloats", "path": ["monitoring", "memory"], "values": [{"value": 1.9440345764160156, "step": null, "ts": 1665581459.8058398}]}, "version": 22}
{"obj": {"type": "LogFloats", "path": ["monitoring", "gpu_memory_0"], "values": [{"value": 0.23089599609375, "step": null, "ts": 1665581459.8058398}]}, "version": 23}
{"obj": {"type": "LogFloats", "path": ["monitoring", "gpu_memory_1"], "values": [{"value": 0.2296142578125, "step": null, "ts": 1665581459.8058398}]}, "version": 24}
{"obj": {"type": "LogFloats", "path": ["monitoring", "memory"], "values": [{"value": 1.9457855224609375, "step": null, "ts": 1665581469.8240335}]}, "version": 25}
{"obj": {"type": "LogFloats", "path": ["monitoring", "gpu_memory_0"], "values": [{"value": 0.23089599609375, "step": null, "ts": 1665581469.8240335}]}, "version": 26}
{"obj": {"type": "LogFloats", "path": ["monitoring", "gpu_memory_1"], "values": [{"value": 0.2296142578125, "step": null, "ts": 1665581469.8240335}]}, "version": 27}
{"obj": {"type": "LogFloats", "path": ["monitoring", "memory"], "values": [{"value": 1.9464225769042969, "step": null, "ts": 1665581479.8408554}]}, "version": 28}
{"obj": {"type": "LogFloats", "path": ["monitoring", "gpu_memory_0"], "values": [{"value": 0.23089599609375, "step": null, "ts": 1665581479.8408554}]}, "version": 29}
{"obj": {"type": "LogFloats", "path": ["monitoring", "gpu_memory_1"], "values": [{"value": 0.2296142578125, "step": null, "ts": 1665581479.8408554}]}, "version": 30}
{"obj": {"type": "LogFloats", "path": ["monitoring", "memory"], "values": [{"value": 1.9464378356933594, "step": null, "ts": 1665581489.8535457}]}, "version": 31}
{"obj": {"type": "LogFloats", "path": ["monitoring", "gpu_memory_0"], "values": [{"value": 0.23089599609375, "step": null, "ts": 1665581489.8535457}]}, "version": 32}
{"obj": {"type": "LogFloats", "path": ["monitoring", "gpu_memory_1"], "values": [{"value": 0.2296142578125, "step": null, "ts": 1665581489.8535457}]}, "version": 33}
{"obj": {"type": "LogFloats", "path": ["monitoring", "memory"], "values": [{"value": 1.9464340209960938, "step": null, "ts": 1665581499.8665938}]}, "version": 34}
{"obj": {"type": "LogFloats", "path": ["monitoring", "gpu_memory_0"], "values": [{"value": 0.23089599609375, "step": null, "ts": 1665581499.8665938}]}, "version": 35}
{"obj": {"type": "LogFloats", "path": ["monitoring", "gpu_memory_1"], "values": [{"value": 0.2296142578125, "step": null, "ts": 1665581499.8665938}]}, "version": 36}
{"obj": {"type": "LogFloats", "path": ["monitoring", "memory"], "values": [{"value": 1.9464340209960938, "step": null, "ts": 1665581509.8810196}]}, "version": 37}
{"obj": {"type": "LogFloats", "path": ["monitoring", "gpu_memory_0"], "values": [{"value": 0.23089599609375, "step": null, "ts": 1665581509.8810196}]}, "version": 38}
{"obj": {"type": "LogFloats", "path": ["monitoring", "gpu_memory_1"], "values": [{"value": 0.2296142578125, "step": null, "ts": 1665581509.8810196}]}, "version": 39}
{"obj": {"type": "LogStrings", "path": ["monitoring", "stdout"], "values": [{"value": "Shutting down background jobs, please wait a moment...\n", "step": null, "ts": 1665581514.5502098}]}, "version": 40}
