{"obj": {"type": "AssignString", "path": ["sys", "name"], "value": "Untitled"}, "version": 1}
{"obj": {"type": "AssignString", "path": ["sys", "description"], "value": ""}, "version": 2}
{"obj": {"type": "AssignString", "path": ["sys", "hostname"], "value": "node6"}, "version": 3}
{"obj": {"type": "AssignBool", "path": ["sys", "failed"], "value": false}, "version": 4}
{"obj": {"type": "ClearStringLog", "path": ["monitoring", "stdout"]}, "version": 5}
{"obj": {"type": "ClearStringLog", "path": ["monitoring", "stderr"]}, "version": 6}
{"obj": {"type": "UploadFileSet", "path": ["source_code", "files"], "file_globs": ["/home/aron/BCM_activity_classification/train_model.ipynb", "/home/aron/BCM_activity_classification/model.py", "/home/aron/BCM_activity_classification/BCM_dataset_v2.py"], "reset": "False"}, "version": 7}
{"obj": {"type": "ConfigFloatSeries", "path": ["monitoring", "cpu"], "min": 0.0, "max": 100.0, "unit": "%"}, "version": 8}
{"obj": {"type": "ClearFloatLog", "path": ["monitoring", "cpu"]}, "version": 9}
{"obj": {"type": "ConfigFloatSeries", "path": ["monitoring", "memory"], "min": 0.0, "max": 62.711673736572266, "unit": "GB"}, "version": 10}
{"obj": {"type": "ClearFloatLog", "path": ["monitoring", "memory"]}, "version": 11}
{"obj": {"type": "ConfigFloatSeries", "path": ["monitoring", "gpu_0"], "min": 0.0, "max": 100.0, "unit": "%"}, "version": 12}
{"obj": {"type": "ClearFloatLog", "path": ["monitoring", "gpu_0"]}, "version": 13}
{"obj": {"type": "ConfigFloatSeries", "path": ["monitoring", "gpu_1"], "min": 0.0, "max": 100.0, "unit": "%"}, "version": 14}
{"obj": {"type": "ClearFloatLog", "path": ["monitoring", "gpu_1"]}, "version": 15}
{"obj": {"type": "ConfigFloatSeries", "path": ["monitoring", "gpu_memory_0"], "min": 0.0, "max": 12.0, "unit": "GB"}, "version": 16}
{"obj": {"type": "ClearFloatLog", "path": ["monitoring", "gpu_memory_0"]}, "version": 17}
{"obj": {"type": "ConfigFloatSeries", "path": ["monitoring", "gpu_memory_1"], "min": 0.0, "max": 12.0, "unit": "GB"}, "version": 18}
{"obj": {"type": "ClearFloatLog", "path": ["monitoring", "gpu_memory_1"]}, "version": 19}
{"obj": {"type": "LogFloats", "path": ["monitoring", "cpu"], "values": [{"value": 3.5, "step": null, "ts": 1668461604.260309}]}, "version": 20}
{"obj": {"type": "LogFloats", "path": ["monitoring", "memory"], "values": [{"value": 5.397987365722656, "step": null, "ts": 1668461604.260309}]}, "version": 21}
{"obj": {"type": "LogFloats", "path": ["monitoring", "gpu_memory_0"], "values": [{"value": 1.33013916015625, "step": null, "ts": 1668461604.260309}]}, "version": 22}
{"obj": {"type": "LogStrings", "path": ["monitoring", "stdout"], "values": [{"value": "", "step": null, "ts": 1668461604.2743862}]}, "version": 23}
{"obj": {"type": "LogFloats", "path": ["monitoring", "gpu_memory_1"], "values": [{"value": 0.232177734375, "step": null, "ts": 1668461604.260309}]}, "version": 24}
{"obj": {"type": "LogStrings", "path": ["monitoring", "stdout"], "values": [{"value": "Remember to stop your run once you\u2019ve finished logging your metadata (https://docs.neptune.ai/api-reference/run#.stop). It will be stopped automatically only when the notebook kernel/interactive console is terminated.\n", "step": null, "ts": 1668461604.288504}]}, "version": 25}
{"obj": {"type": "AssignString", "path": ["source_code", "integrations", "pytorch-lightning"], "value": "1.7.5"}, "version": 26}
{"obj": {"type": "LogStrings", "path": ["metadata", "file_path"], "values": [{"value": "['bcm_behaviour_data_multi_subject/subject1/2022-09-20_15-38-11', 'bcm_behaviour_data_multi_subject/subject1/2022-09-20_14-58-39', 'bcm_behaviour_data_multi_subject/subject1/2022-09-20_15-18-27', 'bcm_behaviour_data_multi_subject/subject1/2022-09-20_15-57-37', 'bcm_behaviour_data_multi_subject/subject2/2022-11-09_14-34-16', 'bcm_behaviour_data_multi_subject/subject2/2022-11-09_14-52-7', 'bcm_behaviour_data_multi_subject/subject2/2022-11-09_14-15-6', 'bcm_behaviour_data_multi_subject/subject2/2022-11-09_13-56-0']", "step": null, "ts": 1668461604.9327807}, {"value": "['bcm_behaviour_data_multi_subject/subject3/2022-11-09_15-47-1'\n 'bcm_behaviour_data_multi_subject/subject3/2022-11-09_15-27-14'\n 'bcm_behaviour_data_multi_subject/subject3/2022-11-09_16-7-9']", "step": null, "ts": 1668461604.9327807}, {"value": "['bcm_behaviour_data_multi_subject/subject3/2022-11-09_16-26-13']", "step": null, "ts": 1668461604.9327807}]}, "version": 27}
{"obj": {"type": "LogFloats", "path": ["metadata", "window_size"], "values": [{"value": 3.0, "step": null, "ts": 1668461604.9377136}]}, "version": 28}
{"obj": {"type": "LogFloats", "path": ["metadata", "stride"], "values": [{"value": 1.0, "step": null, "ts": 1668461604.942532}]}, "version": 29}
{"obj": {"type": "LogFloats", "path": ["metadata", "MFCC_stride"], "values": [{"value": 0.032, "step": null, "ts": 1668461604.9473073}]}, "version": 30}
{"obj": {"type": "LogFloats", "path": ["metadata", "mfccs_pr_window"], "values": [{"value": 93.0, "step": null, "ts": 1668461604.951925}]}, "version": 31}
{"obj": {"type": "LogFloats", "path": ["metadata", "lr"], "values": [{"value": 0.001, "step": null, "ts": 1668461604.9563491}]}, "version": 32}
{"obj": {"type": "LogFloats", "path": ["metadata", "batch_size"], "values": [{"value": 32.0, "step": null, "ts": 1668461604.960875}]}, "version": 33}
{"obj": {"type": "LogFloats", "path": ["metadata", "lstm_layers"], "values": [{"value": 1.0, "step": null, "ts": 1668461604.9653606}]}, "version": 34}
{"obj": {"type": "LogFloats", "path": ["metadata", "lstm_hidden_size"], "values": [{"value": 128.0, "step": null, "ts": 1668461604.969253}]}, "version": 35}
{"obj": {"type": "LogFloats", "path": ["metadata", "weight_decay"], "values": [{"value": 0.0, "step": null, "ts": 1668461604.9730594}]}, "version": 36}
{"obj": {"type": "LogFloats", "path": ["metadata", "occlusion"], "values": [{"value": 0.0, "step": null, "ts": 1668461604.977864}]}, "version": 37}
{"obj": {"type": "LogFloats", "path": ["metadata", "seed"], "values": [{"value": 100.0, "step": null, "ts": 1668461604.98217}]}, "version": 38}
{"obj": {"type": "LogFloats", "path": ["metadata", "train_set_length"], "values": [{"value": 14360.0, "step": null, "ts": 1668461604.9863026}]}, "version": 39}
{"obj": {"type": "LogFloats", "path": ["metadata", "val_set_length"], "values": [{"value": 5385.0, "step": null, "ts": 1668461604.9899468}]}, "version": 40}
{"obj": {"type": "LogStrings", "path": ["monitoring", "stderr"], "values": [{"value": "/home/aron/.local/lib/python3.9/site-packages/pytorch_lightning/core/module.py:555: UserWarning: To copy construct from a tensor, it is recommended to use sourceTensor.clone().detach() or sourceTensor.clone().detach().requires_grad_(True), rather than torch.tensor(sourceTensor).\n  value = torch.tensor(value, device=self.device)\n", "step": null, "ts": 1668461605.23131}]}, "version": 41}
{"obj": {"type": "LogStrings", "path": ["monitoring", "stdout"], "values": [{"value": "{'progress_bar': {'val_loss': 1.6111791133880615}, 'log': {'val_loss': 1.6111791133880615}, 'val_loss': 1.6111791133880615}", "step": null, "ts": 1668461605.2533557}]}, "version": 42}
{"obj": {"type": "LogStrings", "path": ["monitoring", "stdout"], "values": [{"value": "\n", "step": null, "ts": 1668461605.2620027}]}, "version": 43}
{"obj": {"type": "LogStrings", "path": ["monitoring", "stdout"], "values": [{"value": "Accuracy: 0.0", "step": null, "ts": 1668461605.2709131}]}, "version": 44}
{"obj": {"type": "LogStrings", "path": ["monitoring", "stdout"], "values": [{"value": "\n", "step": null, "ts": 1668461605.2788303}]}, "version": 45}
{"obj": {"type": "LogFloats", "path": ["training", "train_acc_step"], "values": [{"value": 0.71875, "step": null, "ts": 1668461605.7824285}]}, "version": 46}
{"obj": {"type": "LogFloats", "path": ["training", "train_loss"], "values": [{"value": 1.489167332649231, "step": null, "ts": 1668461605.828426}]}, "version": 47}
{"obj": {"type": "LogFloats", "path": ["training", "epoch"], "values": [{"value": 0.0, "step": null, "ts": 1668461605.8981671}]}, "version": 48}
{"obj": {"type": "LogFloats", "path": ["training", "train_acc_step"], "values": [{"value": 0.78125, "step": null, "ts": 1668461606.2371435}]}, "version": 49}
{"obj": {"type": "LogFloats", "path": ["training", "train_loss"], "values": [{"value": 1.4731186628341675, "step": null, "ts": 1668461606.2623496}]}, "version": 50}
{"obj": {"type": "LogFloats", "path": ["training", "epoch"], "values": [{"value": 0.0, "step": null, "ts": 1668461606.3251045}]}, "version": 51}
{"obj": {"type": "LogFloats", "path": ["training", "train_acc_step"], "values": [{"value": 0.78125, "step": null, "ts": 1668461606.690468}]}, "version": 52}
{"obj": {"type": "LogFloats", "path": ["training", "train_loss"], "values": [{"value": 1.4621267318725586, "step": null, "ts": 1668461606.7097893}]}, "version": 53}
{"obj": {"type": "LogFloats", "path": ["training", "epoch"], "values": [{"value": 0.0, "step": null, "ts": 1668461606.749786}]}, "version": 54}
{"obj": {"type": "LogFloats", "path": ["training", "train_acc_step"], "values": [{"value": 0.8125, "step": null, "ts": 1668461607.0815656}]}, "version": 55}
{"obj": {"type": "LogFloats", "path": ["training", "train_loss"], "values": [{"value": 1.4657223224639893, "step": null, "ts": 1668461607.1319647}]}, "version": 56}
{"obj": {"type": "LogFloats", "path": ["training", "epoch"], "values": [{"value": 0.0, "step": null, "ts": 1668461607.1693013}]}, "version": 57}
{"obj": {"type": "LogFloats", "path": ["training", "train_acc_step"], "values": [{"value": 0.75, "step": null, "ts": 1668461607.4692812}]}, "version": 58}
{"obj": {"type": "LogFloats", "path": ["training", "train_loss"], "values": [{"value": 1.4628335237503052, "step": null, "ts": 1668461607.4719684}]}, "version": 59}
{"obj": {"type": "LogFloats", "path": ["training", "epoch"], "values": [{"value": 0.0, "step": null, "ts": 1668461607.4745111}]}, "version": 60}
{"obj": {"type": "LogFloats", "path": ["training", "train_acc_step"], "values": [{"value": 0.90625, "step": null, "ts": 1668461607.7451928}]}, "version": 61}
{"obj": {"type": "LogFloats", "path": ["training", "train_loss"], "values": [{"value": 1.4475653171539307, "step": null, "ts": 1668461607.7479572}]}, "version": 62}
{"obj": {"type": "LogFloats", "path": ["training", "epoch"], "values": [{"value": 0.0, "step": null, "ts": 1668461607.7503908}]}, "version": 63}
{"obj": {"type": "LogFloats", "path": ["training", "train_acc_step"], "values": [{"value": 0.84375, "step": null, "ts": 1668461608.0220637}]}, "version": 64}
{"obj": {"type": "LogFloats", "path": ["training", "train_loss"], "values": [{"value": 1.452303171157837, "step": null, "ts": 1668461608.0251353}]}, "version": 65}
{"obj": {"type": "LogFloats", "path": ["training", "epoch"], "values": [{"value": 0.0, "step": null, "ts": 1668461608.0279307}]}, "version": 66}
{"obj": {"type": "LogFloats", "path": ["training", "train_acc_step"], "values": [{"value": 0.71875, "step": null, "ts": 1668461608.2976284}]}, "version": 67}
{"obj": {"type": "LogFloats", "path": ["training", "train_loss"], "values": [{"value": 1.4510036706924438, "step": null, "ts": 1668461608.3005748}]}, "version": 68}
{"obj": {"type": "LogFloats", "path": ["training", "epoch"], "values": [{"value": 0.0, "step": null, "ts": 1668461608.3028264}]}, "version": 69}
{"obj": {"type": "LogStrings", "path": ["monitoring", "stdout"], "values": [{"value": "{'progress_bar': {'val_loss': 1.4691627025604248}, 'log': {'val_loss': 1.4691627025604248}, 'val_loss': 1.4691627025604248}", "step": null, "ts": 1668461609.662165}]}, "version": 70}
{"obj": {"type": "LogStrings", "path": ["monitoring", "stdout"], "values": [{"value": "\n", "step": null, "ts": 1668461609.6711376}]}, "version": 71}
{"obj": {"type": "LogStrings", "path": ["monitoring", "stdout"], "values": [{"value": "Accuracy: 0.6969359517097473", "step": null, "ts": 1668461609.6802607}]}, "version": 72}
{"obj": {"type": "LogStrings", "path": ["monitoring", "stdout"], "values": [{"value": "\n", "step": null, "ts": 1668461609.6888387}]}, "version": 73}
{"obj": {"type": "LogFloats", "path": ["training", "val_loss"], "values": [{"value": 1.4693951606750488, "step": null, "ts": 1668461609.6913667}]}, "version": 74}
{"obj": {"type": "LogFloats", "path": ["training", "val_acc_step"], "values": [{"value": 0.6969359517097473, "step": null, "ts": 1668461609.6935475}]}, "version": 75}
{"obj": {"type": "LogFloats", "path": ["training", "val_acc_epoch"], "values": [{"value": 0.6969359517097473, "step": null, "ts": 1668461609.6958}]}, "version": 76}
{"obj": {"type": "LogFloats", "path": ["training", "epoch"], "values": [{"value": 0.0, "step": null, "ts": 1668461609.6978805}]}, "version": 77}
{"obj": {"type": "LogStrings", "path": ["monitoring", "stdout"], "values": [{"value": "Accuracy: 0.7415738105773926", "step": null, "ts": 1668461609.7112222}]}, "version": 78}
{"obj": {"type": "LogStrings", "path": ["monitoring", "stdout"], "values": [{"value": "\n", "step": null, "ts": 1668461609.7186527}]}, "version": 79}
{"obj": {"type": "AssignString", "path": ["training", "model", "best_model_path"], "value": "/home/aron/BCM_activity_classification/checkpoints/latest_checkpoint.ckpt"}, "version": 80}
{"obj": {"type": "UploadFile", "path": ["training", "model", "checkpoints", "latest_checkpoint"], "ext": "ckpt", "file_path": "/home/aron/BCM_activity_classification/checkpoints/latest_checkpoint.ckpt"}, "version": 81}
{"obj": {"type": "LogFloats", "path": ["training", "train_acc_epoch"], "values": [{"value": 0.7415738105773926, "step": null, "ts": 1668461609.74712}]}, "version": 82}
{"obj": {"type": "LogFloats", "path": ["training", "epoch"], "values": [{"value": 0.0, "step": null, "ts": 1668461609.7491755}]}, "version": 83}
{"obj": {"type": "LogFloats", "path": ["training", "train_acc_step"], "values": [{"value": 0.6875, "step": null, "ts": 1668461610.0675318}]}, "version": 84}
{"obj": {"type": "LogFloats", "path": ["training", "train_loss"], "values": [{"value": 1.481283187866211, "step": null, "ts": 1668461610.0698164}]}, "version": 85}
{"obj": {"type": "LogFloats", "path": ["training", "epoch"], "values": [{"value": 1.0, "step": null, "ts": 1668461610.0718634}]}, "version": 86}
{"obj": {"type": "LogFloats", "path": ["training", "train_acc_step"], "values": [{"value": 0.625, "step": null, "ts": 1668461610.333205}]}, "version": 87}
{"obj": {"type": "LogFloats", "path": ["training", "train_loss"], "values": [{"value": 1.4926997423171997, "step": null, "ts": 1668461610.3357863}]}, "version": 88}
{"obj": {"type": "LogFloats", "path": ["training", "epoch"], "values": [{"value": 1.0, "step": null, "ts": 1668461610.3379831}]}, "version": 89}
{"obj": {"type": "LogFloats", "path": ["training", "train_acc_step"], "values": [{"value": 0.90625, "step": null, "ts": 1668461610.6034362}]}, "version": 90}
{"obj": {"type": "LogFloats", "path": ["training", "train_loss"], "values": [{"value": 1.4741756916046143, "step": null, "ts": 1668461610.6063235}]}, "version": 91}
{"obj": {"type": "LogFloats", "path": ["training", "epoch"], "values": [{"value": 1.0, "step": null, "ts": 1668461610.6087356}]}, "version": 92}
{"obj": {"type": "LogFloats", "path": ["training", "train_acc_step"], "values": [{"value": 0.75, "step": null, "ts": 1668461610.8743489}]}, "version": 93}
{"obj": {"type": "LogFloats", "path": ["training", "train_loss"], "values": [{"value": 1.451185703277588, "step": null, "ts": 1668461610.876902}]}, "version": 94}
{"obj": {"type": "LogFloats", "path": ["training", "epoch"], "values": [{"value": 1.0, "step": null, "ts": 1668461610.8793864}]}, "version": 95}
{"obj": {"type": "LogFloats", "path": ["training", "train_acc_step"], "values": [{"value": 0.75, "step": null, "ts": 1668461611.147035}]}, "version": 96}
{"obj": {"type": "LogFloats", "path": ["training", "train_loss"], "values": [{"value": 1.4620347023010254, "step": null, "ts": 1668461611.151146}]}, "version": 97}
{"obj": {"type": "LogFloats", "path": ["training", "epoch"], "values": [{"value": 1.0, "step": null, "ts": 1668461611.1544316}]}, "version": 98}
{"obj": {"type": "LogFloats", "path": ["training", "train_acc_step"], "values": [{"value": 0.84375, "step": null, "ts": 1668461611.4207394}]}, "version": 99}
{"obj": {"type": "LogFloats", "path": ["training", "train_loss"], "values": [{"value": 1.4537193775177002, "step": null, "ts": 1668461611.42444}]}, "version": 100}
{"obj": {"type": "LogFloats", "path": ["training", "epoch"], "values": [{"value": 1.0, "step": null, "ts": 1668461611.4279172}]}, "version": 101}
{"obj": {"type": "LogFloats", "path": ["training", "train_acc_step"], "values": [{"value": 0.875, "step": null, "ts": 1668461611.6930451}]}, "version": 102}
{"obj": {"type": "LogFloats", "path": ["training", "train_loss"], "values": [{"value": 1.4477334022521973, "step": null, "ts": 1668461611.6969795}]}, "version": 103}
{"obj": {"type": "LogFloats", "path": ["training", "epoch"], "values": [{"value": 1.0, "step": null, "ts": 1668461611.700777}]}, "version": 104}
{"obj": {"type": "LogFloats", "path": ["training", "train_acc_step"], "values": [{"value": 0.875, "step": null, "ts": 1668461611.9685435}]}, "version": 105}
{"obj": {"type": "LogFloats", "path": ["training", "train_loss"], "values": [{"value": 1.4501490592956543, "step": null, "ts": 1668461611.972284}]}, "version": 106}
{"obj": {"type": "LogFloats", "path": ["training", "epoch"], "values": [{"value": 1.0, "step": null, "ts": 1668461611.9758596}]}, "version": 107}
{"obj": {"type": "LogFloats", "path": ["training", "train_acc_step"], "values": [{"value": 0.6875, "step": null, "ts": 1668461612.2416182}]}, "version": 108}
{"obj": {"type": "LogFloats", "path": ["training", "train_loss"], "values": [{"value": 1.4856593608856201, "step": null, "ts": 1668461612.2456994}]}, "version": 109}
{"obj": {"type": "LogFloats", "path": ["training", "epoch"], "values": [{"value": 1.0, "step": null, "ts": 1668461612.2496967}]}, "version": 110}
{"obj": {"type": "LogStrings", "path": ["monitoring", "stdout"], "values": [{"value": "{'progress_bar': {'val_loss': 1.4634486436843872}, 'log': {'val_loss': 1.4634486436843872}, 'val_loss': 1.4634486436843872}", "step": null, "ts": 1668461613.6347628}]}, "version": 111}
{"obj": {"type": "LogStrings", "path": ["monitoring", "stdout"], "values": [{"value": "\n", "step": null, "ts": 1668461613.6494908}]}, "version": 112}
{"obj": {"type": "LogStrings", "path": ["monitoring", "stdout"], "values": [{"value": "Accuracy: 0.7292479276657104", "step": null, "ts": 1668461613.6629975}]}, "version": 113}
{"obj": {"type": "LogStrings", "path": ["monitoring", "stdout"], "values": [{"value": "\n", "step": null, "ts": 1668461613.674858}]}, "version": 114}
{"obj": {"type": "LogFloats", "path": ["training", "val_loss"], "values": [{"value": 1.4636279344558716, "step": null, "ts": 1668461613.6781821}]}, "version": 115}
{"obj": {"type": "LogFloats", "path": ["training", "val_acc_step"], "values": [{"value": 0.7292479276657104, "step": null, "ts": 1668461613.681116}]}, "version": 116}
{"obj": {"type": "LogFloats", "path": ["training", "val_acc_epoch"], "values": [{"value": 0.7292479276657104, "step": null, "ts": 1668461613.6840394}]}, "version": 117}
{"obj": {"type": "LogFloats", "path": ["training", "epoch"], "values": [{"value": 1.0, "step": null, "ts": 1668461613.686967}]}, "version": 118}
{"obj": {"type": "LogStrings", "path": ["monitoring", "stdout"], "values": [{"value": "Accuracy: 0.765320360660553", "step": null, "ts": 1668461613.704139}]}, "version": 119}
{"obj": {"type": "LogStrings", "path": ["monitoring", "stdout"], "values": [{"value": "\n", "step": null, "ts": 1668461613.7159414}]}, "version": 120}
{"obj": {"type": "AssignString", "path": ["training", "model", "best_model_path"], "value": "/home/aron/BCM_activity_classification/checkpoints/latest_checkpoint-v8.ckpt"}, "version": 121}
{"obj": {"type": "UploadFile", "path": ["training", "model", "checkpoints", "latest_checkpoint-v8"], "ext": "ckpt", "file_path": "/home/aron/BCM_activity_classification/checkpoints/latest_checkpoint-v8.ckpt"}, "version": 122}
{"obj": {"type": "DeleteAttribute", "path": ["training", "model", "checkpoints", "latest_checkpoint"]}, "version": 123}
{"obj": {"type": "LogFloats", "path": ["training", "train_acc_epoch"], "values": [{"value": 0.765320360660553, "step": null, "ts": 1668461613.7575934}]}, "version": 124}
{"obj": {"type": "LogFloats", "path": ["training", "epoch"], "values": [{"value": 1.0, "step": null, "ts": 1668461613.7605023}]}, "version": 125}
{"obj": {"type": "LogFloats", "path": ["training", "train_acc_step"], "values": [{"value": 0.65625, "step": null, "ts": 1668461614.0782824}]}, "version": 126}
{"obj": {"type": "LogFloats", "path": ["training", "train_loss"], "values": [{"value": 1.4584052562713623, "step": null, "ts": 1668461614.0821493}]}, "version": 127}
{"obj": {"type": "LogFloats", "path": ["training", "epoch"], "values": [{"value": 2.0, "step": null, "ts": 1668461614.0851576}]}, "version": 128}
{"obj": {"type": "LogFloats", "path": ["monitoring", "cpu"], "values": [{"value": 18.0, "step": null, "ts": 1668461614.280771}]}, "version": 129}
{"obj": {"type": "LogFloats", "path": ["monitoring", "memory"], "values": [{"value": 5.725288391113281, "step": null, "ts": 1668461614.280771}]}, "version": 130}
{"obj": {"type": "LogFloats", "path": ["monitoring", "gpu_0"], "values": [{"value": 7.0, "step": null, "ts": 1668461614.280771}]}, "version": 131}
{"obj": {"type": "LogFloats", "path": ["monitoring", "gpu_memory_0"], "values": [{"value": 1.46685791015625, "step": null, "ts": 1668461614.280771}]}, "version": 132}
{"obj": {"type": "LogFloats", "path": ["monitoring", "gpu_memory_1"], "values": [{"value": 0.232177734375, "step": null, "ts": 1668461614.280771}]}, "version": 133}
{"obj": {"type": "LogFloats", "path": ["training", "train_acc_step"], "values": [{"value": 0.8125, "step": null, "ts": 1668461614.3622375}]}, "version": 134}
{"obj": {"type": "LogFloats", "path": ["training", "train_loss"], "values": [{"value": 1.4441053867340088, "step": null, "ts": 1668461614.366739}]}, "version": 135}
{"obj": {"type": "LogFloats", "path": ["training", "epoch"], "values": [{"value": 2.0, "step": null, "ts": 1668461614.3707254}]}, "version": 136}
{"obj": {"type": "LogFloats", "path": ["training", "train_acc_step"], "values": [{"value": 0.75, "step": null, "ts": 1668461614.6381686}]}, "version": 137}
{"obj": {"type": "LogFloats", "path": ["training", "train_loss"], "values": [{"value": 1.4626355171203613, "step": null, "ts": 1668461614.642847}]}, "version": 138}
{"obj": {"type": "LogFloats", "path": ["training", "epoch"], "values": [{"value": 2.0, "step": null, "ts": 1668461614.647014}]}, "version": 139}
{"obj": {"type": "LogFloats", "path": ["training", "train_acc_step"], "values": [{"value": 0.625, "step": null, "ts": 1668461614.9146717}]}, "version": 140}
{"obj": {"type": "LogFloats", "path": ["training", "train_loss"], "values": [{"value": 1.472918152809143, "step": null, "ts": 1668461614.9190924}]}, "version": 141}
{"obj": {"type": "LogFloats", "path": ["training", "epoch"], "values": [{"value": 2.0, "step": null, "ts": 1668461614.923306}]}, "version": 142}
{"obj": {"type": "LogFloats", "path": ["training", "train_acc_step"], "values": [{"value": 0.78125, "step": null, "ts": 1668461615.1897907}]}, "version": 143}
{"obj": {"type": "LogFloats", "path": ["training", "train_loss"], "values": [{"value": 1.460807204246521, "step": null, "ts": 1668461615.1941733}]}, "version": 144}
{"obj": {"type": "LogFloats", "path": ["training", "epoch"], "values": [{"value": 2.0, "step": null, "ts": 1668461615.1983068}]}, "version": 145}
{"obj": {"type": "LogFloats", "path": ["training", "train_acc_step"], "values": [{"value": 0.8125, "step": null, "ts": 1668461615.4664152}]}, "version": 146}
{"obj": {"type": "LogFloats", "path": ["training", "train_loss"], "values": [{"value": 1.4498438835144043, "step": null, "ts": 1668461615.4704537}]}, "version": 147}
{"obj": {"type": "LogFloats", "path": ["training", "epoch"], "values": [{"value": 2.0, "step": null, "ts": 1668461615.4741426}]}, "version": 148}
{"obj": {"type": "LogFloats", "path": ["training", "train_acc_step"], "values": [{"value": 0.78125, "step": null, "ts": 1668461615.7422001}]}, "version": 149}
{"obj": {"type": "LogFloats", "path": ["training", "train_loss"], "values": [{"value": 1.4508211612701416, "step": null, "ts": 1668461615.7465787}]}, "version": 150}
{"obj": {"type": "LogFloats", "path": ["training", "epoch"], "values": [{"value": 2.0, "step": null, "ts": 1668461615.7510204}]}, "version": 151}
{"obj": {"type": "LogFloats", "path": ["training", "train_acc_step"], "values": [{"value": 0.84375, "step": null, "ts": 1668461616.013899}]}, "version": 152}
{"obj": {"type": "LogFloats", "path": ["training", "train_loss"], "values": [{"value": 1.4439916610717773, "step": null, "ts": 1668461616.0179212}]}, "version": 153}
{"obj": {"type": "LogFloats", "path": ["training", "epoch"], "values": [{"value": 2.0, "step": null, "ts": 1668461616.021708}]}, "version": 154}
{"obj": {"type": "LogFloats", "path": ["training", "train_acc_step"], "values": [{"value": 0.84375, "step": null, "ts": 1668461616.2863998}]}, "version": 155}
{"obj": {"type": "LogFloats", "path": ["training", "train_loss"], "values": [{"value": 1.4343852996826172, "step": null, "ts": 1668461616.2912397}]}, "version": 156}
{"obj": {"type": "LogFloats", "path": ["training", "epoch"], "values": [{"value": 2.0, "step": null, "ts": 1668461616.2950504}]}, "version": 157}
{"obj": {"type": "LogStrings", "path": ["monitoring", "stdout"], "values": [{"value": "{'progress_bar': {'val_loss': 1.4641427993774414}, 'log': {'val_loss': 1.4641427993774414}, 'val_loss': 1.4641427993774414}", "step": null, "ts": 1668461617.6300402}]}, "version": 158}
{"obj": {"type": "LogStrings", "path": ["monitoring", "stdout"], "values": [{"value": "\n", "step": null, "ts": 1668461617.6421683}]}, "version": 159}
{"obj": {"type": "LogStrings", "path": ["monitoring", "stdout"], "values": [{"value": "Accuracy: 0.7142060995101929", "step": null, "ts": 1668461617.6540833}]}, "version": 160}
{"obj": {"type": "LogStrings", "path": ["monitoring", "stdout"], "values": [{"value": "\n", "step": null, "ts": 1668461617.6660035}]}, "version": 161}
{"obj": {"type": "LogFloats", "path": ["training", "val_loss"], "values": [{"value": 1.4643542766571045, "step": null, "ts": 1668461617.6693904}]}, "version": 162}
{"obj": {"type": "LogFloats", "path": ["training", "val_acc_step"], "values": [{"value": 0.7142060995101929, "step": null, "ts": 1668461617.6722972}]}, "version": 163}
{"obj": {"type": "LogFloats", "path": ["training", "val_acc_epoch"], "values": [{"value": 0.7142060995101929, "step": null, "ts": 1668461617.6751106}]}, "version": 164}
{"obj": {"type": "LogFloats", "path": ["training", "epoch"], "values": [{"value": 2.0, "step": null, "ts": 1668461617.6778703}]}, "version": 165}
{"obj": {"type": "LogStrings", "path": ["monitoring", "stdout"], "values": [{"value": "Accuracy: 0.7791086435317993", "step": null, "ts": 1668461617.6940832}]}, "version": 166}
{"obj": {"type": "LogStrings", "path": ["monitoring", "stdout"], "values": [{"value": "\n", "step": null, "ts": 1668461617.7067778}]}, "version": 167}
{"obj": {"type": "AssignString", "path": ["training", "model", "best_model_path"], "value": "/home/aron/BCM_activity_classification/checkpoints/latest_checkpoint.ckpt"}, "version": 168}
{"obj": {"type": "UploadFile", "path": ["training", "model", "checkpoints", "latest_checkpoint"], "ext": "ckpt", "file_path": "/home/aron/BCM_activity_classification/checkpoints/latest_checkpoint.ckpt"}, "version": 169}
{"obj": {"type": "DeleteAttribute", "path": ["training", "model", "checkpoints", "latest_checkpoint-v8"]}, "version": 170}
{"obj": {"type": "LogFloats", "path": ["training", "train_acc_epoch"], "values": [{"value": 0.7791086435317993, "step": null, "ts": 1668461617.7494528}]}, "version": 171}
{"obj": {"type": "LogFloats", "path": ["training", "epoch"], "values": [{"value": 2.0, "step": null, "ts": 1668461617.7522748}]}, "version": 172}
{"obj": {"type": "LogFloats", "path": ["training", "train_acc_step"], "values": [{"value": 0.78125, "step": null, "ts": 1668461618.0445857}]}, "version": 173}
{"obj": {"type": "LogFloats", "path": ["training", "train_loss"], "values": [{"value": 1.4497087001800537, "step": null, "ts": 1668461618.048994}]}, "version": 174}
{"obj": {"type": "LogFloats", "path": ["training", "epoch"], "values": [{"value": 3.0, "step": null, "ts": 1668461618.0529382}]}, "version": 175}
{"obj": {"type": "LogFloats", "path": ["training", "train_acc_step"], "values": [{"value": 0.84375, "step": null, "ts": 1668461618.314059}]}, "version": 176}
{"obj": {"type": "LogFloats", "path": ["training", "train_loss"], "values": [{"value": 1.4461464881896973, "step": null, "ts": 1668461618.3185937}]}, "version": 177}
{"obj": {"type": "LogFloats", "path": ["training", "epoch"], "values": [{"value": 3.0, "step": null, "ts": 1668461618.3230875}]}, "version": 178}
{"obj": {"type": "LogFloats", "path": ["training", "train_acc_step"], "values": [{"value": 0.78125, "step": null, "ts": 1668461618.5844147}]}, "version": 179}
{"obj": {"type": "LogFloats", "path": ["training", "train_loss"], "values": [{"value": 1.4515591859817505, "step": null, "ts": 1668461618.588302}]}, "version": 180}
{"obj": {"type": "LogFloats", "path": ["training", "epoch"], "values": [{"value": 3.0, "step": null, "ts": 1668461618.5914557}]}, "version": 181}
{"obj": {"type": "LogFloats", "path": ["training", "train_acc_step"], "values": [{"value": 0.84375, "step": null, "ts": 1668461618.8551114}]}, "version": 182}
{"obj": {"type": "LogFloats", "path": ["training", "train_loss"], "values": [{"value": 1.446934461593628, "step": null, "ts": 1668461618.8593564}]}, "version": 183}
{"obj": {"type": "LogFloats", "path": ["training", "epoch"], "values": [{"value": 3.0, "step": null, "ts": 1668461618.8633232}]}, "version": 184}
{"obj": {"type": "LogFloats", "path": ["training", "train_acc_step"], "values": [{"value": 0.875, "step": null, "ts": 1668461619.1450949}]}, "version": 185}
{"obj": {"type": "LogFloats", "path": ["training", "train_loss"], "values": [{"value": 1.438931941986084, "step": null, "ts": 1668461619.1496804}]}, "version": 186}
{"obj": {"type": "LogFloats", "path": ["training", "epoch"], "values": [{"value": 3.0, "step": null, "ts": 1668461619.1540158}]}, "version": 187}
{"obj": {"type": "LogFloats", "path": ["training", "train_acc_step"], "values": [{"value": 0.875, "step": null, "ts": 1668461619.4341788}]}, "version": 188}
{"obj": {"type": "LogFloats", "path": ["training", "train_loss"], "values": [{"value": 1.4474964141845703, "step": null, "ts": 1668461619.4378543}]}, "version": 189}
{"obj": {"type": "LogFloats", "path": ["training", "epoch"], "values": [{"value": 3.0, "step": null, "ts": 1668461619.4421873}]}, "version": 190}
{"obj": {"type": "LogFloats", "path": ["training", "train_acc_step"], "values": [{"value": 0.71875, "step": null, "ts": 1668461619.7366006}]}, "version": 191}
{"obj": {"type": "LogFloats", "path": ["training", "train_loss"], "values": [{"value": 1.4606159925460815, "step": null, "ts": 1668461619.740736}]}, "version": 192}
{"obj": {"type": "LogFloats", "path": ["training", "epoch"], "values": [{"value": 3.0, "step": null, "ts": 1668461619.7446375}]}, "version": 193}
{"obj": {"type": "LogFloats", "path": ["training", "train_acc_step"], "values": [{"value": 0.78125, "step": null, "ts": 1668461620.0420156}]}, "version": 194}
{"obj": {"type": "LogFloats", "path": ["training", "train_loss"], "values": [{"value": 1.4491684436798096, "step": null, "ts": 1668461620.0466056}]}, "version": 195}
{"obj": {"type": "LogFloats", "path": ["training", "epoch"], "values": [{"value": 3.0, "step": null, "ts": 1668461620.0509257}]}, "version": 196}
{"obj": {"type": "LogFloats", "path": ["training", "train_acc_step"], "values": [{"value": 0.875, "step": null, "ts": 1668461620.3502219}]}, "version": 197}
{"obj": {"type": "LogFloats", "path": ["training", "train_loss"], "values": [{"value": 1.4464302062988281, "step": null, "ts": 1668461620.3610234}]}, "version": 198}
{"obj": {"type": "LogFloats", "path": ["training", "epoch"], "values": [{"value": 3.0, "step": null, "ts": 1668461620.3645868}]}, "version": 199}
{"obj": {"type": "LogStrings", "path": ["monitoring", "stdout"], "values": [{"value": "{'progress_bar': {'val_loss': 1.4560086727142334}, 'log': {'val_loss': 1.4560086727142334}, 'val_loss': 1.4560086727142334}", "step": null, "ts": 1668461621.7273552}]}, "version": 200}
{"obj": {"type": "LogStrings", "path": ["monitoring", "stdout"], "values": [{"value": "\n", "step": null, "ts": 1668461621.7389824}]}, "version": 201}
{"obj": {"type": "LogStrings", "path": ["monitoring", "stdout"], "values": [{"value": "Accuracy: 0.765273928642273", "step": null, "ts": 1668461621.7508717}]}, "version": 202}
{"obj": {"type": "LogStrings", "path": ["monitoring", "stdout"], "values": [{"value": "\n", "step": null, "ts": 1668461621.762069}]}, "version": 203}
{"obj": {"type": "LogFloats", "path": ["training", "val_loss"], "values": [{"value": 1.4561632871627808, "step": null, "ts": 1668461621.7652617}]}, "version": 204}
{"obj": {"type": "LogFloats", "path": ["training", "val_acc_step"], "values": [{"value": 0.765273928642273, "step": null, "ts": 1668461621.7680767}]}, "version": 205}
{"obj": {"type": "LogFloats", "path": ["training", "val_acc_epoch"], "values": [{"value": 0.765273928642273, "step": null, "ts": 1668461621.7710063}]}, "version": 206}
{"obj": {"type": "LogFloats", "path": ["training", "epoch"], "values": [{"value": 3.0, "step": null, "ts": 1668461621.7739491}]}, "version": 207}
{"obj": {"type": "LogStrings", "path": ["monitoring", "stdout"], "values": [{"value": "Accuracy: 0.7924790978431702", "step": null, "ts": 1668461621.7909112}]}, "version": 208}
{"obj": {"type": "LogStrings", "path": ["monitoring", "stdout"], "values": [{"value": "\n", "step": null, "ts": 1668461621.8032773}]}, "version": 209}
{"obj": {"type": "AssignString", "path": ["training", "model", "best_model_path"], "value": "/home/aron/BCM_activity_classification/checkpoints/latest_checkpoint-v8.ckpt"}, "version": 210}
{"obj": {"type": "UploadFile", "path": ["training", "model", "checkpoints", "latest_checkpoint-v8"], "ext": "ckpt", "file_path": "/home/aron/BCM_activity_classification/checkpoints/latest_checkpoint-v8.ckpt"}, "version": 211}
{"obj": {"type": "DeleteAttribute", "path": ["training", "model", "checkpoints", "latest_checkpoint"]}, "version": 212}
{"obj": {"type": "LogFloats", "path": ["training", "train_acc_epoch"], "values": [{"value": 0.7924790978431702, "step": null, "ts": 1668461621.8445952}]}, "version": 213}
{"obj": {"type": "LogFloats", "path": ["training", "epoch"], "values": [{"value": 3.0, "step": null, "ts": 1668461621.8474176}]}, "version": 214}
{"obj": {"type": "LogFloats", "path": ["training", "train_acc_step"], "values": [{"value": 0.75, "step": null, "ts": 1668461622.1821942}]}, "version": 215}
{"obj": {"type": "LogFloats", "path": ["training", "train_loss"], "values": [{"value": 1.4573593139648438, "step": null, "ts": 1668461622.1856432}]}, "version": 216}
{"obj": {"type": "LogFloats", "path": ["training", "epoch"], "values": [{"value": 4.0, "step": null, "ts": 1668461622.1885407}]}, "version": 217}
{"obj": {"type": "LogFloats", "path": ["training", "train_acc_step"], "values": [{"value": 0.75, "step": null, "ts": 1668461622.4522967}]}, "version": 218}
{"obj": {"type": "LogFloats", "path": ["training", "train_loss"], "values": [{"value": 1.4692848920822144, "step": null, "ts": 1668461622.45516}]}, "version": 219}
{"obj": {"type": "LogFloats", "path": ["training", "epoch"], "values": [{"value": 4.0, "step": null, "ts": 1668461622.4577029}]}, "version": 220}
{"obj": {"type": "LogFloats", "path": ["training", "train_acc_step"], "values": [{"value": 0.78125, "step": null, "ts": 1668461622.720659}]}, "version": 221}
{"obj": {"type": "LogFloats", "path": ["training", "train_loss"], "values": [{"value": 1.4398300647735596, "step": null, "ts": 1668461622.7242627}]}, "version": 222}
{"obj": {"type": "LogFloats", "path": ["training", "epoch"], "values": [{"value": 4.0, "step": null, "ts": 1668461622.7272627}]}, "version": 223}
{"obj": {"type": "LogFloats", "path": ["training", "train_acc_step"], "values": [{"value": 0.875, "step": null, "ts": 1668461622.9889972}]}, "version": 224}
{"obj": {"type": "LogFloats", "path": ["training", "train_loss"], "values": [{"value": 1.432032585144043, "step": null, "ts": 1668461622.9919004}]}, "version": 225}
{"obj": {"type": "LogFloats", "path": ["training", "epoch"], "values": [{"value": 4.0, "step": null, "ts": 1668461622.994067}]}, "version": 226}
{"obj": {"type": "LogFloats", "path": ["training", "train_acc_step"], "values": [{"value": 0.78125, "step": null, "ts": 1668461623.2550104}]}, "version": 227}
{"obj": {"type": "LogFloats", "path": ["training", "train_loss"], "values": [{"value": 1.4514586925506592, "step": null, "ts": 1668461623.2589533}]}, "version": 228}
{"obj": {"type": "LogFloats", "path": ["training", "epoch"], "values": [{"value": 4.0, "step": null, "ts": 1668461623.262718}]}, "version": 229}
{"obj": {"type": "LogFloats", "path": ["training", "train_acc_step"], "values": [{"value": 0.78125, "step": null, "ts": 1668461623.5307784}]}, "version": 230}
{"obj": {"type": "LogFloats", "path": ["training", "train_loss"], "values": [{"value": 1.4533967971801758, "step": null, "ts": 1668461623.5352075}]}, "version": 231}
{"obj": {"type": "LogFloats", "path": ["training", "epoch"], "values": [{"value": 4.0, "step": null, "ts": 1668461623.539419}]}, "version": 232}
{"obj": {"type": "LogFloats", "path": ["training", "train_acc_step"], "values": [{"value": 0.6875, "step": null, "ts": 1668461623.8092127}]}, "version": 233}
{"obj": {"type": "LogFloats", "path": ["training", "train_loss"], "values": [{"value": 1.4409682750701904, "step": null, "ts": 1668461623.8132384}]}, "version": 234}
{"obj": {"type": "LogFloats", "path": ["training", "epoch"], "values": [{"value": 4.0, "step": null, "ts": 1668461623.817736}]}, "version": 235}
{"obj": {"type": "LogFloats", "path": ["training", "train_acc_step"], "values": [{"value": 0.78125, "step": null, "ts": 1668461624.0873873}]}, "version": 236}
{"obj": {"type": "LogFloats", "path": ["training", "train_loss"], "values": [{"value": 1.4357101917266846, "step": null, "ts": 1668461624.0916326}]}, "version": 237}
{"obj": {"type": "LogFloats", "path": ["training", "epoch"], "values": [{"value": 4.0, "step": null, "ts": 1668461624.0956428}]}, "version": 238}
{"obj": {"type": "LogFloats", "path": ["monitoring", "cpu"], "values": [{"value": 6.4, "step": null, "ts": 1668461624.3021011}]}, "version": 239}
{"obj": {"type": "LogFloats", "path": ["monitoring", "memory"], "values": [{"value": 5.754402160644531, "step": null, "ts": 1668461624.3021011}]}, "version": 240}
{"obj": {"type": "LogFloats", "path": ["monitoring", "gpu_0"], "values": [{"value": 44.0, "step": null, "ts": 1668461624.3021011}]}, "version": 241}
{"obj": {"type": "LogFloats", "path": ["monitoring", "gpu_memory_0"], "values": [{"value": 1.46685791015625, "step": null, "ts": 1668461624.3021011}]}, "version": 242}
{"obj": {"type": "LogFloats", "path": ["monitoring", "gpu_memory_1"], "values": [{"value": 0.232177734375, "step": null, "ts": 1668461624.3021011}]}, "version": 243}
{"obj": {"type": "LogFloats", "path": ["training", "train_acc_step"], "values": [{"value": 0.6875, "step": null, "ts": 1668461624.3709686}]}, "version": 244}
{"obj": {"type": "LogFloats", "path": ["training", "train_loss"], "values": [{"value": 1.452652931213379, "step": null, "ts": 1668461624.3746028}]}, "version": 245}
{"obj": {"type": "LogFloats", "path": ["training", "epoch"], "values": [{"value": 4.0, "step": null, "ts": 1668461624.3783617}]}, "version": 246}
{"obj": {"type": "LogStrings", "path": ["monitoring", "stdout"], "values": [{"value": "{'progress_bar': {'val_loss': 1.4601868391036987}, 'log': {'val_loss': 1.4601868391036987}, 'val_loss': 1.4601868391036987}", "step": null, "ts": 1668461625.7127476}]}, "version": 247}
{"obj": {"type": "LogStrings", "path": ["monitoring", "stdout"], "values": [{"value": "\n", "step": null, "ts": 1668461625.7276242}]}, "version": 248}
{"obj": {"type": "LogStrings", "path": ["monitoring", "stdout"], "values": [{"value": "Accuracy: 0.7686165571212769", "step": null, "ts": 1668461625.7396572}]}, "version": 249}
{"obj": {"type": "LogStrings", "path": ["monitoring", "stdout"], "values": [{"value": "\n", "step": null, "ts": 1668461625.7500775}]}, "version": 250}
{"obj": {"type": "LogFloats", "path": ["training", "val_loss"], "values": [{"value": 1.4603960514068604, "step": null, "ts": 1668461625.7532835}]}, "version": 251}
{"obj": {"type": "LogFloats", "path": ["training", "val_acc_step"], "values": [{"value": 0.7686165571212769, "step": null, "ts": 1668461625.7560463}]}, "version": 252}
{"obj": {"type": "LogFloats", "path": ["training", "val_acc_epoch"], "values": [{"value": 0.7686165571212769, "step": null, "ts": 1668461625.7589157}]}, "version": 253}
{"obj": {"type": "LogFloats", "path": ["training", "epoch"], "values": [{"value": 4.0, "step": null, "ts": 1668461625.761649}]}, "version": 254}
{"obj": {"type": "LogStrings", "path": ["monitoring", "stdout"], "values": [{"value": "Accuracy: 0.7963091731071472", "step": null, "ts": 1668461625.7781131}]}, "version": 255}
{"obj": {"type": "LogStrings", "path": ["monitoring", "stdout"], "values": [{"value": "\n", "step": null, "ts": 1668461625.7897503}]}, "version": 256}
{"obj": {"type": "AssignString", "path": ["training", "model", "best_model_path"], "value": "/home/aron/BCM_activity_classification/checkpoints/latest_checkpoint.ckpt"}, "version": 257}
{"obj": {"type": "UploadFile", "path": ["training", "model", "checkpoints", "latest_checkpoint"], "ext": "ckpt", "file_path": "/home/aron/BCM_activity_classification/checkpoints/latest_checkpoint.ckpt"}, "version": 258}
{"obj": {"type": "DeleteAttribute", "path": ["training", "model", "checkpoints", "latest_checkpoint-v8"]}, "version": 259}
{"obj": {"type": "LogFloats", "path": ["training", "train_acc_epoch"], "values": [{"value": 0.7963091731071472, "step": null, "ts": 1668461625.829438}]}, "version": 260}
{"obj": {"type": "LogFloats", "path": ["training", "epoch"], "values": [{"value": 4.0, "step": null, "ts": 1668461625.8322265}]}, "version": 261}
{"obj": {"type": "LogFloats", "path": ["training", "train_acc_step"], "values": [{"value": 0.90625, "step": null, "ts": 1668461626.160367}]}, "version": 262}
{"obj": {"type": "LogFloats", "path": ["training", "train_loss"], "values": [{"value": 1.4369475841522217, "step": null, "ts": 1668461626.1645064}]}, "version": 263}
{"obj": {"type": "LogFloats", "path": ["training", "epoch"], "values": [{"value": 5.0, "step": null, "ts": 1668461626.1682997}]}, "version": 264}
{"obj": {"type": "LogFloats", "path": ["training", "train_acc_step"], "values": [{"value": 0.8125, "step": null, "ts": 1668461626.429379}]}, "version": 265}
{"obj": {"type": "LogFloats", "path": ["training", "train_loss"], "values": [{"value": 1.4466454982757568, "step": null, "ts": 1668461626.433865}]}, "version": 266}
{"obj": {"type": "LogFloats", "path": ["training", "epoch"], "values": [{"value": 5.0, "step": null, "ts": 1668461626.437155}]}, "version": 267}
{"obj": {"type": "LogFloats", "path": ["training", "train_acc_step"], "values": [{"value": 0.875, "step": null, "ts": 1668461626.7066703}]}, "version": 268}
{"obj": {"type": "LogFloats", "path": ["training", "train_loss"], "values": [{"value": 1.4327538013458252, "step": null, "ts": 1668461626.7102258}]}, "version": 269}
{"obj": {"type": "LogFloats", "path": ["training", "epoch"], "values": [{"value": 5.0, "step": null, "ts": 1668461626.7140193}]}, "version": 270}
{"obj": {"type": "LogFloats", "path": ["training", "train_acc_step"], "values": [{"value": 0.875, "step": null, "ts": 1668461626.9781497}]}, "version": 271}
{"obj": {"type": "LogFloats", "path": ["training", "train_loss"], "values": [{"value": 1.4543955326080322, "step": null, "ts": 1668461626.9827685}]}, "version": 272}
{"obj": {"type": "LogFloats", "path": ["training", "epoch"], "values": [{"value": 5.0, "step": null, "ts": 1668461626.9864542}]}, "version": 273}
{"obj": {"type": "LogStrings", "path": ["monitoring", "stderr"], "values": [{"value": "Error occurred during asynchronous operation processing: Cannot upload file /home/aron/BCM_activity_classification/checkpoints/latest_checkpoint-v8.ckpt: Path not found or is a not a file.\n", "step": null, "ts": 1668461627.0500774}]}, "version": 274}
{"obj": {"type": "LogStrings", "path": ["monitoring", "stderr"], "values": [{"value": "Error occurred during asynchronous operation processing: Cannot delete training/model/checkpoints/latest_checkpoint-v8: Attribute does not exist\n", "step": null, "ts": 1668461627.0629346}]}, "version": 275}
{"obj": {"type": "LogFloats", "path": ["training", "train_acc_step"], "values": [{"value": 0.625, "step": null, "ts": 1668461627.250229}]}, "version": 276}
{"obj": {"type": "LogFloats", "path": ["training", "train_loss"], "values": [{"value": 1.461388349533081, "step": null, "ts": 1668461627.2542787}]}, "version": 277}
{"obj": {"type": "LogFloats", "path": ["training", "epoch"], "values": [{"value": 5.0, "step": null, "ts": 1668461627.2583716}]}, "version": 278}
{"obj": {"type": "LogFloats", "path": ["training", "train_acc_step"], "values": [{"value": 0.78125, "step": null, "ts": 1668461627.5203917}]}, "version": 279}
{"obj": {"type": "LogFloats", "path": ["training", "train_loss"], "values": [{"value": 1.447429895401001, "step": null, "ts": 1668461627.5241795}]}, "version": 280}
{"obj": {"type": "LogFloats", "path": ["training", "epoch"], "values": [{"value": 5.0, "step": null, "ts": 1668461627.5278587}]}, "version": 281}
{"obj": {"type": "LogFloats", "path": ["training", "train_acc_step"], "values": [{"value": 0.84375, "step": null, "ts": 1668461627.790716}]}, "version": 282}
{"obj": {"type": "LogFloats", "path": ["training", "train_loss"], "values": [{"value": 1.434175729751587, "step": null, "ts": 1668461627.7950904}]}, "version": 283}
{"obj": {"type": "LogFloats", "path": ["training", "epoch"], "values": [{"value": 5.0, "step": null, "ts": 1668461627.7992113}]}, "version": 284}
{"obj": {"type": "LogFloats", "path": ["training", "train_acc_step"], "values": [{"value": 0.75, "step": null, "ts": 1668461628.0618885}]}, "version": 285}
{"obj": {"type": "LogFloats", "path": ["training", "train_loss"], "values": [{"value": 1.446547269821167, "step": null, "ts": 1668461628.066039}]}, "version": 286}
{"obj": {"type": "LogFloats", "path": ["training", "epoch"], "values": [{"value": 5.0, "step": null, "ts": 1668461628.0700881}]}, "version": 287}
{"obj": {"type": "LogFloats", "path": ["training", "train_acc_step"], "values": [{"value": 0.84375, "step": null, "ts": 1668461628.3329039}]}, "version": 288}
{"obj": {"type": "LogFloats", "path": ["training", "train_loss"], "values": [{"value": 1.4386662244796753, "step": null, "ts": 1668461628.3376024}]}, "version": 289}
{"obj": {"type": "LogFloats", "path": ["training", "epoch"], "values": [{"value": 5.0, "step": null, "ts": 1668461628.341789}]}, "version": 290}
{"obj": {"type": "LogStrings", "path": ["monitoring", "stdout"], "values": [{"value": "{'progress_bar': {'val_loss': 1.4578415155410767}, 'log': {'val_loss': 1.4578415155410767}, 'val_loss': 1.4578415155410767}", "step": null, "ts": 1668461629.680215}]}, "version": 291}
{"obj": {"type": "LogStrings", "path": ["monitoring", "stdout"], "values": [{"value": "\n", "step": null, "ts": 1668461629.6952207}]}, "version": 292}
{"obj": {"type": "LogStrings", "path": ["monitoring", "stdout"], "values": [{"value": "Accuracy: 0.7552460432052612", "step": null, "ts": 1668461629.7083497}]}, "version": 293}
{"obj": {"type": "LogStrings", "path": ["monitoring", "stdout"], "values": [{"value": "\n", "step": null, "ts": 1668461629.7207294}]}, "version": 294}
{"obj": {"type": "LogFloats", "path": ["training", "val_loss"], "values": [{"value": 1.4580270051956177, "step": null, "ts": 1668461629.7241495}]}, "version": 295}
{"obj": {"type": "LogFloats", "path": ["training", "val_acc_step"], "values": [{"value": 0.7552460432052612, "step": null, "ts": 1668461629.7277358}]}, "version": 296}
{"obj": {"type": "LogFloats", "path": ["training", "val_acc_epoch"], "values": [{"value": 0.7552460432052612, "step": null, "ts": 1668461629.7308517}]}, "version": 297}
{"obj": {"type": "LogFloats", "path": ["training", "epoch"], "values": [{"value": 5.0, "step": null, "ts": 1668461629.7338605}]}, "version": 298}
{"obj": {"type": "LogStrings", "path": ["monitoring", "stdout"], "values": [{"value": "Accuracy: 0.7871866226196289", "step": null, "ts": 1668461629.7533937}]}, "version": 299}
{"obj": {"type": "LogStrings", "path": ["monitoring", "stdout"], "values": [{"value": "\n", "step": null, "ts": 1668461629.7653832}]}, "version": 300}
{"obj": {"type": "AssignString", "path": ["training", "model", "best_model_path"], "value": "/home/aron/BCM_activity_classification/checkpoints/latest_checkpoint-v8.ckpt"}, "version": 301}
{"obj": {"type": "UploadFile", "path": ["training", "model", "checkpoints", "latest_checkpoint-v8"], "ext": "ckpt", "file_path": "/home/aron/BCM_activity_classification/checkpoints/latest_checkpoint-v8.ckpt"}, "version": 302}
{"obj": {"type": "DeleteAttribute", "path": ["training", "model", "checkpoints", "latest_checkpoint"]}, "version": 303}
{"obj": {"type": "LogFloats", "path": ["training", "train_acc_epoch"], "values": [{"value": 0.7871866226196289, "step": null, "ts": 1668461629.8073926}]}, "version": 304}
{"obj": {"type": "LogFloats", "path": ["training", "epoch"], "values": [{"value": 5.0, "step": null, "ts": 1668461629.8108675}]}, "version": 305}
{"obj": {"type": "LogFloats", "path": ["training", "train_acc_step"], "values": [{"value": 0.84375, "step": null, "ts": 1668461630.1562035}]}, "version": 306}
{"obj": {"type": "LogFloats", "path": ["training", "train_loss"], "values": [{"value": 1.4387633800506592, "step": null, "ts": 1668461630.1600578}]}, "version": 307}
{"obj": {"type": "LogFloats", "path": ["training", "epoch"], "values": [{"value": 6.0, "step": null, "ts": 1668461630.1639347}]}, "version": 308}
{"obj": {"type": "LogFloats", "path": ["training", "train_acc_step"], "values": [{"value": 0.90625, "step": null, "ts": 1668461630.4233472}]}, "version": 309}
{"obj": {"type": "LogFloats", "path": ["training", "train_loss"], "values": [{"value": 1.4443137645721436, "step": null, "ts": 1668461630.427313}]}, "version": 310}
{"obj": {"type": "LogFloats", "path": ["training", "epoch"], "values": [{"value": 6.0, "step": null, "ts": 1668461630.4315057}]}, "version": 311}
{"obj": {"type": "LogFloats", "path": ["training", "train_acc_step"], "values": [{"value": 0.78125, "step": null, "ts": 1668461630.6929715}]}, "version": 312}
{"obj": {"type": "LogFloats", "path": ["training", "train_loss"], "values": [{"value": 1.4438002109527588, "step": null, "ts": 1668461630.697022}]}, "version": 313}
{"obj": {"type": "LogFloats", "path": ["training", "epoch"], "values": [{"value": 6.0, "step": null, "ts": 1668461630.7009077}]}, "version": 314}
{"obj": {"type": "LogFloats", "path": ["training", "train_acc_step"], "values": [{"value": 0.84375, "step": null, "ts": 1668461630.9620483}]}, "version": 315}
{"obj": {"type": "LogFloats", "path": ["training", "train_loss"], "values": [{"value": 1.455822229385376, "step": null, "ts": 1668461630.9657364}]}, "version": 316}
{"obj": {"type": "LogFloats", "path": ["training", "epoch"], "values": [{"value": 6.0, "step": null, "ts": 1668461630.969832}]}, "version": 317}
{"obj": {"type": "LogFloats", "path": ["training", "train_acc_step"], "values": [{"value": 0.71875, "step": null, "ts": 1668461631.2300754}]}, "version": 318}
{"obj": {"type": "LogFloats", "path": ["training", "train_loss"], "values": [{"value": 1.4492621421813965, "step": null, "ts": 1668461631.2346954}]}, "version": 319}
{"obj": {"type": "LogFloats", "path": ["training", "epoch"], "values": [{"value": 6.0, "step": null, "ts": 1668461631.2388525}]}, "version": 320}
{"obj": {"type": "LogFloats", "path": ["training", "train_acc_step"], "values": [{"value": 0.875, "step": null, "ts": 1668461631.5008228}]}, "version": 321}
{"obj": {"type": "LogFloats", "path": ["training", "train_loss"], "values": [{"value": 1.4446327686309814, "step": null, "ts": 1668461631.505025}]}, "version": 322}
{"obj": {"type": "LogFloats", "path": ["training", "epoch"], "values": [{"value": 6.0, "step": null, "ts": 1668461631.5088954}]}, "version": 323}
{"obj": {"type": "LogFloats", "path": ["training", "train_acc_step"], "values": [{"value": 0.78125, "step": null, "ts": 1668461631.7735624}]}, "version": 324}
{"obj": {"type": "LogFloats", "path": ["training", "train_loss"], "values": [{"value": 1.460839033126831, "step": null, "ts": 1668461631.7780046}]}, "version": 325}
{"obj": {"type": "LogFloats", "path": ["training", "epoch"], "values": [{"value": 6.0, "step": null, "ts": 1668461631.7816489}]}, "version": 326}
{"obj": {"type": "LogFloats", "path": ["training", "train_acc_step"], "values": [{"value": 0.84375, "step": null, "ts": 1668461632.0416484}]}, "version": 327}
{"obj": {"type": "LogFloats", "path": ["training", "train_loss"], "values": [{"value": 1.445082426071167, "step": null, "ts": 1668461632.045939}]}, "version": 328}
{"obj": {"type": "LogFloats", "path": ["training", "epoch"], "values": [{"value": 6.0, "step": null, "ts": 1668461632.0499806}]}, "version": 329}
{"obj": {"type": "LogFloats", "path": ["training", "train_acc_step"], "values": [{"value": 0.6875, "step": null, "ts": 1668461632.319323}]}, "version": 330}
{"obj": {"type": "LogFloats", "path": ["training", "train_loss"], "values": [{"value": 1.4578051567077637, "step": null, "ts": 1668461632.3234427}]}, "version": 331}
{"obj": {"type": "LogFloats", "path": ["training", "epoch"], "values": [{"value": 6.0, "step": null, "ts": 1668461632.3271255}]}, "version": 332}
{"obj": {"type": "LogStrings", "path": ["monitoring", "stderr"], "values": [{"value": "Error occurred during asynchronous operation processing: Cannot delete training/model/checkpoints/latest_checkpoint: Attribute does not exist\n", "step": null, "ts": 1668461632.4983516}]}, "version": 333}
{"obj": {"type": "LogStrings", "path": ["monitoring", "stdout"], "values": [{"value": "{'progress_bar': {'val_loss': 1.4656258821487427}, 'log': {'val_loss': 1.4656258821487427}, 'val_loss': 1.4656258821487427}", "step": null, "ts": 1668461633.6776447}]}, "version": 334}
{"obj": {"type": "LogStrings", "path": ["monitoring", "stdout"], "values": [{"value": "\n", "step": null, "ts": 1668461633.6902878}]}, "version": 335}
{"obj": {"type": "LogStrings", "path": ["monitoring", "stdout"], "values": [{"value": "Accuracy: 0.7292479276657104", "step": null, "ts": 1668461633.702232}]}, "version": 336}
{"obj": {"type": "LogStrings", "path": ["monitoring", "stdout"], "values": [{"value": "\n", "step": null, "ts": 1668461633.7131603}]}, "version": 337}
{"obj": {"type": "LogFloats", "path": ["training", "val_loss"], "values": [{"value": 1.465780258178711, "step": null, "ts": 1668461633.7163162}]}, "version": 338}
{"obj": {"type": "LogFloats", "path": ["training", "val_acc_step"], "values": [{"value": 0.7292479276657104, "step": null, "ts": 1668461633.7192183}]}, "version": 339}
{"obj": {"type": "LogFloats", "path": ["training", "val_acc_epoch"], "values": [{"value": 0.7292479276657104, "step": null, "ts": 1668461633.7220082}]}, "version": 340}
{"obj": {"type": "LogFloats", "path": ["training", "epoch"], "values": [{"value": 6.0, "step": null, "ts": 1668461633.7247844}]}, "version": 341}
{"obj": {"type": "LogStrings", "path": ["monitoring", "stdout"], "values": [{"value": "Accuracy: 0.7912952899932861", "step": null, "ts": 1668461633.7406902}]}, "version": 342}
{"obj": {"type": "LogStrings", "path": ["monitoring", "stdout"], "values": [{"value": "\n", "step": null, "ts": 1668461633.7527082}]}, "version": 343}
{"obj": {"type": "AssignString", "path": ["training", "model", "best_model_path"], "value": "/home/aron/BCM_activity_classification/checkpoints/latest_checkpoint.ckpt"}, "version": 344}
{"obj": {"type": "UploadFile", "path": ["training", "model", "checkpoints", "latest_checkpoint"], "ext": "ckpt", "file_path": "/home/aron/BCM_activity_classification/checkpoints/latest_checkpoint.ckpt"}, "version": 345}
{"obj": {"type": "DeleteAttribute", "path": ["training", "model", "checkpoints", "latest_checkpoint-v8"]}, "version": 346}
{"obj": {"type": "LogFloats", "path": ["training", "train_acc_epoch"], "values": [{"value": 0.7912952899932861, "step": null, "ts": 1668461633.7946703}]}, "version": 347}
{"obj": {"type": "LogFloats", "path": ["training", "epoch"], "values": [{"value": 6.0, "step": null, "ts": 1668461633.7976146}]}, "version": 348}
{"obj": {"type": "LogFloats", "path": ["training", "train_acc_step"], "values": [{"value": 0.71875, "step": null, "ts": 1668461634.144151}]}, "version": 349}
{"obj": {"type": "LogFloats", "path": ["training", "train_loss"], "values": [{"value": 1.4412683248519897, "step": null, "ts": 1668461634.1481571}]}, "version": 350}
{"obj": {"type": "LogFloats", "path": ["training", "epoch"], "values": [{"value": 7.0, "step": null, "ts": 1668461634.1512153}]}, "version": 351}
{"obj": {"type": "LogFloats", "path": ["monitoring", "cpu"], "values": [{"value": 19.0, "step": null, "ts": 1668461634.3234687}]}, "version": 352}
{"obj": {"type": "LogFloats", "path": ["monitoring", "memory"], "values": [{"value": 5.749019622802734, "step": null, "ts": 1668461634.3234687}]}, "version": 353}
{"obj": {"type": "LogFloats", "path": ["monitoring", "gpu_0"], "values": [{"value": 44.0, "step": null, "ts": 1668461634.3234687}]}, "version": 354}
{"obj": {"type": "LogFloats", "path": ["monitoring", "gpu_memory_0"], "values": [{"value": 1.46685791015625, "step": null, "ts": 1668461634.3234687}]}, "version": 355}
{"obj": {"type": "LogFloats", "path": ["monitoring", "gpu_memory_1"], "values": [{"value": 0.232177734375, "step": null, "ts": 1668461634.3234687}]}, "version": 356}
{"obj": {"type": "LogFloats", "path": ["training", "train_acc_step"], "values": [{"value": 0.875, "step": null, "ts": 1668461634.4162676}]}, "version": 357}
{"obj": {"type": "LogFloats", "path": ["training", "train_loss"], "values": [{"value": 1.4498957395553589, "step": null, "ts": 1668461634.4203355}]}, "version": 358}
{"obj": {"type": "LogFloats", "path": ["training", "epoch"], "values": [{"value": 7.0, "step": null, "ts": 1668461634.4234452}]}, "version": 359}
{"obj": {"type": "LogFloats", "path": ["training", "train_acc_step"], "values": [{"value": 0.6875, "step": null, "ts": 1668461634.6857436}]}, "version": 360}
{"obj": {"type": "LogFloats", "path": ["training", "train_loss"], "values": [{"value": 1.457052230834961, "step": null, "ts": 1668461634.6902006}]}, "version": 361}
{"obj": {"type": "LogFloats", "path": ["training", "epoch"], "values": [{"value": 7.0, "step": null, "ts": 1668461634.6938498}]}, "version": 362}
{"obj": {"type": "LogFloats", "path": ["training", "train_acc_step"], "values": [{"value": 0.8125, "step": null, "ts": 1668461634.9567568}]}, "version": 363}
{"obj": {"type": "LogFloats", "path": ["training", "train_loss"], "values": [{"value": 1.446624517440796, "step": null, "ts": 1668461634.960765}]}, "version": 364}
{"obj": {"type": "LogFloats", "path": ["training", "epoch"], "values": [{"value": 7.0, "step": null, "ts": 1668461634.9638057}]}, "version": 365}
{"obj": {"type": "LogFloats", "path": ["training", "train_acc_step"], "values": [{"value": 0.71875, "step": null, "ts": 1668461635.2249427}]}, "version": 366}
{"obj": {"type": "LogFloats", "path": ["training", "train_loss"], "values": [{"value": 1.4544353485107422, "step": null, "ts": 1668461635.2292664}]}, "version": 367}
{"obj": {"type": "LogFloats", "path": ["training", "epoch"], "values": [{"value": 7.0, "step": null, "ts": 1668461635.2323997}]}, "version": 368}
{"obj": {"type": "LogFloats", "path": ["training", "train_acc_step"], "values": [{"value": 0.59375, "step": null, "ts": 1668461635.4944081}]}, "version": 369}
{"obj": {"type": "LogFloats", "path": ["training", "train_loss"], "values": [{"value": 1.478541612625122, "step": null, "ts": 1668461635.4979942}]}, "version": 370}
{"obj": {"type": "LogFloats", "path": ["training", "epoch"], "values": [{"value": 7.0, "step": null, "ts": 1668461635.5011768}]}, "version": 371}
{"obj": {"type": "LogFloats", "path": ["training", "train_acc_step"], "values": [{"value": 0.8125, "step": null, "ts": 1668461635.760756}]}, "version": 372}
{"obj": {"type": "LogFloats", "path": ["training", "train_loss"], "values": [{"value": 1.451038122177124, "step": null, "ts": 1668461635.7645733}]}, "version": 373}
{"obj": {"type": "LogFloats", "path": ["training", "epoch"], "values": [{"value": 7.0, "step": null, "ts": 1668461635.7677143}]}, "version": 374}
{"obj": {"type": "LogFloats", "path": ["training", "train_acc_step"], "values": [{"value": 0.9375, "step": null, "ts": 1668461636.0258698}]}, "version": 375}
{"obj": {"type": "LogFloats", "path": ["training", "train_loss"], "values": [{"value": 1.439774990081787, "step": null, "ts": 1668461636.0299003}]}, "version": 376}
{"obj": {"type": "LogFloats", "path": ["training", "epoch"], "values": [{"value": 7.0, "step": null, "ts": 1668461636.0339513}]}, "version": 377}
{"obj": {"type": "LogFloats", "path": ["training", "train_acc_step"], "values": [{"value": 0.75, "step": null, "ts": 1668461636.2931068}]}, "version": 378}
{"obj": {"type": "LogFloats", "path": ["training", "train_loss"], "values": [{"value": 1.4411277770996094, "step": null, "ts": 1668461636.2976897}]}, "version": 379}
{"obj": {"type": "LogFloats", "path": ["training", "epoch"], "values": [{"value": 7.0, "step": null, "ts": 1668461636.3021789}]}, "version": 380}
{"obj": {"type": "LogStrings", "path": ["monitoring", "stdout"], "values": [{"value": "{'progress_bar': {'val_loss': 1.4678212404251099}, 'log': {'val_loss': 1.4678212404251099}, 'val_loss': 1.4678212404251099}", "step": null, "ts": 1668461637.6458943}]}, "version": 381}
{"obj": {"type": "LogStrings", "path": ["monitoring", "stdout"], "values": [{"value": "\n", "step": null, "ts": 1668461637.6585035}]}, "version": 382}
{"obj": {"type": "LogStrings", "path": ["monitoring", "stdout"], "values": [{"value": "Accuracy: 0.7509749531745911", "step": null, "ts": 1668461637.6709957}]}, "version": 383}
{"obj": {"type": "LogStrings", "path": ["monitoring", "stdout"], "values": [{"value": "\n", "step": null, "ts": 1668461637.683072}]}, "version": 384}
{"obj": {"type": "LogFloats", "path": ["training", "val_loss"], "values": [{"value": 1.4680194854736328, "step": null, "ts": 1668461637.686509}]}, "version": 385}
{"obj": {"type": "LogFloats", "path": ["training", "val_acc_step"], "values": [{"value": 0.7509749531745911, "step": null, "ts": 1668461637.689599}]}, "version": 386}
{"obj": {"type": "LogFloats", "path": ["training", "val_acc_epoch"], "values": [{"value": 0.7509749531745911, "step": null, "ts": 1668461637.6925912}]}, "version": 387}
{"obj": {"type": "LogFloats", "path": ["training", "epoch"], "values": [{"value": 7.0, "step": null, "ts": 1668461637.6955826}]}, "version": 388}
{"obj": {"type": "LogStrings", "path": ["monitoring", "stdout"], "values": [{"value": "Accuracy: 0.7921309471130371", "step": null, "ts": 1668461637.712363}]}, "version": 389}
{"obj": {"type": "LogStrings", "path": ["monitoring", "stdout"], "values": [{"value": "\n", "step": null, "ts": 1668461637.7243962}]}, "version": 390}
{"obj": {"type": "AssignString", "path": ["training", "model", "best_model_path"], "value": "/home/aron/BCM_activity_classification/checkpoints/latest_checkpoint-v8.ckpt"}, "version": 391}
{"obj": {"type": "UploadFile", "path": ["training", "model", "checkpoints", "latest_checkpoint-v8"], "ext": "ckpt", "file_path": "/home/aron/BCM_activity_classification/checkpoints/latest_checkpoint-v8.ckpt"}, "version": 392}
{"obj": {"type": "DeleteAttribute", "path": ["training", "model", "checkpoints", "latest_checkpoint"]}, "version": 393}
{"obj": {"type": "LogFloats", "path": ["training", "train_acc_epoch"], "values": [{"value": 0.7921309471130371, "step": null, "ts": 1668461637.7677705}]}, "version": 394}
{"obj": {"type": "LogFloats", "path": ["training", "epoch"], "values": [{"value": 7.0, "step": null, "ts": 1668461637.770726}]}, "version": 395}
{"obj": {"type": "LogFloats", "path": ["training", "train_acc_step"], "values": [{"value": 0.84375, "step": null, "ts": 1668461638.1273892}]}, "version": 396}
{"obj": {"type": "LogFloats", "path": ["training", "train_loss"], "values": [{"value": 1.4385886192321777, "step": null, "ts": 1668461638.1318638}]}, "version": 397}
{"obj": {"type": "LogFloats", "path": ["training", "epoch"], "values": [{"value": 8.0, "step": null, "ts": 1668461638.1358418}]}, "version": 398}
{"obj": {"type": "LogFloats", "path": ["training", "train_acc_step"], "values": [{"value": 0.90625, "step": null, "ts": 1668461638.3902466}]}, "version": 399}
{"obj": {"type": "LogFloats", "path": ["training", "train_loss"], "values": [{"value": 1.441765308380127, "step": null, "ts": 1668461638.3943567}]}, "version": 400}
{"obj": {"type": "LogFloats", "path": ["training", "epoch"], "values": [{"value": 8.0, "step": null, "ts": 1668461638.398635}]}, "version": 401}
{"obj": {"type": "LogFloats", "path": ["training", "train_acc_step"], "values": [{"value": 0.875, "step": null, "ts": 1668461638.6559103}]}, "version": 402}
{"obj": {"type": "LogFloats", "path": ["training", "train_loss"], "values": [{"value": 1.4484843015670776, "step": null, "ts": 1668461638.6677754}]}, "version": 403}
{"obj": {"type": "LogFloats", "path": ["training", "epoch"], "values": [{"value": 8.0, "step": null, "ts": 1668461638.671284}]}, "version": 404}
{"obj": {"type": "LogFloats", "path": ["training", "train_acc_step"], "values": [{"value": 0.75, "step": null, "ts": 1668461638.9284394}]}, "version": 405}
{"obj": {"type": "LogFloats", "path": ["training", "train_loss"], "values": [{"value": 1.4551787376403809, "step": null, "ts": 1668461638.9328873}]}, "version": 406}
{"obj": {"type": "LogFloats", "path": ["training", "epoch"], "values": [{"value": 8.0, "step": null, "ts": 1668461638.9361577}]}, "version": 407}
{"obj": {"type": "LogFloats", "path": ["training", "train_acc_step"], "values": [{"value": 0.90625, "step": null, "ts": 1668461639.1913261}]}, "version": 408}
{"obj": {"type": "LogFloats", "path": ["training", "train_loss"], "values": [{"value": 1.4579319953918457, "step": null, "ts": 1668461639.1958094}]}, "version": 409}
{"obj": {"type": "LogFloats", "path": ["training", "epoch"], "values": [{"value": 8.0, "step": null, "ts": 1668461639.1998098}]}, "version": 410}
{"obj": {"type": "LogFloats", "path": ["training", "train_acc_step"], "values": [{"value": 0.8125, "step": null, "ts": 1668461639.4564524}]}, "version": 411}
{"obj": {"type": "LogFloats", "path": ["training", "train_loss"], "values": [{"value": 1.4468860626220703, "step": null, "ts": 1668461639.4601653}]}, "version": 412}
{"obj": {"type": "LogFloats", "path": ["training", "epoch"], "values": [{"value": 8.0, "step": null, "ts": 1668461639.4643362}]}, "version": 413}
{"obj": {"type": "LogFloats", "path": ["training", "train_acc_step"], "values": [{"value": 0.90625, "step": null, "ts": 1668461639.7239974}]}, "version": 414}
{"obj": {"type": "LogFloats", "path": ["training", "train_loss"], "values": [{"value": 1.4467395544052124, "step": null, "ts": 1668461639.7276998}]}, "version": 415}
{"obj": {"type": "LogFloats", "path": ["training", "epoch"], "values": [{"value": 8.0, "step": null, "ts": 1668461639.7318606}]}, "version": 416}
{"obj": {"type": "LogFloats", "path": ["training", "train_acc_step"], "values": [{"value": 0.75, "step": null, "ts": 1668461639.9914012}]}, "version": 417}
{"obj": {"type": "LogFloats", "path": ["training", "train_loss"], "values": [{"value": 1.4492554664611816, "step": null, "ts": 1668461639.995784}]}, "version": 418}
{"obj": {"type": "LogFloats", "path": ["training", "epoch"], "values": [{"value": 8.0, "step": null, "ts": 1668461639.9998093}]}, "version": 419}
{"obj": {"type": "LogFloats", "path": ["training", "train_acc_step"], "values": [{"value": 0.78125, "step": null, "ts": 1668461640.2578726}]}, "version": 420}
{"obj": {"type": "LogFloats", "path": ["training", "train_loss"], "values": [{"value": 1.450945258140564, "step": null, "ts": 1668461640.2618325}]}, "version": 421}
{"obj": {"type": "LogFloats", "path": ["training", "epoch"], "values": [{"value": 8.0, "step": null, "ts": 1668461640.2647812}]}, "version": 422}
{"obj": {"type": "LogStrings", "path": ["monitoring", "stdout"], "values": [{"value": "{'progress_bar': {'val_loss': 1.4625804424285889}, 'log': {'val_loss': 1.4625804424285889}, 'val_loss': 1.4625804424285889}", "step": null, "ts": 1668461641.5455632}]}, "version": 423}
{"obj": {"type": "LogStrings", "path": ["monitoring", "stdout"], "values": [{"value": "\n", "step": null, "ts": 1668461641.5578995}]}, "version": 424}
{"obj": {"type": "LogStrings", "path": ["monitoring", "stdout"], "values": [{"value": "Accuracy: 0.7660167217254639", "step": null, "ts": 1668461641.5695243}]}, "version": 425}
{"obj": {"type": "LogStrings", "path": ["monitoring", "stdout"], "values": [{"value": "\n", "step": null, "ts": 1668461641.5811977}]}, "version": 426}
{"obj": {"type": "LogFloats", "path": ["training", "val_loss"], "values": [{"value": 1.4628032445907593, "step": null, "ts": 1668461641.5845118}]}, "version": 427}
{"obj": {"type": "LogFloats", "path": ["training", "val_acc_step"], "values": [{"value": 0.7660167217254639, "step": null, "ts": 1668461641.5874314}]}, "version": 428}
{"obj": {"type": "LogFloats", "path": ["training", "val_acc_epoch"], "values": [{"value": 0.7660167217254639, "step": null, "ts": 1668461641.5902882}]}, "version": 429}
{"obj": {"type": "LogFloats", "path": ["training", "epoch"], "values": [{"value": 8.0, "step": null, "ts": 1668461641.5934455}]}, "version": 430}
{"obj": {"type": "LogStrings", "path": ["monitoring", "stdout"], "values": [{"value": "Accuracy: 0.8011142015457153", "step": null, "ts": 1668461641.6100469}]}, "version": 431}
{"obj": {"type": "LogStrings", "path": ["monitoring", "stdout"], "values": [{"value": "\n", "step": null, "ts": 1668461641.6216497}]}, "version": 432}
{"obj": {"type": "AssignString", "path": ["training", "model", "best_model_path"], "value": "/home/aron/BCM_activity_classification/checkpoints/latest_checkpoint.ckpt"}, "version": 433}
{"obj": {"type": "UploadFile", "path": ["training", "model", "checkpoints", "latest_checkpoint"], "ext": "ckpt", "file_path": "/home/aron/BCM_activity_classification/checkpoints/latest_checkpoint.ckpt"}, "version": 434}
{"obj": {"type": "DeleteAttribute", "path": ["training", "model", "checkpoints", "latest_checkpoint-v8"]}, "version": 435}
{"obj": {"type": "LogFloats", "path": ["training", "train_acc_epoch"], "values": [{"value": 0.8011142015457153, "step": null, "ts": 1668461641.6629355}]}, "version": 436}
{"obj": {"type": "LogFloats", "path": ["training", "epoch"], "values": [{"value": 8.0, "step": null, "ts": 1668461641.6658452}]}, "version": 437}
{"obj": {"type": "LogFloats", "path": ["training", "train_acc_step"], "values": [{"value": 0.78125, "step": null, "ts": 1668461642.0201416}]}, "version": 438}
{"obj": {"type": "LogFloats", "path": ["training", "train_loss"], "values": [{"value": 1.448824405670166, "step": null, "ts": 1668461642.0238867}]}, "version": 439}
{"obj": {"type": "LogFloats", "path": ["training", "epoch"], "values": [{"value": 9.0, "step": null, "ts": 1668461642.0274415}]}, "version": 440}
{"obj": {"type": "LogFloats", "path": ["training", "train_acc_step"], "values": [{"value": 0.71875, "step": null, "ts": 1668461642.3174255}]}, "version": 441}
{"obj": {"type": "LogFloats", "path": ["training", "train_loss"], "values": [{"value": 1.4502429962158203, "step": null, "ts": 1668461642.3211598}]}, "version": 442}
{"obj": {"type": "LogFloats", "path": ["training", "epoch"], "values": [{"value": 9.0, "step": null, "ts": 1668461642.3245018}]}, "version": 443}
{"obj": {"type": "LogFloats", "path": ["training", "train_acc_step"], "values": [{"value": 0.9375, "step": null, "ts": 1668461642.626997}]}, "version": 444}
{"obj": {"type": "LogFloats", "path": ["training", "train_loss"], "values": [{"value": 1.4386451244354248, "step": null, "ts": 1668461642.6314852}]}, "version": 445}
{"obj": {"type": "LogFloats", "path": ["training", "epoch"], "values": [{"value": 9.0, "step": null, "ts": 1668461642.635441}]}, "version": 446}
{"obj": {"type": "LogFloats", "path": ["training", "train_acc_step"], "values": [{"value": 0.78125, "step": null, "ts": 1668461642.928277}]}, "version": 447}
{"obj": {"type": "LogFloats", "path": ["training", "train_loss"], "values": [{"value": 1.4562245607376099, "step": null, "ts": 1668461642.9326649}]}, "version": 448}
{"obj": {"type": "LogFloats", "path": ["training", "epoch"], "values": [{"value": 9.0, "step": null, "ts": 1668461642.9365919}]}, "version": 449}
{"obj": {"type": "LogFloats", "path": ["training", "train_acc_step"], "values": [{"value": 0.9375, "step": null, "ts": 1668461643.2401965}]}, "version": 450}
{"obj": {"type": "LogFloats", "path": ["training", "train_loss"], "values": [{"value": 1.4262628555297852, "step": null, "ts": 1668461643.243764}]}, "version": 451}
{"obj": {"type": "LogFloats", "path": ["training", "epoch"], "values": [{"value": 9.0, "step": null, "ts": 1668461643.2471247}]}, "version": 452}
{"obj": {"type": "LogStrings", "path": ["monitoring", "stderr"], "values": [{"value": "Error occurred during asynchronous operation processing: Cannot upload file /home/aron/BCM_activity_classification/checkpoints/latest_checkpoint-v8.ckpt: Path not found or is a not a file.\n", "step": null, "ts": 1668461643.5207574}]}, "version": 453}
{"obj": {"type": "LogStrings", "path": ["monitoring", "stderr"], "values": [{"value": "Error occurred during asynchronous operation processing: Cannot delete training/model/checkpoints/latest_checkpoint-v8: Attribute does not exist\n", "step": null, "ts": 1668461643.5348914}]}, "version": 454}
{"obj": {"type": "LogFloats", "path": ["training", "train_acc_step"], "values": [{"value": 0.8125, "step": null, "ts": 1668461643.5465844}]}, "version": 455}
{"obj": {"type": "LogFloats", "path": ["training", "train_loss"], "values": [{"value": 1.4503366947174072, "step": null, "ts": 1668461643.5506184}]}, "version": 456}
{"obj": {"type": "LogFloats", "path": ["training", "epoch"], "values": [{"value": 9.0, "step": null, "ts": 1668461643.5542784}]}, "version": 457}
{"obj": {"type": "LogFloats", "path": ["training", "train_acc_step"], "values": [{"value": 0.78125, "step": null, "ts": 1668461643.844479}]}, "version": 458}
{"obj": {"type": "LogFloats", "path": ["training", "train_loss"], "values": [{"value": 1.4400672912597656, "step": null, "ts": 1668461643.8496747}]}, "version": 459}
{"obj": {"type": "LogFloats", "path": ["training", "epoch"], "values": [{"value": 9.0, "step": null, "ts": 1668461643.8538718}]}, "version": 460}
{"obj": {"type": "LogFloats", "path": ["training", "train_acc_step"], "values": [{"value": 0.78125, "step": null, "ts": 1668461644.1487508}]}, "version": 461}
{"obj": {"type": "LogFloats", "path": ["training", "train_loss"], "values": [{"value": 1.4542710781097412, "step": null, "ts": 1668461644.1538174}]}, "version": 462}
{"obj": {"type": "LogFloats", "path": ["training", "epoch"], "values": [{"value": 9.0, "step": null, "ts": 1668461644.1577306}]}, "version": 463}
{"obj": {"type": "LogFloats", "path": ["monitoring", "cpu"], "values": [{"value": 6.8, "step": null, "ts": 1668461644.3435163}]}, "version": 464}
{"obj": {"type": "LogFloats", "path": ["monitoring", "memory"], "values": [{"value": 5.747936248779297, "step": null, "ts": 1668461644.3435163}]}, "version": 465}
{"obj": {"type": "LogFloats", "path": ["monitoring", "gpu_0"], "values": [{"value": 40.0, "step": null, "ts": 1668461644.3435163}]}, "version": 466}
{"obj": {"type": "LogFloats", "path": ["monitoring", "gpu_memory_0"], "values": [{"value": 1.46685791015625, "step": null, "ts": 1668461644.3435163}]}, "version": 467}
{"obj": {"type": "LogFloats", "path": ["monitoring", "gpu_memory_1"], "values": [{"value": 0.232177734375, "step": null, "ts": 1668461644.3435163}]}, "version": 468}
{"obj": {"type": "LogFloats", "path": ["training", "train_acc_step"], "values": [{"value": 0.6875, "step": null, "ts": 1668461644.4537675}]}, "version": 469}
{"obj": {"type": "LogFloats", "path": ["training", "train_loss"], "values": [{"value": 1.4603590965270996, "step": null, "ts": 1668461644.4583998}]}, "version": 470}
{"obj": {"type": "LogFloats", "path": ["training", "epoch"], "values": [{"value": 9.0, "step": null, "ts": 1668461644.4624996}]}, "version": 471}
{"obj": {"type": "LogStrings", "path": ["monitoring", "stdout"], "values": [{"value": "{'progress_bar': {'val_loss': 1.4661588668823242}, 'log': {'val_loss': 1.4661588668823242}, 'val_loss': 1.4661588668823242}", "step": null, "ts": 1668461645.8107893}]}, "version": 472}
{"obj": {"type": "LogStrings", "path": ["monitoring", "stdout"], "values": [{"value": "\n", "step": null, "ts": 1668461645.8232522}]}, "version": 473}
{"obj": {"type": "LogStrings", "path": ["monitoring", "stdout"], "values": [{"value": "Accuracy: 0.7192200422286987", "step": null, "ts": 1668461645.8354821}]}, "version": 474}
{"obj": {"type": "LogStrings", "path": ["monitoring", "stdout"], "values": [{"value": "\n", "step": null, "ts": 1668461645.8473086}]}, "version": 475}
{"obj": {"type": "LogFloats", "path": ["training", "val_loss"], "values": [{"value": 1.4663796424865723, "step": null, "ts": 1668461645.8507133}]}, "version": 476}
{"obj": {"type": "LogFloats", "path": ["training", "val_acc_step"], "values": [{"value": 0.7192200422286987, "step": null, "ts": 1668461645.8537807}]}, "version": 477}
{"obj": {"type": "LogFloats", "path": ["training", "val_acc_epoch"], "values": [{"value": 0.7192200422286987, "step": null, "ts": 1668461645.8566754}]}, "version": 478}
{"obj": {"type": "LogFloats", "path": ["training", "epoch"], "values": [{"value": 9.0, "step": null, "ts": 1668461645.8596368}]}, "version": 479}
{"obj": {"type": "LogStrings", "path": ["monitoring", "stdout"], "values": [{"value": "Accuracy: 0.7989554405212402", "step": null, "ts": 1668461645.8771758}]}, "version": 480}
{"obj": {"type": "LogStrings", "path": ["monitoring", "stdout"], "values": [{"value": "\n", "step": null, "ts": 1668461645.8890731}]}, "version": 481}
{"obj": {"type": "AssignString", "path": ["training", "model", "best_model_path"], "value": "/home/aron/BCM_activity_classification/checkpoints/latest_checkpoint-v8.ckpt"}, "version": 482}
{"obj": {"type": "UploadFile", "path": ["training", "model", "checkpoints", "latest_checkpoint-v8"], "ext": "ckpt", "file_path": "/home/aron/BCM_activity_classification/checkpoints/latest_checkpoint-v8.ckpt"}, "version": 483}
{"obj": {"type": "DeleteAttribute", "path": ["training", "model", "checkpoints", "latest_checkpoint"]}, "version": 484}
{"obj": {"type": "LogFloats", "path": ["training", "train_acc_epoch"], "values": [{"value": 0.7989554405212402, "step": null, "ts": 1668461645.9306238}]}, "version": 485}
{"obj": {"type": "LogFloats", "path": ["training", "epoch"], "values": [{"value": 9.0, "step": null, "ts": 1668461645.9335446}]}, "version": 486}
{"obj": {"type": "AssignString", "path": ["training", "status"], "value": "success"}, "version": 487}
{"obj": {"type": "LogStrings", "path": ["monitoring", "stdout"], "values": [{"value": "checkpoints/latest_checkpoint-v8.ckpt", "step": null, "ts": 1668461646.1130893}]}, "version": 488}
{"obj": {"type": "LogStrings", "path": ["monitoring", "stdout"], "values": [{"value": "\n", "step": null, "ts": 1668461646.130292}]}, "version": 489}
{"obj": {"type": "LogStrings", "path": ["monitoring", "stderr"], "values": [{"value": "/home/aron/.local/lib/python3.9/site-packages/pytorch_lightning/trainer/connectors/checkpoint_connector.py:52: LightningDeprecationWarning: Setting `Trainer(resume_from_checkpoint=)` is deprecated in v1.5 and will be removed in v1.7. Please pass `Trainer.fit(ckpt_path=)` directly instead.\n  rank_zero_deprecation(\n", "step": null, "ts": 1668461646.3484962}]}, "version": 490}
{"obj": {"type": "LogStrings", "path": ["monitoring", "stdout"], "values": [{"value": "_____________________", "step": null, "ts": 1668461646.511053}]}, "version": 491}
{"obj": {"type": "LogStrings", "path": ["monitoring", "stdout"], "values": [{"value": "\n", "step": null, "ts": 1668461646.524474}]}, "version": 492}
{"obj": {"type": "LogStrings", "path": ["monitoring", "stdout"], "values": [{"value": "<class 'list'>", "step": null, "ts": 1668461646.5373979}]}, "version": 493}
{"obj": {"type": "LogStrings", "path": ["monitoring", "stdout"], "values": [{"value": "\n", "step": null, "ts": 1668461646.5495682}]}, "version": 494}
{"obj": {"type": "LogStrings", "path": ["monitoring", "stdout"], "values": [{"value": "_____________________", "step": null, "ts": 1668461646.562554}]}, "version": 495}
{"obj": {"type": "LogStrings", "path": ["monitoring", "stdout"], "values": [{"value": "\n", "step": null, "ts": 1668461646.574527}]}, "version": 496}
{"obj": {"type": "LogStrings", "path": ["monitoring", "stdout"], "values": [{"value": "Validation set", "step": null, "ts": 1668461646.5867572}]}, "version": 497}
{"obj": {"type": "LogStrings", "path": ["monitoring", "stdout"], "values": [{"value": "\n", "step": null, "ts": 1668461646.5986092}]}, "version": 498}
{"obj": {"type": "LogStrings", "path": ["monitoring", "stdout"], "values": [{"value": "bcm_behaviour_data_multi_subject/subject3/2022-11-09_16-26-13/0.npy", "step": null, "ts": 1668461646.6123607}]}, "version": 499}
{"obj": {"type": "LogStrings", "path": ["monitoring", "stdout"], "values": [{"value": "\n", "step": null, "ts": 1668461646.6243765}]}, "version": 500}
{"obj": {"type": "LogStrings", "path": ["monitoring", "stdout"], "values": [{"value": "bcm_behaviour_data_multi_subject/subject3/2022-11-09_16-26-13/1.npy", "step": null, "ts": 1668461646.6381392}]}, "version": 501}
{"obj": {"type": "LogStrings", "path": ["monitoring", "stdout"], "values": [{"value": "\n", "step": null, "ts": 1668461646.6504848}]}, "version": 502}
{"obj": {"type": "LogStrings", "path": ["monitoring", "stdout"], "values": [{"value": "bcm_behaviour_data_multi_subject/subject3/2022-11-09_16-26-13/2.npy", "step": null, "ts": 1668461646.6633737}]}, "version": 503}
{"obj": {"type": "LogStrings", "path": ["monitoring", "stdout"], "values": [{"value": "\n", "step": null, "ts": 1668461646.675478}]}, "version": 504}
{"obj": {"type": "LogStrings", "path": ["monitoring", "stdout"], "values": [{"value": "bcm_behaviour_data_multi_subject/subject3/2022-11-09_16-26-13/3.npy", "step": null, "ts": 1668461646.688793}]}, "version": 505}
{"obj": {"type": "LogStrings", "path": ["monitoring", "stdout"], "values": [{"value": "\n", "step": null, "ts": 1668461646.7007825}]}, "version": 506}
{"obj": {"type": "LogStrings", "path": ["monitoring", "stdout"], "values": [{"value": "bcm_behaviour_data_multi_subject/subject3/2022-11-09_16-26-13/4.npy", "step": null, "ts": 1668461646.7135248}]}, "version": 507}
{"obj": {"type": "LogStrings", "path": ["monitoring", "stdout"], "values": [{"value": "\n", "step": null, "ts": 1668461646.7254796}]}, "version": 508}
{"obj": {"type": "LogStrings", "path": ["monitoring", "stdout"], "values": [{"value": "Training set", "step": null, "ts": 1668461646.7374103}]}, "version": 509}
{"obj": {"type": "LogStrings", "path": ["monitoring", "stdout"], "values": [{"value": "\n", "step": null, "ts": 1668461646.7493384}]}, "version": 510}
{"obj": {"type": "LogStrings", "path": ["monitoring", "stdout"], "values": [{"value": "bcm_behaviour_data_multi_subject/subject3/2022-11-09_16-26-13/0.npy", "step": null, "ts": 1668461646.7631907}]}, "version": 511}
{"obj": {"type": "LogStrings", "path": ["monitoring", "stdout"], "values": [{"value": "\n", "step": null, "ts": 1668461646.7755005}]}, "version": 512}
{"obj": {"type": "LogStrings", "path": ["monitoring", "stdout"], "values": [{"value": "bcm_behaviour_data_multi_subject/subject3/2022-11-09_16-26-13/1.npy", "step": null, "ts": 1668461646.7885075}]}, "version": 513}
{"obj": {"type": "LogStrings", "path": ["monitoring", "stdout"], "values": [{"value": "\n", "step": null, "ts": 1668461646.8011248}]}, "version": 514}
{"obj": {"type": "LogStrings", "path": ["monitoring", "stdout"], "values": [{"value": "bcm_behaviour_data_multi_subject/subject3/2022-11-09_16-26-13/2.npy", "step": null, "ts": 1668461646.8140523}]}, "version": 515}
{"obj": {"type": "LogStrings", "path": ["monitoring", "stdout"], "values": [{"value": "\n", "step": null, "ts": 1668461646.8260612}]}, "version": 516}
{"obj": {"type": "LogStrings", "path": ["monitoring", "stdout"], "values": [{"value": "bcm_behaviour_data_multi_subject/subject3/2022-11-09_16-26-13/3.npy", "step": null, "ts": 1668461646.8389468}]}, "version": 517}
{"obj": {"type": "LogStrings", "path": ["monitoring", "stdout"], "values": [{"value": "\n", "step": null, "ts": 1668461646.851252}]}, "version": 518}
{"obj": {"type": "LogStrings", "path": ["monitoring", "stdout"], "values": [{"value": "bcm_behaviour_data_multi_subject/subject3/2022-11-09_16-26-13/4.npy", "step": null, "ts": 1668461646.8638484}]}, "version": 519}
{"obj": {"type": "LogStrings", "path": ["monitoring", "stdout"], "values": [{"value": "\n", "step": null, "ts": 1668461646.8755214}]}, "version": 520}
{"obj": {"type": "LogStrings", "path": ["monitoring", "stderr"], "values": [{"value": "/home/aron/.local/lib/python3.9/site-packages/pytorch_lightning/callbacks/model_checkpoint.py:616: UserWarning: Checkpoint directory /home/aron/BCM_activity_classification/checkpoints exists and is not empty.\n  rank_zero_warn(f\"Checkpoint directory {dirpath} exists and is not empty.\")\n", "step": null, "ts": 1668461646.889243}]}, "version": 521}
{"obj": {"type": "LogStrings", "path": ["metadata", "file_path"], "values": [{"value": "['bcm_behaviour_data_multi_subject/subject1/2022-09-20_15-38-11', 'bcm_behaviour_data_multi_subject/subject1/2022-09-20_14-58-39', 'bcm_behaviour_data_multi_subject/subject1/2022-09-20_15-18-27', 'bcm_behaviour_data_multi_subject/subject1/2022-09-20_15-57-37', 'bcm_behaviour_data_multi_subject/subject2/2022-11-09_14-34-16', 'bcm_behaviour_data_multi_subject/subject2/2022-11-09_14-52-7', 'bcm_behaviour_data_multi_subject/subject2/2022-11-09_14-15-6', 'bcm_behaviour_data_multi_subject/subject2/2022-11-09_13-56-0']", "step": null, "ts": 1668461646.959045}, {"value": "['bcm_behaviour_data_multi_subject/subject3/2022-11-09_15-47-1'\n 'bcm_behaviour_data_multi_subject/subject3/2022-11-09_15-27-14'\n 'bcm_behaviour_data_multi_subject/subject3/2022-11-09_16-7-9']", "step": null, "ts": 1668461646.959045}, {"value": "['bcm_behaviour_data_multi_subject/subject3/2022-11-09_16-26-13']", "step": null, "ts": 1668461646.959045}]}, "version": 522}
{"obj": {"type": "LogFloats", "path": ["metadata", "window_size"], "values": [{"value": 3.0, "step": null, "ts": 1668461646.9640331}]}, "version": 523}
{"obj": {"type": "LogFloats", "path": ["metadata", "stride"], "values": [{"value": 1.0, "step": null, "ts": 1668461646.968227}]}, "version": 524}
{"obj": {"type": "LogFloats", "path": ["metadata", "MFCC_stride"], "values": [{"value": 0.032, "step": null, "ts": 1668461646.9718537}]}, "version": 525}
{"obj": {"type": "LogFloats", "path": ["metadata", "mfccs_pr_window"], "values": [{"value": 93.0, "step": null, "ts": 1668461646.97498}]}, "version": 526}
{"obj": {"type": "LogFloats", "path": ["metadata", "lr"], "values": [{"value": 0.001, "step": null, "ts": 1668461646.9780025}]}, "version": 527}
{"obj": {"type": "LogFloats", "path": ["metadata", "batch_size"], "values": [{"value": 32.0, "step": null, "ts": 1668461646.9810007}]}, "version": 528}
{"obj": {"type": "LogFloats", "path": ["metadata", "lstm_layers"], "values": [{"value": 1.0, "step": null, "ts": 1668461646.9841955}]}, "version": 529}
{"obj": {"type": "LogFloats", "path": ["metadata", "lstm_hidden_size"], "values": [{"value": 128.0, "step": null, "ts": 1668461646.9872177}]}, "version": 530}
{"obj": {"type": "LogFloats", "path": ["metadata", "weight_decay"], "values": [{"value": 0.0, "step": null, "ts": 1668461646.9901118}]}, "version": 531}
{"obj": {"type": "LogFloats", "path": ["metadata", "occlusion"], "values": [{"value": 0.0, "step": null, "ts": 1668461646.9929402}]}, "version": 532}
{"obj": {"type": "LogFloats", "path": ["metadata", "seed"], "values": [{"value": 100.0, "step": null, "ts": 1668461646.995893}]}, "version": 533}
{"obj": {"type": "LogFloats", "path": ["metadata", "train_set_length"], "values": [{"value": 14360.0, "step": null, "ts": 1668461646.998717}]}, "version": 534}
{"obj": {"type": "LogFloats", "path": ["metadata", "val_set_length"], "values": [{"value": 5385.0, "step": null, "ts": 1668461647.0008645}]}, "version": 535}
{"obj": {"type": "LogStrings", "path": ["monitoring", "stdout"], "values": [{"value": "{'progress_bar': {'val_loss': 1.4960839748382568}, 'log': {'val_loss': 1.4960839748382568}, 'val_loss': 1.4960839748382568}", "step": null, "ts": 1668461647.2745056}]}, "version": 536}
{"obj": {"type": "LogStrings", "path": ["monitoring", "stdout"], "values": [{"value": "\n", "step": null, "ts": 1668461647.2870405}]}, "version": 537}
{"obj": {"type": "LogStrings", "path": ["monitoring", "stdout"], "values": [{"value": "Accuracy: 0.0", "step": null, "ts": 1668461647.2990804}]}, "version": 538}
{"obj": {"type": "LogStrings", "path": ["monitoring", "stdout"], "values": [{"value": "\n", "step": null, "ts": 1668461647.3071787}]}, "version": 539}
{"obj": {"type": "AssignString", "path": ["training", "status"], "value": "success"}, "version": 540}
{"obj": {"type": "LogStrings", "path": ["monitoring", "stdout"], "values": [{"value": "Shutting down background jobs, please wait a moment...\n", "step": null, "ts": 1668461647.4012232}]}, "version": 541}
