{"obj": {"type": "AssignString", "path": ["sys", "name"], "value": "Untitled"}, "version": 1}
{"obj": {"type": "AssignString", "path": ["sys", "description"], "value": ""}, "version": 2}
{"obj": {"type": "AssignString", "path": ["sys", "hostname"], "value": "node6"}, "version": 3}
{"obj": {"type": "AssignBool", "path": ["sys", "failed"], "value": false}, "version": 4}
{"obj": {"type": "ClearStringLog", "path": ["monitoring", "stdout"]}, "version": 5}
{"obj": {"type": "ClearStringLog", "path": ["monitoring", "stderr"]}, "version": 6}
{"obj": {"type": "UploadFileSet", "path": ["source_code", "files"], "file_globs": ["/home/aron/BCM_activity_classification/train_model.ipynb", "/home/aron/BCM_activity_classification/model.py", "/home/aron/BCM_activity_classification/BCM_dataset_v2.py"], "reset": "False"}, "version": 7}
{"obj": {"type": "ConfigFloatSeries", "path": ["monitoring", "cpu"], "min": 0.0, "max": 100.0, "unit": "%"}, "version": 8}
{"obj": {"type": "ClearFloatLog", "path": ["monitoring", "cpu"]}, "version": 9}
{"obj": {"type": "ConfigFloatSeries", "path": ["monitoring", "memory"], "min": 0.0, "max": 62.711673736572266, "unit": "GB"}, "version": 10}
{"obj": {"type": "ClearFloatLog", "path": ["monitoring", "memory"]}, "version": 11}
{"obj": {"type": "ConfigFloatSeries", "path": ["monitoring", "gpu_0"], "min": 0.0, "max": 100.0, "unit": "%"}, "version": 12}
{"obj": {"type": "ClearFloatLog", "path": ["monitoring", "gpu_0"]}, "version": 13}
{"obj": {"type": "ConfigFloatSeries", "path": ["monitoring", "gpu_1"], "min": 0.0, "max": 100.0, "unit": "%"}, "version": 14}
{"obj": {"type": "ClearFloatLog", "path": ["monitoring", "gpu_1"]}, "version": 15}
{"obj": {"type": "ConfigFloatSeries", "path": ["monitoring", "gpu_memory_0"], "min": 0.0, "max": 12.0, "unit": "GB"}, "version": 16}
{"obj": {"type": "ClearFloatLog", "path": ["monitoring", "gpu_memory_0"]}, "version": 17}
{"obj": {"type": "ConfigFloatSeries", "path": ["monitoring", "gpu_memory_1"], "min": 0.0, "max": 12.0, "unit": "GB"}, "version": 18}
{"obj": {"type": "ClearFloatLog", "path": ["monitoring", "gpu_memory_1"]}, "version": 19}
{"obj": {"type": "LogStrings", "path": ["monitoring", "stdout"], "values": [{"value": "", "step": null, "ts": 1668463167.3243978}]}, "version": 20}
{"obj": {"type": "LogFloats", "path": ["monitoring", "cpu"], "values": [{"value": 8.8, "step": null, "ts": 1668463167.3221655}]}, "version": 21}
{"obj": {"type": "LogStrings", "path": ["monitoring", "stdout"], "values": [{"value": "Remember to stop your run once you\u2019ve finished logging your metadata (https://docs.neptune.ai/api-reference/run#.stop). It will be stopped automatically only when the notebook kernel/interactive console is terminated.\n", "step": null, "ts": 1668463167.349616}]}, "version": 22}
{"obj": {"type": "LogFloats", "path": ["monitoring", "memory"], "values": [{"value": 5.538234710693359, "step": null, "ts": 1668463167.3221655}]}, "version": 23}
{"obj": {"type": "LogFloats", "path": ["monitoring", "gpu_memory_0"], "values": [{"value": 1.33013916015625, "step": null, "ts": 1668463167.3221655}]}, "version": 24}
{"obj": {"type": "LogFloats", "path": ["monitoring", "gpu_memory_1"], "values": [{"value": 0.232177734375, "step": null, "ts": 1668463167.3221655}]}, "version": 25}
{"obj": {"type": "AssignString", "path": ["source_code", "integrations", "pytorch-lightning"], "value": "1.7.5"}, "version": 26}
{"obj": {"type": "LogStrings", "path": ["metadata", "file_path"], "values": [{"value": "['bcm_behaviour_data_multi_subject/subject3/2022-11-09_15-47-1', 'bcm_behaviour_data_multi_subject/subject3/2022-11-09_16-26-13', 'bcm_behaviour_data_multi_subject/subject3/2022-11-09_15-27-14', 'bcm_behaviour_data_multi_subject/subject3/2022-11-09_16-7-9', 'bcm_behaviour_data_multi_subject/subject1/2022-09-20_15-38-11', 'bcm_behaviour_data_multi_subject/subject1/2022-09-20_14-58-39', 'bcm_behaviour_data_multi_subject/subject1/2022-09-20_15-18-27', 'bcm_behaviour_data_multi_subject/subject1/2022-09-20_15-57-37']", "step": null, "ts": 1668463168.0025616}, {"value": "['bcm_behaviour_data_multi_subject/subject2/2022-11-09_14-34-16'\n 'bcm_behaviour_data_multi_subject/subject2/2022-11-09_14-52-7'\n 'bcm_behaviour_data_multi_subject/subject2/2022-11-09_13-56-0']", "step": null, "ts": 1668463168.0025616}, {"value": "['bcm_behaviour_data_multi_subject/subject2/2022-11-09_14-15-6']", "step": null, "ts": 1668463168.0025616}]}, "version": 27}
{"obj": {"type": "LogFloats", "path": ["metadata", "window_size"], "values": [{"value": 3.0, "step": null, "ts": 1668463168.0064468}]}, "version": 28}
{"obj": {"type": "LogFloats", "path": ["metadata", "stride"], "values": [{"value": 1.0, "step": null, "ts": 1668463168.010352}]}, "version": 29}
{"obj": {"type": "LogFloats", "path": ["metadata", "MFCC_stride"], "values": [{"value": 0.032, "step": null, "ts": 1668463168.0139465}]}, "version": 30}
{"obj": {"type": "LogFloats", "path": ["metadata", "mfccs_pr_window"], "values": [{"value": 93.0, "step": null, "ts": 1668463168.0174768}]}, "version": 31}
{"obj": {"type": "LogFloats", "path": ["metadata", "lr"], "values": [{"value": 0.001, "step": null, "ts": 1668463168.0205877}]}, "version": 32}
{"obj": {"type": "LogFloats", "path": ["metadata", "batch_size"], "values": [{"value": 32.0, "step": null, "ts": 1668463168.0234408}]}, "version": 33}
{"obj": {"type": "LogFloats", "path": ["metadata", "lstm_layers"], "values": [{"value": 1.0, "step": null, "ts": 1668463168.0263495}]}, "version": 34}
{"obj": {"type": "LogFloats", "path": ["metadata", "lstm_hidden_size"], "values": [{"value": 128.0, "step": null, "ts": 1668463168.0291252}]}, "version": 35}
{"obj": {"type": "LogFloats", "path": ["metadata", "weight_decay"], "values": [{"value": 0.0, "step": null, "ts": 1668463168.0317674}]}, "version": 36}
{"obj": {"type": "LogFloats", "path": ["metadata", "occlusion"], "values": [{"value": 0.0, "step": null, "ts": 1668463168.0344236}]}, "version": 37}
{"obj": {"type": "LogFloats", "path": ["metadata", "seed"], "values": [{"value": 100.0, "step": null, "ts": 1668463168.0368884}]}, "version": 38}
{"obj": {"type": "LogFloats", "path": ["metadata", "train_set_length"], "values": [{"value": 14360.0, "step": null, "ts": 1668463168.0394251}]}, "version": 39}
{"obj": {"type": "LogFloats", "path": ["metadata", "val_set_length"], "values": [{"value": 5385.0, "step": null, "ts": 1668463168.041882}]}, "version": 40}
{"obj": {"type": "LogStrings", "path": ["monitoring", "stderr"], "values": [{"value": "/home/aron/.local/lib/python3.9/site-packages/pytorch_lightning/core/module.py:555: UserWarning: To copy construct from a tensor, it is recommended to use sourceTensor.clone().detach() or sourceTensor.clone().detach().requires_grad_(True), rather than torch.tensor(sourceTensor).\n  value = torch.tensor(value, device=self.device)\n", "step": null, "ts": 1668463168.3067064}]}, "version": 41}
{"obj": {"type": "LogStrings", "path": ["monitoring", "stdout"], "values": [{"value": "{'progress_bar': {'val_loss': 1.609891653060913}, 'log': {'val_loss': 1.609891653060913}, 'val_loss': 1.609891653060913}", "step": null, "ts": 1668463168.3187258}]}, "version": 42}
{"obj": {"type": "LogStrings", "path": ["monitoring", "stdout"], "values": [{"value": "\n", "step": null, "ts": 1668463168.3212519}]}, "version": 43}
{"obj": {"type": "LogStrings", "path": ["monitoring", "stdout"], "values": [{"value": "Accuracy: 0.0", "step": null, "ts": 1668463168.3240697}]}, "version": 44}
{"obj": {"type": "LogStrings", "path": ["monitoring", "stdout"], "values": [{"value": "\n", "step": null, "ts": 1668463168.3264008}]}, "version": 45}
{"obj": {"type": "LogFloats", "path": ["training", "train_acc_step"], "values": [{"value": 0.78125, "step": null, "ts": 1668463168.8394928}]}, "version": 46}
{"obj": {"type": "LogFloats", "path": ["training", "train_loss"], "values": [{"value": 1.471360445022583, "step": null, "ts": 1668463168.8425446}]}, "version": 47}
{"obj": {"type": "LogFloats", "path": ["training", "epoch"], "values": [{"value": 0.0, "step": null, "ts": 1668463168.8452477}]}, "version": 48}
{"obj": {"type": "LogFloats", "path": ["training", "train_acc_step"], "values": [{"value": 0.65625, "step": null, "ts": 1668463169.115351}]}, "version": 49}
{"obj": {"type": "LogFloats", "path": ["training", "train_loss"], "values": [{"value": 1.4720518589019775, "step": null, "ts": 1668463169.1184995}]}, "version": 50}
{"obj": {"type": "LogFloats", "path": ["training", "epoch"], "values": [{"value": 0.0, "step": null, "ts": 1668463169.1212304}]}, "version": 51}
{"obj": {"type": "LogFloats", "path": ["training", "train_acc_step"], "values": [{"value": 0.75, "step": null, "ts": 1668463169.3931005}]}, "version": 52}
{"obj": {"type": "LogFloats", "path": ["training", "train_loss"], "values": [{"value": 1.4578981399536133, "step": null, "ts": 1668463169.3960066}]}, "version": 53}
{"obj": {"type": "LogFloats", "path": ["training", "epoch"], "values": [{"value": 0.0, "step": null, "ts": 1668463169.398762}]}, "version": 54}
{"obj": {"type": "LogFloats", "path": ["training", "train_acc_step"], "values": [{"value": 0.78125, "step": null, "ts": 1668463169.678925}]}, "version": 55}
{"obj": {"type": "LogFloats", "path": ["training", "train_loss"], "values": [{"value": 1.4644670486450195, "step": null, "ts": 1668463169.6824024}]}, "version": 56}
{"obj": {"type": "LogFloats", "path": ["training", "epoch"], "values": [{"value": 0.0, "step": null, "ts": 1668463169.6853006}]}, "version": 57}
{"obj": {"type": "LogFloats", "path": ["training", "train_acc_step"], "values": [{"value": 0.875, "step": null, "ts": 1668463169.9644969}]}, "version": 58}
{"obj": {"type": "LogFloats", "path": ["training", "train_loss"], "values": [{"value": 1.4545807838439941, "step": null, "ts": 1668463169.967378}]}, "version": 59}
{"obj": {"type": "LogFloats", "path": ["training", "epoch"], "values": [{"value": 0.0, "step": null, "ts": 1668463169.9698665}]}, "version": 60}
{"obj": {"type": "LogFloats", "path": ["training", "train_acc_step"], "values": [{"value": 0.90625, "step": null, "ts": 1668463170.242783}]}, "version": 61}
{"obj": {"type": "LogFloats", "path": ["training", "train_loss"], "values": [{"value": 1.4545884132385254, "step": null, "ts": 1668463170.2460232}]}, "version": 62}
{"obj": {"type": "LogFloats", "path": ["training", "epoch"], "values": [{"value": 0.0, "step": null, "ts": 1668463170.2488198}]}, "version": 63}
{"obj": {"type": "LogFloats", "path": ["training", "train_acc_step"], "values": [{"value": 0.90625, "step": null, "ts": 1668463170.5149856}]}, "version": 64}
{"obj": {"type": "LogFloats", "path": ["training", "train_loss"], "values": [{"value": 1.4399528503417969, "step": null, "ts": 1668463170.5178587}]}, "version": 65}
{"obj": {"type": "LogFloats", "path": ["training", "epoch"], "values": [{"value": 0.0, "step": null, "ts": 1668463170.520442}]}, "version": 66}
{"obj": {"type": "LogFloats", "path": ["training", "train_acc_step"], "values": [{"value": 0.78125, "step": null, "ts": 1668463170.78766}]}, "version": 67}
{"obj": {"type": "LogFloats", "path": ["training", "train_loss"], "values": [{"value": 1.46309494972229, "step": null, "ts": 1668463170.7910802}]}, "version": 68}
{"obj": {"type": "LogFloats", "path": ["training", "epoch"], "values": [{"value": 0.0, "step": null, "ts": 1668463170.794162}]}, "version": 69}
{"obj": {"type": "LogStrings", "path": ["monitoring", "stdout"], "values": [{"value": "{'progress_bar': {'val_loss': 1.4781984090805054}, 'log': {'val_loss': 1.4781984090805054}, 'val_loss': 1.4781984090805054}", "step": null, "ts": 1668463172.1652303}]}, "version": 70}
{"obj": {"type": "LogStrings", "path": ["monitoring", "stdout"], "values": [{"value": "\n", "step": null, "ts": 1668463172.1685407}]}, "version": 71}
{"obj": {"type": "LogStrings", "path": ["monitoring", "stdout"], "values": [{"value": "Accuracy: 0.7091922163963318", "step": null, "ts": 1668463172.1712203}]}, "version": 72}
{"obj": {"type": "LogStrings", "path": ["monitoring", "stdout"], "values": [{"value": "\n", "step": null, "ts": 1668463172.1733682}]}, "version": 73}
{"obj": {"type": "LogFloats", "path": ["training", "val_loss"], "values": [{"value": 1.478291392326355, "step": null, "ts": 1668463172.1756666}]}, "version": 74}
{"obj": {"type": "LogFloats", "path": ["training", "val_acc_step"], "values": [{"value": 0.7091922163963318, "step": null, "ts": 1668463172.17756}]}, "version": 75}
{"obj": {"type": "LogFloats", "path": ["training", "val_acc_epoch"], "values": [{"value": 0.7091922163963318, "step": null, "ts": 1668463172.1793654}]}, "version": 76}
{"obj": {"type": "LogFloats", "path": ["training", "epoch"], "values": [{"value": 0.0, "step": null, "ts": 1668463172.1811678}]}, "version": 77}
{"obj": {"type": "LogStrings", "path": ["monitoring", "stdout"], "values": [{"value": "Accuracy: 0.7700557112693787", "step": null, "ts": 1668463172.187615}]}, "version": 78}
{"obj": {"type": "LogStrings", "path": ["monitoring", "stdout"], "values": [{"value": "\n", "step": null, "ts": 1668463172.1894612}]}, "version": 79}
{"obj": {"type": "AssignString", "path": ["training", "model", "best_model_path"], "value": "/home/aron/BCM_activity_classification/checkpoints/latest_checkpoint-v10.ckpt"}, "version": 80}
{"obj": {"type": "UploadFile", "path": ["training", "model", "checkpoints", "latest_checkpoint-v10"], "ext": "ckpt", "file_path": "/home/aron/BCM_activity_classification/checkpoints/latest_checkpoint-v10.ckpt"}, "version": 81}
{"obj": {"type": "LogFloats", "path": ["training", "train_acc_epoch"], "values": [{"value": 0.7700557112693787, "step": null, "ts": 1668463172.2203174}]}, "version": 82}
{"obj": {"type": "LogFloats", "path": ["training", "epoch"], "values": [{"value": 0.0, "step": null, "ts": 1668463172.2226644}]}, "version": 83}
{"obj": {"type": "LogFloats", "path": ["training", "train_acc_step"], "values": [{"value": 0.6875, "step": null, "ts": 1668463172.5564833}]}, "version": 84}
{"obj": {"type": "LogFloats", "path": ["training", "train_loss"], "values": [{"value": 1.4669344425201416, "step": null, "ts": 1668463172.5593538}]}, "version": 85}
{"obj": {"type": "LogFloats", "path": ["training", "epoch"], "values": [{"value": 1.0, "step": null, "ts": 1668463172.5617776}]}, "version": 86}
{"obj": {"type": "LogFloats", "path": ["training", "train_acc_step"], "values": [{"value": 0.6875, "step": null, "ts": 1668463172.8213947}]}, "version": 87}
{"obj": {"type": "LogFloats", "path": ["training", "train_loss"], "values": [{"value": 1.4724832773208618, "step": null, "ts": 1668463172.8243487}]}, "version": 88}
{"obj": {"type": "LogFloats", "path": ["training", "epoch"], "values": [{"value": 1.0, "step": null, "ts": 1668463172.82715}]}, "version": 89}
{"obj": {"type": "LogFloats", "path": ["training", "train_acc_step"], "values": [{"value": 0.53125, "step": null, "ts": 1668463173.094636}]}, "version": 90}
{"obj": {"type": "LogFloats", "path": ["training", "train_loss"], "values": [{"value": 1.4621474742889404, "step": null, "ts": 1668463173.1006324}]}, "version": 91}
{"obj": {"type": "LogFloats", "path": ["training", "epoch"], "values": [{"value": 1.0, "step": null, "ts": 1668463173.1036754}]}, "version": 92}
{"obj": {"type": "LogFloats", "path": ["training", "train_acc_step"], "values": [{"value": 0.8125, "step": null, "ts": 1668463173.3661501}]}, "version": 93}
{"obj": {"type": "LogFloats", "path": ["training", "train_loss"], "values": [{"value": 1.4504477977752686, "step": null, "ts": 1668463173.371763}]}, "version": 94}
{"obj": {"type": "LogFloats", "path": ["training", "epoch"], "values": [{"value": 1.0, "step": null, "ts": 1668463173.374048}]}, "version": 95}
{"obj": {"type": "LogFloats", "path": ["training", "train_acc_step"], "values": [{"value": 0.71875, "step": null, "ts": 1668463173.6335437}]}, "version": 96}
{"obj": {"type": "LogFloats", "path": ["training", "train_loss"], "values": [{"value": 1.4492141008377075, "step": null, "ts": 1668463173.6366572}]}, "version": 97}
{"obj": {"type": "LogFloats", "path": ["training", "epoch"], "values": [{"value": 1.0, "step": null, "ts": 1668463173.639046}]}, "version": 98}
{"obj": {"type": "LogFloats", "path": ["training", "train_acc_step"], "values": [{"value": 0.71875, "step": null, "ts": 1668463173.8971004}]}, "version": 99}
{"obj": {"type": "LogFloats", "path": ["training", "train_loss"], "values": [{"value": 1.4481439590454102, "step": null, "ts": 1668463173.8995476}]}, "version": 100}
{"obj": {"type": "LogFloats", "path": ["training", "epoch"], "values": [{"value": 1.0, "step": null, "ts": 1668463173.901756}]}, "version": 101}
{"obj": {"type": "LogFloats", "path": ["training", "train_acc_step"], "values": [{"value": 0.875, "step": null, "ts": 1668463174.1601133}]}, "version": 102}
{"obj": {"type": "LogFloats", "path": ["training", "train_loss"], "values": [{"value": 1.4366081953048706, "step": null, "ts": 1668463174.1625206}]}, "version": 103}
{"obj": {"type": "LogFloats", "path": ["training", "epoch"], "values": [{"value": 1.0, "step": null, "ts": 1668463174.1645749}]}, "version": 104}
{"obj": {"type": "LogFloats", "path": ["training", "train_acc_step"], "values": [{"value": 0.875, "step": null, "ts": 1668463174.423093}]}, "version": 105}
{"obj": {"type": "LogFloats", "path": ["training", "train_loss"], "values": [{"value": 1.4412938356399536, "step": null, "ts": 1668463174.4258235}]}, "version": 106}
{"obj": {"type": "LogFloats", "path": ["training", "epoch"], "values": [{"value": 1.0, "step": null, "ts": 1668463174.4284277}]}, "version": 107}
{"obj": {"type": "LogFloats", "path": ["training", "train_acc_step"], "values": [{"value": 0.6875, "step": null, "ts": 1668463174.686517}]}, "version": 108}
{"obj": {"type": "LogFloats", "path": ["training", "train_loss"], "values": [{"value": 1.465539574623108, "step": null, "ts": 1668463174.6895037}]}, "version": 109}
{"obj": {"type": "LogFloats", "path": ["training", "epoch"], "values": [{"value": 1.0, "step": null, "ts": 1668463174.6922765}]}, "version": 110}
{"obj": {"type": "LogStrings", "path": ["monitoring", "stdout"], "values": [{"value": "{'progress_bar': {'val_loss': 1.4895739555358887}, 'log': {'val_loss': 1.4895739555358887}, 'val_loss': 1.4895739555358887}", "step": null, "ts": 1668463176.0397644}]}, "version": 111}
{"obj": {"type": "LogStrings", "path": ["monitoring", "stdout"], "values": [{"value": "\n", "step": null, "ts": 1668463176.0426424}]}, "version": 112}
{"obj": {"type": "LogStrings", "path": ["monitoring", "stdout"], "values": [{"value": "Accuracy: 0.6625812649726868", "step": null, "ts": 1668463176.0455937}]}, "version": 113}
{"obj": {"type": "LogStrings", "path": ["monitoring", "stdout"], "values": [{"value": "\n", "step": null, "ts": 1668463176.0482187}]}, "version": 114}
{"obj": {"type": "LogFloats", "path": ["training", "val_loss"], "values": [{"value": 1.4897880554199219, "step": null, "ts": 1668463176.0514984}]}, "version": 115}
{"obj": {"type": "LogFloats", "path": ["training", "val_acc_step"], "values": [{"value": 0.6625812649726868, "step": null, "ts": 1668463176.0542397}]}, "version": 116}
{"obj": {"type": "LogFloats", "path": ["training", "val_acc_epoch"], "values": [{"value": 0.6625812649726868, "step": null, "ts": 1668463176.0568254}]}, "version": 117}
{"obj": {"type": "LogFloats", "path": ["training", "epoch"], "values": [{"value": 1.0, "step": null, "ts": 1668463176.0594943}]}, "version": 118}
{"obj": {"type": "LogStrings", "path": ["monitoring", "stdout"], "values": [{"value": "Accuracy: 0.7770195007324219", "step": null, "ts": 1668463176.066003}]}, "version": 119}
{"obj": {"type": "LogStrings", "path": ["monitoring", "stdout"], "values": [{"value": "\n", "step": null, "ts": 1668463176.0690246}]}, "version": 120}
{"obj": {"type": "AssignString", "path": ["training", "model", "best_model_path"], "value": "/home/aron/BCM_activity_classification/checkpoints/latest_checkpoint-v11.ckpt"}, "version": 121}
{"obj": {"type": "UploadFile", "path": ["training", "model", "checkpoints", "latest_checkpoint-v11"], "ext": "ckpt", "file_path": "/home/aron/BCM_activity_classification/checkpoints/latest_checkpoint-v11.ckpt"}, "version": 122}
{"obj": {"type": "DeleteAttribute", "path": ["training", "model", "checkpoints", "latest_checkpoint-v10"]}, "version": 123}
{"obj": {"type": "LogFloats", "path": ["training", "train_acc_epoch"], "values": [{"value": 0.7770195007324219, "step": null, "ts": 1668463176.110979}]}, "version": 124}
{"obj": {"type": "LogFloats", "path": ["training", "epoch"], "values": [{"value": 1.0, "step": null, "ts": 1668463176.1135404}]}, "version": 125}
{"obj": {"type": "LogFloats", "path": ["training", "train_acc_step"], "values": [{"value": 0.8125, "step": null, "ts": 1668463176.4288003}]}, "version": 126}
{"obj": {"type": "LogFloats", "path": ["training", "train_loss"], "values": [{"value": 1.4581819772720337, "step": null, "ts": 1668463176.432531}]}, "version": 127}
{"obj": {"type": "LogFloats", "path": ["training", "epoch"], "values": [{"value": 2.0, "step": null, "ts": 1668463176.4354055}]}, "version": 128}
{"obj": {"type": "LogFloats", "path": ["training", "train_acc_step"], "values": [{"value": 0.71875, "step": null, "ts": 1668463176.6918092}]}, "version": 129}
{"obj": {"type": "LogFloats", "path": ["training", "train_loss"], "values": [{"value": 1.451952338218689, "step": null, "ts": 1668463176.695043}]}, "version": 130}
{"obj": {"type": "LogFloats", "path": ["training", "epoch"], "values": [{"value": 2.0, "step": null, "ts": 1668463176.6977777}]}, "version": 131}
{"obj": {"type": "LogFloats", "path": ["training", "train_acc_step"], "values": [{"value": 0.65625, "step": null, "ts": 1668463176.953239}]}, "version": 132}
{"obj": {"type": "LogFloats", "path": ["training", "train_loss"], "values": [{"value": 1.4599387645721436, "step": null, "ts": 1668463176.955917}]}, "version": 133}
{"obj": {"type": "LogFloats", "path": ["training", "epoch"], "values": [{"value": 2.0, "step": null, "ts": 1668463176.9585884}]}, "version": 134}
{"obj": {"type": "LogFloats", "path": ["training", "train_acc_step"], "values": [{"value": 0.78125, "step": null, "ts": 1668463177.214605}]}, "version": 135}
{"obj": {"type": "LogFloats", "path": ["training", "train_loss"], "values": [{"value": 1.4674296379089355, "step": null, "ts": 1668463177.217884}]}, "version": 136}
{"obj": {"type": "LogFloats", "path": ["training", "epoch"], "values": [{"value": 2.0, "step": null, "ts": 1668463177.2208843}]}, "version": 137}
{"obj": {"type": "LogFloats", "path": ["monitoring", "cpu"], "values": [{"value": 13.0, "step": null, "ts": 1668463177.3591413}]}, "version": 138}
{"obj": {"type": "LogFloats", "path": ["monitoring", "memory"], "values": [{"value": 5.87249755859375, "step": null, "ts": 1668463177.3591413}]}, "version": 139}
{"obj": {"type": "LogFloats", "path": ["monitoring", "gpu_0"], "values": [{"value": 47.0, "step": null, "ts": 1668463177.3591413}]}, "version": 140}
{"obj": {"type": "LogFloats", "path": ["monitoring", "gpu_memory_0"], "values": [{"value": 1.46685791015625, "step": null, "ts": 1668463177.3591413}]}, "version": 141}
{"obj": {"type": "LogFloats", "path": ["monitoring", "gpu_memory_1"], "values": [{"value": 0.232177734375, "step": null, "ts": 1668463177.3591413}]}, "version": 142}
{"obj": {"type": "LogFloats", "path": ["training", "train_acc_step"], "values": [{"value": 0.90625, "step": null, "ts": 1668463177.4817283}]}, "version": 143}
{"obj": {"type": "LogFloats", "path": ["training", "train_loss"], "values": [{"value": 1.4467954635620117, "step": null, "ts": 1668463177.4844675}]}, "version": 144}
{"obj": {"type": "LogFloats", "path": ["training", "epoch"], "values": [{"value": 2.0, "step": null, "ts": 1668463177.487126}]}, "version": 145}
{"obj": {"type": "LogFloats", "path": ["training", "train_acc_step"], "values": [{"value": 0.78125, "step": null, "ts": 1668463177.742957}]}, "version": 146}
{"obj": {"type": "LogFloats", "path": ["training", "train_loss"], "values": [{"value": 1.4529063701629639, "step": null, "ts": 1668463177.746262}]}, "version": 147}
{"obj": {"type": "LogFloats", "path": ["training", "epoch"], "values": [{"value": 2.0, "step": null, "ts": 1668463177.7488754}]}, "version": 148}
{"obj": {"type": "LogFloats", "path": ["training", "train_acc_step"], "values": [{"value": 0.78125, "step": null, "ts": 1668463178.0050776}]}, "version": 149}
{"obj": {"type": "LogFloats", "path": ["training", "train_loss"], "values": [{"value": 1.459629774093628, "step": null, "ts": 1668463178.0081933}]}, "version": 150}
{"obj": {"type": "LogFloats", "path": ["training", "epoch"], "values": [{"value": 2.0, "step": null, "ts": 1668463178.0109866}]}, "version": 151}
{"obj": {"type": "LogFloats", "path": ["training", "train_acc_step"], "values": [{"value": 0.75, "step": null, "ts": 1668463178.2663054}]}, "version": 152}
{"obj": {"type": "LogFloats", "path": ["training", "train_loss"], "values": [{"value": 1.4441287517547607, "step": null, "ts": 1668463178.2694738}]}, "version": 153}
{"obj": {"type": "LogFloats", "path": ["training", "epoch"], "values": [{"value": 2.0, "step": null, "ts": 1668463178.2722085}]}, "version": 154}
{"obj": {"type": "LogFloats", "path": ["training", "train_acc_step"], "values": [{"value": 0.84375, "step": null, "ts": 1668463178.5321367}]}, "version": 155}
{"obj": {"type": "LogFloats", "path": ["training", "train_loss"], "values": [{"value": 1.4417306184768677, "step": null, "ts": 1668463178.5346453}]}, "version": 156}
{"obj": {"type": "LogFloats", "path": ["training", "epoch"], "values": [{"value": 2.0, "step": null, "ts": 1668463178.5368948}]}, "version": 157}
{"obj": {"type": "LogStrings", "path": ["monitoring", "stdout"], "values": [{"value": "{'progress_bar': {'val_loss': 1.4727048873901367}, 'log': {'val_loss': 1.4727048873901367}, 'val_loss': 1.4727048873901367}", "step": null, "ts": 1668463179.8970857}]}, "version": 158}
{"obj": {"type": "LogStrings", "path": ["monitoring", "stdout"], "values": [{"value": "\n", "step": null, "ts": 1668463179.9001667}]}, "version": 159}
{"obj": {"type": "LogStrings", "path": ["monitoring", "stdout"], "values": [{"value": "Accuracy: 0.7168059349060059", "step": null, "ts": 1668463179.9030645}]}, "version": 160}
{"obj": {"type": "LogStrings", "path": ["monitoring", "stdout"], "values": [{"value": "\n", "step": null, "ts": 1668463179.90543}]}, "version": 161}
{"obj": {"type": "LogFloats", "path": ["training", "val_loss"], "values": [{"value": 1.4727656841278076, "step": null, "ts": 1668463179.9081595}]}, "version": 162}
{"obj": {"type": "LogFloats", "path": ["training", "val_acc_step"], "values": [{"value": 0.7168059349060059, "step": null, "ts": 1668463179.910682}]}, "version": 163}
{"obj": {"type": "LogFloats", "path": ["training", "val_acc_epoch"], "values": [{"value": 0.7168059349060059, "step": null, "ts": 1668463179.9132302}]}, "version": 164}
{"obj": {"type": "LogFloats", "path": ["training", "epoch"], "values": [{"value": 2.0, "step": null, "ts": 1668463179.915807}]}, "version": 165}
{"obj": {"type": "LogStrings", "path": ["monitoring", "stdout"], "values": [{"value": "Accuracy: 0.7915738224983215", "step": null, "ts": 1668463179.9224873}]}, "version": 166}
{"obj": {"type": "LogStrings", "path": ["monitoring", "stdout"], "values": [{"value": "\n", "step": null, "ts": 1668463179.9253716}]}, "version": 167}
{"obj": {"type": "AssignString", "path": ["training", "model", "best_model_path"], "value": "/home/aron/BCM_activity_classification/checkpoints/latest_checkpoint-v10.ckpt"}, "version": 168}
{"obj": {"type": "UploadFile", "path": ["training", "model", "checkpoints", "latest_checkpoint-v10"], "ext": "ckpt", "file_path": "/home/aron/BCM_activity_classification/checkpoints/latest_checkpoint-v10.ckpt"}, "version": 169}
{"obj": {"type": "DeleteAttribute", "path": ["training", "model", "checkpoints", "latest_checkpoint-v11"]}, "version": 170}
{"obj": {"type": "LogFloats", "path": ["training", "train_acc_epoch"], "values": [{"value": 0.7915738224983215, "step": null, "ts": 1668463179.9611082}]}, "version": 171}
{"obj": {"type": "LogFloats", "path": ["training", "epoch"], "values": [{"value": 2.0, "step": null, "ts": 1668463179.9636533}]}, "version": 172}
{"obj": {"type": "LogFloats", "path": ["training", "train_acc_step"], "values": [{"value": 0.8125, "step": null, "ts": 1668463180.3169608}]}, "version": 173}
{"obj": {"type": "LogFloats", "path": ["training", "train_loss"], "values": [{"value": 1.439911127090454, "step": null, "ts": 1668463180.3196993}]}, "version": 174}
{"obj": {"type": "LogFloats", "path": ["training", "epoch"], "values": [{"value": 3.0, "step": null, "ts": 1668463180.3222482}]}, "version": 175}
{"obj": {"type": "LogFloats", "path": ["training", "train_acc_step"], "values": [{"value": 0.78125, "step": null, "ts": 1668463180.594242}]}, "version": 176}
{"obj": {"type": "LogFloats", "path": ["training", "train_loss"], "values": [{"value": 1.4383463859558105, "step": null, "ts": 1668463180.5974784}]}, "version": 177}
{"obj": {"type": "LogFloats", "path": ["training", "epoch"], "values": [{"value": 3.0, "step": null, "ts": 1668463180.600695}]}, "version": 178}
{"obj": {"type": "LogFloats", "path": ["training", "train_acc_step"], "values": [{"value": 0.78125, "step": null, "ts": 1668463180.8722477}]}, "version": 179}
{"obj": {"type": "LogFloats", "path": ["training", "train_loss"], "values": [{"value": 1.4461416006088257, "step": null, "ts": 1668463180.8747742}]}, "version": 180}
{"obj": {"type": "LogFloats", "path": ["training", "epoch"], "values": [{"value": 3.0, "step": null, "ts": 1668463180.8769095}]}, "version": 181}
{"obj": {"type": "LogFloats", "path": ["training", "train_acc_step"], "values": [{"value": 0.78125, "step": null, "ts": 1668463181.147715}]}, "version": 182}
{"obj": {"type": "LogFloats", "path": ["training", "train_loss"], "values": [{"value": 1.4412596225738525, "step": null, "ts": 1668463181.1518245}]}, "version": 183}
{"obj": {"type": "LogFloats", "path": ["training", "epoch"], "values": [{"value": 3.0, "step": null, "ts": 1668463181.1546896}]}, "version": 184}
{"obj": {"type": "LogFloats", "path": ["training", "train_acc_step"], "values": [{"value": 0.84375, "step": null, "ts": 1668463181.426213}]}, "version": 185}
{"obj": {"type": "LogFloats", "path": ["training", "train_loss"], "values": [{"value": 1.4456663131713867, "step": null, "ts": 1668463181.4288123}]}, "version": 186}
{"obj": {"type": "LogFloats", "path": ["training", "epoch"], "values": [{"value": 3.0, "step": null, "ts": 1668463181.431208}]}, "version": 187}
{"obj": {"type": "LogFloats", "path": ["training", "train_acc_step"], "values": [{"value": 0.75, "step": null, "ts": 1668463181.7040505}]}, "version": 188}
{"obj": {"type": "LogFloats", "path": ["training", "train_loss"], "values": [{"value": 1.4467885494232178, "step": null, "ts": 1668463181.7070792}]}, "version": 189}
{"obj": {"type": "LogFloats", "path": ["training", "epoch"], "values": [{"value": 3.0, "step": null, "ts": 1668463181.7096527}]}, "version": 190}
{"obj": {"type": "LogFloats", "path": ["training", "train_acc_step"], "values": [{"value": 0.78125, "step": null, "ts": 1668463181.980454}]}, "version": 191}
{"obj": {"type": "LogFloats", "path": ["training", "train_loss"], "values": [{"value": 1.4477262496948242, "step": null, "ts": 1668463181.9836075}]}, "version": 192}
{"obj": {"type": "LogFloats", "path": ["training", "epoch"], "values": [{"value": 3.0, "step": null, "ts": 1668463181.9864953}]}, "version": 193}
{"obj": {"type": "LogFloats", "path": ["training", "train_acc_step"], "values": [{"value": 0.8125, "step": null, "ts": 1668463182.257933}]}, "version": 194}
{"obj": {"type": "LogFloats", "path": ["training", "train_loss"], "values": [{"value": 1.4488173723220825, "step": null, "ts": 1668463182.2602952}]}, "version": 195}
{"obj": {"type": "LogFloats", "path": ["training", "epoch"], "values": [{"value": 3.0, "step": null, "ts": 1668463182.2623928}]}, "version": 196}
{"obj": {"type": "LogFloats", "path": ["training", "train_acc_step"], "values": [{"value": 0.90625, "step": null, "ts": 1668463182.5328822}]}, "version": 197}
{"obj": {"type": "LogFloats", "path": ["training", "train_loss"], "values": [{"value": 1.441563606262207, "step": null, "ts": 1668463182.535491}]}, "version": 198}
{"obj": {"type": "LogFloats", "path": ["training", "epoch"], "values": [{"value": 3.0, "step": null, "ts": 1668463182.5379493}]}, "version": 199}
{"obj": {"type": "LogStrings", "path": ["monitoring", "stdout"], "values": [{"value": "{'progress_bar': {'val_loss': 1.4816431999206543}, 'log': {'val_loss': 1.4816431999206543}, 'val_loss': 1.4816431999206543}", "step": null, "ts": 1668463183.897408}]}, "version": 200}
{"obj": {"type": "LogStrings", "path": ["monitoring", "stdout"], "values": [{"value": "\n", "step": null, "ts": 1668463183.9000437}]}, "version": 201}
{"obj": {"type": "LogStrings", "path": ["monitoring", "stdout"], "values": [{"value": "Accuracy: 0.6683380007743835", "step": null, "ts": 1668463183.9024985}]}, "version": 202}
{"obj": {"type": "LogStrings", "path": ["monitoring", "stdout"], "values": [{"value": "\n", "step": null, "ts": 1668463183.9048505}]}, "version": 203}
{"obj": {"type": "LogFloats", "path": ["training", "val_loss"], "values": [{"value": 1.481661319732666, "step": null, "ts": 1668463183.9079735}]}, "version": 204}
{"obj": {"type": "LogFloats", "path": ["training", "val_acc_step"], "values": [{"value": 0.6683380007743835, "step": null, "ts": 1668463183.9103997}]}, "version": 205}
{"obj": {"type": "LogFloats", "path": ["training", "val_acc_epoch"], "values": [{"value": 0.6683380007743835, "step": null, "ts": 1668463183.9129446}]}, "version": 206}
{"obj": {"type": "LogFloats", "path": ["training", "epoch"], "values": [{"value": 3.0, "step": null, "ts": 1668463183.9153101}]}, "version": 207}
{"obj": {"type": "LogStrings", "path": ["monitoring", "stdout"], "values": [{"value": "Accuracy: 0.8031337261199951", "step": null, "ts": 1668463183.9220028}]}, "version": 208}
{"obj": {"type": "LogStrings", "path": ["monitoring", "stdout"], "values": [{"value": "\n", "step": null, "ts": 1668463183.9248974}]}, "version": 209}
{"obj": {"type": "AssignString", "path": ["training", "model", "best_model_path"], "value": "/home/aron/BCM_activity_classification/checkpoints/latest_checkpoint-v11.ckpt"}, "version": 210}
{"obj": {"type": "UploadFile", "path": ["training", "model", "checkpoints", "latest_checkpoint-v11"], "ext": "ckpt", "file_path": "/home/aron/BCM_activity_classification/checkpoints/latest_checkpoint-v11.ckpt"}, "version": 211}
{"obj": {"type": "DeleteAttribute", "path": ["training", "model", "checkpoints", "latest_checkpoint-v10"]}, "version": 212}
{"obj": {"type": "LogFloats", "path": ["training", "train_acc_epoch"], "values": [{"value": 0.8031337261199951, "step": null, "ts": 1668463183.9610767}]}, "version": 213}
{"obj": {"type": "LogFloats", "path": ["training", "epoch"], "values": [{"value": 3.0, "step": null, "ts": 1668463183.9633052}]}, "version": 214}
{"obj": {"type": "LogFloats", "path": ["training", "train_acc_step"], "values": [{"value": 0.75, "step": null, "ts": 1668463184.3257966}]}, "version": 215}
{"obj": {"type": "LogFloats", "path": ["training", "train_loss"], "values": [{"value": 1.4652422666549683, "step": null, "ts": 1668463184.3286278}]}, "version": 216}
{"obj": {"type": "LogFloats", "path": ["training", "epoch"], "values": [{"value": 4.0, "step": null, "ts": 1668463184.331127}]}, "version": 217}
{"obj": {"type": "LogStrings", "path": ["monitoring", "stderr"], "values": [{"value": "Error occurred during asynchronous operation processing: Cannot upload file /home/aron/BCM_activity_classification/checkpoints/latest_checkpoint-v10.ckpt: Path not found or is a not a file.\n", "step": null, "ts": 1668463184.4175088}]}, "version": 218}
{"obj": {"type": "LogStrings", "path": ["monitoring", "stderr"], "values": [{"value": "Error occurred during asynchronous operation processing: Cannot delete training/model/checkpoints/latest_checkpoint-v10: Attribute does not exist\n", "step": null, "ts": 1668463184.4214506}]}, "version": 219}
{"obj": {"type": "LogFloats", "path": ["training", "train_acc_step"], "values": [{"value": 0.8125, "step": null, "ts": 1668463184.5964255}]}, "version": 220}
{"obj": {"type": "LogFloats", "path": ["training", "train_loss"], "values": [{"value": 1.441884994506836, "step": null, "ts": 1668463184.5995812}]}, "version": 221}
{"obj": {"type": "LogFloats", "path": ["training", "epoch"], "values": [{"value": 4.0, "step": null, "ts": 1668463184.6023703}]}, "version": 222}
{"obj": {"type": "LogFloats", "path": ["training", "train_acc_step"], "values": [{"value": 0.9375, "step": null, "ts": 1668463184.8611012}]}, "version": 223}
{"obj": {"type": "LogFloats", "path": ["training", "train_loss"], "values": [{"value": 1.4392926692962646, "step": null, "ts": 1668463184.8641613}]}, "version": 224}
{"obj": {"type": "LogFloats", "path": ["training", "epoch"], "values": [{"value": 4.0, "step": null, "ts": 1668463184.8669288}]}, "version": 225}
{"obj": {"type": "LogFloats", "path": ["training", "train_acc_step"], "values": [{"value": 0.78125, "step": null, "ts": 1668463185.1238587}]}, "version": 226}
{"obj": {"type": "LogFloats", "path": ["training", "train_loss"], "values": [{"value": 1.4348154067993164, "step": null, "ts": 1668463185.126719}]}, "version": 227}
{"obj": {"type": "LogFloats", "path": ["training", "epoch"], "values": [{"value": 4.0, "step": null, "ts": 1668463185.129417}]}, "version": 228}
{"obj": {"type": "LogFloats", "path": ["training", "train_acc_step"], "values": [{"value": 0.8125, "step": null, "ts": 1668463185.389993}]}, "version": 229}
{"obj": {"type": "LogFloats", "path": ["training", "train_loss"], "values": [{"value": 1.4465676546096802, "step": null, "ts": 1668463185.3933668}]}, "version": 230}
{"obj": {"type": "LogFloats", "path": ["training", "epoch"], "values": [{"value": 4.0, "step": null, "ts": 1668463185.3964438}]}, "version": 231}
{"obj": {"type": "LogFloats", "path": ["training", "train_acc_step"], "values": [{"value": 0.78125, "step": null, "ts": 1668463185.6573687}]}, "version": 232}
{"obj": {"type": "LogFloats", "path": ["training", "train_loss"], "values": [{"value": 1.4421359300613403, "step": null, "ts": 1668463185.6607804}]}, "version": 233}
{"obj": {"type": "LogFloats", "path": ["training", "epoch"], "values": [{"value": 4.0, "step": null, "ts": 1668463185.6638985}]}, "version": 234}
{"obj": {"type": "LogFloats", "path": ["training", "train_acc_step"], "values": [{"value": 0.6875, "step": null, "ts": 1668463185.924384}]}, "version": 235}
{"obj": {"type": "LogFloats", "path": ["training", "train_loss"], "values": [{"value": 1.4553016424179077, "step": null, "ts": 1668463185.9273639}]}, "version": 236}
{"obj": {"type": "LogFloats", "path": ["training", "epoch"], "values": [{"value": 4.0, "step": null, "ts": 1668463185.9302049}]}, "version": 237}
{"obj": {"type": "LogFloats", "path": ["training", "train_acc_step"], "values": [{"value": 0.78125, "step": null, "ts": 1668463186.19199}]}, "version": 238}
{"obj": {"type": "LogFloats", "path": ["training", "train_loss"], "values": [{"value": 1.4324641227722168, "step": null, "ts": 1668463186.195343}]}, "version": 239}
{"obj": {"type": "LogFloats", "path": ["training", "epoch"], "values": [{"value": 4.0, "step": null, "ts": 1668463186.1985106}]}, "version": 240}
{"obj": {"type": "LogFloats", "path": ["training", "train_acc_step"], "values": [{"value": 0.6875, "step": null, "ts": 1668463186.4585114}]}, "version": 241}
{"obj": {"type": "LogFloats", "path": ["training", "train_loss"], "values": [{"value": 1.454267978668213, "step": null, "ts": 1668463186.4618988}]}, "version": 242}
{"obj": {"type": "LogFloats", "path": ["training", "epoch"], "values": [{"value": 4.0, "step": null, "ts": 1668463186.4652162}]}, "version": 243}
{"obj": {"type": "LogFloats", "path": ["monitoring", "cpu"], "values": [{"value": 13.3, "step": null, "ts": 1668463187.3773537}]}, "version": 244}
{"obj": {"type": "LogFloats", "path": ["monitoring", "memory"], "values": [{"value": 5.865100860595703, "step": null, "ts": 1668463187.3773537}]}, "version": 245}
{"obj": {"type": "LogFloats", "path": ["monitoring", "gpu_0"], "values": [{"value": 44.0, "step": null, "ts": 1668463187.3773537}]}, "version": 246}
{"obj": {"type": "LogFloats", "path": ["monitoring", "gpu_memory_0"], "values": [{"value": 1.46685791015625, "step": null, "ts": 1668463187.3773537}]}, "version": 247}
{"obj": {"type": "LogFloats", "path": ["monitoring", "gpu_memory_1"], "values": [{"value": 0.232177734375, "step": null, "ts": 1668463187.3773537}]}, "version": 248}
{"obj": {"type": "LogStrings", "path": ["monitoring", "stdout"], "values": [{"value": "{'progress_bar': {'val_loss': 1.488673448562622}, 'log': {'val_loss': 1.488673448562622}, 'val_loss': 1.488673448562622}", "step": null, "ts": 1668463187.8056626}]}, "version": 249}
{"obj": {"type": "LogStrings", "path": ["monitoring", "stdout"], "values": [{"value": "\n", "step": null, "ts": 1668463187.8089633}]}, "version": 250}
{"obj": {"type": "LogStrings", "path": ["monitoring", "stdout"], "values": [{"value": "Accuracy: 0.6742804050445557", "step": null, "ts": 1668463187.8122327}]}, "version": 251}
{"obj": {"type": "LogStrings", "path": ["monitoring", "stdout"], "values": [{"value": "\n", "step": null, "ts": 1668463187.8152647}]}, "version": 252}
{"obj": {"type": "LogFloats", "path": ["training", "val_loss"], "values": [{"value": 1.488852620124817, "step": null, "ts": 1668463187.8186276}]}, "version": 253}
{"obj": {"type": "LogFloats", "path": ["training", "val_acc_step"], "values": [{"value": 0.6742804050445557, "step": null, "ts": 1668463187.8214386}]}, "version": 254}
{"obj": {"type": "LogFloats", "path": ["training", "val_acc_epoch"], "values": [{"value": 0.6742804050445557, "step": null, "ts": 1668463187.8241372}]}, "version": 255}
{"obj": {"type": "LogFloats", "path": ["training", "epoch"], "values": [{"value": 4.0, "step": null, "ts": 1668463187.8266976}]}, "version": 256}
{"obj": {"type": "LogStrings", "path": ["monitoring", "stdout"], "values": [{"value": "Accuracy: 0.791155993938446", "step": null, "ts": 1668463187.8338015}]}, "version": 257}
{"obj": {"type": "LogStrings", "path": ["monitoring", "stdout"], "values": [{"value": "\n", "step": null, "ts": 1668463187.836689}]}, "version": 258}
{"obj": {"type": "AssignString", "path": ["training", "model", "best_model_path"], "value": "/home/aron/BCM_activity_classification/checkpoints/latest_checkpoint-v10.ckpt"}, "version": 259}
{"obj": {"type": "UploadFile", "path": ["training", "model", "checkpoints", "latest_checkpoint-v10"], "ext": "ckpt", "file_path": "/home/aron/BCM_activity_classification/checkpoints/latest_checkpoint-v10.ckpt"}, "version": 260}
{"obj": {"type": "DeleteAttribute", "path": ["training", "model", "checkpoints", "latest_checkpoint-v11"]}, "version": 261}
{"obj": {"type": "LogFloats", "path": ["training", "train_acc_epoch"], "values": [{"value": 0.791155993938446, "step": null, "ts": 1668463187.881764}]}, "version": 262}
{"obj": {"type": "LogFloats", "path": ["training", "epoch"], "values": [{"value": 4.0, "step": null, "ts": 1668463187.884123}]}, "version": 263}
{"obj": {"type": "AssignString", "path": ["training", "status"], "value": "success"}, "version": 264}
{"obj": {"type": "LogStrings", "path": ["monitoring", "stdout"], "values": [{"value": "checkpoints/latest_checkpoint-v10.ckpt", "step": null, "ts": 1668463188.0530248}]}, "version": 265}
{"obj": {"type": "LogStrings", "path": ["monitoring", "stdout"], "values": [{"value": "\n", "step": null, "ts": 1668463188.0561876}]}, "version": 266}
{"obj": {"type": "LogStrings", "path": ["monitoring", "stderr"], "values": [{"value": "/home/aron/.local/lib/python3.9/site-packages/pytorch_lightning/trainer/connectors/checkpoint_connector.py:52: LightningDeprecationWarning: Setting `Trainer(resume_from_checkpoint=)` is deprecated in v1.5 and will be removed in v1.7. Please pass `Trainer.fit(ckpt_path=)` directly instead.\n  rank_zero_deprecation(\n", "step": null, "ts": 1668463188.2681797}]}, "version": 267}
{"obj": {"type": "LogStrings", "path": ["monitoring", "stdout"], "values": [{"value": "_____________________", "step": null, "ts": 1668463188.4226124}]}, "version": 268}
{"obj": {"type": "LogStrings", "path": ["monitoring", "stdout"], "values": [{"value": "\n", "step": null, "ts": 1668463188.4262033}]}, "version": 269}
{"obj": {"type": "LogStrings", "path": ["monitoring", "stdout"], "values": [{"value": "<class 'list'>", "step": null, "ts": 1668463188.4290004}]}, "version": 270}
{"obj": {"type": "LogStrings", "path": ["monitoring", "stdout"], "values": [{"value": "\n", "step": null, "ts": 1668463188.43248}]}, "version": 271}
{"obj": {"type": "LogStrings", "path": ["monitoring", "stdout"], "values": [{"value": "_____________________", "step": null, "ts": 1668463188.4353929}]}, "version": 272}
{"obj": {"type": "LogStrings", "path": ["monitoring", "stdout"], "values": [{"value": "\n", "step": null, "ts": 1668463188.438404}]}, "version": 273}
{"obj": {"type": "LogStrings", "path": ["monitoring", "stdout"], "values": [{"value": "Validation set", "step": null, "ts": 1668463188.4412327}]}, "version": 274}
{"obj": {"type": "LogStrings", "path": ["monitoring", "stdout"], "values": [{"value": "\n", "step": null, "ts": 1668463188.4440472}]}, "version": 275}
{"obj": {"type": "LogStrings", "path": ["monitoring", "stdout"], "values": [{"value": "bcm_behaviour_data_multi_subject/subject2/2022-11-09_14-15-6/0.npy", "step": null, "ts": 1668463188.4486847}]}, "version": 276}
{"obj": {"type": "LogStrings", "path": ["monitoring", "stdout"], "values": [{"value": "\n", "step": null, "ts": 1668463188.4512622}]}, "version": 277}
{"obj": {"type": "LogStrings", "path": ["monitoring", "stdout"], "values": [{"value": "bcm_behaviour_data_multi_subject/subject2/2022-11-09_14-15-6/1.npy", "step": null, "ts": 1668463188.4551098}]}, "version": 278}
{"obj": {"type": "LogStrings", "path": ["monitoring", "stdout"], "values": [{"value": "\n", "step": null, "ts": 1668463188.457752}]}, "version": 279}
{"obj": {"type": "LogStrings", "path": ["monitoring", "stdout"], "values": [{"value": "bcm_behaviour_data_multi_subject/subject2/2022-11-09_14-15-6/2.npy", "step": null, "ts": 1668463188.4611013}]}, "version": 280}
{"obj": {"type": "LogStrings", "path": ["monitoring", "stdout"], "values": [{"value": "\n", "step": null, "ts": 1668463188.4636269}]}, "version": 281}
{"obj": {"type": "LogStrings", "path": ["monitoring", "stdout"], "values": [{"value": "bcm_behaviour_data_multi_subject/subject2/2022-11-09_14-15-6/3.npy", "step": null, "ts": 1668463188.4670668}]}, "version": 282}
{"obj": {"type": "LogStrings", "path": ["monitoring", "stdout"], "values": [{"value": "\n", "step": null, "ts": 1668463188.4695957}]}, "version": 283}
{"obj": {"type": "LogStrings", "path": ["monitoring", "stdout"], "values": [{"value": "bcm_behaviour_data_multi_subject/subject2/2022-11-09_14-15-6/4.npy", "step": null, "ts": 1668463188.4729128}]}, "version": 284}
{"obj": {"type": "LogStrings", "path": ["monitoring", "stdout"], "values": [{"value": "\n", "step": null, "ts": 1668463188.4753256}]}, "version": 285}
{"obj": {"type": "LogStrings", "path": ["monitoring", "stdout"], "values": [{"value": "Training set", "step": null, "ts": 1668463188.477592}]}, "version": 286}
{"obj": {"type": "LogStrings", "path": ["monitoring", "stdout"], "values": [{"value": "\n", "step": null, "ts": 1668463188.4799814}]}, "version": 287}
{"obj": {"type": "LogStrings", "path": ["monitoring", "stdout"], "values": [{"value": "bcm_behaviour_data_multi_subject/subject2/2022-11-09_14-15-6/0.npy", "step": null, "ts": 1668463188.4833946}]}, "version": 288}
{"obj": {"type": "LogStrings", "path": ["monitoring", "stdout"], "values": [{"value": "\n", "step": null, "ts": 1668463188.485736}]}, "version": 289}
{"obj": {"type": "LogStrings", "path": ["monitoring", "stdout"], "values": [{"value": "bcm_behaviour_data_multi_subject/subject2/2022-11-09_14-15-6/1.npy", "step": null, "ts": 1668463188.4890254}]}, "version": 290}
{"obj": {"type": "LogStrings", "path": ["monitoring", "stdout"], "values": [{"value": "\n", "step": null, "ts": 1668463188.491339}]}, "version": 291}
{"obj": {"type": "LogStrings", "path": ["monitoring", "stdout"], "values": [{"value": "bcm_behaviour_data_multi_subject/subject2/2022-11-09_14-15-6/2.npy", "step": null, "ts": 1668463188.4944067}]}, "version": 292}
{"obj": {"type": "LogStrings", "path": ["monitoring", "stdout"], "values": [{"value": "\n", "step": null, "ts": 1668463188.4967165}]}, "version": 293}
{"obj": {"type": "LogStrings", "path": ["monitoring", "stdout"], "values": [{"value": "bcm_behaviour_data_multi_subject/subject2/2022-11-09_14-15-6/3.npy", "step": null, "ts": 1668463188.5000353}]}, "version": 294}
{"obj": {"type": "LogStrings", "path": ["monitoring", "stdout"], "values": [{"value": "\n", "step": null, "ts": 1668463188.5023522}]}, "version": 295}
{"obj": {"type": "LogStrings", "path": ["monitoring", "stdout"], "values": [{"value": "bcm_behaviour_data_multi_subject/subject2/2022-11-09_14-15-6/4.npy", "step": null, "ts": 1668463188.5053456}]}, "version": 296}
{"obj": {"type": "LogStrings", "path": ["monitoring", "stdout"], "values": [{"value": "\n", "step": null, "ts": 1668463188.5076597}]}, "version": 297}
{"obj": {"type": "LogStrings", "path": ["monitoring", "stderr"], "values": [{"value": "/home/aron/.local/lib/python3.9/site-packages/pytorch_lightning/callbacks/model_checkpoint.py:616: UserWarning: Checkpoint directory /home/aron/BCM_activity_classification/checkpoints exists and is not empty.\n  rank_zero_warn(f\"Checkpoint directory {dirpath} exists and is not empty.\")\n", "step": null, "ts": 1668463188.511269}]}, "version": 298}
{"obj": {"type": "LogStrings", "path": ["metadata", "file_path"], "values": [{"value": "['bcm_behaviour_data_multi_subject/subject3/2022-11-09_15-47-1', 'bcm_behaviour_data_multi_subject/subject3/2022-11-09_16-26-13', 'bcm_behaviour_data_multi_subject/subject3/2022-11-09_15-27-14', 'bcm_behaviour_data_multi_subject/subject3/2022-11-09_16-7-9', 'bcm_behaviour_data_multi_subject/subject1/2022-09-20_15-38-11', 'bcm_behaviour_data_multi_subject/subject1/2022-09-20_14-58-39', 'bcm_behaviour_data_multi_subject/subject1/2022-09-20_15-18-27', 'bcm_behaviour_data_multi_subject/subject1/2022-09-20_15-57-37']", "step": null, "ts": 1668463188.6004446}, {"value": "['bcm_behaviour_data_multi_subject/subject2/2022-11-09_14-34-16'\n 'bcm_behaviour_data_multi_subject/subject2/2022-11-09_14-52-7'\n 'bcm_behaviour_data_multi_subject/subject2/2022-11-09_13-56-0']", "step": null, "ts": 1668463188.6004446}, {"value": "['bcm_behaviour_data_multi_subject/subject2/2022-11-09_14-15-6']", "step": null, "ts": 1668463188.6004446}]}, "version": 299}
{"obj": {"type": "LogFloats", "path": ["metadata", "window_size"], "values": [{"value": 3.0, "step": null, "ts": 1668463188.603912}]}, "version": 300}
{"obj": {"type": "LogFloats", "path": ["metadata", "stride"], "values": [{"value": 1.0, "step": null, "ts": 1668463188.6067812}]}, "version": 301}
{"obj": {"type": "LogFloats", "path": ["metadata", "MFCC_stride"], "values": [{"value": 0.032, "step": null, "ts": 1668463188.6093488}]}, "version": 302}
{"obj": {"type": "LogFloats", "path": ["metadata", "mfccs_pr_window"], "values": [{"value": 93.0, "step": null, "ts": 1668463188.6120846}]}, "version": 303}
{"obj": {"type": "LogFloats", "path": ["metadata", "lr"], "values": [{"value": 0.001, "step": null, "ts": 1668463188.6149266}]}, "version": 304}
{"obj": {"type": "LogFloats", "path": ["metadata", "batch_size"], "values": [{"value": 32.0, "step": null, "ts": 1668463188.6175663}]}, "version": 305}
{"obj": {"type": "LogFloats", "path": ["metadata", "lstm_layers"], "values": [{"value": 1.0, "step": null, "ts": 1668463188.6201384}]}, "version": 306}
{"obj": {"type": "LogFloats", "path": ["metadata", "lstm_hidden_size"], "values": [{"value": 128.0, "step": null, "ts": 1668463188.6226826}]}, "version": 307}
{"obj": {"type": "LogFloats", "path": ["metadata", "weight_decay"], "values": [{"value": 0.0, "step": null, "ts": 1668463188.625276}]}, "version": 308}
{"obj": {"type": "LogFloats", "path": ["metadata", "occlusion"], "values": [{"value": 0.0, "step": null, "ts": 1668463188.6278057}]}, "version": 309}
{"obj": {"type": "LogFloats", "path": ["metadata", "seed"], "values": [{"value": 100.0, "step": null, "ts": 1668463188.6304376}]}, "version": 310}
{"obj": {"type": "LogFloats", "path": ["metadata", "train_set_length"], "values": [{"value": 14360.0, "step": null, "ts": 1668463188.6330075}]}, "version": 311}
{"obj": {"type": "LogFloats", "path": ["metadata", "val_set_length"], "values": [{"value": 5385.0, "step": null, "ts": 1668463188.6355622}]}, "version": 312}
{"obj": {"type": "LogStrings", "path": ["monitoring", "stdout"], "values": [{"value": "{'progress_bar': {'val_loss': 1.6394274234771729}, 'log': {'val_loss': 1.6394274234771729}, 'val_loss': 1.6394274234771729}", "step": null, "ts": 1668463188.9107077}]}, "version": 313}
{"obj": {"type": "LogStrings", "path": ["monitoring", "stdout"], "values": [{"value": "\n", "step": null, "ts": 1668463188.9138474}]}, "version": 314}
{"obj": {"type": "LogStrings", "path": ["monitoring", "stdout"], "values": [{"value": "Accuracy: 0.0", "step": null, "ts": 1668463188.9168417}]}, "version": 315}
{"obj": {"type": "LogStrings", "path": ["monitoring", "stdout"], "values": [{"value": "\n", "step": null, "ts": 1668463188.9195676}]}, "version": 316}
{"obj": {"type": "AssignString", "path": ["training", "status"], "value": "success"}, "version": 317}
{"obj": {"type": "LogStrings", "path": ["monitoring", "stdout"], "values": [{"value": "Shutting down background jobs, please wait a moment...\n", "step": null, "ts": 1668463188.9997995}]}, "version": 318}
