{"obj": {"type": "AssignString", "path": ["sys", "name"], "value": "Untitled"}, "version": 1}
{"obj": {"type": "AssignString", "path": ["sys", "description"], "value": ""}, "version": 2}
{"obj": {"type": "AssignString", "path": ["sys", "hostname"], "value": "node6"}, "version": 3}
{"obj": {"type": "AssignBool", "path": ["sys", "failed"], "value": false}, "version": 4}
{"obj": {"type": "ClearStringLog", "path": ["monitoring", "stdout"]}, "version": 5}
{"obj": {"type": "ClearStringLog", "path": ["monitoring", "stderr"]}, "version": 6}
{"obj": {"type": "UploadFileSet", "path": ["source_code", "files"], "file_globs": ["/home/aron/BCM_activity_classification/train_model.ipynb", "/home/aron/BCM_activity_classification/model.py", "/home/aron/BCM_activity_classification/BCM_dataset_v2.py"], "reset": "False"}, "version": 7}
{"obj": {"type": "ConfigFloatSeries", "path": ["monitoring", "cpu"], "min": 0.0, "max": 100.0, "unit": "%"}, "version": 8}
{"obj": {"type": "ClearFloatLog", "path": ["monitoring", "cpu"]}, "version": 9}
{"obj": {"type": "ConfigFloatSeries", "path": ["monitoring", "memory"], "min": 0.0, "max": 62.711673736572266, "unit": "GB"}, "version": 10}
{"obj": {"type": "ClearFloatLog", "path": ["monitoring", "memory"]}, "version": 11}
{"obj": {"type": "ConfigFloatSeries", "path": ["monitoring", "gpu_0"], "min": 0.0, "max": 100.0, "unit": "%"}, "version": 12}
{"obj": {"type": "ClearFloatLog", "path": ["monitoring", "gpu_0"]}, "version": 13}
{"obj": {"type": "ConfigFloatSeries", "path": ["monitoring", "gpu_1"], "min": 0.0, "max": 100.0, "unit": "%"}, "version": 14}
{"obj": {"type": "ClearFloatLog", "path": ["monitoring", "gpu_1"]}, "version": 15}
{"obj": {"type": "ConfigFloatSeries", "path": ["monitoring", "gpu_memory_0"], "min": 0.0, "max": 12.0, "unit": "GB"}, "version": 16}
{"obj": {"type": "ClearFloatLog", "path": ["monitoring", "gpu_memory_0"]}, "version": 17}
{"obj": {"type": "ConfigFloatSeries", "path": ["monitoring", "gpu_memory_1"], "min": 0.0, "max": 12.0, "unit": "GB"}, "version": 18}
{"obj": {"type": "ClearFloatLog", "path": ["monitoring", "gpu_memory_1"]}, "version": 19}
{"obj": {"type": "LogStrings", "path": ["monitoring", "stdout"], "values": [{"value": "", "step": null, "ts": 1668462503.0485663}]}, "version": 20}
{"obj": {"type": "LogStrings", "path": ["monitoring", "stdout"], "values": [{"value": "Remember to stop your run once you\u2019ve finished logging your metadata (https://docs.neptune.ai/api-reference/run#.stop). It will be stopped automatically only when the notebook kernel/interactive console is terminated.\n", "step": null, "ts": 1668462503.0503154}]}, "version": 21}
{"obj": {"type": "LogFloats", "path": ["monitoring", "cpu"], "values": [{"value": 3.2, "step": null, "ts": 1668462503.045929}]}, "version": 22}
{"obj": {"type": "LogFloats", "path": ["monitoring", "memory"], "values": [{"value": 4.758583068847656, "step": null, "ts": 1668462503.045929}]}, "version": 23}
{"obj": {"type": "LogFloats", "path": ["monitoring", "gpu_memory_0"], "values": [{"value": 1.19342041015625, "step": null, "ts": 1668462503.045929}]}, "version": 24}
{"obj": {"type": "LogFloats", "path": ["monitoring", "gpu_memory_1"], "values": [{"value": 0.232177734375, "step": null, "ts": 1668462503.045929}]}, "version": 25}
{"obj": {"type": "AssignString", "path": ["source_code", "integrations", "pytorch-lightning"], "value": "1.7.5"}, "version": 26}
{"obj": {"type": "LogStrings", "path": ["metadata", "file_path"], "values": [{"value": "['bcm_behaviour_data_multi_subject/subject2/2022-11-09_14-34-16', 'bcm_behaviour_data_multi_subject/subject2/2022-11-09_14-52-7', 'bcm_behaviour_data_multi_subject/subject2/2022-11-09_14-15-6', 'bcm_behaviour_data_multi_subject/subject2/2022-11-09_13-56-0', 'bcm_behaviour_data_multi_subject/subject3/2022-11-09_15-47-1', 'bcm_behaviour_data_multi_subject/subject3/2022-11-09_16-26-13', 'bcm_behaviour_data_multi_subject/subject3/2022-11-09_15-27-14', 'bcm_behaviour_data_multi_subject/subject3/2022-11-09_16-7-9']", "step": null, "ts": 1668462503.8354254}, {"value": "['bcm_behaviour_data_multi_subject/subject1/2022-09-20_14-58-39'\n 'bcm_behaviour_data_multi_subject/subject1/2022-09-20_15-18-27'\n 'bcm_behaviour_data_multi_subject/subject1/2022-09-20_15-57-37']", "step": null, "ts": 1668462503.8354254}, {"value": "['bcm_behaviour_data_multi_subject/subject1/2022-09-20_15-38-11']", "step": null, "ts": 1668462503.8354254}]}, "version": 27}
{"obj": {"type": "LogFloats", "path": ["metadata", "window_size"], "values": [{"value": 3.0, "step": null, "ts": 1668462503.8384442}]}, "version": 28}
{"obj": {"type": "LogFloats", "path": ["metadata", "stride"], "values": [{"value": 1.0, "step": null, "ts": 1668462503.8411334}]}, "version": 29}
{"obj": {"type": "LogFloats", "path": ["metadata", "MFCC_stride"], "values": [{"value": 0.032, "step": null, "ts": 1668462503.8439033}]}, "version": 30}
{"obj": {"type": "LogFloats", "path": ["metadata", "mfccs_pr_window"], "values": [{"value": 93.0, "step": null, "ts": 1668462503.8464525}]}, "version": 31}
{"obj": {"type": "LogFloats", "path": ["metadata", "lr"], "values": [{"value": 0.001, "step": null, "ts": 1668462503.848786}]}, "version": 32}
{"obj": {"type": "LogFloats", "path": ["metadata", "batch_size"], "values": [{"value": 32.0, "step": null, "ts": 1668462503.850858}]}, "version": 33}
{"obj": {"type": "LogFloats", "path": ["metadata", "lstm_layers"], "values": [{"value": 1.0, "step": null, "ts": 1668462503.8530219}]}, "version": 34}
{"obj": {"type": "LogFloats", "path": ["metadata", "lstm_hidden_size"], "values": [{"value": 128.0, "step": null, "ts": 1668462503.8552134}]}, "version": 35}
{"obj": {"type": "LogFloats", "path": ["metadata", "weight_decay"], "values": [{"value": 0.0, "step": null, "ts": 1668462503.8572805}]}, "version": 36}
{"obj": {"type": "LogFloats", "path": ["metadata", "occlusion"], "values": [{"value": 0.0, "step": null, "ts": 1668462503.859378}]}, "version": 37}
{"obj": {"type": "LogFloats", "path": ["metadata", "seed"], "values": [{"value": 100.0, "step": null, "ts": 1668462503.861399}]}, "version": 38}
{"obj": {"type": "LogFloats", "path": ["metadata", "train_set_length"], "values": [{"value": 14360.0, "step": null, "ts": 1668462503.863401}]}, "version": 39}
{"obj": {"type": "LogFloats", "path": ["metadata", "val_set_length"], "values": [{"value": 5385.0, "step": null, "ts": 1668462503.8654606}]}, "version": 40}
{"obj": {"type": "LogStrings", "path": ["monitoring", "stderr"], "values": [{"value": "/home/aron/.local/lib/python3.9/site-packages/pytorch_lightning/core/module.py:555: UserWarning: To copy construct from a tensor, it is recommended to use sourceTensor.clone().detach() or sourceTensor.clone().detach().requires_grad_(True), rather than torch.tensor(sourceTensor).\n  value = torch.tensor(value, device=self.device)\n", "step": null, "ts": 1668462504.1593332}]}, "version": 41}
{"obj": {"type": "LogStrings", "path": ["monitoring", "stdout"], "values": [{"value": "{'progress_bar': {'val_loss': 1.6109719276428223}, 'log': {'val_loss': 1.6109719276428223}, 'val_loss': 1.6109719276428223}", "step": null, "ts": 1668462504.1726558}]}, "version": 42}
{"obj": {"type": "LogStrings", "path": ["monitoring", "stdout"], "values": [{"value": "\n", "step": null, "ts": 1668462504.1744704}]}, "version": 43}
{"obj": {"type": "LogStrings", "path": ["monitoring", "stdout"], "values": [{"value": "Accuracy: 0.0", "step": null, "ts": 1668462504.1771216}]}, "version": 44}
{"obj": {"type": "LogStrings", "path": ["monitoring", "stdout"], "values": [{"value": "\n", "step": null, "ts": 1668462504.179011}]}, "version": 45}
{"obj": {"type": "LogFloats", "path": ["training", "train_acc_step"], "values": [{"value": 0.6875, "step": null, "ts": 1668462504.7430656}]}, "version": 46}
{"obj": {"type": "LogFloats", "path": ["training", "train_loss"], "values": [{"value": 1.4950337409973145, "step": null, "ts": 1668462504.7452157}]}, "version": 47}
{"obj": {"type": "LogFloats", "path": ["training", "epoch"], "values": [{"value": 0.0, "step": null, "ts": 1668462504.7471132}]}, "version": 48}
{"obj": {"type": "LogFloats", "path": ["training", "train_acc_step"], "values": [{"value": 0.75, "step": null, "ts": 1668462505.0221257}]}, "version": 49}
{"obj": {"type": "LogFloats", "path": ["training", "train_loss"], "values": [{"value": 1.4827864170074463, "step": null, "ts": 1668462505.0242717}]}, "version": 50}
{"obj": {"type": "LogFloats", "path": ["training", "epoch"], "values": [{"value": 0.0, "step": null, "ts": 1668462505.026145}]}, "version": 51}
{"obj": {"type": "LogFloats", "path": ["training", "train_acc_step"], "values": [{"value": 0.78125, "step": null, "ts": 1668462505.3065622}]}, "version": 52}
{"obj": {"type": "LogFloats", "path": ["training", "train_loss"], "values": [{"value": 1.4678884744644165, "step": null, "ts": 1668462505.308876}]}, "version": 53}
{"obj": {"type": "LogFloats", "path": ["training", "epoch"], "values": [{"value": 0.0, "step": null, "ts": 1668462505.3109305}]}, "version": 54}
{"obj": {"type": "LogFloats", "path": ["training", "train_acc_step"], "values": [{"value": 0.65625, "step": null, "ts": 1668462505.582464}]}, "version": 55}
{"obj": {"type": "LogFloats", "path": ["training", "train_loss"], "values": [{"value": 1.4728928804397583, "step": null, "ts": 1668462505.5848308}]}, "version": 56}
{"obj": {"type": "LogFloats", "path": ["training", "epoch"], "values": [{"value": 0.0, "step": null, "ts": 1668462505.5871599}]}, "version": 57}
{"obj": {"type": "LogFloats", "path": ["training", "train_acc_step"], "values": [{"value": 0.59375, "step": null, "ts": 1668462505.860385}]}, "version": 58}
{"obj": {"type": "LogFloats", "path": ["training", "train_loss"], "values": [{"value": 1.4699225425720215, "step": null, "ts": 1668462505.862829}]}, "version": 59}
{"obj": {"type": "LogFloats", "path": ["training", "epoch"], "values": [{"value": 0.0, "step": null, "ts": 1668462505.8650846}]}, "version": 60}
{"obj": {"type": "LogFloats", "path": ["training", "train_acc_step"], "values": [{"value": 0.8125, "step": null, "ts": 1668462506.1487005}]}, "version": 61}
{"obj": {"type": "LogFloats", "path": ["training", "train_loss"], "values": [{"value": 1.462418794631958, "step": null, "ts": 1668462506.1516483}]}, "version": 62}
{"obj": {"type": "LogFloats", "path": ["training", "epoch"], "values": [{"value": 0.0, "step": null, "ts": 1668462506.1544273}]}, "version": 63}
{"obj": {"type": "LogFloats", "path": ["training", "train_acc_step"], "values": [{"value": 0.78125, "step": null, "ts": 1668462506.427578}]}, "version": 64}
{"obj": {"type": "LogFloats", "path": ["training", "train_loss"], "values": [{"value": 1.456087589263916, "step": null, "ts": 1668462506.4306161}]}, "version": 65}
{"obj": {"type": "LogFloats", "path": ["training", "epoch"], "values": [{"value": 0.0, "step": null, "ts": 1668462506.4329743}]}, "version": 66}
{"obj": {"type": "LogFloats", "path": ["training", "train_acc_step"], "values": [{"value": 0.71875, "step": null, "ts": 1668462506.7103047}]}, "version": 67}
{"obj": {"type": "LogFloats", "path": ["training", "train_loss"], "values": [{"value": 1.4507091045379639, "step": null, "ts": 1668462506.7128344}]}, "version": 68}
{"obj": {"type": "LogFloats", "path": ["training", "epoch"], "values": [{"value": 0.0, "step": null, "ts": 1668462506.7150438}]}, "version": 69}
{"obj": {"type": "LogStrings", "path": ["monitoring", "stdout"], "values": [{"value": "{'progress_bar': {'val_loss': 1.4583218097686768}, 'log': {'val_loss': 1.4583218097686768}, 'val_loss': 1.4583218097686768}", "step": null, "ts": 1668462508.0386744}]}, "version": 70}
{"obj": {"type": "LogStrings", "path": ["monitoring", "stdout"], "values": [{"value": "\n", "step": null, "ts": 1668462508.0413375}]}, "version": 71}
{"obj": {"type": "LogStrings", "path": ["monitoring", "stdout"], "values": [{"value": "Accuracy: 0.7780872583389282", "step": null, "ts": 1668462508.0442495}]}, "version": 72}
{"obj": {"type": "LogStrings", "path": ["monitoring", "stdout"], "values": [{"value": "\n", "step": null, "ts": 1668462508.0467157}]}, "version": 73}
{"obj": {"type": "LogFloats", "path": ["training", "val_loss"], "values": [{"value": 1.4585224390029907, "step": null, "ts": 1668462508.049599}]}, "version": 74}
{"obj": {"type": "LogFloats", "path": ["training", "val_acc_step"], "values": [{"value": 0.7780872583389282, "step": null, "ts": 1668462508.05201}]}, "version": 75}
{"obj": {"type": "LogFloats", "path": ["training", "val_acc_epoch"], "values": [{"value": 0.7780872583389282, "step": null, "ts": 1668462508.0542257}]}, "version": 76}
{"obj": {"type": "LogFloats", "path": ["training", "epoch"], "values": [{"value": 0.0, "step": null, "ts": 1668462508.0565376}]}, "version": 77}
{"obj": {"type": "LogStrings", "path": ["monitoring", "stdout"], "values": [{"value": "Accuracy: 0.7252785563468933", "step": null, "ts": 1668462508.0632923}]}, "version": 78}
{"obj": {"type": "LogStrings", "path": ["monitoring", "stdout"], "values": [{"value": "\n", "step": null, "ts": 1668462508.065837}]}, "version": 79}
{"obj": {"type": "AssignString", "path": ["training", "model", "best_model_path"], "value": "/home/aron/BCM_activity_classification/checkpoints/latest_checkpoint-v16.ckpt"}, "version": 80}
{"obj": {"type": "UploadFile", "path": ["training", "model", "checkpoints", "latest_checkpoint-v16"], "ext": "ckpt", "file_path": "/home/aron/BCM_activity_classification/checkpoints/latest_checkpoint-v16.ckpt"}, "version": 81}
{"obj": {"type": "LogFloats", "path": ["training", "train_acc_epoch"], "values": [{"value": 0.7252785563468933, "step": null, "ts": 1668462508.0984473}]}, "version": 82}
{"obj": {"type": "LogFloats", "path": ["training", "epoch"], "values": [{"value": 0.0, "step": null, "ts": 1668462508.1006017}]}, "version": 83}
{"obj": {"type": "LogFloats", "path": ["training", "train_acc_step"], "values": [{"value": 0.6875, "step": null, "ts": 1668462508.3772614}]}, "version": 84}
{"obj": {"type": "LogFloats", "path": ["training", "train_loss"], "values": [{"value": 1.468514084815979, "step": null, "ts": 1668462508.379787}]}, "version": 85}
{"obj": {"type": "LogFloats", "path": ["training", "epoch"], "values": [{"value": 1.0, "step": null, "ts": 1668462508.381984}]}, "version": 86}
{"obj": {"type": "LogFloats", "path": ["training", "train_acc_step"], "values": [{"value": 0.75, "step": null, "ts": 1668462508.6489825}]}, "version": 87}
{"obj": {"type": "LogFloats", "path": ["training", "train_loss"], "values": [{"value": 1.4693210124969482, "step": null, "ts": 1668462508.6516953}]}, "version": 88}
{"obj": {"type": "LogFloats", "path": ["training", "epoch"], "values": [{"value": 1.0, "step": null, "ts": 1668462508.6539335}]}, "version": 89}
{"obj": {"type": "LogFloats", "path": ["training", "train_acc_step"], "values": [{"value": 0.90625, "step": null, "ts": 1668462508.9287076}]}, "version": 90}
{"obj": {"type": "LogFloats", "path": ["training", "train_loss"], "values": [{"value": 1.4572945833206177, "step": null, "ts": 1668462508.9310863}]}, "version": 91}
{"obj": {"type": "LogFloats", "path": ["training", "epoch"], "values": [{"value": 1.0, "step": null, "ts": 1668462508.9334078}]}, "version": 92}
{"obj": {"type": "LogFloats", "path": ["training", "train_acc_step"], "values": [{"value": 0.75, "step": null, "ts": 1668462509.2047784}]}, "version": 93}
{"obj": {"type": "LogFloats", "path": ["training", "train_loss"], "values": [{"value": 1.4582421779632568, "step": null, "ts": 1668462509.2077417}]}, "version": 94}
{"obj": {"type": "LogFloats", "path": ["training", "epoch"], "values": [{"value": 1.0, "step": null, "ts": 1668462509.210115}]}, "version": 95}
{"obj": {"type": "LogFloats", "path": ["training", "train_acc_step"], "values": [{"value": 0.75, "step": null, "ts": 1668462509.4796467}]}, "version": 96}
{"obj": {"type": "LogFloats", "path": ["training", "train_loss"], "values": [{"value": 1.4662249088287354, "step": null, "ts": 1668462509.482172}]}, "version": 97}
{"obj": {"type": "LogFloats", "path": ["training", "epoch"], "values": [{"value": 1.0, "step": null, "ts": 1668462509.4844398}]}, "version": 98}
{"obj": {"type": "LogFloats", "path": ["training", "train_acc_step"], "values": [{"value": 0.875, "step": null, "ts": 1668462509.7537003}]}, "version": 99}
{"obj": {"type": "LogFloats", "path": ["training", "train_loss"], "values": [{"value": 1.448707103729248, "step": null, "ts": 1668462509.755804}]}, "version": 100}
{"obj": {"type": "LogFloats", "path": ["training", "epoch"], "values": [{"value": 1.0, "step": null, "ts": 1668462509.7575555}]}, "version": 101}
{"obj": {"type": "LogFloats", "path": ["training", "train_acc_step"], "values": [{"value": 0.78125, "step": null, "ts": 1668462510.0268803}]}, "version": 102}
{"obj": {"type": "LogFloats", "path": ["training", "train_loss"], "values": [{"value": 1.450630784034729, "step": null, "ts": 1668462510.0292022}]}, "version": 103}
{"obj": {"type": "LogFloats", "path": ["training", "epoch"], "values": [{"value": 1.0, "step": null, "ts": 1668462510.0311885}]}, "version": 104}
{"obj": {"type": "LogFloats", "path": ["training", "train_acc_step"], "values": [{"value": 0.65625, "step": null, "ts": 1668462510.3005779}]}, "version": 105}
{"obj": {"type": "LogFloats", "path": ["training", "train_loss"], "values": [{"value": 1.4627487659454346, "step": null, "ts": 1668462510.3030043}]}, "version": 106}
{"obj": {"type": "LogFloats", "path": ["training", "epoch"], "values": [{"value": 1.0, "step": null, "ts": 1668462510.305051}]}, "version": 107}
{"obj": {"type": "LogFloats", "path": ["training", "train_acc_step"], "values": [{"value": 0.78125, "step": null, "ts": 1668462510.5752678}]}, "version": 108}
{"obj": {"type": "LogFloats", "path": ["training", "train_loss"], "values": [{"value": 1.4529759883880615, "step": null, "ts": 1668462510.5782816}]}, "version": 109}
{"obj": {"type": "LogFloats", "path": ["training", "epoch"], "values": [{"value": 1.0, "step": null, "ts": 1668462510.5808358}]}, "version": 110}
{"obj": {"type": "LogStrings", "path": ["monitoring", "stdout"], "values": [{"value": "{'progress_bar': {'val_loss': 1.4545897245407104}, 'log': {'val_loss': 1.4545897245407104}, 'val_loss': 1.4545897245407104}", "step": null, "ts": 1668462511.8800144}]}, "version": 111}
{"obj": {"type": "LogStrings", "path": ["monitoring", "stdout"], "values": [{"value": "\n", "step": null, "ts": 1668462511.8831065}]}, "version": 112}
{"obj": {"type": "LogStrings", "path": ["monitoring", "stdout"], "values": [{"value": "Accuracy: 0.7818012833595276", "step": null, "ts": 1668462511.8860662}]}, "version": 113}
{"obj": {"type": "LogStrings", "path": ["monitoring", "stdout"], "values": [{"value": "\n", "step": null, "ts": 1668462511.8887522}]}, "version": 114}
{"obj": {"type": "LogFloats", "path": ["training", "val_loss"], "values": [{"value": 1.454775333404541, "step": null, "ts": 1668462511.891884}]}, "version": 115}
{"obj": {"type": "LogFloats", "path": ["training", "val_acc_step"], "values": [{"value": 0.7818012833595276, "step": null, "ts": 1668462511.8943489}]}, "version": 116}
{"obj": {"type": "LogFloats", "path": ["training", "val_acc_epoch"], "values": [{"value": 0.7818012833595276, "step": null, "ts": 1668462511.8968484}]}, "version": 117}
{"obj": {"type": "LogFloats", "path": ["training", "epoch"], "values": [{"value": 1.0, "step": null, "ts": 1668462511.8992789}]}, "version": 118}
{"obj": {"type": "LogStrings", "path": ["monitoring", "stdout"], "values": [{"value": "Accuracy: 0.7633704543113708", "step": null, "ts": 1668462511.9058578}]}, "version": 119}
{"obj": {"type": "LogStrings", "path": ["monitoring", "stdout"], "values": [{"value": "\n", "step": null, "ts": 1668462511.908267}]}, "version": 120}
{"obj": {"type": "AssignString", "path": ["training", "model", "best_model_path"], "value": "/home/aron/BCM_activity_classification/checkpoints/latest_checkpoint-v17.ckpt"}, "version": 121}
{"obj": {"type": "UploadFile", "path": ["training", "model", "checkpoints", "latest_checkpoint-v17"], "ext": "ckpt", "file_path": "/home/aron/BCM_activity_classification/checkpoints/latest_checkpoint-v17.ckpt"}, "version": 122}
{"obj": {"type": "DeleteAttribute", "path": ["training", "model", "checkpoints", "latest_checkpoint-v16"]}, "version": 123}
{"obj": {"type": "LogFloats", "path": ["training", "train_acc_epoch"], "values": [{"value": 0.7633704543113708, "step": null, "ts": 1668462511.943958}]}, "version": 124}
{"obj": {"type": "LogFloats", "path": ["training", "epoch"], "values": [{"value": 1.0, "step": null, "ts": 1668462511.9462745}]}, "version": 125}
{"obj": {"type": "LogFloats", "path": ["training", "train_acc_step"], "values": [{"value": 0.625, "step": null, "ts": 1668462512.219494}]}, "version": 126}
{"obj": {"type": "LogFloats", "path": ["training", "train_loss"], "values": [{"value": 1.457858681678772, "step": null, "ts": 1668462512.2296069}]}, "version": 127}
{"obj": {"type": "LogFloats", "path": ["training", "epoch"], "values": [{"value": 2.0, "step": null, "ts": 1668462512.2321858}]}, "version": 128}
{"obj": {"type": "LogFloats", "path": ["training", "train_acc_step"], "values": [{"value": 0.8125, "step": null, "ts": 1668462512.4911916}]}, "version": 129}
{"obj": {"type": "LogFloats", "path": ["training", "train_loss"], "values": [{"value": 1.446286916732788, "step": null, "ts": 1668462512.4938142}]}, "version": 130}
{"obj": {"type": "LogFloats", "path": ["training", "epoch"], "values": [{"value": 2.0, "step": null, "ts": 1668462512.4963875}]}, "version": 131}
{"obj": {"type": "LogFloats", "path": ["training", "train_acc_step"], "values": [{"value": 0.8125, "step": null, "ts": 1668462512.7577777}]}, "version": 132}
{"obj": {"type": "LogFloats", "path": ["training", "train_loss"], "values": [{"value": 1.4387516975402832, "step": null, "ts": 1668462512.7712793}]}, "version": 133}
{"obj": {"type": "LogFloats", "path": ["training", "epoch"], "values": [{"value": 2.0, "step": null, "ts": 1668462512.7738535}]}, "version": 134}
{"obj": {"type": "LogFloats", "path": ["training", "train_acc_step"], "values": [{"value": 0.625, "step": null, "ts": 1668462513.0348997}]}, "version": 135}
{"obj": {"type": "LogFloats", "path": ["training", "train_loss"], "values": [{"value": 1.4700592756271362, "step": null, "ts": 1668462513.0379944}]}, "version": 136}
{"obj": {"type": "LogFloats", "path": ["training", "epoch"], "values": [{"value": 2.0, "step": null, "ts": 1668462513.0405445}]}, "version": 137}
{"obj": {"type": "LogFloats", "path": ["monitoring", "cpu"], "values": [{"value": 12.3, "step": null, "ts": 1668462513.0593345}]}, "version": 138}
{"obj": {"type": "LogFloats", "path": ["monitoring", "memory"], "values": [{"value": 5.333824157714844, "step": null, "ts": 1668462513.0593345}]}, "version": 139}
{"obj": {"type": "LogFloats", "path": ["monitoring", "gpu_0"], "values": [{"value": 44.0, "step": null, "ts": 1668462513.0593345}]}, "version": 140}
{"obj": {"type": "LogFloats", "path": ["monitoring", "gpu_memory_0"], "values": [{"value": 1.46685791015625, "step": null, "ts": 1668462513.0593345}]}, "version": 141}
{"obj": {"type": "LogFloats", "path": ["monitoring", "gpu_memory_1"], "values": [{"value": 0.232177734375, "step": null, "ts": 1668462513.0593345}]}, "version": 142}
{"obj": {"type": "LogFloats", "path": ["training", "train_acc_step"], "values": [{"value": 0.78125, "step": null, "ts": 1668462513.3053596}]}, "version": 143}
{"obj": {"type": "LogFloats", "path": ["training", "train_loss"], "values": [{"value": 1.4476442337036133, "step": null, "ts": 1668462513.3084085}]}, "version": 144}
{"obj": {"type": "LogFloats", "path": ["training", "epoch"], "values": [{"value": 2.0, "step": null, "ts": 1668462513.3113446}]}, "version": 145}
{"obj": {"type": "LogFloats", "path": ["training", "train_acc_step"], "values": [{"value": 0.78125, "step": null, "ts": 1668462513.5738697}]}, "version": 146}
{"obj": {"type": "LogFloats", "path": ["training", "train_loss"], "values": [{"value": 1.4478251934051514, "step": null, "ts": 1668462513.5765667}]}, "version": 147}
{"obj": {"type": "LogFloats", "path": ["training", "epoch"], "values": [{"value": 2.0, "step": null, "ts": 1668462513.5791767}]}, "version": 148}
{"obj": {"type": "LogFloats", "path": ["training", "train_acc_step"], "values": [{"value": 0.75, "step": null, "ts": 1668462513.840155}]}, "version": 149}
{"obj": {"type": "LogFloats", "path": ["training", "train_loss"], "values": [{"value": 1.4435315132141113, "step": null, "ts": 1668462513.8435066}]}, "version": 150}
{"obj": {"type": "LogFloats", "path": ["training", "epoch"], "values": [{"value": 2.0, "step": null, "ts": 1668462513.8460245}]}, "version": 151}
{"obj": {"type": "LogFloats", "path": ["training", "train_acc_step"], "values": [{"value": 0.8125, "step": null, "ts": 1668462514.1071026}]}, "version": 152}
{"obj": {"type": "LogFloats", "path": ["training", "train_loss"], "values": [{"value": 1.4433813095092773, "step": null, "ts": 1668462514.1100647}]}, "version": 153}
{"obj": {"type": "LogFloats", "path": ["training", "epoch"], "values": [{"value": 2.0, "step": null, "ts": 1668462514.1128106}]}, "version": 154}
{"obj": {"type": "LogFloats", "path": ["training", "train_acc_step"], "values": [{"value": 0.78125, "step": null, "ts": 1668462514.373008}]}, "version": 155}
{"obj": {"type": "LogFloats", "path": ["training", "train_loss"], "values": [{"value": 1.4459220170974731, "step": null, "ts": 1668462514.3761501}]}, "version": 156}
{"obj": {"type": "LogFloats", "path": ["training", "epoch"], "values": [{"value": 2.0, "step": null, "ts": 1668462514.3789148}]}, "version": 157}
{"obj": {"type": "LogStrings", "path": ["monitoring", "stdout"], "values": [{"value": "{'progress_bar': {'val_loss': 1.4530906677246094}, 'log': {'val_loss': 1.4530906677246094}, 'val_loss': 1.4530906677246094}", "step": null, "ts": 1668462515.683554}]}, "version": 158}
{"obj": {"type": "LogStrings", "path": ["monitoring", "stdout"], "values": [{"value": "\n", "step": null, "ts": 1668462515.6863296}]}, "version": 159}
{"obj": {"type": "LogStrings", "path": ["monitoring", "stdout"], "values": [{"value": "Accuracy: 0.7779015898704529", "step": null, "ts": 1668462515.6888216}]}, "version": 160}
{"obj": {"type": "LogStrings", "path": ["monitoring", "stdout"], "values": [{"value": "\n", "step": null, "ts": 1668462515.691151}]}, "version": 161}
{"obj": {"type": "LogFloats", "path": ["training", "val_loss"], "values": [{"value": 1.4532703161239624, "step": null, "ts": 1668462515.6940281}]}, "version": 162}
{"obj": {"type": "LogFloats", "path": ["training", "val_acc_step"], "values": [{"value": 0.7779015898704529, "step": null, "ts": 1668462515.6964803}]}, "version": 163}
{"obj": {"type": "LogFloats", "path": ["training", "val_acc_epoch"], "values": [{"value": 0.7779015898704529, "step": null, "ts": 1668462515.6989112}]}, "version": 164}
{"obj": {"type": "LogFloats", "path": ["training", "epoch"], "values": [{"value": 2.0, "step": null, "ts": 1668462515.7012577}]}, "version": 165}
{"obj": {"type": "LogStrings", "path": ["monitoring", "stdout"], "values": [{"value": "Accuracy: 0.765668511390686", "step": null, "ts": 1668462515.7078457}]}, "version": 166}
{"obj": {"type": "LogStrings", "path": ["monitoring", "stdout"], "values": [{"value": "\n", "step": null, "ts": 1668462515.7105148}]}, "version": 167}
{"obj": {"type": "AssignString", "path": ["training", "model", "best_model_path"], "value": "/home/aron/BCM_activity_classification/checkpoints/latest_checkpoint-v16.ckpt"}, "version": 168}
{"obj": {"type": "UploadFile", "path": ["training", "model", "checkpoints", "latest_checkpoint-v16"], "ext": "ckpt", "file_path": "/home/aron/BCM_activity_classification/checkpoints/latest_checkpoint-v16.ckpt"}, "version": 169}
{"obj": {"type": "DeleteAttribute", "path": ["training", "model", "checkpoints", "latest_checkpoint-v17"]}, "version": 170}
{"obj": {"type": "LogFloats", "path": ["training", "train_acc_epoch"], "values": [{"value": 0.765668511390686, "step": null, "ts": 1668462515.7470646}]}, "version": 171}
{"obj": {"type": "LogFloats", "path": ["training", "epoch"], "values": [{"value": 2.0, "step": null, "ts": 1668462515.7494886}]}, "version": 172}
{"obj": {"type": "LogFloats", "path": ["training", "train_acc_step"], "values": [{"value": 0.84375, "step": null, "ts": 1668462516.0373912}]}, "version": 173}
{"obj": {"type": "LogFloats", "path": ["training", "train_loss"], "values": [{"value": 1.4336297512054443, "step": null, "ts": 1668462516.0397272}]}, "version": 174}
{"obj": {"type": "LogFloats", "path": ["training", "epoch"], "values": [{"value": 3.0, "step": null, "ts": 1668462516.041705}]}, "version": 175}
{"obj": {"type": "LogFloats", "path": ["training", "train_acc_step"], "values": [{"value": 0.8125, "step": null, "ts": 1668462516.3061333}]}, "version": 176}
{"obj": {"type": "LogFloats", "path": ["training", "train_loss"], "values": [{"value": 1.4464635848999023, "step": null, "ts": 1668462516.30892}]}, "version": 177}
{"obj": {"type": "LogFloats", "path": ["training", "epoch"], "values": [{"value": 3.0, "step": null, "ts": 1668462516.3111942}]}, "version": 178}
{"obj": {"type": "LogFloats", "path": ["training", "train_acc_step"], "values": [{"value": 0.78125, "step": null, "ts": 1668462516.5807319}]}, "version": 179}
{"obj": {"type": "LogFloats", "path": ["training", "train_loss"], "values": [{"value": 1.440929651260376, "step": null, "ts": 1668462516.5833752}]}, "version": 180}
{"obj": {"type": "LogFloats", "path": ["training", "epoch"], "values": [{"value": 3.0, "step": null, "ts": 1668462516.585843}]}, "version": 181}
{"obj": {"type": "LogFloats", "path": ["training", "train_acc_step"], "values": [{"value": 0.78125, "step": null, "ts": 1668462516.8562472}]}, "version": 182}
{"obj": {"type": "LogFloats", "path": ["training", "train_loss"], "values": [{"value": 1.4498372077941895, "step": null, "ts": 1668462516.8592107}]}, "version": 183}
{"obj": {"type": "LogFloats", "path": ["training", "epoch"], "values": [{"value": 3.0, "step": null, "ts": 1668462516.861747}]}, "version": 184}
{"obj": {"type": "LogFloats", "path": ["training", "train_acc_step"], "values": [{"value": 0.8125, "step": null, "ts": 1668462517.1319513}]}, "version": 185}
{"obj": {"type": "LogFloats", "path": ["training", "train_loss"], "values": [{"value": 1.4350671768188477, "step": null, "ts": 1668462517.136023}]}, "version": 186}
{"obj": {"type": "LogFloats", "path": ["training", "epoch"], "values": [{"value": 3.0, "step": null, "ts": 1668462517.1383584}]}, "version": 187}
{"obj": {"type": "LogFloats", "path": ["training", "train_acc_step"], "values": [{"value": 0.84375, "step": null, "ts": 1668462517.407585}]}, "version": 188}
{"obj": {"type": "LogFloats", "path": ["training", "train_loss"], "values": [{"value": 1.447746753692627, "step": null, "ts": 1668462517.4105296}]}, "version": 189}
{"obj": {"type": "LogFloats", "path": ["training", "epoch"], "values": [{"value": 3.0, "step": null, "ts": 1668462517.4130335}]}, "version": 190}
{"obj": {"type": "LogFloats", "path": ["training", "train_acc_step"], "values": [{"value": 0.71875, "step": null, "ts": 1668462517.6829085}]}, "version": 191}
{"obj": {"type": "LogFloats", "path": ["training", "train_loss"], "values": [{"value": 1.4625097513198853, "step": null, "ts": 1668462517.6852782}]}, "version": 192}
{"obj": {"type": "LogFloats", "path": ["training", "epoch"], "values": [{"value": 3.0, "step": null, "ts": 1668462517.696926}]}, "version": 193}
{"obj": {"type": "LogFloats", "path": ["training", "train_acc_step"], "values": [{"value": 0.65625, "step": null, "ts": 1668462517.9672456}]}, "version": 194}
{"obj": {"type": "LogFloats", "path": ["training", "train_loss"], "values": [{"value": 1.4535781145095825, "step": null, "ts": 1668462517.969609}]}, "version": 195}
{"obj": {"type": "LogFloats", "path": ["training", "epoch"], "values": [{"value": 3.0, "step": null, "ts": 1668462517.971834}]}, "version": 196}
{"obj": {"type": "LogFloats", "path": ["training", "train_acc_step"], "values": [{"value": 0.75, "step": null, "ts": 1668462518.2412786}]}, "version": 197}
{"obj": {"type": "LogFloats", "path": ["training", "train_loss"], "values": [{"value": 1.4362425804138184, "step": null, "ts": 1668462518.2442365}]}, "version": 198}
{"obj": {"type": "LogFloats", "path": ["training", "epoch"], "values": [{"value": 3.0, "step": null, "ts": 1668462518.246911}]}, "version": 199}
{"obj": {"type": "LogStrings", "path": ["monitoring", "stdout"], "values": [{"value": "{'progress_bar': {'val_loss': 1.4563112258911133}, 'log': {'val_loss': 1.4563112258911133}, 'val_loss': 1.4563112258911133}", "step": null, "ts": 1668462519.5667787}]}, "version": 200}
{"obj": {"type": "LogStrings", "path": ["monitoring", "stdout"], "values": [{"value": "\n", "step": null, "ts": 1668462519.5708792}]}, "version": 201}
{"obj": {"type": "LogStrings", "path": ["monitoring", "stdout"], "values": [{"value": "Accuracy: 0.7727019786834717", "step": null, "ts": 1668462519.5750983}]}, "version": 202}
{"obj": {"type": "LogStrings", "path": ["monitoring", "stdout"], "values": [{"value": "\n", "step": null, "ts": 1668462519.5789475}]}, "version": 203}
{"obj": {"type": "LogFloats", "path": ["training", "val_loss"], "values": [{"value": 1.4565030336380005, "step": null, "ts": 1668462519.582592}]}, "version": 204}
{"obj": {"type": "LogFloats", "path": ["training", "val_acc_step"], "values": [{"value": 0.7727019786834717, "step": null, "ts": 1668462519.5854743}]}, "version": 205}
{"obj": {"type": "LogFloats", "path": ["training", "val_acc_epoch"], "values": [{"value": 0.7727019786834717, "step": null, "ts": 1668462519.5884507}]}, "version": 206}
{"obj": {"type": "LogFloats", "path": ["training", "epoch"], "values": [{"value": 3.0, "step": null, "ts": 1668462519.5912635}]}, "version": 207}
{"obj": {"type": "LogStrings", "path": ["monitoring", "stdout"], "values": [{"value": "Accuracy: 0.7669219970703125", "step": null, "ts": 1668462519.599637}]}, "version": 208}
{"obj": {"type": "LogStrings", "path": ["monitoring", "stdout"], "values": [{"value": "\n", "step": null, "ts": 1668462519.6029727}]}, "version": 209}
{"obj": {"type": "AssignString", "path": ["training", "model", "best_model_path"], "value": "/home/aron/BCM_activity_classification/checkpoints/latest_checkpoint-v17.ckpt"}, "version": 210}
{"obj": {"type": "UploadFile", "path": ["training", "model", "checkpoints", "latest_checkpoint-v17"], "ext": "ckpt", "file_path": "/home/aron/BCM_activity_classification/checkpoints/latest_checkpoint-v17.ckpt"}, "version": 211}
{"obj": {"type": "DeleteAttribute", "path": ["training", "model", "checkpoints", "latest_checkpoint-v16"]}, "version": 212}
{"obj": {"type": "LogFloats", "path": ["training", "train_acc_epoch"], "values": [{"value": 0.7669219970703125, "step": null, "ts": 1668462519.643715}]}, "version": 213}
{"obj": {"type": "LogFloats", "path": ["training", "epoch"], "values": [{"value": 3.0, "step": null, "ts": 1668462519.6466587}]}, "version": 214}
{"obj": {"type": "LogFloats", "path": ["training", "train_acc_step"], "values": [{"value": 0.6875, "step": null, "ts": 1668462519.9511423}]}, "version": 215}
{"obj": {"type": "LogFloats", "path": ["training", "train_loss"], "values": [{"value": 1.459429144859314, "step": null, "ts": 1668462519.9548588}]}, "version": 216}
{"obj": {"type": "LogFloats", "path": ["training", "epoch"], "values": [{"value": 4.0, "step": null, "ts": 1668462519.9586105}]}, "version": 217}
{"obj": {"type": "LogFloats", "path": ["training", "train_acc_step"], "values": [{"value": 0.78125, "step": null, "ts": 1668462520.238843}]}, "version": 218}
{"obj": {"type": "LogFloats", "path": ["training", "train_loss"], "values": [{"value": 1.4378674030303955, "step": null, "ts": 1668462520.2432556}]}, "version": 219}
{"obj": {"type": "LogFloats", "path": ["training", "epoch"], "values": [{"value": 4.0, "step": null, "ts": 1668462520.24713}]}, "version": 220}
{"obj": {"type": "LogStrings", "path": ["monitoring", "stderr"], "values": [{"value": "Error occurred during asynchronous operation processing: Cannot upload file /home/aron/BCM_activity_classification/checkpoints/latest_checkpoint-v16.ckpt: Path not found or is a not a file.\n", "step": null, "ts": 1668462520.35172}]}, "version": 221}
{"obj": {"type": "LogStrings", "path": ["monitoring", "stderr"], "values": [{"value": "Error occurred during asynchronous operation processing: Cannot delete training/model/checkpoints/latest_checkpoint-v16: Attribute does not exist\n", "step": null, "ts": 1668462520.3566415}]}, "version": 222}
{"obj": {"type": "LogFloats", "path": ["training", "train_acc_step"], "values": [{"value": 0.71875, "step": null, "ts": 1668462520.5295215}]}, "version": 223}
{"obj": {"type": "LogFloats", "path": ["training", "train_loss"], "values": [{"value": 1.447582721710205, "step": null, "ts": 1668462520.5341935}]}, "version": 224}
{"obj": {"type": "LogFloats", "path": ["training", "epoch"], "values": [{"value": 4.0, "step": null, "ts": 1668462520.5374572}]}, "version": 225}
{"obj": {"type": "LogFloats", "path": ["training", "train_acc_step"], "values": [{"value": 0.9375, "step": null, "ts": 1668462520.8171303}]}, "version": 226}
{"obj": {"type": "LogFloats", "path": ["training", "train_loss"], "values": [{"value": 1.4327943325042725, "step": null, "ts": 1668462520.821289}]}, "version": 227}
{"obj": {"type": "LogFloats", "path": ["training", "epoch"], "values": [{"value": 4.0, "step": null, "ts": 1668462520.82482}]}, "version": 228}
{"obj": {"type": "LogFloats", "path": ["training", "train_acc_step"], "values": [{"value": 0.75, "step": null, "ts": 1668462521.1024685}]}, "version": 229}
{"obj": {"type": "LogFloats", "path": ["training", "train_loss"], "values": [{"value": 1.4362826347351074, "step": null, "ts": 1668462521.1065946}]}, "version": 230}
{"obj": {"type": "LogFloats", "path": ["training", "epoch"], "values": [{"value": 4.0, "step": null, "ts": 1668462521.1098814}]}, "version": 231}
{"obj": {"type": "LogFloats", "path": ["training", "train_acc_step"], "values": [{"value": 0.84375, "step": null, "ts": 1668462521.390758}]}, "version": 232}
{"obj": {"type": "LogFloats", "path": ["training", "train_loss"], "values": [{"value": 1.438896656036377, "step": null, "ts": 1668462521.3987892}]}, "version": 233}
{"obj": {"type": "LogFloats", "path": ["training", "epoch"], "values": [{"value": 4.0, "step": null, "ts": 1668462521.401792}]}, "version": 234}
{"obj": {"type": "LogFloats", "path": ["training", "train_acc_step"], "values": [{"value": 0.875, "step": null, "ts": 1668462521.6809826}]}, "version": 235}
{"obj": {"type": "LogFloats", "path": ["training", "train_loss"], "values": [{"value": 1.4446449279785156, "step": null, "ts": 1668462521.684829}]}, "version": 236}
{"obj": {"type": "LogFloats", "path": ["training", "epoch"], "values": [{"value": 4.0, "step": null, "ts": 1668462521.6889324}]}, "version": 237}
{"obj": {"type": "LogFloats", "path": ["training", "train_acc_step"], "values": [{"value": 0.90625, "step": null, "ts": 1668462521.9690146}]}, "version": 238}
{"obj": {"type": "LogFloats", "path": ["training", "train_loss"], "values": [{"value": 1.4283294677734375, "step": null, "ts": 1668462521.973218}]}, "version": 239}
{"obj": {"type": "LogFloats", "path": ["training", "epoch"], "values": [{"value": 4.0, "step": null, "ts": 1668462521.9764836}]}, "version": 240}
{"obj": {"type": "LogFloats", "path": ["training", "train_acc_step"], "values": [{"value": 0.75, "step": null, "ts": 1668462522.2565236}]}, "version": 241}
{"obj": {"type": "LogFloats", "path": ["training", "train_loss"], "values": [{"value": 1.4529051780700684, "step": null, "ts": 1668462522.2605925}]}, "version": 242}
{"obj": {"type": "LogFloats", "path": ["training", "epoch"], "values": [{"value": 4.0, "step": null, "ts": 1668462522.2638896}]}, "version": 243}
{"obj": {"type": "LogFloats", "path": ["monitoring", "cpu"], "values": [{"value": 12.4, "step": null, "ts": 1668462523.076615}]}, "version": 244}
{"obj": {"type": "LogFloats", "path": ["monitoring", "memory"], "values": [{"value": 5.315731048583984, "step": null, "ts": 1668462523.076615}]}, "version": 245}
{"obj": {"type": "LogFloats", "path": ["monitoring", "gpu_0"], "values": [{"value": 33.0, "step": null, "ts": 1668462523.076615}]}, "version": 246}
{"obj": {"type": "LogFloats", "path": ["monitoring", "gpu_memory_0"], "values": [{"value": 1.46685791015625, "step": null, "ts": 1668462523.076615}]}, "version": 247}
{"obj": {"type": "LogFloats", "path": ["monitoring", "gpu_memory_1"], "values": [{"value": 0.232177734375, "step": null, "ts": 1668462523.076615}]}, "version": 248}
{"obj": {"type": "LogStrings", "path": ["monitoring", "stdout"], "values": [{"value": "{'progress_bar': {'val_loss': 1.4520373344421387}, 'log': {'val_loss': 1.4520373344421387}, 'val_loss': 1.4520373344421387}", "step": null, "ts": 1668462523.5666826}]}, "version": 249}
{"obj": {"type": "LogStrings", "path": ["monitoring", "stdout"], "values": [{"value": "\n", "step": null, "ts": 1668462523.5701418}]}, "version": 250}
{"obj": {"type": "LogStrings", "path": ["monitoring", "stdout"], "values": [{"value": "Accuracy: 0.7766016721725464", "step": null, "ts": 1668462523.573439}]}, "version": 251}
{"obj": {"type": "LogStrings", "path": ["monitoring", "stdout"], "values": [{"value": "\n", "step": null, "ts": 1668462523.5764816}]}, "version": 252}
{"obj": {"type": "LogFloats", "path": ["training", "val_loss"], "values": [{"value": 1.4521894454956055, "step": null, "ts": 1668462523.5805502}]}, "version": 253}
{"obj": {"type": "LogFloats", "path": ["training", "val_acc_step"], "values": [{"value": 0.7766016721725464, "step": null, "ts": 1668462523.58364}]}, "version": 254}
{"obj": {"type": "LogFloats", "path": ["training", "val_acc_epoch"], "values": [{"value": 0.7766016721725464, "step": null, "ts": 1668462523.5866015}]}, "version": 255}
{"obj": {"type": "LogFloats", "path": ["training", "epoch"], "values": [{"value": 4.0, "step": null, "ts": 1668462523.5896692}]}, "version": 256}
{"obj": {"type": "LogStrings", "path": ["monitoring", "stdout"], "values": [{"value": "Accuracy: 0.7734679579734802", "step": null, "ts": 1668462523.5968497}]}, "version": 257}
{"obj": {"type": "LogStrings", "path": ["monitoring", "stdout"], "values": [{"value": "\n", "step": null, "ts": 1668462523.6006534}]}, "version": 258}
{"obj": {"type": "AssignString", "path": ["training", "model", "best_model_path"], "value": "/home/aron/BCM_activity_classification/checkpoints/latest_checkpoint-v16.ckpt"}, "version": 259}
{"obj": {"type": "UploadFile", "path": ["training", "model", "checkpoints", "latest_checkpoint-v16"], "ext": "ckpt", "file_path": "/home/aron/BCM_activity_classification/checkpoints/latest_checkpoint-v16.ckpt"}, "version": 260}
{"obj": {"type": "DeleteAttribute", "path": ["training", "model", "checkpoints", "latest_checkpoint-v17"]}, "version": 261}
{"obj": {"type": "LogFloats", "path": ["training", "train_acc_epoch"], "values": [{"value": 0.7734679579734802, "step": null, "ts": 1668462523.6414468}]}, "version": 262}
{"obj": {"type": "LogFloats", "path": ["training", "epoch"], "values": [{"value": 4.0, "step": null, "ts": 1668462523.6442552}]}, "version": 263}
{"obj": {"type": "AssignString", "path": ["training", "status"], "value": "success"}, "version": 264}
{"obj": {"type": "LogStrings", "path": ["monitoring", "stdout"], "values": [{"value": "checkpoints/latest_checkpoint-v16.ckpt", "step": null, "ts": 1668462523.791889}]}, "version": 265}
{"obj": {"type": "LogStrings", "path": ["monitoring", "stdout"], "values": [{"value": "\n", "step": null, "ts": 1668462523.7952187}]}, "version": 266}
{"obj": {"type": "LogStrings", "path": ["monitoring", "stderr"], "values": [{"value": "Error occurred during asynchronous operation processing: Cannot delete training/model/checkpoints/latest_checkpoint-v17: Attribute does not exist\n", "step": null, "ts": 1668462525.8751142}]}, "version": 267}
{"obj": {"type": "LogFloats", "path": ["monitoring", "cpu"], "values": [{"value": 0.9, "step": null, "ts": 1668462533.094738}]}, "version": 268}
{"obj": {"type": "LogFloats", "path": ["monitoring", "memory"], "values": [{"value": 5.051029205322266, "step": null, "ts": 1668462533.094738}]}, "version": 269}
{"obj": {"type": "LogFloats", "path": ["monitoring", "gpu_memory_0"], "values": [{"value": 1.33209228515625, "step": null, "ts": 1668462533.094738}]}, "version": 270}
{"obj": {"type": "LogFloats", "path": ["monitoring", "gpu_memory_1"], "values": [{"value": 0.232177734375, "step": null, "ts": 1668462533.094738}]}, "version": 271}
{"obj": {"type": "LogFloats", "path": ["monitoring", "memory"], "values": [{"value": 5.05126953125, "step": null, "ts": 1668462543.1124344}]}, "version": 272}
{"obj": {"type": "LogFloats", "path": ["monitoring", "gpu_memory_0"], "values": [{"value": 1.33209228515625, "step": null, "ts": 1668462543.1124344}]}, "version": 273}
{"obj": {"type": "LogFloats", "path": ["monitoring", "gpu_memory_1"], "values": [{"value": 0.232177734375, "step": null, "ts": 1668462543.1124344}]}, "version": 274}
{"obj": {"type": "LogFloats", "path": ["monitoring", "memory"], "values": [{"value": 5.051715850830078, "step": null, "ts": 1668462553.124367}]}, "version": 275}
{"obj": {"type": "LogFloats", "path": ["monitoring", "gpu_memory_0"], "values": [{"value": 1.33209228515625, "step": null, "ts": 1668462553.124367}]}, "version": 276}
{"obj": {"type": "LogFloats", "path": ["monitoring", "gpu_memory_1"], "values": [{"value": 0.232177734375, "step": null, "ts": 1668462553.124367}]}, "version": 277}
{"obj": {"type": "LogFloats", "path": ["monitoring", "memory"], "values": [{"value": 5.053348541259766, "step": null, "ts": 1668462563.1372082}]}, "version": 278}
{"obj": {"type": "LogFloats", "path": ["monitoring", "gpu_memory_0"], "values": [{"value": 1.33209228515625, "step": null, "ts": 1668462563.1372082}]}, "version": 279}
{"obj": {"type": "LogFloats", "path": ["monitoring", "gpu_memory_1"], "values": [{"value": 0.232177734375, "step": null, "ts": 1668462563.1372082}]}, "version": 280}
{"obj": {"type": "LogFloats", "path": ["monitoring", "memory"], "values": [{"value": 5.053348541259766, "step": null, "ts": 1668462573.1484373}]}, "version": 281}
{"obj": {"type": "LogFloats", "path": ["monitoring", "gpu_memory_0"], "values": [{"value": 1.33209228515625, "step": null, "ts": 1668462573.1484373}]}, "version": 282}
{"obj": {"type": "LogFloats", "path": ["monitoring", "gpu_memory_1"], "values": [{"value": 0.232177734375, "step": null, "ts": 1668462573.1484373}]}, "version": 283}
{"obj": {"type": "LogFloats", "path": ["monitoring", "cpu"], "values": [{"value": 0.1, "step": null, "ts": 1668462583.1620412}]}, "version": 284}
{"obj": {"type": "LogFloats", "path": ["monitoring", "memory"], "values": [{"value": 5.053920745849609, "step": null, "ts": 1668462583.1620412}]}, "version": 285}
{"obj": {"type": "LogFloats", "path": ["monitoring", "gpu_memory_0"], "values": [{"value": 1.33209228515625, "step": null, "ts": 1668462583.1620412}]}, "version": 286}
{"obj": {"type": "LogFloats", "path": ["monitoring", "gpu_memory_1"], "values": [{"value": 0.232177734375, "step": null, "ts": 1668462583.1620412}]}, "version": 287}
{"obj": {"type": "LogFloats", "path": ["monitoring", "memory"], "values": [{"value": 5.053920745849609, "step": null, "ts": 1668462593.1801145}]}, "version": 288}
{"obj": {"type": "LogFloats", "path": ["monitoring", "gpu_memory_0"], "values": [{"value": 1.33209228515625, "step": null, "ts": 1668462593.1801145}]}, "version": 289}
{"obj": {"type": "LogFloats", "path": ["monitoring", "gpu_memory_1"], "values": [{"value": 0.232177734375, "step": null, "ts": 1668462593.1801145}]}, "version": 290}
{"obj": {"type": "LogFloats", "path": ["monitoring", "cpu"], "values": [{"value": 0.5, "step": null, "ts": 1668462603.193191}]}, "version": 291}
{"obj": {"type": "LogFloats", "path": ["monitoring", "memory"], "values": [{"value": 5.099742889404297, "step": null, "ts": 1668462603.193191}]}, "version": 292}
{"obj": {"type": "LogFloats", "path": ["monitoring", "gpu_memory_0"], "values": [{"value": 1.33209228515625, "step": null, "ts": 1668462603.193191}]}, "version": 293}
{"obj": {"type": "LogFloats", "path": ["monitoring", "gpu_memory_1"], "values": [{"value": 0.232177734375, "step": null, "ts": 1668462603.193191}]}, "version": 294}
{"obj": {"type": "LogFloats", "path": ["monitoring", "cpu"], "values": [{"value": 2.0, "step": null, "ts": 1668462613.2058918}]}, "version": 295}
{"obj": {"type": "LogFloats", "path": ["monitoring", "memory"], "values": [{"value": 5.0544586181640625, "step": null, "ts": 1668462613.2058918}]}, "version": 296}
{"obj": {"type": "LogFloats", "path": ["monitoring", "gpu_memory_0"], "values": [{"value": 1.33209228515625, "step": null, "ts": 1668462613.2058918}]}, "version": 297}
{"obj": {"type": "LogFloats", "path": ["monitoring", "gpu_memory_1"], "values": [{"value": 0.232177734375, "step": null, "ts": 1668462613.2058918}]}, "version": 298}
{"obj": {"type": "LogFloats", "path": ["monitoring", "memory"], "values": [{"value": 5.05517578125, "step": null, "ts": 1668462623.2237399}]}, "version": 299}
{"obj": {"type": "LogFloats", "path": ["monitoring", "gpu_memory_0"], "values": [{"value": 1.33209228515625, "step": null, "ts": 1668462623.2237399}]}, "version": 300}
{"obj": {"type": "LogFloats", "path": ["monitoring", "gpu_memory_1"], "values": [{"value": 0.232177734375, "step": null, "ts": 1668462623.2237399}]}, "version": 301}
{"obj": {"type": "LogFloats", "path": ["monitoring", "memory"], "values": [{"value": 5.055171966552734, "step": null, "ts": 1668462633.2338657}]}, "version": 302}
{"obj": {"type": "LogFloats", "path": ["monitoring", "gpu_memory_0"], "values": [{"value": 1.33209228515625, "step": null, "ts": 1668462633.2338657}]}, "version": 303}
{"obj": {"type": "LogFloats", "path": ["monitoring", "gpu_memory_1"], "values": [{"value": 0.232177734375, "step": null, "ts": 1668462633.2338657}]}, "version": 304}
{"obj": {"type": "LogFloats", "path": ["monitoring", "memory"], "values": [{"value": 5.055171966552734, "step": null, "ts": 1668462643.244822}]}, "version": 305}
{"obj": {"type": "LogFloats", "path": ["monitoring", "gpu_memory_0"], "values": [{"value": 1.33209228515625, "step": null, "ts": 1668462643.244822}]}, "version": 306}
{"obj": {"type": "LogFloats", "path": ["monitoring", "gpu_memory_1"], "values": [{"value": 0.232177734375, "step": null, "ts": 1668462643.244822}]}, "version": 307}
{"obj": {"type": "LogFloats", "path": ["monitoring", "memory"], "values": [{"value": 5.055171966552734, "step": null, "ts": 1668462653.256229}]}, "version": 308}
{"obj": {"type": "LogFloats", "path": ["monitoring", "gpu_memory_0"], "values": [{"value": 1.33209228515625, "step": null, "ts": 1668462653.256229}]}, "version": 309}
{"obj": {"type": "LogFloats", "path": ["monitoring", "gpu_memory_1"], "values": [{"value": 0.232177734375, "step": null, "ts": 1668462653.256229}]}, "version": 310}
{"obj": {"type": "LogFloats", "path": ["monitoring", "memory"], "values": [{"value": 5.055171966552734, "step": null, "ts": 1668462663.270245}]}, "version": 311}
{"obj": {"type": "LogFloats", "path": ["monitoring", "gpu_memory_0"], "values": [{"value": 1.33209228515625, "step": null, "ts": 1668462663.270245}]}, "version": 312}
{"obj": {"type": "LogFloats", "path": ["monitoring", "gpu_memory_1"], "values": [{"value": 0.232177734375, "step": null, "ts": 1668462663.270245}]}, "version": 313}
{"obj": {"type": "LogFloats", "path": ["monitoring", "memory"], "values": [{"value": 5.055171966552734, "step": null, "ts": 1668462673.283971}]}, "version": 314}
{"obj": {"type": "LogFloats", "path": ["monitoring", "gpu_memory_0"], "values": [{"value": 1.33209228515625, "step": null, "ts": 1668462673.283971}]}, "version": 315}
{"obj": {"type": "LogFloats", "path": ["monitoring", "gpu_memory_1"], "values": [{"value": 0.232177734375, "step": null, "ts": 1668462673.283971}]}, "version": 316}
{"obj": {"type": "LogFloats", "path": ["monitoring", "memory"], "values": [{"value": 5.05511474609375, "step": null, "ts": 1668462683.2965152}]}, "version": 317}
{"obj": {"type": "LogFloats", "path": ["monitoring", "gpu_memory_0"], "values": [{"value": 1.33209228515625, "step": null, "ts": 1668462683.2965152}]}, "version": 318}
{"obj": {"type": "LogFloats", "path": ["monitoring", "gpu_memory_1"], "values": [{"value": 0.232177734375, "step": null, "ts": 1668462683.2965152}]}, "version": 319}
{"obj": {"type": "LogFloats", "path": ["monitoring", "memory"], "values": [{"value": 5.055095672607422, "step": null, "ts": 1668462693.3092203}]}, "version": 320}
{"obj": {"type": "LogFloats", "path": ["monitoring", "gpu_memory_0"], "values": [{"value": 1.33209228515625, "step": null, "ts": 1668462693.3092203}]}, "version": 321}
{"obj": {"type": "LogFloats", "path": ["monitoring", "gpu_memory_1"], "values": [{"value": 0.232177734375, "step": null, "ts": 1668462693.3092203}]}, "version": 322}
{"obj": {"type": "LogFloats", "path": ["monitoring", "memory"], "values": [{"value": 5.055080413818359, "step": null, "ts": 1668462703.3216932}]}, "version": 323}
{"obj": {"type": "LogFloats", "path": ["monitoring", "gpu_memory_0"], "values": [{"value": 1.33209228515625, "step": null, "ts": 1668462703.3216932}]}, "version": 324}
{"obj": {"type": "LogFloats", "path": ["monitoring", "gpu_memory_1"], "values": [{"value": 0.232177734375, "step": null, "ts": 1668462703.3216932}]}, "version": 325}
{"obj": {"type": "LogFloats", "path": ["monitoring", "memory"], "values": [{"value": 5.0550537109375, "step": null, "ts": 1668462713.334799}]}, "version": 326}
{"obj": {"type": "LogFloats", "path": ["monitoring", "gpu_memory_0"], "values": [{"value": 1.33209228515625, "step": null, "ts": 1668462713.334799}]}, "version": 327}
{"obj": {"type": "LogFloats", "path": ["monitoring", "gpu_memory_1"], "values": [{"value": 0.232177734375, "step": null, "ts": 1668462713.334799}]}, "version": 328}
{"obj": {"type": "LogFloats", "path": ["monitoring", "memory"], "values": [{"value": 5.0550537109375, "step": null, "ts": 1668462723.347458}]}, "version": 329}
{"obj": {"type": "LogFloats", "path": ["monitoring", "gpu_memory_0"], "values": [{"value": 1.33209228515625, "step": null, "ts": 1668462723.347458}]}, "version": 330}
{"obj": {"type": "LogFloats", "path": ["monitoring", "gpu_memory_1"], "values": [{"value": 0.232177734375, "step": null, "ts": 1668462723.347458}]}, "version": 331}
{"obj": {"type": "LogFloats", "path": ["monitoring", "memory"], "values": [{"value": 5.055046081542969, "step": null, "ts": 1668462733.3595364}]}, "version": 332}
{"obj": {"type": "LogFloats", "path": ["monitoring", "gpu_memory_0"], "values": [{"value": 1.33209228515625, "step": null, "ts": 1668462733.3595364}]}, "version": 333}
{"obj": {"type": "LogFloats", "path": ["monitoring", "gpu_memory_1"], "values": [{"value": 0.232177734375, "step": null, "ts": 1668462733.3595364}]}, "version": 334}
{"obj": {"type": "LogFloats", "path": ["monitoring", "memory"], "values": [{"value": 5.054996490478516, "step": null, "ts": 1668462743.3737988}]}, "version": 335}
{"obj": {"type": "LogFloats", "path": ["monitoring", "gpu_memory_0"], "values": [{"value": 1.33209228515625, "step": null, "ts": 1668462743.3737988}]}, "version": 336}
{"obj": {"type": "LogFloats", "path": ["monitoring", "gpu_memory_1"], "values": [{"value": 0.232177734375, "step": null, "ts": 1668462743.3737988}]}, "version": 337}
{"obj": {"type": "LogFloats", "path": ["monitoring", "memory"], "values": [{"value": 5.054996490478516, "step": null, "ts": 1668462753.3862948}]}, "version": 338}
{"obj": {"type": "LogFloats", "path": ["monitoring", "gpu_memory_0"], "values": [{"value": 1.33209228515625, "step": null, "ts": 1668462753.3862948}]}, "version": 339}
{"obj": {"type": "LogFloats", "path": ["monitoring", "gpu_memory_1"], "values": [{"value": 0.232177734375, "step": null, "ts": 1668462753.3862948}]}, "version": 340}
{"obj": {"type": "LogFloats", "path": ["monitoring", "memory"], "values": [{"value": 5.05499267578125, "step": null, "ts": 1668462763.397699}]}, "version": 341}
{"obj": {"type": "LogFloats", "path": ["monitoring", "gpu_memory_0"], "values": [{"value": 1.33209228515625, "step": null, "ts": 1668462763.397699}]}, "version": 342}
{"obj": {"type": "LogFloats", "path": ["monitoring", "gpu_memory_1"], "values": [{"value": 0.232177734375, "step": null, "ts": 1668462763.397699}]}, "version": 343}
{"obj": {"type": "LogFloats", "path": ["monitoring", "memory"], "values": [{"value": 5.05499267578125, "step": null, "ts": 1668462773.4105875}]}, "version": 344}
{"obj": {"type": "LogFloats", "path": ["monitoring", "gpu_memory_0"], "values": [{"value": 1.33209228515625, "step": null, "ts": 1668462773.4105875}]}, "version": 345}
{"obj": {"type": "LogFloats", "path": ["monitoring", "gpu_memory_1"], "values": [{"value": 0.232177734375, "step": null, "ts": 1668462773.4105875}]}, "version": 346}
{"obj": {"type": "LogFloats", "path": ["monitoring", "memory"], "values": [{"value": 5.05499267578125, "step": null, "ts": 1668462783.5388725}]}, "version": 347}
{"obj": {"type": "LogFloats", "path": ["monitoring", "gpu_memory_0"], "values": [{"value": 1.33209228515625, "step": null, "ts": 1668462783.5388725}]}, "version": 348}
{"obj": {"type": "LogFloats", "path": ["monitoring", "gpu_memory_1"], "values": [{"value": 0.232177734375, "step": null, "ts": 1668462783.5388725}]}, "version": 349}
{"obj": {"type": "LogFloats", "path": ["monitoring", "memory"], "values": [{"value": 5.05499267578125, "step": null, "ts": 1668462793.5558612}]}, "version": 350}
{"obj": {"type": "LogFloats", "path": ["monitoring", "gpu_memory_0"], "values": [{"value": 1.33209228515625, "step": null, "ts": 1668462793.5558612}]}, "version": 351}
{"obj": {"type": "LogFloats", "path": ["monitoring", "gpu_memory_1"], "values": [{"value": 0.232177734375, "step": null, "ts": 1668462793.5558612}]}, "version": 352}
{"obj": {"type": "LogFloats", "path": ["monitoring", "memory"], "values": [{"value": 5.05499267578125, "step": null, "ts": 1668462803.57223}]}, "version": 353}
{"obj": {"type": "LogFloats", "path": ["monitoring", "gpu_memory_0"], "values": [{"value": 1.33209228515625, "step": null, "ts": 1668462803.57223}]}, "version": 354}
{"obj": {"type": "LogFloats", "path": ["monitoring", "gpu_memory_1"], "values": [{"value": 0.232177734375, "step": null, "ts": 1668462803.57223}]}, "version": 355}
{"obj": {"type": "LogFloats", "path": ["monitoring", "memory"], "values": [{"value": 5.05499267578125, "step": null, "ts": 1668462813.5875764}]}, "version": 356}
{"obj": {"type": "LogFloats", "path": ["monitoring", "gpu_memory_0"], "values": [{"value": 1.33209228515625, "step": null, "ts": 1668462813.5875764}]}, "version": 357}
{"obj": {"type": "LogFloats", "path": ["monitoring", "gpu_memory_1"], "values": [{"value": 0.232177734375, "step": null, "ts": 1668462813.5875764}]}, "version": 358}
{"obj": {"type": "LogFloats", "path": ["monitoring", "memory"], "values": [{"value": 5.054988861083984, "step": null, "ts": 1668462823.6006455}]}, "version": 359}
{"obj": {"type": "LogFloats", "path": ["monitoring", "gpu_memory_0"], "values": [{"value": 1.33209228515625, "step": null, "ts": 1668462823.6006455}]}, "version": 360}
{"obj": {"type": "LogFloats", "path": ["monitoring", "gpu_memory_1"], "values": [{"value": 0.232177734375, "step": null, "ts": 1668462823.6006455}]}, "version": 361}
{"obj": {"type": "LogFloats", "path": ["monitoring", "memory"], "values": [{"value": 5.054988861083984, "step": null, "ts": 1668462833.6175501}]}, "version": 362}
{"obj": {"type": "LogFloats", "path": ["monitoring", "gpu_memory_0"], "values": [{"value": 1.33209228515625, "step": null, "ts": 1668462833.6175501}]}, "version": 363}
{"obj": {"type": "LogFloats", "path": ["monitoring", "gpu_memory_1"], "values": [{"value": 0.232177734375, "step": null, "ts": 1668462833.6175501}]}, "version": 364}
{"obj": {"type": "LogFloats", "path": ["monitoring", "memory"], "values": [{"value": 5.054927825927734, "step": null, "ts": 1668462843.6345718}]}, "version": 365}
{"obj": {"type": "LogFloats", "path": ["monitoring", "gpu_memory_0"], "values": [{"value": 1.33209228515625, "step": null, "ts": 1668462843.6345718}]}, "version": 366}
{"obj": {"type": "LogFloats", "path": ["monitoring", "gpu_memory_1"], "values": [{"value": 0.232177734375, "step": null, "ts": 1668462843.6345718}]}, "version": 367}
{"obj": {"type": "LogFloats", "path": ["monitoring", "memory"], "values": [{"value": 5.054927825927734, "step": null, "ts": 1668462853.6474638}]}, "version": 368}
{"obj": {"type": "LogFloats", "path": ["monitoring", "gpu_memory_0"], "values": [{"value": 1.33209228515625, "step": null, "ts": 1668462853.6474638}]}, "version": 369}
{"obj": {"type": "LogFloats", "path": ["monitoring", "gpu_memory_1"], "values": [{"value": 0.232177734375, "step": null, "ts": 1668462853.6474638}]}, "version": 370}
{"obj": {"type": "LogFloats", "path": ["monitoring", "memory"], "values": [{"value": 5.054927825927734, "step": null, "ts": 1668462863.6601546}]}, "version": 371}
{"obj": {"type": "LogFloats", "path": ["monitoring", "gpu_memory_0"], "values": [{"value": 1.33209228515625, "step": null, "ts": 1668462863.6601546}]}, "version": 372}
{"obj": {"type": "LogFloats", "path": ["monitoring", "gpu_memory_1"], "values": [{"value": 0.232177734375, "step": null, "ts": 1668462863.6601546}]}, "version": 373}
{"obj": {"type": "LogFloats", "path": ["monitoring", "memory"], "values": [{"value": 5.054927825927734, "step": null, "ts": 1668462873.6732914}]}, "version": 374}
{"obj": {"type": "LogFloats", "path": ["monitoring", "gpu_memory_0"], "values": [{"value": 1.33209228515625, "step": null, "ts": 1668462873.6732914}]}, "version": 375}
{"obj": {"type": "LogFloats", "path": ["monitoring", "gpu_memory_1"], "values": [{"value": 0.232177734375, "step": null, "ts": 1668462873.6732914}]}, "version": 376}
{"obj": {"type": "LogFloats", "path": ["monitoring", "memory"], "values": [{"value": 5.054901123046875, "step": null, "ts": 1668462883.684681}]}, "version": 377}
{"obj": {"type": "LogFloats", "path": ["monitoring", "gpu_memory_0"], "values": [{"value": 1.33209228515625, "step": null, "ts": 1668462883.684681}]}, "version": 378}
{"obj": {"type": "LogFloats", "path": ["monitoring", "gpu_memory_1"], "values": [{"value": 0.232177734375, "step": null, "ts": 1668462883.684681}]}, "version": 379}
{"obj": {"type": "LogFloats", "path": ["monitoring", "memory"], "values": [{"value": 5.0567169189453125, "step": null, "ts": 1668462893.6995177}]}, "version": 380}
{"obj": {"type": "LogFloats", "path": ["monitoring", "gpu_memory_0"], "values": [{"value": 1.33209228515625, "step": null, "ts": 1668462893.6995177}]}, "version": 381}
{"obj": {"type": "LogFloats", "path": ["monitoring", "gpu_memory_1"], "values": [{"value": 0.232177734375, "step": null, "ts": 1668462893.6995177}]}, "version": 382}
{"obj": {"type": "LogStrings", "path": ["monitoring", "stdout"], "values": [{"value": "Shutting down background jobs, please wait a moment...\n", "step": null, "ts": 1668462901.6178088}]}, "version": 383}
