{"obj": {"type": "AssignString", "path": ["sys", "name"], "value": "Untitled"}, "version": 1}
{"obj": {"type": "AssignString", "path": ["sys", "description"], "value": ""}, "version": 2}
{"obj": {"type": "AssignString", "path": ["sys", "hostname"], "value": "node7"}, "version": 3}
{"obj": {"type": "AssignBool", "path": ["sys", "failed"], "value": false}, "version": 4}
{"obj": {"type": "ClearStringLog", "path": ["monitoring", "stdout"]}, "version": 5}
{"obj": {"type": "ClearStringLog", "path": ["monitoring", "stderr"]}, "version": 6}
{"obj": {"type": "UploadFileSet", "path": ["source_code", "files"], "file_globs": ["/home/aron/BCM_activity_classification/train_model.ipynb", "/home/aron/BCM_activity_classification/model.py", "/home/aron/BCM_activity_classification/BCM_dataset_v2.py"], "reset": "False"}, "version": 7}
{"obj": {"type": "ConfigFloatSeries", "path": ["monitoring", "cpu"], "min": 0.0, "max": 100.0, "unit": "%"}, "version": 8}
{"obj": {"type": "ClearFloatLog", "path": ["monitoring", "cpu"]}, "version": 9}
{"obj": {"type": "ConfigFloatSeries", "path": ["monitoring", "memory"], "min": 0.0, "max": 62.71272277832031, "unit": "GB"}, "version": 10}
{"obj": {"type": "ClearFloatLog", "path": ["monitoring", "memory"]}, "version": 11}
{"obj": {"type": "ConfigFloatSeries", "path": ["monitoring", "gpu_0"], "min": 0.0, "max": 100.0, "unit": "%"}, "version": 12}
{"obj": {"type": "ClearFloatLog", "path": ["monitoring", "gpu_0"]}, "version": 13}
{"obj": {"type": "ConfigFloatSeries", "path": ["monitoring", "gpu_1"], "min": 0.0, "max": 100.0, "unit": "%"}, "version": 14}
{"obj": {"type": "ClearFloatLog", "path": ["monitoring", "gpu_1"]}, "version": 15}
{"obj": {"type": "ConfigFloatSeries", "path": ["monitoring", "gpu_memory_0"], "min": 0.0, "max": 12.0, "unit": "GB"}, "version": 16}
{"obj": {"type": "ClearFloatLog", "path": ["monitoring", "gpu_memory_0"]}, "version": 17}
{"obj": {"type": "ConfigFloatSeries", "path": ["monitoring", "gpu_memory_1"], "min": 0.0, "max": 12.0, "unit": "GB"}, "version": 18}
{"obj": {"type": "ClearFloatLog", "path": ["monitoring", "gpu_memory_1"]}, "version": 19}
{"obj": {"type": "LogStrings", "path": ["monitoring", "stdout"], "values": [{"value": "", "step": null, "ts": 1665613820.8706038}]}, "version": 20}
{"obj": {"type": "LogFloats", "path": ["monitoring", "cpu"], "values": [{"value": 8.5, "step": null, "ts": 1665613820.8684208}]}, "version": 21}
{"obj": {"type": "LogStrings", "path": ["monitoring", "stdout"], "values": [{"value": "Remember to stop your run once you\u2019ve finished logging your metadata (https://docs.neptune.ai/api-reference/run#.stop). It will be stopped automatically only when the notebook kernel/interactive console is terminated.\n", "step": null, "ts": 1665613820.8760118}]}, "version": 22}
{"obj": {"type": "LogFloats", "path": ["monitoring", "memory"], "values": [{"value": 7.94970703125, "step": null, "ts": 1665613820.8684208}]}, "version": 23}
{"obj": {"type": "LogFloats", "path": ["monitoring", "gpu_memory_0"], "values": [{"value": 2.24713134765625, "step": null, "ts": 1665613820.8684208}]}, "version": 24}
{"obj": {"type": "LogFloats", "path": ["monitoring", "gpu_memory_1"], "values": [{"value": 0.234130859375, "step": null, "ts": 1665613820.8684208}]}, "version": 25}
{"obj": {"type": "AssignString", "path": ["source_code", "integrations", "pytorch-lightning"], "value": "1.7.5"}, "version": 26}
{"obj": {"type": "LogStrings", "path": ["metadata", "file_path"], "values": [{"value": "data/bcm/", "step": null, "ts": 1665613829.7282848}]}, "version": 27}
{"obj": {"type": "LogFloats", "path": ["metadata", "window_size"], "values": [{"value": 3.0, "step": null, "ts": 1665613829.730926}]}, "version": 28}
{"obj": {"type": "LogFloats", "path": ["metadata", "stride"], "values": [{"value": 0.032, "step": null, "ts": 1665613829.7334945}]}, "version": 29}
{"obj": {"type": "LogFloats", "path": ["metadata", "MFCC_stride"], "values": [{"value": 0.032, "step": null, "ts": 1665613829.7359061}]}, "version": 30}
{"obj": {"type": "LogFloats", "path": ["metadata", "mfccs_pr_window"], "values": [{"value": 93.0, "step": null, "ts": 1665613829.7384093}]}, "version": 31}
{"obj": {"type": "LogFloats", "path": ["metadata", "lr"], "values": [{"value": 0.001, "step": null, "ts": 1665613829.7408028}]}, "version": 32}
{"obj": {"type": "LogFloats", "path": ["metadata", "batch_size"], "values": [{"value": 32.0, "step": null, "ts": 1665613829.7432852}]}, "version": 33}
{"obj": {"type": "LogFloats", "path": ["metadata", "lstm_layers"], "values": [{"value": 2.0, "step": null, "ts": 1665613829.7457411}]}, "version": 34}
{"obj": {"type": "LogFloats", "path": ["metadata", "lstm_hidden_size"], "values": [{"value": 128.0, "step": null, "ts": 1665613829.7480595}]}, "version": 35}
{"obj": {"type": "LogFloats", "path": ["metadata", "train_set_length"], "values": [{"value": 168285.0, "step": null, "ts": 1665613829.75034}]}, "version": 36}
{"obj": {"type": "LogFloats", "path": ["metadata", "val_set_length"], "values": [{"value": 55785.0, "step": null, "ts": 1665613829.7526293}]}, "version": 37}
{"obj": {"type": "LogFloats", "path": ["monitoring", "cpu"], "values": [{"value": 9.7, "step": null, "ts": 1665613830.8856885}]}, "version": 38}
{"obj": {"type": "LogFloats", "path": ["monitoring", "memory"], "values": [{"value": 8.100250244140625, "step": null, "ts": 1665613830.8856885}]}, "version": 39}
{"obj": {"type": "LogFloats", "path": ["monitoring", "gpu_memory_0"], "values": [{"value": 2.30767822265625, "step": null, "ts": 1665613830.8856885}]}, "version": 40}
{"obj": {"type": "LogFloats", "path": ["monitoring", "gpu_memory_1"], "values": [{"value": 0.234130859375, "step": null, "ts": 1665613830.8856885}]}, "version": 41}
{"obj": {"type": "LogFloats", "path": ["monitoring", "cpu"], "values": [{"value": 8.3, "step": null, "ts": 1665613840.8992202}]}, "version": 42}
{"obj": {"type": "LogFloats", "path": ["monitoring", "memory"], "values": [{"value": 8.100482940673828, "step": null, "ts": 1665613840.8992202}]}, "version": 43}
{"obj": {"type": "LogFloats", "path": ["monitoring", "gpu_memory_0"], "values": [{"value": 2.30767822265625, "step": null, "ts": 1665613840.8992202}]}, "version": 44}
{"obj": {"type": "LogFloats", "path": ["monitoring", "gpu_memory_1"], "values": [{"value": 0.234130859375, "step": null, "ts": 1665613840.8992202}]}, "version": 45}
{"obj": {"type": "LogFloats", "path": ["monitoring", "cpu"], "values": [{"value": 8.3, "step": null, "ts": 1665613850.9140408}]}, "version": 46}
{"obj": {"type": "LogFloats", "path": ["monitoring", "memory"], "values": [{"value": 8.100460052490234, "step": null, "ts": 1665613850.9140408}]}, "version": 47}
{"obj": {"type": "LogFloats", "path": ["monitoring", "gpu_memory_0"], "values": [{"value": 2.30767822265625, "step": null, "ts": 1665613850.9140408}]}, "version": 48}
{"obj": {"type": "LogFloats", "path": ["monitoring", "gpu_memory_1"], "values": [{"value": 0.234130859375, "step": null, "ts": 1665613850.9140408}]}, "version": 49}
{"obj": {"type": "LogFloats", "path": ["monitoring", "cpu"], "values": [{"value": 8.3, "step": null, "ts": 1665613860.9267573}]}, "version": 50}
{"obj": {"type": "LogFloats", "path": ["monitoring", "memory"], "values": [{"value": 8.100452423095703, "step": null, "ts": 1665613860.9267573}]}, "version": 51}
{"obj": {"type": "LogFloats", "path": ["monitoring", "gpu_memory_0"], "values": [{"value": 2.30767822265625, "step": null, "ts": 1665613860.9267573}]}, "version": 52}
{"obj": {"type": "LogFloats", "path": ["monitoring", "gpu_memory_1"], "values": [{"value": 0.234130859375, "step": null, "ts": 1665613860.9267573}]}, "version": 53}
{"obj": {"type": "LogFloats", "path": ["monitoring", "cpu"], "values": [{"value": 8.3, "step": null, "ts": 1665613870.9403477}]}, "version": 54}
{"obj": {"type": "LogFloats", "path": ["monitoring", "memory"], "values": [{"value": 8.100452423095703, "step": null, "ts": 1665613870.9403477}]}, "version": 55}
{"obj": {"type": "LogFloats", "path": ["monitoring", "gpu_memory_0"], "values": [{"value": 2.30767822265625, "step": null, "ts": 1665613870.9403477}]}, "version": 56}
{"obj": {"type": "LogFloats", "path": ["monitoring", "gpu_memory_1"], "values": [{"value": 0.234130859375, "step": null, "ts": 1665613870.9403477}]}, "version": 57}
{"obj": {"type": "LogFloats", "path": ["monitoring", "cpu"], "values": [{"value": 8.3, "step": null, "ts": 1665613880.9522276}]}, "version": 58}
{"obj": {"type": "LogFloats", "path": ["monitoring", "memory"], "values": [{"value": 8.100440979003906, "step": null, "ts": 1665613880.9522276}]}, "version": 59}
{"obj": {"type": "LogFloats", "path": ["monitoring", "gpu_memory_0"], "values": [{"value": 2.30767822265625, "step": null, "ts": 1665613880.9522276}]}, "version": 60}
{"obj": {"type": "LogFloats", "path": ["monitoring", "gpu_memory_1"], "values": [{"value": 0.234130859375, "step": null, "ts": 1665613880.9522276}]}, "version": 61}
{"obj": {"type": "LogFloats", "path": ["monitoring", "cpu"], "values": [{"value": 8.3, "step": null, "ts": 1665613890.966528}]}, "version": 62}
{"obj": {"type": "LogFloats", "path": ["monitoring", "memory"], "values": [{"value": 8.100440979003906, "step": null, "ts": 1665613890.966528}]}, "version": 63}
{"obj": {"type": "LogFloats", "path": ["monitoring", "gpu_memory_0"], "values": [{"value": 2.30767822265625, "step": null, "ts": 1665613890.966528}]}, "version": 64}
{"obj": {"type": "LogFloats", "path": ["monitoring", "gpu_memory_1"], "values": [{"value": 0.234130859375, "step": null, "ts": 1665613890.966528}]}, "version": 65}
{"obj": {"type": "LogFloats", "path": ["monitoring", "cpu"], "values": [{"value": 8.3, "step": null, "ts": 1665613900.9805915}]}, "version": 66}
{"obj": {"type": "LogFloats", "path": ["monitoring", "memory"], "values": [{"value": 8.100433349609375, "step": null, "ts": 1665613900.9805915}]}, "version": 67}
{"obj": {"type": "LogFloats", "path": ["monitoring", "gpu_memory_0"], "values": [{"value": 2.30767822265625, "step": null, "ts": 1665613900.9805915}]}, "version": 68}
{"obj": {"type": "LogFloats", "path": ["monitoring", "gpu_memory_1"], "values": [{"value": 0.234130859375, "step": null, "ts": 1665613900.9805915}]}, "version": 69}
{"obj": {"type": "LogFloats", "path": ["monitoring", "cpu"], "values": [{"value": 8.3, "step": null, "ts": 1665613910.9956355}]}, "version": 70}
{"obj": {"type": "LogFloats", "path": ["monitoring", "memory"], "values": [{"value": 8.100425720214844, "step": null, "ts": 1665613910.9956355}]}, "version": 71}
{"obj": {"type": "LogFloats", "path": ["monitoring", "gpu_memory_0"], "values": [{"value": 2.30767822265625, "step": null, "ts": 1665613910.9956355}]}, "version": 72}
{"obj": {"type": "LogFloats", "path": ["monitoring", "gpu_memory_1"], "values": [{"value": 0.234130859375, "step": null, "ts": 1665613910.9956355}]}, "version": 73}
{"obj": {"type": "LogFloats", "path": ["monitoring", "cpu"], "values": [{"value": 8.3, "step": null, "ts": 1665613921.0100434}]}, "version": 74}
{"obj": {"type": "LogFloats", "path": ["monitoring", "memory"], "values": [{"value": 8.100418090820312, "step": null, "ts": 1665613921.0100434}]}, "version": 75}
{"obj": {"type": "LogFloats", "path": ["monitoring", "gpu_memory_0"], "values": [{"value": 2.30767822265625, "step": null, "ts": 1665613921.0100434}]}, "version": 76}
{"obj": {"type": "LogFloats", "path": ["monitoring", "gpu_memory_1"], "values": [{"value": 0.234130859375, "step": null, "ts": 1665613921.0100434}]}, "version": 77}
{"obj": {"type": "LogFloats", "path": ["monitoring", "cpu"], "values": [{"value": 8.4, "step": null, "ts": 1665613931.0237286}]}, "version": 78}
{"obj": {"type": "LogFloats", "path": ["monitoring", "memory"], "values": [{"value": 8.102760314941406, "step": null, "ts": 1665613931.0237286}]}, "version": 79}
{"obj": {"type": "LogFloats", "path": ["monitoring", "gpu_memory_0"], "values": [{"value": 2.30767822265625, "step": null, "ts": 1665613931.0237286}]}, "version": 80}
{"obj": {"type": "LogFloats", "path": ["monitoring", "gpu_memory_1"], "values": [{"value": 0.234130859375, "step": null, "ts": 1665613931.0237286}]}, "version": 81}
{"obj": {"type": "LogFloats", "path": ["monitoring", "cpu"], "values": [{"value": 8.3, "step": null, "ts": 1665613941.0372224}]}, "version": 82}
{"obj": {"type": "LogFloats", "path": ["monitoring", "memory"], "values": [{"value": 8.102760314941406, "step": null, "ts": 1665613941.0372224}]}, "version": 83}
{"obj": {"type": "LogFloats", "path": ["monitoring", "gpu_memory_0"], "values": [{"value": 2.30767822265625, "step": null, "ts": 1665613941.0372224}]}, "version": 84}
{"obj": {"type": "LogFloats", "path": ["monitoring", "gpu_memory_1"], "values": [{"value": 0.234130859375, "step": null, "ts": 1665613941.0372224}]}, "version": 85}
{"obj": {"type": "LogFloats", "path": ["monitoring", "cpu"], "values": [{"value": 8.3, "step": null, "ts": 1665613951.0497925}]}, "version": 86}
{"obj": {"type": "LogFloats", "path": ["monitoring", "memory"], "values": [{"value": 8.102760314941406, "step": null, "ts": 1665613951.0497925}]}, "version": 87}
{"obj": {"type": "LogFloats", "path": ["monitoring", "gpu_memory_0"], "values": [{"value": 2.30767822265625, "step": null, "ts": 1665613951.0497925}]}, "version": 88}
{"obj": {"type": "LogFloats", "path": ["monitoring", "gpu_memory_1"], "values": [{"value": 0.234130859375, "step": null, "ts": 1665613951.0497925}]}, "version": 89}
{"obj": {"type": "LogFloats", "path": ["monitoring", "cpu"], "values": [{"value": 8.3, "step": null, "ts": 1665613961.0652063}]}, "version": 90}
{"obj": {"type": "LogFloats", "path": ["monitoring", "memory"], "values": [{"value": 8.102733612060547, "step": null, "ts": 1665613961.0652063}]}, "version": 91}
{"obj": {"type": "LogFloats", "path": ["monitoring", "gpu_memory_0"], "values": [{"value": 2.30767822265625, "step": null, "ts": 1665613961.0652063}]}, "version": 92}
{"obj": {"type": "LogFloats", "path": ["monitoring", "gpu_memory_1"], "values": [{"value": 0.234130859375, "step": null, "ts": 1665613961.0652063}]}, "version": 93}
{"obj": {"type": "LogFloats", "path": ["monitoring", "cpu"], "values": [{"value": 8.3, "step": null, "ts": 1665613971.0796056}]}, "version": 94}
{"obj": {"type": "LogFloats", "path": ["monitoring", "memory"], "values": [{"value": 8.102970123291016, "step": null, "ts": 1665613971.0796056}]}, "version": 95}
{"obj": {"type": "LogFloats", "path": ["monitoring", "gpu_memory_0"], "values": [{"value": 2.30767822265625, "step": null, "ts": 1665613971.0796056}]}, "version": 96}
{"obj": {"type": "LogFloats", "path": ["monitoring", "gpu_memory_1"], "values": [{"value": 0.234130859375, "step": null, "ts": 1665613971.0796056}]}, "version": 97}
{"obj": {"type": "LogFloats", "path": ["monitoring", "cpu"], "values": [{"value": 8.3, "step": null, "ts": 1665613981.0925}]}, "version": 98}
{"obj": {"type": "LogFloats", "path": ["monitoring", "memory"], "values": [{"value": 8.102970123291016, "step": null, "ts": 1665613981.0925}]}, "version": 99}
{"obj": {"type": "LogFloats", "path": ["monitoring", "gpu_memory_0"], "values": [{"value": 2.30767822265625, "step": null, "ts": 1665613981.0925}]}, "version": 100}
{"obj": {"type": "LogFloats", "path": ["monitoring", "gpu_memory_1"], "values": [{"value": 0.234130859375, "step": null, "ts": 1665613981.0925}]}, "version": 101}
{"obj": {"type": "LogFloats", "path": ["monitoring", "cpu"], "values": [{"value": 8.4, "step": null, "ts": 1665613991.105559}]}, "version": 102}
{"obj": {"type": "LogFloats", "path": ["monitoring", "memory"], "values": [{"value": 8.102962493896484, "step": null, "ts": 1665613991.105559}]}, "version": 103}
{"obj": {"type": "LogFloats", "path": ["monitoring", "gpu_memory_0"], "values": [{"value": 2.30767822265625, "step": null, "ts": 1665613991.105559}]}, "version": 104}
{"obj": {"type": "LogFloats", "path": ["monitoring", "gpu_memory_1"], "values": [{"value": 0.234130859375, "step": null, "ts": 1665613991.105559}]}, "version": 105}
{"obj": {"type": "LogFloats", "path": ["monitoring", "cpu"], "values": [{"value": 8.3, "step": null, "ts": 1665614001.1188834}]}, "version": 106}
{"obj": {"type": "LogFloats", "path": ["monitoring", "memory"], "values": [{"value": 8.102954864501953, "step": null, "ts": 1665614001.1188834}]}, "version": 107}
{"obj": {"type": "LogFloats", "path": ["monitoring", "gpu_memory_0"], "values": [{"value": 2.30767822265625, "step": null, "ts": 1665614001.1188834}]}, "version": 108}
{"obj": {"type": "LogFloats", "path": ["monitoring", "gpu_memory_1"], "values": [{"value": 0.234130859375, "step": null, "ts": 1665614001.1188834}]}, "version": 109}
{"obj": {"type": "LogFloats", "path": ["monitoring", "cpu"], "values": [{"value": 8.4, "step": null, "ts": 1665614011.1326773}]}, "version": 110}
{"obj": {"type": "LogFloats", "path": ["monitoring", "memory"], "values": [{"value": 8.102954864501953, "step": null, "ts": 1665614011.1326773}]}, "version": 111}
{"obj": {"type": "LogFloats", "path": ["monitoring", "gpu_memory_0"], "values": [{"value": 2.30767822265625, "step": null, "ts": 1665614011.1326773}]}, "version": 112}
{"obj": {"type": "LogFloats", "path": ["monitoring", "gpu_memory_1"], "values": [{"value": 0.234130859375, "step": null, "ts": 1665614011.1326773}]}, "version": 113}
{"obj": {"type": "LogFloats", "path": ["monitoring", "cpu"], "values": [{"value": 8.3, "step": null, "ts": 1665614021.1451123}]}, "version": 114}
{"obj": {"type": "LogFloats", "path": ["monitoring", "memory"], "values": [{"value": 8.10293960571289, "step": null, "ts": 1665614021.1451123}]}, "version": 115}
{"obj": {"type": "LogFloats", "path": ["monitoring", "gpu_memory_0"], "values": [{"value": 2.30767822265625, "step": null, "ts": 1665614021.1451123}]}, "version": 116}
{"obj": {"type": "LogFloats", "path": ["monitoring", "gpu_memory_1"], "values": [{"value": 0.234130859375, "step": null, "ts": 1665614021.1451123}]}, "version": 117}
{"obj": {"type": "LogFloats", "path": ["monitoring", "cpu"], "values": [{"value": 8.3, "step": null, "ts": 1665614031.1565049}]}, "version": 118}
{"obj": {"type": "LogFloats", "path": ["monitoring", "memory"], "values": [{"value": 8.102916717529297, "step": null, "ts": 1665614031.1565049}]}, "version": 119}
{"obj": {"type": "LogFloats", "path": ["monitoring", "gpu_memory_0"], "values": [{"value": 2.30767822265625, "step": null, "ts": 1665614031.1565049}]}, "version": 120}
{"obj": {"type": "LogFloats", "path": ["monitoring", "gpu_memory_1"], "values": [{"value": 0.234130859375, "step": null, "ts": 1665614031.1565049}]}, "version": 121}
{"obj": {"type": "LogFloats", "path": ["monitoring", "cpu"], "values": [{"value": 8.3, "step": null, "ts": 1665614041.1702828}]}, "version": 122}
{"obj": {"type": "LogFloats", "path": ["monitoring", "memory"], "values": [{"value": 8.102901458740234, "step": null, "ts": 1665614041.1702828}]}, "version": 123}
{"obj": {"type": "LogFloats", "path": ["monitoring", "gpu_memory_0"], "values": [{"value": 2.30767822265625, "step": null, "ts": 1665614041.1702828}]}, "version": 124}
{"obj": {"type": "LogFloats", "path": ["monitoring", "gpu_memory_1"], "values": [{"value": 0.234130859375, "step": null, "ts": 1665614041.1702828}]}, "version": 125}
{"obj": {"type": "LogFloats", "path": ["monitoring", "cpu"], "values": [{"value": 8.4, "step": null, "ts": 1665614051.184588}]}, "version": 126}
{"obj": {"type": "LogFloats", "path": ["monitoring", "memory"], "values": [{"value": 8.103103637695312, "step": null, "ts": 1665614051.184588}]}, "version": 127}
{"obj": {"type": "LogFloats", "path": ["monitoring", "gpu_memory_0"], "values": [{"value": 2.30767822265625, "step": null, "ts": 1665614051.184588}]}, "version": 128}
{"obj": {"type": "LogFloats", "path": ["monitoring", "gpu_memory_1"], "values": [{"value": 0.234130859375, "step": null, "ts": 1665614051.184588}]}, "version": 129}
{"obj": {"type": "LogFloats", "path": ["monitoring", "cpu"], "values": [{"value": 8.3, "step": null, "ts": 1665614061.199346}]}, "version": 130}
{"obj": {"type": "LogFloats", "path": ["monitoring", "memory"], "values": [{"value": 8.10308837890625, "step": null, "ts": 1665614061.199346}]}, "version": 131}
{"obj": {"type": "LogFloats", "path": ["monitoring", "gpu_memory_0"], "values": [{"value": 2.30767822265625, "step": null, "ts": 1665614061.199346}]}, "version": 132}
{"obj": {"type": "LogFloats", "path": ["monitoring", "gpu_memory_1"], "values": [{"value": 0.234130859375, "step": null, "ts": 1665614061.199346}]}, "version": 133}
{"obj": {"type": "LogFloats", "path": ["monitoring", "cpu"], "values": [{"value": 8.3, "step": null, "ts": 1665614071.2124486}]}, "version": 134}
{"obj": {"type": "LogFloats", "path": ["monitoring", "memory"], "values": [{"value": 8.10308837890625, "step": null, "ts": 1665614071.2124486}]}, "version": 135}
{"obj": {"type": "LogFloats", "path": ["monitoring", "gpu_memory_0"], "values": [{"value": 2.30767822265625, "step": null, "ts": 1665614071.2124486}]}, "version": 136}
{"obj": {"type": "LogFloats", "path": ["monitoring", "gpu_memory_1"], "values": [{"value": 0.234130859375, "step": null, "ts": 1665614071.2124486}]}, "version": 137}
{"obj": {"type": "LogFloats", "path": ["monitoring", "cpu"], "values": [{"value": 8.3, "step": null, "ts": 1665614081.227345}]}, "version": 138}
{"obj": {"type": "LogFloats", "path": ["monitoring", "memory"], "values": [{"value": 8.103076934814453, "step": null, "ts": 1665614081.227345}]}, "version": 139}
{"obj": {"type": "LogFloats", "path": ["monitoring", "gpu_memory_0"], "values": [{"value": 2.30767822265625, "step": null, "ts": 1665614081.227345}]}, "version": 140}
{"obj": {"type": "LogFloats", "path": ["monitoring", "gpu_memory_1"], "values": [{"value": 0.234130859375, "step": null, "ts": 1665614081.227345}]}, "version": 141}
{"obj": {"type": "LogFloats", "path": ["monitoring", "cpu"], "values": [{"value": 8.3, "step": null, "ts": 1665614091.2431273}]}, "version": 142}
{"obj": {"type": "LogFloats", "path": ["monitoring", "memory"], "values": [{"value": 8.103076934814453, "step": null, "ts": 1665614091.2431273}]}, "version": 143}
{"obj": {"type": "LogFloats", "path": ["monitoring", "gpu_memory_0"], "values": [{"value": 2.30767822265625, "step": null, "ts": 1665614091.2431273}]}, "version": 144}
{"obj": {"type": "LogFloats", "path": ["monitoring", "gpu_memory_1"], "values": [{"value": 0.234130859375, "step": null, "ts": 1665614091.2431273}]}, "version": 145}
{"obj": {"type": "LogFloats", "path": ["monitoring", "cpu"], "values": [{"value": 8.3, "step": null, "ts": 1665614101.2579806}]}, "version": 146}
{"obj": {"type": "LogFloats", "path": ["monitoring", "memory"], "values": [{"value": 8.103069305419922, "step": null, "ts": 1665614101.2579806}]}, "version": 147}
{"obj": {"type": "LogFloats", "path": ["monitoring", "gpu_memory_0"], "values": [{"value": 2.30767822265625, "step": null, "ts": 1665614101.2579806}]}, "version": 148}
{"obj": {"type": "LogFloats", "path": ["monitoring", "gpu_memory_1"], "values": [{"value": 0.234130859375, "step": null, "ts": 1665614101.2579806}]}, "version": 149}
{"obj": {"type": "LogFloats", "path": ["monitoring", "cpu"], "values": [{"value": 10.8, "step": null, "ts": 1665614111.2686577}]}, "version": 150}
{"obj": {"type": "LogFloats", "path": ["monitoring", "memory"], "values": [{"value": 8.108272552490234, "step": null, "ts": 1665614111.2686577}]}, "version": 151}
{"obj": {"type": "LogFloats", "path": ["monitoring", "gpu_memory_0"], "values": [{"value": 2.30767822265625, "step": null, "ts": 1665614111.2686577}]}, "version": 152}
{"obj": {"type": "LogFloats", "path": ["monitoring", "gpu_memory_1"], "values": [{"value": 0.234130859375, "step": null, "ts": 1665614111.2686577}]}, "version": 153}
{"obj": {"type": "LogFloats", "path": ["monitoring", "cpu"], "values": [{"value": 8.3, "step": null, "ts": 1665614121.2827923}]}, "version": 154}
{"obj": {"type": "LogFloats", "path": ["monitoring", "memory"], "values": [{"value": 8.110187530517578, "step": null, "ts": 1665614121.2827923}]}, "version": 155}
{"obj": {"type": "LogFloats", "path": ["monitoring", "gpu_memory_0"], "values": [{"value": 2.30767822265625, "step": null, "ts": 1665614121.2827923}]}, "version": 156}
{"obj": {"type": "LogFloats", "path": ["monitoring", "gpu_memory_1"], "values": [{"value": 0.234130859375, "step": null, "ts": 1665614121.2827923}]}, "version": 157}
{"obj": {"type": "LogFloats", "path": ["monitoring", "cpu"], "values": [{"value": 8.3, "step": null, "ts": 1665614131.2931983}]}, "version": 158}
{"obj": {"type": "LogFloats", "path": ["monitoring", "memory"], "values": [{"value": 8.11016845703125, "step": null, "ts": 1665614131.2931983}]}, "version": 159}
{"obj": {"type": "LogFloats", "path": ["monitoring", "gpu_memory_0"], "values": [{"value": 2.30767822265625, "step": null, "ts": 1665614131.2931983}]}, "version": 160}
{"obj": {"type": "LogFloats", "path": ["monitoring", "gpu_memory_1"], "values": [{"value": 0.234130859375, "step": null, "ts": 1665614131.2931983}]}, "version": 161}
{"obj": {"type": "LogFloats", "path": ["monitoring", "cpu"], "values": [{"value": 8.3, "step": null, "ts": 1665614141.3075197}]}, "version": 162}
{"obj": {"type": "LogFloats", "path": ["monitoring", "memory"], "values": [{"value": 8.110157012939453, "step": null, "ts": 1665614141.3075197}]}, "version": 163}
{"obj": {"type": "LogFloats", "path": ["monitoring", "gpu_memory_0"], "values": [{"value": 2.30767822265625, "step": null, "ts": 1665614141.3075197}]}, "version": 164}
{"obj": {"type": "LogFloats", "path": ["monitoring", "gpu_memory_1"], "values": [{"value": 0.234130859375, "step": null, "ts": 1665614141.3075197}]}, "version": 165}
{"obj": {"type": "LogFloats", "path": ["monitoring", "cpu"], "values": [{"value": 8.3, "step": null, "ts": 1665614151.3216565}]}, "version": 166}
{"obj": {"type": "LogFloats", "path": ["monitoring", "memory"], "values": [{"value": 8.110157012939453, "step": null, "ts": 1665614151.3216565}]}, "version": 167}
{"obj": {"type": "LogFloats", "path": ["monitoring", "gpu_memory_0"], "values": [{"value": 2.30767822265625, "step": null, "ts": 1665614151.3216565}]}, "version": 168}
{"obj": {"type": "LogFloats", "path": ["monitoring", "gpu_memory_1"], "values": [{"value": 0.234130859375, "step": null, "ts": 1665614151.3216565}]}, "version": 169}
{"obj": {"type": "LogFloats", "path": ["monitoring", "cpu"], "values": [{"value": 8.3, "step": null, "ts": 1665614161.3352575}]}, "version": 170}
{"obj": {"type": "LogFloats", "path": ["monitoring", "memory"], "values": [{"value": 8.110149383544922, "step": null, "ts": 1665614161.3352575}]}, "version": 171}
{"obj": {"type": "LogFloats", "path": ["monitoring", "gpu_memory_0"], "values": [{"value": 2.30767822265625, "step": null, "ts": 1665614161.3352575}]}, "version": 172}
{"obj": {"type": "LogFloats", "path": ["monitoring", "gpu_memory_1"], "values": [{"value": 0.234130859375, "step": null, "ts": 1665614161.3352575}]}, "version": 173}
{"obj": {"type": "LogFloats", "path": ["monitoring", "cpu"], "values": [{"value": 8.3, "step": null, "ts": 1665614171.3481057}]}, "version": 174}
{"obj": {"type": "LogFloats", "path": ["monitoring", "memory"], "values": [{"value": 8.110149383544922, "step": null, "ts": 1665614171.3481057}]}, "version": 175}
{"obj": {"type": "LogFloats", "path": ["monitoring", "gpu_memory_0"], "values": [{"value": 2.30767822265625, "step": null, "ts": 1665614171.3481057}]}, "version": 176}
{"obj": {"type": "LogFloats", "path": ["monitoring", "gpu_memory_1"], "values": [{"value": 0.234130859375, "step": null, "ts": 1665614171.3481057}]}, "version": 177}
{"obj": {"type": "LogFloats", "path": ["monitoring", "cpu"], "values": [{"value": 8.3, "step": null, "ts": 1665614181.3626122}]}, "version": 178}
{"obj": {"type": "LogFloats", "path": ["monitoring", "memory"], "values": [{"value": 8.110149383544922, "step": null, "ts": 1665614181.3626122}]}, "version": 179}
{"obj": {"type": "LogFloats", "path": ["monitoring", "gpu_memory_0"], "values": [{"value": 2.30767822265625, "step": null, "ts": 1665614181.3626122}]}, "version": 180}
{"obj": {"type": "LogFloats", "path": ["monitoring", "gpu_memory_1"], "values": [{"value": 0.234130859375, "step": null, "ts": 1665614181.3626122}]}, "version": 181}
{"obj": {"type": "LogFloats", "path": ["monitoring", "cpu"], "values": [{"value": 8.3, "step": null, "ts": 1665614191.3788042}]}, "version": 182}
{"obj": {"type": "LogFloats", "path": ["monitoring", "memory"], "values": [{"value": 8.110149383544922, "step": null, "ts": 1665614191.3788042}]}, "version": 183}
{"obj": {"type": "LogFloats", "path": ["monitoring", "gpu_memory_0"], "values": [{"value": 2.30767822265625, "step": null, "ts": 1665614191.3788042}]}, "version": 184}
{"obj": {"type": "LogFloats", "path": ["monitoring", "gpu_memory_1"], "values": [{"value": 0.234130859375, "step": null, "ts": 1665614191.3788042}]}, "version": 185}
{"obj": {"type": "LogFloats", "path": ["monitoring", "cpu"], "values": [{"value": 8.3, "step": null, "ts": 1665614201.3924005}]}, "version": 186}
{"obj": {"type": "LogFloats", "path": ["monitoring", "memory"], "values": [{"value": 8.110137939453125, "step": null, "ts": 1665614201.3924005}]}, "version": 187}
{"obj": {"type": "LogFloats", "path": ["monitoring", "gpu_memory_0"], "values": [{"value": 2.30767822265625, "step": null, "ts": 1665614201.3924005}]}, "version": 188}
{"obj": {"type": "LogFloats", "path": ["monitoring", "gpu_memory_1"], "values": [{"value": 0.234130859375, "step": null, "ts": 1665614201.3924005}]}, "version": 189}
{"obj": {"type": "LogFloats", "path": ["monitoring", "cpu"], "values": [{"value": 8.3, "step": null, "ts": 1665614211.4064898}]}, "version": 190}
{"obj": {"type": "LogFloats", "path": ["monitoring", "memory"], "values": [{"value": 8.110137939453125, "step": null, "ts": 1665614211.4064898}]}, "version": 191}
{"obj": {"type": "LogFloats", "path": ["monitoring", "gpu_memory_0"], "values": [{"value": 2.30767822265625, "step": null, "ts": 1665614211.4064898}]}, "version": 192}
{"obj": {"type": "LogFloats", "path": ["monitoring", "gpu_memory_1"], "values": [{"value": 0.234130859375, "step": null, "ts": 1665614211.4064898}]}, "version": 193}
{"obj": {"type": "LogFloats", "path": ["monitoring", "cpu"], "values": [{"value": 8.3, "step": null, "ts": 1665614221.4166553}]}, "version": 194}
{"obj": {"type": "LogFloats", "path": ["monitoring", "memory"], "values": [{"value": 8.110130310058594, "step": null, "ts": 1665614221.4166553}]}, "version": 195}
{"obj": {"type": "LogFloats", "path": ["monitoring", "gpu_memory_0"], "values": [{"value": 2.30767822265625, "step": null, "ts": 1665614221.4166553}]}, "version": 196}
{"obj": {"type": "LogFloats", "path": ["monitoring", "gpu_memory_1"], "values": [{"value": 0.234130859375, "step": null, "ts": 1665614221.4166553}]}, "version": 197}
{"obj": {"type": "LogFloats", "path": ["monitoring", "cpu"], "values": [{"value": 8.3, "step": null, "ts": 1665614231.4299235}]}, "version": 198}
{"obj": {"type": "LogFloats", "path": ["monitoring", "memory"], "values": [{"value": 8.110130310058594, "step": null, "ts": 1665614231.4299235}]}, "version": 199}
{"obj": {"type": "LogFloats", "path": ["monitoring", "gpu_memory_0"], "values": [{"value": 2.30767822265625, "step": null, "ts": 1665614231.4299235}]}, "version": 200}
{"obj": {"type": "LogFloats", "path": ["monitoring", "gpu_memory_1"], "values": [{"value": 0.234130859375, "step": null, "ts": 1665614231.4299235}]}, "version": 201}
{"obj": {"type": "LogFloats", "path": ["monitoring", "cpu"], "values": [{"value": 8.3, "step": null, "ts": 1665614241.445031}]}, "version": 202}
{"obj": {"type": "LogFloats", "path": ["monitoring", "memory"], "values": [{"value": 8.110122680664062, "step": null, "ts": 1665614241.445031}]}, "version": 203}
{"obj": {"type": "LogFloats", "path": ["monitoring", "gpu_memory_0"], "values": [{"value": 2.30767822265625, "step": null, "ts": 1665614241.445031}]}, "version": 204}
{"obj": {"type": "LogFloats", "path": ["monitoring", "gpu_memory_1"], "values": [{"value": 0.234130859375, "step": null, "ts": 1665614241.445031}]}, "version": 205}
{"obj": {"type": "LogFloats", "path": ["monitoring", "cpu"], "values": [{"value": 8.3, "step": null, "ts": 1665614251.4593837}]}, "version": 206}
{"obj": {"type": "LogFloats", "path": ["monitoring", "memory"], "values": [{"value": 8.110107421875, "step": null, "ts": 1665614251.4593837}]}, "version": 207}
{"obj": {"type": "LogFloats", "path": ["monitoring", "gpu_memory_0"], "values": [{"value": 2.30767822265625, "step": null, "ts": 1665614251.4593837}]}, "version": 208}
{"obj": {"type": "LogFloats", "path": ["monitoring", "gpu_memory_1"], "values": [{"value": 0.234130859375, "step": null, "ts": 1665614251.4593837}]}, "version": 209}
{"obj": {"type": "LogFloats", "path": ["monitoring", "cpu"], "values": [{"value": 8.3, "step": null, "ts": 1665614261.472327}]}, "version": 210}
{"obj": {"type": "LogFloats", "path": ["monitoring", "memory"], "values": [{"value": 8.110099792480469, "step": null, "ts": 1665614261.472327}]}, "version": 211}
{"obj": {"type": "LogFloats", "path": ["monitoring", "gpu_memory_0"], "values": [{"value": 2.30767822265625, "step": null, "ts": 1665614261.472327}]}, "version": 212}
{"obj": {"type": "LogFloats", "path": ["monitoring", "gpu_memory_1"], "values": [{"value": 0.234130859375, "step": null, "ts": 1665614261.472327}]}, "version": 213}
{"obj": {"type": "LogFloats", "path": ["monitoring", "cpu"], "values": [{"value": 8.3, "step": null, "ts": 1665614271.4868066}]}, "version": 214}
{"obj": {"type": "LogFloats", "path": ["monitoring", "memory"], "values": [{"value": 8.110095977783203, "step": null, "ts": 1665614271.4868066}]}, "version": 215}
{"obj": {"type": "LogFloats", "path": ["monitoring", "gpu_memory_0"], "values": [{"value": 2.30767822265625, "step": null, "ts": 1665614271.4868066}]}, "version": 216}
{"obj": {"type": "LogFloats", "path": ["monitoring", "gpu_memory_1"], "values": [{"value": 0.234130859375, "step": null, "ts": 1665614271.4868066}]}, "version": 217}
{"obj": {"type": "LogFloats", "path": ["monitoring", "cpu"], "values": [{"value": 8.3, "step": null, "ts": 1665614281.4995627}]}, "version": 218}
{"obj": {"type": "LogFloats", "path": ["monitoring", "memory"], "values": [{"value": 8.110088348388672, "step": null, "ts": 1665614281.4995627}]}, "version": 219}
{"obj": {"type": "LogFloats", "path": ["monitoring", "gpu_memory_0"], "values": [{"value": 2.30767822265625, "step": null, "ts": 1665614281.4995627}]}, "version": 220}
{"obj": {"type": "LogFloats", "path": ["monitoring", "gpu_memory_1"], "values": [{"value": 0.234130859375, "step": null, "ts": 1665614281.4995627}]}, "version": 221}
{"obj": {"type": "LogFloats", "path": ["monitoring", "cpu"], "values": [{"value": 8.3, "step": null, "ts": 1665614291.515187}]}, "version": 222}
{"obj": {"type": "LogFloats", "path": ["monitoring", "memory"], "values": [{"value": 8.110088348388672, "step": null, "ts": 1665614291.515187}]}, "version": 223}
{"obj": {"type": "LogFloats", "path": ["monitoring", "gpu_memory_0"], "values": [{"value": 2.30767822265625, "step": null, "ts": 1665614291.515187}]}, "version": 224}
{"obj": {"type": "LogFloats", "path": ["monitoring", "gpu_memory_1"], "values": [{"value": 0.234130859375, "step": null, "ts": 1665614291.515187}]}, "version": 225}
{"obj": {"type": "LogFloats", "path": ["monitoring", "cpu"], "values": [{"value": 8.3, "step": null, "ts": 1665614301.5291448}]}, "version": 226}
{"obj": {"type": "LogFloats", "path": ["monitoring", "memory"], "values": [{"value": 8.110088348388672, "step": null, "ts": 1665614301.5291448}]}, "version": 227}
{"obj": {"type": "LogFloats", "path": ["monitoring", "gpu_memory_0"], "values": [{"value": 2.30767822265625, "step": null, "ts": 1665614301.5291448}]}, "version": 228}
{"obj": {"type": "LogFloats", "path": ["monitoring", "gpu_memory_1"], "values": [{"value": 0.234130859375, "step": null, "ts": 1665614301.5291448}]}, "version": 229}
{"obj": {"type": "LogFloats", "path": ["monitoring", "cpu"], "values": [{"value": 8.3, "step": null, "ts": 1665614311.5425942}]}, "version": 230}
{"obj": {"type": "LogFloats", "path": ["monitoring", "memory"], "values": [{"value": 8.110088348388672, "step": null, "ts": 1665614311.5425942}]}, "version": 231}
{"obj": {"type": "LogFloats", "path": ["monitoring", "gpu_memory_0"], "values": [{"value": 2.30767822265625, "step": null, "ts": 1665614311.5425942}]}, "version": 232}
{"obj": {"type": "LogFloats", "path": ["monitoring", "gpu_memory_1"], "values": [{"value": 0.234130859375, "step": null, "ts": 1665614311.5425942}]}, "version": 233}
{"obj": {"type": "LogFloats", "path": ["monitoring", "cpu"], "values": [{"value": 8.3, "step": null, "ts": 1665614321.5556898}]}, "version": 234}
{"obj": {"type": "LogFloats", "path": ["monitoring", "memory"], "values": [{"value": 8.110088348388672, "step": null, "ts": 1665614321.5556898}]}, "version": 235}
{"obj": {"type": "LogFloats", "path": ["monitoring", "gpu_memory_0"], "values": [{"value": 2.30767822265625, "step": null, "ts": 1665614321.5556898}]}, "version": 236}
{"obj": {"type": "LogFloats", "path": ["monitoring", "gpu_memory_1"], "values": [{"value": 0.234130859375, "step": null, "ts": 1665614321.5556898}]}, "version": 237}
{"obj": {"type": "LogFloats", "path": ["monitoring", "cpu"], "values": [{"value": 8.3, "step": null, "ts": 1665614331.570425}]}, "version": 238}
{"obj": {"type": "LogFloats", "path": ["monitoring", "memory"], "values": [{"value": 8.110088348388672, "step": null, "ts": 1665614331.570425}]}, "version": 239}
{"obj": {"type": "LogFloats", "path": ["monitoring", "gpu_memory_0"], "values": [{"value": 2.30767822265625, "step": null, "ts": 1665614331.570425}]}, "version": 240}
{"obj": {"type": "LogFloats", "path": ["monitoring", "gpu_memory_1"], "values": [{"value": 0.234130859375, "step": null, "ts": 1665614331.570425}]}, "version": 241}
{"obj": {"type": "LogFloats", "path": ["monitoring", "cpu"], "values": [{"value": 8.3, "step": null, "ts": 1665614341.5850132}]}, "version": 242}
{"obj": {"type": "LogFloats", "path": ["monitoring", "memory"], "values": [{"value": 8.110076904296875, "step": null, "ts": 1665614341.5850132}]}, "version": 243}
{"obj": {"type": "LogFloats", "path": ["monitoring", "gpu_memory_0"], "values": [{"value": 2.30767822265625, "step": null, "ts": 1665614341.5850132}]}, "version": 244}
{"obj": {"type": "LogFloats", "path": ["monitoring", "gpu_memory_1"], "values": [{"value": 0.234130859375, "step": null, "ts": 1665614341.5850132}]}, "version": 245}
{"obj": {"type": "LogFloats", "path": ["monitoring", "cpu"], "values": [{"value": 8.3, "step": null, "ts": 1665614351.599626}]}, "version": 246}
{"obj": {"type": "LogFloats", "path": ["monitoring", "memory"], "values": [{"value": 8.110076904296875, "step": null, "ts": 1665614351.599626}]}, "version": 247}
{"obj": {"type": "LogFloats", "path": ["monitoring", "gpu_memory_0"], "values": [{"value": 2.30767822265625, "step": null, "ts": 1665614351.599626}]}, "version": 248}
{"obj": {"type": "LogFloats", "path": ["monitoring", "gpu_memory_1"], "values": [{"value": 0.234130859375, "step": null, "ts": 1665614351.599626}]}, "version": 249}
{"obj": {"type": "LogFloats", "path": ["monitoring", "cpu"], "values": [{"value": 8.3, "step": null, "ts": 1665614361.613611}]}, "version": 250}
{"obj": {"type": "LogFloats", "path": ["monitoring", "memory"], "values": [{"value": 8.110076904296875, "step": null, "ts": 1665614361.613611}]}, "version": 251}
{"obj": {"type": "LogFloats", "path": ["monitoring", "gpu_memory_0"], "values": [{"value": 2.30767822265625, "step": null, "ts": 1665614361.613611}]}, "version": 252}
{"obj": {"type": "LogFloats", "path": ["monitoring", "gpu_memory_1"], "values": [{"value": 0.234130859375, "step": null, "ts": 1665614361.613611}]}, "version": 253}
{"obj": {"type": "LogFloats", "path": ["monitoring", "cpu"], "values": [{"value": 8.3, "step": null, "ts": 1665614371.6276102}]}, "version": 254}
{"obj": {"type": "LogFloats", "path": ["monitoring", "memory"], "values": [{"value": 8.110076904296875, "step": null, "ts": 1665614371.6276102}]}, "version": 255}
{"obj": {"type": "LogFloats", "path": ["monitoring", "gpu_memory_0"], "values": [{"value": 2.30767822265625, "step": null, "ts": 1665614371.6276102}]}, "version": 256}
{"obj": {"type": "LogFloats", "path": ["monitoring", "gpu_memory_1"], "values": [{"value": 0.234130859375, "step": null, "ts": 1665614371.6276102}]}, "version": 257}
{"obj": {"type": "LogFloats", "path": ["monitoring", "cpu"], "values": [{"value": 8.3, "step": null, "ts": 1665614381.6415682}]}, "version": 258}
{"obj": {"type": "LogFloats", "path": ["monitoring", "memory"], "values": [{"value": 8.110054016113281, "step": null, "ts": 1665614381.6415682}]}, "version": 259}
{"obj": {"type": "LogFloats", "path": ["monitoring", "gpu_memory_0"], "values": [{"value": 2.30767822265625, "step": null, "ts": 1665614381.6415682}]}, "version": 260}
{"obj": {"type": "LogFloats", "path": ["monitoring", "gpu_memory_1"], "values": [{"value": 0.234130859375, "step": null, "ts": 1665614381.6415682}]}, "version": 261}
{"obj": {"type": "LogFloats", "path": ["monitoring", "cpu"], "values": [{"value": 8.3, "step": null, "ts": 1665614391.6512022}]}, "version": 262}
{"obj": {"type": "LogFloats", "path": ["monitoring", "memory"], "values": [{"value": 8.110042572021484, "step": null, "ts": 1665614391.6512022}]}, "version": 263}
{"obj": {"type": "LogFloats", "path": ["monitoring", "gpu_memory_0"], "values": [{"value": 2.30767822265625, "step": null, "ts": 1665614391.6512022}]}, "version": 264}
{"obj": {"type": "LogFloats", "path": ["monitoring", "gpu_memory_1"], "values": [{"value": 0.234130859375, "step": null, "ts": 1665614391.6512022}]}, "version": 265}
{"obj": {"type": "LogFloats", "path": ["monitoring", "cpu"], "values": [{"value": 8.3, "step": null, "ts": 1665614401.6647468}]}, "version": 266}
{"obj": {"type": "LogFloats", "path": ["monitoring", "memory"], "values": [{"value": 8.110042572021484, "step": null, "ts": 1665614401.6647468}]}, "version": 267}
{"obj": {"type": "LogFloats", "path": ["monitoring", "gpu_memory_0"], "values": [{"value": 2.30767822265625, "step": null, "ts": 1665614401.6647468}]}, "version": 268}
{"obj": {"type": "LogFloats", "path": ["monitoring", "gpu_memory_1"], "values": [{"value": 0.234130859375, "step": null, "ts": 1665614401.6647468}]}, "version": 269}
{"obj": {"type": "LogFloats", "path": ["monitoring", "cpu"], "values": [{"value": 10.9, "step": null, "ts": 1665614411.6796222}]}, "version": 270}
{"obj": {"type": "LogFloats", "path": ["monitoring", "memory"], "values": [{"value": 8.11600112915039, "step": null, "ts": 1665614411.6796222}]}, "version": 271}
{"obj": {"type": "LogFloats", "path": ["monitoring", "gpu_memory_0"], "values": [{"value": 2.30767822265625, "step": null, "ts": 1665614411.6796222}]}, "version": 272}
{"obj": {"type": "LogFloats", "path": ["monitoring", "gpu_memory_1"], "values": [{"value": 0.234130859375, "step": null, "ts": 1665614411.6796222}]}, "version": 273}
{"obj": {"type": "LogFloats", "path": ["monitoring", "cpu"], "values": [{"value": 8.3, "step": null, "ts": 1665614421.6937177}]}, "version": 274}
{"obj": {"type": "LogFloats", "path": ["monitoring", "memory"], "values": [{"value": 8.115985870361328, "step": null, "ts": 1665614421.6937177}]}, "version": 275}
{"obj": {"type": "LogFloats", "path": ["monitoring", "gpu_memory_0"], "values": [{"value": 2.30767822265625, "step": null, "ts": 1665614421.6937177}]}, "version": 276}
{"obj": {"type": "LogFloats", "path": ["monitoring", "gpu_memory_1"], "values": [{"value": 0.234130859375, "step": null, "ts": 1665614421.6937177}]}, "version": 277}
{"obj": {"type": "LogFloats", "path": ["monitoring", "cpu"], "values": [{"value": 8.3, "step": null, "ts": 1665614431.7076063}]}, "version": 278}
{"obj": {"type": "LogFloats", "path": ["monitoring", "memory"], "values": [{"value": 8.115985870361328, "step": null, "ts": 1665614431.7076063}]}, "version": 279}
{"obj": {"type": "LogFloats", "path": ["monitoring", "gpu_memory_0"], "values": [{"value": 2.30767822265625, "step": null, "ts": 1665614431.7076063}]}, "version": 280}
{"obj": {"type": "LogFloats", "path": ["monitoring", "gpu_memory_1"], "values": [{"value": 0.234130859375, "step": null, "ts": 1665614431.7076063}]}, "version": 281}
{"obj": {"type": "LogFloats", "path": ["monitoring", "cpu"], "values": [{"value": 8.3, "step": null, "ts": 1665614441.721795}]}, "version": 282}
{"obj": {"type": "LogFloats", "path": ["monitoring", "memory"], "values": [{"value": 8.115978240966797, "step": null, "ts": 1665614441.721795}]}, "version": 283}
{"obj": {"type": "LogFloats", "path": ["monitoring", "gpu_memory_0"], "values": [{"value": 2.30767822265625, "step": null, "ts": 1665614441.721795}]}, "version": 284}
{"obj": {"type": "LogFloats", "path": ["monitoring", "gpu_memory_1"], "values": [{"value": 0.234130859375, "step": null, "ts": 1665614441.721795}]}, "version": 285}
{"obj": {"type": "LogFloats", "path": ["monitoring", "cpu"], "values": [{"value": 8.3, "step": null, "ts": 1665614451.737369}]}, "version": 286}
{"obj": {"type": "LogFloats", "path": ["monitoring", "memory"], "values": [{"value": 8.115978240966797, "step": null, "ts": 1665614451.737369}]}, "version": 287}
{"obj": {"type": "LogFloats", "path": ["monitoring", "gpu_memory_0"], "values": [{"value": 2.30767822265625, "step": null, "ts": 1665614451.737369}]}, "version": 288}
{"obj": {"type": "LogFloats", "path": ["monitoring", "gpu_memory_1"], "values": [{"value": 0.234130859375, "step": null, "ts": 1665614451.737369}]}, "version": 289}
{"obj": {"type": "LogFloats", "path": ["monitoring", "cpu"], "values": [{"value": 8.3, "step": null, "ts": 1665614461.751025}]}, "version": 290}
{"obj": {"type": "LogFloats", "path": ["monitoring", "memory"], "values": [{"value": 8.115966796875, "step": null, "ts": 1665614461.751025}]}, "version": 291}
{"obj": {"type": "LogFloats", "path": ["monitoring", "gpu_memory_0"], "values": [{"value": 2.30767822265625, "step": null, "ts": 1665614461.751025}]}, "version": 292}
{"obj": {"type": "LogFloats", "path": ["monitoring", "gpu_memory_1"], "values": [{"value": 0.234130859375, "step": null, "ts": 1665614461.751025}]}, "version": 293}
{"obj": {"type": "LogFloats", "path": ["monitoring", "cpu"], "values": [{"value": 8.3, "step": null, "ts": 1665614471.7628267}]}, "version": 294}
{"obj": {"type": "LogFloats", "path": ["monitoring", "memory"], "values": [{"value": 8.115966796875, "step": null, "ts": 1665614471.7628267}]}, "version": 295}
{"obj": {"type": "LogFloats", "path": ["monitoring", "gpu_memory_0"], "values": [{"value": 2.30767822265625, "step": null, "ts": 1665614471.7628267}]}, "version": 296}
{"obj": {"type": "LogFloats", "path": ["monitoring", "gpu_memory_1"], "values": [{"value": 0.234130859375, "step": null, "ts": 1665614471.7628267}]}, "version": 297}
{"obj": {"type": "LogFloats", "path": ["monitoring", "cpu"], "values": [{"value": 8.3, "step": null, "ts": 1665614481.7769487}]}, "version": 298}
{"obj": {"type": "LogFloats", "path": ["monitoring", "memory"], "values": [{"value": 8.116203308105469, "step": null, "ts": 1665614481.7769487}]}, "version": 299}
{"obj": {"type": "LogFloats", "path": ["monitoring", "gpu_memory_0"], "values": [{"value": 2.30767822265625, "step": null, "ts": 1665614481.7769487}]}, "version": 300}
{"obj": {"type": "LogFloats", "path": ["monitoring", "gpu_memory_1"], "values": [{"value": 0.234130859375, "step": null, "ts": 1665614481.7769487}]}, "version": 301}
{"obj": {"type": "LogFloats", "path": ["monitoring", "cpu"], "values": [{"value": 8.3, "step": null, "ts": 1665614491.7896876}]}, "version": 302}
{"obj": {"type": "LogFloats", "path": ["monitoring", "memory"], "values": [{"value": 8.116203308105469, "step": null, "ts": 1665614491.7896876}]}, "version": 303}
{"obj": {"type": "LogFloats", "path": ["monitoring", "gpu_memory_0"], "values": [{"value": 2.30767822265625, "step": null, "ts": 1665614491.7896876}]}, "version": 304}
{"obj": {"type": "LogFloats", "path": ["monitoring", "gpu_memory_1"], "values": [{"value": 0.234130859375, "step": null, "ts": 1665614491.7896876}]}, "version": 305}
{"obj": {"type": "LogFloats", "path": ["monitoring", "cpu"], "values": [{"value": 8.3, "step": null, "ts": 1665614501.8059494}]}, "version": 306}
{"obj": {"type": "LogFloats", "path": ["monitoring", "memory"], "values": [{"value": 8.115951538085938, "step": null, "ts": 1665614501.8059494}]}, "version": 307}
{"obj": {"type": "LogFloats", "path": ["monitoring", "gpu_memory_0"], "values": [{"value": 2.30767822265625, "step": null, "ts": 1665614501.8059494}]}, "version": 308}
{"obj": {"type": "LogFloats", "path": ["monitoring", "gpu_memory_1"], "values": [{"value": 0.234130859375, "step": null, "ts": 1665614501.8059494}]}, "version": 309}
{"obj": {"type": "LogFloats", "path": ["monitoring", "cpu"], "values": [{"value": 8.3, "step": null, "ts": 1665614511.8189845}]}, "version": 310}
{"obj": {"type": "LogFloats", "path": ["monitoring", "memory"], "values": [{"value": 8.115951538085938, "step": null, "ts": 1665614511.8189845}]}, "version": 311}
{"obj": {"type": "LogFloats", "path": ["monitoring", "gpu_memory_0"], "values": [{"value": 2.30767822265625, "step": null, "ts": 1665614511.8189845}]}, "version": 312}
{"obj": {"type": "LogFloats", "path": ["monitoring", "gpu_memory_1"], "values": [{"value": 0.234130859375, "step": null, "ts": 1665614511.8189845}]}, "version": 313}
{"obj": {"type": "LogFloats", "path": ["monitoring", "cpu"], "values": [{"value": 8.3, "step": null, "ts": 1665614521.8291209}]}, "version": 314}
{"obj": {"type": "LogFloats", "path": ["monitoring", "memory"], "values": [{"value": 8.11594009399414, "step": null, "ts": 1665614521.8291209}]}, "version": 315}
{"obj": {"type": "LogFloats", "path": ["monitoring", "gpu_memory_0"], "values": [{"value": 2.30767822265625, "step": null, "ts": 1665614521.8291209}]}, "version": 316}
{"obj": {"type": "LogFloats", "path": ["monitoring", "gpu_memory_1"], "values": [{"value": 0.234130859375, "step": null, "ts": 1665614521.8291209}]}, "version": 317}
{"obj": {"type": "LogFloats", "path": ["monitoring", "cpu"], "values": [{"value": 8.3, "step": null, "ts": 1665614531.841445}]}, "version": 318}
{"obj": {"type": "LogFloats", "path": ["monitoring", "memory"], "values": [{"value": 8.11593246459961, "step": null, "ts": 1665614531.841445}]}, "version": 319}
{"obj": {"type": "LogFloats", "path": ["monitoring", "gpu_memory_0"], "values": [{"value": 2.30767822265625, "step": null, "ts": 1665614531.841445}]}, "version": 320}
{"obj": {"type": "LogFloats", "path": ["monitoring", "gpu_memory_1"], "values": [{"value": 0.234130859375, "step": null, "ts": 1665614531.841445}]}, "version": 321}
{"obj": {"type": "LogFloats", "path": ["monitoring", "cpu"], "values": [{"value": 8.3, "step": null, "ts": 1665614541.8565097}]}, "version": 322}
{"obj": {"type": "LogFloats", "path": ["monitoring", "memory"], "values": [{"value": 8.116886138916016, "step": null, "ts": 1665614541.8565097}]}, "version": 323}
{"obj": {"type": "LogFloats", "path": ["monitoring", "gpu_memory_0"], "values": [{"value": 2.30767822265625, "step": null, "ts": 1665614541.8565097}]}, "version": 324}
{"obj": {"type": "LogFloats", "path": ["monitoring", "gpu_memory_1"], "values": [{"value": 0.234130859375, "step": null, "ts": 1665614541.8565097}]}, "version": 325}
{"obj": {"type": "LogFloats", "path": ["monitoring", "cpu"], "values": [{"value": 8.3, "step": null, "ts": 1665614551.8697233}]}, "version": 326}
{"obj": {"type": "LogFloats", "path": ["monitoring", "memory"], "values": [{"value": 8.116886138916016, "step": null, "ts": 1665614551.8697233}]}, "version": 327}
{"obj": {"type": "LogFloats", "path": ["monitoring", "gpu_memory_0"], "values": [{"value": 2.30767822265625, "step": null, "ts": 1665614551.8697233}]}, "version": 328}
{"obj": {"type": "LogFloats", "path": ["monitoring", "gpu_memory_1"], "values": [{"value": 0.234130859375, "step": null, "ts": 1665614551.8697233}]}, "version": 329}
{"obj": {"type": "LogFloats", "path": ["monitoring", "cpu"], "values": [{"value": 8.3, "step": null, "ts": 1665614561.8839371}]}, "version": 330}
{"obj": {"type": "LogFloats", "path": ["monitoring", "memory"], "values": [{"value": 8.117111206054688, "step": null, "ts": 1665614561.8839371}]}, "version": 331}
{"obj": {"type": "LogFloats", "path": ["monitoring", "gpu_memory_0"], "values": [{"value": 2.30767822265625, "step": null, "ts": 1665614561.8839371}]}, "version": 332}
{"obj": {"type": "LogFloats", "path": ["monitoring", "gpu_memory_1"], "values": [{"value": 0.234130859375, "step": null, "ts": 1665614561.8839371}]}, "version": 333}
{"obj": {"type": "LogFloats", "path": ["monitoring", "cpu"], "values": [{"value": 8.3, "step": null, "ts": 1665614571.8988497}]}, "version": 334}
{"obj": {"type": "LogFloats", "path": ["monitoring", "memory"], "values": [{"value": 8.117111206054688, "step": null, "ts": 1665614571.8988497}]}, "version": 335}
{"obj": {"type": "LogFloats", "path": ["monitoring", "gpu_memory_0"], "values": [{"value": 2.30767822265625, "step": null, "ts": 1665614571.8988497}]}, "version": 336}
{"obj": {"type": "LogFloats", "path": ["monitoring", "gpu_memory_1"], "values": [{"value": 0.234130859375, "step": null, "ts": 1665614571.8988497}]}, "version": 337}
{"obj": {"type": "LogFloats", "path": ["monitoring", "cpu"], "values": [{"value": 8.3, "step": null, "ts": 1665614581.9130576}]}, "version": 338}
{"obj": {"type": "LogFloats", "path": ["monitoring", "memory"], "values": [{"value": 8.117103576660156, "step": null, "ts": 1665614581.9130576}]}, "version": 339}
{"obj": {"type": "LogFloats", "path": ["monitoring", "gpu_memory_0"], "values": [{"value": 2.30767822265625, "step": null, "ts": 1665614581.9130576}]}, "version": 340}
{"obj": {"type": "LogFloats", "path": ["monitoring", "gpu_memory_1"], "values": [{"value": 0.234130859375, "step": null, "ts": 1665614581.9130576}]}, "version": 341}
{"obj": {"type": "LogFloats", "path": ["monitoring", "cpu"], "values": [{"value": 8.3, "step": null, "ts": 1665614591.9239705}]}, "version": 342}
{"obj": {"type": "LogFloats", "path": ["monitoring", "memory"], "values": [{"value": 8.11709976196289, "step": null, "ts": 1665614591.9239705}]}, "version": 343}
{"obj": {"type": "LogFloats", "path": ["monitoring", "gpu_memory_0"], "values": [{"value": 2.30767822265625, "step": null, "ts": 1665614591.9239705}]}, "version": 344}
{"obj": {"type": "LogFloats", "path": ["monitoring", "gpu_memory_1"], "values": [{"value": 0.234130859375, "step": null, "ts": 1665614591.9239705}]}, "version": 345}
{"obj": {"type": "LogFloats", "path": ["monitoring", "cpu"], "values": [{"value": 8.3, "step": null, "ts": 1665614601.9342067}]}, "version": 346}
{"obj": {"type": "LogFloats", "path": ["monitoring", "memory"], "values": [{"value": 8.11709976196289, "step": null, "ts": 1665614601.9342067}]}, "version": 347}
{"obj": {"type": "LogFloats", "path": ["monitoring", "gpu_memory_0"], "values": [{"value": 2.30767822265625, "step": null, "ts": 1665614601.9342067}]}, "version": 348}
{"obj": {"type": "LogFloats", "path": ["monitoring", "gpu_memory_1"], "values": [{"value": 0.234130859375, "step": null, "ts": 1665614601.9342067}]}, "version": 349}
{"obj": {"type": "LogFloats", "path": ["monitoring", "cpu"], "values": [{"value": 8.3, "step": null, "ts": 1665614611.9484205}]}, "version": 350}
{"obj": {"type": "LogFloats", "path": ["monitoring", "memory"], "values": [{"value": 8.11709976196289, "step": null, "ts": 1665614611.9484205}]}, "version": 351}
{"obj": {"type": "LogFloats", "path": ["monitoring", "gpu_memory_0"], "values": [{"value": 2.30767822265625, "step": null, "ts": 1665614611.9484205}]}, "version": 352}
{"obj": {"type": "LogFloats", "path": ["monitoring", "gpu_memory_1"], "values": [{"value": 0.234130859375, "step": null, "ts": 1665614611.9484205}]}, "version": 353}
{"obj": {"type": "LogFloats", "path": ["monitoring", "cpu"], "values": [{"value": 8.3, "step": null, "ts": 1665614621.961349}]}, "version": 354}
{"obj": {"type": "LogFloats", "path": ["monitoring", "memory"], "values": [{"value": 8.11709213256836, "step": null, "ts": 1665614621.961349}]}, "version": 355}
{"obj": {"type": "LogFloats", "path": ["monitoring", "gpu_memory_0"], "values": [{"value": 2.30767822265625, "step": null, "ts": 1665614621.961349}]}, "version": 356}
{"obj": {"type": "LogFloats", "path": ["monitoring", "gpu_memory_1"], "values": [{"value": 0.234130859375, "step": null, "ts": 1665614621.961349}]}, "version": 357}
{"obj": {"type": "LogFloats", "path": ["monitoring", "cpu"], "values": [{"value": 8.3, "step": null, "ts": 1665614631.9759183}]}, "version": 358}
{"obj": {"type": "LogFloats", "path": ["monitoring", "memory"], "values": [{"value": 8.11709213256836, "step": null, "ts": 1665614631.9759183}]}, "version": 359}
{"obj": {"type": "LogFloats", "path": ["monitoring", "gpu_memory_0"], "values": [{"value": 2.30767822265625, "step": null, "ts": 1665614631.9759183}]}, "version": 360}
{"obj": {"type": "LogFloats", "path": ["monitoring", "gpu_memory_1"], "values": [{"value": 0.234130859375, "step": null, "ts": 1665614631.9759183}]}, "version": 361}
{"obj": {"type": "LogFloats", "path": ["monitoring", "cpu"], "values": [{"value": 8.3, "step": null, "ts": 1665614641.9914706}]}, "version": 362}
{"obj": {"type": "LogFloats", "path": ["monitoring", "memory"], "values": [{"value": 8.117084503173828, "step": null, "ts": 1665614641.9914706}]}, "version": 363}
{"obj": {"type": "LogFloats", "path": ["monitoring", "gpu_memory_0"], "values": [{"value": 2.30767822265625, "step": null, "ts": 1665614641.9914706}]}, "version": 364}
{"obj": {"type": "LogFloats", "path": ["monitoring", "gpu_memory_1"], "values": [{"value": 0.234130859375, "step": null, "ts": 1665614641.9914706}]}, "version": 365}
{"obj": {"type": "LogFloats", "path": ["monitoring", "cpu"], "values": [{"value": 8.4, "step": null, "ts": 1665614652.0054781}]}, "version": 366}
{"obj": {"type": "LogFloats", "path": ["monitoring", "memory"], "values": [{"value": 8.117073059082031, "step": null, "ts": 1665614652.0054781}]}, "version": 367}
{"obj": {"type": "LogFloats", "path": ["monitoring", "gpu_memory_0"], "values": [{"value": 2.30767822265625, "step": null, "ts": 1665614652.0054781}]}, "version": 368}
{"obj": {"type": "LogFloats", "path": ["monitoring", "gpu_memory_1"], "values": [{"value": 0.234130859375, "step": null, "ts": 1665614652.0054781}]}, "version": 369}
{"obj": {"type": "LogFloats", "path": ["monitoring", "cpu"], "values": [{"value": 8.3, "step": null, "ts": 1665614662.0204525}]}, "version": 370}
{"obj": {"type": "LogFloats", "path": ["monitoring", "memory"], "values": [{"value": 8.117073059082031, "step": null, "ts": 1665614662.0204525}]}, "version": 371}
{"obj": {"type": "LogFloats", "path": ["monitoring", "gpu_memory_0"], "values": [{"value": 2.30767822265625, "step": null, "ts": 1665614662.0204525}]}, "version": 372}
{"obj": {"type": "LogFloats", "path": ["monitoring", "gpu_memory_1"], "values": [{"value": 0.234130859375, "step": null, "ts": 1665614662.0204525}]}, "version": 373}
{"obj": {"type": "LogFloats", "path": ["monitoring", "cpu"], "values": [{"value": 8.3, "step": null, "ts": 1665614672.0364778}]}, "version": 374}
{"obj": {"type": "LogFloats", "path": ["monitoring", "memory"], "values": [{"value": 8.117073059082031, "step": null, "ts": 1665614672.0364778}]}, "version": 375}
{"obj": {"type": "LogFloats", "path": ["monitoring", "gpu_memory_0"], "values": [{"value": 2.30767822265625, "step": null, "ts": 1665614672.0364778}]}, "version": 376}
{"obj": {"type": "LogFloats", "path": ["monitoring", "gpu_memory_1"], "values": [{"value": 0.234130859375, "step": null, "ts": 1665614672.0364778}]}, "version": 377}
{"obj": {"type": "LogFloats", "path": ["monitoring", "cpu"], "values": [{"value": 8.3, "step": null, "ts": 1665614682.0500016}]}, "version": 378}
{"obj": {"type": "LogFloats", "path": ["monitoring", "memory"], "values": [{"value": 8.117073059082031, "step": null, "ts": 1665614682.0500016}]}, "version": 379}
{"obj": {"type": "LogFloats", "path": ["monitoring", "gpu_memory_0"], "values": [{"value": 2.30767822265625, "step": null, "ts": 1665614682.0500016}]}, "version": 380}
{"obj": {"type": "LogFloats", "path": ["monitoring", "gpu_memory_1"], "values": [{"value": 0.234130859375, "step": null, "ts": 1665614682.0500016}]}, "version": 381}
{"obj": {"type": "LogFloats", "path": ["monitoring", "cpu"], "values": [{"value": 8.3, "step": null, "ts": 1665614692.0659523}]}, "version": 382}
{"obj": {"type": "LogFloats", "path": ["monitoring", "memory"], "values": [{"value": 8.117057800292969, "step": null, "ts": 1665614692.0659523}]}, "version": 383}
{"obj": {"type": "LogFloats", "path": ["monitoring", "gpu_memory_0"], "values": [{"value": 2.30767822265625, "step": null, "ts": 1665614692.0659523}]}, "version": 384}
{"obj": {"type": "LogFloats", "path": ["monitoring", "gpu_memory_1"], "values": [{"value": 0.234130859375, "step": null, "ts": 1665614692.0659523}]}, "version": 385}
{"obj": {"type": "LogFloats", "path": ["monitoring", "cpu"], "values": [{"value": 8.5, "step": null, "ts": 1665614702.0812798}]}, "version": 386}
{"obj": {"type": "LogFloats", "path": ["monitoring", "memory"], "values": [{"value": 8.118793487548828, "step": null, "ts": 1665614702.0812798}]}, "version": 387}
{"obj": {"type": "LogFloats", "path": ["monitoring", "gpu_memory_0"], "values": [{"value": 2.30767822265625, "step": null, "ts": 1665614702.0812798}]}, "version": 388}
{"obj": {"type": "LogFloats", "path": ["monitoring", "gpu_memory_1"], "values": [{"value": 0.234130859375, "step": null, "ts": 1665614702.0812798}]}, "version": 389}
{"obj": {"type": "LogFloats", "path": ["monitoring", "cpu"], "values": [{"value": 10.5, "step": null, "ts": 1665614712.0932333}]}, "version": 390}
{"obj": {"type": "LogFloats", "path": ["monitoring", "memory"], "values": [{"value": 8.114604949951172, "step": null, "ts": 1665614712.0932333}]}, "version": 391}
{"obj": {"type": "LogFloats", "path": ["monitoring", "gpu_memory_0"], "values": [{"value": 2.30767822265625, "step": null, "ts": 1665614712.0932333}]}, "version": 392}
{"obj": {"type": "LogFloats", "path": ["monitoring", "gpu_memory_1"], "values": [{"value": 0.234130859375, "step": null, "ts": 1665614712.0932333}]}, "version": 393}
{"obj": {"type": "LogFloats", "path": ["monitoring", "cpu"], "values": [{"value": 8.3, "step": null, "ts": 1665614722.1087344}]}, "version": 394}
{"obj": {"type": "LogFloats", "path": ["monitoring", "memory"], "values": [{"value": 8.114570617675781, "step": null, "ts": 1665614722.1087344}]}, "version": 395}
{"obj": {"type": "LogFloats", "path": ["monitoring", "gpu_memory_0"], "values": [{"value": 2.30767822265625, "step": null, "ts": 1665614722.1087344}]}, "version": 396}
{"obj": {"type": "LogFloats", "path": ["monitoring", "gpu_memory_1"], "values": [{"value": 0.234130859375, "step": null, "ts": 1665614722.1087344}]}, "version": 397}
{"obj": {"type": "LogFloats", "path": ["monitoring", "cpu"], "values": [{"value": 8.3, "step": null, "ts": 1665614732.1235194}]}, "version": 398}
{"obj": {"type": "LogFloats", "path": ["monitoring", "memory"], "values": [{"value": 8.114570617675781, "step": null, "ts": 1665614732.1235194}]}, "version": 399}
{"obj": {"type": "LogFloats", "path": ["monitoring", "gpu_memory_0"], "values": [{"value": 2.30767822265625, "step": null, "ts": 1665614732.1235194}]}, "version": 400}
{"obj": {"type": "LogFloats", "path": ["monitoring", "gpu_memory_1"], "values": [{"value": 0.234130859375, "step": null, "ts": 1665614732.1235194}]}, "version": 401}
{"obj": {"type": "LogFloats", "path": ["monitoring", "cpu"], "values": [{"value": 8.3, "step": null, "ts": 1665614742.137655}]}, "version": 402}
{"obj": {"type": "LogFloats", "path": ["monitoring", "memory"], "values": [{"value": 8.11456298828125, "step": null, "ts": 1665614742.137655}]}, "version": 403}
{"obj": {"type": "LogFloats", "path": ["monitoring", "gpu_memory_0"], "values": [{"value": 2.30767822265625, "step": null, "ts": 1665614742.137655}]}, "version": 404}
{"obj": {"type": "LogFloats", "path": ["monitoring", "gpu_memory_1"], "values": [{"value": 0.234130859375, "step": null, "ts": 1665614742.137655}]}, "version": 405}
{"obj": {"type": "LogFloats", "path": ["monitoring", "cpu"], "values": [{"value": 8.3, "step": null, "ts": 1665614752.1542323}]}, "version": 406}
{"obj": {"type": "LogFloats", "path": ["monitoring", "memory"], "values": [{"value": 8.115043640136719, "step": null, "ts": 1665614752.1542323}]}, "version": 407}
{"obj": {"type": "LogFloats", "path": ["monitoring", "gpu_memory_0"], "values": [{"value": 2.30767822265625, "step": null, "ts": 1665614752.1542323}]}, "version": 408}
{"obj": {"type": "LogFloats", "path": ["monitoring", "gpu_memory_1"], "values": [{"value": 0.234130859375, "step": null, "ts": 1665614752.1542323}]}, "version": 409}
{"obj": {"type": "LogFloats", "path": ["monitoring", "cpu"], "values": [{"value": 8.3, "step": null, "ts": 1665614762.1691058}]}, "version": 410}
{"obj": {"type": "LogFloats", "path": ["monitoring", "memory"], "values": [{"value": 8.115276336669922, "step": null, "ts": 1665614762.1691058}]}, "version": 411}
{"obj": {"type": "LogFloats", "path": ["monitoring", "gpu_memory_0"], "values": [{"value": 2.30767822265625, "step": null, "ts": 1665614762.1691058}]}, "version": 412}
{"obj": {"type": "LogFloats", "path": ["monitoring", "gpu_memory_1"], "values": [{"value": 0.234130859375, "step": null, "ts": 1665614762.1691058}]}, "version": 413}
{"obj": {"type": "LogFloats", "path": ["monitoring", "cpu"], "values": [{"value": 8.3, "step": null, "ts": 1665614772.1827838}]}, "version": 414}
{"obj": {"type": "LogFloats", "path": ["monitoring", "memory"], "values": [{"value": 8.115276336669922, "step": null, "ts": 1665614772.1827838}]}, "version": 415}
{"obj": {"type": "LogFloats", "path": ["monitoring", "gpu_memory_0"], "values": [{"value": 2.30767822265625, "step": null, "ts": 1665614772.1827838}]}, "version": 416}
{"obj": {"type": "LogFloats", "path": ["monitoring", "gpu_memory_1"], "values": [{"value": 0.234130859375, "step": null, "ts": 1665614772.1827838}]}, "version": 417}
{"obj": {"type": "LogFloats", "path": ["monitoring", "cpu"], "values": [{"value": 8.3, "step": null, "ts": 1665614782.1963754}]}, "version": 418}
{"obj": {"type": "LogFloats", "path": ["monitoring", "memory"], "values": [{"value": 8.115264892578125, "step": null, "ts": 1665614782.1963754}]}, "version": 419}
{"obj": {"type": "LogFloats", "path": ["monitoring", "gpu_memory_0"], "values": [{"value": 2.30767822265625, "step": null, "ts": 1665614782.1963754}]}, "version": 420}
{"obj": {"type": "LogFloats", "path": ["monitoring", "gpu_memory_1"], "values": [{"value": 0.234130859375, "step": null, "ts": 1665614782.1963754}]}, "version": 421}
{"obj": {"type": "LogFloats", "path": ["monitoring", "cpu"], "values": [{"value": 8.3, "step": null, "ts": 1665614792.2086635}]}, "version": 422}
{"obj": {"type": "LogFloats", "path": ["monitoring", "memory"], "values": [{"value": 8.115264892578125, "step": null, "ts": 1665614792.2086635}]}, "version": 423}
{"obj": {"type": "LogFloats", "path": ["monitoring", "gpu_memory_0"], "values": [{"value": 2.30767822265625, "step": null, "ts": 1665614792.2086635}]}, "version": 424}
{"obj": {"type": "LogFloats", "path": ["monitoring", "gpu_memory_1"], "values": [{"value": 0.234130859375, "step": null, "ts": 1665614792.2086635}]}, "version": 425}
{"obj": {"type": "LogFloats", "path": ["monitoring", "cpu"], "values": [{"value": 8.3, "step": null, "ts": 1665614802.2214544}]}, "version": 426}
{"obj": {"type": "LogFloats", "path": ["monitoring", "memory"], "values": [{"value": 8.115264892578125, "step": null, "ts": 1665614802.2214544}]}, "version": 427}
{"obj": {"type": "LogFloats", "path": ["monitoring", "gpu_memory_0"], "values": [{"value": 2.30767822265625, "step": null, "ts": 1665614802.2214544}]}, "version": 428}
{"obj": {"type": "LogFloats", "path": ["monitoring", "gpu_memory_1"], "values": [{"value": 0.234130859375, "step": null, "ts": 1665614802.2214544}]}, "version": 429}
{"obj": {"type": "LogFloats", "path": ["monitoring", "cpu"], "values": [{"value": 8.3, "step": null, "ts": 1665614812.2339177}]}, "version": 430}
{"obj": {"type": "LogFloats", "path": ["monitoring", "memory"], "values": [{"value": 8.115264892578125, "step": null, "ts": 1665614812.2339177}]}, "version": 431}
{"obj": {"type": "LogFloats", "path": ["monitoring", "gpu_memory_0"], "values": [{"value": 2.30767822265625, "step": null, "ts": 1665614812.2339177}]}, "version": 432}
{"obj": {"type": "LogFloats", "path": ["monitoring", "gpu_memory_1"], "values": [{"value": 0.234130859375, "step": null, "ts": 1665614812.2339177}]}, "version": 433}
{"obj": {"type": "LogFloats", "path": ["monitoring", "cpu"], "values": [{"value": 8.3, "step": null, "ts": 1665614822.2471485}]}, "version": 434}
{"obj": {"type": "LogFloats", "path": ["monitoring", "memory"], "values": [{"value": 8.115264892578125, "step": null, "ts": 1665614822.2471485}]}, "version": 435}
{"obj": {"type": "LogFloats", "path": ["monitoring", "gpu_memory_0"], "values": [{"value": 2.30767822265625, "step": null, "ts": 1665614822.2471485}]}, "version": 436}
{"obj": {"type": "LogFloats", "path": ["monitoring", "gpu_memory_1"], "values": [{"value": 0.234130859375, "step": null, "ts": 1665614822.2471485}]}, "version": 437}
{"obj": {"type": "LogFloats", "path": ["monitoring", "cpu"], "values": [{"value": 8.3, "step": null, "ts": 1665614832.2605731}]}, "version": 438}
{"obj": {"type": "LogFloats", "path": ["monitoring", "memory"], "values": [{"value": 8.115257263183594, "step": null, "ts": 1665614832.2605731}]}, "version": 439}
{"obj": {"type": "LogFloats", "path": ["monitoring", "gpu_memory_0"], "values": [{"value": 2.30767822265625, "step": null, "ts": 1665614832.2605731}]}, "version": 440}
{"obj": {"type": "LogFloats", "path": ["monitoring", "gpu_memory_1"], "values": [{"value": 0.234130859375, "step": null, "ts": 1665614832.2605731}]}, "version": 441}
{"obj": {"type": "LogFloats", "path": ["monitoring", "cpu"], "values": [{"value": 8.3, "step": null, "ts": 1665614842.2759202}]}, "version": 442}
{"obj": {"type": "LogFloats", "path": ["monitoring", "memory"], "values": [{"value": 8.115253448486328, "step": null, "ts": 1665614842.2759202}]}, "version": 443}
{"obj": {"type": "LogFloats", "path": ["monitoring", "gpu_memory_0"], "values": [{"value": 2.30767822265625, "step": null, "ts": 1665614842.2759202}]}, "version": 444}
{"obj": {"type": "LogFloats", "path": ["monitoring", "gpu_memory_1"], "values": [{"value": 0.234130859375, "step": null, "ts": 1665614842.2759202}]}, "version": 445}
{"obj": {"type": "LogFloats", "path": ["monitoring", "cpu"], "values": [{"value": 8.4, "step": null, "ts": 1665614852.2904584}]}, "version": 446}
{"obj": {"type": "LogFloats", "path": ["monitoring", "memory"], "values": [{"value": 8.115253448486328, "step": null, "ts": 1665614852.2904584}]}, "version": 447}
{"obj": {"type": "LogFloats", "path": ["monitoring", "gpu_memory_0"], "values": [{"value": 2.30767822265625, "step": null, "ts": 1665614852.2904584}]}, "version": 448}
{"obj": {"type": "LogFloats", "path": ["monitoring", "gpu_memory_1"], "values": [{"value": 0.234130859375, "step": null, "ts": 1665614852.2904584}]}, "version": 449}
{"obj": {"type": "LogFloats", "path": ["monitoring", "cpu"], "values": [{"value": 8.9, "step": null, "ts": 1665614862.3057156}]}, "version": 450}
{"obj": {"type": "LogFloats", "path": ["monitoring", "memory"], "values": [{"value": 8.114875793457031, "step": null, "ts": 1665614862.3057156}]}, "version": 451}
{"obj": {"type": "LogFloats", "path": ["monitoring", "gpu_memory_0"], "values": [{"value": 2.30767822265625, "step": null, "ts": 1665614862.3057156}]}, "version": 452}
{"obj": {"type": "LogFloats", "path": ["monitoring", "gpu_memory_1"], "values": [{"value": 0.234130859375, "step": null, "ts": 1665614862.3057156}]}, "version": 453}
{"obj": {"type": "LogStrings", "path": ["monitoring", "stdout"], "values": [{"value": "Shutting down background jobs, please wait a moment...\n", "step": null, "ts": 1665614862.6576116}]}, "version": 454}
